[02:40:29] 🚀 SCRIPT STARTED
[02:40:29] [1/459] MBDC
[02:40:29] 🧠 New identity created
[02:40:30] [2/459] CHKM
[02:40:31] [3/459] JTKZ
[02:40:31] [4/459] CMCT
[02:40:32] [5/459] ASHO
[02:40:33] [6/459] ECDG
[02:40:34] [7/459] SPAT
[02:40:35] [8/459] HILC
[02:40:35] [9/459] SPPH
[02:40:36] [10/459] SBHN
[02:40:37] [11/459] RRCA
[02:40:39] [12/459] APAA
[02:40:39] [13/459] RAME
[02:40:40] [14/459] TMMS
[02:40:41] [15/459] BATK
[02:40:42] [16/459] LKOP
[02:40:43] [17/459] AMTT
[02:40:44] [18/459] PTGK
[02:40:44] [19/459] ANRS
[02:40:45] [20/459] VWBW
[02:40:46] [21/459] SVFG
[02:40:47] [22/459] STAT
[02:40:48] [23/459] GDCV
[02:40:48] [24/459] VEBI
[02:40:50] [25/459] VDSS
[02:40:51] [26/459] NTHV
[02:40:52] [27/459] AOCH
[02:40:52] [28/459] KASR
[02:40:53] [29/459] AYCS
[02:40:54] [30/459] SHAI
[02:40:55] [31/459] SKPE
[02:40:56] [32/459] SBTA
[02:40:57] [33/459] RTTD
[02:40:58] [34/459] CCJD
[02:40:59] [35/459] RSJJ
[02:40:59] [36/459] RKND
[02:41:00] [37/459] SVTX
[02:41:01] [38/459] BAKM
[02:41:01] [39/459] SVDC
[02:41:02] [40/459] MNCV
[02:41:03] [41/459] SJGC
[02:41:04] [42/459] MTPK
[02:41:05] [43/459] GATP
[02:41:06] [44/459] ABTS
[02:41:07] [45/459] ABDE
[02:41:08] [46/459] RCNM
[02:41:09] [47/459] KTHV
[02:41:09] [48/459] MDGJ
[02:41:10] [49/459] SMLM
[02:41:11] [50/459] JTMA
[02:41:13] [51/459] ACKP
[02:41:13] [52/459] SRTA
[02:41:14] [53/459] STAY
[02:41:15] [54/459] MAVO
[02:41:16] [55/459] APTS
[02:41:17] [56/459] OMEA
[02:41:18] [57/459] TTFD
[02:41:19] [58/459] MJCU
[02:41:19] [59/459] CXTE
[02:41:20] [60/459] CTPX
[02:41:21] [61/459] ASSL
[02:41:22] [62/459] CMVB
[02:41:23] [63/459] VPUR
[02:41:24] [64/459] JJDA
[02:41:24] [65/459] INBL
[02:41:26] [66/459] BIKB
[02:41:27] [67/459] NTBB
[02:41:28] [68/459] GLOB
[02:41:29] [69/459] SNTB
[02:41:30] [70/459] CHGV
[02:41:30] [71/459] SSBZ
[02:41:32] [72/459] PRDB
[02:41:32] [73/459] ISMT
[02:41:33] [74/459] MCSD
[02:41:34] [75/459] JBTT
[02:41:35] [76/459] GEKR
[02:41:36] [77/459] PVUN
[02:41:37] [78/459] NRTB
[02:41:38] [79/459] PRAA
[02:41:39] [80/459] PCBL
[02:41:40] [81/459] PTCM
[02:41:41] [82/459] KHNN
[02:41:41] [83/459] OMJE
[02:41:42] [84/459] STGN
[02:41:43] [85/459] RPMS
[02:41:44] [86/459] NWAD
[02:41:45] [87/459] BLCK
[02:41:45] [88/459] SVAA
[02:41:46] [89/459] URVM
[02:41:47] [90/459] ANTM
[02:41:49] [91/459] VJYM
[02:41:50] [92/459] MAZZ
[02:41:51] [93/459] CSHM
[02:41:52] [94/459] WGMH
[02:41:53] [95/459] SALN
[02:41:54] [96/459] BRTP
[02:41:55] [97/459] SVTA
[02:41:56] [98/459] SBTP
[02:41:57] [99/459] VLSS
[02:41:58] [100/459] SRJA
[02:41:59] [101/459] ANCG
[02:42:00] [102/459] CGGC
[02:42:01] [103/459] CRJA
[02:42:02] [104/459] USCR
[02:42:03] [105/459] MMEF
[02:42:04] [106/459] JCRJ
[02:42:05] [107/459] ADCM
[02:42:05] [108/459] BMYK
[02:42:06] [109/459] KICS
[02:42:07] [110/459] MBBT
[02:42:08] [111/459] MACK
[02:42:08] [112/459] CLDR
[02:42:09] [113/459] JYCR
[02:42:10] [114/459] DCRP
[02:42:11] [115/459] RAHT
[02:42:12] [116/459] CSSM
[02:42:13] [117/459] ATPK
[02:42:13] [118/459] KLRT
[02:42:14] [119/459] SRDD
[02:42:15] [120/459] CKMC
[02:42:15] [121/459] KRVM
[02:42:17] [122/459] AKCP
[02:42:18] [123/459] CNCV
[02:42:19] [124/459] PACT
[02:42:19] [125/459] NATP
[02:42:20] [126/459] PCPK
[02:42:21] [127/459] SMHO
[02:42:22] [128/459] CWTK
[02:42:23] [129/459] RVKZ
[02:42:24] [130/459] ASPD
[02:42:25] [131/459] VTKZ
[02:42:26] [132/459] LCSO
[02:42:27] [133/459] PRDY
[02:42:28] [134/459] RCAP
[02:42:29] [135/459] RGAR
[02:42:29] [136/459] RCAC
[02:42:30] [137/459] PMOD
[02:42:31] [138/459] PVCN
[02:42:32] [139/459] SCRZ
[02:42:33] [140/459] PVPC
[02:42:33] [141/459] STID
[02:42:34] [142/459] NEDD
[02:42:35] [143/459] BNBA
[02:42:36] [144/459] NTCD
[02:42:37] [145/459] OCDE
[02:42:38] [146/459] CCDU
[02:42:39] [147/459] CRXH
[02:42:40] [148/459] VLVT
[02:42:41] [149/459] CICI
[02:42:43] [150/459] SUCB
[02:42:44] [151/459] TCBP
[02:42:45] [152/459] SCCY
[02:42:45] [153/459] LXCY
[02:42:46] [154/459] NCMD
[02:42:47] [155/459] PHCS
[02:42:48] [156/459] DUXR
[02:42:48] [157/459] VNKS
[02:42:49] [158/459] SEDP
[02:42:50] [159/459] SVEN
[02:42:51] [160/459] SRKM
[02:42:51] [161/459] JTLT
[02:42:52] [162/459] SVSS
[02:42:53] [163/459] AMDE
[02:42:54] [164/459] WVRN
[02:42:55] [165/459] ISMG
[02:42:56] [166/459] WVKS
[02:42:57] [167/459] USCG
[02:42:58] [168/459] IOTG
[02:42:59] [169/459] RRJM
[02:43:00] [170/459] EDMP
[02:43:01] [171/459] SCGZ
[02:43:01] [172/459] GMGX
[02:43:02] [173/459] OMTP
[02:43:04] [174/459] MITD
[02:43:04] [175/459] SMMD
[02:43:05] [176/459] STML
[02:43:06] [177/459] MCFS
[02:43:06] [178/459] FPKA
[02:43:08] [179/459] OMLR
[02:43:09] [180/459] KKSC
[02:43:10] [181/459] RVMA
[02:43:10] [182/459] SCLL
[02:43:11] [183/459] SCDK
[02:43:12] [184/459] SXMI
[02:43:13] [185/459] SHDN
[02:43:14] [186/459] PAAD
[02:43:15] [187/459] UUCB
[02:43:16] [188/459] JHOL
[02:43:17] [189/459] SGWT
[02:43:17] [190/459] SRII
[02:43:18] [191/459] SGCK
[02:43:19] [192/459] SVVB
[02:43:20] [193/459] DMHA
[02:43:21] [194/459] PPNL
[02:43:22] [195/459] CPNL
[02:43:23] [196/459] WVLD
[02:43:24] [197/459] PSLV
[02:43:25] [198/459] VTTL
[02:43:26] [199/459] NPAD
[02:43:27] [200/459] PVCS
[02:43:28] [201/459] MCHL
[02:43:29] [202/459] PPLL
[02:43:29] [203/459] MALO
[02:43:30] [204/459] SWBH
[02:43:31] [205/459] PUGB
[02:43:32] [206/459] INBB
[02:43:33] [207/459] INNS
[02:43:34] [208/459] MCPT
[02:43:35] [209/459] SCMI
[02:43:36] [210/459] OCON
[02:43:37] [211/459] SCSM
[02:43:37] [212/459] RJVN
[02:43:38] [213/459] AMDK
[02:43:39] [214/459] ISMR
[02:43:40] [215/459] SMTD
[02:43:41] [216/459] VTDD
[02:43:41] [217/459] PDDZ
[02:43:42] [218/459] PCCK
[02:43:43] [219/459] INAM
[02:43:45] [220/459] FNKT
[02:43:45] [221/459] GDKA
[02:43:47] [222/459] MAYU
[02:43:48] [223/459] TCGU
[02:43:49] [224/459] KDCA
[02:43:49] [225/459] DOMY
[02:43:50] [226/459] PDDD
[02:43:51] [227/459] BJTS
[02:43:51] [228/459] VTCA
[02:43:52] [229/459] SBTM
[02:43:53] [230/459] SEET
[02:43:54] [231/459] SSTJ
[02:43:55] [232/459] SVNT
[02:43:55] [233/459] PPPR
[02:43:56] [234/459] PVYS
[02:43:57] [235/459] IOSE
[02:43:58] [236/459] ACTV
[02:43:59] [237/459] APVE
[02:44:00] [238/459] TCCL
[02:44:02] [239/459] SCMO
[02:44:02] [240/459] SAUM
[02:44:03] [241/459] KCJS
[02:44:04] [242/459] NJCJ
[02:44:05] [243/459] NECF
[02:44:06] [244/459] CCGW
[02:44:07] [245/459] CCMG
[02:44:08] [246/459] NYRG
[02:44:08] [247/459] NCSQ
[02:44:09] [248/459] GRCG
[02:44:10] [249/459] CCBT
[02:44:11] [250/459] ACGA
[02:44:12] [251/459] INAG
[02:44:13] [252/459] FUCG
[02:44:13] [253/459] AICF
[02:44:14] [254/459] GRGA
[02:44:15] [255/459] GDCN
[02:44:16] [256/459] RRCG
[02:44:16] [257/459] SDCH
[02:44:17] [258/459] WVJM
[02:44:18] [259/459] JCCZ
[02:44:19] [260/459] CNCL
[02:44:20] [261/459] TMLV
[02:44:21] [262/459] MEMB
[02:44:22] [263/459] SGTD
[02:44:22] [264/459] CONX
[02:44:23] [265/459] CCMH
[02:44:24] [266/459] ACMC
[02:44:25] [267/459] DTPD
[02:44:26] [268/459] POJA
[02:44:26] [269/459] FNBH
[02:44:27] [270/459] CGCB
[02:44:28] [271/459] RACN
[02:44:29] [272/459] JTSM
[02:44:29] [273/459] SCDN
[02:44:30] [274/459] AACK
[02:44:31] [275/459] RMCE
[02:44:32] [276/459] BSGB
[02:44:33] [277/459] MRCB
[02:44:34] [278/459] SRVR
[02:44:35] [279/459] VTKK
[02:44:36] [280/459] AMST
[02:44:36] [281/459] APCY
[02:44:37] [282/459] LMHO
[02:44:38] [283/459] MTZH
[02:44:40] [284/459] AMZB
[02:44:41] [285/459] SUVT
[02:44:42] [286/459] RCIP
[02:44:43] [287/459] KESR
[02:44:44] [288/459] SNKC
[02:44:45] [289/459] SCED
[02:44:45] [290/459] DVCA
[02:44:46] [291/459] VCDT
[02:44:47] [292/459] RRDI
[02:44:48] [293/459] DFCH
[02:44:48] [294/459] INSC
[02:44:50] [295/459] RGTR
[02:44:50] [296/459] FMOT
[02:44:51] [297/459] SCPM
[02:44:52] [298/459] GCDT
[02:44:53] [299/459] BRKT
[02:44:54] [300/459] DEMP
[02:44:55] [301/459] SRLC
[02:44:56] [302/459] KSTT
[02:44:57] [303/459] SMMT
[02:44:58] [304/459] SILM
[02:44:59] [305/459] JCVM
[02:45:01] [306/459] KCSV
[02:45:02] [307/459] MHLK
[02:45:03] [308/459] SLVL
[02:45:04] [309/459] RJKP
[02:45:05] [310/459] BBPC
[02:45:06] [311/459] MXCB
[02:45:06] [312/459] TCPK
[02:45:07] [313/459] RTBR
[02:45:08] [314/459] GAUT
[02:45:09] [315/459] DVCF
[02:45:10] [316/459] JTSB
[02:45:11] [317/459] SBLS
[02:45:12] [318/459] UDAY
[02:45:12] [319/459] PTNP
[02:45:13] [320/459] DMKT
[02:45:14] [321/459] NTDT
[02:45:14] [322/459] SHDJ
[02:45:15] [323/459] OTNC
[02:45:16] [324/459] RNTW
[02:45:17] [325/459] GCMI
[02:45:17] [326/459] CRCM
[02:45:18] [327/459] NNCZ
[02:45:19] [328/459] OEMO
[02:45:20] [329/459] PVJM
[02:45:21] [330/459] CPJI
[02:45:21] [331/459] RMCJ
[02:45:23] [332/459] CNWJ
[02:45:24] [333/459] EPJM
[02:45:25] [334/459] FNJJ
[02:45:26] [335/459] GCMJ
[02:45:27] [336/459] INPS
[02:45:27] [337/459] BICJ
[02:45:28] [338/459] ISTJ
[02:45:29] [339/459] INJC
[02:45:30] [340/459] GLXJ
[02:45:31] [341/459] INEM
[02:45:31] [342/459] JTMN
[02:45:32] [343/459] FRCJ
[02:45:33] [344/459] DDJP
[02:45:35] [345/459] INJV
[02:45:36] [346/459] GOLC
[02:45:37] [347/459] KOCI
[02:45:38] [348/459] FSTD
[02:45:39] [349/459] PACJ
[02:45:39] [350/459] GMCN
[02:45:40] [351/459] MMDJ
[02:45:41] [352/459] GODH
[02:45:42] [353/459] SKYN
[02:45:43] [354/459] NCTH
[02:45:44] [355/459] SKVZ
[02:45:45] [356/459] SVML
[02:45:46] [357/459] ACVZ
[02:45:46] [358/459] SURA
[02:45:47] [359/459] RTRB
[02:45:48] [360/459] LLCT
[02:45:49] [361/459] ATTS
[02:45:50] [362/459] JYCM
[02:45:51] [363/459] CTKR
[02:45:52] [364/459] LCKR
[02:45:53] [365/459] NYCV
[02:45:53] [366/459] NYOH
[02:45:54] [367/459] NOVX
[02:45:55] [368/459] MRGK
[02:45:56] [369/459] MOON
[02:45:57] [370/459] SBUC
[02:45:58] [371/459] GSVA
[02:45:59] [372/459] VIAK
[02:46:00] [373/459] SMVZ
[02:46:01] [374/459] MATE
[02:46:01] [375/459] RDCN
[02:46:02] [376/459] ASBL
[02:46:03] [377/459] ASVS
[02:46:05] [378/459] ASSR
[02:46:06] [379/459] SSKN
[02:46:06] [380/459] DRPV
[02:46:07] [381/459] MRHT
[02:46:08] [382/459] BSCN
[02:46:09] [383/459] RKNX
[02:46:10] [384/459] MSMC
[02:46:10] [385/459] MSCJ
[02:46:11] [386/459] BTBJ
[02:46:12] [387/459] MJCC
[02:46:13] [388/459] IOMM
[02:46:14] [389/459] ADGR
[02:46:15] [390/459] MYCP
[02:46:16] [391/459] IGCM
[02:46:16] [392/459] PGRK
[02:46:17] [393/459] VPGO
[02:46:18] [394/459] KOMS
[02:46:19] [395/459] URGG
[02:46:20] [396/459] GOST
[02:46:21] [397/459] LACT
[02:46:21] [398/459] BWCM
[02:46:22] [399/459] NCCW
[02:46:23] [400/459] SKYC
[02:46:24] [401/459] CCPM
[02:46:25] [402/459] VCBT
[02:46:26] [403/459] SDKR
[02:46:27] [404/459] CTYB
[02:46:28] [405/459] SHCX
[02:46:29] [406/459] RCUN
[02:46:29] [407/459] CNRA
[02:46:31] [408/459] RFCA
[02:46:32] [409/459] RDCU
[02:46:32] [410/459] SARK
[02:46:33] [411/459] SPPP
[02:46:34] [412/459] ADMB
[02:46:35] [413/459] JYOE
[02:46:35] [414/459] SRMD
[02:46:36] [415/459] RJDH
[02:46:37] [416/459] SSTD
[02:46:38] [417/459] AACV
[02:46:38] [418/459] PPVD
[02:46:39] [419/459] STCP
[02:46:41] [420/459] ANJR
[02:46:42] [421/459] ANLS
[02:46:43] [422/459] BIJO
[02:46:44] [423/459] AVAB
[02:46:45] [424/459] SPMD
[02:46:45] [425/459] SVJL
[02:46:46] [426/459] SDDJ
[02:46:47] [427/459] SLTU
[02:46:48] [428/459] SAKA
[02:46:49] [429/459] PMAM
[02:46:51] [430/459] FNAM
[02:46:51] [431/459] ACAM
[02:46:52] [432/459] SCMM
[02:46:53] [433/459] PMAK
[02:46:54] [434/459] NYSA
[02:46:55] [435/459] FCPA
[02:46:55] [436/459] GDAN
[02:46:56] [437/459] RSCA
[02:46:57] [438/459] DMAN
[02:46:58] [439/459] DZCM
[02:46:59] [440/459] NSGL
[02:47:00] [441/459] CCPP
[02:47:01] [442/459] PSMG
[02:47:01] [443/459] GSER
[02:47:02] [444/459] FCCT
[02:47:03] [445/459] FCTB
[02:47:04] [446/459] LCNK
[02:47:04] [447/459] SKTY
[02:47:05] [448/459] INAA
[02:47:06] [449/459] RCWN
[02:47:07] [450/459] VAIS
[02:47:08] [451/459] CVMN
[02:47:09] [452/459] INTS
[02:47:10] [453/459] FRGS
[02:47:11] [454/459] DTCK
[02:47:11] [455/459] MCMH
[02:47:12] [456/459] ECRR
[02:47:13] [457/459] RLLP
[02:47:14] [458/459] CCSN
[02:47:15] [459/459] CCBA
[02:47:16] 🧹 Deduping shows
[02:47:16] ✅ DONE | Shows=2707 | Movies=70
[04:40:56] 🚀 SCRIPT STARTED
[04:40:56] [1/459] MBDC
[04:40:56] 🧠 New identity created
[04:40:57] [2/459] CHKM
[04:40:58] [3/459] JTKZ
[04:40:58] [4/459] CMCT
[04:40:59] [5/459] ASHO
[04:41:00] [6/459] ECDG
[04:41:01] [7/459] SPAT
[04:41:02] [8/459] HILC
[04:41:03] [9/459] SPPH
[04:41:04] [10/459] SBHN
[04:41:05] [11/459] RRCA
[04:41:06] [12/459] APAA
[04:41:07] [13/459] RAME
[04:41:07] [14/459] TMMS
[04:41:08] [15/459] BATK
[04:41:09] [16/459] LKOP
[04:41:11] [17/459] AMTT
[04:41:12] [18/459] PTGK
[04:41:13] [19/459] ANRS
[04:41:13] [20/459] VWBW
[04:41:15] [21/459] SVFG
[04:41:16] [22/459] STAT
[04:41:17] [23/459] GDCV
[04:41:18] [24/459] VEBI
[04:41:19] [25/459] VDSS
[04:41:20] [26/459] NTHV
[04:41:21] [27/459] AOCH
[04:41:22] [28/459] KASR
[04:41:23] [29/459] AYCS
[04:41:24] [30/459] SHAI
[04:41:25] [31/459] SKPE
[04:41:26] [32/459] SBTA
[04:41:27] [33/459] RTTD
[04:41:27] [34/459] CCJD
[04:41:28] [35/459] RSJJ
[04:41:29] [36/459] RKND
[04:41:30] [37/459] SVTX
[04:41:31] [38/459] BAKM
[04:41:31] [39/459] SVDC
[04:41:32] [40/459] MNCV
[04:41:33] [41/459] SJGC
[04:41:34] [42/459] MTPK
[04:41:35] [43/459] GATP
[04:41:35] [44/459] ABTS
[04:41:37] [45/459] ABDE
[04:41:38] [46/459] RCNM
[04:41:39] [47/459] KTHV
[04:41:40] [48/459] MDGJ
[04:41:40] [49/459] SMLM
[04:41:41] [50/459] JTMA
[04:41:42] [51/459] ACKP
[04:41:43] [52/459] SRTA
[04:41:44] [53/459] STAY
[04:41:45] [54/459] MAVO
[04:41:46] [55/459] APTS
[04:41:46] [56/459] OMEA
[04:41:48] [57/459] TTFD
[04:41:49] [58/459] MJCU
[04:41:50] [59/459] CXTE
[04:41:50] [60/459] CTPX
[04:41:51] [61/459] ASSL
[04:41:52] [62/459] CMVB
[04:41:53] [63/459] VPUR
[04:41:53] [64/459] JJDA
[04:41:54] [65/459] INBL
[04:41:55] [66/459] BIKB
[04:41:56] [67/459] NTBB
[04:41:57] [68/459] GLOB
[04:41:58] [69/459] SNTB
[04:41:59] [70/459] CHGV
[04:42:00] [71/459] SSBZ
[04:42:01] [72/459] PRDB
[04:42:01] [73/459] ISMT
[04:42:02] [74/459] MCSD
[04:42:03] [75/459] JBTT
[04:42:04] [76/459] GEKR
[04:42:05] [77/459] PVUN
[04:42:05] [78/459] NRTB
[04:42:06] [79/459] PRAA
[04:42:07] [80/459] PCBL
[04:42:08] [81/459] PTCM
[04:42:09] [82/459] KHNN
[04:42:10] [83/459] OMJE
[04:42:11] [84/459] STGN
[04:42:12] [85/459] RPMS
[04:42:13] [86/459] NWAD
[04:42:14] [87/459] BLCK
[04:42:15] [88/459] SVAA
[04:42:16] [89/459] URVM
[04:42:16] [90/459] ANTM
[04:42:17] [91/459] VJYM
[04:42:18] [92/459] MAZZ
[04:42:19] [93/459] CSHM
[04:42:20] [94/459] WGMH
[04:42:21] [95/459] SALN
[04:42:22] [96/459] BRTP
[04:42:23] [97/459] SVTA
[04:42:24] [98/459] SBTP
[04:42:24] [99/459] VLSS
[04:42:26] [100/459] SRJA
[04:42:26] [101/459] ANCG
[04:42:27] [102/459] CGGC
[04:42:28] [103/459] CRJA
[04:42:29] [104/459] USCR
[04:42:30] [105/459] MMEF
[04:42:31] [106/459] JCRJ
[04:42:32] [107/459] ADCM
[04:42:32] [108/459] BMYK
[04:42:33] [109/459] KICS
[04:42:34] [110/459] MBBT
[04:42:35] [111/459] MACK
[04:42:35] [112/459] CLDR
[04:42:37] [113/459] JYCR
[04:42:38] [114/459] DCRP
[04:42:39] [115/459] RAHT
[04:42:39] [116/459] CSSM
[04:42:40] [117/459] ATPK
[04:42:41] [118/459] KLRT
[04:42:42] [119/459] SRDD
[04:42:44] [120/459] CKMC
[04:42:45] [121/459] KRVM
[04:42:46] [122/459] AKCP
[04:42:48] [123/459] CNCV
[04:42:48] [124/459] PACT
[04:42:49] [125/459] NATP
[04:42:50] [126/459] PCPK
[04:42:51] [127/459] SMHO
[04:42:52] [128/459] CWTK
[04:42:53] [129/459] RVKZ
[04:42:54] [130/459] ASPD
[04:42:54] [131/459] VTKZ
[04:42:55] [132/459] LCSO
[04:42:56] [133/459] PRDY
[04:42:57] [134/459] RCAP
[04:42:58] [135/459] RGAR
[04:42:59] [136/459] RCAC
[04:42:59] [137/459] PMOD
[04:43:00] [138/459] PVCN
[04:43:01] [139/459] SCRZ
[04:43:02] [140/459] PVPC
[04:43:03] [141/459] STID
[04:43:03] [142/459] NEDD
[04:43:04] [143/459] BNBA
[04:43:05] [144/459] NTCD
[04:43:06] [145/459] OCDE
[04:43:08] [146/459] CCDU
[04:43:08] [147/459] CRXH
[04:43:09] [148/459] VLVT
[04:43:10] [149/459] CICI
[04:43:10] [150/459] SUCB
[04:43:11] [151/459] TCBP
[04:43:12] [152/459] SCCY
[04:43:13] [153/459] LXCY
[04:43:14] [154/459] NCMD
[04:43:15] [155/459] PHCS
[04:43:16] [156/459] DUXR
[04:43:16] [157/459] VNKS
[04:43:17] [158/459] SEDP
[04:43:18] [159/459] SVEN
[04:43:19] [160/459] SRKM
[04:43:19] [161/459] JTLT
[04:43:20] [162/459] SVSS
[04:43:21] [163/459] AMDE
[04:43:22] [164/459] WVRN
[04:43:23] [165/459] ISMG
[04:43:24] [166/459] WVKS
[04:43:24] [167/459] USCG
[04:43:25] [168/459] IOTG
[04:43:26] [169/459] RRJM
[04:43:27] [170/459] EDMP
[04:43:28] [171/459] SCGZ
[04:43:28] [172/459] GMGX
[04:43:29] [173/459] OMTP
[04:43:30] [174/459] MITD
[04:43:31] [175/459] SMMD
[04:43:33] [176/459] STML
[04:43:33] [177/459] MCFS
[04:43:34] [178/459] FPKA
[04:43:35] [179/459] OMLR
[04:43:35] [180/459] KKSC
[04:43:36] [181/459] RVMA
[04:43:37] [182/459] SCLL
[04:43:38] [183/459] SCDK
[04:43:39] [184/459] SXMI
[04:43:39] [185/459] SHDN
[04:43:40] [186/459] PAAD
[04:43:41] [187/459] UUCB
[04:43:42] [188/459] JHOL
[04:43:43] [189/459] SGWT
[04:43:43] [190/459] SRII
[04:43:44] [191/459] SGCK
[04:43:45] [192/459] SVVB
[04:43:46] [193/459] DMHA
[04:43:47] [194/459] PPNL
[04:43:47] [195/459] CPNL
[04:43:48] [196/459] WVLD
[04:43:49] [197/459] PSLV
[04:43:50] [198/459] VTTL
[04:43:51] [199/459] NPAD
[04:43:52] [200/459] PVCS
[04:43:52] [201/459] MCHL
[04:43:53] [202/459] PPLL
[04:43:54] [203/459] MALO
[04:43:55] [204/459] SWBH
[04:43:56] [205/459] PUGB
[04:43:57] [206/459] INBB
[04:43:57] [207/459] INNS
[04:43:58] [208/459] MCPT
[04:43:59] [209/459] SCMI
[04:44:00] [210/459] OCON
[04:44:01] [211/459] SCSM
[04:44:02] [212/459] RJVN
[04:44:03] [213/459] AMDK
[04:44:03] [214/459] ISMR
[04:44:04] [215/459] SMTD
[04:44:05] [216/459] VTDD
[04:44:06] [217/459] PDDZ
[04:44:07] [218/459] PCCK
[04:44:08] [219/459] INAM
[04:44:09] [220/459] FNKT
[04:44:09] [221/459] GDKA
[04:44:11] [222/459] MAYU
[04:44:12] [223/459] TCGU
[04:44:12] [224/459] KDCA
[04:44:13] [225/459] DOMY
[04:44:14] [226/459] PDDD
[04:44:15] [227/459] BJTS
[04:44:16] [228/459] VTCA
[04:44:17] [229/459] SBTM
[04:44:18] [230/459] SEET
[04:44:19] [231/459] SSTJ
[04:44:20] [232/459] SVNT
[04:44:20] [233/459] PPPR
[04:44:21] [234/459] PVYS
[04:44:23] [235/459] IOSE
[04:44:24] [236/459] ACTV
[04:44:24] [237/459] APVE
[04:44:25] [238/459] TCCL
[04:44:26] [239/459] SCMO
[04:44:28] [240/459] SAUM
[04:44:29] [241/459] KCJS
[04:44:29] [242/459] NJCJ
[04:44:30] [243/459] NECF
[04:44:31] [244/459] CCGW
[04:44:32] [245/459] CCMG
[04:44:33] [246/459] NYRG
[04:44:34] [247/459] NCSQ
[04:44:35] [248/459] GRCG
[04:44:36] [249/459] CCBT
[04:44:37] [250/459] ACGA
[04:44:38] [251/459] INAG
[04:44:39] [252/459] FUCG
[04:44:40] [253/459] AICF
[04:44:40] [254/459] GRGA
[04:44:41] [255/459] GDCN
[04:44:42] [256/459] RRCG
[04:44:43] [257/459] SDCH
[04:44:44] [258/459] WVJM
[04:44:45] [259/459] JCCZ
[04:44:46] [260/459] CNCL
[04:44:47] [261/459] TMLV
[04:44:48] [262/459] MEMB
[04:44:48] [263/459] SGTD
[04:44:49] [264/459] CONX
[04:44:50] [265/459] CCMH
[04:44:51] [266/459] ACMC
[04:44:52] [267/459] DTPD
[04:44:53] [268/459] POJA
[04:44:54] [269/459] FNBH
[04:44:55] [270/459] CGCB
[04:44:56] [271/459] RACN
[04:44:56] [272/459] JTSM
[04:44:57] [273/459] SCDN
[04:44:58] [274/459] AACK
[04:44:59] [275/459] RMCE
[04:45:00] [276/459] BSGB
[04:45:01] [277/459] MRCB
[04:45:02] [278/459] SRVR
[04:45:03] [279/459] VTKK
[04:45:04] [280/459] AMST
[04:45:04] [281/459] APCY
[04:45:05] [282/459] LMHO
[04:45:06] [283/459] MTZH
[04:45:07] [284/459] AMZB
[04:45:08] [285/459] SUVT
[04:45:09] [286/459] RCIP
[04:45:10] [287/459] KESR
[04:45:10] [288/459] SNKC
[04:45:11] [289/459] SCED
[04:45:12] [290/459] DVCA
[04:45:13] [291/459] VCDT
[04:45:14] [292/459] RRDI
[04:45:15] [293/459] DFCH
[04:45:15] [294/459] INSC
[04:45:16] [295/459] RGTR
[04:45:17] [296/459] FMOT
[04:45:19] [297/459] SCPM
[04:45:19] [298/459] GCDT
[04:45:20] [299/459] BRKT
[04:45:21] [300/459] DEMP
[04:45:22] [301/459] SRLC
[04:45:23] [302/459] KSTT
[04:45:24] [303/459] SMMT
[04:45:24] [304/459] SILM
[04:45:25] [305/459] JCVM
[04:45:26] [306/459] KCSV
[04:45:27] [307/459] MHLK
[04:45:28] [308/459] SLVL
[04:45:28] [309/459] RJKP
[04:45:29] [310/459] BBPC
[04:45:30] [311/459] MXCB
[04:45:30] [312/459] TCPK
[04:45:31] [313/459] RTBR
[04:45:32] [314/459] GAUT
[04:45:33] [315/459] DVCF
[04:45:34] [316/459] JTSB
[04:45:35] [317/459] SBLS
[04:45:36] [318/459] UDAY
[04:45:37] [319/459] PTNP
[04:45:38] [320/459] DMKT
[04:45:39] [321/459] NTDT
[04:45:39] [322/459] SHDJ
[04:45:40] [323/459] OTNC
[04:45:41] [324/459] RNTW
[04:45:42] [325/459] GCMI
[04:45:43] [326/459] CRCM
[04:45:45] [327/459] NNCZ
[04:45:46] [328/459] OEMO
[04:45:46] [329/459] PVJM
[04:45:47] [330/459] CPJI
[04:45:48] [331/459] RMCJ
[04:45:49] [332/459] CNWJ
[04:45:50] [333/459] EPJM
[04:45:51] [334/459] FNJJ
[04:45:52] [335/459] GCMJ
[04:45:53] [336/459] INPS
[04:45:53] [337/459] BICJ
[04:45:54] [338/459] ISTJ
[04:45:55] [339/459] INJC
[04:45:56] [340/459] GLXJ
[04:45:58] [341/459] INEM
[04:45:58] [342/459] JTMN
[04:45:59] [343/459] FRCJ
[04:46:00] [344/459] DDJP
[04:46:01] [345/459] INJV
[04:46:02] [346/459] GOLC
[04:46:03] [347/459] KOCI
[04:46:04] [348/459] FSTD
[04:46:05] [349/459] PACJ
[04:46:06] [350/459] GMCN
[04:46:07] [351/459] MMDJ
[04:46:08] [352/459] GODH
[04:46:08] [353/459] SKYN
[04:46:09] [354/459] NCTH
[04:46:10] [355/459] SKVZ
[04:46:11] [356/459] SVML
[04:46:11] [357/459] ACVZ
[04:46:12] [358/459] SURA
[04:46:14] [359/459] RTRB
[04:46:15] [360/459] LLCT
[04:46:16] [361/459] ATTS
[04:46:17] [362/459] JYCM
[04:46:17] [363/459] CTKR
[04:46:19] [364/459] LCKR
[04:46:20] [365/459] NYCV
[04:46:21] [366/459] NYOH
[04:46:22] [367/459] NOVX
[04:46:23] [368/459] MRGK
[04:46:24] [369/459] MOON
[04:46:25] [370/459] SBUC
[04:46:25] [371/459] GSVA
[04:46:26] [372/459] VIAK
[04:46:27] [373/459] SMVZ
[04:46:28] [374/459] MATE
[04:46:28] [375/459] RDCN
[04:46:29] [376/459] ASBL
[04:46:30] [377/459] ASVS
[04:46:31] [378/459] ASSR
[04:46:32] [379/459] SSKN
[04:46:33] [380/459] DRPV
[04:46:34] [381/459] MRHT
[04:46:35] [382/459] BSCN
[04:46:37] [383/459] RKNX
[04:46:38] [384/459] MSMC
[04:46:38] [385/459] MSCJ
[04:46:39] [386/459] BTBJ
[04:46:40] [387/459] MJCC
[04:46:41] [388/459] IOMM
[04:46:42] [389/459] ADGR
[04:46:43] [390/459] MYCP
[04:46:43] [391/459] IGCM
[04:46:44] [392/459] PGRK
[04:46:45] [393/459] VPGO
[04:46:46] [394/459] KOMS
[04:46:47] [395/459] URGG
[04:46:48] [396/459] GOST
[04:46:49] [397/459] LACT
[04:46:49] [398/459] BWCM
[04:46:51] [399/459] NCCW
[04:46:52] [400/459] SKYC
[04:46:52] [401/459] CCPM
[04:46:53] [402/459] VCBT
[04:46:54] [403/459] SDKR
[04:46:55] [404/459] CTYB
[04:46:56] [405/459] SHCX
[04:46:56] [406/459] RCUN
[04:46:57] [407/459] CNRA
[04:46:58] [408/459] RFCA
[04:46:59] [409/459] RDCU
[04:47:00] [410/459] SARK
[04:47:00] [411/459] SPPP
[04:47:01] [412/459] ADMB
[04:47:02] [413/459] JYOE
[04:47:03] [414/459] SRMD
[04:47:03] [415/459] RJDH
[04:47:05] [416/459] SSTD
[04:47:06] [417/459] AACV
[04:47:07] [418/459] PPVD
[04:47:07] [419/459] STCP
[04:47:08] [420/459] ANJR
[04:47:09] [421/459] ANLS
[04:47:10] [422/459] BIJO
[04:47:11] [423/459] AVAB
[04:47:12] [424/459] SPMD
[04:47:13] [425/459] SVJL
[04:47:14] [426/459] SDDJ
[04:47:15] [427/459] SLTU
[04:47:16] [428/459] SAKA
[04:47:17] [429/459] PMAM
[04:47:17] [430/459] FNAM
[04:47:19] [431/459] ACAM
[04:47:20] [432/459] SCMM
[04:47:21] [433/459] PMAK
[04:47:22] [434/459] NYSA
[04:47:22] [435/459] FCPA
[04:47:23] [436/459] GDAN
[04:47:25] [437/459] RSCA
[04:47:25] [438/459] DMAN
[04:47:26] [439/459] DZCM
[04:47:27] [440/459] NSGL
[04:47:28] [441/459] CCPP
[04:47:29] [442/459] PSMG
[04:47:30] [443/459] GSER
[04:47:31] [444/459] FCCT
[04:47:31] [445/459] FCTB
[04:47:32] [446/459] LCNK
[04:47:33] [447/459] SKTY
[04:47:34] [448/459] INAA
[04:47:35] [449/459] RCWN
[04:47:36] [450/459] VAIS
[04:47:37] [451/459] CVMN
[04:47:37] [452/459] INTS
[04:47:38] [453/459] FRGS
[04:47:39] [454/459] DTCK
[04:47:40] [455/459] MCMH
[04:47:41] [456/459] ECRR
[04:47:41] [457/459] RLLP
[04:47:42] [458/459] CCSN
[04:47:44] [459/459] CCBA
[04:47:45] 🧹 Deduping shows
[04:47:45] ✅ DONE | Shows=2707 | Movies=70
[08:25:45] 🚀 SCRIPT STARTED
[08:25:45] [1/459] MBDC
[08:25:45] 🧠 New identity created
[08:25:46] [2/459] CHKM
[08:25:47] [3/459] JTKZ
[08:25:48] [4/459] CMCT
[08:25:48] [5/459] ASHO
[08:25:49] [6/459] ECDG
[08:25:50] [7/459] SPAT
[08:25:51] [8/459] HILC
[08:25:52] [9/459] SPPH
[08:25:53] [10/459] SBHN
[08:25:54] [11/459] RRCA
[08:25:54] [12/459] APAA
[08:25:55] [13/459] RAME
[08:25:56] [14/459] TMMS
[08:25:57] [15/459] BATK
[08:25:58] [16/459] LKOP
[08:25:59] [17/459] AMTT
[08:26:00] [18/459] PTGK
[08:26:00] [19/459] ANRS
[08:26:01] [20/459] VWBW
[08:26:02] [21/459] SVFG
[08:26:03] [22/459] STAT
[08:26:04] [23/459] GDCV
[08:26:05] [24/459] VEBI
[08:26:06] [25/459] VDSS
[08:26:07] [26/459] NTHV
[08:26:07] [27/459] AOCH
[08:26:08] [28/459] KASR
[08:26:09] [29/459] AYCS
[08:26:10] [30/459] SHAI
[08:26:11] [31/459] SKPE
[08:26:12] [32/459] SBTA
[08:26:12] [33/459] RTTD
[08:26:13] [34/459] CCJD
[08:26:14] [35/459] RSJJ
[08:26:15] [36/459] RKND
[08:26:16] [37/459] SVTX
[08:26:17] [38/459] BAKM
[08:26:17] [39/459] SVDC
[08:26:18] [40/459] MNCV
[08:26:19] [41/459] SJGC
[08:26:20] [42/459] MTPK
[08:26:21] [43/459] GATP
[08:26:22] [44/459] ABTS
[08:26:23] [45/459] ABDE
[08:26:24] [46/459] RCNM
[08:26:25] [47/459] KTHV
[08:26:26] [48/459] MDGJ
[08:26:27] [49/459] SMLM
[08:26:28] [50/459] JTMA
[08:26:30] [51/459] ACKP
[08:26:31] [52/459] SRTA
[08:26:31] [53/459] STAY
[08:26:32] [54/459] MAVO
[08:26:33] [55/459] APTS
[08:26:35] [56/459] OMEA
[08:26:36] [57/459] TTFD
[08:26:37] [58/459] MJCU
[08:26:38] [59/459] CXTE
[08:26:39] [60/459] CTPX
[08:26:40] [61/459] ASSL
[08:26:40] [62/459] CMVB
[08:26:41] [63/459] VPUR
[08:26:42] [64/459] JJDA
[08:26:43] [65/459] INBL
[08:26:44] [66/459] BIKB
[08:26:45] [67/459] NTBB
[08:26:45] [68/459] GLOB
[08:26:47] [69/459] SNTB
[08:26:48] [70/459] CHGV
[08:26:49] [71/459] SSBZ
[08:26:50] [72/459] PRDB
[08:26:51] [73/459] ISMT
[08:26:52] [74/459] MCSD
[08:26:53] [75/459] JBTT
[08:26:54] [76/459] GEKR
[08:26:55] [77/459] PVUN
[08:26:55] [78/459] NRTB
[08:26:56] [79/459] PRAA
[08:26:57] [80/459] PCBL
[08:26:58] [81/459] PTCM
[08:27:00] [82/459] KHNN
[08:27:01] [83/459] OMJE
[08:27:02] [84/459] STGN
[08:27:03] [85/459] RPMS
[08:27:03] [86/459] NWAD
[08:27:04] [87/459] BLCK
[08:27:05] [88/459] SVAA
[08:27:06] [89/459] URVM
[08:27:07] [90/459] ANTM
[08:27:08] [91/459] VJYM
[08:27:09] [92/459] MAZZ
[08:27:09] [93/459] CSHM
[08:27:10] [94/459] WGMH
[08:27:11] [95/459] SALN
[08:27:13] [96/459] BRTP
[08:27:14] [97/459] SVTA
[08:27:14] [98/459] SBTP
[08:27:15] [99/459] VLSS
[08:27:17] [100/459] SRJA
[08:27:18] [101/459] ANCG
[08:27:18] [102/459] CGGC
[08:27:19] [103/459] CRJA
[08:27:20] [104/459] USCR
[08:27:21] [105/459] MMEF
[08:27:22] [106/459] JCRJ
[08:27:23] [107/459] ADCM
[08:27:24] [108/459] BMYK
[08:27:24] [109/459] KICS
[08:27:26] [110/459] MBBT
[08:27:27] [111/459] MACK
[08:27:28] [112/459] CLDR
[08:27:28] [113/459] JYCR
[08:27:29] [114/459] DCRP
[08:27:30] [115/459] RAHT
[08:27:31] [116/459] CSSM
[08:27:32] [117/459] ATPK
[08:27:33] [118/459] KLRT
[08:27:34] [119/459] SRDD
[08:27:34] [120/459] CKMC
[08:27:35] [121/459] KRVM
[08:27:36] [122/459] AKCP
[08:27:37] [123/459] CNCV
[08:27:38] [124/459] PACT
[08:27:39] [125/459] NATP
[08:27:39] [126/459] PCPK
[08:27:41] [127/459] SMHO
[08:27:42] [128/459] CWTK
[08:27:44] [129/459] RVKZ
[08:27:44] [130/459] ASPD
[08:27:45] [131/459] VTKZ
[08:27:46] [132/459] LCSO
[08:27:47] [133/459] PRDY
[08:27:48] [134/459] RCAP
[08:27:49] [135/459] RGAR
[08:27:50] [136/459] RCAC
[08:27:51] [137/459] PMOD
[08:27:51] [138/459] PVCN
[08:27:52] [139/459] SCRZ
[08:27:53] [140/459] PVPC
[08:27:54] [141/459] STID
[08:27:55] [142/459] NEDD
[08:27:56] [143/459] BNBA
[08:27:56] [144/459] NTCD
[08:27:58] [145/459] OCDE
[08:27:59] [146/459] CCDU
[08:28:00] [147/459] CRXH
[08:28:01] [148/459] VLVT
[08:28:02] [149/459] CICI
[08:28:02] [150/459] SUCB
[08:28:03] [151/459] TCBP
[08:28:04] [152/459] SCCY
[08:28:06] [153/459] LXCY
[08:28:07] [154/459] NCMD
[08:28:08] [155/459] PHCS
[08:28:09] [156/459] DUXR
[08:28:09] [157/459] VNKS
[08:28:10] [158/459] SEDP
[08:28:11] [159/459] SVEN
[08:28:13] [160/459] SRKM
[08:28:14] [161/459] JTLT
[08:28:15] [162/459] SVSS
[08:28:16] [163/459] AMDE
[08:28:17] [164/459] WVRN
[08:28:17] [165/459] ISMG
[08:28:18] [166/459] WVKS
[08:28:19] [167/459] USCG
[08:28:20] [168/459] IOTG
[08:28:21] [169/459] RRJM
[08:28:22] [170/459] EDMP
[08:28:23] [171/459] SCGZ
[08:28:24] [172/459] GMGX
[08:28:25] [173/459] OMTP
[08:28:26] [174/459] MITD
[08:28:27] [175/459] SMMD
[08:28:28] [176/459] STML
[08:28:29] [177/459] MCFS
[08:28:29] [178/459] FPKA
[08:28:30] [179/459] OMLR
[08:28:31] [180/459] KKSC
[08:28:32] [181/459] RVMA
[08:28:33] [182/459] SCLL
[08:28:34] [183/459] SCDK
[08:28:35] [184/459] SXMI
[08:28:36] [185/459] SHDN
[08:28:36] [186/459] PAAD
[08:28:37] [187/459] UUCB
[08:28:38] [188/459] JHOL
[08:28:39] [189/459] SGWT
[08:28:40] [190/459] SRII
[08:28:41] [191/459] SGCK
[08:28:42] [192/459] SVVB
[08:28:43] [193/459] DMHA
[08:28:43] [194/459] PPNL
[08:28:44] [195/459] CPNL
[08:28:45] [196/459] WVLD
[08:28:46] [197/459] PSLV
[08:28:46] [198/459] VTTL
[08:28:47] [199/459] NPAD
[08:28:48] [200/459] PVCS
[08:28:49] [201/459] MCHL
[08:28:50] [202/459] PPLL
[08:28:51] [203/459] MALO
[08:28:51] [204/459] SWBH
[08:28:52] [205/459] PUGB
[08:28:53] [206/459] INBB
[08:28:54] [207/459] INNS
[08:28:55] [208/459] MCPT
[08:28:56] [209/459] SCMI
[08:28:56] [210/459] OCON
[08:28:58] [211/459] SCSM
[08:28:58] [212/459] RJVN
[08:29:00] [213/459] AMDK
[08:29:01] [214/459] ISMR
[08:29:02] [215/459] SMTD
[08:29:03] [216/459] VTDD
[08:29:04] [217/459] PDDZ
[08:29:05] [218/459] PCCK
[08:29:06] [219/459] INAM
[08:29:07] [220/459] FNKT
[08:29:08] [221/459] GDKA
[08:29:09] [222/459] MAYU
[08:29:10] [223/459] TCGU
[08:29:10] [224/459] KDCA
[08:29:11] [225/459] DOMY
[08:29:12] [226/459] PDDD
[08:29:13] [227/459] BJTS
[08:29:14] [228/459] VTCA
[08:29:14] [229/459] SBTM
[08:29:15] [230/459] SEET
[08:29:16] [231/459] SSTJ
[08:29:17] [232/459] SVNT
[08:29:18] [233/459] PPPR
[08:29:19] [234/459] PVYS
[08:29:20] [235/459] IOSE
[08:29:21] [236/459] ACTV
[08:29:21] [237/459] APVE
[08:29:22] [238/459] TCCL
[08:29:23] [239/459] SCMO
[08:29:24] [240/459] SAUM
[08:29:25] [241/459] KCJS
[08:29:26] [242/459] NJCJ
[08:29:27] [243/459] NECF
[08:29:28] [244/459] CCGW
[08:29:28] [245/459] CCMG
[08:29:29] [246/459] NYRG
[08:29:30] [247/459] NCSQ
[08:29:31] [248/459] GRCG
[08:29:32] [249/459] CCBT
[08:29:33] [250/459] ACGA
[08:29:34] [251/459] INAG
[08:29:35] [252/459] FUCG
[08:29:36] [253/459] AICF
[08:29:37] [254/459] GRGA
[08:29:38] [255/459] GDCN
[08:29:39] [256/459] RRCG
[08:29:40] [257/459] SDCH
[08:29:41] [258/459] WVJM
[08:29:42] [259/459] JCCZ
[08:29:43] [260/459] CNCL
[08:29:43] [261/459] TMLV
[08:29:44] [262/459] MEMB
[08:29:45] [263/459] SGTD
[08:29:45] [264/459] CONX
[08:29:46] [265/459] CCMH
[08:29:47] [266/459] ACMC
[08:29:48] [267/459] DTPD
[08:29:50] [268/459] POJA
[08:29:51] [269/459] FNBH
[08:29:52] [270/459] CGCB
[08:29:53] [271/459] RACN
[08:29:54] [272/459] JTSM
[08:29:56] [273/459] SCDN
[08:29:56] [274/459] AACK
[08:29:57] [275/459] RMCE
[08:29:58] [276/459] BSGB
[08:29:59] [277/459] MRCB
[08:30:01] [278/459] SRVR
[08:30:02] [279/459] VTKK
[08:30:02] [280/459] AMST
[08:30:03] [281/459] APCY
[08:30:04] [282/459] LMHO
[08:30:05] [283/459] MTZH
[08:30:06] [284/459] AMZB
[08:30:07] [285/459] SUVT
[08:30:07] [286/459] RCIP
[08:30:08] [287/459] KESR
[08:30:09] [288/459] SNKC
[08:30:10] [289/459] SCED
[08:30:10] [290/459] DVCA
[08:30:11] [291/459] VCDT
[08:30:12] [292/459] RRDI
[08:30:13] [293/459] DFCH
[08:30:14] [294/459] INSC
[08:30:15] [295/459] RGTR
[08:30:16] [296/459] FMOT
[08:30:17] [297/459] SCPM
[08:30:18] [298/459] GCDT
[08:30:19] [299/459] BRKT
[08:30:20] [300/459] DEMP
[08:30:20] [301/459] SRLC
[08:30:21] [302/459] KSTT
[08:30:22] [303/459] SMMT
[08:30:23] [304/459] SILM
[08:30:24] [305/459] JCVM
[08:30:25] [306/459] KCSV
[08:30:26] [307/459] MHLK
[08:30:27] [308/459] SLVL
[08:30:28] [309/459] RJKP
[08:30:29] [310/459] BBPC
[08:30:30] [311/459] MXCB
[08:30:31] [312/459] TCPK
[08:30:32] [313/459] RTBR
[08:30:33] [314/459] GAUT
[08:30:33] [315/459] DVCF
[08:30:34] [316/459] JTSB
[08:30:35] [317/459] SBLS
[08:30:36] [318/459] UDAY
[08:30:37] [319/459] PTNP
[08:30:38] [320/459] DMKT
[08:30:39] [321/459] NTDT
[08:30:40] [322/459] SHDJ
[08:30:40] [323/459] OTNC
[08:30:41] [324/459] RNTW
[08:30:42] [325/459] GCMI
[08:30:44] [326/459] CRCM
[08:30:45] [327/459] NNCZ
[08:30:46] [328/459] OEMO
[08:30:46] [329/459] PVJM
[08:30:47] [330/459] CPJI
[08:30:48] [331/459] RMCJ
[08:30:50] [332/459] CNWJ
[08:30:51] [333/459] EPJM
[08:30:52] [334/459] FNJJ
[08:30:52] [335/459] GCMJ
[08:30:53] [336/459] INPS
[08:30:54] [337/459] BICJ
[08:30:55] [338/459] ISTJ
[08:30:56] [339/459] INJC
[08:30:57] [340/459] GLXJ
[08:30:58] [341/459] INEM
[08:30:59] [342/459] JTMN
[08:30:59] [343/459] FRCJ
[08:31:01] [344/459] DDJP
[08:31:02] [345/459] INJV
[08:31:03] [346/459] GOLC
[08:31:04] [347/459] KOCI
[08:31:04] [348/459] FSTD
[08:31:06] [349/459] PACJ
[08:31:06] [350/459] GMCN
[08:31:07] [351/459] MMDJ
[08:31:08] [352/459] GODH
[08:31:09] [353/459] SKYN
[08:31:10] [354/459] NCTH
[08:31:11] [355/459] SKVZ
[08:31:11] [356/459] SVML
[08:31:12] [357/459] ACVZ
[08:31:13] [358/459] SURA
[08:31:14] [359/459] RTRB
[08:31:14] [360/459] LLCT
[08:31:15] [361/459] ATTS
[08:31:16] [362/459] JYCM
[08:31:17] [363/459] CTKR
[08:31:19] [364/459] LCKR
[08:31:20] [365/459] NYCV
[08:31:20] [366/459] NYOH
[08:31:21] [367/459] NOVX
[08:31:22] [368/459] MRGK
[08:31:23] [369/459] MOON
[08:31:24] [370/459] SBUC
[08:31:25] [371/459] GSVA
[08:31:26] [372/459] VIAK
[08:31:27] [373/459] SMVZ
[08:31:28] [374/459] MATE
[08:31:29] [375/459] RDCN
[08:31:30] [376/459] ASBL
[08:31:31] [377/459] ASVS
[08:31:33] [378/459] ASSR
[08:31:33] [379/459] SSKN
[08:31:34] [380/459] DRPV
[08:31:35] [381/459] MRHT
[08:31:36] [382/459] BSCN
[08:31:37] [383/459] RKNX
[08:31:39] [384/459] MSMC
[08:31:40] [385/459] MSCJ
[08:31:42] [386/459] BTBJ
[08:31:43] [387/459] MJCC
[08:31:44] [388/459] IOMM
[08:31:45] [389/459] ADGR
[08:31:46] [390/459] MYCP
[08:31:47] [391/459] IGCM
[08:31:48] [392/459] PGRK
[08:31:49] [393/459] VPGO
[08:31:50] [394/459] KOMS
[08:31:51] [395/459] URGG
[08:31:51] [396/459] GOST
[08:31:52] [397/459] LACT
[08:31:53] [398/459] BWCM
[08:31:54] [399/459] NCCW
[08:31:55] [400/459] SKYC
[08:31:55] [401/459] CCPM
[08:31:56] [402/459] VCBT
[08:31:58] [403/459] SDKR
[08:31:59] [404/459] CTYB
[08:32:00] [405/459] SHCX
[08:32:01] [406/459] RCUN
[08:32:02] [407/459] CNRA
[08:32:02] [408/459] RFCA
[08:32:03] [409/459] RDCU
[08:32:04] [410/459] SARK
[08:32:05] [411/459] SPPP
[08:32:06] [412/459] ADMB
[08:32:07] [413/459] JYOE
[08:32:08] [414/459] SRMD
[08:32:09] [415/459] RJDH
[08:32:10] [416/459] SSTD
[08:32:11] [417/459] AACV
[08:32:12] [418/459] PPVD
[08:32:13] [419/459] STCP
[08:32:14] [420/459] ANJR
[08:32:15] [421/459] ANLS
[08:32:16] [422/459] BIJO
[08:32:16] [423/459] AVAB
[08:32:17] [424/459] SPMD
[08:32:18] [425/459] SVJL
[08:32:19] [426/459] SDDJ
[08:32:20] [427/459] SLTU
[08:32:21] [428/459] SAKA
[08:32:21] [429/459] PMAM
[08:32:22] [430/459] FNAM
[08:32:23] [431/459] ACAM
[08:32:23] [432/459] SCMM
[08:32:24] [433/459] PMAK
[08:32:25] [434/459] NYSA
[08:32:27] [435/459] FCPA
[08:32:29] [436/459] GDAN
[08:32:29] [437/459] RSCA
[08:32:30] [438/459] DMAN
[08:32:31] [439/459] DZCM
[08:32:32] [440/459] NSGL
[08:32:33] [441/459] CCPP
[08:32:33] [442/459] PSMG
[08:32:34] [443/459] GSER
[08:32:36] [444/459] FCCT
[08:32:37] [445/459] FCTB
[08:32:37] [446/459] LCNK
[08:32:38] [447/459] SKTY
[08:32:39] [448/459] INAA
[08:32:40] [449/459] RCWN
[08:32:41] [450/459] VAIS
[08:32:42] [451/459] CVMN
[08:32:44] [452/459] INTS
[08:32:45] [453/459] FRGS
[08:32:46] [454/459] DTCK
[08:32:47] [455/459] MCMH
[08:32:47] [456/459] ECRR
[08:32:48] [457/459] RLLP
[08:32:49] [458/459] CCSN
[08:32:50] [459/459] CCBA
[08:32:51] 🧹 Deduping shows
[08:32:51] ✅ DONE | Shows=2707 | Movies=70
[09:30:57] 🚀 SCRIPT STARTED
[09:30:57] [1/459] MBDC
[09:30:57] 🧠 New identity created
[09:30:58] [2/459] CHKM
[09:30:59] [3/459] JTKZ
[09:31:00] [4/459] CMCT
[09:31:01] [5/459] ASHO
[09:31:02] [6/459] ECDG
[09:31:03] [7/459] SPAT
[09:31:04] [8/459] HILC
[09:31:05] [9/459] SPPH
[09:31:06] [10/459] SBHN
[09:31:07] [11/459] RRCA
[09:31:08] [12/459] APAA
[09:31:09] [13/459] RAME
[09:31:09] [14/459] TMMS
[09:31:10] [15/459] BATK
[09:31:11] [16/459] LKOP
[09:31:13] [17/459] AMTT
[09:31:14] [18/459] PTGK
[09:31:15] [19/459] ANRS
[09:31:15] [20/459] VWBW
[09:31:17] [21/459] SVFG
[09:31:18] [22/459] STAT
[09:31:18] [23/459] GDCV
[09:31:20] [24/459] VEBI
[09:31:21] [25/459] VDSS
[09:31:22] [26/459] NTHV
[09:31:23] [27/459] AOCH
[09:31:24] [28/459] KASR
[09:31:25] [29/459] AYCS
[09:31:25] [30/459] SHAI
[09:31:26] [31/459] SKPE
[09:31:27] [32/459] SBTA
[09:31:28] [33/459] RTTD
[09:31:29] [34/459] CCJD
[09:31:30] [35/459] RSJJ
[09:31:31] [36/459] RKND
[09:31:32] [37/459] SVTX
[09:31:33] [38/459] BAKM
[09:31:33] [39/459] SVDC
[09:31:35] [40/459] MNCV
[09:31:36] [41/459] SJGC
[09:31:37] [42/459] MTPK
[09:31:37] [43/459] GATP
[09:31:38] [44/459] ABTS
[09:31:39] [45/459] ABDE
[09:31:40] [46/459] RCNM
[09:31:42] [47/459] KTHV
[09:31:42] [48/459] MDGJ
[09:31:43] [49/459] SMLM
[09:31:44] [50/459] JTMA
[09:31:45] [51/459] ACKP
[09:31:45] [52/459] SRTA
[09:31:46] [53/459] STAY
[09:31:47] [54/459] MAVO
[09:31:48] [55/459] APTS
[09:31:49] [56/459] OMEA
[09:31:50] [57/459] TTFD
[09:31:51] [58/459] MJCU
[09:31:52] [59/459] CXTE
[09:31:53] [60/459] CTPX
[09:31:54] [61/459] ASSL
[09:31:55] [62/459] CMVB
[09:31:55] [63/459] VPUR
[09:31:56] [64/459] JJDA
[09:31:57] [65/459] INBL
[09:31:58] [66/459] BIKB
[09:31:59] [67/459] NTBB
[09:32:00] [68/459] GLOB
[09:32:01] [69/459] SNTB
[09:32:01] [70/459] CHGV
[09:32:02] [71/459] SSBZ
[09:32:03] [72/459] PRDB
[09:32:04] [73/459] ISMT
[09:32:06] [74/459] MCSD
[09:32:07] [75/459] JBTT
[09:32:07] [76/459] GEKR
[09:32:09] [77/459] PVUN
[09:32:10] [78/459] NRTB
[09:32:11] [79/459] PRAA
[09:32:12] [80/459] PCBL
[09:32:13] [81/459] PTCM
[09:32:14] [82/459] KHNN
[09:32:15] [83/459] OMJE
[09:32:16] [84/459] STGN
[09:32:17] [85/459] RPMS
[09:32:19] [86/459] NWAD
[09:32:19] [87/459] BLCK
[09:32:20] [88/459] SVAA
[09:32:21] [89/459] URVM
[09:32:23] [90/459] ANTM
[09:32:24] [91/459] VJYM
[09:32:24] [92/459] MAZZ
[09:32:25] [93/459] CSHM
[09:32:27] [94/459] WGMH
[09:32:28] [95/459] SALN
[09:32:29] [96/459] BRTP
[09:32:30] [97/459] SVTA
[09:32:31] [98/459] SBTP
[09:32:31] [99/459] VLSS
[09:32:33] [100/459] SRJA
[09:32:34] [101/459] ANCG
[09:32:35] [102/459] CGGC
[09:32:36] [103/459] CRJA
[09:32:37] [104/459] USCR
[09:32:37] [105/459] MMEF
[09:32:38] [106/459] JCRJ
[09:32:39] [107/459] ADCM
[09:32:40] [108/459] BMYK
[09:32:42] [109/459] KICS
[09:32:43] [110/459] MBBT
[09:32:43] [111/459] MACK
[09:32:44] [112/459] CLDR
[09:32:45] [113/459] JYCR
[09:32:47] [114/459] DCRP
[09:32:48] [115/459] RAHT
[09:32:49] [116/459] CSSM
[09:32:49] [117/459] ATPK
[09:32:50] [118/459] KLRT
[09:32:51] [119/459] SRDD
[09:32:52] [120/459] CKMC
[09:32:53] [121/459] KRVM
[09:32:54] [122/459] AKCP
[09:32:54] [123/459] CNCV
[09:32:55] [124/459] PACT
[09:32:56] [125/459] NATP
[09:32:57] [126/459] PCPK
[09:32:58] [127/459] SMHO
[09:32:59] [128/459] CWTK
[09:33:00] [129/459] RVKZ
[09:33:01] [130/459] ASPD
[09:33:02] [131/459] VTKZ
[09:33:02] [132/459] LCSO
[09:33:03] [133/459] PRDY
[09:33:04] [134/459] RCAP
[09:33:05] [135/459] RGAR
[09:33:06] [136/459] RCAC
[09:33:07] [137/459] PMOD
[09:33:08] [138/459] PVCN
[09:33:09] [139/459] SCRZ
[09:33:10] [140/459] PVPC
[09:33:10] [141/459] STID
[09:33:11] [142/459] NEDD
[09:33:12] [143/459] BNBA
[09:33:13] [144/459] NTCD
[09:33:14] [145/459] OCDE
[09:33:15] [146/459] CCDU
[09:33:15] [147/459] CRXH
[09:33:16] [148/459] VLVT
[09:33:18] [149/459] CICI
[09:33:19] [150/459] SUCB
[09:33:20] [151/459] TCBP
[09:33:21] [152/459] SCCY
[09:33:22] [153/459] LXCY
[09:33:23] [154/459] NCMD
[09:33:23] [155/459] PHCS
[09:33:25] [156/459] DUXR
[09:33:26] [157/459] VNKS
[09:33:27] [158/459] SEDP
[09:33:28] [159/459] SVEN
[09:33:29] [160/459] SRKM
[09:33:30] [161/459] JTLT
[09:33:30] [162/459] SVSS
[09:33:31] [163/459] AMDE
[09:33:32] [164/459] WVRN
[09:33:33] [165/459] ISMG
[09:33:34] [166/459] WVKS
[09:33:34] [167/459] USCG
[09:33:35] [168/459] IOTG
[09:33:36] [169/459] RRJM
[09:33:37] [170/459] EDMP
[09:33:38] [171/459] SCGZ
[09:33:40] [172/459] GMGX
[09:33:41] [173/459] OMTP
[09:33:42] [174/459] MITD
[09:33:43] [175/459] SMMD
[09:33:44] [176/459] STML
[09:33:45] [177/459] MCFS
[09:33:45] [178/459] FPKA
[09:33:46] [179/459] OMLR
[09:33:47] [180/459] KKSC
[09:33:48] [181/459] RVMA
[09:33:49] [182/459] SCLL
[09:33:49] [183/459] SCDK
[09:33:51] [184/459] SXMI
[09:33:52] [185/459] SHDN
[09:33:53] [186/459] PAAD
[09:33:54] [187/459] UUCB
[09:33:55] [188/459] JHOL
[09:33:56] [189/459] SGWT
[09:33:56] [190/459] SRII
[09:33:57] [191/459] SGCK
[09:33:58] [192/459] SVVB
[09:33:59] [193/459] DMHA
[09:34:00] [194/459] PPNL
[09:34:00] [195/459] CPNL
[09:34:01] [196/459] WVLD
[09:34:02] [197/459] PSLV
[09:34:03] [198/459] VTTL
[09:34:04] [199/459] NPAD
[09:34:05] [200/459] PVCS
[09:34:06] [201/459] MCHL
[09:34:07] [202/459] PPLL
[09:34:07] [203/459] MALO
[09:34:08] [204/459] SWBH
[09:34:09] [205/459] PUGB
[09:34:10] [206/459] INBB
[09:34:11] [207/459] INNS
[09:34:13] [208/459] MCPT
[09:34:13] [209/459] SCMI
[09:34:14] [210/459] OCON
[09:34:15] [211/459] SCSM
[09:34:16] [212/459] RJVN
[09:34:17] [213/459] AMDK
[09:34:18] [214/459] ISMR
[09:34:19] [215/459] SMTD
[09:34:20] [216/459] VTDD
[09:34:22] [217/459] PDDZ
[09:34:23] [218/459] PCCK
[09:34:24] [219/459] INAM
[09:34:25] [220/459] FNKT
[09:34:26] [221/459] GDKA
[09:34:26] [222/459] MAYU
[09:34:27] [223/459] TCGU
[09:34:28] [224/459] KDCA
[09:34:29] [225/459] DOMY
[09:34:30] [226/459] PDDD
[09:34:31] [227/459] BJTS
[09:34:32] [228/459] VTCA
[09:34:33] [229/459] SBTM
[09:34:33] [230/459] SEET
[09:34:34] [231/459] SSTJ
[09:34:35] [232/459] SVNT
[09:34:36] [233/459] PPPR
[09:34:37] [234/459] PVYS
[09:34:38] [235/459] IOSE
[09:34:39] [236/459] ACTV
[09:34:40] [237/459] APVE
[09:34:41] [238/459] TCCL
[09:34:42] [239/459] SCMO
[09:34:42] [240/459] SAUM
[09:34:43] [241/459] KCJS
[09:34:44] [242/459] NJCJ
[09:34:45] [243/459] NECF
[09:34:46] [244/459] CCGW
[09:34:47] [245/459] CCMG
[09:34:48] [246/459] NYRG
[09:34:50] [247/459] NCSQ
[09:34:51] [248/459] GRCG
[09:34:52] [249/459] CCBT
[09:34:52] [250/459] ACGA
[09:34:53] [251/459] INAG
[09:34:54] [252/459] FUCG
[09:34:55] [253/459] AICF
[09:34:56] [254/459] GRGA
[09:34:56] [255/459] GDCN
[09:34:57] [256/459] RRCG
[09:34:58] [257/459] SDCH
[09:34:59] [258/459] WVJM
[09:35:00] [259/459] JCCZ
[09:35:01] [260/459] CNCL
[09:35:02] [261/459] TMLV
[09:35:03] [262/459] MEMB
[09:35:03] [263/459] SGTD
[09:35:04] [264/459] CONX
[09:35:05] [265/459] CCMH
[09:35:06] [266/459] ACMC
[09:35:07] [267/459] DTPD
[09:35:08] [268/459] POJA
[09:35:08] [269/459] FNBH
[09:35:09] [270/459] CGCB
[09:35:10] [271/459] RACN
[09:35:11] [272/459] JTSM
[09:35:12] [273/459] SCDN
[09:35:13] [274/459] AACK
[09:35:13] [275/459] RMCE
[09:35:14] [276/459] BSGB
[09:35:15] [277/459] MRCB
[09:35:17] [278/459] SRVR
[09:35:18] [279/459] VTKK
[09:35:19] [280/459] AMST
[09:35:20] [281/459] APCY
[09:35:20] [282/459] LMHO
[09:35:21] [283/459] MTZH
[09:35:22] [284/459] AMZB
[09:35:23] [285/459] SUVT
[09:35:24] [286/459] RCIP
[09:35:25] [287/459] KESR
[09:35:26] [288/459] SNKC
[09:35:27] [289/459] SCED
[09:35:29] [290/459] DVCA
[09:35:30] [291/459] VCDT
[09:35:31] [292/459] RRDI
[09:35:32] [293/459] DFCH
[09:35:34] [294/459] INSC
[09:35:34] [295/459] RGTR
[09:35:35] [296/459] FMOT
[09:35:36] [297/459] SCPM
[09:35:37] [298/459] GCDT
[09:35:38] [299/459] BRKT
[09:35:39] [300/459] DEMP
[09:35:40] [301/459] SRLC
[09:35:41] [302/459] KSTT
[09:35:41] [303/459] SMMT
[09:35:42] [304/459] SILM
[09:35:43] [305/459] JCVM
[09:35:44] [306/459] KCSV
[09:35:45] [307/459] MHLK
[09:35:46] [308/459] SLVL
[09:35:47] [309/459] RJKP
[09:35:48] [310/459] BBPC
[09:35:48] [311/459] MXCB
[09:35:49] [312/459] TCPK
[09:35:50] [313/459] RTBR
[09:35:51] [314/459] GAUT
[09:35:52] [315/459] DVCF
[09:35:53] [316/459] JTSB
[09:35:54] [317/459] SBLS
[09:35:54] [318/459] UDAY
[09:35:55] [319/459] PTNP
[09:35:56] [320/459] DMKT
[09:35:57] [321/459] NTDT
[09:35:58] [322/459] SHDJ
[09:35:59] [323/459] OTNC
[09:35:59] [324/459] RNTW
[09:36:00] [325/459] GCMI
[09:36:01] [326/459] CRCM
[09:36:02] [327/459] NNCZ
[09:36:03] [328/459] OEMO
[09:36:04] [329/459] PVJM
[09:36:05] [330/459] CPJI
[09:36:06] [331/459] RMCJ
[09:36:07] [332/459] CNWJ
[09:36:08] [333/459] EPJM
[09:36:09] [334/459] FNJJ
[09:36:10] [335/459] GCMJ
[09:36:11] [336/459] INPS
[09:36:12] [337/459] BICJ
[09:36:13] [338/459] ISTJ
[09:36:14] [339/459] INJC
[09:36:14] [340/459] GLXJ
[09:36:15] [341/459] INEM
[09:36:16] [342/459] JTMN
[09:36:17] [343/459] FRCJ
[09:36:18] [344/459] DDJP
[09:36:19] [345/459] INJV
[09:36:20] [346/459] GOLC
[09:36:20] [347/459] KOCI
[09:36:21] [348/459] FSTD
[09:36:22] [349/459] PACJ
[09:36:23] [350/459] GMCN
[09:36:24] [351/459] MMDJ
[09:36:26] [352/459] GODH
[09:36:27] [353/459] SKYN
[09:36:28] [354/459] NCTH
[09:36:28] [355/459] SKVZ
[09:36:29] [356/459] SVML
[09:36:30] [357/459] ACVZ
[09:36:31] [358/459] SURA
[09:36:32] [359/459] RTRB
[09:36:33] [360/459] LLCT
[09:36:34] [361/459] ATTS
[09:36:35] [362/459] JYCM
[09:36:36] [363/459] CTKR
[09:36:37] [364/459] LCKR
[09:36:38] [365/459] NYCV
[09:36:39] [366/459] NYOH
[09:36:40] [367/459] NOVX
[09:36:40] [368/459] MRGK
[09:36:41] [369/459] MOON
[09:36:43] [370/459] SBUC
[09:36:44] [371/459] GSVA
[09:36:44] [372/459] VIAK
[09:36:45] [373/459] SMVZ
[09:36:46] [374/459] MATE
[09:36:47] [375/459] RDCN
[09:36:47] [376/459] ASBL
[09:36:48] [377/459] ASVS
[09:36:49] [378/459] ASSR
[09:36:50] [379/459] SSKN
[09:36:51] [380/459] DRPV
[09:36:52] [381/459] MRHT
[09:36:53] [382/459] BSCN
[09:36:53] [383/459] RKNX
[09:36:55] [384/459] MSMC
[09:36:57] [385/459] MSCJ
[09:36:58] [386/459] BTBJ
[09:36:59] [387/459] MJCC
[09:36:59] [388/459] IOMM
[09:37:00] [389/459] ADGR
[09:37:01] [390/459] MYCP
[09:37:02] [391/459] IGCM
[09:37:03] [392/459] PGRK
[09:37:04] [393/459] VPGO
[09:37:05] [394/459] KOMS
[09:37:06] [395/459] URGG
[09:37:07] [396/459] GOST
[09:37:08] [397/459] LACT
[09:37:08] [398/459] BWCM
[09:37:09] [399/459] NCCW
[09:37:10] [400/459] SKYC
[09:37:11] [401/459] CCPM
[09:37:12] [402/459] VCBT
[09:37:13] [403/459] SDKR
[09:37:14] [404/459] CTYB
[09:37:15] [405/459] SHCX
[09:37:16] [406/459] RCUN
[09:37:17] [407/459] CNRA
[09:37:18] [408/459] RFCA
[09:37:19] [409/459] RDCU
[09:37:20] [410/459] SARK
[09:37:21] [411/459] SPPP
[09:37:22] [412/459] ADMB
[09:37:23] [413/459] JYOE
[09:37:24] [414/459] SRMD
[09:37:25] [415/459] RJDH
[09:37:26] [416/459] SSTD
[09:37:27] [417/459] AACV
[09:37:27] [418/459] PPVD
[09:37:28] [419/459] STCP
[09:37:29] [420/459] ANJR
[09:37:30] [421/459] ANLS
[09:37:31] [422/459] BIJO
[09:37:31] [423/459] AVAB
[09:37:32] [424/459] SPMD
[09:37:33] [425/459] SVJL
[09:37:34] [426/459] SDDJ
[09:37:35] [427/459] SLTU
[09:37:37] [428/459] SAKA
[09:37:38] [429/459] PMAM
[09:37:38] [430/459] FNAM
[09:37:39] [431/459] ACAM
[09:37:40] [432/459] SCMM
[09:37:41] [433/459] PMAK
[09:37:42] [434/459] NYSA
[09:37:43] [435/459] FCPA
[09:37:44] [436/459] GDAN
[09:37:45] [437/459] RSCA
[09:37:46] [438/459] DMAN
[09:37:47] [439/459] DZCM
[09:37:48] [440/459] NSGL
[09:37:49] [441/459] CCPP
[09:37:50] [442/459] PSMG
[09:37:51] [443/459] GSER
[09:37:51] [444/459] FCCT
[09:37:52] [445/459] FCTB
[09:37:53] [446/459] LCNK
[09:37:54] [447/459] SKTY
[09:37:54] [448/459] INAA
[09:37:55] [449/459] RCWN
[09:37:57] [450/459] VAIS
[09:37:58] [451/459] CVMN
[09:37:59] [452/459] INTS
[09:38:00] [453/459] FRGS
[09:38:01] [454/459] DTCK
[09:38:02] [455/459] MCMH
[09:38:03] [456/459] ECRR
[09:38:03] [457/459] RLLP
[09:38:04] [458/459] CCSN
[09:38:05] [459/459] CCBA
[09:38:06] 🧹 Deduping shows
[09:38:06] ✅ DONE | Shows=2708 | Movies=70
[10:47:27] 🚀 SCRIPT STARTED
[10:47:27] [1/459] MBDC
[10:47:27] 🧠 New identity created
[10:47:28] [2/459] CHKM
[10:47:29] [3/459] JTKZ
[10:47:30] [4/459] CMCT
[10:47:31] [5/459] ASHO
[10:47:32] [6/459] ECDG
[10:47:33] [7/459] SPAT
[10:47:33] [8/459] HILC
[10:47:34] [9/459] SPPH
[10:47:35] [10/459] SBHN
[10:47:36] [11/459] RRCA
[10:47:37] [12/459] APAA
[10:47:39] [13/459] RAME
[10:47:39] [14/459] TMMS
[10:47:40] [15/459] BATK
[10:47:41] [16/459] LKOP
[10:47:42] [17/459] AMTT
[10:47:43] [18/459] PTGK
[10:47:44] [19/459] ANRS
[10:47:45] [20/459] VWBW
[10:47:46] [21/459] SVFG
[10:47:47] [22/459] STAT
[10:47:48] [23/459] GDCV
[10:47:49] [24/459] VEBI
[10:47:50] [25/459] VDSS
[10:47:51] [26/459] NTHV
[10:47:52] [27/459] AOCH
[10:47:52] [28/459] KASR
[10:47:53] [29/459] AYCS
[10:47:54] [30/459] SHAI
[10:47:55] [31/459] SKPE
[10:47:56] [32/459] SBTA
[10:47:57] [33/459] RTTD
[10:47:58] [34/459] CCJD
[10:47:59] [35/459] RSJJ
[10:47:59] [36/459] RKND
[10:48:01] [37/459] SVTX
[10:48:02] [38/459] BAKM
[10:48:03] [39/459] SVDC
[10:48:04] [40/459] MNCV
[10:48:04] [41/459] SJGC
[10:48:05] [42/459] MTPK
[10:48:06] [43/459] GATP
[10:48:07] [44/459] ABTS
[10:48:07] [45/459] ABDE
[10:48:08] [46/459] RCNM
[10:48:09] [47/459] KTHV
[10:48:10] [48/459] MDGJ
[10:48:11] [49/459] SMLM
[10:48:11] [50/459] JTMA
[10:48:12] [51/459] ACKP
[10:48:13] [52/459] SRTA
[10:48:14] [53/459] STAY
[10:48:14] [54/459] MAVO
[10:48:15] [55/459] APTS
[10:48:16] [56/459] OMEA
[10:48:17] [57/459] TTFD
[10:48:18] [58/459] MJCU
[10:48:19] [59/459] CXTE
[10:48:20] [60/459] CTPX
[10:48:20] [61/459] ASSL
[10:48:21] [62/459] CMVB
[10:48:22] [63/459] VPUR
[10:48:23] [64/459] JJDA
[10:48:23] [65/459] INBL
[10:48:24] [66/459] BIKB
[10:48:25] [67/459] NTBB
[10:48:26] [68/459] GLOB
[10:48:27] [69/459] SNTB
[10:48:28] [70/459] CHGV
[10:48:28] [71/459] SSBZ
[10:48:29] [72/459] PRDB
[10:48:30] [73/459] ISMT
[10:48:31] [74/459] MCSD
[10:48:32] [75/459] JBTT
[10:48:32] [76/459] GEKR
[10:48:33] [77/459] PVUN
[10:48:34] [78/459] NRTB
[10:48:35] [79/459] PRAA
[10:48:36] [80/459] PCBL
[10:48:37] [81/459] PTCM
[10:48:38] [82/459] KHNN
[10:48:39] [83/459] OMJE
[10:48:40] [84/459] STGN
[10:48:41] [85/459] RPMS
[10:48:42] [86/459] NWAD
[10:48:43] [87/459] BLCK
[10:48:45] [88/459] SVAA
[10:48:45] [89/459] URVM
[10:48:46] [90/459] ANTM
[10:48:47] [91/459] VJYM
[10:48:48] [92/459] MAZZ
[10:48:48] [93/459] CSHM
[10:48:49] [94/459] WGMH
[10:48:50] [95/459] SALN
[10:48:51] [96/459] BRTP
[10:48:52] [97/459] SVTA
[10:48:52] [98/459] SBTP
[10:48:53] [99/459] VLSS
[10:48:54] [100/459] SRJA
[10:48:55] [101/459] ANCG
[10:48:56] [102/459] CGGC
[10:48:57] [103/459] CRJA
[10:48:58] [104/459] USCR
[10:48:59] [105/459] MMEF
[10:48:59] [106/459] JCRJ
[10:49:00] [107/459] ADCM
[10:49:01] [108/459] BMYK
[10:49:02] [109/459] KICS
[10:49:03] [110/459] MBBT
[10:49:04] [111/459] MACK
[10:49:05] [112/459] CLDR
[10:49:05] [113/459] JYCR
[10:49:06] [114/459] DCRP
[10:49:07] [115/459] RAHT
[10:49:08] [116/459] CSSM
[10:49:08] [117/459] ATPK
[10:49:09] [118/459] KLRT
[10:49:10] [119/459] SRDD
[10:49:11] [120/459] CKMC
[10:49:12] [121/459] KRVM
[10:49:13] [122/459] AKCP
[10:49:14] [123/459] CNCV
[10:49:15] [124/459] PACT
[10:49:16] [125/459] NATP
[10:49:17] [126/459] PCPK
[10:49:18] [127/459] SMHO
[10:49:19] [128/459] CWTK
[10:49:19] [129/459] RVKZ
[10:49:20] [130/459] ASPD
[10:49:21] [131/459] VTKZ
[10:49:22] [132/459] LCSO
[10:49:22] [133/459] PRDY
[10:49:23] [134/459] RCAP
[10:49:25] [135/459] RGAR
[10:49:26] [136/459] RCAC
[10:49:26] [137/459] PMOD
[10:49:28] [138/459] PVCN
[10:49:29] [139/459] SCRZ
[10:49:30] [140/459] PVPC
[10:49:32] [141/459] STID
[10:49:33] [142/459] NEDD
[10:49:34] [143/459] BNBA
[10:49:34] [144/459] NTCD
[10:49:35] [145/459] OCDE
[10:49:36] [146/459] CCDU
[10:49:37] [147/459] CRXH
[10:49:38] [148/459] VLVT
[10:49:38] [149/459] CICI
[10:49:39] [150/459] SUCB
[10:49:40] [151/459] TCBP
[10:49:41] [152/459] SCCY
[10:49:42] [153/459] LXCY
[10:49:42] [154/459] NCMD
[10:49:43] [155/459] PHCS
[10:49:45] [156/459] DUXR
[10:49:46] [157/459] VNKS
[10:49:46] [158/459] SEDP
[10:49:47] [159/459] SVEN
[10:49:48] [160/459] SRKM
[10:49:49] [161/459] JTLT
[10:49:49] [162/459] SVSS
[10:49:50] [163/459] AMDE
[10:49:51] [164/459] WVRN
[10:49:52] [165/459] ISMG
[10:49:53] [166/459] WVKS
[10:49:54] [167/459] USCG
[10:49:56] [168/459] IOTG
[10:49:57] [169/459] RRJM
[10:49:57] [170/459] EDMP
[10:49:58] [171/459] SCGZ
[10:49:59] [172/459] GMGX
[10:50:00] [173/459] OMTP
[10:50:01] [174/459] MITD
[10:50:02] [175/459] SMMD
[10:50:02] [176/459] STML
[10:50:03] [177/459] MCFS
[10:50:04] [178/459] FPKA
[10:50:05] [179/459] OMLR
[10:50:06] [180/459] KKSC
[10:50:07] [181/459] RVMA
[10:50:08] [182/459] SCLL
[10:50:08] [183/459] SCDK
[10:50:09] [184/459] SXMI
[10:50:10] [185/459] SHDN
[10:50:11] [186/459] PAAD
[10:50:11] [187/459] UUCB
[10:50:12] [188/459] JHOL
[10:50:13] [189/459] SGWT
[10:50:14] [190/459] SRII
[10:50:15] [191/459] SGCK
[10:50:16] [192/459] SVVB
[10:50:17] [193/459] DMHA
[10:50:18] [194/459] PPNL
[10:50:19] [195/459] CPNL
[10:50:20] [196/459] WVLD
[10:50:21] [197/459] PSLV
[10:50:22] [198/459] VTTL
[10:50:22] [199/459] NPAD
[10:50:23] [200/459] PVCS
[10:50:24] [201/459] MCHL
[10:50:25] [202/459] PPLL
[10:50:25] [203/459] MALO
[10:50:26] [204/459] SWBH
[10:50:28] [205/459] PUGB
[10:50:29] [206/459] INBB
[10:50:30] [207/459] INNS
[10:50:31] [208/459] MCPT
[10:50:32] [209/459] SCMI
[10:50:32] [210/459] OCON
[10:50:33] [211/459] SCSM
[10:50:34] [212/459] RJVN
[10:50:34] [213/459] AMDK
[10:50:35] [214/459] ISMR
[10:50:36] [215/459] SMTD
[10:50:37] [216/459] VTDD
[10:50:38] [217/459] PDDZ
[10:50:39] [218/459] PCCK
[10:50:40] [219/459] INAM
[10:50:41] [220/459] FNKT
[10:50:41] [221/459] GDKA
[10:50:42] [222/459] MAYU
[10:50:43] [223/459] TCGU
[10:50:44] [224/459] KDCA
[10:50:45] [225/459] DOMY
[10:50:46] [226/459] PDDD
[10:50:47] [227/459] BJTS
[10:50:47] [228/459] VTCA
[10:50:48] [229/459] SBTM
[10:50:49] [230/459] SEET
[10:50:50] [231/459] SSTJ
[10:50:51] [232/459] SVNT
[10:50:52] [233/459] PPPR
[10:50:53] [234/459] PVYS
[10:50:54] [235/459] IOSE
[10:50:55] [236/459] ACTV
[10:50:56] [237/459] APVE
[10:50:57] [238/459] TCCL
[10:50:59] [239/459] SCMO
[10:51:00] [240/459] SAUM
[10:51:00] [241/459] KCJS
[10:51:01] [242/459] NJCJ
[10:51:02] [243/459] NECF
[10:51:04] [244/459] CCGW
[10:51:05] [245/459] CCMG
[10:51:06] [246/459] NYRG
[10:51:07] [247/459] NCSQ
[10:51:08] [248/459] GRCG
[10:51:09] [249/459] CCBT
[10:51:09] [250/459] ACGA
[10:51:10] [251/459] INAG
[10:51:11] [252/459] FUCG
[10:51:12] [253/459] AICF
[10:51:12] [254/459] GRGA
[10:51:14] [255/459] GDCN
[10:51:15] [256/459] RRCG
[10:51:15] [257/459] SDCH
[10:51:16] [258/459] WVJM
[10:51:17] [259/459] JCCZ
[10:51:18] [260/459] CNCL
[10:51:19] [261/459] TMLV
[10:51:20] [262/459] MEMB
[10:51:21] [263/459] SGTD
[10:51:21] [264/459] CONX
[10:51:22] [265/459] CCMH
[10:51:23] [266/459] ACMC
[10:51:24] [267/459] DTPD
[10:51:25] [268/459] POJA
[10:51:25] [269/459] FNBH
[10:51:26] [270/459] CGCB
[10:51:27] [271/459] RACN
[10:51:28] [272/459] JTSM
[10:51:29] [273/459] SCDN
[10:51:30] [274/459] AACK
[10:51:30] [275/459] RMCE
[10:51:32] [276/459] BSGB
[10:51:33] [277/459] MRCB
[10:51:33] [278/459] SRVR
[10:51:34] [279/459] VTKK
[10:51:35] [280/459] AMST
[10:51:36] [281/459] APCY
[10:51:37] [282/459] LMHO
[10:51:38] [283/459] MTZH
[10:51:39] [284/459] AMZB
[10:51:40] [285/459] SUVT
[10:51:41] [286/459] RCIP
[10:51:42] [287/459] KESR
[10:51:43] [288/459] SNKC
[10:51:44] [289/459] SCED
[10:51:45] [290/459] DVCA
[10:51:46] [291/459] VCDT
[10:51:46] [292/459] RRDI
[10:51:47] [293/459] DFCH
[10:51:48] [294/459] INSC
[10:51:49] [295/459] RGTR
[10:51:50] [296/459] FMOT
[10:51:51] [297/459] SCPM
[10:51:52] [298/459] GCDT
[10:51:53] [299/459] BRKT
[10:51:54] [300/459] DEMP
[10:51:55] [301/459] SRLC
[10:51:56] [302/459] KSTT
[10:51:57] [303/459] SMMT
[10:51:58] [304/459] SILM
[10:51:59] [305/459] JCVM
[10:52:00] [306/459] KCSV
[10:52:01] [307/459] MHLK
[10:52:02] [308/459] SLVL
[10:52:03] [309/459] RJKP
[10:52:03] [310/459] BBPC
[10:52:04] [311/459] MXCB
[10:52:05] [312/459] TCPK
[10:52:06] [313/459] RTBR
[10:52:07] [314/459] GAUT
[10:52:07] [315/459] DVCF
[10:52:08] [316/459] JTSB
[10:52:09] [317/459] SBLS
[10:52:11] [318/459] UDAY
[10:52:12] [319/459] PTNP
[10:52:13] [320/459] DMKT
[10:52:14] [321/459] NTDT
[10:52:15] [322/459] SHDJ
[10:52:16] [323/459] OTNC
[10:52:17] [324/459] RNTW
[10:52:17] [325/459] GCMI
[10:52:18] [326/459] CRCM
[10:52:19] [327/459] NNCZ
[10:52:20] [328/459] OEMO
[10:52:20] [329/459] PVJM
[10:52:21] [330/459] CPJI
[10:52:22] [331/459] RMCJ
[10:52:23] [332/459] CNWJ
[10:52:24] [333/459] EPJM
[10:52:26] [334/459] FNJJ
[10:52:26] [335/459] GCMJ
[10:52:27] [336/459] INPS
[10:52:28] [337/459] BICJ
[10:52:29] [338/459] ISTJ
[10:52:30] [339/459] INJC
[10:52:31] [340/459] GLXJ
[10:52:32] [341/459] INEM
[10:52:33] [342/459] JTMN
[10:52:34] [343/459] FRCJ
[10:52:35] [344/459] DDJP
[10:52:36] [345/459] INJV
[10:52:37] [346/459] GOLC
[10:52:38] [347/459] KOCI
[10:52:40] [348/459] FSTD
[10:52:42] [349/459] PACJ
[10:52:43] [350/459] GMCN
[10:52:43] [351/459] MMDJ
[10:52:44] [352/459] GODH
[10:52:45] [353/459] SKYN
[10:52:47] [354/459] NCTH
[10:52:47] [355/459] SKVZ
[10:52:48] [356/459] SVML
[10:52:50] [357/459] ACVZ
[10:52:51] [358/459] SURA
[10:52:52] [359/459] RTRB
[10:52:52] [360/459] LLCT
[10:52:53] [361/459] ATTS
[10:52:54] [362/459] JYCM
[10:52:55] [363/459] CTKR
[10:52:55] [364/459] LCKR
[10:52:57] [365/459] NYCV
[10:52:58] [366/459] NYOH
[10:52:59] [367/459] NOVX
[10:53:00] [368/459] MRGK
[10:53:01] [369/459] MOON
[10:53:01] [370/459] SBUC
[10:53:02] [371/459] GSVA
[10:53:03] [372/459] VIAK
[10:53:04] [373/459] SMVZ
[10:53:04] [374/459] MATE
[10:53:06] [375/459] RDCN
[10:53:07] [376/459] ASBL
[10:53:08] [377/459] ASVS
[10:53:08] [378/459] ASSR
[10:53:09] [379/459] SSKN
[10:53:10] [380/459] DRPV
[10:53:11] [381/459] MRHT
[10:53:12] [382/459] BSCN
[10:53:13] [383/459] RKNX
[10:53:14] [384/459] MSMC
[10:53:15] [385/459] MSCJ
[10:53:16] [386/459] BTBJ
[10:53:17] [387/459] MJCC
[10:53:17] [388/459] IOMM
[10:53:18] [389/459] ADGR
[10:53:20] [390/459] MYCP
[10:53:21] [391/459] IGCM
[10:53:22] [392/459] PGRK
[10:53:22] [393/459] VPGO
[10:53:23] [394/459] KOMS
[10:53:24] [395/459] URGG
[10:53:25] [396/459] GOST
[10:53:26] [397/459] LACT
[10:53:26] [398/459] BWCM
[10:53:27] [399/459] NCCW
[10:53:28] [400/459] SKYC
[10:53:29] [401/459] CCPM
[10:53:30] [402/459] VCBT
[10:53:30] [403/459] SDKR
[10:53:31] [404/459] CTYB
[10:53:32] [405/459] SHCX
[10:53:33] [406/459] RCUN
[10:53:34] [407/459] CNRA
[10:53:35] [408/459] RFCA
[10:53:35] [409/459] RDCU
[10:53:36] [410/459] SARK
[10:53:37] [411/459] SPPP
[10:53:38] [412/459] ADMB
[10:53:39] [413/459] JYOE
[10:53:39] [414/459] SRMD
[10:53:40] [415/459] RJDH
[10:53:41] [416/459] SSTD
[10:53:42] [417/459] AACV
[10:53:44] [418/459] PPVD
[10:53:46] [419/459] STCP
[10:53:46] [420/459] ANJR
[10:53:47] [421/459] ANLS
[10:53:48] [422/459] BIJO
[10:53:49] [423/459] AVAB
[10:53:50] [424/459] SPMD
[10:53:51] [425/459] SVJL
[10:53:52] [426/459] SDDJ
[10:53:53] [427/459] SLTU
[10:53:53] [428/459] SAKA
[10:53:54] [429/459] PMAM
[10:53:55] [430/459] FNAM
[10:53:56] [431/459] ACAM
[10:53:57] [432/459] SCMM
[10:53:57] [433/459] PMAK
[10:53:58] [434/459] NYSA
[10:54:00] [435/459] FCPA
[10:54:00] [436/459] GDAN
[10:54:01] [437/459] RSCA
[10:54:02] [438/459] DMAN
[10:54:03] [439/459] DZCM
[10:54:03] [440/459] NSGL
[10:54:04] [441/459] CCPP
[10:54:05] [442/459] PSMG
[10:54:06] [443/459] GSER
[10:54:07] [444/459] FCCT
[10:54:08] [445/459] FCTB
[10:54:09] [446/459] LCNK
[10:54:10] [447/459] SKTY
[10:54:10] [448/459] INAA
[10:54:11] [449/459] RCWN
[10:54:12] [450/459] VAIS
[10:54:13] [451/459] CVMN
[10:54:14] [452/459] INTS
[10:54:15] [453/459] FRGS
[10:54:15] [454/459] DTCK
[10:54:16] [455/459] MCMH
[10:54:17] [456/459] ECRR
[10:54:18] [457/459] RLLP
[10:54:19] [458/459] CCSN
[10:54:20] [459/459] CCBA
[10:54:20] 🧹 Deduping shows
[10:54:21] ✅ DONE | Shows=2747 | Movies=70
[12:47:02] 🚀 SCRIPT STARTED
[12:47:02] [1/459] MBDC
[12:47:02] 🧠 New identity created
[12:47:03] [2/459] CHKM
[12:47:06] [3/459] JTKZ
[12:47:07] [4/459] CMCT
[12:47:08] [5/459] ASHO
[12:47:09] [6/459] ECDG
[12:47:10] [7/459] SPAT
[12:47:10] [8/459] HILC
[12:47:11] [9/459] SPPH
[12:47:12] [10/459] SBHN
[12:47:12] [11/459] RRCA
[12:47:13] [12/459] APAA
[12:47:14] [13/459] RAME
[12:47:15] [14/459] TMMS
[12:47:16] [15/459] BATK
[12:47:17] [16/459] LKOP
[12:47:18] [17/459] AMTT
[12:47:19] [18/459] PTGK
[12:47:20] [19/459] ANRS
[12:47:20] [20/459] VWBW
[12:47:21] [21/459] SVFG
[12:47:22] [22/459] STAT
[12:47:23] [23/459] GDCV
[12:47:24] [24/459] VEBI
[12:47:25] [25/459] VDSS
[12:47:26] [26/459] NTHV
[12:47:26] [27/459] AOCH
[12:47:27] [28/459] KASR
[12:47:28] [29/459] AYCS
[12:47:30] [30/459] SHAI
[12:47:31] [31/459] SKPE
[12:47:31] [32/459] SBTA
[12:47:32] [33/459] RTTD
[12:47:33] [34/459] CCJD
[12:47:34] [35/459] RSJJ
[12:47:35] [36/459] RKND
[12:47:35] [37/459] SVTX
[12:47:36] [38/459] BAKM
[12:47:37] [39/459] SVDC
[12:47:38] [40/459] MNCV
[12:47:40] [41/459] SJGC
[12:47:41] [42/459] MTPK
[12:47:42] [43/459] GATP
[12:47:43] [44/459] ABTS
[12:47:44] [45/459] ABDE
[12:47:44] [46/459] RCNM
[12:47:45] [47/459] KTHV
[12:47:46] [48/459] MDGJ
[12:47:47] [49/459] SMLM
[12:47:47] [50/459] JTMA
[12:47:48] [51/459] ACKP
[12:47:49] [52/459] SRTA
[12:47:50] [53/459] STAY
[12:47:51] [54/459] MAVO
[12:47:52] [55/459] APTS
[12:47:53] [56/459] OMEA
[12:47:53] [57/459] TTFD
[12:47:55] [58/459] MJCU
[12:47:56] [59/459] CXTE
[12:47:57] [60/459] CTPX
[12:47:58] [61/459] ASSL
[12:47:58] [62/459] CMVB
[12:47:59] [63/459] VPUR
[12:48:00] [64/459] JJDA
[12:48:01] [65/459] INBL
[12:48:01] [66/459] BIKB
[12:48:02] [67/459] NTBB
[12:48:03] [68/459] GLOB
[12:48:04] [69/459] SNTB
[12:48:05] [70/459] CHGV
[12:48:06] [71/459] SSBZ
[12:48:07] [72/459] PRDB
[12:48:08] [73/459] ISMT
[12:48:09] [74/459] MCSD
[12:48:10] [75/459] JBTT
[12:48:11] [76/459] GEKR
[12:48:12] [77/459] PVUN
[12:48:13] [78/459] NRTB
[12:48:14] [79/459] PRAA
[12:48:15] [80/459] PCBL
[12:48:16] [81/459] PTCM
[12:48:16] [82/459] KHNN
[12:48:18] [83/459] OMJE
[12:48:18] [84/459] STGN
[12:48:19] [85/459] RPMS
[12:48:20] [86/459] NWAD
[12:48:21] [87/459] BLCK
[12:48:21] [88/459] SVAA
[12:48:23] [89/459] URVM
[12:48:24] [90/459] ANTM
[12:48:25] [91/459] VJYM
[12:48:26] [92/459] MAZZ
[12:48:27] [93/459] CSHM
[12:48:28] [94/459] WGMH
[12:48:30] [95/459] SALN
[12:48:30] [96/459] BRTP
[12:48:31] [97/459] SVTA
[12:48:32] [98/459] SBTP
[12:48:33] [99/459] VLSS
[12:48:33] [100/459] SRJA
[12:48:34] [101/459] ANCG
[12:48:35] [102/459] CGGC
[12:48:36] [103/459] CRJA
[12:48:37] [104/459] USCR
[12:48:37] [105/459] MMEF
[12:48:38] [106/459] JCRJ
[12:48:39] [107/459] ADCM
[12:48:40] [108/459] BMYK
[12:48:41] [109/459] KICS
[12:48:42] [110/459] MBBT
[12:48:43] [111/459] MACK
[12:48:44] [112/459] CLDR
[12:48:45] [113/459] JYCR
[12:48:45] [114/459] DCRP
[12:48:47] [115/459] RAHT
[12:48:48] [116/459] CSSM
[12:48:49] [117/459] ATPK
[12:48:50] [118/459] KLRT
[12:48:51] [119/459] SRDD
[12:48:52] [120/459] CKMC
[12:48:52] [121/459] KRVM
[12:48:53] [122/459] AKCP
[12:48:54] [123/459] CNCV
[12:48:55] [124/459] PACT
[12:48:56] [125/459] NATP
[12:48:56] [126/459] PCPK
[12:48:57] [127/459] SMHO
[12:48:58] [128/459] CWTK
[12:48:59] [129/459] RVKZ
[12:49:00] [130/459] ASPD
[12:49:01] [131/459] VTKZ
[12:49:02] [132/459] LCSO
[12:49:03] [133/459] PRDY
[12:49:03] [134/459] RCAP
[12:49:04] [135/459] RGAR
[12:49:05] [136/459] RCAC
[12:49:06] [137/459] PMOD
[12:49:07] [138/459] PVCN
[12:49:07] [139/459] SCRZ
[12:49:08] [140/459] PVPC
[12:49:09] [141/459] STID
[12:49:10] [142/459] NEDD
[12:49:11] [143/459] BNBA
[12:49:12] [144/459] NTCD
[12:49:13] [145/459] OCDE
[12:49:14] [146/459] CCDU
[12:49:15] [147/459] CRXH
[12:49:15] [148/459] VLVT
[12:49:16] [149/459] CICI
[12:49:17] [150/459] SUCB
[12:49:18] [151/459] TCBP
[12:49:19] [152/459] SCCY
[12:49:20] [153/459] LXCY
[12:49:20] [154/459] NCMD
[12:49:21] [155/459] PHCS
[12:49:22] [156/459] DUXR
[12:49:23] [157/459] VNKS
[12:49:24] [158/459] SEDP
[12:49:25] [159/459] SVEN
[12:49:26] [160/459] SRKM
[12:49:27] [161/459] JTLT
[12:49:28] [162/459] SVSS
[12:49:29] [163/459] AMDE
[12:49:29] [164/459] WVRN
[12:49:30] [165/459] ISMG
[12:49:31] [166/459] WVKS
[12:49:32] [167/459] USCG
[12:49:33] [168/459] IOTG
[12:49:34] [169/459] RRJM
[12:49:35] [170/459] EDMP
[12:49:36] [171/459] SCGZ
[12:49:37] [172/459] GMGX
[12:49:38] [173/459] OMTP
[12:49:38] [174/459] MITD
[12:49:39] [175/459] SMMD
[12:49:40] [176/459] STML
[12:49:41] [177/459] MCFS
[12:49:42] [178/459] FPKA
[12:49:43] [179/459] OMLR
[12:49:44] [180/459] KKSC
[12:49:45] [181/459] RVMA
[12:49:46] [182/459] SCLL
[12:49:46] [183/459] SCDK
[12:49:47] [184/459] SXMI
[12:49:48] [185/459] SHDN
[12:49:49] [186/459] PAAD
[12:49:50] [187/459] UUCB
[12:49:50] [188/459] JHOL
[12:49:52] [189/459] SGWT
[12:49:53] [190/459] SRII
[12:49:54] [191/459] SGCK
[12:49:55] [192/459] SVVB
[12:49:56] [193/459] DMHA
[12:49:57] [194/459] PPNL
[12:49:57] [195/459] CPNL
[12:49:58] [196/459] WVLD
[12:49:59] [197/459] PSLV
[12:50:00] [198/459] VTTL
[12:50:01] [199/459] NPAD
[12:50:01] [200/459] PVCS
[12:50:03] [201/459] MCHL
[12:50:04] [202/459] PPLL
[12:50:04] [203/459] MALO
[12:50:05] [204/459] SWBH
[12:50:06] [205/459] PUGB
[12:50:07] [206/459] INBB
[12:50:07] [207/459] INNS
[12:50:09] [208/459] MCPT
[12:50:09] [209/459] SCMI
[12:50:10] [210/459] OCON
[12:50:11] [211/459] SCSM
[12:50:12] [212/459] RJVN
[12:50:12] [213/459] AMDK
[12:50:13] [214/459] ISMR
[12:50:14] [215/459] SMTD
[12:50:15] [216/459] VTDD
[12:50:16] [217/459] PDDZ
[12:50:17] [218/459] PCCK
[12:50:17] [219/459] INAM
[12:50:18] [220/459] FNKT
[12:50:19] [221/459] GDKA
[12:50:20] [222/459] MAYU
[12:50:21] [223/459] TCGU
[12:50:22] [224/459] KDCA
[12:50:22] [225/459] DOMY
[12:50:23] [226/459] PDDD
[12:50:24] [227/459] BJTS
[12:50:25] [228/459] VTCA
[12:50:26] [229/459] SBTM
[12:50:27] [230/459] SEET
[12:50:28] [231/459] SSTJ
[12:50:29] [232/459] SVNT
[12:50:29] [233/459] PPPR
[12:50:30] [234/459] PVYS
[12:50:31] [235/459] IOSE
[12:50:32] [236/459] ACTV
[12:50:33] [237/459] APVE
[12:50:34] [238/459] TCCL
[12:50:36] [239/459] SCMO
[12:50:37] [240/459] SAUM
[12:50:37] [241/459] KCJS
[12:50:38] [242/459] NJCJ
[12:50:39] [243/459] NECF
[12:50:40] [244/459] CCGW
[12:50:41] [245/459] CCMG
[12:50:42] [246/459] NYRG
[12:50:43] [247/459] NCSQ
[12:50:43] [248/459] GRCG
[12:50:44] [249/459] CCBT
[12:50:45] [250/459] ACGA
[12:50:46] [251/459] INAG
[12:50:46] [252/459] FUCG
[12:50:47] [253/459] AICF
[12:50:48] [254/459] GRGA
[12:50:49] [255/459] GDCN
[12:50:50] [256/459] RRCG
[12:50:51] [257/459] SDCH
[12:50:52] [258/459] WVJM
[12:50:52] [259/459] JCCZ
[12:50:53] [260/459] CNCL
[12:50:54] [261/459] TMLV
[12:50:55] [262/459] MEMB
[12:50:55] [263/459] SGTD
[12:50:56] [264/459] CONX
[12:50:57] [265/459] CCMH
[12:50:58] [266/459] ACMC
[12:50:58] [267/459] DTPD
[12:51:00] [268/459] POJA
[12:51:00] [269/459] FNBH
[12:51:01] [270/459] CGCB
[12:51:02] [271/459] RACN
[12:51:03] [272/459] JTSM
[12:51:04] [273/459] SCDN
[12:51:05] [274/459] AACK
[12:51:06] [275/459] RMCE
[12:51:06] [276/459] BSGB
[12:51:07] [277/459] MRCB
[12:51:08] [278/459] SRVR
[12:51:09] [279/459] VTKK
[12:51:10] [280/459] AMST
[12:51:11] [281/459] APCY
[12:51:12] [282/459] LMHO
[12:51:13] [283/459] MTZH
[12:51:14] [284/459] AMZB
[12:51:15] [285/459] SUVT
[12:51:16] [286/459] RCIP
[12:51:16] [287/459] KESR
[12:51:17] [288/459] SNKC
[12:51:18] [289/459] SCED
[12:51:19] [290/459] DVCA
[12:51:20] [291/459] VCDT
[12:51:22] [292/459] RRDI
[12:51:22] [293/459] DFCH
[12:51:23] [294/459] INSC
[12:51:24] [295/459] RGTR
[12:51:25] [296/459] FMOT
[12:51:26] [297/459] SCPM
[12:51:27] [298/459] GCDT
[12:51:28] [299/459] BRKT
[12:51:29] [300/459] DEMP
[12:51:30] [301/459] SRLC
[12:51:31] [302/459] KSTT
[12:51:32] [303/459] SMMT
[12:51:33] [304/459] SILM
[12:51:34] [305/459] JCVM
[12:51:34] [306/459] KCSV
[12:51:35] [307/459] MHLK
[12:51:36] [308/459] SLVL
[12:51:37] [309/459] RJKP
[12:51:38] [310/459] BBPC
[12:51:39] [311/459] MXCB
[12:51:40] [312/459] TCPK
[12:51:41] [313/459] RTBR
[12:51:42] [314/459] GAUT
[12:51:43] [315/459] DVCF
[12:51:44] [316/459] JTSB
[12:51:44] [317/459] SBLS
[12:51:45] [318/459] UDAY
[12:51:46] [319/459] PTNP
[12:51:47] [320/459] DMKT
[12:51:48] [321/459] NTDT
[12:51:49] [322/459] SHDJ
[12:51:50] [323/459] OTNC
[12:51:50] [324/459] RNTW
[12:51:51] [325/459] GCMI
[12:51:52] [326/459] CRCM
[12:51:53] [327/459] NNCZ
[12:51:54] [328/459] OEMO
[12:51:54] [329/459] PVJM
[12:51:55] [330/459] CPJI
[12:51:56] [331/459] RMCJ
[12:51:57] [332/459] CNWJ
[12:51:59] [333/459] EPJM
[12:51:59] [334/459] FNJJ
[12:52:00] [335/459] GCMJ
[12:52:01] [336/459] INPS
[12:52:02] [337/459] BICJ
[12:52:03] [338/459] ISTJ
[12:52:03] [339/459] INJC
[12:52:04] [340/459] GLXJ
[12:52:05] [341/459] INEM
[12:52:06] [342/459] JTMN
[12:52:08] [343/459] FRCJ
[12:52:09] [344/459] DDJP
[12:52:10] [345/459] INJV
[12:52:11] [346/459] GOLC
[12:52:12] [347/459] KOCI
[12:52:13] [348/459] FSTD
[12:52:16] [349/459] PACJ
[12:52:17] [350/459] GMCN
[12:52:18] [351/459] MMDJ
[12:52:19] [352/459] GODH
[12:52:20] [353/459] SKYN
[12:52:21] [354/459] NCTH
[12:52:22] [355/459] SKVZ
[12:52:23] [356/459] SVML
[12:52:24] [357/459] ACVZ
[12:52:25] [358/459] SURA
[12:52:26] [359/459] RTRB
[12:52:27] [360/459] LLCT
[12:52:28] [361/459] ATTS
[12:52:28] [362/459] JYCM
[12:52:29] [363/459] CTKR
[12:52:30] [364/459] LCKR
[12:52:31] [365/459] NYCV
[12:52:32] [366/459] NYOH
[12:52:33] [367/459] NOVX
[12:52:33] [368/459] MRGK
[12:52:34] [369/459] MOON
[12:52:35] [370/459] SBUC
[12:52:36] [371/459] GSVA
[12:52:37] [372/459] VIAK
[12:52:38] [373/459] SMVZ
[12:52:40] [374/459] MATE
[12:52:43] [375/459] RDCN
[12:52:44] [376/459] ASBL
[12:52:45] [377/459] ASVS
[12:52:46] [378/459] ASSR
[12:52:47] [379/459] SSKN
[12:52:48] [380/459] DRPV
[12:52:49] [381/459] MRHT
[12:52:50] [382/459] BSCN
[12:52:51] [383/459] RKNX
[12:52:52] [384/459] MSMC
[12:52:53] [385/459] MSCJ
[12:52:53] [386/459] BTBJ
[12:52:54] [387/459] MJCC
[12:52:55] [388/459] IOMM
[12:52:56] [389/459] ADGR
[12:52:57] [390/459] MYCP
[12:52:57] [391/459] IGCM
[12:52:58] [392/459] PGRK
[12:52:59] [393/459] VPGO
[12:53:00] [394/459] KOMS
[12:53:00] [395/459] URGG
[12:53:04] [396/459] GOST
[12:53:07] [397/459] LACT
[12:53:08] [398/459] BWCM
[12:53:08] [399/459] NCCW
[12:53:09] [400/459] SKYC
[12:53:11] [401/459] CCPM
[12:53:12] [402/459] VCBT
[12:53:13] [403/459] SDKR
[12:53:14] [404/459] CTYB
[12:53:15] [405/459] SHCX
[12:53:17] [406/459] RCUN
[12:53:18] [407/459] CNRA
[12:53:19] [408/459] RFCA
[12:53:19] [409/459] RDCU
[12:53:20] [410/459] SARK
[12:53:22] [411/459] SPPP
[12:53:23] [412/459] ADMB
[12:53:24] [413/459] JYOE
[12:53:25] [414/459] SRMD
[12:53:25] [415/459] RJDH
[12:53:26] [416/459] SSTD
[12:53:27] [417/459] AACV
[12:53:29] [418/459] PPVD
[12:53:30] [419/459] STCP
[12:53:31] [420/459] ANJR
[12:53:32] [421/459] ANLS
[12:53:33] [422/459] BIJO
[12:53:34] [423/459] AVAB
[12:53:35] [424/459] SPMD
[12:53:37] [425/459] SVJL
[12:53:38] [426/459] SDDJ
[12:53:39] [427/459] SLTU
[12:53:40] [428/459] SAKA
[12:53:40] [429/459] PMAM
[12:53:42] [430/459] FNAM
[12:53:43] [431/459] ACAM
[12:53:44] [432/459] SCMM
[12:53:44] [433/459] PMAK
[12:53:46] [434/459] NYSA
[12:53:47] [435/459] FCPA
[12:53:48] [436/459] GDAN
[12:53:48] [437/459] RSCA
[12:53:49] [438/459] DMAN
[12:53:50] [439/459] DZCM
[12:53:51] [440/459] NSGL
[12:53:52] [441/459] CCPP
[12:53:53] [442/459] PSMG
[12:53:54] [443/459] GSER
[12:53:55] [444/459] FCCT
[12:53:56] [445/459] FCTB
[12:53:56] [446/459] LCNK
[12:53:57] [447/459] SKTY
[12:53:59] [448/459] INAA
[12:53:59] [449/459] RCWN
[12:54:00] [450/459] VAIS
[12:54:01] [451/459] CVMN
[12:54:02] [452/459] INTS
[12:54:03] [453/459] FRGS
[12:54:04] [454/459] DTCK
[12:54:04] [455/459] MCMH
[12:54:05] [456/459] ECRR
[12:54:06] [457/459] RLLP
[12:54:07] [458/459] CCSN
[12:54:08] [459/459] CCBA
[12:54:09] 🧹 Deduping shows
[12:54:09] ✅ DONE | Shows=2819 | Movies=71
