[02:40:33] 🚀 SCRIPT STARTED
[02:40:33] [1/459] FNDB
[02:40:33] 🧠 New identity created
[02:40:34] [2/459] AMBH
[02:40:35] [3/459] PRHN
[02:40:36] [4/459] ACPM
[02:40:37] [5/459] PVFS
[02:40:38] [6/459] AACN
[02:40:39] [7/459] ACAS
[02:40:40] [8/459] CTNR
[02:40:41] [9/459] MMAH
[02:40:42] [10/459] CPMH
[02:40:43] [11/459] IGMH
[02:40:44] [12/459] ABCS
[02:40:45] [13/459] CMMA
[02:40:46] [14/459] GPRH
[02:40:47] [15/459] PNNG
[02:40:47] [16/459] AMCA
[02:40:48] [17/459] ISTN
[02:40:49] [18/459] PIIC
[02:40:50] [19/459] AHMH
[02:40:51] [20/459] ASHN
[02:40:52] [21/459] INHY
[02:40:53] [22/459] SRMO
[02:40:54] [23/459] PIMH
[02:40:54] [24/459] PVTS
[02:40:55] [25/459] MMCA
[02:40:56] [26/459] AKYJ
[02:40:57] [27/459] BRKH
[02:40:58] [28/459] MAHM
[02:40:59] [29/459] CPHY
[02:41:00] [30/459] PVTP
[02:41:01] [31/459] SMMR
[02:41:03] [32/459] PVHM
[02:41:04] [33/459] SNDY
[02:41:06] [34/459] GOKU
[02:41:07] [35/459] ACEV
[02:41:08] [36/459] PVUM
[02:41:08] [37/459] VSWA
[02:41:09] [38/459] IPRS
[02:41:10] [39/459] ASGN
[02:41:12] [40/459] BKMV
[02:41:13] [41/459] PVYH
[02:41:14] [42/459] INKM
[02:41:15] [43/459] ARJU
[02:41:16] [44/459] JJPP
[02:41:16] [45/459] SSRM
[02:41:17] [46/459] HMHD
[02:41:18] [47/459] SNKH
[02:41:19] [48/459] ACHI
[02:41:20] [49/459] MRAA
[02:41:21] [50/459] INMH
[02:41:22] [51/459] ARMH
[02:41:22] [52/459] DVRR
[02:41:23] [53/459] SUDA
[02:41:24] [54/459] MCSS
[02:41:25] [55/459] VRKC
[02:41:26] [56/459] PRCX
[02:41:27] [57/459] ASJY
[02:41:28] [58/459] MTHY
[02:41:29] [59/459] SRCM
[02:41:30] [60/459] TVHY
[02:41:31] [61/459] STHD
[02:41:32] [62/459] CPCL
[02:41:33] [63/459] PSMJ
[02:41:34] [64/459] MRGT
[02:41:35] [65/459] ARYH
[02:41:36] [66/459] VTRB
[02:41:36] [67/459] SCHC
[02:41:37] [68/459] MRRG
[02:41:38] [69/459] SPCB
[02:41:39] [70/459] AMCM
[02:41:40] [71/459] IVNM
[02:41:41] [72/459] TRHY
[02:41:42] [73/459] PTTH
[02:41:43] [74/459] RKMH
[02:41:44] [75/459] PRCS
[02:41:45] [76/459] VAJA
[02:41:46] [77/459] BJNG
[02:41:47] [78/459] SCVM
[02:41:48] [79/459] GNHB
[02:41:50] [80/459] TLUR
[02:41:51] [81/459] UKCC
[02:41:51] [82/459] SRKR
[02:41:52] [83/459] RMKN
[02:41:53] [84/459] SLRT
[02:41:54] [85/459] LKMT
[02:41:54] [86/459] SSRJ
[02:41:55] [87/459] SPHT
[02:41:56] [88/459] ANTT
[02:41:56] [89/459] SRCH
[02:41:57] [90/459] SRCA
[02:41:58] [91/459] ARTH
[02:42:00] [92/459] MCBH
[02:42:01] [93/459] SNIB
[02:42:01] [94/459] SART
[02:42:02] [95/459] SKTA
[02:42:04] [96/459] YAKT
[02:42:05] [97/459] MLCK
[02:42:06] [98/459] ANTS
[02:42:06] [99/459] DGCA
[02:42:07] [100/459] SGMP
[02:42:08] [101/459] ASWN
[02:42:10] [102/459] KFVU
[02:42:10] [103/459] POOR
[02:42:11] [104/459] GKDN
[02:42:12] [105/459] EOSE
[02:42:13] [106/459] GTTT
[02:42:14] [107/459] ARRO
[02:42:14] [108/459] CMMK
[02:42:15] [109/459] MSCN
[02:42:16] [110/459] GDKH
[02:42:17] [111/459] DLMT
[02:42:18] [112/459] PVMF
[02:42:19] [113/459] CPCK
[02:42:19] [114/459] VMHE
[02:42:20] [115/459] PVLC
[02:42:21] [116/459] PCVB
[02:42:22] [117/459] SNYK
[02:42:23] [118/459] KTEK
[02:42:24] [119/459] PCNM
[02:42:25] [120/459] NTTR
[02:42:26] [121/459] CPSK
[02:42:27] [122/459] JMMA
[02:42:27] [123/459] GCFK
[02:42:28] [124/459] MYCA
[02:42:29] [125/459] KSNP
[02:42:30] [126/459] PMCE
[02:42:31] [127/459] SCKI
[02:42:32] [128/459] FSMA
[02:42:33] [129/459] CETA
[02:42:34] [130/459] MCIK
[02:42:34] [131/459] MYCR
[02:42:35] [132/459] EVMP
[02:42:36] [133/459] SSGT
[02:42:37] [134/459] KCTK
[02:42:38] [135/459] ZTKC
[02:42:39] [136/459] MMTA
[02:42:40] [137/459] MAJT
[02:42:41] [138/459] ACPK
[02:42:42] [139/459] JMAX
[02:42:42] [140/459] SETK
[02:42:43] [141/459] CAIS
[02:42:44] [142/459] AGCD
[02:42:45] [143/459] URCL
[02:42:45] [144/459] VTDS
[02:42:46] [145/459] JCNM
[02:42:47] [146/459] KCAM
[02:42:48] [147/459] ADCU
[02:42:49] [148/459] GXYN
[02:42:50] [149/459] SMJG
[02:42:51] [150/459] EYCJ
[02:42:52] [151/459] CCEJ
[02:42:52] [152/459] MARS
[02:42:53] [153/459] CPVJ
[02:42:54] [154/459] INVP
[02:42:55] [155/459] CPOV
[02:42:56] [156/459] VIJK
[02:42:57] [157/459] LAIM
[02:42:57] [158/459] STHV
[02:42:59] [159/459] SVLJ
[02:43:00] [160/459] ATVJ
[02:43:01] [161/459] JTSC
[02:43:01] [162/459] RMTV
[02:43:02] [163/459] MGGG
[02:43:03] [164/459] SWTH
[02:43:04] [165/459] INVJ
[02:43:05] [166/459] PRSV
[02:43:06] [167/459] JATV
[02:43:07] [168/459] RCVD
[02:43:07] [169/459] BDMA
[02:43:08] [170/459] BLJI
[02:43:09] [171/459] SWOT
[02:43:10] [172/459] SWRN
[02:43:11] [173/459] TVRA
[02:43:11] [174/459] VCSV
[02:43:12] [175/459] NVRN
[02:43:13] [176/459] SIKC
[02:43:14] [177/459] VAKR
[02:43:14] [178/459] SYLN
[02:43:15] [179/459] KLJL
[02:43:16] [180/459] LKMY
[02:43:17] [181/459] VSLY
[02:43:18] [182/459] CIKO
[02:43:18] [183/459] GPBG
[02:43:19] [184/459] CECM
[02:43:20] [185/459] SLKB
[02:43:21] [186/459] MTBO
[02:43:22] [187/459] SSHB
[02:43:23] [188/459] VPCS
[02:43:24] [189/459] RCSR
[02:43:24] [190/459] RJRM
[02:43:25] [191/459] KPPB
[02:43:26] [192/459] SEDC
[02:43:27] [193/459] SCAI
[02:43:28] [194/459] RMTR
[02:43:29] [195/459] ASST
[02:43:30] [196/459] GCAK
[02:43:30] [197/459] ANNK
[02:43:31] [198/459] KDDF
[02:43:32] [199/459] NRDP
[02:43:33] [200/459] PLAK
[02:43:33] [201/459] GCMC
[02:43:34] [202/459] ALPY
[02:43:35] [203/459] SICE
[02:43:37] [204/459] SISR
[02:43:37] [205/459] SRPZ
[02:43:38] [206/459] SRSW
[02:43:39] [207/459] SUYA
[02:43:40] [208/459] AMMT
[02:43:41] [209/459] BHCU
[02:43:42] [210/459] KLPA
[02:43:43] [211/459] NVKH
[02:43:44] [212/459] JMRC
[02:43:45] [213/459] KTTT
[02:43:46] [214/459] MAGH
[02:43:47] [215/459] MMMX
[02:43:47] [216/459] SALJ
[02:43:48] [217/459] GTJA
[02:43:49] [218/459] MAHT
[02:43:50] [219/459] SSNN
[02:43:51] [220/459] ARRP
[02:43:52] [221/459] ATNS
[02:43:53] [222/459] SKDT
[02:43:54] [223/459] ACAT
[02:43:54] [224/459] APRC
[02:43:55] [225/459] SWAG
[02:43:56] [226/459] SDPT
[02:43:57] [227/459] STPS
[02:43:58] [228/459] WWCZ
[02:43:59] [229/459] LLCH
[02:44:00] [230/459] MZHA
[02:44:01] [231/459] CRJG
[02:44:02] [232/459] JGTK
[02:44:03] [233/459] KCSR
[02:44:04] [234/459] CHTL
[02:44:05] [235/459] EDSR
[02:44:05] [236/459] CSWO
[02:44:07] [237/459] CPVM
[02:44:08] [238/459] MXBY
[02:44:08] [239/459] FMMA
[02:44:09] [240/459] POVI
[02:44:10] [241/459] MTHB
[02:44:11] [242/459] INRC
[02:44:12] [243/459] PIPP
[02:44:13] [244/459] BMXC
[02:44:14] [245/459] PCMM
[02:44:14] [246/459] PMKM
[02:44:15] [247/459] GATY
[02:44:17] [248/459] IMCM
[02:44:18] [249/459] POPE
[02:44:19] [250/459] MTCR
[02:44:19] [251/459] PVAE
[02:44:20] [252/459] PVMI
[02:44:21] [253/459] CPNM
[02:44:22] [254/459] FMRL
[02:44:23] [255/459] MCIW
[02:44:24] [256/459] MXBO
[02:44:25] [257/459] FMKY
[02:44:26] [258/459] FMDA
[02:44:28] [259/459] THAB
[02:44:29] [260/459] PRCW
[02:44:29] [261/459] PITI
[02:44:30] [262/459] MCFF
[02:44:31] [263/459] PDDV
[02:44:32] [264/459] MCRM
[02:44:32] [265/459] KKMB
[02:44:33] [266/459] INKO
[02:44:34] [267/459] PLXP
[02:44:35] [268/459] MMHA
[02:44:36] [269/459] FMVS
[02:44:37] [270/459] POLM
[02:44:38] [271/459] STER
[02:44:39] [272/459] PVWJ
[02:44:40] [273/459] IMJW
[02:44:41] [274/459] FNAN
[02:44:42] [275/459] CAGL
[02:44:43] [276/459] IPBG
[02:44:43] [277/459] SMFV
[02:44:44] [278/459] MMMR
[02:44:45] [279/459] MMWM
[02:44:46] [280/459] FNCM
[02:44:47] [281/459] MDVA
[02:44:48] [282/459] MMET
[02:44:49] [283/459] MIDO
[02:44:50] [284/459] INNP
[02:44:51] [285/459] MIFU
[02:44:52] [286/459] MMSZ
[02:44:53] [287/459] BMXA
[02:44:54] [288/459] MCAA
[02:44:55] [289/459] SCVP
[02:44:55] [290/459] PLUS
[02:44:56] [291/459] MUCK
[02:44:57] [292/459] MTMA
[02:44:58] [293/459] HPVR
[02:44:59] [294/459] PMPK
[02:45:00] [295/459] MAJB
[02:45:00] [296/459] CTRR
[02:45:01] [297/459] MCTG
[02:45:02] [298/459] MACE
[02:45:03] [299/459] AAAS
[02:45:04] [300/459] CPVV
[02:45:05] [301/459] RCHG
[02:45:06] [302/459] MCNE
[02:45:08] [303/459] EMNC
[02:45:08] [304/459] MCAN
[02:45:09] [305/459] TCDM
[02:45:10] [306/459] IRGT
[02:45:11] [307/459] GCMG
[02:45:12] [308/459] MXSN
[02:45:12] [309/459] MXCK
[02:45:13] [310/459] MCRC
[02:45:14] [311/459] RSMI
[02:45:15] [312/459] WAML
[02:45:16] [313/459] MTSC
[02:45:17] [314/459] FMDR
[02:45:17] [315/459] LEPV
[02:45:18] [316/459] MTGD
[02:45:19] [317/459] IMOB
[02:45:20] [318/459] CLMM
[02:45:20] [319/459] PZCD
[02:45:21] [320/459] GOCS
[02:45:22] [321/459] KCMA
[02:45:23] [322/459] CCMP
[02:45:24] [323/459] MTSU
[02:45:25] [324/459] SNGL
[02:45:26] [325/459] MMMC
[02:45:26] [326/459] MMAA
[02:45:27] [327/459] GCDM
[02:45:28] [328/459] KTMV
[02:45:29] [329/459] AETE
[02:45:30] [330/459] OMCS
[02:45:31] [331/459] GDCD
[02:45:32] [332/459] NYMD
[02:45:32] [333/459] RNCV
[02:45:33] [334/459] KKMT
[02:45:34] [335/459] GDTH
[02:45:36] [336/459] KMMV
[02:45:36] [337/459] NHCG
[02:45:37] [338/459] PJDW
[02:45:38] [339/459] MMCV
[02:45:39] [340/459] FQSA
[02:45:40] [341/459] KURL
[02:45:40] [342/459] NNNX
[02:45:41] [343/459] AMAU
[02:45:42] [344/459] VVVM
[02:45:43] [345/459] VECU
[02:45:44] [346/459] WCVR
[02:45:45] [347/459] MTGG
[02:45:45] [348/459] SGTG
[02:45:46] [349/459] MNTG
[02:45:47] [350/459] JDDG
[02:45:47] [351/459] MBTK
[02:45:48] [352/459] SGCD
[02:45:49] [353/459] MCTC
[02:45:50] [354/459] JTPC
[02:45:51] [355/459] SDKT
[02:45:52] [356/459] KRCC
[02:45:53] [357/459] RMMD
[02:45:53] [358/459] AAME
[02:45:54] [359/459] TMWC
[02:45:55] [360/459] NRWY
[02:45:56] [361/459] CITD
[02:45:57] [362/459] VERD
[02:45:57] [363/459] MKSK
[02:45:58] [364/459] STSM
[02:45:59] [365/459] MJDG
[02:46:00] [366/459] RKPM
[02:46:01] [367/459] SSCE
[02:46:02] [368/459] VMAE
[02:46:03] [369/459] SBRU
[02:46:03] [370/459] AMBC
[02:46:04] [371/459] AMLU
[02:46:05] [372/459] INVZ
[02:46:06] [373/459] LGTV
[02:46:07] [374/459] SVAD
[02:46:08] [375/459] SMSA
[02:46:09] [376/459] SPCZ
[02:46:11] [377/459] GTCX
[02:46:12] [378/459] SCSL
[02:46:12] [379/459] SAHU
[02:46:13] [380/459] NCDA
[02:46:14] [381/459] SCCG
[02:46:15] [382/459] VKTL
[02:46:15] [383/459] PUUJ
[02:46:16] [384/459] STEJ
[02:46:17] [385/459] RJAL
[02:46:18] [386/459] ACJC
[02:46:19] [387/459] VTHC
[02:46:20] [388/459] ARVB
[02:46:20] [389/459] AUBB
[02:46:21] [390/459] GDBR
[02:46:22] [391/459] PVND
[02:46:23] [392/459] BGRJ
[02:46:24] [393/459] RJMM
[02:46:25] [394/459] MCSA
[02:46:26] [395/459] BODA
[02:46:26] [396/459] JAGG
[02:46:27] [397/459] SCGA
[02:46:28] [398/459] LRCM
[02:46:29] [399/459] CPCN
[02:46:30] [400/459] SSTF
[02:46:31] [401/459] SRXP
[02:46:31] [402/459] CNFX
[02:46:32] [403/459] ANDI
[02:46:33] [404/459] SYEW
[02:46:34] [405/459] RCRE
[02:46:34] [406/459] SCRW
[02:46:36] [407/459] MBKR
[02:46:37] [408/459] ASNT
[02:46:38] [409/459] JTMT
[02:46:39] [410/459] SHAY
[02:46:39] [411/459] VRTH
[02:46:40] [412/459] SPTI
[02:46:41] [413/459] DPTD
[02:46:42] [414/459] TGSN
[02:46:43] [415/459] RCWV
[02:46:44] [416/459] OCUR
[02:46:45] [417/459] KSTC
[02:46:46] [418/459] SANI
[02:46:47] [419/459] MLCA
[02:46:47] [420/459] EGCA
[02:46:48] [421/459] SYSN
[02:46:49] [422/459] PKTA
[02:46:50] [423/459] PRCC
[02:46:51] [424/459] KSTR
[02:46:52] [425/459] SNTP
[02:46:53] [426/459] RCHA
[02:46:54] [427/459] SEEA
[02:46:55] [428/459] ALAT
[02:46:56] [429/459] AATV
[02:46:57] [430/459] RJTE
[02:46:57] [431/459] AAPP
[02:46:59] [432/459] PMMH
[02:47:00] [433/459] INRJ
[02:47:00] [434/459] SARB
[02:47:01] [435/459] PCJL
[02:47:02] [436/459] PFJJ
[02:47:03] [437/459] GRDC
[02:47:04] [438/459] BCBA
[02:47:05] [439/459] VIXL
[02:47:06] [440/459] CSTL
[02:47:07] [441/459] MTDK
[02:47:08] [442/459] TDAC
[02:47:09] [443/459] GTDN
[02:47:09] [444/459] TTDE
[02:47:10] [445/459] ASTS
[02:47:11] [446/459] CPNS
[02:47:12] [447/459] PVVW
[02:47:13] [448/459] USEB
[02:47:14] [449/459] DTYN
[02:47:15] [450/459] PVLE
[02:47:16] [451/459] CIPS
[02:47:16] [452/459] PAEG
[02:47:17] [453/459] PTCW
[02:47:18] [454/459] G3SR
[02:47:19] [455/459] PGND
[02:47:20] [456/459] INVM
[02:47:21] [457/459] SPIA
[02:47:23] [458/459] PCSN
[02:47:24] [459/459] PPGV
[02:47:24] 🧹 Deduping shows
[02:47:24] ✅ DONE | Shows=4445 | Movies=76
