[02:40:34] 🚀 SCRIPT STARTED
[02:40:34] [1/296] CDCA
[02:40:34] 🧠 New identity created
[02:40:35] [2/296] MNSR
[02:40:36] [3/296] CSSL
[02:40:37] [4/296] BGGM
[02:40:37] [5/296] MANT
[02:40:38] [6/296] SOOY
[02:40:39] [7/296] VPPK
[02:40:40] [8/296] MYHJ
[02:40:41] [9/296] KSCK
[02:40:42] [10/296] KATK
[02:40:43] [11/296] RTRT
[02:40:44] [12/296] SSTT
[02:40:45] [13/296] SSTV
[02:40:46] [14/296] LACM
[02:40:47] [15/296] SGMG
[02:40:48] [16/296] KACX
[02:40:48] [17/296] GVCP
[02:40:49] [18/296] CSNC
[02:40:50] [19/296] SXCB
[02:40:51] [20/296] BAHS
[02:40:51] [21/296] PCBI
[02:40:52] [22/296] PSSM
[02:40:53] [23/296] RCOK
[02:40:55] [24/296] SCPF
[02:40:56] [25/296] SSAS
[02:40:57] [26/296] EVMM
[02:40:58] [27/296] SYCB
[02:40:59] [28/296] GCKI
[02:40:59] [29/296] IAET
[02:41:00] [30/296] DDTD
[02:41:01] [31/296] GMDH
[02:41:02] [32/296] STLE
[02:41:03] [33/296] JTRA
[02:41:03] [34/296] RPPA
[02:41:04] [35/296] ARUT
[02:41:05] [36/296] JTVM
[02:41:06] [37/296] SWRH
[02:41:07] [38/296] DCPC
[02:41:08] [39/296] RAPR
[02:41:08] [40/296] GCRT
[02:41:09] [41/296] ATUN
[02:41:10] [42/296] LTRM
[02:41:11] [43/296] TASR
[02:41:12] [44/296] RLLC
[02:41:13] [45/296] MABI
[02:41:14] [46/296] SVHB
[02:41:15] [47/296] NVTB
[02:41:15] [48/296] KCKG
[02:41:16] [49/296] SSRN
[02:41:17] [50/296] VDDC
[02:41:18] [51/296] GKTK
[02:41:19] [52/296] YFSN
[02:41:20] [53/296] GCSG
[02:41:21] [54/296] ESSM
[02:41:22] [55/296] KRIH
[02:41:23] [56/296] GCDS
[02:41:23] [57/296] CCSH
[02:41:24] [58/296] ACSK
[02:41:25] [59/296] APRK
[02:41:27] [60/296] ADKM
[02:41:28] [61/296] SRDM
[02:41:29] [62/296] RMOG
[02:41:29] [63/296] SJMY
[02:41:30] [64/296] PGGC
[02:41:31] [65/296] INGM
[02:41:32] [66/296] LSCB
[02:41:32] [67/296] STAD
[02:41:33] [68/296] MCCR
[02:41:34] [69/296] ABCC
[02:41:35] [70/296] RKCC
[02:41:36] [71/296] RTCR
[02:41:37] [72/296] GGBC
[02:41:37] [73/296] GCSD
[02:41:38] [74/296] LPTY
[02:41:39] [75/296] MCFD
[02:41:40] [76/296] HENN
[02:41:41] [77/296] SMKU
[02:41:42] [78/296] TNZC
[02:41:43] [79/296] DRCD
[02:41:44] [80/296] DLCD
[02:41:45] [81/296] RCDA
[02:41:46] [82/296] COSM
[02:41:46] [83/296] MCMJ
[02:41:47] [84/296] CSTR
[02:41:48] [85/296] CVDK
[02:41:49] [86/296] INRR
[02:41:50] [87/296] RJRT
[02:41:50] [88/296] IRMR
[02:41:51] [89/296] SRCF
[02:41:52] [90/296] GRCR
[02:41:53] [91/296] SURC
[02:41:54] [92/296] NMNH
[02:41:54] [93/296] SVBL
[02:41:55] [94/296] KACI
[02:41:56] [95/296] TDGO
[02:41:57] [96/296] KTBR
[02:41:58] [97/296] PMAD
[02:41:59] [98/296] CCPN
[02:42:00] [99/296] SBTK
[02:42:01] [100/296] LMDK
[02:42:02] [101/296] PGDA
[02:42:03] [102/296] SRML
[02:42:05] [103/296] EVCK
[02:42:06] [104/296] RTTK
[02:42:07] [105/296] SRTU
[02:42:07] [106/296] VRSA
[02:42:08] [107/296] VARS
[02:42:10] [108/296] DSCZ
[02:42:10] [109/296] GAGA
[02:42:11] [110/296] SARV
[02:42:12] [111/296] SEEG
[02:42:14] [112/296] GLCA
[02:42:15] [113/296] APAS
[02:42:15] [114/296] VCIA
[02:42:16] [115/296] SJTA
[02:42:17] [116/296] SABM
[02:42:18] [117/296] PPAG
[02:42:18] [118/296] RVCA
[02:42:19] [119/296] CCIA
[02:42:20] [120/296] HTAG
[02:42:21] [121/296] SMBI
[02:42:22] [122/296] MCJR
[02:42:23] [123/296] CCJR
[02:42:23] [124/296] SINF
[02:42:24] [125/296] CPLX
[02:42:25] [126/296] KKTJ
[02:42:26] [127/296] GDBW
[02:42:28] [128/296] CSUB
[02:42:28] [129/296] DABA
[02:42:29] [130/296] TITR
[02:42:31] [131/296] NYCR
[02:42:32] [132/296] RTRY
[02:42:33] [133/296] JTJL
[02:42:34] [134/296] SJCP
[02:42:34] [135/296] KCCA
[02:42:35] [136/296] MLPG
[02:42:36] [137/296] VRCK
[02:42:37] [138/296] SRIN
[02:42:38] [139/296] CXMK
[02:42:39] [140/296] SKAD
[02:42:40] [141/296] AVTR
[02:42:40] [142/296] PTAJ
[02:42:41] [143/296] SCNK
[02:42:42] [144/296] STTI
[02:42:43] [145/296] KACR
[02:42:44] [146/296] SSDX
[02:42:46] [147/296] VRTJ
[02:42:46] [148/296] RAJD
[02:42:47] [149/296] SCIP
[02:42:48] [150/296] RJSL
[02:42:48] [151/296] ARRS
[02:42:49] [152/296] ASMS
[02:42:50] [153/296] RDTS
[02:42:51] [154/296] DVMY
[02:42:52] [155/296] RASA
[02:42:53] [156/296] INOM
[02:42:54] [157/296] SPRS
[02:42:55] [158/296] SGCS
[02:42:56] [159/296] SALM
[02:42:57] [160/296] PKHC
[02:42:58] [161/296] RCSV
[02:42:59] [162/296] CPKC
[02:43:00] [163/296] AACD
[02:43:01] [164/296] GGCV
[02:43:02] [165/296] SMKD
[02:43:03] [166/296] NBCH
[02:43:05] [167/296] AMCB
[02:43:06] [168/296] OPCN
[02:43:07] [169/296] DCIN
[02:43:07] [170/296] INGW
[02:43:09] [171/296] PKKW
[02:43:10] [172/296] FNGW
[02:43:10] [173/296] GCGD
[02:43:11] [174/296] MSTW
[02:43:12] [175/296] KCCG
[02:43:13] [176/296] MRSS
[02:43:14] [177/296] CLCF
[02:43:15] [178/296] EETS
[02:43:17] [179/296] AATR
[02:43:17] [180/296] CMMN
[02:43:18] [181/296] SCCJ
[02:43:19] [182/296] CDTK
[02:43:20] [183/296] AICP
[02:43:21] [184/296] FNBP
[02:43:21] [185/296] CBPB
[02:43:22] [186/296] CPAS
[02:43:23] [187/296] MAPM
[02:43:24] [188/296] PASD
[02:43:25] [189/296] JCMN
[02:43:25] [190/296] MALB
[02:43:26] [191/296] SACG
[02:43:27] [192/296] DDRX
[02:43:28] [193/296] DDXB
[02:43:28] [194/296] RAMC
[02:43:29] [195/296] SANC
[02:43:30] [196/296] BCBP
[02:43:31] [197/296] ALPC
[02:43:32] [198/296] RBAC
[02:43:33] [199/296] RAJL
[02:43:34] [200/296] MPDX
[02:43:35] [201/296] MUSC
[02:43:36] [202/296] VKMK
[02:43:37] [203/296] SKCG
[02:43:38] [204/296] ANCN
[02:43:39] [205/296] MMCJ
[02:43:40] [206/296] DCAK
[02:43:41] [207/296] SCKG
[02:43:42] [208/296] LMCK
[02:43:42] [209/296] CKKX
[02:43:43] [210/296] ANKU
[02:43:44] [211/296] CSMD
[02:43:45] [212/296] MKMP
[02:43:46] [213/296] SVBG
[02:43:47] [214/296] ROOP
[02:43:48] [215/296] GDMT
[02:43:48] [216/296] FPPF
[02:43:49] [217/296] SFUU
[02:43:50] [218/296] ANCB
[02:43:51] [219/296] SMMC
[02:43:52] [220/296] UGKT
[02:43:52] [221/296] JVRM
[02:43:53] [222/296] BATG
[02:43:54] [223/296] RATE
[02:43:55] [224/296] SKME
[02:43:56] [225/296] LMTP
[02:43:56] [226/296] TCBD
[02:43:57] [227/296] ESBD
[02:43:58] [228/296] GDCU
[02:43:59] [229/296] SNKT
[02:44:00] [230/296] SRNK
[02:44:01] [231/296] SMED
[02:44:01] [232/296] CSQS
[02:44:02] [233/296] ALCS
[02:44:03] [234/296] KCKN
[02:44:04] [235/296] VCCL
[02:44:06] [236/296] MCDA
[02:44:07] [237/296] SHMI
[02:44:08] [238/296] SKHA
[02:44:08] [239/296] SVFK
[02:44:09] [240/296] INVB
[02:44:10] [241/296] MELD
[02:44:11] [242/296] JTYS
[02:44:12] [243/296] INCM
[02:44:13] [244/296] MCDV
[02:44:13] [245/296] KSGK
[02:44:14] [246/296] ICMG
[02:44:18] [247/296] CSCV
[02:44:19] [248/296] STMD
[02:44:20] [249/296] STTR
[02:44:20] [250/296] INVC
[02:44:21] [251/296] JTBL
[02:44:22] [252/296] SRVV
[02:44:23] [253/296] MAVC
[02:44:24] [254/296] SRPP
[02:44:25] [255/296] JGDM
[02:44:25] [256/296] MBSJ
[02:44:26] [257/296] SSLL
[02:44:27] [258/296] SLKP
[02:44:28] [259/296] NSRV
[02:44:29] [260/296] UTDV
[02:44:30] [261/296] KICM
[02:44:31] [262/296] KCMD
[02:44:32] [263/296] TTPP
[02:44:33] [264/296] KMPV
[02:44:34] [265/296] SKTV
[02:44:34] [266/296] STCV
[02:44:36] [267/296] SRDA
[02:44:37] [268/296] JTSX
[02:44:39] [269/296] STBV
[02:44:40] [270/296] APVZ
[02:44:40] [271/296] GSTV
[02:44:42] [272/296] NMVS
[02:44:42] [273/296] SKRT
[02:44:43] [274/296] RMDV
[02:44:44] [275/296] RATG
[02:44:45] [276/296] SJYV
[02:44:45] [277/296] NDGP
[02:44:46] [278/296] SNDG
[02:44:47] [279/296] INSR
[02:44:48] [280/296] INSO
[02:44:49] [281/296] CCSI
[02:44:50] [282/296] RASM
[02:44:51] [283/296] NEWC
[02:44:51] [284/296] VSHL
[02:44:52] [285/296] BISW
[02:44:53] [286/296] GCNG
[02:44:54] [287/296] CWSC
[02:44:55] [288/296] SKAN
[02:44:56] [289/296] SEHP
[02:44:56] [290/296] CCOA
[02:44:58] [291/296] MCAJ
[02:44:59] [292/296] ACDE
[02:45:00] [293/296] AACM
[02:45:01] [294/296] JJCK
[02:45:02] [295/296] RCMO
[02:45:03] [296/296] GDAW
[02:45:04] 🧹 Deduping shows
[02:45:04] ✅ DONE | Shows=1561 | Movies=53
[04:41:00] 🚀 SCRIPT STARTED
[04:41:00] [1/296] CDCA
[04:41:00] 🧠 New identity created
[04:41:01] [2/296] MNSR
[04:41:01] [3/296] CSSL
[04:41:02] [4/296] BGGM
[04:41:03] [5/296] MANT
[04:41:04] [6/296] SOOY
[04:41:05] [7/296] VPPK
[04:41:05] [8/296] MYHJ
[04:41:06] [9/296] KSCK
[04:41:07] [10/296] KATK
[04:41:08] [11/296] RTRT
[04:41:09] [12/296] SSTT
[04:41:10] [13/296] SSTV
[04:41:11] [14/296] LACM
[04:41:12] [15/296] SGMG
[04:41:13] [16/296] KACX
[04:41:14] [17/296] GVCP
[04:41:14] [18/296] CSNC
[04:41:15] [19/296] SXCB
[04:41:16] [20/296] BAHS
[04:41:18] [21/296] PCBI
[04:41:18] [22/296] PSSM
[04:41:19] [23/296] RCOK
[04:41:21] [24/296] SCPF
[04:41:21] [25/296] SSAS
[04:41:22] [26/296] EVMM
[04:41:23] [27/296] SYCB
[04:41:24] [28/296] GCKI
[04:41:25] [29/296] IAET
[04:41:26] [30/296] DDTD
[04:41:26] [31/296] GMDH
[04:41:27] [32/296] STLE
[04:41:28] [33/296] JTRA
[04:41:29] [34/296] RPPA
[04:41:30] [35/296] ARUT
[04:41:30] [36/296] JTVM
[04:41:32] [37/296] SWRH
[04:41:33] [38/296] DCPC
[04:41:33] [39/296] RAPR
[04:41:34] [40/296] GCRT
[04:41:35] [41/296] ATUN
[04:41:36] [42/296] LTRM
[04:41:37] [43/296] TASR
[04:41:38] [44/296] RLLC
[04:41:38] [45/296] MABI
[04:41:39] [46/296] SVHB
[04:41:41] [47/296] NVTB
[04:41:42] [48/296] KCKG
[04:41:43] [49/296] SSRN
[04:41:44] [50/296] VDDC
[04:41:45] [51/296] GKTK
[04:41:46] [52/296] YFSN
[04:41:47] [53/296] GCSG
[04:41:48] [54/296] ESSM
[04:41:48] [55/296] KRIH
[04:41:49] [56/296] GCDS
[04:41:50] [57/296] CCSH
[04:41:51] [58/296] ACSK
[04:41:52] [59/296] APRK
[04:41:53] [60/296] ADKM
[04:41:54] [61/296] SRDM
[04:41:55] [62/296] RMOG
[04:41:56] [63/296] SJMY
[04:41:57] [64/296] PGGC
[04:41:58] [65/296] INGM
[04:41:58] [66/296] LSCB
[04:41:59] [67/296] STAD
[04:42:00] [68/296] MCCR
[04:42:01] [69/296] ABCC
[04:42:02] [70/296] RKCC
[04:42:03] [71/296] RTCR
[04:42:04] [72/296] GGBC
[04:42:05] [73/296] GCSD
[04:42:05] [74/296] LPTY
[04:42:06] [75/296] MCFD
[04:42:07] [76/296] HENN
[04:42:08] [77/296] SMKU
[04:42:09] [78/296] TNZC
[04:42:10] [79/296] DRCD
[04:42:11] [80/296] DLCD
[04:42:11] [81/296] RCDA
[04:42:12] [82/296] COSM
[04:42:13] [83/296] MCMJ
[04:42:14] [84/296] CSTR
[04:42:15] [85/296] CVDK
[04:42:16] [86/296] INRR
[04:42:17] [87/296] RJRT
[04:42:17] [88/296] IRMR
[04:42:18] [89/296] SRCF
[04:42:19] [90/296] GRCR
[04:42:20] [91/296] SURC
[04:42:21] [92/296] NMNH
[04:42:22] [93/296] SVBL
[04:42:23] [94/296] KACI
[04:42:24] [95/296] TDGO
[04:42:25] [96/296] KTBR
[04:42:26] [97/296] PMAD
[04:42:26] [98/296] CCPN
[04:42:27] [99/296] SBTK
[04:42:28] [100/296] LMDK
[04:42:29] [101/296] PGDA
[04:42:30] [102/296] SRML
[04:42:32] [103/296] EVCK
[04:42:32] [104/296] RTTK
[04:42:33] [105/296] SRTU
[04:42:34] [106/296] VRSA
[04:42:35] [107/296] VARS
[04:42:36] [108/296] DSCZ
[04:42:36] [109/296] GAGA
[04:42:37] [110/296] SARV
[04:42:38] [111/296] SEEG
[04:42:39] [112/296] GLCA
[04:42:40] [113/296] APAS
[04:42:41] [114/296] VCIA
[04:42:41] [115/296] SJTA
[04:42:42] [116/296] SABM
[04:42:43] [117/296] PPAG
[04:42:44] [118/296] RVCA
[04:42:45] [119/296] CCIA
[04:42:46] [120/296] HTAG
[04:42:46] [121/296] SMBI
[04:42:48] [122/296] MCJR
[04:42:49] [123/296] CCJR
[04:42:50] [124/296] SINF
[04:42:51] [125/296] CPLX
[04:42:51] [126/296] KKTJ
[04:42:52] [127/296] GDBW
[04:42:53] [128/296] CSUB
[04:42:54] [129/296] DABA
[04:42:54] [130/296] TITR
[04:42:55] [131/296] NYCR
[04:42:56] [132/296] RTRY
[04:42:57] [133/296] JTJL
[04:42:58] [134/296] SJCP
[04:42:59] [135/296] KCCA
[04:43:00] [136/296] MLPG
[04:43:00] [137/296] VRCK
[04:43:01] [138/296] SRIN
[04:43:02] [139/296] CXMK
[04:43:03] [140/296] SKAD
[04:43:04] [141/296] AVTR
[04:43:05] [142/296] PTAJ
[04:43:06] [143/296] SCNK
[04:43:06] [144/296] STTI
[04:43:08] [145/296] KACR
[04:43:08] [146/296] SSDX
[04:43:09] [147/296] VRTJ
[04:43:10] [148/296] RAJD
[04:43:11] [149/296] SCIP
[04:43:12] [150/296] RJSL
[04:43:13] [151/296] ARRS
[04:43:14] [152/296] ASMS
[04:43:14] [153/296] RDTS
[04:43:15] [154/296] DVMY
[04:43:16] [155/296] RASA
[04:43:17] [156/296] INOM
[04:43:18] [157/296] SPRS
[04:43:19] [158/296] SGCS
[04:43:20] [159/296] SALM
[04:43:20] [160/296] PKHC
[04:43:21] [161/296] RCSV
[04:43:22] [162/296] CPKC
[04:43:23] [163/296] AACD
[04:43:24] [164/296] GGCV
[04:43:25] [165/296] SMKD
[04:43:25] [166/296] NBCH
[04:43:26] [167/296] AMCB
[04:43:27] [168/296] OPCN
[04:43:28] [169/296] DCIN
[04:43:29] [170/296] INGW
[04:43:29] [171/296] PKKW
[04:43:31] [172/296] FNGW
[04:43:32] [173/296] GCGD
[04:43:34] [174/296] MSTW
[04:43:34] [175/296] KCCG
[04:43:35] [176/296] MRSS
[04:43:37] [177/296] CLCF
[04:43:38] [178/296] EETS
[04:43:38] [179/296] AATR
[04:43:39] [180/296] CMMN
[04:43:40] [181/296] SCCJ
[04:43:41] [182/296] CDTK
[04:43:42] [183/296] AICP
[04:43:43] [184/296] FNBP
[04:43:44] [185/296] CBPB
[04:43:45] [186/296] CPAS
[04:43:46] [187/296] MAPM
[04:43:47] [188/296] PASD
[04:43:48] [189/296] JCMN
[04:43:49] [190/296] MALB
[04:43:49] [191/296] SACG
[04:43:50] [192/296] DDRX
[04:43:51] [193/296] DDXB
[04:43:52] [194/296] RAMC
[04:43:53] [195/296] SANC
[04:43:54] [196/296] BCBP
[04:43:54] [197/296] ALPC
[04:43:56] [198/296] RBAC
[04:43:57] [199/296] RAJL
[04:43:57] [200/296] MPDX
[04:43:59] [201/296] MUSC
[04:43:59] [202/296] VKMK
[04:44:00] [203/296] SKCG
[04:44:01] [204/296] ANCN
[04:44:01] [205/296] MMCJ
[04:44:02] [206/296] DCAK
[04:44:03] [207/296] SCKG
[04:44:04] [208/296] LMCK
[04:44:05] [209/296] CKKX
[04:44:05] [210/296] ANKU
[04:44:06] [211/296] CSMD
[04:44:08] [212/296] MKMP
[04:44:09] [213/296] SVBG
[04:44:10] [214/296] ROOP
[04:44:11] [215/296] GDMT
[04:44:12] [216/296] FPPF
[04:44:13] [217/296] SFUU
[04:44:14] [218/296] ANCB
[04:44:15] [219/296] SMMC
[04:44:16] [220/296] UGKT
[04:44:17] [221/296] JVRM
[04:44:18] [222/296] BATG
[04:44:19] [223/296] RATE
[04:44:20] [224/296] SKME
[04:44:21] [225/296] LMTP
[04:44:21] [226/296] TCBD
[04:44:23] [227/296] ESBD
[04:44:24] [228/296] GDCU
[04:44:25] [229/296] SNKT
[04:44:26] [230/296] SRNK
[04:44:26] [231/296] SMED
[04:44:27] [232/296] CSQS
[04:44:28] [233/296] ALCS
[04:44:29] [234/296] KCKN
[04:44:31] [235/296] VCCL
[04:44:32] [236/296] MCDA
[04:44:32] [237/296] SHMI
[04:44:33] [238/296] SKHA
[04:44:34] [239/296] SVFK
[04:44:35] [240/296] INVB
[04:44:35] [241/296] MELD
[04:44:36] [242/296] JTYS
[04:44:38] [243/296] INCM
[04:44:39] [244/296] MCDV
[04:44:40] [245/296] KSGK
[04:44:41] [246/296] ICMG
[04:44:42] [247/296] CSCV
[04:44:42] [248/296] STMD
[04:44:43] [249/296] STTR
[04:44:44] [250/296] INVC
[04:44:45] [251/296] JTBL
[04:44:45] [252/296] SRVV
[04:44:46] [253/296] MAVC
[04:44:47] [254/296] SRPP
[04:44:48] [255/296] JGDM
[04:44:49] [256/296] MBSJ
[04:44:50] [257/296] SSLL
[04:44:50] [258/296] SLKP
[04:44:52] [259/296] NSRV
[04:44:53] [260/296] UTDV
[04:44:53] [261/296] KICM
[04:44:54] [262/296] KCMD
[04:44:55] [263/296] TTPP
[04:44:56] [264/296] KMPV
[04:44:57] [265/296] SKTV
[04:44:58] [266/296] STCV
[04:44:59] [267/296] SRDA
[04:45:00] [268/296] JTSX
[04:45:01] [269/296] STBV
[04:45:02] [270/296] APVZ
[04:45:02] [271/296] GSTV
[04:45:03] [272/296] NMVS
[04:45:04] [273/296] SKRT
[04:45:05] [274/296] RMDV
[04:45:06] [275/296] RATG
[04:45:06] [276/296] SJYV
[04:45:07] [277/296] NDGP
[04:45:08] [278/296] SNDG
[04:45:09] [279/296] INSR
[04:45:10] [280/296] INSO
[04:45:10] [281/296] CCSI
[04:45:11] [282/296] RASM
[04:45:12] [283/296] NEWC
[04:45:13] [284/296] VSHL
[04:45:14] [285/296] BISW
[04:45:15] [286/296] GCNG
[04:45:16] [287/296] CWSC
[04:45:17] [288/296] SKAN
[04:45:18] [289/296] SEHP
[04:45:18] [290/296] CCOA
[04:45:19] [291/296] MCAJ
[04:45:20] [292/296] ACDE
[04:45:21] [293/296] AACM
[04:45:22] [294/296] JJCK
[04:45:22] [295/296] RCMO
[04:45:23] [296/296] GDAW
[04:45:24] 🧹 Deduping shows
[04:45:24] ✅ DONE | Shows=1561 | Movies=53
