[02:40:30] 🚀 SCRIPT STARTED
[02:40:30] [1/324] GCTA
[02:40:30] 🧠 New identity created
[02:40:31] [2/324] TOPN
[02:40:32] [3/324] MCUS
[02:40:33] [4/324] SHRL
[02:40:34] [5/324] UPTP
[02:40:35] [6/324] TMMP
[02:40:37] [7/324] DNRP
[02:40:37] [8/324] SRLT
[02:40:38] [9/324] RCNS
[02:40:39] [10/324] DCBH
[02:40:40] [11/324] NAGJ
[02:40:41] [12/324] JVRC
[02:40:42] [13/324] KRJG
[02:40:42] [14/324] SRTJ
[02:40:43] [15/324] CMXM
[02:40:44] [16/324] STMI
[02:40:45] [17/324] SLST
[02:40:46] [18/324] DTCN
[02:40:48] [19/324] STYN
[02:40:49] [20/324] SZVR
[02:40:49] [21/324] SRKO
[02:40:50] [22/324] JTGT
[02:40:51] [23/324] SVFD
[02:40:52] [24/324] SISD
[02:40:53] [25/324] ABDD
[02:40:54] [26/324] DRCA
[02:40:55] [27/324] AVCS
[02:40:56] [28/324] MVKH
[02:40:56] [29/324] ACPR
[02:40:57] [30/324] STIP
[02:40:59] [31/324] MTRA
[02:40:59] [32/324] RMKH
[02:41:00] [33/324] NKRL
[02:41:01] [34/324] PCWN
[02:41:02] [35/324] BLMT
[02:41:03] [36/324] GDPG
[02:41:04] [37/324] SRMX
[02:41:05] [38/324] JACP
[02:41:07] [39/324] CPSH
[02:41:07] [40/324] MCCD
[02:41:09] [41/324] ECGH
[02:41:09] [42/324] MKCK
[02:41:10] [43/324] SRMM
[02:41:11] [44/324] SKYR
[02:41:12] [45/324] PCKC
[02:41:13] [46/324] JCMA
[02:41:14] [47/324] BSMP
[02:41:14] [48/324] VSPA
[02:41:15] [49/324] DJYA
[02:41:16] [50/324] DIMP
[02:41:17] [51/324] FXDR
[02:41:17] [52/324] SSRC
[02:41:18] [53/324] STHP
[02:41:19] [54/324] CPPD
[02:41:20] [55/324] FCLK
[02:41:21] [56/324] SCPP
[02:41:21] [57/324] DCMJ
[02:41:22] [58/324] RCCR
[02:41:24] [59/324] INMT
[02:41:25] [60/324] LXTK
[02:41:26] [61/324] SRYK
[02:41:27] [62/324] SGDK
[02:41:28] [63/324] PPKA
[02:41:29] [64/324] SPKA
[02:41:30] [65/324] CGHH
[02:41:31] [66/324] DCJN
[02:41:32] [67/324] SRKV
[02:41:33] [68/324] SAJC
[02:41:33] [69/324] SUSR
[02:41:34] [70/324] STYG
[02:41:35] [71/324] NTKP
[02:41:36] [72/324] AKTG
[02:41:37] [73/324] CGCM
[02:41:38] [74/324] TULC
[02:41:39] [75/324] NYYZ
[02:41:40] [76/324] NYBW
[02:41:41] [77/324] MACB
[02:41:42] [78/324] SLVT
[02:41:43] [79/324] SANA
[02:41:44] [80/324] ACMR
[02:41:44] [81/324] CPKN
[02:41:45] [82/324] DLGK
[02:41:46] [83/324] CWCK
[02:41:47] [84/324] FDDH
[02:41:48] [85/324] MMMD
[02:41:48] [86/324] CMEH
[02:41:49] [87/324] GGGV
[02:41:51] [88/324] SPJL
[02:41:52] [89/324] RCCD
[02:41:53] [90/324] STTZ
[02:41:54] [91/324] BTCF
[02:41:55] [92/324] TSTZ
[02:41:55] [93/324] IPMM
[02:41:56] [94/324] PMPW
[02:41:57] [95/324] PCMZ
[02:41:58] [96/324] ESEM
[02:41:59] [97/324] PIPO
[02:41:59] [98/324] MATK
[02:42:00] [99/324] PGHM
[02:42:02] [100/324] CTSR
[02:42:04] [101/324] CYKR
[02:42:04] [102/324] MSCM
[02:42:05] [103/324] RFNP
[02:42:06] [104/324] PDCP
[02:42:07] [105/324] NPSE
[02:42:08] [106/324] MKML
[02:42:09] [107/324] FTDP
[02:42:09] [108/324] MMXA
[02:42:10] [109/324] CEPO
[02:42:11] [110/324] CMVP
[02:42:12] [111/324] SGTH
[02:42:12] [112/324] SAYN
[02:42:13] [113/324] URVS
[02:42:14] [114/324] VJTN
[02:42:15] [115/324] BBYK
[02:42:16] [116/324] SHBO
[02:42:17] [117/324] VCMR
[02:42:18] [118/324] MACT
[02:42:19] [119/324] JMNP
[02:42:19] [120/324] VICS
[02:42:20] [121/324] VCDA
[02:42:21] [122/324] GCMM
[02:42:22] [123/324] INVS
[02:42:23] [124/324] SCGM
[02:42:24] [125/324] PCDA
[02:42:25] [126/324] KDCT
[02:42:25] [127/324] JACS
[02:42:26] [128/324] GMMC
[02:42:27] [129/324] AICM
[02:42:28] [130/324] TJCM
[02:42:28] [131/324] RMTI
[02:42:29] [132/324] SHAC
[02:42:30] [133/324] APJC
[02:42:31] [134/324] GCTG
[02:42:32] [135/324] SSMC
[02:42:33] [136/324] THRM
[02:42:34] [137/324] RBCT
[02:42:35] [138/324] DIKT
[02:42:35] [139/324] MIDL
[02:42:36] [140/324] VCSN
[02:42:37] [141/324] SKTG
[02:42:38] [142/324] SMWC
[02:42:38] [143/324] MNKH
[02:42:39] [144/324] PIAT
[02:42:40] [145/324] LTTP
[02:42:41] [146/324] PTPU
[02:42:42] [147/324] ACMG
[02:42:43] [148/324] SHMM
[02:42:44] [149/324] MCMN
[02:42:44] [150/324] GLDC
[02:42:45] [151/324] HOUT
[02:42:46] [152/324] SVRP
[02:42:47] [153/324] PVDN
[02:42:48] [154/324] SCPY
[02:42:48] [155/324] DTPY
[02:42:49] [156/324] GKCS
[02:42:50] [157/324] NCAM
[02:42:51] [158/324] BSRM
[02:42:52] [159/324] RCLC
[02:42:53] [160/324] SKKD
[02:42:54] [161/324] ACHU
[02:42:54] [162/324] RSCF
[02:42:55] [163/324] IMSH
[02:42:56] [164/324] MACX
[02:42:57] [165/324] HMMW
[02:42:58] [166/324] JTCP
[02:42:59] [167/324] SREN
[02:43:00] [168/324] PJRR
[02:43:01] [169/324] INAC
[02:43:02] [170/324] BMCA
[02:43:03] [171/324] SHCB
[02:43:04] [172/324] GABA
[02:43:04] [173/324] SBCT
[02:43:05] [174/324] GCMA
[02:43:06] [175/324] MYTK
[02:43:07] [176/324] INZS
[02:43:07] [177/324] RMIK
[02:43:08] [178/324] NYCH
[02:43:09] [179/324] RAVE
[02:43:10] [180/324] PSXM
[02:43:11] [181/324] MCGP
[02:43:12] [182/324] PDDK
[02:43:12] [183/324] SPCK
[02:43:13] [184/324] MCRL
[02:43:14] [185/324] MHKT
[02:43:15] [186/324] ANRR
[02:43:16] [187/324] SAPK
[02:43:17] [188/324] NCUK
[02:43:17] [189/324] JUGA
[02:43:19] [190/324] DBSC
[02:43:20] [191/324] LALK
[02:43:20] [192/324] GUCK
[02:43:21] [193/324] STSG
[02:43:23] [194/324] PPPZ
[02:43:24] [195/324] CNCY
[02:43:25] [196/324] MTAR
[02:43:25] [197/324] VNKD
[02:43:26] [198/324] KMAJ
[02:43:28] [199/324] ACXK
[02:43:29] [200/324] UTKC
[02:43:30] [201/324] PBLK
[02:43:30] [202/324] ACBX
[02:43:31] [203/324] PTGM
[02:43:33] [204/324] BTDA
[02:43:34] [205/324] PJMB
[02:43:34] [206/324] TPDA
[02:43:35] [207/324] AMOE
[02:43:36] [208/324] PRHT
[02:43:37] [209/324] PRTA
[02:43:38] [210/324] STAM
[02:43:39] [211/324] MSAA
[02:43:40] [212/324] SDLU
[02:43:41] [213/324] RCHH
[02:43:42] [214/324] KANT
[02:43:42] [215/324] FCRT
[02:43:43] [216/324] DNKM
[02:43:44] [217/324] RYCP
[02:43:45] [218/324] MYRP
[02:43:46] [219/324] PPAK
[02:43:47] [220/324] NVPK
[02:43:49] [221/324] PRMC
[02:43:50] [222/324] JBCS
[02:43:50] [223/324] GXCK
[02:43:51] [224/324] USKO
[02:43:52] [225/324] GTEM
[02:43:53] [226/324] SMBU
[02:43:54] [227/324] VETC
[02:43:55] [228/324] LCDA
[02:43:56] [229/324] MTVT
[02:43:58] [230/324] PYCP
[02:43:58] [231/324] PNSC
[02:43:59] [232/324] PPCC
[02:44:00] [233/324] TGRT
[02:44:02] [234/324] JYOT
[02:44:02] [235/324] SRCZ
[02:44:03] [236/324] SJTE
[02:44:04] [237/324] DESC
[02:44:05] [238/324] JHVN
[02:44:06] [239/324] IPSG
[02:44:07] [240/324] IPCM
[02:44:08] [241/324] PDRS
[02:44:09] [242/324] ANCV
[02:44:10] [243/324] CMVV
[02:44:11] [244/324] SHYP
[02:44:12] [245/324] DNCS
[02:44:12] [246/324] GAJK
[02:44:13] [247/324] AKTN
[02:44:14] [248/324] KAYA
[02:44:15] [249/324] SBRC
[02:44:16] [250/324] CHTP
[02:44:17] [251/324] SHRT
[02:44:18] [252/324] BCKU
[02:44:18] [253/324] FCPS
[02:44:19] [254/324] ARDD
[02:44:21] [255/324] CPCM
[02:44:22] [256/324] CGSM
[02:44:22] [257/324] PSMP
[02:44:23] [258/324] SDAL
[02:44:24] [259/324] RTNB
[02:44:25] [260/324] LMCR
[02:44:26] [261/324] CIMA
[02:44:27] [262/324] RNAS
[02:44:27] [263/324] LITH
[02:44:28] [264/324] PBOX
[02:44:29] [265/324] FRTS
[02:44:30] [266/324] RKIC
[02:44:31] [267/324] PTAI
[02:44:32] [268/324] GCIC
[02:44:33] [269/324] FNAS
[02:44:34] [270/324] SCAR
[02:44:35] [271/324] MTCA
[02:44:36] [272/324] SCTS
[02:44:36] [273/324] SYCS
[02:44:37] [274/324] RDMS
[02:44:38] [275/324] KAMP
[02:44:39] [276/324] ERSD
[02:44:40] [277/324] MJMJ
[02:44:41] [278/324] SRCJ
[02:44:41] [279/324] SCXE
[02:44:42] [280/324] SVFR
[02:44:43] [281/324] BHCS
[02:44:44] [282/324] IMCC
[02:44:45] [283/324] PCBO
[02:44:46] [284/324] PRVN
[02:44:47] [285/324] AUPM
[02:44:48] [286/324] INBW
[02:44:49] [287/324] SVCW
[02:44:50] [288/324] RKCF
[02:44:51] [289/324] UVBH
[02:44:52] [290/324] DNCY
[02:44:53] [291/324] ABCN
[02:44:53] [292/324] PRUR
[02:44:54] [293/324] PFMR
[02:44:55] [294/324] RKCN
[02:44:55] [295/324] CFEA
[02:44:56] [296/324] SDBG
[02:44:57] [297/324] SNAR
[02:44:58] [298/324] YISI
[02:44:59] [299/324] JCFF
[02:45:00] [300/324] VTRK
[02:45:00] [301/324] PCLZ
[02:45:01] [302/324] DIMY
[02:45:02] [303/324] BBTS
[02:45:03] [304/324] GATH
[02:45:03] [305/324] GTMN
[02:45:04] [306/324] VTMH
[02:45:05] [307/324] CCKP
[02:45:06] [308/324] GPKA
[02:45:07] [309/324] MHCL
[02:45:08] [310/324] ATCL
[02:45:09] [311/324] SBCK
[02:45:09] [312/324] AMMR
[02:45:10] [313/324] MADC
[02:45:11] [314/324] TMMA
[02:45:12] [315/324] CACC
[02:45:12] [316/324] CHAL
[02:45:13] [317/324] DURG
[02:45:14] [318/324] GMKU
[02:45:15] [319/324] GECA
[02:45:16] [320/324] KYRR
[02:45:17] [321/324] KSDE
[02:45:18] [322/324] LMCI
[02:45:19] [323/324] NKCP
[02:45:20] [324/324] BGTC
[02:45:21] 🧹 Deduping shows
[02:45:21] ✅ DONE | Shows=2037 | Movies=64
