[00:40:59] 🚀 BMS DAILY TRACKER STARTED
[00:40:59] [1/459] NECA
[00:40:59] 🧠 New identity
[00:40:59] [2/459] BJLC
[00:41:00] [3/459] BASU
[00:41:01] [4/459] RUPI
[00:41:02] [5/459] LCBK
[00:41:03] [6/459] PMAC
[00:41:04] [7/459] AMLC
[00:41:05] [8/459] LICL
[00:41:06] [9/459] UDMM
[00:41:08] [10/459] STBZ
[00:41:09] [11/459] UUBT
[00:41:10] [12/459] SJKC
[00:41:11] [13/459] TUAL
[00:41:12] [14/459] MRSE
[00:41:13] [15/459] RMRK
[00:41:14] [16/459] TTKP
[00:41:15] [17/459] KTKO
[00:41:16] [18/459] SDBK
[00:41:17] [19/459] MCPR
[00:41:18] [20/459] CHTI
[00:41:19] [21/459] GCCP
[00:41:20] [22/459] SRMY
[00:41:21] [23/459] NYST
[00:41:22] [24/459] NYAG
[00:41:23] [25/459] SBMT
[00:41:24] [26/459] INGA
[00:41:24] [27/459] WSIC
[00:41:25] [28/459] SCSS
[00:41:26] [29/459] COPG
[00:41:27] [30/459] RCGR
[00:41:28] [31/459] TCZA
[00:41:29] [32/459] CNLP
[00:41:30] [33/459] CLKN
[00:41:31] [34/459] LHDF
[00:41:32] [35/459] ELKC
[00:41:33] [36/459] VCEM
[00:41:34] [37/459] SSZA
[00:41:34] [38/459] KRMT
[00:41:35] [39/459] LCMV
[00:41:36] [40/459] AYCZ
[00:41:37] [41/459] CUMS
[00:41:38] [42/459] BOCK
[00:41:39] [43/459] PNMR
[00:41:39] [44/459] PJCP
[00:41:40] [45/459] JDDD
[00:41:41] [46/459] STMS
[00:41:42] [47/459] FLMB
[00:41:43] [48/459] PKCM
[00:41:44] [49/459] SPPR
[00:41:45] [50/459] EYLH
[00:41:45] [51/459] RJCC
[00:41:46] [52/459] MMPS
[00:41:47] [53/459] SHMX
[00:41:48] [54/459] CCNL
[00:41:49] [55/459] RCNV
[00:41:50] [56/459] MAAG
[00:41:51] [57/459] LXCM
[00:41:52] [58/459] RCNI
[00:41:53] [59/459] SNNI
[00:41:53] [60/459] LALC
[00:41:54] [61/459] SOCN
[00:41:55] [62/459] JHTP
[00:41:56] [63/459] PITP
[00:41:57] [64/459] CCKW
[00:41:58] [65/459] MCMC
[00:41:58] [66/459] DEES
[00:41:59] [67/459] SABT
[00:42:00] [68/459] VSPP
[00:42:01] [69/459] ABCT
[00:42:01] [70/459] JVTB
[00:42:02] [71/459] VCBD
[00:42:03] [72/459] RMGG
[00:42:04] [73/459] RNMH
[00:42:05] [74/459] SPGL
[00:42:06] [75/459] JTTR
[00:42:07] [76/459] SICS
[00:42:07] [77/459] SRMI
[00:42:08] [78/459] SSIJ
[00:42:09] [79/459] KFMT
[00:42:10] [80/459] VBIT
[00:42:11] [81/459] JKCT
[00:42:11] [82/459] GCGP
[00:42:12] [83/459] GDCS
[00:42:13] [84/459] TRBA
[00:42:15] [85/459] QUST
[00:42:16] [86/459] VSHM
[00:42:17] [87/459] SDCP
[00:42:17] [88/459] SNVS
[00:42:18] [89/459] NYTO
[00:42:19] [90/459] URWC
[00:42:20] [91/459] GTWH
[00:42:21] [92/459] PFCM
[00:42:22] [93/459] KRTA
[00:42:23] [94/459] AXMC
[00:42:24] [95/459] EVMC
[00:42:25] [96/459] HGSM
[00:42:26] [97/459] ACVM
[00:42:27] [98/459] PSKL
[00:42:28] [99/459] RDMP
[00:42:29] [100/459] RHGH
[00:42:29] [101/459] OMCM
[00:42:31] [102/459] DCCP
[00:42:32] [103/459] MCPB
[00:42:34] [104/459] ALCI
[00:42:35] [105/459] BLMX
[00:42:35] [106/459] BTMV
[00:42:36] [107/459] FVPN
[00:42:37] [108/459] CMAR
[00:42:38] [109/459] CEIM
[00:42:38] [110/459] CMVA
[00:42:39] [111/459] CPIV
[00:42:40] [112/459] CNPE
[00:42:41] [113/459] COLV
[00:42:42] [114/459] DNNV
[00:42:43] [115/459] HCAD
[00:42:43] [116/459] TAKA
[00:42:44] [117/459] INVD
[00:42:45] [118/459] IRMM
[00:42:46] [119/459] INSE
[00:42:47] [120/459] MRSW
[00:42:48] [121/459] MCVD
[00:42:48] [122/459] MCSO
[00:42:49] [123/459] PEVM
[00:42:50] [124/459] PVNL
[00:42:51] [125/459] PTCV
[00:42:52] [126/459] PRTC
[00:42:53] [127/459] RCVA
[00:42:54] [128/459] MTBN
[00:42:55] [129/459] LUCP
[00:42:56] [130/459] FMPT
[00:42:56] [131/459] JLSL
[00:42:57] [132/459] SBHA
[00:42:58] [133/459] SHRC
[00:42:59] [134/459] AVPS
[00:42:59] [135/459] STPM
[00:43:00] [136/459] ATRD
[00:43:01] [137/459] VTED
[00:43:02] [138/459] ACAI
[00:43:03] [139/459] SMAE
[00:43:04] [140/459] VMAT
[00:43:05] [141/459] LKCT
[00:43:06] [142/459] JTVK
[00:43:07] [143/459] PRTY
[00:43:08] [144/459] GETT
[00:43:10] [145/459] ESAP
[00:43:10] [146/459] NCPM
[00:43:11] [147/459] PCPA
[00:43:12] [148/459] MMOM
[00:43:13] [149/459] PHUP
[00:43:14] [150/459] CCPI
[00:43:15] [151/459] CNTD
[00:43:16] [152/459] NLJR
[00:43:17] [153/459] SRNG
[00:43:18] [154/459] MHAL
[00:43:19] [155/459] PNSM
[00:43:20] [156/459] DRMY
[00:43:21] [157/459] CCMU
[00:43:22] [158/459] SCMY
[00:43:23] [159/459] PVSY
[00:43:24] [160/459] SDLM
[00:43:25] [161/459] ICCM
[00:43:26] [162/459] PYSU
[00:43:26] [163/459] GATM
[00:43:27] [164/459] WOTM
[00:43:28] [165/459] RKTS
[00:43:29] [166/459] PMTY
[00:43:30] [167/459] LYMS
[00:43:31] [168/459] TGCA
[00:43:32] [169/459] DSTA
[00:43:32] [170/459] CNGE
[00:43:33] [171/459] VSTG
[00:43:34] [172/459] GTCK
[00:43:35] [173/459] TGNT
[00:43:36] [174/459] ASLC
[00:43:38] [175/459] SSST
[00:43:39] [176/459] KBTT
[00:43:40] [177/459] HKCP
[00:43:40] [178/459] SWLC
[00:43:41] [179/459] RTND
[00:43:42] [180/459] PKKT
[00:43:43] [181/459] HSTK
[00:43:43] [182/459] SPTT
[00:43:44] [183/459] IMPM
[00:43:45] [184/459] SCMV
[00:43:46] [185/459] SPCT
[00:43:47] [186/459] JBCA
[00:43:48] [187/459] ATTR
[00:43:49] [188/459] SPMT
[00:43:50] [189/459] LCTM
[00:43:51] [190/459] SCVL
[00:43:52] [191/459] SCVT
[00:43:53] [192/459] KRIC
[00:43:54] [193/459] CTMG
[00:43:55] [194/459] ACNC
[00:43:56] [195/459] DMCK
[00:43:57] [196/459] KMTV
[00:43:58] [197/459] PFCJ
[00:43:59] [198/459] VNMD
[00:44:00] [199/459] VPCZ
[00:44:01] [200/459] SRYR
[00:44:02] [201/459] SYTR
[00:44:03] [202/459] GATR
[00:44:04] [203/459] URTR
[00:44:05] [204/459] MKSM
[00:44:06] [205/459] VSMH
[00:44:07] [206/459] SKRJ
[00:44:07] [207/459] SSJR
[00:44:08] [208/459] SVSM
[00:44:09] [209/459] RUCM
[00:44:10] [210/459] PRKN
[00:44:11] [211/459] RROH
[00:44:12] [212/459] SCTN
[00:44:13] [213/459] RTDM
[00:44:14] [214/459] ASRM
[00:44:15] [215/459] SKMD
[00:44:16] [216/459] SUTD
[00:44:17] [217/459] SADM
[00:44:17] [218/459] WCNR
[00:44:18] [219/459] CNED
[00:44:19] [220/459] MPDB
[00:44:20] [221/459] KTBH
[00:44:21] [222/459] IDRM
[00:44:22] [223/459] PJJT
[00:44:23] [224/459] PFCV
[00:44:23] [225/459] AACT
[00:44:25] [226/459] AAAD
[00:44:26] [227/459] ANES
[00:44:26] [228/459] MNCA
[00:44:27] [229/459] RMGU
[00:44:28] [230/459] DLCN
[00:44:29] [231/459] LJWT
[00:44:30] [232/459] MCBG
[00:44:31] [233/459] MYBG
[00:44:32] [234/459] GCCA
[00:44:32] [235/459] GCGA
[00:44:34] [236/459] ECGN
[00:44:35] [237/459] PRAB
[00:44:36] [238/459] PNMP
[00:44:37] [239/459] GCPT
[00:44:37] [240/459] ROYN
[00:44:39] [241/459] VATM
[00:44:40] [242/459] KSNT
[00:44:42] [243/459] ACTC
[00:44:43] [244/459] PLTD
[00:44:44] [245/459] SKMK
[00:44:44] [246/459] CMTT
[00:44:45] [247/459] SMXP
[00:44:46] [248/459] SCMX
[00:44:47] [249/459] ACXN
[00:44:48] [250/459] ASWT
[00:44:48] [251/459] VVVL
[00:44:49] [252/459] NAGO
[00:44:51] [253/459] SNCN
[00:44:52] [254/459] MCKP
[00:44:53] [255/459] SAMO
[00:44:54] [256/459] JBTV
[00:44:55] [257/459] DCVV
[00:44:56] [258/459] KMSV
[00:44:58] [259/459] KDCN
[00:44:59] [260/459] CNCP
[00:45:00] [261/459] HAMC
[00:45:00] [262/459] CCVZ
[00:45:01] [263/459] NCCK
[00:45:02] [264/459] MCHR
[00:45:03] [265/459] SCHT
[00:45:04] [266/459] ESSH
[00:45:05] [267/459] CUJC
[00:45:06] [268/459] PECP
[00:45:07] [269/459] PMMI
[00:45:08] [270/459] PCCH
[00:45:09] [271/459] PRPM
[00:45:09] [272/459] PVKL
[00:45:10] [273/459] CBSM
[00:45:11] [274/459] PVCZ
[00:45:12] [275/459] PCVV
[00:45:13] [276/459] CTMJ
[00:45:15] [277/459] RCPS
[00:45:15] [278/459] PCIT
[00:45:16] [279/459] FNCH
[00:45:17] [280/459] INZD
[00:45:18] [281/459] INPC
[00:45:19] [282/459] LCZP
[00:45:19] [283/459] SMCB
[00:45:20] [284/459] PTSB
[00:45:21] [285/459] TPSI
[00:45:22] [286/459] KHMJ
[00:45:23] [287/459] RCCJ
[00:45:24] [288/459] NCJA
[00:45:25] [289/459] NCJN
[00:45:25] [290/459] BTDP
[00:45:26] [291/459] PADY
[00:45:27] [292/459] NYBH
[00:45:28] [293/459] MTBR
[00:45:29] [294/459] KRBC
[00:45:30] [295/459] DKTI
[00:45:31] [296/459] ANAN
[00:45:31] [297/459] INBP
[00:45:32] [298/459] PATB
[00:45:33] [299/459] RGNT
[00:45:34] [300/459] CGPM
[00:45:35] [301/459] INTN
[00:45:35] [302/459] MCMP
[00:45:36] [303/459] ASRG
[00:45:37] [304/459] CXJD
[00:45:38] [305/459] SPCP
[00:45:38] [306/459] CSTP
[00:45:39] [307/459] PKVC
[00:45:40] [308/459] ESCP
[00:45:42] [309/459] CAEP
[00:45:43] [310/459] CCSP
[00:45:44] [311/459] KTPC
[00:45:44] [312/459] DACA
[00:45:45] [313/459] NVKY
[00:45:46] [314/459] PTIN
[00:45:46] [315/459] SCIN
[00:45:47] [316/459] MCTY
[00:45:48] [317/459] PCMX
[00:45:49] [318/459] INIC
[00:45:51] [319/459] MMZM
[00:45:52] [320/459] SSLP
[00:45:54] [321/459] DTDT
[00:45:55] [322/459] FFCX
[00:45:55] [323/459] RCMM
[00:45:56] [324/459] KYID
[00:45:57] [325/459] CSCI
[00:45:58] [326/459] FCMC
[00:45:58] [327/459] MMXI
[00:45:59] [328/459] ASTC
[00:46:00] [329/459] CMRA
[00:46:00] [330/459] DICI
[00:46:01] [331/459] KDIN
[00:46:02] [332/459] PRFI
[00:46:03] [333/459] SVFC
[00:46:04] [334/459] UCPL
[00:46:05] [335/459] COOC
[00:46:06] [336/459] SCAL
[00:46:07] [337/459] SVFF
[00:46:08] [338/459] VCMG
[00:46:08] [339/459] UUCT
[00:46:09] [340/459] GCSE
[00:46:11] [341/459] SUSC
[00:46:11] [342/459] MISC
[00:46:13] [343/459] RMBL
[00:46:14] [344/459] CMXN
[00:46:14] [345/459] PVBK
[00:46:16] [346/459] HHCG
[00:46:17] [347/459] SCAG
[00:46:18] [348/459] CNPR
[00:46:19] [349/459] CSER
[00:46:19] [350/459] HLWD
[00:46:20] [351/459] BOLY
[00:46:21] [352/459] SSPG
[00:46:22] [353/459] MUPX
[00:46:23] [354/459] HAMR
[00:46:24] [355/459] SDNC
[00:46:24] [356/459] RTEN
[00:46:25] [357/459] SDTD
[00:46:26] [358/459] KAWS
[00:46:27] [359/459] CMZX
[00:46:27] [360/459] DCDD
[00:46:28] [361/459] ALSN
[00:46:29] [362/459] IMXS
[00:46:30] [363/459] PVFF
[00:46:31] [364/459] PVOO
[00:46:32] [365/459] CFBS
[00:46:33] [366/459] PVER
[00:46:34] [367/459] PPNX
[00:46:34] [368/459] CNRM
[00:46:36] [369/459] PVWW
[00:46:36] [370/459] INMB
[00:46:37] [371/459] CPJR
[00:46:39] [372/459] INRZ
[00:46:39] [373/459] PMSR
[00:46:40] [374/459] GPGM
[00:46:41] [375/459] PGWB
[00:46:42] [376/459] PMBR
[00:46:43] [377/459] GPAM
[00:46:44] [378/459] INBC
[00:46:44] [379/459] PZVK
[00:46:46] [380/459] CPEB
[00:46:47] [381/459] FMLB
[00:46:48] [382/459] INBG
[00:46:50] [383/459] GPBR
[00:46:51] [384/459] PAAS
[00:46:52] [385/459] VTBR
[00:46:52] [386/459] GPMY
[00:46:53] [387/459] GYBU
[00:46:54] [388/459] INBJ
[00:46:56] [389/459] LKTH
[00:46:58] [390/459] NSBR
[00:46:58] [391/459] PDRD
[00:46:59] [392/459] VRBL
[00:47:00] [393/459] VTGB
[00:47:01] [394/459] VTSK
[00:47:02] [395/459] BKDV
[00:47:03] [396/459] SVTB
[00:47:04] [397/459] MLDT
[00:47:04] [398/459] NRBL
[00:47:05] [399/459] SLTR
[00:47:06] [400/459] VNKA
[00:47:07] [401/459] TDCA
[00:47:08] [402/459] INBM
[00:47:09] [403/459] SSNR
[00:47:10] [404/459] BHAC
[00:47:11] [405/459] SDSD
[00:47:12] [406/459] SAMP
[00:47:13] [407/459] RATK
[00:47:13] [408/459] KCBI
[00:47:14] [409/459] URBL
[00:47:15] [410/459] MKBG
[00:47:16] [411/459] ASTB
[00:47:17] [412/459] VBWT
[00:47:18] [413/459] GPSM
[00:47:19] [414/459] ROON
[00:47:19] [415/459] CHTH
[00:47:20] [416/459] SSPA
[00:47:22] [417/459] ANBL
[00:47:23] [418/459] VTBE
[00:47:23] [419/459] SVKT
[00:47:25] [420/459] SVYK
[00:47:26] [421/459] PTBK
[00:47:27] [422/459] RKTB
[00:47:28] [423/459] BALT
[00:47:29] [424/459] STSV
[00:47:30] [425/459] VCCB
[00:47:31] [426/459] SLTB
[00:47:32] [427/459] SBCR
[00:47:32] [428/459] VDCS
[00:47:33] [429/459] MDKI
[00:47:34] [430/459] SMRN
[00:47:35] [431/459] PTBC
[00:47:36] [432/459] RADI
[00:47:36] [433/459] ADCR
[00:47:37] [434/459] SDCS
[00:47:38] [435/459] SRPJ
[00:47:39] [436/459] ARTS
[00:47:40] [437/459] SRHK
[00:47:41] [438/459] SPAY
[00:47:42] [439/459] GPTB
[00:47:43] [440/459] SNNN
[00:47:43] [441/459] BALJ
[00:47:45] [442/459] TRIG
[00:47:46] [443/459] GTYT
[00:47:46] [444/459] ATGN
[00:47:47] [445/459] ANTE
[00:47:48] [446/459] BDCG
[00:47:49] [447/459] VECI
[00:47:50] [448/459] SCPR
[00:47:51] [449/459] RTEA
[00:47:51] [450/459] JSAI
[00:47:52] [451/459] VJTP
[00:47:53] [452/459] GNDS
[00:47:54] [453/459] PAXA
[00:47:55] [454/459] CGGM
[00:47:56] [455/459] ACKZ
[00:47:57] [456/459] EMCC
[00:47:58] [457/459] KLSK
[00:47:58] [458/459] AVCK
[00:47:59] [459/459] JTCK
[00:48:00] ✅ DONE | Shows=0 | Movies=0
[01:44:13] 🚀 BMS DAILY TRACKER STARTED
[01:44:13] [1/459] NECA
[01:44:13] 🧠 New identity
[01:44:14] [2/459] BJLC
[01:44:15] [3/459] BASU
[01:44:16] [4/459] RUPI
[01:44:17] [5/459] LCBK
[01:44:18] [6/459] PMAC
[01:44:19] [7/459] AMLC
[01:44:19] [8/459] LICL
[01:44:20] [9/459] UDMM
[01:44:21] [10/459] STBZ
[01:44:22] [11/459] UUBT
[01:44:23] [12/459] SJKC
[01:44:25] [13/459] TUAL
[01:44:26] [14/459] MRSE
[01:44:26] [15/459] RMRK
[01:44:27] [16/459] TTKP
[01:44:29] [17/459] KTKO
[01:44:31] [18/459] SDBK
[01:44:31] [19/459] MCPR
[01:44:32] [20/459] CHTI
[01:44:33] [21/459] GCCP
[01:44:34] [22/459] SRMY
[01:44:35] [23/459] NYST
[01:44:35] [24/459] NYAG
[01:44:36] [25/459] SBMT
[01:44:37] [26/459] INGA
[01:44:38] [27/459] WSIC
[01:44:39] [28/459] SCSS
[01:44:40] [29/459] COPG
[01:44:41] [30/459] RCGR
[01:44:42] [31/459] TCZA
[01:44:43] [32/459] CNLP
[01:44:44] [33/459] CLKN
[01:44:45] [34/459] LHDF
[01:44:46] [35/459] ELKC
[01:44:46] [36/459] VCEM
[01:44:47] [37/459] SSZA
[01:44:48] [38/459] KRMT
[01:44:49] [39/459] LCMV
[01:44:50] [40/459] AYCZ
[01:44:50] [41/459] CUMS
[01:44:51] [42/459] BOCK
[01:44:52] [43/459] PNMR
[01:44:53] [44/459] PJCP
[01:44:54] [45/459] JDDD
[01:44:55] [46/459] STMS
[01:44:56] [47/459] FLMB
[01:44:57] [48/459] PKCM
[01:44:58] [49/459] SPPR
[01:44:59] [50/459] EYLH
[01:45:00] [51/459] RJCC
[01:45:01] [52/459] MMPS
[01:45:02] [53/459] SHMX
[01:45:02] [54/459] CCNL
[01:45:03] [55/459] RCNV
[01:45:04] [56/459] MAAG
[01:45:05] [57/459] LXCM
[01:45:06] [58/459] RCNI
[01:45:07] [59/459] SNNI
[01:45:07] [60/459] LALC
[01:45:08] [61/459] SOCN
[01:45:09] [62/459] JHTP
[01:45:10] [63/459] PITP
[01:45:11] [64/459] CCKW
[01:45:12] [65/459] MCMC
[01:45:13] [66/459] DEES
[01:45:14] [67/459] SABT
[01:45:15] [68/459] VSPP
[01:45:15] [69/459] ABCT
[01:45:16] [70/459] JVTB
[01:45:17] [71/459] VCBD
[01:45:18] [72/459] RMGG
[01:45:19] [73/459] RNMH
[01:45:20] [74/459] SPGL
[01:45:22] [75/459] JTTR
[01:45:23] [76/459] SICS
[01:45:24] [77/459] SRMI
[01:45:25] [78/459] SSIJ
[01:45:26] [79/459] KFMT
[01:45:27] [80/459] VBIT
[01:45:28] [81/459] JKCT
[01:45:29] [82/459] GCGP
[01:45:29] [83/459] GDCS
[01:45:30] [84/459] TRBA
[01:45:31] [85/459] QUST
[01:45:32] [86/459] VSHM
[01:45:33] [87/459] SDCP
[01:45:33] [88/459] SNVS
[01:45:35] [89/459] NYTO
[01:45:36] [90/459] URWC
[01:45:37] [91/459] GTWH
[01:45:37] [92/459] PFCM
[01:45:38] [93/459] KRTA
[01:45:39] [94/459] AXMC
[01:45:40] [95/459] EVMC
[01:45:41] [96/459] HGSM
[01:45:41] [97/459] ACVM
[01:45:42] [98/459] PSKL
[01:45:43] [99/459] RDMP
[01:45:45] [100/459] RHGH
[01:45:45] [101/459] OMCM
[01:45:46] [102/459] DCCP
[01:45:47] [103/459] MCPB
[01:45:49] [104/459] ALCI
[01:45:49] [105/459] BLMX
[01:45:50] [106/459] BTMV
[01:45:51] [107/459] FVPN
[01:45:52] [108/459] CMAR
[01:45:53] [109/459] CEIM
[01:45:54] [110/459] CMVA
[01:45:54] [111/459] CPIV
[01:45:55] [112/459] CNPE
[01:45:56] [113/459] COLV
[01:45:57] [114/459] DNNV
[01:45:57] [115/459] HCAD
[01:45:58] [116/459] TAKA
[01:45:59] [117/459] INVD
[01:46:00] [118/459] IRMM
[01:46:02] [119/459] INSE
[01:46:02] [120/459] MRSW
[01:46:03] [121/459] MCVD
[01:46:04] [122/459] MCSO
[01:46:05] [123/459] PEVM
[01:46:06] [124/459] PVNL
[01:46:07] [125/459] PTCV
[01:46:07] [126/459] PRTC
[01:46:08] [127/459] RCVA
[01:46:09] [128/459] MTBN
[01:46:10] [129/459] LUCP
[01:46:10] [130/459] FMPT
[01:46:11] [131/459] JLSL
[01:46:12] [132/459] SBHA
[01:46:13] [133/459] SHRC
[01:46:14] [134/459] AVPS
[01:46:14] [135/459] STPM
[01:46:15] [136/459] ATRD
[01:46:16] [137/459] VTED
[01:46:17] [138/459] ACAI
[01:46:17] [139/459] SMAE
[01:46:18] [140/459] VMAT
[01:46:19] [141/459] LKCT
[01:46:20] [142/459] JTVK
[01:46:21] [143/459] PRTY
[01:46:22] [144/459] GETT
[01:46:23] [145/459] ESAP
[01:46:24] [146/459] NCPM
[01:46:24] [147/459] PCPA
[01:46:25] [148/459] MMOM
[01:46:27] [149/459] PHUP
[01:46:28] [150/459] CCPI
[01:46:29] [151/459] CNTD
[01:46:30] [152/459] NLJR
[01:46:31] [153/459] SRNG
[01:46:31] [154/459] MHAL
[01:46:32] [155/459] PNSM
[01:46:33] [156/459] DRMY
[01:46:35] [157/459] CCMU
[01:46:36] [158/459] SCMY
[01:46:36] [159/459] PVSY
[01:46:37] [160/459] SDLM
[01:46:38] [161/459] ICCM
[01:46:39] [162/459] PYSU
[01:46:40] [163/459] GATM
[01:46:40] [164/459] WOTM
[01:46:41] [165/459] RKTS
[01:46:42] [166/459] PMTY
[01:46:43] [167/459] LYMS
[01:46:44] [168/459] TGCA
[01:46:44] [169/459] DSTA
[01:46:45] [170/459] CNGE
[01:46:46] [171/459] VSTG
[01:46:47] [172/459] GTCK
[01:46:47] [173/459] TGNT
[01:46:48] [174/459] ASLC
[01:46:49] [175/459] SSST
[01:46:50] [176/459] KBTT
[01:46:51] [177/459] HKCP
[01:46:52] [178/459] SWLC
[01:46:53] [179/459] RTND
[01:46:54] [180/459] PKKT
[01:46:55] [181/459] HSTK
[01:46:56] [182/459] SPTT
[01:46:57] [183/459] IMPM
[01:46:58] [184/459] SCMV
[01:46:59] [185/459] SPCT
[01:47:00] [186/459] JBCA
[01:47:01] [187/459] ATTR
[01:47:02] [188/459] SPMT
[01:47:02] [189/459] LCTM
[01:47:04] [190/459] SCVL
[01:47:05] [191/459] SCVT
[01:47:06] [192/459] KRIC
[01:47:06] [193/459] CTMG
[01:47:07] [194/459] ACNC
[01:47:08] [195/459] DMCK
[01:47:09] [196/459] KMTV
[01:47:10] [197/459] PFCJ
[01:47:10] [198/459] VNMD
[01:47:11] [199/459] VPCZ
[01:47:13] [200/459] SRYR
[01:47:13] [201/459] SYTR
[01:47:14] [202/459] GATR
[01:47:15] [203/459] URTR
[01:47:16] [204/459] MKSM
[01:47:17] [205/459] VSMH
[01:47:17] [206/459] SKRJ
[01:47:18] [207/459] SSJR
[01:47:19] [208/459] SVSM
[01:47:20] [209/459] RUCM
[01:47:21] [210/459] PRKN
[01:47:21] [211/459] RROH
[01:47:23] [212/459] SCTN
[01:47:24] [213/459] RTDM
[01:47:25] [214/459] ASRM
[01:47:26] [215/459] SKMD
[01:47:26] [216/459] SUTD
[01:47:27] [217/459] SADM
[01:47:28] [218/459] WCNR
[01:47:29] [219/459] CNED
[01:47:29] [220/459] MPDB
[01:47:30] [221/459] KTBH
[01:47:31] [222/459] IDRM
[01:47:32] [223/459] PJJT
[01:47:33] [224/459] PFCV
[01:47:34] [225/459] AACT
[01:47:34] [226/459] AAAD
[01:47:36] [227/459] ANES
[01:47:38] [228/459] MNCA
[01:47:38] [229/459] RMGU
[01:47:39] [230/459] DLCN
[01:47:40] [231/459] LJWT
[01:47:41] [232/459] MCBG
[01:47:42] [233/459] MYBG
[01:47:43] [234/459] GCCA
[01:47:43] [235/459] GCGA
[01:47:45] [236/459] ECGN
[01:47:46] [237/459] PRAB
[01:47:47] [238/459] PNMP
[01:47:48] [239/459] GCPT
[01:47:49] [240/459] ROYN
[01:47:50] [241/459] VATM
[01:47:50] [242/459] KSNT
[01:47:51] [243/459] ACTC
[01:47:52] [244/459] PLTD
[01:47:53] [245/459] SKMK
[01:47:54] [246/459] CMTT
[01:47:55] [247/459] SMXP
[01:47:55] [248/459] SCMX
[01:47:56] [249/459] ACXN
[01:47:57] [250/459] ASWT
[01:47:58] [251/459] VVVL
[01:47:59] [252/459] NAGO
[01:48:00] [253/459] SNCN
[01:48:01] [254/459] MCKP
[01:48:02] [255/459] SAMO
[01:48:02] [256/459] JBTV
[01:48:03] [257/459] DCVV
[01:48:04] [258/459] KMSV
[01:48:05] [259/459] KDCN
[01:48:06] [260/459] CNCP
[01:48:06] [261/459] HAMC
[01:48:07] [262/459] CCVZ
[01:48:08] [263/459] NCCK
[01:48:09] [264/459] MCHR
[01:48:09] [265/459] SCHT
[01:48:10] [266/459] ESSH
[01:48:11] [267/459] CUJC
[01:48:12] [268/459] PECP
[01:48:13] [269/459] PMMI
[01:48:14] [270/459] PCCH
[01:48:14] [271/459] PRPM
[01:48:15] [272/459] PVKL
[01:48:16] [273/459] CBSM
[01:48:16] [274/459] PVCZ
[01:48:17] [275/459] PCVV
[01:48:18] [276/459] CTMJ
[01:48:19] [277/459] RCPS
[01:48:20] [278/459] PCIT
[01:48:20] [279/459] FNCH
[01:48:22] [280/459] INZD
[01:48:24] [281/459] INPC
[01:48:25] [282/459] LCZP
[01:48:26] [283/459] SMCB
[01:48:27] [284/459] PTSB
[01:48:28] [285/459] TPSI
[01:48:29] [286/459] KHMJ
[01:48:30] [287/459] RCCJ
[01:48:31] [288/459] NCJA
[01:48:31] [289/459] NCJN
[01:48:32] [290/459] BTDP
[01:48:33] [291/459] PADY
[01:48:34] [292/459] NYBH
[01:48:35] [293/459] MTBR
[01:48:36] [294/459] KRBC
[01:48:37] [295/459] DKTI
[01:48:38] [296/459] ANAN
[01:48:39] [297/459] INBP
[01:48:40] [298/459] PATB
[01:48:40] [299/459] RGNT
[01:48:41] [300/459] CGPM
[01:48:42] [301/459] INTN
[01:48:43] [302/459] MCMP
[01:48:44] [303/459] ASRG
[01:48:45] [304/459] CXJD
[01:48:45] [305/459] SPCP
[01:48:46] [306/459] CSTP
[01:48:47] [307/459] PKVC
[01:48:48] [308/459] ESCP
[01:48:49] [309/459] CAEP
[01:48:50] [310/459] CCSP
[01:48:50] [311/459] KTPC
[01:48:51] [312/459] DACA
[01:48:52] [313/459] NVKY
[01:48:53] [314/459] PTIN
[01:48:54] [315/459] SCIN
[01:48:55] [316/459] MCTY
[01:48:56] [317/459] PCMX
[01:48:57] [318/459] INIC
[01:48:58] [319/459] MMZM
[01:48:59] [320/459] SSLP
[01:49:00] [321/459] DTDT
[01:49:00] [322/459] FFCX
[01:49:02] [323/459] RCMM
[01:49:03] [324/459] KYID
[01:49:04] [325/459] CSCI
[01:49:05] [326/459] FCMC
[01:49:06] [327/459] MMXI
[01:49:07] [328/459] ASTC
[01:49:08] [329/459] CMRA
[01:49:09] [330/459] DICI
[01:49:09] [331/459] KDIN
[01:49:10] [332/459] PRFI
[01:49:11] [333/459] SVFC
[01:49:12] [334/459] UCPL
[01:49:13] [335/459] COOC
[01:49:14] [336/459] SCAL
[01:49:15] [337/459] SVFF
[01:49:15] [338/459] VCMG
[01:49:16] [339/459] UUCT
[01:49:17] [340/459] GCSE
[01:49:17] [341/459] SUSC
[01:49:18] [342/459] MISC
[01:49:19] [343/459] RMBL
[01:49:20] [344/459] CMXN
[01:49:21] [345/459] PVBK
[01:49:22] [346/459] HHCG
[01:49:23] [347/459] SCAG
[01:49:24] [348/459] CNPR
[01:49:26] [349/459] CSER
[01:49:26] [350/459] HLWD
[01:49:27] [351/459] BOLY
[01:49:28] [352/459] SSPG
[01:49:29] [353/459] MUPX
[01:49:29] [354/459] HAMR
[01:49:30] [355/459] SDNC
[01:49:31] [356/459] RTEN
[01:49:32] [357/459] SDTD
[01:49:33] [358/459] KAWS
[01:49:34] [359/459] CMZX
[01:49:34] [360/459] DCDD
[01:49:35] [361/459] ALSN
[01:49:36] [362/459] IMXS
[01:49:37] [363/459] PVFF
[01:49:39] [364/459] PVOO
[01:49:40] [365/459] CFBS
[01:49:41] [366/459] PVER
[01:49:42] [367/459] PPNX
[01:49:42] [368/459] CNRM
[01:49:43] [369/459] PVWW
[01:49:44] [370/459] INMB
[01:49:45] [371/459] CPJR
[01:49:46] [372/459] INRZ
[01:49:47] [373/459] PMSR
[01:49:48] [374/459] GPGM
[01:49:48] [375/459] PGWB
[01:49:50] [376/459] PMBR
[01:49:51] [377/459] GPAM
[01:49:52] [378/459] INBC
[01:49:52] [379/459] PZVK
[01:49:53] [380/459] CPEB
[01:49:55] [381/459] FMLB
[01:49:56] [382/459] INBG
[01:49:57] [383/459] GPBR
[01:49:58] [384/459] PAAS
[01:49:59] [385/459] VTBR
[01:50:00] [386/459] GPMY
[01:50:01] [387/459] GYBU
[01:50:02] [388/459] INBJ
[01:50:03] [389/459] LKTH
[01:50:04] [390/459] NSBR
[01:50:05] [391/459] PDRD
[01:50:06] [392/459] VRBL
[01:50:07] [393/459] VTGB
[01:50:07] [394/459] VTSK
[01:50:08] [395/459] BKDV
[01:50:09] [396/459] SVTB
[01:50:10] [397/459] MLDT
[01:50:11] [398/459] NRBL
[01:50:12] [399/459] SLTR
[01:50:13] [400/459] VNKA
[01:50:14] [401/459] TDCA
[01:50:15] [402/459] INBM
[01:50:16] [403/459] SSNR
[01:50:17] [404/459] BHAC
[01:50:17] [405/459] SDSD
[01:50:18] [406/459] SAMP
[01:50:19] [407/459] RATK
[01:50:19] [408/459] KCBI
[01:50:20] [409/459] URBL
[01:50:22] [410/459] MKBG
[01:50:23] [411/459] ASTB
[01:50:23] [412/459] VBWT
[01:50:24] [413/459] GPSM
[01:50:25] [414/459] ROON
[01:50:26] [415/459] CHTH
[01:50:27] [416/459] SSPA
[01:50:27] [417/459] ANBL
[01:50:29] [418/459] VTBE
[01:50:30] [419/459] SVKT
[01:50:31] [420/459] SVYK
[01:50:32] [421/459] PTBK
[01:50:33] [422/459] RKTB
[01:50:34] [423/459] BALT
[01:50:35] [424/459] STSV
[01:50:36] [425/459] VCCB
[01:50:36] [426/459] SLTB
[01:50:37] [427/459] SBCR
[01:50:38] [428/459] VDCS
[01:50:39] [429/459] MDKI
[01:50:39] [430/459] SMRN
[01:50:40] [431/459] PTBC
[01:50:41] [432/459] RADI
[01:50:42] [433/459] ADCR
[01:50:43] [434/459] SDCS
[01:50:44] [435/459] SRPJ
[01:50:44] [436/459] ARTS
[01:50:45] [437/459] SRHK
[01:50:46] [438/459] SPAY
[01:50:47] [439/459] GPTB
[01:50:47] [440/459] SNNN
[01:50:49] [441/459] BALJ
[01:50:50] [442/459] TRIG
[01:50:50] [443/459] GTYT
[01:50:52] [444/459] ATGN
[01:50:52] [445/459] ANTE
[01:50:53] [446/459] BDCG
[01:50:54] [447/459] VECI
[01:50:55] [448/459] SCPR
[01:50:56] [449/459] RTEA
[01:50:57] [450/459] JSAI
[01:50:58] [451/459] VJTP
[01:50:59] [452/459] GNDS
[01:51:00] [453/459] PAXA
[01:51:01] [454/459] CGGM
[01:51:03] [455/459] ACKZ
[01:51:04] [456/459] EMCC
[01:51:04] [457/459] KLSK
[01:51:05] [458/459] AVCK
[01:51:06] [459/459] JTCK
[01:51:07] ✅ DONE | Shows=0 | Movies=0
