[00:41:11] 🚀 BMS DAILY TRACKER STARTED
[00:41:11] [1/459] MCCZ
[00:41:11] 🧠 New identity
[00:41:12] [2/459] FRPU
[00:41:13] [3/459] SKSI
[00:41:15] [4/459] SSCK
[00:41:15] [5/459] SRDC
[00:41:17] [6/459] RSCZ
[00:41:18] [7/459] PRVT
[00:41:18] [8/459] GAGJ
[00:41:19] [9/459] SMHG
[00:41:20] [10/459] JTST
[00:41:21] [11/459] MYTH
[00:41:22] [12/459] JPCC
[00:41:22] [13/459] ACDC
[00:41:23] [14/459] SVFP
[00:41:25] [15/459] SFCM
[00:41:26] [16/459] RUPK
[00:41:27] [17/459] NTCR
[00:41:27] [18/459] RTCH
[00:41:28] [19/459] SCMH
[00:41:29] [20/459] SVYM
[00:41:30] [21/459] SPYM
[00:41:31] [22/459] SMMF
[00:41:32] [23/459] CLLB
[00:41:33] [24/459] FMCB
[00:41:34] [25/459] BBTC
[00:41:34] [26/459] NTHS
[00:41:35] [27/459] PKKJ
[00:41:36] [28/459] MTJA
[00:41:37] [29/459] PMSJ
[00:41:37] [30/459] JMJU
[00:41:38] [31/459] SRAD
[00:41:39] [32/459] MJMC
[00:41:40] [33/459] DFRM
[00:41:41] [34/459] PMRS
[00:41:42] [35/459] RKPP
[00:41:43] [36/459] BMBK
[00:41:43] [37/459] NEWS
[00:41:44] [38/459] SALB
[00:41:45] [39/459] SCPW
[00:41:46] [40/459] RAYL
[00:41:47] [41/459] CMGJ
[00:41:48] [42/459] JRCR
[00:41:49] [43/459] SRTB
[00:41:49] [44/459] ETPB
[00:41:50] [45/459] MXBN
[00:41:51] [46/459] TOPE
[00:41:52] [47/459] SNLJ
[00:41:53] [48/459] CDDP
[00:41:53] [49/459] APCX
[00:41:54] [50/459] TALP
[00:41:55] [51/459] RRMP
[00:41:56] [52/459] MAHB
[00:41:57] [53/459] MTKR
[00:41:58] [54/459] KSKL
[00:41:59] [55/459] RJLT
[00:42:00] [56/459] ATAS
[00:42:01] [57/459] AMHR
[00:42:02] [58/459] RSRM
[00:42:02] [59/459] GCAT
[00:42:03] [60/459] SMML
[00:42:04] [61/459] ACCD
[00:42:05] [62/459] VYDA
[00:42:07] [63/459] MSKT
[00:42:08] [64/459] AVDM
[00:42:08] [65/459] ASMH
[00:42:09] [66/459] VTMB
[00:42:11] [67/459] WVMB
[00:42:12] [68/459] PPMN
[00:42:13] [69/459] MTMD
[00:42:14] [70/459] SMMO
[00:42:15] [71/459] DLPB
[00:42:15] [72/459] AKMD
[00:42:16] [73/459] SHRR
[00:42:17] [74/459] ASCO
[00:42:18] [75/459] CZVX
[00:42:18] [76/459] GCBB
[00:42:19] [77/459] ATBM
[00:42:20] [78/459] TCGM
[00:42:21] [79/459] UMSE
[00:42:22] [80/459] NKCL
[00:42:23] [81/459] BTLR
[00:42:24] [82/459] GOCL
[00:42:24] [83/459] MIRN
[00:42:25] [84/459] THEC
[00:42:26] [85/459] SPPB
[00:42:27] [86/459] PMMM
[00:42:28] [87/459] GGMC
[00:42:29] [88/459] AVSR
[00:42:30] [89/459] RDMH
[00:42:31] [90/459] JSRS
[00:42:32] [91/459] VKGP
[00:42:33] [92/459] ACRT
[00:42:34] [93/459] GCBA
[00:42:35] [94/459] GTCP
[00:42:35] [95/459] AKFC
[00:42:37] [96/459] INCS
[00:42:38] [97/459] SMCK
[00:42:38] [98/459] BRUN
[00:42:39] [99/459] RPPC
[00:42:40] [100/459] PAYD
[00:42:40] [101/459] SVVT
[00:42:41] [102/459] RNCC
[00:42:42] [103/459] PCRC
[00:42:43] [104/459] PMRM
[00:42:44] [105/459] CCRP
[00:42:44] [106/459] INCR
[00:42:45] [107/459] ZTMP
[00:42:46] [108/459] MCNR
[00:42:48] [109/459] INRP
[00:42:48] [110/459] STRC
[00:42:49] [111/459] RATI
[00:42:51] [112/459] PBTR
[00:42:52] [113/459] CMHP
[00:42:53] [114/459] ZECJ
[00:42:53] [115/459] CCCB
[00:42:54] [116/459] BWCB
[00:42:55] [117/459] CCAT
[00:42:55] [118/459] KGCM
[00:42:56] [119/459] INPT
[00:42:57] [120/459] FNCO
[00:42:58] [121/459] SRMJ
[00:42:58] [122/459] PFSC
[00:42:59] [123/459] PBMC
[00:43:00] [124/459] KARP
[00:43:01] [125/459] KOVI
[00:43:02] [126/459] ACXL
[00:43:02] [127/459] GKCC
[00:43:03] [128/459] ASCC
[00:43:04] [129/459] SETC
[00:43:05] [130/459] KACC
[00:43:06] [131/459] KAVE
[00:43:07] [132/459] CNTC
[00:43:07] [133/459] MEEN
[00:43:08] [134/459] BMRV
[00:43:09] [135/459] SVAM
[00:43:10] [136/459] VTBP
[00:43:11] [137/459] VCKN
[00:43:12] [138/459] SGTK
[00:43:12] [139/459] RCGS
[00:43:13] [140/459] RCCB
[00:43:14] [141/459] RKSR
[00:43:15] [142/459] RKCU
[00:43:16] [143/459] GIBH
[00:43:16] [144/459] CXBS
[00:43:17] [145/459] GGCB
[00:43:19] [146/459] SCPB
[00:43:20] [147/459] AKTB
[00:43:20] [148/459] SRBU
[00:43:21] [149/459] CSSA
[00:43:22] [150/459] MYAN
[00:43:23] [151/459] EXCA
[00:43:24] [152/459] CKSA
[00:43:25] [153/459] JTNM
[00:43:26] [154/459] CXKT
[00:43:27] [155/459] NCLM
[00:43:27] [156/459] JAAD
[00:43:29] [157/459] RDCR
[00:43:30] [158/459] MEER
[00:43:31] [159/459] SIBT
[00:43:31] [160/459] PVVB
[00:43:32] [161/459] FNPN
[00:43:34] [162/459] CRPX
[00:43:35] [163/459] STET
[00:43:35] [164/459] METE
[00:43:36] [165/459] BJML
[00:43:37] [166/459] MAVT
[00:43:38] [167/459] MSRM
[00:43:39] [168/459] TJMP
[00:43:40] [169/459] MHCK
[00:43:41] [170/459] SVGP
[00:43:42] [171/459] KRRC
[00:43:42] [172/459] IMCH
[00:43:44] [173/459] CMCS
[00:43:45] [174/459] SGND
[00:43:46] [175/459] RNAT
[00:43:46] [176/459] PRTN
[00:43:47] [177/459] MPTN
[00:43:48] [178/459] ARCC
[00:43:49] [179/459] NTTE
[00:43:50] [180/459] ABND
[00:43:50] [181/459] KCSN
[00:43:51] [182/459] KCSA
[00:43:52] [183/459] DCKT
[00:43:53] [184/459] MBBR
[00:43:54] [185/459] RAMU
[00:43:54] [186/459] RACW
[00:43:55] [187/459] MCHP
[00:43:56] [188/459] TMHM
[00:43:57] [189/459] STXH
[00:43:58] [190/459] AGSG
[00:43:58] [191/459] SIRA
[00:44:00] [192/459] RCAN
[00:44:01] [193/459] CWTB
[00:44:02] [194/459] VTYM
[00:44:03] [195/459] RRPP
[00:44:03] [196/459] ASMR
[00:44:04] [197/459] RONO
[00:44:05] [198/459] MEMR
[00:44:06] [199/459] CTMR
[00:44:07] [200/459] PMTT
[00:44:08] [201/459] PSLX
[00:44:09] [202/459] IPPL
[00:44:10] [203/459] MMSG
[00:44:11] [204/459] INEL
[00:44:12] [205/459] COAC
[00:44:13] [206/459] WVLK
[00:44:14] [207/459] PPXL
[00:44:15] [208/459] PSML
[00:44:16] [209/459] FNLK
[00:44:17] [210/459] ILUM
[00:44:18] [211/459] ILCM
[00:44:19] [212/459] MSNL
[00:44:19] [213/459] VINB
[00:44:20] [214/459] SALW
[00:44:21] [215/459] PRTB
[00:44:22] [216/459] NCIL
[00:44:23] [217/459] PSUL
[00:44:24] [218/459] SCLK
[00:44:25] [219/459] ADDC
[00:44:26] [220/459] OACL
[00:44:27] [221/459] OOCF
[00:44:28] [222/459] GPMF
[00:44:29] [223/459] SSDG
[00:44:30] [224/459] SKRS
[00:44:30] [225/459] NTTP
[00:44:31] [226/459] SLTP
[00:44:32] [227/459] JTLC
[00:44:33] [228/459] POON
[00:44:34] [229/459] CCPC
[00:44:35] [230/459] DCKC
[00:44:36] [231/459] CPRT
[00:44:37] [232/459] EYHZ
[00:44:38] [233/459] ARBL
[00:44:39] [234/459] SBTB
[00:44:40] [235/459] MMCK
[00:44:41] [236/459] PLMR
[00:44:41] [237/459] BIJH
[00:44:42] [238/459] SDRT
[00:44:43] [239/459] PRDC
[00:44:44] [240/459] OMJA
[00:44:44] [241/459] VKCR
[00:44:45] [242/459] ATRT
[00:44:46] [243/459] WVRP
[00:44:47] [244/459] MVRP
[00:44:48] [245/459] FCAX
[00:44:48] [246/459] CTLC
[00:44:49] [247/459] JCHB
[00:44:50] [248/459] SELP
[00:44:51] [249/459] VCPG
[00:44:52] [250/459] ASCX
[00:44:53] [251/459] EOCS
[00:44:53] [252/459] RCPH
[00:44:54] [253/459] RJTM
[00:44:55] [254/459] SGMD
[00:44:56] [255/459] SVJT
[00:44:56] [256/459] SPPO
[00:44:57] [257/459] MNRL
[00:44:58] [258/459] KNOX
[00:44:59] [259/459] GIER
[00:45:00] [260/459] PJMS
[00:45:02] [261/459] UNSP
[00:45:03] [262/459] JETP
[00:45:03] [263/459] VTWA
[00:45:05] [264/459] SCJI
[00:45:06] [265/459] CBZZ
[00:45:07] [266/459] SDCJ
[00:45:08] [267/459] RRCC
[00:45:09] [268/459] VNKG
[00:45:09] [269/459] LKTO
[00:45:10] [270/459] PJRM
[00:45:11] [271/459] NVRM
[00:45:12] [272/459] SJCS
[00:45:13] [273/459] VIGK
[00:45:14] [274/459] ANST
[00:45:15] [275/459] JTTS
[00:45:17] [276/459] NTST
[00:45:17] [277/459] PREB
[00:45:18] [278/459] TSCZ
[00:45:19] [279/459] CDCM
[00:45:20] [280/459] ELYE
[00:45:21] [281/459] INBS
[00:45:22] [282/459] SMGC
[00:45:23] [283/459] UTMP
[00:45:23] [284/459] INTA
[00:45:24] [285/459] OMPT
[00:45:25] [286/459] SCIR
[00:45:26] [287/459] GCKJ
[00:45:27] [288/459] INOG
[00:45:27] [289/459] SMGB
[00:45:28] [290/459] MCSG
[00:45:29] [291/459] STKG
[00:45:30] [292/459] TTKG
[00:45:30] [293/459] SRTR
[00:45:31] [294/459] ETTR
[00:45:32] [295/459] GGGZ
[00:45:33] [296/459] IPGM
[00:45:34] [297/459] FCDH
[00:45:35] [298/459] DESB
[00:45:36] [299/459] VNTP
[00:45:37] [300/459] ANNT
[00:45:38] [301/459] SLTI
[00:45:39] [302/459] MAJU
[00:45:40] [303/459] JCXP
[00:45:41] [304/459] HARK
[00:45:42] [305/459] JPCJ
[00:45:43] [306/459] RXBD
[00:45:43] [307/459] PTKJ
[00:45:44] [308/459] CMTU
[00:45:46] [309/459] SWOR
[00:45:46] [310/459] JMEX
[00:45:47] [311/459] DTPT
[00:45:48] [312/459] VGMM
[00:45:49] [313/459] VCSG
[00:45:50] [314/459] CVCG
[00:45:51] [315/459] TNTT
[00:45:51] [316/459] SHRM
[00:45:53] [317/459] CGKD
[00:45:54] [318/459] EKCM
[00:45:55] [319/459] SDCX
[00:45:55] [320/459] SBTE
[00:45:56] [321/459] STKJ
[00:45:57] [322/459] TPCE
[00:45:58] [323/459] JTNP
[00:45:59] [324/459] LPCH
[00:46:00] [325/459] CPUO
[00:46:01] [326/459] APSU
[00:46:02] [327/459] RTHC
[00:46:03] [328/459] PTBU
[00:46:03] [329/459] CUCC
[00:46:04] [330/459] CPSA
[00:46:05] [331/459] SUAY
[00:46:06] [332/459] AYAA
[00:46:06] [333/459] MUCH
[00:46:07] [334/459] PCIN
[00:46:08] [335/459] JRRM
[00:46:09] [336/459] KATS
[00:46:10] [337/459] MHFF
[00:46:10] [338/459] ESYM
[00:46:11] [339/459] STYV
[00:46:12] [340/459] SDKG
[00:46:13] [341/459] SMTI
[00:46:14] [342/459] NYCS
[00:46:15] [343/459] MTBG
[00:46:16] [344/459] RHCA
[00:46:17] [345/459] PCKH
[00:46:18] [346/459] ARCR
[00:46:18] [347/459] NCMB
[00:46:19] [348/459] SHYC
[00:46:20] [349/459] LACK
[00:46:21] [350/459] MTCM
[00:46:22] [351/459] RRBN
[00:46:23] [352/459] MYDC
[00:46:23] [353/459] STCS
[00:46:24] [354/459] CONN
[00:46:25] [355/459] SIPS
[00:46:26] [356/459] SMMX
[00:46:27] [357/459] SCBY
[00:46:27] [358/459] SUAP
[00:46:28] [359/459] RSMK
[00:46:29] [360/459] STKP
[00:46:30] [361/459] CIPC
[00:46:31] [362/459] KKCI
[00:46:32] [363/459] CTNK
[00:46:32] [364/459] MMTZ
[00:46:33] [365/459] DCCO
[00:46:34] [366/459] VNMN
[00:46:35] [367/459] RLCN
[00:46:36] [368/459] CMMS
[00:46:37] [369/459] AYOU
[00:46:37] [370/459] SSCN
[00:46:38] [371/459] SMXN
[00:46:40] [372/459] ASSK
[00:46:41] [373/459] VCKM
[00:46:41] [374/459] PCPH
[00:46:42] [375/459] PADM
[00:46:43] [376/459] IESA
[00:46:44] [377/459] VCSP
[00:46:45] [378/459] AEST
[00:46:46] [379/459] VTNR
[00:46:47] [380/459] GTTA
[00:46:48] [381/459] CMMM
[00:46:48] [382/459] AHKT
[00:46:50] [383/459] SIJI
[00:46:51] [384/459] VCEI
[00:46:52] [385/459] SAKR
[00:46:53] [386/459] VSMT
[00:46:54] [387/459] SSCT
[00:46:55] [388/459] USTR
[00:46:56] [389/459] MTKT
[00:46:56] [390/459] TGMP
[00:46:57] [391/459] SIVC
[00:46:58] [392/459] KICT
[00:46:59] [393/459] DAMD
[00:47:00] [394/459] CNPT
[00:47:01] [395/459] RVTT
[00:47:02] [396/459] SNCM
[00:47:04] [397/459] GHTE
[00:47:04] [398/459] PPAM
[00:47:05] [399/459] PVAA
[00:47:06] [400/459] CPAO
[00:47:07] [401/459] HAMD
[00:47:07] [402/459] RCCA
[00:47:08] [403/459] MPCH
[00:47:09] [404/459] ARED
[00:47:10] [405/459] RRCV
[00:47:11] [406/459] MTRB
[00:47:12] [407/459] CKUA
[00:47:13] [408/459] ABMP
[00:47:14] [409/459] RCWA
[00:47:15] [410/459] CGAR
[00:47:16] [411/459] METH
[00:47:16] [412/459] WAGA
[00:47:17] [413/459] MCMA
[00:47:18] [414/459] CSMP
[00:47:19] [415/459] RCNK
[00:47:19] [416/459] PSTM
[00:47:20] [417/459] CSEP
[00:47:21] [418/459] AMGD
[00:47:22] [419/459] CSTE
[00:47:23] [420/459] CONS
[00:47:24] [421/459] APPX
[00:47:25] [422/459] MABC
[00:47:26] [423/459] CXST
[00:47:27] [424/459] MATN
[00:47:28] [425/459] MACZ
[00:47:29] [426/459] MASA
[00:47:30] [427/459] MBSX
[00:47:31] [428/459] CSST
[00:47:32] [429/459] APCL
[00:47:33] [430/459] CGOS
[00:47:33] [431/459] CPEC
[00:47:35] [432/459] MCCP
[00:47:36] [433/459] BSSO
[00:47:37] [434/459] SJKA
[00:47:37] [435/459] CGBO
[00:47:38] [436/459] MVSK
[00:47:39] [437/459] HVCA
[00:47:40] [438/459] NAMD
[00:47:41] [439/459] DEVI
[00:47:42] [440/459] SCSV
[00:47:43] [441/459] PSMA
[00:47:44] [442/459] CLDJ
[00:47:45] [443/459] NMAD
[00:47:46] [444/459] CGMO
[00:47:47] [445/459] MCNA
[00:47:48] [446/459] OCBN
[00:47:49] [447/459] CPEM
[00:47:50] [448/459] CPSM
[00:47:51] [449/459] RCAD
[00:47:52] [450/459] CPMU
[00:47:53] [451/459] DICD
[00:47:54] [452/459] CHOE
[00:47:55] [453/459] PDJM
[00:47:56] [454/459] SSTU
[00:47:57] [455/459] VNRN
[00:47:57] [456/459] PVLG
[00:47:58] [457/459] SWBL
[00:47:59] [458/459] SCAB
[00:48:00] [459/459] RDDA
[00:48:01] ✅ DONE | Shows=1 | Movies=1
[01:44:04] 🚀 BMS DAILY TRACKER STARTED
[01:44:04] [1/459] MCCZ
[01:44:04] 🧠 New identity
[01:44:05] [2/459] FRPU
[01:44:06] [3/459] SKSI
[01:44:07] [4/459] SSCK
[01:44:08] [5/459] SRDC
[01:44:09] [6/459] RSCZ
[01:44:10] [7/459] PRVT
[01:44:10] [8/459] GAGJ
[01:44:11] [9/459] SMHG
[01:44:12] [10/459] JTST
[01:44:13] [11/459] MYTH
[01:44:14] [12/459] JPCC
[01:44:15] [13/459] ACDC
[01:44:16] [14/459] SVFP
[01:44:17] [15/459] SFCM
[01:44:18] [16/459] RUPK
[01:44:18] [17/459] NTCR
[01:44:19] [18/459] RTCH
[01:44:20] [19/459] SCMH
[01:44:21] [20/459] SVYM
[01:44:21] [21/459] SPYM
[01:44:22] [22/459] SMMF
[01:44:23] [23/459] CLLB
[01:44:24] [24/459] FMCB
[01:44:25] [25/459] BBTC
[01:44:26] [26/459] NTHS
[01:44:27] [27/459] PKKJ
[01:44:28] [28/459] MTJA
[01:44:29] [29/459] PMSJ
[01:44:29] [30/459] JMJU
[01:44:30] [31/459] SRAD
[01:44:31] [32/459] MJMC
[01:44:32] [33/459] DFRM
[01:44:33] [34/459] PMRS
[01:44:34] [35/459] RKPP
[01:44:35] [36/459] BMBK
[01:44:36] [37/459] NEWS
[01:44:37] [38/459] SALB
[01:44:38] [39/459] SCPW
[01:44:39] [40/459] RAYL
[01:44:40] [41/459] CMGJ
[01:44:41] [42/459] JRCR
[01:44:41] [43/459] SRTB
[01:44:42] [44/459] ETPB
[01:44:43] [45/459] MXBN
[01:44:44] [46/459] TOPE
[01:44:45] [47/459] SNLJ
[01:44:46] [48/459] CDDP
[01:44:47] [49/459] APCX
[01:44:48] [50/459] TALP
[01:44:49] [51/459] RRMP
[01:44:50] [52/459] MAHB
[01:44:51] [53/459] MTKR
[01:44:52] [54/459] KSKL
[01:44:52] [55/459] RJLT
[01:44:53] [56/459] ATAS
[01:44:54] [57/459] AMHR
[01:44:55] [58/459] RSRM
[01:44:56] [59/459] GCAT
[01:44:56] [60/459] SMML
[01:44:57] [61/459] ACCD
[01:44:58] [62/459] VYDA
[01:44:59] [63/459] MSKT
[01:45:00] [64/459] AVDM
[01:45:01] [65/459] ASMH
[01:45:02] [66/459] VTMB
[01:45:03] [67/459] WVMB
[01:45:04] [68/459] PPMN
[01:45:05] [69/459] MTMD
[01:45:06] [70/459] SMMO
[01:45:07] [71/459] DLPB
[01:45:07] [72/459] AKMD
[01:45:08] [73/459] SHRR
[01:45:09] [74/459] ASCO
[01:45:10] [75/459] CZVX
[01:45:11] [76/459] GCBB
[01:45:12] [77/459] ATBM
[01:45:13] [78/459] TCGM
[01:45:14] [79/459] UMSE
[01:45:15] [80/459] NKCL
[01:45:15] [81/459] BTLR
[01:45:16] [82/459] GOCL
[01:45:17] [83/459] MIRN
[01:45:18] [84/459] THEC
[01:45:20] [85/459] SPPB
[01:45:20] [86/459] PMMM
[01:45:21] [87/459] GGMC
[01:45:22] [88/459] AVSR
[01:45:23] [89/459] RDMH
[01:45:24] [90/459] JSRS
[01:45:25] [91/459] VKGP
[01:45:26] [92/459] ACRT
[01:45:26] [93/459] GCBA
[01:45:27] [94/459] GTCP
[01:45:28] [95/459] AKFC
[01:45:29] [96/459] INCS
[01:45:31] [97/459] SMCK
[01:45:31] [98/459] BRUN
[01:45:32] [99/459] RPPC
[01:45:33] [100/459] PAYD
[01:45:34] [101/459] SVVT
[01:45:35] [102/459] RNCC
[01:45:36] [103/459] PCRC
[01:45:37] [104/459] PMRM
[01:45:38] [105/459] CCRP
[01:45:39] [106/459] INCR
[01:45:39] [107/459] ZTMP
[01:45:41] [108/459] MCNR
[01:45:42] [109/459] INRP
[01:45:43] [110/459] STRC
[01:45:44] [111/459] RATI
[01:45:45] [112/459] PBTR
[01:45:46] [113/459] CMHP
[01:45:47] [114/459] ZECJ
[01:45:48] [115/459] CCCB
[01:45:48] [116/459] BWCB
[01:45:49] [117/459] CCAT
[01:45:50] [118/459] KGCM
[01:45:51] [119/459] INPT
[01:45:52] [120/459] FNCO
[01:45:53] [121/459] SRMJ
[01:45:54] [122/459] PFSC
[01:45:55] [123/459] PBMC
[01:45:56] [124/459] KARP
[01:45:57] [125/459] KOVI
[01:45:58] [126/459] ACXL
[01:45:58] [127/459] GKCC
[01:45:59] [128/459] ASCC
[01:46:01] [129/459] SETC
[01:46:02] [130/459] KACC
[01:46:02] [131/459] KAVE
[01:46:03] [132/459] CNTC
[01:46:04] [133/459] MEEN
[01:46:05] [134/459] BMRV
[01:46:06] [135/459] SVAM
[01:46:07] [136/459] VTBP
[01:46:07] [137/459] VCKN
[01:46:08] [138/459] SGTK
[01:46:09] [139/459] RCGS
[01:46:10] [140/459] RCCB
[01:46:11] [141/459] RKSR
[01:46:12] [142/459] RKCU
[01:46:13] [143/459] GIBH
[01:46:14] [144/459] CXBS
[01:46:14] [145/459] GGCB
[01:46:15] [146/459] SCPB
[01:46:16] [147/459] AKTB
[01:46:17] [148/459] SRBU
[01:46:18] [149/459] CSSA
[01:46:19] [150/459] MYAN
[01:46:20] [151/459] EXCA
[01:46:20] [152/459] CKSA
[01:46:21] [153/459] JTNM
[01:46:22] [154/459] CXKT
[01:46:23] [155/459] NCLM
[01:46:23] [156/459] JAAD
[01:46:25] [157/459] RDCR
[01:46:25] [158/459] MEER
[01:46:26] [159/459] SIBT
[01:46:28] [160/459] PVVB
[01:46:29] [161/459] FNPN
[01:46:29] [162/459] CRPX
[01:46:30] [163/459] STET
[01:46:31] [164/459] METE
[01:46:32] [165/459] BJML
[01:46:33] [166/459] MAVT
[01:46:34] [167/459] MSRM
[01:46:34] [168/459] TJMP
[01:46:35] [169/459] MHCK
[01:46:36] [170/459] SVGP
[01:46:37] [171/459] KRRC
[01:46:38] [172/459] IMCH
[01:46:39] [173/459] CMCS
[01:46:39] [174/459] SGND
[01:46:40] [175/459] RNAT
[01:46:41] [176/459] PRTN
[01:46:42] [177/459] MPTN
[01:46:43] [178/459] ARCC
[01:46:44] [179/459] NTTE
[01:46:45] [180/459] ABND
[01:46:46] [181/459] KCSN
[01:46:47] [182/459] KCSA
[01:46:48] [183/459] DCKT
[01:46:49] [184/459] MBBR
[01:46:50] [185/459] RAMU
[01:46:52] [186/459] RACW
[01:46:53] [187/459] MCHP
[01:46:54] [188/459] TMHM
[01:46:55] [189/459] STXH
[01:46:55] [190/459] AGSG
[01:46:56] [191/459] SIRA
[01:46:57] [192/459] RCAN
[01:46:58] [193/459] CWTB
[01:46:59] [194/459] VTYM
[01:47:00] [195/459] RRPP
[01:47:00] [196/459] ASMR
[01:47:02] [197/459] RONO
[01:47:03] [198/459] MEMR
[01:47:04] [199/459] CTMR
[01:47:04] [200/459] PMTT
[01:47:05] [201/459] PSLX
[01:47:06] [202/459] IPPL
[01:47:07] [203/459] MMSG
[01:47:08] [204/459] INEL
[01:47:09] [205/459] COAC
[01:47:09] [206/459] WVLK
[01:47:10] [207/459] PPXL
[01:47:11] [208/459] PSML
[01:47:12] [209/459] FNLK
[01:47:13] [210/459] ILUM
[01:47:14] [211/459] ILCM
[01:47:15] [212/459] MSNL
[01:47:15] [213/459] VINB
[01:47:16] [214/459] SALW
[01:47:17] [215/459] PRTB
[01:47:18] [216/459] NCIL
[01:47:19] [217/459] PSUL
[01:47:20] [218/459] SCLK
[01:47:21] [219/459] ADDC
[01:47:22] [220/459] OACL
[01:47:23] [221/459] OOCF
[01:47:24] [222/459] GPMF
[01:47:25] [223/459] SSDG
[01:47:26] [224/459] SKRS
[01:47:27] [225/459] NTTP
[01:47:27] [226/459] SLTP
[01:47:28] [227/459] JTLC
[01:47:29] [228/459] POON
[01:47:30] [229/459] CCPC
[01:47:31] [230/459] DCKC
[01:47:32] [231/459] CPRT
[01:47:33] [232/459] EYHZ
[01:47:34] [233/459] ARBL
[01:47:35] [234/459] SBTB
[01:47:36] [235/459] MMCK
[01:47:36] [236/459] PLMR
[01:47:37] [237/459] BIJH
[01:47:38] [238/459] SDRT
[01:47:39] [239/459] PRDC
[01:47:40] [240/459] OMJA
[01:47:40] [241/459] VKCR
[01:47:41] [242/459] ATRT
[01:47:42] [243/459] WVRP
[01:47:43] [244/459] MVRP
[01:47:44] [245/459] FCAX
[01:47:45] [246/459] CTLC
[01:47:46] [247/459] JCHB
[01:47:47] [248/459] SELP
[01:47:48] [249/459] VCPG
[01:47:48] [250/459] ASCX
[01:47:49] [251/459] EOCS
[01:47:50] [252/459] RCPH
[01:47:51] [253/459] RJTM
[01:47:52] [254/459] SGMD
[01:47:53] [255/459] SVJT
[01:47:53] [256/459] SPPO
[01:47:55] [257/459] MNRL
[01:47:57] [258/459] KNOX
[01:47:57] [259/459] GIER
[01:47:58] [260/459] PJMS
[01:47:59] [261/459] UNSP
[01:48:00] [262/459] JETP
[01:48:00] [263/459] VTWA
[01:48:01] [264/459] SCJI
[01:48:02] [265/459] CBZZ
[01:48:03] [266/459] SDCJ
[01:48:04] [267/459] RRCC
[01:48:04] [268/459] VNKG
[01:48:05] [269/459] LKTO
[01:48:06] [270/459] PJRM
[01:48:07] [271/459] NVRM
[01:48:08] [272/459] SJCS
[01:48:09] [273/459] VIGK
[01:48:10] [274/459] ANST
[01:48:11] [275/459] JTTS
[01:48:11] [276/459] NTST
[01:48:12] [277/459] PREB
[01:48:13] [278/459] TSCZ
[01:48:14] [279/459] CDCM
[01:48:14] [280/459] ELYE
[01:48:15] [281/459] INBS
[01:48:16] [282/459] SMGC
[01:48:17] [283/459] UTMP
[01:48:18] [284/459] INTA
[01:48:18] [285/459] OMPT
[01:48:19] [286/459] SCIR
[01:48:20] [287/459] GCKJ
[01:48:21] [288/459] INOG
[01:48:22] [289/459] SMGB
[01:48:23] [290/459] MCSG
[01:48:24] [291/459] STKG
[01:48:25] [292/459] TTKG
[01:48:26] [293/459] SRTR
[01:48:26] [294/459] ETTR
[01:48:27] [295/459] GGGZ
[01:48:28] [296/459] IPGM
[01:48:29] [297/459] FCDH
[01:48:30] [298/459] DESB
[01:48:30] [299/459] VNTP
[01:48:31] [300/459] ANNT
[01:48:32] [301/459] SLTI
[01:48:34] [302/459] MAJU
[01:48:35] [303/459] JCXP
[01:48:35] [304/459] HARK
[01:48:36] [305/459] JPCJ
[01:48:37] [306/459] RXBD
[01:48:38] [307/459] PTKJ
[01:48:39] [308/459] CMTU
[01:48:39] [309/459] SWOR
[01:48:40] [310/459] JMEX
[01:48:42] [311/459] DTPT
[01:48:43] [312/459] VGMM
[01:48:43] [313/459] VCSG
[01:48:44] [314/459] CVCG
[01:48:45] [315/459] TNTT
[01:48:46] [316/459] SHRM
[01:48:46] [317/459] CGKD
[01:48:47] [318/459] EKCM
[01:48:48] [319/459] SDCX
[01:48:49] [320/459] SBTE
[01:48:49] [321/459] STKJ
[01:48:50] [322/459] TPCE
[01:48:51] [323/459] JTNP
[01:48:52] [324/459] LPCH
[01:48:53] [325/459] CPUO
[01:48:53] [326/459] APSU
[01:48:55] [327/459] RTHC
[01:48:56] [328/459] PTBU
[01:48:56] [329/459] CUCC
[01:48:57] [330/459] CPSA
[01:48:58] [331/459] SUAY
[01:48:59] [332/459] AYAA
[01:49:00] [333/459] MUCH
[01:49:01] [334/459] PCIN
[01:49:02] [335/459] JRRM
[01:49:03] [336/459] KATS
[01:49:04] [337/459] MHFF
[01:49:05] [338/459] ESYM
[01:49:05] [339/459] STYV
[01:49:06] [340/459] SDKG
[01:49:07] [341/459] SMTI
[01:49:08] [342/459] NYCS
[01:49:08] [343/459] MTBG
[01:49:09] [344/459] RHCA
[01:49:10] [345/459] PCKH
[01:49:11] [346/459] ARCR
[01:49:11] [347/459] NCMB
[01:49:12] [348/459] SHYC
[01:49:13] [349/459] LACK
[01:49:14] [350/459] MTCM
[01:49:15] [351/459] RRBN
[01:49:16] [352/459] MYDC
[01:49:17] [353/459] STCS
[01:49:18] [354/459] CONN
[01:49:19] [355/459] SIPS
[01:49:20] [356/459] SMMX
[01:49:21] [357/459] SCBY
[01:49:23] [358/459] SUAP
[01:49:24] [359/459] RSMK
[01:49:25] [360/459] STKP
[01:49:26] [361/459] CIPC
[01:49:27] [362/459] KKCI
[01:49:28] [363/459] CTNK
[01:49:29] [364/459] MMTZ
[01:49:29] [365/459] DCCO
[01:49:30] [366/459] VNMN
[01:49:31] [367/459] RLCN
[01:49:32] [368/459] CMMS
[01:49:32] [369/459] AYOU
[01:49:33] [370/459] SSCN
[01:49:34] [371/459] SMXN
[01:49:35] [372/459] ASSK
[01:49:36] [373/459] VCKM
[01:49:37] [374/459] PCPH
[01:49:38] [375/459] PADM
[01:49:38] [376/459] IESA
[01:49:40] [377/459] VCSP
[01:49:41] [378/459] AEST
[01:49:42] [379/459] VTNR
[01:49:43] [380/459] GTTA
[01:49:44] [381/459] CMMM
[01:49:45] [382/459] AHKT
[01:49:45] [383/459] SIJI
[01:49:46] [384/459] VCEI
[01:49:47] [385/459] SAKR
[01:49:48] [386/459] VSMT
[01:49:49] [387/459] SSCT
[01:49:50] [388/459] USTR
[01:49:51] [389/459] MTKT
[01:49:52] [390/459] TGMP
[01:49:53] [391/459] SIVC
[01:49:54] [392/459] KICT
[01:49:54] [393/459] DAMD
[01:49:55] [394/459] CNPT
[01:49:56] [395/459] RVTT
[01:49:57] [396/459] SNCM
[01:49:57] [397/459] GHTE
[01:49:58] [398/459] PPAM
[01:49:59] [399/459] PVAA
[01:50:00] [400/459] CPAO
[01:50:01] [401/459] HAMD
[01:50:02] [402/459] RCCA
[01:50:03] [403/459] MPCH
[01:50:03] [404/459] ARED
[01:50:04] [405/459] RRCV
[01:50:05] [406/459] MTRB
[01:50:06] [407/459] CKUA
[01:50:06] [408/459] ABMP
[01:50:07] [409/459] RCWA
[01:50:08] [410/459] CGAR
[01:50:09] [411/459] METH
[01:50:10] [412/459] WAGA
[01:50:11] [413/459] MCMA
[01:50:11] [414/459] CSMP
[01:50:12] [415/459] RCNK
[01:50:13] [416/459] PSTM
[01:50:14] [417/459] CSEP
[01:50:15] [418/459] AMGD
[01:50:16] [419/459] CSTE
[01:50:17] [420/459] CONS
[01:50:17] [421/459] APPX
[01:50:18] [422/459] MABC
[01:50:19] [423/459] CXST
[01:50:20] [424/459] MATN
[01:50:20] [425/459] MACZ
[01:50:21] [426/459] MASA
[01:50:22] [427/459] MBSX
[01:50:23] [428/459] CSST
[01:50:24] [429/459] APCL
[01:50:24] [430/459] CGOS
[01:50:25] [431/459] CPEC
[01:50:26] [432/459] MCCP
[01:50:27] [433/459] BSSO
[01:50:28] [434/459] SJKA
[01:50:29] [435/459] CGBO
[01:50:30] [436/459] MVSK
[01:50:30] [437/459] HVCA
[01:50:31] [438/459] NAMD
[01:50:32] [439/459] DEVI
[01:50:33] [440/459] SCSV
[01:50:34] [441/459] PSMA
[01:50:35] [442/459] CLDJ
[01:50:36] [443/459] NMAD
[01:50:36] [444/459] CGMO
[01:50:37] [445/459] MCNA
[01:50:38] [446/459] OCBN
[01:50:40] [447/459] CPEM
[01:50:41] [448/459] CPSM
[01:50:42] [449/459] RCAD
[01:50:44] [450/459] CPMU
[01:50:44] [451/459] DICD
[01:50:45] [452/459] CHOE
[01:50:46] [453/459] PDJM
[01:50:47] [454/459] SSTU
[01:50:48] [455/459] VNRN
[01:50:49] [456/459] PVLG
[01:50:50] [457/459] SWBL
[01:50:50] [458/459] SCAB
[01:50:51] [459/459] RDDA
[01:50:52] ✅ DONE | Shows=1 | Movies=1
