[00:41:05] 🚀 BMS DAILY TRACKER STARTED
[00:41:05] [1/296] CDCA
[00:41:05] 🧠 New identity
[00:41:06] [2/296] MNSR
[00:41:07] [3/296] CSSL
[00:41:09] [4/296] BGGM
[00:41:10] [5/296] MANT
[00:41:11] [6/296] SOOY
[00:41:12] [7/296] VPPK
[00:41:13] [8/296] MYHJ
[00:41:13] [9/296] KSCK
[00:41:14] [10/296] KATK
[00:41:15] [11/296] RTRT
[00:41:16] [12/296] SSTT
[00:41:18] [13/296] SSTV
[00:41:19] [14/296] LACM
[00:41:19] [15/296] SGMG
[00:41:20] [16/296] KACX
[00:41:21] [17/296] GVCP
[00:41:22] [18/296] CSNC
[00:41:23] [19/296] SXCB
[00:41:24] [20/296] BAHS
[00:41:24] [21/296] PCBI
[00:41:25] [22/296] PSSM
[00:41:26] [23/296] RCOK
[00:41:27] [24/296] SCPF
[00:41:28] [25/296] SSAS
[00:41:30] [26/296] EVMM
[00:41:31] [27/296] SYCB
[00:41:32] [28/296] GCKI
[00:41:33] [29/296] IAET
[00:41:34] [30/296] DDTD
[00:41:35] [31/296] GMDH
[00:41:36] [32/296] STLE
[00:41:37] [33/296] JTRA
[00:41:38] [34/296] RPPA
[00:41:39] [35/296] ARUT
[00:41:39] [36/296] JTVM
[00:41:40] [37/296] SWRH
[00:41:41] [38/296] DCPC
[00:41:42] [39/296] RAPR
[00:41:43] [40/296] GCRT
[00:41:44] [41/296] ATUN
[00:41:44] [42/296] LTRM
[00:41:46] [43/296] TASR
[00:41:47] [44/296] RLLC
[00:41:48] [45/296] MABI
[00:41:49] [46/296] SVHB
[00:41:50] [47/296] NVTB
[00:41:51] [48/296] KCKG
[00:41:51] [49/296] SSRN
[00:41:52] [50/296] VDDC
[00:41:53] [51/296] GKTK
[00:41:54] [52/296] YFSN
[00:41:55] [53/296] GCSG
[00:41:56] [54/296] ESSM
[00:41:56] [55/296] KRIH
[00:41:57] [56/296] GCDS
[00:41:58] [57/296] CCSH
[00:41:59] [58/296] ACSK
[00:42:00] [59/296] APRK
[00:42:00] [60/296] ADKM
[00:42:01] [61/296] SRDM
[00:42:02] [62/296] RMOG
[00:42:03] [63/296] SJMY
[00:42:04] [64/296] PGGC
[00:42:04] [65/296] INGM
[00:42:05] [66/296] LSCB
[00:42:06] [67/296] STAD
[00:42:07] [68/296] MCCR
[00:42:07] [69/296] ABCC
[00:42:08] [70/296] RKCC
[00:42:09] [71/296] RTCR
[00:42:10] [72/296] GGBC
[00:42:11] [73/296] GCSD
[00:42:12] [74/296] LPTY
[00:42:13] [75/296] MCFD
[00:42:14] [76/296] HENN
[00:42:15] [77/296] SMKU
[00:42:16] [78/296] TNZC
[00:42:16] [79/296] DRCD
[00:42:17] [80/296] DLCD
[00:42:18] [81/296] RCDA
[00:42:20] [82/296] COSM
[00:42:20] [83/296] MCMJ
[00:42:21] [84/296] CSTR
[00:42:23] [85/296] CVDK
[00:42:24] [86/296] INRR
[00:42:24] [87/296] RJRT
[00:42:25] [88/296] IRMR
[00:42:27] [89/296] SRCF
[00:42:27] [90/296] GRCR
[00:42:29] [91/296] SURC
[00:42:30] [92/296] NMNH
[00:42:31] [93/296] SVBL
[00:42:32] [94/296] KACI
[00:42:33] [95/296] TDGO
[00:42:33] [96/296] KTBR
[00:42:34] [97/296] PMAD
[00:42:35] [98/296] CCPN
[00:42:36] [99/296] SBTK
[00:42:37] [100/296] LMDK
[00:42:38] [101/296] PGDA
[00:42:38] [102/296] SRML
[00:42:39] [103/296] EVCK
[00:42:40] [104/296] RTTK
[00:42:41] [105/296] SRTU
[00:42:41] [106/296] VRSA
[00:42:42] [107/296] VARS
[00:42:43] [108/296] DSCZ
[00:42:45] [109/296] GAGA
[00:42:45] [110/296] SARV
[00:42:46] [111/296] SEEG
[00:42:47] [112/296] GLCA
[00:42:48] [113/296] APAS
[00:42:49] [114/296] VCIA
[00:42:50] [115/296] SJTA
[00:42:51] [116/296] SABM
[00:42:52] [117/296] PPAG
[00:42:53] [118/296] RVCA
[00:42:54] [119/296] CCIA
[00:42:55] [120/296] HTAG
[00:42:56] [121/296] SMBI
[00:42:57] [122/296] MCJR
[00:42:58] [123/296] CCJR
[00:42:58] [124/296] SINF
[00:42:59] [125/296] CPLX
[00:43:00] [126/296] KKTJ
[00:43:01] [127/296] GDBW
[00:43:02] [128/296] CSUB
[00:43:03] [129/296] DABA
[00:43:04] [130/296] TITR
[00:43:04] [131/296] NYCR
[00:43:05] [132/296] RTRY
[00:43:06] [133/296] JTJL
[00:43:07] [134/296] SJCP
[00:43:08] [135/296] KCCA
[00:43:09] [136/296] MLPG
[00:43:10] [137/296] VRCK
[00:43:11] [138/296] SRIN
[00:43:12] [139/296] CXMK
[00:43:13] [140/296] SKAD
[00:43:14] [141/296] AVTR
[00:43:15] [142/296] PTAJ
[00:43:15] [143/296] SCNK
[00:43:16] [144/296] STTI
[00:43:17] [145/296] KACR
[00:43:18] [146/296] SSDX
[00:43:19] [147/296] VRTJ
[00:43:21] [148/296] RAJD
[00:43:21] [149/296] SCIP
[00:43:23] [150/296] RJSL
[00:43:24] [151/296] ARRS
[00:43:25] [152/296] ASMS
[00:43:25] [153/296] RDTS
[00:43:26] [154/296] DVMY
[00:43:27] [155/296] RASA
[00:43:28] [156/296] INOM
[00:43:29] [157/296] SPRS
[00:43:29] [158/296] SGCS
[00:43:30] [159/296] SALM
[00:43:31] [160/296] PKHC
[00:43:32] [161/296] RCSV
[00:43:33] [162/296] CPKC
[00:43:34] [163/296] AACD
[00:43:34] [164/296] GGCV
[00:43:35] [165/296] SMKD
[00:43:36] [166/296] NBCH
[00:43:37] [167/296] AMCB
[00:43:38] [168/296] OPCN
[00:43:39] [169/296] DCIN
[00:43:40] [170/296] INGW
[00:43:41] [171/296] PKKW
[00:43:42] [172/296] FNGW
[00:43:43] [173/296] GCGD
[00:43:45] [174/296] MSTW
[00:43:46] [175/296] KCCG
[00:43:46] [176/296] MRSS
[00:43:47] [177/296] CLCF
[00:43:48] [178/296] EETS
[00:43:49] [179/296] AATR
[00:43:50] [180/296] CMMN
[00:43:51] [181/296] SCCJ
[00:43:51] [182/296] CDTK
[00:43:53] [183/296] AICP
[00:43:54] [184/296] FNBP
[00:43:55] [185/296] CBPB
[00:43:55] [186/296] CPAS
[00:43:56] [187/296] MAPM
[00:43:57] [188/296] PASD
[00:43:58] [189/296] JCMN
[00:43:59] [190/296] MALB
[00:44:00] [191/296] SACG
[00:44:01] [192/296] DDRX
[00:44:02] [193/296] DDXB
[00:44:02] [194/296] RAMC
[00:44:03] [195/296] SANC
[00:44:04] [196/296] BCBP
[00:44:05] [197/296] ALPC
[00:44:05] [198/296] RBAC
[00:44:06] [199/296] RAJL
[00:44:08] [200/296] MPDX
[00:44:08] [201/296] MUSC
[00:44:09] [202/296] VKMK
[00:44:10] [203/296] SKCG
[00:44:11] [204/296] ANCN
[00:44:12] [205/296] MMCJ
[00:44:13] [206/296] DCAK
[00:44:14] [207/296] SCKG
[00:44:15] [208/296] LMCK
[00:44:15] [209/296] CKKX
[00:44:16] [210/296] ANKU
[00:44:17] [211/296] CSMD
[00:44:18] [212/296] MKMP
[00:44:19] [213/296] SVBG
[00:44:20] [214/296] ROOP
[00:44:21] [215/296] GDMT
[00:44:22] [216/296] FPPF
[00:44:22] [217/296] SFUU
[00:44:23] [218/296] ANCB
[00:44:24] [219/296] SMMC
[00:44:25] [220/296] UGKT
[00:44:26] [221/296] JVRM
[00:44:26] [222/296] BATG
[00:44:27] [223/296] RATE
[00:44:28] [224/296] SKME
[00:44:29] [225/296] LMTP
[00:44:29] [226/296] TCBD
[00:44:30] [227/296] ESBD
[00:44:31] [228/296] GDCU
[00:44:32] [229/296] SNKT
[00:44:33] [230/296] SRNK
[00:44:34] [231/296] SMED
[00:44:35] [232/296] CSQS
[00:44:36] [233/296] ALCS
[00:44:37] [234/296] KCKN
[00:44:38] [235/296] VCCL
[00:44:38] [236/296] MCDA
[00:44:39] [237/296] SHMI
[00:44:41] [238/296] SKHA
[00:44:42] [239/296] SVFK
[00:44:42] [240/296] INVB
[00:44:43] [241/296] MELD
[00:44:44] [242/296] JTYS
[00:44:45] [243/296] INCM
[00:44:46] [244/296] MCDV
[00:44:47] [245/296] KSGK
[00:44:47] [246/296] ICMG
[00:44:49] [247/296] CSCV
[00:44:50] [248/296] STMD
[00:44:51] [249/296] STTR
[00:44:52] [250/296] INVC
[00:44:53] [251/296] JTBL
[00:44:54] [252/296] SRVV
[00:44:55] [253/296] MAVC
[00:44:56] [254/296] SRPP
[00:44:57] [255/296] JGDM
[00:44:57] [256/296] MBSJ
[00:44:59] [257/296] SSLL
[00:45:00] [258/296] SLKP
[00:45:01] [259/296] NSRV
[00:45:02] [260/296] UTDV
[00:45:02] [261/296] KICM
[00:45:03] [262/296] KCMD
[00:45:04] [263/296] TTPP
[00:45:05] [264/296] KMPV
[00:45:06] [265/296] SKTV
[00:45:07] [266/296] STCV
[00:45:07] [267/296] SRDA
[00:45:08] [268/296] JTSX
[00:45:09] [269/296] STBV
[00:45:10] [270/296] APVZ
[00:45:11] [271/296] GSTV
[00:45:12] [272/296] NMVS
[00:45:13] [273/296] SKRT
[00:45:14] [274/296] RMDV
[00:45:15] [275/296] RATG
[00:45:16] [276/296] SJYV
[00:45:17] [277/296] NDGP
[00:45:17] [278/296] SNDG
[00:45:18] [279/296] INSR
[00:45:19] [280/296] INSO
[00:45:19] [281/296] CCSI
[00:45:20] [282/296] RASM
[00:45:21] [283/296] NEWC
[00:45:22] [284/296] VSHL
[00:45:22] [285/296] BISW
[00:45:23] [286/296] GCNG
[00:45:25] [287/296] CWSC
[00:45:26] [288/296] SKAN
[00:45:26] [289/296] SEHP
[00:45:27] [290/296] CCOA
[00:45:28] [291/296] MCAJ
[00:45:29] [292/296] ACDE
[00:45:30] [293/296] AACM
[00:45:31] [294/296] JJCK
[00:45:31] [295/296] RCMO
[00:45:32] [296/296] GDAW
[00:45:33] ✅ DONE | Shows=0 | Movies=0
