[00:41:04] 🚀 BMS DAILY TRACKER STARTED
[00:41:04] [1/459] MBDC
[00:41:04] 🧠 New identity
[00:41:05] [2/459] CHKM
[00:41:06] [3/459] JTKZ
[00:41:07] [4/459] CMCT
[00:41:08] [5/459] ASHO
[00:41:09] [6/459] ECDG
[00:41:10] [7/459] SPAT
[00:41:11] [8/459] HILC
[00:41:12] [9/459] SPPH
[00:41:13] [10/459] SBHN
[00:41:13] [11/459] RRCA
[00:41:14] [12/459] APAA
[00:41:15] [13/459] RAME
[00:41:16] [14/459] TMMS
[00:41:17] [15/459] BATK
[00:41:18] [16/459] LKOP
[00:41:19] [17/459] AMTT
[00:41:20] [18/459] PTGK
[00:41:20] [19/459] ANRS
[00:41:21] [20/459] VWBW
[00:41:22] [21/459] SVFG
[00:41:23] [22/459] STAT
[00:41:24] [23/459] GDCV
[00:41:25] [24/459] VEBI
[00:41:26] [25/459] VDSS
[00:41:27] [26/459] NTHV
[00:41:27] [27/459] AOCH
[00:41:28] [28/459] KASR
[00:41:29] [29/459] AYCS
[00:41:30] [30/459] SHAI
[00:41:31] [31/459] SKPE
[00:41:32] [32/459] SBTA
[00:41:33] [33/459] RTTD
[00:41:33] [34/459] CCJD
[00:41:34] [35/459] RSJJ
[00:41:35] [36/459] RKND
[00:41:36] [37/459] SVTX
[00:41:37] [38/459] BAKM
[00:41:37] [39/459] SVDC
[00:41:38] [40/459] MNCV
[00:41:39] [41/459] SJGC
[00:41:40] [42/459] MTPK
[00:41:41] [43/459] GATP
[00:41:42] [44/459] ABTS
[00:41:43] [45/459] ABDE
[00:41:44] [46/459] RCNM
[00:41:45] [47/459] KTHV
[00:41:46] [48/459] MDGJ
[00:41:47] [49/459] SMLM
[00:41:48] [50/459] JTMA
[00:41:49] [51/459] ACKP
[00:41:50] [52/459] SRTA
[00:41:51] [53/459] STAY
[00:41:52] [54/459] MAVO
[00:41:52] [55/459] APTS
[00:41:53] [56/459] OMEA
[00:41:54] [57/459] TTFD
[00:41:55] [58/459] MJCU
[00:41:55] [59/459] CXTE
[00:41:56] [60/459] CTPX
[00:41:57] [61/459] ASSL
[00:41:58] [62/459] CMVB
[00:41:59] [63/459] VPUR
[00:42:01] [64/459] JJDA
[00:42:01] [65/459] INBL
[00:42:02] [66/459] BIKB
[00:42:03] [67/459] NTBB
[00:42:04] [68/459] GLOB
[00:42:05] [69/459] SNTB
[00:42:06] [70/459] CHGV
[00:42:07] [71/459] SSBZ
[00:42:08] [72/459] PRDB
[00:42:09] [73/459] ISMT
[00:42:10] [74/459] MCSD
[00:42:12] [75/459] JBTT
[00:42:12] [76/459] GEKR
[00:42:13] [77/459] PVUN
[00:42:14] [78/459] NRTB
[00:42:16] [79/459] PRAA
[00:42:18] [80/459] PCBL
[00:42:18] [81/459] PTCM
[00:42:19] [82/459] KHNN
[00:42:20] [83/459] OMJE
[00:42:21] [84/459] STGN
[00:42:22] [85/459] RPMS
[00:42:23] [86/459] NWAD
[00:42:24] [87/459] BLCK
[00:42:25] [88/459] SVAA
[00:42:26] [89/459] URVM
[00:42:27] [90/459] ANTM
[00:42:28] [91/459] VJYM
[00:42:29] [92/459] MAZZ
[00:42:30] [93/459] CSHM
[00:42:30] [94/459] WGMH
[00:42:31] [95/459] SALN
[00:42:32] [96/459] BRTP
[00:42:33] [97/459] SVTA
[00:42:34] [98/459] SBTP
[00:42:35] [99/459] VLSS
[00:42:35] [100/459] SRJA
[00:42:36] [101/459] ANCG
[00:42:37] [102/459] CGGC
[00:42:38] [103/459] CRJA
[00:42:38] [104/459] USCR
[00:42:39] [105/459] MMEF
[00:42:40] [106/459] JCRJ
[00:42:41] [107/459] ADCM
[00:42:43] [108/459] BMYK
[00:42:45] [109/459] KICS
[00:42:46] [110/459] MBBT
[00:42:46] [111/459] MACK
[00:42:47] [112/459] CLDR
[00:42:48] [113/459] JYCR
[00:42:50] [114/459] DCRP
[00:42:50] [115/459] RAHT
[00:42:51] [116/459] CSSM
[00:42:52] [117/459] ATPK
[00:42:53] [118/459] KLRT
[00:42:54] [119/459] SRDD
[00:42:55] [120/459] CKMC
[00:42:56] [121/459] KRVM
[00:42:57] [122/459] AKCP
[00:42:57] [123/459] CNCV
[00:42:58] [124/459] PACT
[00:42:59] [125/459] NATP
[00:43:00] [126/459] PCPK
[00:43:01] [127/459] SMHO
[00:43:01] [128/459] CWTK
[00:43:02] [129/459] RVKZ
[00:43:03] [130/459] ASPD
[00:43:04] [131/459] VTKZ
[00:43:05] [132/459] LCSO
[00:43:06] [133/459] PRDY
[00:43:06] [134/459] RCAP
[00:43:07] [135/459] RGAR
[00:43:08] [136/459] RCAC
[00:43:09] [137/459] PMOD
[00:43:10] [138/459] PVCN
[00:43:11] [139/459] SCRZ
[00:43:13] [140/459] PVPC
[00:43:13] [141/459] STID
[00:43:14] [142/459] NEDD
[00:43:15] [143/459] BNBA
[00:43:16] [144/459] NTCD
[00:43:17] [145/459] OCDE
[00:43:17] [146/459] CCDU
[00:43:18] [147/459] CRXH
[00:43:19] [148/459] VLVT
[00:43:20] [149/459] CICI
[00:43:21] [150/459] SUCB
[00:43:22] [151/459] TCBP
[00:43:23] [152/459] SCCY
[00:43:24] [153/459] LXCY
[00:43:25] [154/459] NCMD
[00:43:27] [155/459] PHCS
[00:43:28] [156/459] DUXR
[00:43:29] [157/459] VNKS
[00:43:30] [158/459] SEDP
[00:43:31] [159/459] SVEN
[00:43:32] [160/459] SRKM
[00:43:33] [161/459] JTLT
[00:43:33] [162/459] SVSS
[00:43:34] [163/459] AMDE
[00:43:35] [164/459] WVRN
[00:43:36] [165/459] ISMG
[00:43:37] [166/459] WVKS
[00:43:39] [167/459] USCG
[00:43:40] [168/459] IOTG
[00:43:41] [169/459] RRJM
[00:43:41] [170/459] EDMP
[00:43:42] [171/459] SCGZ
[00:43:43] [172/459] GMGX
[00:43:45] [173/459] OMTP
[00:43:46] [174/459] MITD
[00:43:47] [175/459] SMMD
[00:43:48] [176/459] STML
[00:43:49] [177/459] MCFS
[00:43:50] [178/459] FPKA
[00:43:51] [179/459] OMLR
[00:43:52] [180/459] KKSC
[00:43:53] [181/459] RVMA
[00:43:54] [182/459] SCLL
[00:43:56] [183/459] SCDK
[00:43:57] [184/459] SXMI
[00:43:57] [185/459] SHDN
[00:43:58] [186/459] PAAD
[00:44:00] [187/459] UUCB
[00:44:01] [188/459] JHOL
[00:44:02] [189/459] SGWT
[00:44:03] [190/459] SRII
[00:44:04] [191/459] SGCK
[00:44:05] [192/459] SVVB
[00:44:06] [193/459] DMHA
[00:44:07] [194/459] PPNL
[00:44:08] [195/459] CPNL
[00:44:09] [196/459] WVLD
[00:44:10] [197/459] PSLV
[00:44:10] [198/459] VTTL
[00:44:11] [199/459] NPAD
[00:44:12] [200/459] PVCS
[00:44:13] [201/459] MCHL
[00:44:14] [202/459] PPLL
[00:44:14] [203/459] MALO
[00:44:15] [204/459] SWBH
[00:44:16] [205/459] PUGB
[00:44:17] [206/459] INBB
[00:44:18] [207/459] INNS
[00:44:18] [208/459] MCPT
[00:44:19] [209/459] SCMI
[00:44:20] [210/459] OCON
[00:44:21] [211/459] SCSM
[00:44:23] [212/459] RJVN
[00:44:23] [213/459] AMDK
[00:44:24] [214/459] ISMR
[00:44:25] [215/459] SMTD
[00:44:26] [216/459] VTDD
[00:44:27] [217/459] PDDZ
[00:44:27] [218/459] PCCK
[00:44:28] [219/459] INAM
[00:44:29] [220/459] FNKT
[00:44:30] [221/459] GDKA
[00:44:32] [222/459] MAYU
[00:44:33] [223/459] TCGU
[00:44:33] [224/459] KDCA
[00:44:34] [225/459] DOMY
[00:44:35] [226/459] PDDD
[00:44:35] [227/459] BJTS
[00:44:36] [228/459] VTCA
[00:44:37] [229/459] SBTM
[00:44:38] [230/459] SEET
[00:44:39] [231/459] SSTJ
[00:44:39] [232/459] SVNT
[00:44:40] [233/459] PPPR
[00:44:42] [234/459] PVYS
[00:44:43] [235/459] IOSE
[00:44:44] [236/459] ACTV
[00:44:45] [237/459] APVE
[00:44:47] [238/459] TCCL
[00:44:48] [239/459] SCMO
[00:44:49] [240/459] SAUM
[00:44:49] [241/459] KCJS
[00:44:51] [242/459] NJCJ
[00:44:52] [243/459] NECF
[00:44:54] [244/459] CCGW
[00:44:55] [245/459] CCMG
[00:44:56] [246/459] NYRG
[00:44:57] [247/459] NCSQ
[00:44:57] [248/459] GRCG
[00:44:58] [249/459] CCBT
[00:44:59] [250/459] ACGA
[00:45:00] [251/459] INAG
[00:45:01] [252/459] FUCG
[00:45:02] [253/459] AICF
[00:45:02] [254/459] GRGA
[00:45:03] [255/459] GDCN
[00:45:04] [256/459] RRCG
[00:45:05] [257/459] SDCH
[00:45:06] [258/459] WVJM
[00:45:06] [259/459] JCCZ
[00:45:08] [260/459] CNCL
[00:45:09] [261/459] TMLV
[00:45:10] [262/459] MEMB
[00:45:10] [263/459] SGTD
[00:45:11] [264/459] CONX
[00:45:13] [265/459] CCMH
[00:45:14] [266/459] ACMC
[00:45:14] [267/459] DTPD
[00:45:15] [268/459] POJA
[00:45:16] [269/459] FNBH
[00:45:17] [270/459] CGCB
[00:45:18] [271/459] RACN
[00:45:19] [272/459] JTSM
[00:45:20] [273/459] SCDN
[00:45:20] [274/459] AACK
[00:45:21] [275/459] RMCE
[00:45:23] [276/459] BSGB
[00:45:23] [277/459] MRCB
[00:45:24] [278/459] SRVR
[00:45:25] [279/459] VTKK
[00:45:27] [280/459] AMST
[00:45:27] [281/459] APCY
[00:45:28] [282/459] LMHO
[00:45:29] [283/459] MTZH
[00:45:30] [284/459] AMZB
[00:45:31] [285/459] SUVT
[00:45:32] [286/459] RCIP
[00:45:33] [287/459] KESR
[00:45:34] [288/459] SNKC
[00:45:34] [289/459] SCED
[00:45:35] [290/459] DVCA
[00:45:36] [291/459] VCDT
[00:45:37] [292/459] RRDI
[00:45:38] [293/459] DFCH
[00:45:40] [294/459] INSC
[00:45:41] [295/459] RGTR
[00:45:42] [296/459] FMOT
[00:45:43] [297/459] SCPM
[00:45:44] [298/459] GCDT
[00:45:44] [299/459] BRKT
[00:45:45] [300/459] DEMP
[00:45:46] [301/459] SRLC
[00:45:47] [302/459] KSTT
[00:45:47] [303/459] SMMT
[00:45:48] [304/459] SILM
[00:45:49] [305/459] JCVM
[00:45:50] [306/459] KCSV
[00:45:51] [307/459] MHLK
[00:45:52] [308/459] SLVL
[00:45:52] [309/459] RJKP
[00:45:54] [310/459] BBPC
[00:45:55] [311/459] MXCB
[00:45:55] [312/459] TCPK
[00:45:56] [313/459] RTBR
[00:45:57] [314/459] GAUT
[00:45:58] [315/459] DVCF
[00:45:59] [316/459] JTSB
[00:46:00] [317/459] SBLS
[00:46:00] [318/459] UDAY
[00:46:01] [319/459] PTNP
[00:46:02] [320/459] DMKT
[00:46:03] [321/459] NTDT
[00:46:04] [322/459] SHDJ
[00:46:05] [323/459] OTNC
[00:46:06] [324/459] RNTW
[00:46:06] [325/459] GCMI
[00:46:07] [326/459] CRCM
[00:46:08] [327/459] NNCZ
[00:46:09] [328/459] OEMO
[00:46:10] [329/459] PVJM
[00:46:11] [330/459] CPJI
[00:46:12] [331/459] RMCJ
[00:46:13] [332/459] CNWJ
[00:46:14] [333/459] EPJM
[00:46:15] [334/459] FNJJ
[00:46:16] [335/459] GCMJ
[00:46:17] [336/459] INPS
[00:46:19] [337/459] BICJ
[00:46:20] [338/459] ISTJ
[00:46:21] [339/459] INJC
[00:46:22] [340/459] GLXJ
[00:46:23] [341/459] INEM
[00:46:23] [342/459] JTMN
[00:46:24] [343/459] FRCJ
[00:46:25] [344/459] DDJP
[00:46:26] [345/459] INJV
[00:46:27] [346/459] GOLC
[00:46:28] [347/459] KOCI
[00:46:29] [348/459] FSTD
[00:46:29] [349/459] PACJ
[00:46:30] [350/459] GMCN
[00:46:31] [351/459] MMDJ
[00:46:32] [352/459] GODH
[00:46:32] [353/459] SKYN
[00:46:33] [354/459] NCTH
[00:46:34] [355/459] SKVZ
[00:46:35] [356/459] SVML
[00:46:36] [357/459] ACVZ
[00:46:37] [358/459] SURA
[00:46:38] [359/459] RTRB
[00:46:39] [360/459] LLCT
[00:46:39] [361/459] ATTS
[00:46:40] [362/459] JYCM
[00:46:41] [363/459] CTKR
[00:46:42] [364/459] LCKR
[00:46:43] [365/459] NYCV
[00:46:44] [366/459] NYOH
[00:46:44] [367/459] NOVX
[00:46:45] [368/459] MRGK
[00:46:47] [369/459] MOON
[00:46:48] [370/459] SBUC
[00:46:48] [371/459] GSVA
[00:46:49] [372/459] VIAK
[00:46:50] [373/459] SMVZ
[00:46:51] [374/459] MATE
[00:46:53] [375/459] RDCN
[00:46:54] [376/459] ASBL
[00:46:54] [377/459] ASVS
[00:46:55] [378/459] ASSR
[00:46:56] [379/459] SSKN
[00:46:57] [380/459] DRPV
[00:46:58] [381/459] MRHT
[00:46:59] [382/459] BSCN
[00:47:00] [383/459] RKNX
[00:47:00] [384/459] MSMC
[00:47:01] [385/459] MSCJ
[00:47:02] [386/459] BTBJ
[00:47:03] [387/459] MJCC
[00:47:04] [388/459] IOMM
[00:47:04] [389/459] ADGR
[00:47:05] [390/459] MYCP
[00:47:06] [391/459] IGCM
[00:47:07] [392/459] PGRK
[00:47:07] [393/459] VPGO
[00:47:08] [394/459] KOMS
[00:47:09] [395/459] URGG
[00:47:10] [396/459] GOST
[00:47:11] [397/459] LACT
[00:47:12] [398/459] BWCM
[00:47:13] [399/459] NCCW
[00:47:13] [400/459] SKYC
[00:47:14] [401/459] CCPM
[00:47:15] [402/459] VCBT
[00:47:16] [403/459] SDKR
[00:47:17] [404/459] CTYB
[00:47:19] [405/459] SHCX
[00:47:19] [406/459] RCUN
[00:47:20] [407/459] CNRA
[00:47:21] [408/459] RFCA
[00:47:22] [409/459] RDCU
[00:47:23] [410/459] SARK
[00:47:23] [411/459] SPPP
[00:47:24] [412/459] ADMB
[00:47:25] [413/459] JYOE
[00:47:26] [414/459] SRMD
[00:47:28] [415/459] RJDH
[00:47:28] [416/459] SSTD
[00:47:29] [417/459] AACV
[00:47:30] [418/459] PPVD
[00:47:31] [419/459] STCP
[00:47:32] [420/459] ANJR
[00:47:33] [421/459] ANLS
[00:47:34] [422/459] BIJO
[00:47:35] [423/459] AVAB
[00:47:35] [424/459] SPMD
[00:47:36] [425/459] SVJL
[00:47:37] [426/459] SDDJ
[00:47:38] [427/459] SLTU
[00:47:40] [428/459] SAKA
[00:47:41] [429/459] PMAM
[00:47:41] [430/459] FNAM
[00:47:42] [431/459] ACAM
[00:47:43] [432/459] SCMM
[00:47:44] [433/459] PMAK
[00:47:45] [434/459] NYSA
[00:47:45] [435/459] FCPA
[00:47:46] [436/459] GDAN
[00:47:47] [437/459] RSCA
[00:47:48] [438/459] DMAN
[00:47:49] [439/459] DZCM
[00:47:50] [440/459] NSGL
[00:47:50] [441/459] CCPP
[00:47:51] [442/459] PSMG
[00:47:52] [443/459] GSER
[00:47:53] [444/459] FCCT
[00:47:54] [445/459] FCTB
[00:47:55] [446/459] LCNK
[00:47:56] [447/459] SKTY
[00:47:57] [448/459] INAA
[00:47:58] [449/459] RCWN
[00:47:59] [450/459] VAIS
[00:47:59] [451/459] CVMN
[00:48:00] [452/459] INTS
[00:48:01] [453/459] FRGS
[00:48:02] [454/459] DTCK
[00:48:03] [455/459] MCMH
[00:48:04] [456/459] ECRR
[00:48:04] [457/459] RLLP
[00:48:05] [458/459] CCSN
[00:48:06] [459/459] CCBA
[00:48:07] ✅ DONE | Shows=1 | Movies=1
