[00:40:58] 🚀 BMS DAILY TRACKER STARTED
[00:40:58] [1/459] FNDB
[00:40:58] 🧠 New identity
[00:40:59] [2/459] AMBH
[00:41:00] [3/459] PRHN
[00:41:02] [4/459] ACPM
[00:41:02] [5/459] PVFS
[00:41:03] [6/459] AACN
[00:41:04] [7/459] ACAS
[00:41:05] [8/459] CTNR
[00:41:06] [9/459] MMAH
[00:41:07] [10/459] CPMH
[00:41:08] [11/459] IGMH
[00:41:09] [12/459] ABCS
[00:41:09] [13/459] CMMA
[00:41:10] [14/459] GPRH
[00:41:11] [15/459] PNNG
[00:41:12] [16/459] AMCA
[00:41:13] [17/459] ISTN
[00:41:14] [18/459] PIIC
[00:41:14] [19/459] AHMH
[00:41:15] [20/459] ASHN
[00:41:16] [21/459] INHY
[00:41:17] [22/459] SRMO
[00:41:18] [23/459] PIMH
[00:41:19] [24/459] PVTS
[00:41:20] [25/459] MMCA
[00:41:20] [26/459] AKYJ
[00:41:21] [27/459] BRKH
[00:41:22] [28/459] MAHM
[00:41:23] [29/459] CPHY
[00:41:24] [30/459] PVTP
[00:41:25] [31/459] SMMR
[00:41:26] [32/459] PVHM
[00:41:27] [33/459] SNDY
[00:41:28] [34/459] GOKU
[00:41:29] [35/459] ACEV
[00:41:30] [36/459] PVUM
[00:41:31] [37/459] VSWA
[00:41:32] [38/459] IPRS
[00:41:33] [39/459] ASGN
[00:41:35] [40/459] BKMV
[00:41:36] [41/459] PVYH
[00:41:37] [42/459] INKM
[00:41:38] [43/459] ARJU
[00:41:39] [44/459] JJPP
[00:41:40] [45/459] SSRM
[00:41:40] [46/459] HMHD
[00:41:41] [47/459] SNKH
[00:41:42] [48/459] ACHI
[00:41:43] [49/459] MRAA
[00:41:44] [50/459] INMH
[00:41:44] [51/459] ARMH
[00:41:45] [52/459] DVRR
[00:41:46] [53/459] SUDA
[00:41:48] [54/459] MCSS
[00:41:49] [55/459] VRKC
[00:41:50] [56/459] PRCX
[00:41:51] [57/459] ASJY
[00:41:52] [58/459] MTHY
[00:41:53] [59/459] SRCM
[00:41:54] [60/459] TVHY
[00:41:54] [61/459] STHD
[00:41:55] [62/459] CPCL
[00:41:56] [63/459] PSMJ
[00:41:57] [64/459] MRGT
[00:41:58] [65/459] ARYH
[00:41:59] [66/459] VTRB
[00:41:59] [67/459] SCHC
[00:42:00] [68/459] MRRG
[00:42:01] [69/459] SPCB
[00:42:02] [70/459] AMCM
[00:42:03] [71/459] IVNM
[00:42:04] [72/459] TRHY
[00:42:05] [73/459] PTTH
[00:42:07] [74/459] RKMH
[00:42:07] [75/459] PRCS
[00:42:08] [76/459] VAJA
[00:42:10] [77/459] BJNG
[00:42:11] [78/459] SCVM
[00:42:12] [79/459] GNHB
[00:42:13] [80/459] TLUR
[00:42:14] [81/459] UKCC
[00:42:15] [82/459] SRKR
[00:42:16] [83/459] RMKN
[00:42:17] [84/459] SLRT
[00:42:18] [85/459] LKMT
[00:42:19] [86/459] SSRJ
[00:42:20] [87/459] SPHT
[00:42:21] [88/459] ANTT
[00:42:22] [89/459] SRCH
[00:42:23] [90/459] SRCA
[00:42:24] [91/459] ARTH
[00:42:24] [92/459] MCBH
[00:42:25] [93/459] SNIB
[00:42:27] [94/459] SART
[00:42:28] [95/459] SKTA
[00:42:29] [96/459] YAKT
[00:42:29] [97/459] MLCK
[00:42:30] [98/459] ANTS
[00:42:32] [99/459] DGCA
[00:42:32] [100/459] SGMP
[00:42:33] [101/459] ASWN
[00:42:34] [102/459] KFVU
[00:42:35] [103/459] POOR
[00:42:36] [104/459] GKDN
[00:42:36] [105/459] EOSE
[00:42:37] [106/459] GTTT
[00:42:38] [107/459] ARRO
[00:42:39] [108/459] CMMK
[00:42:40] [109/459] MSCN
[00:42:41] [110/459] GDKH
[00:42:41] [111/459] DLMT
[00:42:42] [112/459] PVMF
[00:42:43] [113/459] CPCK
[00:42:44] [114/459] VMHE
[00:42:45] [115/459] PVLC
[00:42:46] [116/459] PCVB
[00:42:46] [117/459] SNYK
[00:42:47] [118/459] KTEK
[00:42:48] [119/459] PCNM
[00:42:49] [120/459] NTTR
[00:42:50] [121/459] CPSK
[00:42:50] [122/459] JMMA
[00:42:51] [123/459] GCFK
[00:42:53] [124/459] MYCA
[00:42:54] [125/459] KSNP
[00:42:56] [126/459] PMCE
[00:42:57] [127/459] SCKI
[00:42:58] [128/459] FSMA
[00:42:59] [129/459] CETA
[00:43:00] [130/459] MCIK
[00:43:01] [131/459] MYCR
[00:43:02] [132/459] EVMP
[00:43:03] [133/459] SSGT
[00:43:04] [134/459] KCTK
[00:43:05] [135/459] ZTKC
[00:43:06] [136/459] MMTA
[00:43:06] [137/459] MAJT
[00:43:07] [138/459] ACPK
[00:43:08] [139/459] JMAX
[00:43:09] [140/459] SETK
[00:43:10] [141/459] CAIS
[00:43:11] [142/459] AGCD
[00:43:12] [143/459] URCL
[00:43:13] [144/459] VTDS
[00:43:14] [145/459] JCNM
[00:43:15] [146/459] KCAM
[00:43:16] [147/459] ADCU
[00:43:17] [148/459] GXYN
[00:43:18] [149/459] SMJG
[00:43:18] [150/459] EYCJ
[00:43:19] [151/459] CCEJ
[00:43:20] [152/459] MARS
[00:43:21] [153/459] CPVJ
[00:43:22] [154/459] INVP
[00:43:23] [155/459] CPOV
[00:43:24] [156/459] VIJK
[00:43:25] [157/459] LAIM
[00:43:26] [158/459] STHV
[00:43:27] [159/459] SVLJ
[00:43:27] [160/459] ATVJ
[00:43:28] [161/459] JTSC
[00:43:29] [162/459] RMTV
[00:43:29] [163/459] MGGG
[00:43:30] [164/459] SWTH
[00:43:31] [165/459] INVJ
[00:43:32] [166/459] PRSV
[00:43:33] [167/459] JATV
[00:43:33] [168/459] RCVD
[00:43:34] [169/459] BDMA
[00:43:35] [170/459] BLJI
[00:43:36] [171/459] SWOT
[00:43:37] [172/459] SWRN
[00:43:38] [173/459] TVRA
[00:43:39] [174/459] VCSV
[00:43:40] [175/459] NVRN
[00:43:41] [176/459] SIKC
[00:43:41] [177/459] VAKR
[00:43:42] [178/459] SYLN
[00:43:43] [179/459] KLJL
[00:43:44] [180/459] LKMY
[00:43:44] [181/459] VSLY
[00:43:45] [182/459] CIKO
[00:43:46] [183/459] GPBG
[00:43:47] [184/459] CECM
[00:43:48] [185/459] SLKB
[00:43:50] [186/459] MTBO
[00:43:51] [187/459] SSHB
[00:43:52] [188/459] VPCS
[00:43:53] [189/459] RCSR
[00:43:53] [190/459] RJRM
[00:43:54] [191/459] KPPB
[00:43:55] [192/459] SEDC
[00:43:56] [193/459] SCAI
[00:43:57] [194/459] RMTR
[00:43:58] [195/459] ASST
[00:43:59] [196/459] GCAK
[00:43:59] [197/459] ANNK
[00:44:00] [198/459] KDDF
[00:44:01] [199/459] NRDP
[00:44:02] [200/459] PLAK
[00:44:04] [201/459] GCMC
[00:44:05] [202/459] ALPY
[00:44:05] [203/459] SICE
[00:44:07] [204/459] SISR
[00:44:08] [205/459] SRPZ
[00:44:09] [206/459] SRSW
[00:44:09] [207/459] SUYA
[00:44:10] [208/459] AMMT
[00:44:11] [209/459] BHCU
[00:44:12] [210/459] KLPA
[00:44:13] [211/459] NVKH
[00:44:14] [212/459] JMRC
[00:44:15] [213/459] KTTT
[00:44:16] [214/459] MAGH
[00:44:17] [215/459] MMMX
[00:44:18] [216/459] SALJ
[00:44:19] [217/459] GTJA
[00:44:20] [218/459] MAHT
[00:44:20] [219/459] SSNN
[00:44:21] [220/459] ARRP
[00:44:23] [221/459] ATNS
[00:44:24] [222/459] SKDT
[00:44:25] [223/459] ACAT
[00:44:25] [224/459] APRC
[00:44:26] [225/459] SWAG
[00:44:27] [226/459] SDPT
[00:44:28] [227/459] STPS
[00:44:29] [228/459] WWCZ
[00:44:30] [229/459] LLCH
[00:44:31] [230/459] MZHA
[00:44:31] [231/459] CRJG
[00:44:32] [232/459] JGTK
[00:44:34] [233/459] KCSR
[00:44:35] [234/459] CHTL
[00:44:36] [235/459] EDSR
[00:44:36] [236/459] CSWO
[00:44:37] [237/459] CPVM
[00:44:38] [238/459] MXBY
[00:44:39] [239/459] FMMA
[00:44:40] [240/459] POVI
[00:44:40] [241/459] MTHB
[00:44:41] [242/459] INRC
[00:44:42] [243/459] PIPP
[00:44:44] [244/459] BMXC
[00:44:45] [245/459] PCMM
[00:44:46] [246/459] PMKM
[00:44:47] [247/459] GATY
[00:44:48] [248/459] IMCM
[00:44:49] [249/459] POPE
[00:44:50] [250/459] MTCR
[00:44:51] [251/459] PVAE
[00:44:51] [252/459] PVMI
[00:44:52] [253/459] CPNM
[00:44:53] [254/459] FMRL
[00:44:54] [255/459] MCIW
[00:44:55] [256/459] MXBO
[00:44:56] [257/459] FMKY
[00:44:57] [258/459] FMDA
[00:44:58] [259/459] THAB
[00:44:59] [260/459] PRCW
[00:45:00] [261/459] PITI
[00:45:01] [262/459] MCFF
[00:45:02] [263/459] PDDV
[00:45:03] [264/459] MCRM
[00:45:04] [265/459] KKMB
[00:45:05] [266/459] INKO
[00:45:06] [267/459] PLXP
[00:45:07] [268/459] MMHA
[00:45:08] [269/459] FMVS
[00:45:09] [270/459] POLM
[00:45:09] [271/459] STER
[00:45:10] [272/459] PVWJ
[00:45:11] [273/459] IMJW
[00:45:12] [274/459] FNAN
[00:45:13] [275/459] CAGL
[00:45:14] [276/459] IPBG
[00:45:16] [277/459] SMFV
[00:45:17] [278/459] MMMR
[00:45:17] [279/459] MMWM
[00:45:18] [280/459] FNCM
[00:45:19] [281/459] MDVA
[00:45:20] [282/459] MMET
[00:45:21] [283/459] MIDO
[00:45:22] [284/459] INNP
[00:45:23] [285/459] MIFU
[00:45:25] [286/459] MMSZ
[00:45:25] [287/459] BMXA
[00:45:26] [288/459] MCAA
[00:45:27] [289/459] SCVP
[00:45:28] [290/459] PLUS
[00:45:29] [291/459] MUCK
[00:45:30] [292/459] MTMA
[00:45:31] [293/459] HPVR
[00:45:31] [294/459] PMPK
[00:45:32] [295/459] MAJB
[00:45:33] [296/459] CTRR
[00:45:34] [297/459] MCTG
[00:45:35] [298/459] MACE
[00:45:35] [299/459] AAAS
[00:45:36] [300/459] CPVV
[00:45:37] [301/459] RCHG
[00:45:38] [302/459] MCNE
[00:45:39] [303/459] EMNC
[00:45:40] [304/459] MCAN
[00:45:41] [305/459] TCDM
[00:45:42] [306/459] IRGT
[00:45:42] [307/459] GCMG
[00:45:43] [308/459] MXSN
[00:45:44] [309/459] MXCK
[00:45:44] [310/459] MCRC
[00:45:45] [311/459] RSMI
[00:45:46] [312/459] WAML
[00:45:47] [313/459] MTSC
[00:45:48] [314/459] FMDR
[00:45:48] [315/459] LEPV
[00:45:49] [316/459] MTGD
[00:45:50] [317/459] IMOB
[00:45:51] [318/459] CLMM
[00:45:52] [319/459] PZCD
[00:45:52] [320/459] GOCS
[00:45:53] [321/459] KCMA
[00:45:54] [322/459] CCMP
[00:45:55] [323/459] MTSU
[00:45:56] [324/459] SNGL
[00:45:57] [325/459] MMMC
[00:45:58] [326/459] MMAA
[00:45:58] [327/459] GCDM
[00:45:59] [328/459] KTMV
[00:46:00] [329/459] AETE
[00:46:01] [330/459] OMCS
[00:46:02] [331/459] GDCD
[00:46:03] [332/459] NYMD
[00:46:04] [333/459] RNCV
[00:46:05] [334/459] KKMT
[00:46:06] [335/459] GDTH
[00:46:07] [336/459] KMMV
[00:46:08] [337/459] NHCG
[00:46:09] [338/459] PJDW
[00:46:10] [339/459] MMCV
[00:46:11] [340/459] FQSA
[00:46:11] [341/459] KURL
[00:46:12] [342/459] NNNX
[00:46:13] [343/459] AMAU
[00:46:14] [344/459] VVVM
[00:46:15] [345/459] VECU
[00:46:16] [346/459] WCVR
[00:46:17] [347/459] MTGG
[00:46:17] [348/459] SGTG
[00:46:18] [349/459] MNTG
[00:46:19] [350/459] JDDG
[00:46:20] [351/459] MBTK
[00:46:21] [352/459] SGCD
[00:46:22] [353/459] MCTC
[00:46:24] [354/459] JTPC
[00:46:25] [355/459] SDKT
[00:46:26] [356/459] KRCC
[00:46:27] [357/459] RMMD
[00:46:28] [358/459] AAME
[00:46:29] [359/459] TMWC
[00:46:30] [360/459] NRWY
[00:46:31] [361/459] CITD
[00:46:32] [362/459] VERD
[00:46:33] [363/459] MKSK
[00:46:34] [364/459] STSM
[00:46:35] [365/459] MJDG
[00:46:36] [366/459] RKPM
[00:46:37] [367/459] SSCE
[00:46:38] [368/459] VMAE
[00:46:39] [369/459] SBRU
[00:46:40] [370/459] AMBC
[00:46:41] [371/459] AMLU
[00:46:42] [372/459] INVZ
[00:46:44] [373/459] LGTV
[00:46:44] [374/459] SVAD
[00:46:45] [375/459] SMSA
[00:46:46] [376/459] SPCZ
[00:46:47] [377/459] GTCX
[00:46:48] [378/459] SCSL
[00:46:48] [379/459] SAHU
[00:46:49] [380/459] NCDA
[00:46:50] [381/459] SCCG
[00:46:51] [382/459] VKTL
[00:46:52] [383/459] PUUJ
[00:46:53] [384/459] STEJ
[00:46:54] [385/459] RJAL
[00:46:55] [386/459] ACJC
[00:46:57] [387/459] VTHC
[00:46:58] [388/459] ARVB
[00:46:58] [389/459] AUBB
[00:46:59] [390/459] GDBR
[00:47:00] [391/459] PVND
[00:47:01] [392/459] BGRJ
[00:47:01] [393/459] RJMM
[00:47:02] [394/459] MCSA
[00:47:03] [395/459] BODA
[00:47:04] [396/459] JAGG
[00:47:06] [397/459] SCGA
[00:47:06] [398/459] LRCM
[00:47:07] [399/459] CPCN
[00:47:08] [400/459] SSTF
[00:47:10] [401/459] SRXP
[00:47:10] [402/459] CNFX
[00:47:11] [403/459] ANDI
[00:47:12] [404/459] SYEW
[00:47:13] [405/459] RCRE
[00:47:14] [406/459] SCRW
[00:47:14] [407/459] MBKR
[00:47:15] [408/459] ASNT
[00:47:16] [409/459] JTMT
[00:47:17] [410/459] SHAY
[00:47:18] [411/459] VRTH
[00:47:19] [412/459] SPTI
[00:47:20] [413/459] DPTD
[00:47:21] [414/459] TGSN
[00:47:22] [415/459] RCWV
[00:47:22] [416/459] OCUR
[00:47:23] [417/459] KSTC
[00:47:24] [418/459] SANI
[00:47:25] [419/459] MLCA
[00:47:26] [420/459] EGCA
[00:47:27] [421/459] SYSN
[00:47:28] [422/459] PKTA
[00:47:28] [423/459] PRCC
[00:47:29] [424/459] KSTR
[00:47:30] [425/459] SNTP
[00:47:31] [426/459] RCHA
[00:47:32] [427/459] SEEA
[00:47:33] [428/459] ALAT
[00:47:34] [429/459] AATV
[00:47:36] [430/459] RJTE
[00:47:37] [431/459] AAPP
[00:47:37] [432/459] PMMH
[00:47:39] [433/459] INRJ
[00:47:40] [434/459] SARB
[00:47:41] [435/459] PCJL
[00:47:42] [436/459] PFJJ
[00:47:43] [437/459] GRDC
[00:47:44] [438/459] BCBA
[00:47:45] [439/459] VIXL
[00:47:45] [440/459] CSTL
[00:47:46] [441/459] MTDK
[00:47:47] [442/459] TDAC
[00:47:48] [443/459] GTDN
[00:47:49] [444/459] TTDE
[00:47:50] [445/459] ASTS
[00:47:51] [446/459] CPNS
[00:47:51] [447/459] PVVW
[00:47:52] [448/459] USEB
[00:47:54] [449/459] DTYN
[00:47:55] [450/459] PVLE
[00:47:56] [451/459] CIPS
[00:47:57] [452/459] PAEG
[00:47:58] [453/459] PTCW
[00:47:58] [454/459] G3SR
[00:47:59] [455/459] PGND
[00:48:00] [456/459] INVM
[00:48:01] [457/459] SPIA
[00:48:02] [458/459] PCSN
[00:48:03] [459/459] PPGV
[00:48:04] ✅ DONE | Shows=17 | Movies=2
