[10:05:18] 🚀 SCRIPT STARTED
[10:05:18] [1/445] TGMR
[10:05:18] 🧠 New identity created
[10:05:19] [2/445] CXKR
[10:05:20] [3/445] SROP
[10:05:21] [4/445] GTSV
[10:05:22] [5/445] SNTY
[10:05:23] [6/445] SMYY
[10:05:24] [7/445] CNCS
[10:05:25] [8/445] CSTM
[10:05:25] [9/445] NUCD
[10:05:26] [10/445] SHCZ
[10:05:27] [11/445] NJCT
[10:05:28] [12/445] COPC
[10:05:29] [13/445] STVV
[10:05:30] [14/445] SKRN
[10:05:31] [15/445] APPZ
[10:05:32] [16/445] YMGN
[10:05:33] [17/445] SVTU
[10:05:33] [18/445] GTAD
[10:05:34] [19/445] PSUS
[10:05:35] [20/445] SMCD
[10:05:36] [21/445] CMCM
[10:05:37] [22/445] SYCT
[10:05:38] [23/445] STLY
[10:05:39] [24/445] CMHU
[10:05:39] [25/445] CMSA
[10:05:40] [26/445] CLCU
[10:05:41] [27/445] PPNT
[10:05:42] [28/445] JTAB
[10:05:43] [29/445] BUUC
[10:05:43] [30/445] BSVK
[10:05:44] [31/445] VVVQ
[10:05:45] [32/445] TKMU
[10:05:46] [33/445] ESYL
[10:05:47] [34/445] ACHP
[10:05:48] [35/445] BTKD
[10:05:49] [36/445] DESA
[10:05:50] [37/445] GBCT
[10:05:51] [38/445] BLLD
[10:05:52] [39/445] SKNT
[10:05:53] [40/445] SSTE
[10:05:53] [41/445] VJMR
[10:05:54] [42/445] NTPU
[10:05:55] [43/445] RDKN
[10:05:55] [44/445] ADGC
[10:05:56] [45/445] VRBP
[10:05:57] [46/445] NMNA
[10:05:58] [47/445] CMMX
[10:05:59] [48/445] PTKO
[10:06:00] [49/445] RBML
[10:06:01] [50/445] SAIC
[10:06:01] [51/445] SVTJ
[10:06:02] [52/445] MRTE
[10:06:03] [53/445] RBTP
[10:06:04] [54/445] NLPS
[10:06:04] [55/445] GTNA
[10:06:05] [56/445] DGGC
[10:06:06] [57/445] SMCR
[10:06:07] [58/445] SCGD
[10:06:08] [59/445] SRRJ
[10:06:09] [60/445] CNRY
[10:06:10] [61/445] KTDI
[10:06:10] [62/445] SNJL
[10:06:11] [63/445] RKMD
[10:06:12] [64/445] SMDC
[10:06:13] [65/445] TADG
[10:06:13] [66/445] MCGS
[10:06:14] [67/445] PETK
[10:06:15] [68/445] CHAG
[10:06:16] [69/445] KSTL
[10:06:16] [70/445] AADS
[10:06:17] [71/445] NTHZ
[10:06:18] [72/445] HCKI
[10:06:20] [73/445] SSEF
[10:06:21] [74/445] MCGX
[10:06:21] [75/445] ERRA
[10:06:22] [76/445] SDTW
[10:06:24] [77/445] RMPK
[10:06:24] [78/445] PTHK
[10:06:25] [79/445] PXCS
[10:06:26] [80/445] SVLU
[10:06:27] [81/445] STAH
[10:06:28] [82/445] JRGF
[10:06:30] [83/445] CDOK
[10:06:31] [84/445] CMSG
[10:06:32] [85/445] APTD
[10:06:33] [86/445] KMPG
[10:06:34] [87/445] MUTJ
[10:06:35] [88/445] VCCI
[10:06:36] [89/445] URBE
[10:06:37] [90/445] TCTS
[10:06:38] [91/445] STSN
[10:06:39] [92/445] AKCH
[10:06:40] [93/445] APSC
[10:06:40] [94/445] VLTB
[10:06:41] [95/445] SANU
[10:06:42] [96/445] AXAM
[10:06:43] [97/445] MGMG
[10:06:44] [98/445] HTBY
[10:06:44] [99/445] MMZS
[10:06:45] [100/445] SUDR
[10:06:46] [101/445] CCAD
[10:06:47] [102/445] SKKC
[10:06:48] [103/445] RMCD
[10:06:49] [104/445] SBCQ
[10:06:49] [105/445] DCCT
[10:06:50] [106/445] VTKP
[10:06:51] [107/445] MLAM
[10:06:52] [108/445] SAVT
[10:06:53] [109/445] GEPL
[10:06:54] [110/445] AMCD
[10:06:54] [111/445] CCXR
[10:06:55] [112/445] GRNG
[10:06:56] [113/445] EBCA
[10:06:57] [114/445] CNVG
[10:06:58] [115/445] MWSS
[10:06:59] [116/445] VBOR
[10:07:00] [117/445] NEEB
[10:07:00] [118/445] SUTH
[10:07:01] [119/445] ANDB
[10:07:02] [120/445] MMXS
[10:07:03] [121/445] CNPD
[10:07:03] [122/445] SDCE
[10:07:04] [123/445] DHCB
[10:07:05] [124/445] ODEN
[10:07:06] [125/445] TNTC
[10:07:06] [126/445] VBKM
[10:07:07] [127/445] RZYM
[10:07:08] [128/445] JEMC
[10:07:08] [129/445] CMAU
[10:07:09] [130/445] SIVP
[10:07:10] [131/445] ATAG
[10:07:11] [132/445] CHTM
[10:07:12] [133/445] AAEE
[10:07:13] [134/445] IWPM
[10:07:13] [135/445] KCMW
[10:07:14] [136/445] MCTD
[10:07:15] [137/445] SPWR
[10:07:16] [138/445] SDPO
[10:07:17] [139/445] PCSK
[10:07:18] [140/445] ACHV
[10:07:19] [141/445] SVLA
[10:07:19] [142/445] PICT
[10:07:20] [143/445] BXDR
[10:07:21] [144/445] SPWA
[10:07:22] [145/445] MCKO
[10:07:23] [146/445] RTHK
[10:07:23] [147/445] CCMF
[10:07:24] [148/445] MRGB
[10:07:25] [149/445] CPLC
[10:07:25] [150/445] RACD
[10:07:26] [151/445] ATKT
[10:07:27] [152/445] SARN
[10:07:28] [153/445] KKUI
[10:07:28] [154/445] RGCM
[10:07:29] [155/445] BRVP
[10:07:30] [156/445] HRSR
[10:07:31] [157/445] GKGM
[10:07:32] [158/445] TTCD
[10:07:32] [159/445] PTTI
[10:07:33] [160/445] MPTT
[10:07:34] [161/445] CVTT
[10:07:35] [162/445] PCXD
[10:07:36] [163/445] GCDC
[10:07:37] [164/445] CCCF
[10:07:37] [165/445] MRAD
[10:07:38] [166/445] CPLK
[10:07:39] [167/445] SATB
[10:07:40] [168/445] SNVG
[10:07:41] [169/445] JMBA
[10:07:42] [170/445] TEJA
[10:07:43] [171/445] STYO
[10:07:43] [172/445] JTBP
[10:07:44] [173/445] KRGD
[10:07:45] [174/445] SLJJ
[10:07:46] [175/445] SPTJ
[10:07:47] [176/445] SWJG
[10:07:47] [177/445] LKRT
[10:07:48] [178/445] KCKA
[10:07:49] [179/445] SNCR
[10:07:50] [180/445] SMKL
[10:07:51] [181/445] GCFA
[10:07:52] [182/445] DDCK
[10:07:52] [183/445] NCHJ
[10:07:53] [184/445] RDMA
[10:07:54] [185/445] SVSV
[10:07:55] [186/445] SCJG
[10:07:56] [187/445] VKLP
[10:07:57] [188/445] NWCC
[10:07:58] [189/445] VKNS
[10:07:59] [190/445] SDDP
[10:08:00] [191/445] ACSI
[10:08:01] [192/445] SATG
[10:08:01] [193/445] SCMW
[10:08:02] [194/445] LKTK
[10:08:03] [195/445] VCKV
[10:08:04] [196/445] KKPE
[10:08:05] [197/445] KIGH
[10:08:06] [198/445] SRPM
[10:08:07] [199/445] SCAH
[10:08:08] [200/445] MUTA
[10:08:08] [201/445] SEPU
[10:08:09] [202/445] INOA
[10:08:10] [203/445] BASK
[10:08:11] [204/445] NECB
[10:08:11] [205/445] GTTG
[10:08:12] [206/445] ASSA
[10:08:13] [207/445] ANCL
[10:08:14] [208/445] GCTI
[10:08:15] [209/445] RCTS
[10:08:16] [210/445] ACNL
[10:08:17] [211/445] MYCT
[10:08:18] [212/445] NMHT
[10:08:19] [213/445] MDIT
[10:08:20] [214/445] LATG
[10:08:20] [215/445] SMTY
[10:08:21] [216/445] CVCT
[10:08:22] [217/445] RAMB
[10:08:23] [218/445] TGMS
[10:08:25] [219/445] BHEL
[10:08:25] [220/445] SHCT
[10:08:26] [221/445] SVCT
[10:08:27] [222/445] MRIY
[10:08:28] [223/445] SARO
[10:08:29] [224/445] STCT
[10:08:30] [225/445] JKKC
[10:08:31] [226/445] PLTT
[10:08:32] [227/445] SRNT
[10:08:33] [228/445] YAST
[10:08:34] [229/445] PERL
[10:08:35] [230/445] CICM
[10:08:35] [231/445] MMTR
[10:08:36] [232/445] ABTK
[10:08:37] [233/445] ATYY
[10:08:38] [234/445] ASTK
[10:08:39] [235/445] VVCK
[10:08:40] [236/445] ATKY
[10:08:40] [237/445] GWEK
[10:08:41] [238/445] SVFH
[10:08:42] [239/445] SLTA
[10:08:43] [240/445] AASH
[10:08:44] [241/445] ACXB
[10:08:45] [242/445] SMTX
[10:08:46] [243/445] AZDH
[10:08:46] [244/445] CMMH
[10:08:47] [245/445] SCSZ
[10:08:48] [246/445] SCKP
[10:08:49] [247/445] NXTM
[10:08:50] [248/445] NWCS
[10:08:50] [249/445] CXMH
[10:08:51] [250/445] PCMA
[10:08:52] [251/445] SGCM
[10:08:53] [252/445] SDTU
[10:08:54] [253/445] MMVI
[10:08:54] [254/445] JKCM
[10:08:55] [255/445] VCMM
[10:08:56] [256/445] SYEE
[10:08:57] [257/445] VASD
[10:08:58] [258/445] BDRB
[10:08:59] [259/445] LASM
[10:09:00] [260/445] DCRL
[10:09:01] [261/445] DVPM
[10:09:02] [262/445] SBMJ
[10:09:02] [263/445] CBMU
[10:09:03] [264/445] IUBS
[10:09:04] [265/445] INAP
[10:09:05] [266/445] SRRC
[10:09:05] [267/445] SAGR
[10:09:06] [268/445] CPMJ
[10:09:07] [269/445] ATJL
[10:09:08] [270/445] NNTD
[10:09:08] [271/445] JHCJ
[10:09:09] [272/445] CMMP
[10:09:10] [273/445] RSDR
[10:09:11] [274/445] AMTI
[10:09:11] [275/445] NYSG
[10:09:12] [276/445] AVSG
[10:09:13] [277/445] SYTP
[10:09:14] [278/445] LARC
[10:09:14] [279/445] RJTP
[10:09:15] [280/445] LAKC
[10:09:16] [281/445] MCXE
[10:09:17] [282/445] CCZC
[10:09:19] [283/445] AVCH
[10:09:19] [284/445] CMBE
[10:09:20] [285/445] MRRC
[10:09:21] [286/445] PCPY
[10:09:22] [287/445] SRMH
[10:09:24] [288/445] SVGS
[10:09:24] [289/445] PCSE
[10:09:25] [290/445] SVFT
[10:09:26] [291/445] TNZP
[10:09:27] [292/445] ICTP
[10:09:29] [293/445] ACTZ
[10:09:29] [294/445] GTUR
[10:09:30] [295/445] MAFC
[10:09:31] [296/445] MINL
[10:09:32] [297/445] MRCL
[10:09:33] [298/445] RCRP
[10:09:34] [299/445] RFFG
[10:09:35] [300/445] RMAS
[10:09:35] [301/445] INVR
[10:09:36] [302/445] RMAR
[10:09:37] [303/445] CNIS
[10:09:38] [304/445] RHRJ
[10:09:39] [305/445] INXR
[10:09:39] [306/445] VALT
[10:09:40] [307/445] LCSH
[10:09:42] [308/445] CMVS
[10:09:43] [309/445] CNMS
[10:09:44] [310/445] ROOG
[10:09:44] [311/445] ISRM
[10:09:45] [312/445] RCRM
[10:09:46] [313/445] ACJA
[10:09:47] [314/445] RCVS
[10:09:47] [315/445] CPUS
[10:09:49] [316/445] TGCS
[10:09:50] [317/445] RKCJ
[10:09:51] [318/445] MKSB
[10:09:52] [319/445] TCSJ
[10:09:54] [320/445] RMGP
[10:09:55] [321/445] CLLP
[10:09:55] [322/445] RCMV
[10:09:56] [323/445] CCKS
[10:09:57] [324/445] RSRP
[10:09:58] [325/445] APLP
[10:09:58] [326/445] CNVS
[10:09:59] [327/445] RMVY
[10:10:00] [328/445] PGBD
[10:10:01] [329/445] KLMS
[10:10:02] [330/445] RUST
[10:10:03] [331/445] MASM
[10:10:04] [332/445] BACS
[10:10:04] [333/445] BWST
[10:10:05] [334/445] RRFH
[10:10:07] [335/445] SJTM
[10:10:08] [336/445] BEMR
[10:10:09] [337/445] MCGR
[10:10:09] [338/445] SDSK
[10:10:10] [339/445] VBOL
[10:10:11] [340/445] RMGM
[10:10:12] [341/445] NOPL
[10:10:13] [342/445] MKJK
[10:10:14] [343/445] CVRN
[10:10:14] [344/445] MMEN
[10:10:15] [345/445] AMNG
[10:10:17] [346/445] INTM
[10:10:18] [347/445] SLCZ
[10:10:18] [348/445] AMJN
[10:10:19] [349/445] ACJN
[10:10:20] [350/445] AMKN
[10:10:21] [351/445] BTCN
[10:10:21] [352/445] AMBT
[10:10:22] [353/445] PACN
[10:10:23] [354/445] LCNS
[10:10:23] [355/445] PPKC
[10:10:24] [356/445] JYYN
[10:10:25] [357/445] JTNR
[10:10:26] [358/445] GTEE
[10:10:27] [359/445] SRNM
[10:10:29] [360/445] SDTC
[10:10:30] [361/445] VPCA
[10:10:31] [362/445] VLRA
[10:10:32] [363/445] SHKR
[10:10:32] [364/445] SBKD
[10:10:33] [365/445] SAAD
[10:10:34] [366/445] JTGN
[10:10:35] [367/445] SLAM
[10:10:36] [368/445] VTPM
[10:10:36] [369/445] ANPT
[10:10:37] [370/445] PUNB
[10:10:38] [371/445] CPKT
[10:10:39] [372/445] CNWE
[10:10:40] [373/445] ECPP
[10:10:41] [374/445] CPAR
[10:10:41] [375/445] ESBW
[10:10:43] [376/445] PKPU
[10:10:44] [377/445] CPRP
[10:10:44] [378/445] RAHU
[10:10:45] [379/445] RHMN
[10:10:46] [380/445] FMJP
[10:10:47] [381/445] CTMP
[10:10:47] [382/445] INPN
[10:10:48] [383/445] STTG
[10:10:49] [384/445] CTRD
[10:10:50] [385/445] PUVB
[10:10:50] [386/445] ESVP
[10:10:51] [387/445] CPFT
[10:10:52] [388/445] LCPC
[10:10:53] [389/445] VBCT
[10:10:54] [390/445] FSCW
[10:10:55] [391/445] VCMP
[10:10:56] [392/445] ASHC
[10:10:57] [393/445] VLCX
[10:10:57] [394/445] SHEV
[10:10:58] [395/445] APCO
[10:10:59] [396/445] SILC
[10:11:00] [397/445] SNMR
[10:11:01] [398/445] KYBO
[10:11:01] [399/445] SATK
[10:11:02] [400/445] SSCS
[10:11:03] [401/445] CLSB
[10:11:04] [402/445] KMJR
[10:11:05] [403/445] FSCK
[10:11:06] [404/445] NNKA
[10:11:06] [405/445] CLMK
[10:11:07] [406/445] DMPZ
[10:11:08] [407/445] INQM
[10:11:09] [408/445] CAML
[10:11:10] [409/445] INRK
[10:11:11] [410/445] IMKN
[10:11:12] [411/445] SVNR
[10:11:13] [412/445] INSL
[10:11:13] [413/445] MSMA
[10:11:14] [414/445] MCKK
[10:11:15] [415/445] FCHP
[10:11:16] [416/445] SFCR
[10:11:16] [417/445] NACK
[10:11:17] [418/445] PVAK
[10:11:18] [419/445] INER
[10:11:19] [420/445] RDBK
[10:11:20] [421/445] SVFN
[10:11:20] [422/445] IFRM
[10:11:21] [423/445] ATCK
[10:11:22] [424/445] ASKO
[10:11:23] [425/445] STKT
[10:11:23] [426/445] SVFB
[10:11:24] [427/445] INKS
[10:11:25] [428/445] PCRA
[10:11:26] [429/445] ATJA
[10:11:26] [430/445] IMJN
[10:11:27] [431/445] INHD
[10:11:29] [432/445] BARA
[10:11:29] [433/445] MCSL
[10:11:30] [434/445] RTOY
[10:11:31] [435/445] MENO
[10:11:32] [436/445] PUDM
[10:11:33] [437/445] PRCN
[10:11:34] [438/445] JMJR
[10:11:34] [439/445] SSGK
[10:11:35] [440/445] SSRL
[10:11:36] [441/445] JYKL
[10:11:37] [442/445] ACNB
[10:11:38] [443/445] SONP
[10:11:38] [444/445] EMCI
[10:11:39] [445/445] MRJH
[10:11:40] 🧹 Deduping shows
[10:11:40] ✅ DONE | Shows=166 | Movies=23
[16:48:34] 🚀 SCRIPT STARTED
[16:48:34] [1/445] TGMR
[16:48:34] 🧠 New identity created
[16:48:35] [2/445] CXKR
[16:48:35] [3/445] SROP
[16:48:36] [4/445] GTSV
[16:48:37] [5/445] SNTY
[16:48:38] [6/445] SMYY
[16:48:39] [7/445] CNCS
[16:48:40] [8/445] CSTM
[16:48:41] [9/445] NUCD
[16:48:42] [10/445] SHCZ
[16:48:42] [11/445] NJCT
[16:48:43] [12/445] COPC
[16:48:45] [13/445] STVV
[16:48:45] [14/445] SKRN
[16:48:46] [15/445] APPZ
[16:48:47] [16/445] YMGN
[16:48:48] [17/445] SVTU
[16:48:49] [18/445] GTAD
[16:48:50] [19/445] PSUS
[16:48:51] [20/445] SMCD
[16:48:52] [21/445] CMCM
[16:48:53] [22/445] SYCT
[16:48:54] [23/445] STLY
[16:48:55] [24/445] CMHU
[16:48:56] [25/445] CMSA
[16:48:56] [26/445] CLCU
[16:48:57] [27/445] PPNT
[16:48:58] [28/445] JTAB
[16:48:59] [29/445] BUUC
[16:49:00] [30/445] BSVK
[16:49:00] [31/445] VVVQ
[16:49:01] [32/445] TKMU
[16:49:02] [33/445] ESYL
[16:49:03] [34/445] ACHP
[16:49:03] [35/445] BTKD
[16:49:04] [36/445] DESA
[16:49:05] [37/445] GBCT
[16:49:06] [38/445] BLLD
[16:49:07] [39/445] SKNT
[16:49:08] [40/445] SSTE
[16:49:09] [41/445] VJMR
[16:49:09] [42/445] NTPU
[16:49:10] [43/445] RDKN
[16:49:11] [44/445] ADGC
[16:49:12] [45/445] VRBP
[16:49:13] [46/445] NMNA
[16:49:14] [47/445] CMMX
[16:49:14] [48/445] PTKO
[16:49:15] [49/445] RBML
[16:49:16] [50/445] SAIC
[16:49:16] [51/445] SVTJ
[16:49:17] [52/445] MRTE
[16:49:18] [53/445] RBTP
[16:49:19] [54/445] NLPS
[16:49:20] [55/445] GTNA
[16:49:21] [56/445] DGGC
[16:49:22] [57/445] SMCR
[16:49:23] [58/445] SCGD
[16:49:24] [59/445] SRRJ
[16:49:25] [60/445] CNRY
[16:49:26] [61/445] KTDI
[16:49:27] [62/445] SNJL
[16:49:27] [63/445] RKMD
[16:49:29] [64/445] SMDC
[16:49:30] [65/445] TADG
[16:49:31] [66/445] MCGS
[16:49:31] [67/445] PETK
[16:49:32] [68/445] CHAG
[16:49:33] [69/445] KSTL
[16:49:33] [70/445] AADS
[16:49:34] [71/445] NTHZ
[16:49:35] [72/445] HCKI
[16:49:36] [73/445] SSEF
[16:49:37] [74/445] MCGX
[16:49:38] [75/445] ERRA
[16:49:39] [76/445] SDTW
[16:49:40] [77/445] RMPK
[16:49:41] [78/445] PTHK
[16:49:42] [79/445] PXCS
[16:49:43] [80/445] SVLU
[16:49:44] [81/445] STAH
[16:49:45] [82/445] JRGF
[16:49:46] [83/445] CDOK
[16:49:47] [84/445] CMSG
[16:49:48] [85/445] APTD
[16:49:49] [86/445] KMPG
[16:49:51] [87/445] MUTJ
[16:49:52] [88/445] VCCI
[16:49:53] [89/445] URBE
[16:49:54] [90/445] TCTS
[16:49:54] [91/445] STSN
[16:49:55] [92/445] AKCH
[16:49:56] [93/445] APSC
[16:49:57] [94/445] VLTB
[16:49:58] [95/445] SANU
[16:49:59] [96/445] AXAM
[16:50:00] [97/445] MGMG
[16:50:01] [98/445] HTBY
[16:50:02] [99/445] MMZS
[16:50:03] [100/445] SUDR
[16:50:04] [101/445] CCAD
[16:50:05] [102/445] SKKC
[16:50:06] [103/445] RMCD
[16:50:08] [104/445] SBCQ
[16:50:09] [105/445] DCCT
[16:50:10] [106/445] VTKP
[16:50:11] [107/445] MLAM
[16:50:12] [108/445] SAVT
[16:50:12] [109/445] GEPL
[16:50:13] [110/445] AMCD
[16:50:14] [111/445] CCXR
[16:50:15] [112/445] GRNG
[16:50:16] [113/445] EBCA
[16:50:16] [114/445] CNVG
[16:50:17] [115/445] MWSS
[16:50:18] [116/445] VBOR
[16:50:19] [117/445] NEEB
[16:50:20] [118/445] SUTH
[16:50:21] [119/445] ANDB
[16:50:22] [120/445] MMXS
[16:50:23] [121/445] CNPD
[16:50:24] [122/445] SDCE
[16:50:25] [123/445] DHCB
[16:50:25] [124/445] ODEN
[16:50:26] [125/445] TNTC
[16:50:27] [126/445] VBKM
[16:50:28] [127/445] RZYM
[16:50:29] [128/445] JEMC
[16:50:30] [129/445] CMAU
[16:50:31] [130/445] SIVP
[16:50:32] [131/445] ATAG
[16:50:33] [132/445] CHTM
[16:50:34] [133/445] AAEE
[16:50:35] [134/445] IWPM
[16:50:35] [135/445] KCMW
[16:50:36] [136/445] MCTD
[16:50:37] [137/445] SPWR
[16:50:38] [138/445] SDPO
[16:50:39] [139/445] PCSK
[16:50:40] [140/445] ACHV
[16:50:40] [141/445] SVLA
[16:50:41] [142/445] PICT
[16:50:42] [143/445] BXDR
[16:50:43] [144/445] SPWA
[16:50:44] [145/445] MCKO
[16:50:44] [146/445] RTHK
[16:50:45] [147/445] CCMF
[16:50:46] [148/445] MRGB
[16:50:47] [149/445] CPLC
[16:50:48] [150/445] RACD
[16:50:48] [151/445] ATKT
[16:50:49] [152/445] SARN
[16:50:50] [153/445] KKUI
[16:50:51] [154/445] RGCM
[16:50:52] [155/445] BRVP
[16:50:53] [156/445] HRSR
[16:50:53] [157/445] GKGM
[16:50:54] [158/445] TTCD
[16:50:55] [159/445] PTTI
[16:50:56] [160/445] MPTT
[16:50:57] [161/445] CVTT
[16:50:57] [162/445] PCXD
[16:50:58] [163/445] GCDC
[16:50:59] [164/445] CCCF
[16:51:00] [165/445] MRAD
[16:51:01] [166/445] CPLK
[16:51:02] [167/445] SATB
[16:51:02] [168/445] SNVG
[16:51:03] [169/445] JMBA
[16:51:04] [170/445] TEJA
[16:51:05] [171/445] STYO
[16:51:06] [172/445] JTBP
[16:51:07] [173/445] KRGD
[16:51:08] [174/445] SLJJ
[16:51:09] [175/445] SPTJ
[16:51:10] [176/445] SWJG
[16:51:11] [177/445] LKRT
[16:51:12] [178/445] KCKA
[16:51:12] [179/445] SNCR
[16:51:13] [180/445] SMKL
[16:51:14] [181/445] GCFA
[16:51:15] [182/445] DDCK
[16:51:15] [183/445] NCHJ
[16:51:16] [184/445] RDMA
[16:51:17] [185/445] SVSV
[16:51:18] [186/445] SCJG
[16:51:19] [187/445] VKLP
[16:51:19] [188/445] NWCC
[16:51:20] [189/445] VKNS
[16:51:21] [190/445] SDDP
[16:51:22] [191/445] ACSI
[16:51:23] [192/445] SATG
[16:51:24] [193/445] SCMW
[16:51:24] [194/445] LKTK
[16:51:25] [195/445] VCKV
[16:51:26] [196/445] KKPE
[16:51:27] [197/445] KIGH
[16:51:27] [198/445] SRPM
[16:51:28] [199/445] SCAH
[16:51:29] [200/445] MUTA
[16:51:30] [201/445] SEPU
[16:51:30] [202/445] INOA
[16:51:31] [203/445] BASK
[16:51:32] [204/445] NECB
[16:51:33] [205/445] GTTG
[16:51:34] [206/445] ASSA
[16:51:35] [207/445] ANCL
[16:51:36] [208/445] GCTI
[16:51:36] [209/445] RCTS
[16:51:37] [210/445] ACNL
[16:51:38] [211/445] MYCT
[16:51:39] [212/445] NMHT
[16:51:40] [213/445] MDIT
[16:51:41] [214/445] LATG
[16:51:41] [215/445] SMTY
[16:51:43] [216/445] CVCT
[16:51:44] [217/445] RAMB
[16:51:44] [218/445] TGMS
[16:51:45] [219/445] BHEL
[16:51:46] [220/445] SHCT
[16:51:46] [221/445] SVCT
[16:51:47] [222/445] MRIY
[16:51:48] [223/445] SARO
[16:51:49] [224/445] STCT
[16:51:50] [225/445] JKKC
[16:51:51] [226/445] PLTT
[16:51:52] [227/445] SRNT
[16:51:53] [228/445] YAST
[16:51:53] [229/445] PERL
[16:51:54] [230/445] CICM
[16:51:55] [231/445] MMTR
[16:51:56] [232/445] ABTK
[16:51:57] [233/445] ATYY
[16:51:58] [234/445] ASTK
[16:51:59] [235/445] VVCK
[16:51:59] [236/445] ATKY
[16:52:00] [237/445] GWEK
[16:52:01] [238/445] SVFH
[16:52:02] [239/445] SLTA
[16:52:03] [240/445] AASH
[16:52:04] [241/445] ACXB
[16:52:05] [242/445] SMTX
[16:52:06] [243/445] AZDH
[16:52:07] [244/445] CMMH
[16:52:08] [245/445] SCSZ
[16:52:09] [246/445] SCKP
[16:52:09] [247/445] NXTM
[16:52:10] [248/445] NWCS
[16:52:12] [249/445] CXMH
[16:52:13] [250/445] PCMA
[16:52:14] [251/445] SGCM
[16:52:14] [252/445] SDTU
[16:52:15] [253/445] MMVI
[16:52:16] [254/445] JKCM
[16:52:17] [255/445] VCMM
[16:52:18] [256/445] SYEE
[16:52:19] [257/445] VASD
[16:52:20] [258/445] BDRB
[16:52:21] [259/445] LASM
[16:52:22] [260/445] DCRL
[16:52:23] [261/445] DVPM
[16:52:24] [262/445] SBMJ
[16:52:25] [263/445] CBMU
[16:52:26] [264/445] IUBS
[16:52:27] [265/445] INAP
[16:52:28] [266/445] SRRC
[16:52:29] [267/445] SAGR
[16:52:30] [268/445] CPMJ
[16:52:31] [269/445] ATJL
[16:52:31] [270/445] NNTD
[16:52:32] [271/445] JHCJ
[16:52:33] [272/445] CMMP
[16:52:34] [273/445] RSDR
[16:52:35] [274/445] AMTI
[16:52:36] [275/445] NYSG
[16:52:37] [276/445] AVSG
[16:52:38] [277/445] SYTP
[16:52:38] [278/445] LARC
[16:52:39] [279/445] RJTP
[16:52:41] [280/445] LAKC
[16:52:42] [281/445] MCXE
[16:52:42] [282/445] CCZC
[16:52:43] [283/445] AVCH
[16:52:44] [284/445] CMBE
[16:52:45] [285/445] MRRC
[16:52:47] [286/445] PCPY
[16:52:48] [287/445] SRMH
[16:52:48] [288/445] SVGS
[16:52:49] [289/445] PCSE
[16:52:50] [290/445] SVFT
[16:52:51] [291/445] TNZP
[16:52:52] [292/445] ICTP
[16:52:52] [293/445] ACTZ
[16:52:53] [294/445] GTUR
[16:52:54] [295/445] MAFC
[16:52:55] [296/445] MINL
[16:52:56] [297/445] MRCL
[16:52:57] [298/445] RCRP
[16:52:58] [299/445] RFFG
[16:52:59] [300/445] RMAS
[16:53:00] [301/445] INVR
[16:53:00] [302/445] RMAR
[16:53:01] [303/445] CNIS
[16:53:02] [304/445] RHRJ
[16:53:03] [305/445] INXR
[16:53:04] [306/445] VALT
[16:53:05] [307/445] LCSH
[16:53:06] [308/445] CMVS
[16:53:07] [309/445] CNMS
[16:53:08] [310/445] ROOG
[16:53:10] [311/445] ISRM
[16:53:11] [312/445] RCRM
[16:53:12] [313/445] ACJA
[16:53:13] [314/445] RCVS
[16:53:13] [315/445] CPUS
[16:53:14] [316/445] TGCS
[16:53:15] [317/445] RKCJ
[16:53:16] [318/445] MKSB
[16:53:17] [319/445] TCSJ
[16:53:17] [320/445] RMGP
[16:53:18] [321/445] CLLP
[16:53:20] [322/445] RCMV
[16:53:20] [323/445] CCKS
[16:53:21] [324/445] RSRP
[16:53:22] [325/445] APLP
[16:53:24] [326/445] CNVS
[16:53:25] [327/445] RMVY
[16:53:25] [328/445] PGBD
[16:53:26] [329/445] KLMS
[16:53:27] [330/445] RUST
[16:53:28] [331/445] MASM
[16:53:29] [332/445] BACS
[16:53:30] [333/445] BWST
[16:53:31] [334/445] RRFH
[16:53:31] [335/445] SJTM
[16:53:32] [336/445] BEMR
[16:53:33] [337/445] MCGR
[16:53:34] [338/445] SDSK
[16:53:34] [339/445] VBOL
[16:53:35] [340/445] RMGM
[16:53:36] [341/445] NOPL
[16:53:37] [342/445] MKJK
[16:53:37] [343/445] CVRN
[16:53:38] [344/445] MMEN
[16:53:40] [345/445] AMNG
[16:53:41] [346/445] INTM
[16:53:41] [347/445] SLCZ
[16:53:42] [348/445] AMJN
[16:53:43] [349/445] ACJN
[16:53:43] [350/445] AMKN
[16:53:44] [351/445] BTCN
[16:53:45] [352/445] AMBT
[16:53:46] [353/445] PACN
[16:53:47] [354/445] LCNS
[16:53:49] [355/445] PPKC
[16:53:49] [356/445] JYYN
[16:53:50] [357/445] JTNR
[16:53:51] [358/445] GTEE
[16:53:52] [359/445] SRNM
[16:53:52] [360/445] SDTC
[16:53:53] [361/445] VPCA
[16:53:54] [362/445] VLRA
[16:53:55] [363/445] SHKR
[16:53:56] [364/445] SBKD
[16:53:57] [365/445] SAAD
[16:53:58] [366/445] JTGN
[16:53:58] [367/445] SLAM
[16:53:59] [368/445] VTPM
[16:54:00] [369/445] ANPT
[16:54:01] [370/445] PUNB
[16:54:03] [371/445] CPKT
[16:54:03] [372/445] CNWE
[16:54:04] [373/445] ECPP
[16:54:05] [374/445] CPAR
[16:54:06] [375/445] ESBW
[16:54:07] [376/445] PKPU
[16:54:08] [377/445] CPRP
[16:54:08] [378/445] RAHU
[16:54:09] [379/445] RHMN
[16:54:10] [380/445] FMJP
[16:54:11] [381/445] CTMP
[16:54:12] [382/445] INPN
[16:54:13] [383/445] STTG
[16:54:14] [384/445] CTRD
[16:54:14] [385/445] PUVB
[16:54:15] [386/445] ESVP
[16:54:16] [387/445] CPFT
[16:54:17] [388/445] LCPC
[16:54:18] [389/445] VBCT
[16:54:19] [390/445] FSCW
[16:54:19] [391/445] VCMP
[16:54:20] [392/445] ASHC
[16:54:21] [393/445] VLCX
[16:54:22] [394/445] SHEV
[16:54:23] [395/445] APCO
[16:54:23] [396/445] SILC
[16:54:24] [397/445] SNMR
[16:54:25] [398/445] KYBO
[16:54:25] [399/445] SATK
[16:54:26] [400/445] SSCS
[16:54:27] [401/445] CLSB
[16:54:28] [402/445] KMJR
[16:54:29] [403/445] FSCK
[16:54:30] [404/445] NNKA
[16:54:30] [405/445] CLMK
[16:54:31] [406/445] DMPZ
[16:54:32] [407/445] INQM
[16:54:33] [408/445] CAML
[16:54:33] [409/445] INRK
[16:54:34] [410/445] IMKN
[16:54:35] [411/445] SVNR
[16:54:36] [412/445] INSL
[16:54:37] [413/445] MSMA
[16:54:38] [414/445] MCKK
[16:54:39] [415/445] FCHP
[16:54:39] [416/445] SFCR
[16:54:40] [417/445] NACK
[16:54:41] [418/445] PVAK
[16:54:42] [419/445] INER
[16:54:43] [420/445] RDBK
[16:54:44] [421/445] SVFN
[16:54:45] [422/445] IFRM
[16:54:46] [423/445] ATCK
[16:54:47] [424/445] ASKO
[16:54:47] [425/445] STKT
[16:54:48] [426/445] SVFB
[16:54:49] [427/445] INKS
[16:54:50] [428/445] PCRA
[16:54:52] [429/445] ATJA
[16:54:53] [430/445] IMJN
[16:54:55] [431/445] INHD
[16:54:56] [432/445] BARA
[16:54:57] [433/445] MCSL
[16:54:57] [434/445] RTOY
[16:54:58] [435/445] MENO
[16:54:59] [436/445] PUDM
[16:55:00] [437/445] PRCN
[16:55:01] [438/445] JMJR
[16:55:01] [439/445] SSGK
[16:55:02] [440/445] SSRL
[16:55:03] [441/445] JYKL
[16:55:05] [442/445] ACNB
[16:55:05] [443/445] SONP
[16:55:07] [444/445] EMCI
[16:55:08] [445/445] MRJH
[16:55:09] 🧹 Deduping shows
[16:55:09] ✅ DONE | Shows=289 | Movies=29
