[10:05:19] 🚀 SCRIPT STARTED
[10:05:19] [1/459] MBDC
[10:05:19] 🧠 New identity created
[10:05:20] [2/459] CHKM
[10:05:20] [3/459] JTKZ
[10:05:21] [4/459] CMCT
[10:05:22] [5/459] ASHO
[10:05:23] [6/459] ECDG
[10:05:24] [7/459] SPAT
[10:05:25] [8/459] HILC
[10:05:26] [9/459] SPPH
[10:05:26] [10/459] SBHN
[10:05:27] [11/459] RRCA
[10:05:28] [12/459] APAA
[10:05:29] [13/459] RAME
[10:05:30] [14/459] TMMS
[10:05:31] [15/459] BATK
[10:05:31] [16/459] LKOP
[10:05:32] [17/459] AMTT
[10:05:33] [18/459] PTGK
[10:05:34] [19/459] ANRS
[10:05:35] [20/459] VWBW
[10:05:36] [21/459] SVFG
[10:05:36] [22/459] STAT
[10:05:37] [23/459] GDCV
[10:05:38] [24/459] VEBI
[10:05:39] [25/459] VDSS
[10:05:40] [26/459] NTHV
[10:05:41] [27/459] AOCH
[10:05:42] [28/459] KASR
[10:05:43] [29/459] AYCS
[10:05:43] [30/459] SHAI
[10:05:44] [31/459] SKPE
[10:05:45] [32/459] SBTA
[10:05:46] [33/459] RTTD
[10:05:47] [34/459] CCJD
[10:05:48] [35/459] RSJJ
[10:05:49] [36/459] RKND
[10:05:50] [37/459] SVTX
[10:05:51] [38/459] BAKM
[10:05:52] [39/459] SVDC
[10:05:52] [40/459] MNCV
[10:05:53] [41/459] SJGC
[10:05:54] [42/459] MTPK
[10:05:55] [43/459] GATP
[10:05:56] [44/459] ABTS
[10:05:57] [45/459] ABDE
[10:05:58] [46/459] RCNM
[10:05:59] [47/459] KTHV
[10:06:00] [48/459] MDGJ
[10:06:01] [49/459] SMLM
[10:06:02] [50/459] JTMA
[10:06:03] [51/459] ACKP
[10:06:04] [52/459] SRTA
[10:06:05] [53/459] STAY
[10:06:05] [54/459] MAVO
[10:06:06] [55/459] APTS
[10:06:07] [56/459] OMEA
[10:06:08] [57/459] TTFD
[10:06:09] [58/459] MJCU
[10:06:10] [59/459] CXTE
[10:06:11] [60/459] CTPX
[10:06:12] [61/459] ASSL
[10:06:12] [62/459] CMVB
[10:06:13] [63/459] VPUR
[10:06:14] [64/459] JJDA
[10:06:15] [65/459] INBL
[10:06:16] [66/459] BIKB
[10:06:17] [67/459] NTBB
[10:06:18] [68/459] GLOB
[10:06:19] [69/459] SNTB
[10:06:20] [70/459] CHGV
[10:06:20] [71/459] SSBZ
[10:06:21] [72/459] PRDB
[10:06:22] [73/459] ISMT
[10:06:23] [74/459] MCSD
[10:06:24] [75/459] JBTT
[10:06:24] [76/459] GEKR
[10:06:25] [77/459] PVUN
[10:06:26] [78/459] NRTB
[10:06:27] [79/459] PRAA
[10:06:27] [80/459] PCBL
[10:06:28] [81/459] PTCM
[10:06:29] [82/459] KHNN
[10:06:30] [83/459] OMJE
[10:06:31] [84/459] STGN
[10:06:32] [85/459] RPMS
[10:06:33] [86/459] NWAD
[10:06:33] [87/459] BLCK
[10:06:34] [88/459] SVAA
[10:06:35] [89/459] URVM
[10:06:36] [90/459] ANTM
[10:06:36] [91/459] VJYM
[10:06:37] [92/459] MAZZ
[10:06:38] [93/459] CSHM
[10:06:40] [94/459] WGMH
[10:06:40] [95/459] SALN
[10:06:41] [96/459] BRTP
[10:06:42] [97/459] SVTA
[10:06:43] [98/459] SBTP
[10:06:44] [99/459] VLSS
[10:06:44] [100/459] SRJA
[10:06:45] [101/459] ANCG
[10:06:46] [102/459] CGGC
[10:06:47] [103/459] CRJA
[10:06:48] [104/459] USCR
[10:06:50] [105/459] MMEF
[10:06:51] [106/459] JCRJ
[10:06:51] [107/459] ADCM
[10:06:53] [108/459] BMYK
[10:06:54] [109/459] KICS
[10:06:55] [110/459] MBBT
[10:06:56] [111/459] MACK
[10:06:56] [112/459] CLDR
[10:06:57] [113/459] JYCR
[10:06:58] [114/459] DCRP
[10:06:59] [115/459] RAHT
[10:07:00] [116/459] CSSM
[10:07:00] [117/459] ATPK
[10:07:01] [118/459] KLRT
[10:07:02] [119/459] SRDD
[10:07:03] [120/459] CKMC
[10:07:04] [121/459] KRVM
[10:07:05] [122/459] AKCP
[10:07:05] [123/459] CNCV
[10:07:06] [124/459] PACT
[10:07:07] [125/459] NATP
[10:07:08] [126/459] PCPK
[10:07:09] [127/459] SMHO
[10:07:10] [128/459] CWTK
[10:07:10] [129/459] RVKZ
[10:07:11] [130/459] ASPD
[10:07:12] [131/459] VTKZ
[10:07:13] [132/459] LCSO
[10:07:13] [133/459] PRDY
[10:07:14] [134/459] RCAP
[10:07:15] [135/459] RGAR
[10:07:16] [136/459] RCAC
[10:07:17] [137/459] PMOD
[10:07:17] [138/459] PVCN
[10:07:18] [139/459] SCRZ
[10:07:19] [140/459] PVPC
[10:07:20] [141/459] STID
[10:07:21] [142/459] NEDD
[10:07:21] [143/459] BNBA
[10:07:22] [144/459] NTCD
[10:07:23] [145/459] OCDE
[10:07:24] [146/459] CCDU
[10:07:25] [147/459] CRXH
[10:07:25] [148/459] VLVT
[10:07:26] [149/459] CICI
[10:07:27] [150/459] SUCB
[10:07:28] [151/459] TCBP
[10:07:29] [152/459] SCCY
[10:07:30] [153/459] LXCY
[10:07:31] [154/459] NCMD
[10:07:31] [155/459] PHCS
[10:07:32] [156/459] DUXR
[10:07:33] [157/459] VNKS
[10:07:34] [158/459] SEDP
[10:07:35] [159/459] SVEN
[10:07:35] [160/459] SRKM
[10:07:36] [161/459] JTLT
[10:07:37] [162/459] SVSS
[10:07:38] [163/459] AMDE
[10:07:39] [164/459] WVRN
[10:07:40] [165/459] ISMG
[10:07:41] [166/459] WVKS
[10:07:42] [167/459] USCG
[10:07:42] [168/459] IOTG
[10:07:43] [169/459] RRJM
[10:07:44] [170/459] EDMP
[10:07:45] [171/459] SCGZ
[10:07:47] [172/459] GMGX
[10:07:47] [173/459] OMTP
[10:07:48] [174/459] MITD
[10:07:49] [175/459] SMMD
[10:07:49] [176/459] STML
[10:07:50] [177/459] MCFS
[10:07:51] [178/459] FPKA
[10:07:52] [179/459] OMLR
[10:07:53] [180/459] KKSC
[10:07:54] [181/459] RVMA
[10:07:54] [182/459] SCLL
[10:07:56] [183/459] SCDK
[10:07:57] [184/459] SXMI
[10:07:58] [185/459] SHDN
[10:07:59] [186/459] PAAD
[10:07:59] [187/459] UUCB
[10:08:00] [188/459] JHOL
[10:08:01] [189/459] SGWT
[10:08:02] [190/459] SRII
[10:08:03] [191/459] SGCK
[10:08:04] [192/459] SVVB
[10:08:05] [193/459] DMHA
[10:08:05] [194/459] PPNL
[10:08:06] [195/459] CPNL
[10:08:07] [196/459] WVLD
[10:08:08] [197/459] PSLV
[10:08:08] [198/459] VTTL
[10:08:09] [199/459] NPAD
[10:08:10] [200/459] PVCS
[10:08:11] [201/459] MCHL
[10:08:12] [202/459] PPLL
[10:08:12] [203/459] MALO
[10:08:13] [204/459] SWBH
[10:08:14] [205/459] PUGB
[10:08:15] [206/459] INBB
[10:08:15] [207/459] INNS
[10:08:16] [208/459] MCPT
[10:08:17] [209/459] SCMI
[10:08:18] [210/459] OCON
[10:08:19] [211/459] SCSM
[10:08:20] [212/459] RJVN
[10:08:21] [213/459] AMDK
[10:08:22] [214/459] ISMR
[10:08:23] [215/459] SMTD
[10:08:24] [216/459] VTDD
[10:08:25] [217/459] PDDZ
[10:08:26] [218/459] PCCK
[10:08:27] [219/459] INAM
[10:08:27] [220/459] FNKT
[10:08:28] [221/459] GDKA
[10:08:29] [222/459] MAYU
[10:08:30] [223/459] TCGU
[10:08:31] [224/459] KDCA
[10:08:32] [225/459] DOMY
[10:08:32] [226/459] PDDD
[10:08:33] [227/459] BJTS
[10:08:34] [228/459] VTCA
[10:08:35] [229/459] SBTM
[10:08:36] [230/459] SEET
[10:08:37] [231/459] SSTJ
[10:08:38] [232/459] SVNT
[10:08:39] [233/459] PPPR
[10:08:40] [234/459] PVYS
[10:08:41] [235/459] IOSE
[10:08:41] [236/459] ACTV
[10:08:42] [237/459] APVE
[10:08:43] [238/459] TCCL
[10:08:44] [239/459] SCMO
[10:08:45] [240/459] SAUM
[10:08:46] [241/459] KCJS
[10:08:47] [242/459] NJCJ
[10:08:47] [243/459] NECF
[10:08:48] [244/459] CCGW
[10:08:49] [245/459] CCMG
[10:08:50] [246/459] NYRG
[10:08:51] [247/459] NCSQ
[10:08:52] [248/459] GRCG
[10:08:53] [249/459] CCBT
[10:08:53] [250/459] ACGA
[10:08:54] [251/459] INAG
[10:08:55] [252/459] FUCG
[10:08:56] [253/459] AICF
[10:08:57] [254/459] GRGA
[10:08:58] [255/459] GDCN
[10:08:59] [256/459] RRCG
[10:09:00] [257/459] SDCH
[10:09:01] [258/459] WVJM
[10:09:02] [259/459] JCCZ
[10:09:03] [260/459] CNCL
[10:09:03] [261/459] TMLV
[10:09:05] [262/459] MEMB
[10:09:06] [263/459] SGTD
[10:09:06] [264/459] CONX
[10:09:08] [265/459] CCMH
[10:09:08] [266/459] ACMC
[10:09:09] [267/459] DTPD
[10:09:10] [268/459] POJA
[10:09:11] [269/459] FNBH
[10:09:11] [270/459] CGCB
[10:09:12] [271/459] RACN
[10:09:13] [272/459] JTSM
[10:09:14] [273/459] SCDN
[10:09:15] [274/459] AACK
[10:09:16] [275/459] RMCE
[10:09:17] [276/459] BSGB
[10:09:17] [277/459] MRCB
[10:09:18] [278/459] SRVR
[10:09:19] [279/459] VTKK
[10:09:20] [280/459] AMST
[10:09:21] [281/459] APCY
[10:09:22] [282/459] LMHO
[10:09:23] [283/459] MTZH
[10:09:24] [284/459] AMZB
[10:09:25] [285/459] SUVT
[10:09:25] [286/459] RCIP
[10:09:27] [287/459] KESR
[10:09:28] [288/459] SNKC
[10:09:28] [289/459] SCED
[10:09:30] [290/459] DVCA
[10:09:31] [291/459] VCDT
[10:09:32] [292/459] RRDI
[10:09:32] [293/459] DFCH
[10:09:33] [294/459] INSC
[10:09:34] [295/459] RGTR
[10:09:35] [296/459] FMOT
[10:09:35] [297/459] SCPM
[10:09:36] [298/459] GCDT
[10:09:37] [299/459] BRKT
[10:09:38] [300/459] DEMP
[10:09:39] [301/459] SRLC
[10:09:39] [302/459] KSTT
[10:09:40] [303/459] SMMT
[10:09:41] [304/459] SILM
[10:09:42] [305/459] JCVM
[10:09:43] [306/459] KCSV
[10:09:44] [307/459] MHLK
[10:09:45] [308/459] SLVL
[10:09:47] [309/459] RJKP
[10:09:48] [310/459] BBPC
[10:09:49] [311/459] MXCB
[10:09:50] [312/459] TCPK
[10:09:51] [313/459] RTBR
[10:09:51] [314/459] GAUT
[10:09:52] [315/459] DVCF
[10:09:54] [316/459] JTSB
[10:09:55] [317/459] SBLS
[10:09:55] [318/459] UDAY
[10:09:56] [319/459] PTNP
[10:09:57] [320/459] DMKT
[10:09:58] [321/459] NTDT
[10:09:59] [322/459] SHDJ
[10:10:00] [323/459] OTNC
[10:10:01] [324/459] RNTW
[10:10:01] [325/459] GCMI
[10:10:02] [326/459] CRCM
[10:10:03] [327/459] NNCZ
[10:10:04] [328/459] OEMO
[10:10:05] [329/459] PVJM
[10:10:05] [330/459] CPJI
[10:10:06] [331/459] RMCJ
[10:10:07] [332/459] CNWJ
[10:10:08] [333/459] EPJM
[10:10:09] [334/459] FNJJ
[10:10:11] [335/459] GCMJ
[10:10:12] [336/459] INPS
[10:10:12] [337/459] BICJ
[10:10:13] [338/459] ISTJ
[10:10:14] [339/459] INJC
[10:10:15] [340/459] GLXJ
[10:10:16] [341/459] INEM
[10:10:17] [342/459] JTMN
[10:10:17] [343/459] FRCJ
[10:10:18] [344/459] DDJP
[10:10:19] [345/459] INJV
[10:10:20] [346/459] GOLC
[10:10:21] [347/459] KOCI
[10:10:22] [348/459] FSTD
[10:10:24] [349/459] PACJ
[10:10:25] [350/459] GMCN
[10:10:27] [351/459] MMDJ
[10:10:28] [352/459] GODH
[10:10:28] [353/459] SKYN
[10:10:29] [354/459] NCTH
[10:10:30] [355/459] SKVZ
[10:10:30] [356/459] SVML
[10:10:31] [357/459] ACVZ
[10:10:32] [358/459] SURA
[10:10:33] [359/459] RTRB
[10:10:34] [360/459] LLCT
[10:10:35] [361/459] ATTS
[10:10:36] [362/459] JYCM
[10:10:37] [363/459] CTKR
[10:10:38] [364/459] LCKR
[10:10:40] [365/459] NYCV
[10:10:41] [366/459] NYOH
[10:10:42] [367/459] NOVX
[10:10:42] [368/459] MRGK
[10:10:43] [369/459] MOON
[10:10:44] [370/459] SBUC
[10:10:45] [371/459] GSVA
[10:10:46] [372/459] VIAK
[10:10:47] [373/459] SMVZ
[10:10:48] [374/459] MATE
[10:10:49] [375/459] RDCN
[10:10:50] [376/459] ASBL
[10:10:50] [377/459] ASVS
[10:10:51] [378/459] ASSR
[10:10:52] [379/459] SSKN
[10:10:54] [380/459] DRPV
[10:10:54] [381/459] MRHT
[10:10:55] [382/459] BSCN
[10:10:57] [383/459] RKNX
[10:10:58] [384/459] MSMC
[10:10:59] [385/459] MSCJ
[10:11:00] [386/459] BTBJ
[10:11:01] [387/459] MJCC
[10:11:02] [388/459] IOMM
[10:11:02] [389/459] ADGR
[10:11:03] [390/459] MYCP
[10:11:04] [391/459] IGCM
[10:11:05] [392/459] PGRK
[10:11:06] [393/459] VPGO
[10:11:07] [394/459] KOMS
[10:11:08] [395/459] URGG
[10:11:08] [396/459] GOST
[10:11:09] [397/459] LACT
[10:11:10] [398/459] BWCM
[10:11:11] [399/459] NCCW
[10:11:12] [400/459] SKYC
[10:11:12] [401/459] CCPM
[10:11:13] [402/459] VCBT
[10:11:14] [403/459] SDKR
[10:11:15] [404/459] CTYB
[10:11:16] [405/459] SHCX
[10:11:17] [406/459] RCUN
[10:11:17] [407/459] CNRA
[10:11:18] [408/459] RFCA
[10:11:19] [409/459] RDCU
[10:11:20] [410/459] SARK
[10:11:21] [411/459] SPPP
[10:11:21] [412/459] ADMB
[10:11:22] [413/459] JYOE
[10:11:23] [414/459] SRMD
[10:11:24] [415/459] RJDH
[10:11:25] [416/459] SSTD
[10:11:26] [417/459] AACV
[10:11:26] [418/459] PPVD
[10:11:28] [419/459] STCP
[10:11:29] [420/459] ANJR
[10:11:30] [421/459] ANLS
[10:11:30] [422/459] BIJO
[10:11:31] [423/459] AVAB
[10:11:32] [424/459] SPMD
[10:11:34] [425/459] SVJL
[10:11:34] [426/459] SDDJ
[10:11:35] [427/459] SLTU
[10:11:36] [428/459] SAKA
[10:11:37] [429/459] PMAM
[10:11:37] [430/459] FNAM
[10:11:38] [431/459] ACAM
[10:11:39] [432/459] SCMM
[10:11:40] [433/459] PMAK
[10:11:41] [434/459] NYSA
[10:11:41] [435/459] FCPA
[10:11:42] [436/459] GDAN
[10:11:43] [437/459] RSCA
[10:11:44] [438/459] DMAN
[10:11:45] [439/459] DZCM
[10:11:45] [440/459] NSGL
[10:11:46] [441/459] CCPP
[10:11:47] [442/459] PSMG
[10:11:48] [443/459] GSER
[10:11:49] [444/459] FCCT
[10:11:50] [445/459] FCTB
[10:11:51] [446/459] LCNK
[10:11:52] [447/459] SKTY
[10:11:53] [448/459] INAA
[10:11:53] [449/459] RCWN
[10:11:55] [450/459] VAIS
[10:11:57] [451/459] CVMN
[10:11:58] [452/459] INTS
[10:11:58] [453/459] FRGS
[10:12:00] [454/459] DTCK
[10:12:01] [455/459] MCMH
[10:12:01] [456/459] ECRR
[10:12:02] [457/459] RLLP
[10:12:03] [458/459] CCSN
[10:12:04] [459/459] CCBA
[10:12:05] 🧹 Deduping shows
[10:12:05] ✅ DONE | Shows=246 | Movies=26
