[10:05:19] 🚀 SCRIPT STARTED
[10:05:19] [1/459] FNDB
[10:05:19] 🧠 New identity created
[10:05:20] [2/459] AMBH
[10:05:21] [3/459] PRHN
[10:05:21] [4/459] ACPM
[10:05:23] [5/459] PVFS
[10:05:24] [6/459] AACN
[10:05:25] [7/459] ACAS
[10:05:25] [8/459] CTNR
[10:05:26] [9/459] MMAH
[10:05:27] [10/459] CPMH
[10:05:28] [11/459] IGMH
[10:05:29] [12/459] ABCS
[10:05:30] [13/459] CMMA
[10:05:30] [14/459] GPRH
[10:05:32] [15/459] PNNG
[10:05:33] [16/459] AMCA
[10:05:34] [17/459] ISTN
[10:05:34] [18/459] PIIC
[10:05:35] [19/459] AHMH
[10:05:36] [20/459] ASHN
[10:05:37] [21/459] INHY
[10:05:38] [22/459] SRMO
[10:05:39] [23/459] PIMH
[10:05:40] [24/459] PVTS
[10:05:40] [25/459] MMCA
[10:05:41] [26/459] AKYJ
[10:05:42] [27/459] BRKH
[10:05:43] [28/459] MAHM
[10:05:44] [29/459] CPHY
[10:05:45] [30/459] PVTP
[10:05:46] [31/459] SMMR
[10:05:47] [32/459] PVHM
[10:05:47] [33/459] SNDY
[10:05:49] [34/459] GOKU
[10:05:50] [35/459] ACEV
[10:05:51] [36/459] PVUM
[10:05:51] [37/459] VSWA
[10:05:52] [38/459] IPRS
[10:05:53] [39/459] ASGN
[10:05:54] [40/459] BKMV
[10:05:55] [41/459] PVYH
[10:05:56] [42/459] INKM
[10:05:57] [43/459] ARJU
[10:05:58] [44/459] JJPP
[10:05:59] [45/459] SSRM
[10:06:00] [46/459] HMHD
[10:06:01] [47/459] SNKH
[10:06:01] [48/459] ACHI
[10:06:03] [49/459] MRAA
[10:06:05] [50/459] INMH
[10:06:06] [51/459] ARMH
[10:06:07] [52/459] DVRR
[10:06:08] [53/459] SUDA
[10:06:08] [54/459] MCSS
[10:06:10] [55/459] VRKC
[10:06:11] [56/459] PRCX
[10:06:12] [57/459] ASJY
[10:06:13] [58/459] MTHY
[10:06:13] [59/459] SRCM
[10:06:14] [60/459] TVHY
[10:06:15] [61/459] STHD
[10:06:16] [62/459] CPCL
[10:06:17] [63/459] PSMJ
[10:06:18] [64/459] MRGT
[10:06:18] [65/459] ARYH
[10:06:19] [66/459] VTRB
[10:06:20] [67/459] SCHC
[10:06:21] [68/459] MRRG
[10:06:22] [69/459] SPCB
[10:06:23] [70/459] AMCM
[10:06:24] [71/459] IVNM
[10:06:25] [72/459] TRHY
[10:06:26] [73/459] PTTH
[10:06:26] [74/459] RKMH
[10:06:27] [75/459] PRCS
[10:06:28] [76/459] VAJA
[10:06:29] [77/459] BJNG
[10:06:30] [78/459] SCVM
[10:06:31] [79/459] GNHB
[10:06:31] [80/459] TLUR
[10:06:32] [81/459] UKCC
[10:06:33] [82/459] SRKR
[10:06:34] [83/459] RMKN
[10:06:35] [84/459] SLRT
[10:06:36] [85/459] LKMT
[10:06:36] [86/459] SSRJ
[10:06:37] [87/459] SPHT
[10:06:38] [88/459] ANTT
[10:06:39] [89/459] SRCH
[10:06:40] [90/459] SRCA
[10:06:41] [91/459] ARTH
[10:06:42] [92/459] MCBH
[10:06:42] [93/459] SNIB
[10:06:43] [94/459] SART
[10:06:44] [95/459] SKTA
[10:06:45] [96/459] YAKT
[10:06:47] [97/459] MLCK
[10:06:48] [98/459] ANTS
[10:06:49] [99/459] DGCA
[10:06:50] [100/459] SGMP
[10:06:51] [101/459] ASWN
[10:06:52] [102/459] KFVU
[10:06:52] [103/459] POOR
[10:06:53] [104/459] GKDN
[10:06:54] [105/459] EOSE
[10:06:55] [106/459] GTTT
[10:06:56] [107/459] ARRO
[10:06:58] [108/459] CMMK
[10:06:58] [109/459] MSCN
[10:06:59] [110/459] GDKH
[10:07:00] [111/459] DLMT
[10:07:01] [112/459] PVMF
[10:07:01] [113/459] CPCK
[10:07:02] [114/459] VMHE
[10:07:03] [115/459] PVLC
[10:07:04] [116/459] PCVB
[10:07:05] [117/459] SNYK
[10:07:06] [118/459] KTEK
[10:07:07] [119/459] PCNM
[10:07:08] [120/459] NTTR
[10:07:08] [121/459] CPSK
[10:07:09] [122/459] JMMA
[10:07:10] [123/459] GCFK
[10:07:11] [124/459] MYCA
[10:07:13] [125/459] KSNP
[10:07:14] [126/459] PMCE
[10:07:15] [127/459] SCKI
[10:07:15] [128/459] FSMA
[10:07:16] [129/459] CETA
[10:07:17] [130/459] MCIK
[10:07:18] [131/459] MYCR
[10:07:19] [132/459] EVMP
[10:07:21] [133/459] SSGT
[10:07:22] [134/459] KCTK
[10:07:22] [135/459] ZTKC
[10:07:23] [136/459] MMTA
[10:07:25] [137/459] MAJT
[10:07:27] [138/459] ACPK
[10:07:28] [139/459] JMAX
[10:07:28] [140/459] SETK
[10:07:29] [141/459] CAIS
[10:07:30] [142/459] AGCD
[10:07:31] [143/459] URCL
[10:07:32] [144/459] VTDS
[10:07:33] [145/459] JCNM
[10:07:34] [146/459] KCAM
[10:07:34] [147/459] ADCU
[10:07:36] [148/459] GXYN
[10:07:37] [149/459] SMJG
[10:07:38] [150/459] EYCJ
[10:07:39] [151/459] CCEJ
[10:07:39] [152/459] MARS
[10:07:40] [153/459] CPVJ
[10:07:41] [154/459] INVP
[10:07:42] [155/459] CPOV
[10:07:43] [156/459] VIJK
[10:07:44] [157/459] LAIM
[10:07:45] [158/459] STHV
[10:07:45] [159/459] SVLJ
[10:07:46] [160/459] ATVJ
[10:07:47] [161/459] JTSC
[10:07:48] [162/459] RMTV
[10:07:49] [163/459] MGGG
[10:07:50] [164/459] SWTH
[10:07:50] [165/459] INVJ
[10:07:51] [166/459] PRSV
[10:07:52] [167/459] JATV
[10:07:54] [168/459] RCVD
[10:07:55] [169/459] BDMA
[10:07:55] [170/459] BLJI
[10:07:57] [171/459] SWOT
[10:07:58] [172/459] SWRN
[10:07:59] [173/459] TVRA
[10:07:59] [174/459] VCSV
[10:08:00] [175/459] NVRN
[10:08:01] [176/459] SIKC
[10:08:02] [177/459] VAKR
[10:08:03] [178/459] SYLN
[10:08:04] [179/459] KLJL
[10:08:05] [180/459] LKMY
[10:08:06] [181/459] VSLY
[10:08:07] [182/459] CIKO
[10:08:09] [183/459] GPBG
[10:08:09] [184/459] CECM
[10:08:10] [185/459] SLKB
[10:08:11] [186/459] MTBO
[10:08:12] [187/459] SSHB
[10:08:13] [188/459] VPCS
[10:08:14] [189/459] RCSR
[10:08:15] [190/459] RJRM
[10:08:16] [191/459] KPPB
[10:08:17] [192/459] SEDC
[10:08:18] [193/459] SCAI
[10:08:19] [194/459] RMTR
[10:08:19] [195/459] ASST
[10:08:20] [196/459] GCAK
[10:08:21] [197/459] ANNK
[10:08:22] [198/459] KDDF
[10:08:23] [199/459] NRDP
[10:08:23] [200/459] PLAK
[10:08:25] [201/459] GCMC
[10:08:26] [202/459] ALPY
[10:08:27] [203/459] SICE
[10:08:28] [204/459] SISR
[10:08:29] [205/459] SRPZ
[10:08:30] [206/459] SRSW
[10:08:31] [207/459] SUYA
[10:08:32] [208/459] AMMT
[10:08:32] [209/459] BHCU
[10:08:33] [210/459] KLPA
[10:08:34] [211/459] NVKH
[10:08:35] [212/459] JMRC
[10:08:36] [213/459] KTTT
[10:08:37] [214/459] MAGH
[10:08:39] [215/459] MMMX
[10:08:40] [216/459] SALJ
[10:08:41] [217/459] GTJA
[10:08:41] [218/459] MAHT
[10:08:42] [219/459] SSNN
[10:08:43] [220/459] ARRP
[10:08:44] [221/459] ATNS
[10:08:45] [222/459] SKDT
[10:08:46] [223/459] ACAT
[10:08:47] [224/459] APRC
[10:08:47] [225/459] SWAG
[10:08:48] [226/459] SDPT
[10:08:49] [227/459] STPS
[10:08:50] [228/459] WWCZ
[10:08:51] [229/459] LLCH
[10:08:53] [230/459] MZHA
[10:08:53] [231/459] CRJG
[10:08:54] [232/459] JGTK
[10:08:55] [233/459] KCSR
[10:08:56] [234/459] CHTL
[10:08:58] [235/459] EDSR
[10:08:59] [236/459] CSWO
[10:08:59] [237/459] CPVM
[10:09:01] [238/459] MXBY
[10:09:02] [239/459] FMMA
[10:09:03] [240/459] POVI
[10:09:04] [241/459] MTHB
[10:09:04] [242/459] INRC
[10:09:05] [243/459] PIPP
[10:09:06] [244/459] BMXC
[10:09:07] [245/459] PCMM
[10:09:08] [246/459] PMKM
[10:09:09] [247/459] GATY
[10:09:09] [248/459] IMCM
[10:09:10] [249/459] POPE
[10:09:11] [250/459] MTCR
[10:09:12] [251/459] PVAE
[10:09:13] [252/459] PVMI
[10:09:14] [253/459] CPNM
[10:09:14] [254/459] FMRL
[10:09:16] [255/459] MCIW
[10:09:17] [256/459] MXBO
[10:09:17] [257/459] FMKY
[10:09:18] [258/459] FMDA
[10:09:19] [259/459] THAB
[10:09:20] [260/459] PRCW
[10:09:21] [261/459] PITI
[10:09:23] [262/459] MCFF
[10:09:23] [263/459] PDDV
[10:09:24] [264/459] MCRM
[10:09:25] [265/459] KKMB
[10:09:26] [266/459] INKO
[10:09:27] [267/459] PLXP
[10:09:28] [268/459] MMHA
[10:09:28] [269/459] FMVS
[10:09:29] [270/459] POLM
[10:09:30] [271/459] STER
[10:09:31] [272/459] PVWJ
[10:09:32] [273/459] IMJW
[10:09:33] [274/459] FNAN
[10:09:34] [275/459] CAGL
[10:09:35] [276/459] IPBG
[10:09:35] [277/459] SMFV
[10:09:36] [278/459] MMMR
[10:09:38] [279/459] MMWM
[10:09:39] [280/459] FNCM
[10:09:40] [281/459] MDVA
[10:09:40] [282/459] MMET
[10:09:41] [283/459] MIDO
[10:09:42] [284/459] INNP
[10:09:43] [285/459] MIFU
[10:09:44] [286/459] MMSZ
[10:09:45] [287/459] BMXA
[10:09:46] [288/459] MCAA
[10:09:46] [289/459] SCVP
[10:09:47] [290/459] PLUS
[10:09:48] [291/459] MUCK
[10:09:49] [292/459] MTMA
[10:09:51] [293/459] HPVR
[10:09:51] [294/459] PMPK
[10:09:52] [295/459] MAJB
[10:09:53] [296/459] CTRR
[10:09:54] [297/459] MCTG
[10:09:55] [298/459] MACE
[10:09:56] [299/459] AAAS
[10:09:57] [300/459] CPVV
[10:09:57] [301/459] RCHG
[10:09:58] [302/459] MCNE
[10:09:59] [303/459] EMNC
[10:10:00] [304/459] MCAN
[10:10:00] [305/459] TCDM
[10:10:01] [306/459] IRGT
[10:10:03] [307/459] GCMG
[10:10:04] [308/459] MXSN
[10:10:04] [309/459] MXCK
[10:10:05] [310/459] MCRC
[10:10:06] [311/459] RSMI
[10:10:07] [312/459] WAML
[10:10:08] [313/459] MTSC
[10:10:08] [314/459] FMDR
[10:10:09] [315/459] LEPV
[10:10:10] [316/459] MTGD
[10:10:11] [317/459] IMOB
[10:10:12] [318/459] CLMM
[10:10:13] [319/459] PZCD
[10:10:13] [320/459] GOCS
[10:10:14] [321/459] KCMA
[10:10:15] [322/459] CCMP
[10:10:16] [323/459] MTSU
[10:10:17] [324/459] SNGL
[10:10:18] [325/459] MMMC
[10:10:19] [326/459] MMAA
[10:10:21] [327/459] GCDM
[10:10:21] [328/459] KTMV
[10:10:22] [329/459] AETE
[10:10:23] [330/459] OMCS
[10:10:24] [331/459] GDCD
[10:10:25] [332/459] NYMD
[10:10:26] [333/459] RNCV
[10:10:27] [334/459] KKMT
[10:10:28] [335/459] GDTH
[10:10:29] [336/459] KMMV
[10:10:30] [337/459] NHCG
[10:10:30] [338/459] PJDW
[10:10:31] [339/459] MMCV
[10:10:32] [340/459] FQSA
[10:10:33] [341/459] KURL
[10:10:34] [342/459] NNNX
[10:10:35] [343/459] AMAU
[10:10:36] [344/459] VVVM
[10:10:36] [345/459] VECU
[10:10:37] [346/459] WCVR
[10:10:38] [347/459] MTGG
[10:10:39] [348/459] SGTG
[10:10:40] [349/459] MNTG
[10:10:41] [350/459] JDDG
[10:10:42] [351/459] MBTK
[10:10:43] [352/459] SGCD
[10:10:44] [353/459] MCTC
[10:10:45] [354/459] JTPC
[10:10:45] [355/459] SDKT
[10:10:46] [356/459] KRCC
[10:10:47] [357/459] RMMD
[10:10:48] [358/459] AAME
[10:10:49] [359/459] TMWC
[10:10:49] [360/459] NRWY
[10:10:50] [361/459] CITD
[10:10:51] [362/459] VERD
[10:10:52] [363/459] MKSK
[10:10:53] [364/459] STSM
[10:10:54] [365/459] MJDG
[10:10:55] [366/459] RKPM
[10:10:55] [367/459] SSCE
[10:10:56] [368/459] VMAE
[10:10:57] [369/459] SBRU
[10:10:58] [370/459] AMBC
[10:10:59] [371/459] AMLU
[10:11:00] [372/459] INVZ
[10:11:01] [373/459] LGTV
[10:11:02] [374/459] SVAD
[10:11:03] [375/459] SMSA
[10:11:04] [376/459] SPCZ
[10:11:04] [377/459] GTCX
[10:11:05] [378/459] SCSL
[10:11:06] [379/459] SAHU
[10:11:08] [380/459] NCDA
[10:11:09] [381/459] SCCG
[10:11:10] [382/459] VKTL
[10:11:11] [383/459] PUUJ
[10:11:11] [384/459] STEJ
[10:11:13] [385/459] RJAL
[10:11:14] [386/459] ACJC
[10:11:15] [387/459] VTHC
[10:11:16] [388/459] ARVB
[10:11:17] [389/459] AUBB
[10:11:18] [390/459] GDBR
[10:11:19] [391/459] PVND
[10:11:21] [392/459] BGRJ
[10:11:22] [393/459] RJMM
[10:11:23] [394/459] MCSA
[10:11:23] [395/459] BODA
[10:11:24] [396/459] JAGG
[10:11:25] [397/459] SCGA
[10:11:27] [398/459] LRCM
[10:11:27] [399/459] CPCN
[10:11:29] [400/459] SSTF
[10:11:30] [401/459] SRXP
[10:11:30] [402/459] CNFX
[10:11:31] [403/459] ANDI
[10:11:32] [404/459] SYEW
[10:11:33] [405/459] RCRE
[10:11:34] [406/459] SCRW
[10:11:35] [407/459] MBKR
[10:11:36] [408/459] ASNT
[10:11:37] [409/459] JTMT
[10:11:38] [410/459] SHAY
[10:11:39] [411/459] VRTH
[10:11:39] [412/459] SPTI
[10:11:40] [413/459] DPTD
[10:11:41] [414/459] TGSN
[10:11:42] [415/459] RCWV
[10:11:44] [416/459] OCUR
[10:11:45] [417/459] KSTC
[10:11:45] [418/459] SANI
[10:11:46] [419/459] MLCA
[10:11:47] [420/459] EGCA
[10:11:48] [421/459] SYSN
[10:11:49] [422/459] PKTA
[10:11:51] [423/459] PRCC
[10:11:52] [424/459] KSTR
[10:11:53] [425/459] SNTP
[10:11:53] [426/459] RCHA
[10:11:54] [427/459] SEEA
[10:11:55] [428/459] ALAT
[10:11:56] [429/459] AATV
[10:11:57] [430/459] RJTE
[10:11:58] [431/459] AAPP
[10:11:59] [432/459] PMMH
[10:11:59] [433/459] INRJ
[10:12:00] [434/459] SARB
[10:12:01] [435/459] PCJL
[10:12:02] [436/459] PFJJ
[10:12:03] [437/459] GRDC
[10:12:04] [438/459] BCBA
[10:12:04] [439/459] VIXL
[10:12:06] [440/459] CSTL
[10:12:07] [441/459] MTDK
[10:12:08] [442/459] TDAC
[10:12:08] [443/459] GTDN
[10:12:09] [444/459] TTDE
[10:12:10] [445/459] ASTS
[10:12:11] [446/459] CPNS
[10:12:11] [447/459] PVVW
[10:12:12] [448/459] USEB
[10:12:13] [449/459] DTYN
[10:12:14] [450/459] PVLE
[10:12:15] [451/459] CIPS
[10:12:16] [452/459] PAEG
[10:12:17] [453/459] PTCW
[10:12:17] [454/459] G3SR
[10:12:18] [455/459] PGND
[10:12:19] [456/459] INVM
[10:12:20] [457/459] SPIA
[10:12:21] [458/459] PCSN
[10:12:21] [459/459] PPGV
[10:12:22] 🧹 Deduping shows
[10:12:22] ✅ DONE | Shows=296 | Movies=25
