[10:05:20] 🚀 SCRIPT STARTED
[10:05:20] [1/459] MCCZ
[10:05:20] 🧠 New identity created
[10:05:21] [2/459] FRPU
[10:05:22] [3/459] SKSI
[10:05:22] [4/459] SSCK
[10:05:23] [5/459] SRDC
[10:05:24] [6/459] RSCZ
[10:05:25] [7/459] PRVT
[10:05:26] [8/459] GAGJ
[10:05:28] [9/459] SMHG
[10:05:28] [10/459] JTST
[10:05:29] [11/459] MYTH
[10:05:30] [12/459] JPCC
[10:05:31] [13/459] ACDC
[10:05:32] [14/459] SVFP
[10:05:33] [15/459] SFCM
[10:05:33] [16/459] RUPK
[10:05:34] [17/459] NTCR
[10:05:35] [18/459] RTCH
[10:05:36] [19/459] SCMH
[10:05:36] [20/459] SVYM
[10:05:37] [21/459] SPYM
[10:05:38] [22/459] SMMF
[10:05:39] [23/459] CLLB
[10:05:40] [24/459] FMCB
[10:05:40] [25/459] BBTC
[10:05:41] [26/459] NTHS
[10:05:42] [27/459] PKKJ
[10:05:43] [28/459] MTJA
[10:05:44] [29/459] PMSJ
[10:05:44] [30/459] JMJU
[10:05:45] [31/459] SRAD
[10:05:46] [32/459] MJMC
[10:05:47] [33/459] DFRM
[10:05:48] [34/459] PMRS
[10:05:49] [35/459] RKPP
[10:05:50] [36/459] BMBK
[10:05:50] [37/459] NEWS
[10:05:51] [38/459] SALB
[10:05:53] [39/459] SCPW
[10:05:54] [40/459] RAYL
[10:05:55] [41/459] CMGJ
[10:05:56] [42/459] JRCR
[10:05:56] [43/459] SRTB
[10:05:57] [44/459] ETPB
[10:05:58] [45/459] MXBN
[10:05:59] [46/459] TOPE
[10:06:00] [47/459] SNLJ
[10:06:01] [48/459] CDDP
[10:06:02] [49/459] APCX
[10:06:02] [50/459] TALP
[10:06:03] [51/459] RRMP
[10:06:04] [52/459] MAHB
[10:06:06] [53/459] MTKR
[10:06:06] [54/459] KSKL
[10:06:07] [55/459] RJLT
[10:06:08] [56/459] ATAS
[10:06:09] [57/459] AMHR
[10:06:10] [58/459] RSRM
[10:06:11] [59/459] GCAT
[10:06:11] [60/459] SMML
[10:06:13] [61/459] ACCD
[10:06:14] [62/459] VYDA
[10:06:14] [63/459] MSKT
[10:06:15] [64/459] AVDM
[10:06:16] [65/459] ASMH
[10:06:17] [66/459] VTMB
[10:06:18] [67/459] WVMB
[10:06:18] [68/459] PPMN
[10:06:20] [69/459] MTMD
[10:06:21] [70/459] SMMO
[10:06:22] [71/459] DLPB
[10:06:23] [72/459] AKMD
[10:06:24] [73/459] SHRR
[10:06:25] [74/459] ASCO
[10:06:26] [75/459] CZVX
[10:06:27] [76/459] GCBB
[10:06:28] [77/459] ATBM
[10:06:29] [78/459] TCGM
[10:06:30] [79/459] UMSE
[10:06:32] [80/459] NKCL
[10:06:33] [81/459] BTLR
[10:06:33] [82/459] GOCL
[10:06:34] [83/459] MIRN
[10:06:35] [84/459] THEC
[10:06:36] [85/459] SPPB
[10:06:37] [86/459] PMMM
[10:06:38] [87/459] GGMC
[10:06:39] [88/459] AVSR
[10:06:39] [89/459] RDMH
[10:06:40] [90/459] JSRS
[10:06:41] [91/459] VKGP
[10:06:42] [92/459] ACRT
[10:06:43] [93/459] GCBA
[10:06:45] [94/459] GTCP
[10:06:45] [95/459] AKFC
[10:06:46] [96/459] INCS
[10:06:47] [97/459] SMCK
[10:06:49] [98/459] BRUN
[10:06:50] [99/459] RPPC
[10:06:51] [100/459] PAYD
[10:06:52] [101/459] SVVT
[10:06:53] [102/459] RNCC
[10:06:53] [103/459] PCRC
[10:06:54] [104/459] PMRM
[10:06:55] [105/459] CCRP
[10:06:57] [106/459] INCR
[10:06:57] [107/459] ZTMP
[10:06:59] [108/459] MCNR
[10:07:00] [109/459] INRP
[10:07:01] [110/459] STRC
[10:07:02] [111/459] RATI
[10:07:03] [112/459] PBTR
[10:07:04] [113/459] CMHP
[10:07:05] [114/459] ZECJ
[10:07:06] [115/459] CCCB
[10:07:07] [116/459] BWCB
[10:07:08] [117/459] CCAT
[10:07:08] [118/459] KGCM
[10:07:09] [119/459] INPT
[10:07:10] [120/459] FNCO
[10:07:11] [121/459] SRMJ
[10:07:12] [122/459] PFSC
[10:07:13] [123/459] PBMC
[10:07:14] [124/459] KARP
[10:07:15] [125/459] KOVI
[10:07:15] [126/459] ACXL
[10:07:16] [127/459] GKCC
[10:07:17] [128/459] ASCC
[10:07:18] [129/459] SETC
[10:07:19] [130/459] KACC
[10:07:20] [131/459] KAVE
[10:07:20] [132/459] CNTC
[10:07:21] [133/459] MEEN
[10:07:22] [134/459] BMRV
[10:07:23] [135/459] SVAM
[10:07:24] [136/459] VTBP
[10:07:25] [137/459] VCKN
[10:07:26] [138/459] SGTK
[10:07:26] [139/459] RCGS
[10:07:28] [140/459] RCCB
[10:07:29] [141/459] RKSR
[10:07:30] [142/459] RKCU
[10:07:30] [143/459] GIBH
[10:07:31] [144/459] CXBS
[10:07:32] [145/459] GGCB
[10:07:33] [146/459] SCPB
[10:07:34] [147/459] AKTB
[10:07:35] [148/459] SRBU
[10:07:36] [149/459] CSSA
[10:07:37] [150/459] MYAN
[10:07:38] [151/459] EXCA
[10:07:38] [152/459] CKSA
[10:07:39] [153/459] JTNM
[10:07:40] [154/459] CXKT
[10:07:41] [155/459] NCLM
[10:07:42] [156/459] JAAD
[10:07:43] [157/459] RDCR
[10:07:44] [158/459] MEER
[10:07:45] [159/459] SIBT
[10:07:45] [160/459] PVVB
[10:07:47] [161/459] FNPN
[10:07:48] [162/459] CRPX
[10:07:49] [163/459] STET
[10:07:49] [164/459] METE
[10:07:50] [165/459] BJML
[10:07:51] [166/459] MAVT
[10:07:52] [167/459] MSRM
[10:07:53] [168/459] TJMP
[10:07:54] [169/459] MHCK
[10:07:55] [170/459] SVGP
[10:07:55] [171/459] KRRC
[10:07:56] [172/459] IMCH
[10:07:57] [173/459] CMCS
[10:07:58] [174/459] SGND
[10:07:58] [175/459] RNAT
[10:07:59] [176/459] PRTN
[10:08:00] [177/459] MPTN
[10:08:01] [178/459] ARCC
[10:08:01] [179/459] NTTE
[10:08:02] [180/459] ABND
[10:08:04] [181/459] KCSN
[10:08:05] [182/459] KCSA
[10:08:05] [183/459] DCKT
[10:08:06] [184/459] MBBR
[10:08:07] [185/459] RAMU
[10:08:08] [186/459] RACW
[10:08:08] [187/459] MCHP
[10:08:09] [188/459] TMHM
[10:08:10] [189/459] STXH
[10:08:11] [190/459] AGSG
[10:08:12] [191/459] SIRA
[10:08:12] [192/459] RCAN
[10:08:14] [193/459] CWTB
[10:08:15] [194/459] VTYM
[10:08:15] [195/459] RRPP
[10:08:16] [196/459] ASMR
[10:08:18] [197/459] RONO
[10:08:19] [198/459] MEMR
[10:08:19] [199/459] CTMR
[10:08:20] [200/459] PMTT
[10:08:21] [201/459] PSLX
[10:08:22] [202/459] IPPL
[10:08:23] [203/459] MMSG
[10:08:23] [204/459] INEL
[10:08:24] [205/459] COAC
[10:08:25] [206/459] WVLK
[10:08:26] [207/459] PPXL
[10:08:27] [208/459] PSML
[10:08:27] [209/459] FNLK
[10:08:28] [210/459] ILUM
[10:08:29] [211/459] ILCM
[10:08:30] [212/459] MSNL
[10:08:31] [213/459] VINB
[10:08:32] [214/459] SALW
[10:08:33] [215/459] PRTB
[10:08:34] [216/459] NCIL
[10:08:35] [217/459] PSUL
[10:08:36] [218/459] SCLK
[10:08:37] [219/459] ADDC
[10:08:38] [220/459] OACL
[10:08:39] [221/459] OOCF
[10:08:40] [222/459] GPMF
[10:08:40] [223/459] SSDG
[10:08:41] [224/459] SKRS
[10:08:42] [225/459] NTTP
[10:08:43] [226/459] SLTP
[10:08:44] [227/459] JTLC
[10:08:44] [228/459] POON
[10:08:45] [229/459] CCPC
[10:08:46] [230/459] DCKC
[10:08:48] [231/459] CPRT
[10:08:48] [232/459] EYHZ
[10:08:49] [233/459] ARBL
[10:08:50] [234/459] SBTB
[10:08:51] [235/459] MMCK
[10:08:52] [236/459] PLMR
[10:08:53] [237/459] BIJH
[10:08:54] [238/459] SDRT
[10:08:55] [239/459] PRDC
[10:08:56] [240/459] OMJA
[10:08:57] [241/459] VKCR
[10:08:58] [242/459] ATRT
[10:08:59] [243/459] WVRP
[10:08:59] [244/459] MVRP
[10:09:00] [245/459] FCAX
[10:09:02] [246/459] CTLC
[10:09:04] [247/459] JCHB
[10:09:04] [248/459] SELP
[10:09:05] [249/459] VCPG
[10:09:06] [250/459] ASCX
[10:09:07] [251/459] EOCS
[10:09:07] [252/459] RCPH
[10:09:08] [253/459] RJTM
[10:09:09] [254/459] SGMD
[10:09:10] [255/459] SVJT
[10:09:11] [256/459] SPPO
[10:09:11] [257/459] MNRL
[10:09:12] [258/459] KNOX
[10:09:14] [259/459] GIER
[10:09:15] [260/459] PJMS
[10:09:16] [261/459] UNSP
[10:09:17] [262/459] JETP
[10:09:18] [263/459] VTWA
[10:09:19] [264/459] SCJI
[10:09:21] [265/459] CBZZ
[10:09:22] [266/459] SDCJ
[10:09:23] [267/459] RRCC
[10:09:24] [268/459] VNKG
[10:09:25] [269/459] LKTO
[10:09:25] [270/459] PJRM
[10:09:26] [271/459] NVRM
[10:09:27] [272/459] SJCS
[10:09:28] [273/459] VIGK
[10:09:29] [274/459] ANST
[10:09:30] [275/459] JTTS
[10:09:30] [276/459] NTST
[10:09:31] [277/459] PREB
[10:09:32] [278/459] TSCZ
[10:09:33] [279/459] CDCM
[10:09:34] [280/459] ELYE
[10:09:35] [281/459] INBS
[10:09:35] [282/459] SMGC
[10:09:36] [283/459] UTMP
[10:09:37] [284/459] INTA
[10:09:38] [285/459] OMPT
[10:09:39] [286/459] SCIR
[10:09:39] [287/459] GCKJ
[10:09:40] [288/459] INOG
[10:09:41] [289/459] SMGB
[10:09:42] [290/459] MCSG
[10:09:43] [291/459] STKG
[10:09:44] [292/459] TTKG
[10:09:45] [293/459] SRTR
[10:09:46] [294/459] ETTR
[10:09:47] [295/459] GGGZ
[10:09:48] [296/459] IPGM
[10:09:49] [297/459] FCDH
[10:09:49] [298/459] DESB
[10:09:50] [299/459] VNTP
[10:09:51] [300/459] ANNT
[10:09:52] [301/459] SLTI
[10:09:52] [302/459] MAJU
[10:09:53] [303/459] JCXP
[10:09:54] [304/459] HARK
[10:09:55] [305/459] JPCJ
[10:09:55] [306/459] RXBD
[10:09:57] [307/459] PTKJ
[10:09:59] [308/459] CMTU
[10:10:00] [309/459] SWOR
[10:10:01] [310/459] JMEX
[10:10:02] [311/459] DTPT
[10:10:03] [312/459] VGMM
[10:10:04] [313/459] VCSG
[10:10:05] [314/459] CVCG
[10:10:05] [315/459] TNTT
[10:10:07] [316/459] SHRM
[10:10:07] [317/459] CGKD
[10:10:08] [318/459] EKCM
[10:10:09] [319/459] SDCX
[10:10:10] [320/459] SBTE
[10:10:11] [321/459] STKJ
[10:10:12] [322/459] TPCE
[10:10:13] [323/459] JTNP
[10:10:14] [324/459] LPCH
[10:10:15] [325/459] CPUO
[10:10:16] [326/459] APSU
[10:10:17] [327/459] RTHC
[10:10:17] [328/459] PTBU
[10:10:18] [329/459] CUCC
[10:10:19] [330/459] CPSA
[10:10:21] [331/459] SUAY
[10:10:21] [332/459] AYAA
[10:10:22] [333/459] MUCH
[10:10:23] [334/459] PCIN
[10:10:24] [335/459] JRRM
[10:10:25] [336/459] KATS
[10:10:26] [337/459] MHFF
[10:10:26] [338/459] ESYM
[10:10:27] [339/459] STYV
[10:10:28] [340/459] SDKG
[10:10:29] [341/459] SMTI
[10:10:30] [342/459] NYCS
[10:10:31] [343/459] MTBG
[10:10:31] [344/459] RHCA
[10:10:32] [345/459] PCKH
[10:10:33] [346/459] ARCR
[10:10:34] [347/459] NCMB
[10:10:35] [348/459] SHYC
[10:10:36] [349/459] LACK
[10:10:37] [350/459] MTCM
[10:10:37] [351/459] RRBN
[10:10:38] [352/459] MYDC
[10:10:39] [353/459] STCS
[10:10:40] [354/459] CONN
[10:10:41] [355/459] SIPS
[10:10:42] [356/459] SMMX
[10:10:43] [357/459] SCBY
[10:10:44] [358/459] SUAP
[10:10:45] [359/459] RSMK
[10:10:46] [360/459] STKP
[10:10:48] [361/459] CIPC
[10:10:48] [362/459] KKCI
[10:10:49] [363/459] CTNK
[10:10:50] [364/459] MMTZ
[10:10:51] [365/459] DCCO
[10:10:52] [366/459] VNMN
[10:10:53] [367/459] RLCN
[10:10:54] [368/459] CMMS
[10:10:54] [369/459] AYOU
[10:10:55] [370/459] SSCN
[10:10:56] [371/459] SMXN
[10:10:57] [372/459] ASSK
[10:10:58] [373/459] VCKM
[10:10:59] [374/459] PCPH
[10:11:00] [375/459] PADM
[10:11:01] [376/459] IESA
[10:11:01] [377/459] VCSP
[10:11:02] [378/459] AEST
[10:11:03] [379/459] VTNR
[10:11:04] [380/459] GTTA
[10:11:05] [381/459] CMMM
[10:11:06] [382/459] AHKT
[10:11:07] [383/459] SIJI
[10:11:08] [384/459] VCEI
[10:11:09] [385/459] SAKR
[10:11:10] [386/459] VSMT
[10:11:10] [387/459] SSCT
[10:11:11] [388/459] USTR
[10:11:12] [389/459] MTKT
[10:11:13] [390/459] TGMP
[10:11:14] [391/459] SIVC
[10:11:15] [392/459] KICT
[10:11:16] [393/459] DAMD
[10:11:16] [394/459] CNPT
[10:11:17] [395/459] RVTT
[10:11:18] [396/459] SNCM
[10:11:19] [397/459] GHTE
[10:11:20] [398/459] PPAM
[10:11:20] [399/459] PVAA
[10:11:21] [400/459] CPAO
[10:11:22] [401/459] HAMD
[10:11:23] [402/459] RCCA
[10:11:24] [403/459] MPCH
[10:11:25] [404/459] ARED
[10:11:25] [405/459] RRCV
[10:11:26] [406/459] MTRB
[10:11:27] [407/459] CKUA
[10:11:28] [408/459] ABMP
[10:11:28] [409/459] RCWA
[10:11:29] [410/459] CGAR
[10:11:30] [411/459] METH
[10:11:32] [412/459] WAGA
[10:11:32] [413/459] MCMA
[10:11:34] [414/459] CSMP
[10:11:35] [415/459] RCNK
[10:11:35] [416/459] PSTM
[10:11:37] [417/459] CSEP
[10:11:38] [418/459] AMGD
[10:11:39] [419/459] CSTE
[10:11:39] [420/459] CONS
[10:11:40] [421/459] APPX
[10:11:41] [422/459] MABC
[10:11:42] [423/459] CXST
[10:11:43] [424/459] MATN
[10:11:44] [425/459] MACZ
[10:11:45] [426/459] MASA
[10:11:45] [427/459] MBSX
[10:11:46] [428/459] CSST
[10:11:47] [429/459] APCL
[10:11:48] [430/459] CGOS
[10:11:49] [431/459] CPEC
[10:11:50] [432/459] MCCP
[10:11:51] [433/459] BSSO
[10:11:52] [434/459] SJKA
[10:11:54] [435/459] CGBO
[10:11:54] [436/459] MVSK
[10:11:55] [437/459] HVCA
[10:11:56] [438/459] NAMD
[10:11:57] [439/459] DEVI
[10:11:58] [440/459] SCSV
[10:11:59] [441/459] PSMA
[10:11:59] [442/459] CLDJ
[10:12:00] [443/459] NMAD
[10:12:01] [444/459] CGMO
[10:12:02] [445/459] MCNA
[10:12:03] [446/459] OCBN
[10:12:04] [447/459] CPEM
[10:12:05] [448/459] CPSM
[10:12:06] [449/459] RCAD
[10:12:07] [450/459] CPMU
[10:12:07] [451/459] DICD
[10:12:08] [452/459] CHOE
[10:12:09] [453/459] PDJM
[10:12:10] [454/459] SSTU
[10:12:11] [455/459] VNRN
[10:12:12] [456/459] PVLG
[10:12:14] [457/459] SWBL
[10:12:15] [458/459] SCAB
[10:12:16] [459/459] RDDA
[10:12:17] 🧹 Deduping shows
[10:12:17] ✅ DONE | Shows=198 | Movies=29
