[10:05:19] 🚀 SCRIPT STARTED
[10:05:19] [1/296] CDCA
[10:05:19] 🧠 New identity created
[10:05:20] [2/296] MNSR
[10:05:20] [3/296] CSSL
[10:05:21] [4/296] BGGM
[10:05:23] [5/296] MANT
[10:05:23] [6/296] SOOY
[10:05:25] [7/296] VPPK
[10:05:26] [8/296] MYHJ
[10:05:27] [9/296] KSCK
[10:05:28] [10/296] KATK
[10:05:29] [11/296] RTRT
[10:05:30] [12/296] SSTT
[10:05:30] [13/296] SSTV
[10:05:31] [14/296] LACM
[10:05:32] [15/296] SGMG
[10:05:34] [16/296] KACX
[10:05:35] [17/296] GVCP
[10:05:36] [18/296] CSNC
[10:05:37] [19/296] SXCB
[10:05:38] [20/296] BAHS
[10:05:39] [21/296] PCBI
[10:05:39] [22/296] PSSM
[10:05:41] [23/296] RCOK
[10:05:42] [24/296] SCPF
[10:05:43] [25/296] SSAS
[10:05:43] [26/296] EVMM
[10:05:44] [27/296] SYCB
[10:05:45] [28/296] GCKI
[10:05:46] [29/296] IAET
[10:05:47] [30/296] DDTD
[10:05:48] [31/296] GMDH
[10:05:49] [32/296] STLE
[10:05:50] [33/296] JTRA
[10:05:50] [34/296] RPPA
[10:05:51] [35/296] ARUT
[10:05:52] [36/296] JTVM
[10:05:53] [37/296] SWRH
[10:05:53] [38/296] DCPC
[10:05:54] [39/296] RAPR
[10:05:55] [40/296] GCRT
[10:05:57] [41/296] ATUN
[10:05:58] [42/296] LTRM
[10:05:59] [43/296] TASR
[10:05:59] [44/296] RLLC
[10:06:00] [45/296] MABI
[10:06:02] [46/296] SVHB
[10:06:03] [47/296] NVTB
[10:06:04] [48/296] KCKG
[10:06:05] [49/296] SSRN
[10:06:05] [50/296] VDDC
[10:06:06] [51/296] GKTK
[10:06:07] [52/296] YFSN
[10:06:08] [53/296] GCSG
[10:06:09] [54/296] ESSM
[10:06:10] [55/296] KRIH
[10:06:10] [56/296] GCDS
[10:06:11] [57/296] CCSH
[10:06:12] [58/296] ACSK
[10:06:13] [59/296] APRK
[10:06:14] [60/296] ADKM
[10:06:15] [61/296] SRDM
[10:06:16] [62/296] RMOG
[10:06:16] [63/296] SJMY
[10:06:18] [64/296] PGGC
[10:06:19] [65/296] INGM
[10:06:20] [66/296] LSCB
[10:06:21] [67/296] STAD
[10:06:22] [68/296] MCCR
[10:06:23] [69/296] ABCC
[10:06:24] [70/296] RKCC
[10:06:25] [71/296] RTCR
[10:06:26] [72/296] GGBC
[10:06:26] [73/296] GCSD
[10:06:27] [74/296] LPTY
[10:06:28] [75/296] MCFD
[10:06:29] [76/296] HENN
[10:06:30] [77/296] SMKU
[10:06:31] [78/296] TNZC
[10:06:31] [79/296] DRCD
[10:06:32] [80/296] DLCD
[10:06:33] [81/296] RCDA
[10:06:34] [82/296] COSM
[10:06:35] [83/296] MCMJ
[10:06:36] [84/296] CSTR
[10:06:37] [85/296] CVDK
[10:06:38] [86/296] INRR
[10:06:39] [87/296] RJRT
[10:06:39] [88/296] IRMR
[10:06:40] [89/296] SRCF
[10:06:41] [90/296] GRCR
[10:06:42] [91/296] SURC
[10:06:43] [92/296] NMNH
[10:06:44] [93/296] SVBL
[10:06:45] [94/296] KACI
[10:06:46] [95/296] TDGO
[10:06:47] [96/296] KTBR
[10:06:48] [97/296] PMAD
[10:06:49] [98/296] CCPN
[10:06:50] [99/296] SBTK
[10:06:51] [100/296] LMDK
[10:06:51] [101/296] PGDA
[10:06:52] [102/296] SRML
[10:06:53] [103/296] EVCK
[10:06:54] [104/296] RTTK
[10:06:54] [105/296] SRTU
[10:06:55] [106/296] VRSA
[10:06:56] [107/296] VARS
[10:06:57] [108/296] DSCZ
[10:06:58] [109/296] GAGA
[10:06:59] [110/296] SARV
[10:07:00] [111/296] SEEG
[10:07:01] [112/296] GLCA
[10:07:01] [113/296] APAS
[10:07:02] [114/296] VCIA
[10:07:03] [115/296] SJTA
[10:07:04] [116/296] SABM
[10:07:05] [117/296] PPAG
[10:07:06] [118/296] RVCA
[10:07:07] [119/296] CCIA
[10:07:08] [120/296] HTAG
[10:07:08] [121/296] SMBI
[10:07:09] [122/296] MCJR
[10:07:11] [123/296] CCJR
[10:07:12] [124/296] SINF
[10:07:12] [125/296] CPLX
[10:07:14] [126/296] KKTJ
[10:07:15] [127/296] GDBW
[10:07:16] [128/296] CSUB
[10:07:16] [129/296] DABA
[10:07:17] [130/296] TITR
[10:07:18] [131/296] NYCR
[10:07:19] [132/296] RTRY
[10:07:20] [133/296] JTJL
[10:07:21] [134/296] SJCP
[10:07:22] [135/296] KCCA
[10:07:23] [136/296] MLPG
[10:07:24] [137/296] VRCK
[10:07:24] [138/296] SRIN
[10:07:26] [139/296] CXMK
[10:07:27] [140/296] SKAD
[10:07:28] [141/296] AVTR
[10:07:28] [142/296] PTAJ
[10:07:29] [143/296] SCNK
[10:07:30] [144/296] STTI
[10:07:31] [145/296] KACR
[10:07:31] [146/296] SSDX
[10:07:32] [147/296] VRTJ
[10:07:33] [148/296] RAJD
[10:07:34] [149/296] SCIP
[10:07:36] [150/296] RJSL
[10:07:37] [151/296] ARRS
[10:07:38] [152/296] ASMS
[10:07:39] [153/296] RDTS
[10:07:39] [154/296] DVMY
[10:07:40] [155/296] RASA
[10:07:41] [156/296] INOM
[10:07:42] [157/296] SPRS
[10:07:43] [158/296] SGCS
[10:07:43] [159/296] SALM
[10:07:44] [160/296] PKHC
[10:07:45] [161/296] RCSV
[10:07:46] [162/296] CPKC
[10:07:46] [163/296] AACD
[10:07:47] [164/296] GGCV
[10:07:48] [165/296] SMKD
[10:07:49] [166/296] NBCH
[10:07:50] [167/296] AMCB
[10:07:50] [168/296] OPCN
[10:07:51] [169/296] DCIN
[10:07:53] [170/296] INGW
[10:07:54] [171/296] PKKW
[10:07:55] [172/296] FNGW
[10:07:56] [173/296] GCGD
[10:07:57] [174/296] MSTW
[10:07:57] [175/296] KCCG
[10:07:58] [176/296] MRSS
[10:07:59] [177/296] CLCF
[10:08:00] [178/296] EETS
[10:08:01] [179/296] AATR
[10:08:02] [180/296] CMMN
[10:08:02] [181/296] SCCJ
[10:08:03] [182/296] CDTK
[10:08:04] [183/296] AICP
[10:08:05] [184/296] FNBP
[10:08:06] [185/296] CBPB
[10:08:07] [186/296] CPAS
[10:08:08] [187/296] MAPM
[10:08:09] [188/296] PASD
[10:08:10] [189/296] JCMN
[10:08:10] [190/296] MALB
[10:08:11] [191/296] SACG
[10:08:12] [192/296] DDRX
[10:08:13] [193/296] DDXB
[10:08:14] [194/296] RAMC
[10:08:15] [195/296] SANC
[10:08:15] [196/296] BCBP
[10:08:17] [197/296] ALPC
[10:08:18] [198/296] RBAC
[10:08:19] [199/296] RAJL
[10:08:20] [200/296] MPDX
[10:08:21] [201/296] MUSC
[10:08:22] [202/296] VKMK
[10:08:23] [203/296] SKCG
[10:08:24] [204/296] ANCN
[10:08:24] [205/296] MMCJ
[10:08:25] [206/296] DCAK
[10:08:26] [207/296] SCKG
[10:08:27] [208/296] LMCK
[10:08:28] [209/296] CKKX
[10:08:28] [210/296] ANKU
[10:08:29] [211/296] CSMD
[10:08:30] [212/296] MKMP
[10:08:31] [213/296] SVBG
[10:08:32] [214/296] ROOP
[10:08:32] [215/296] GDMT
[10:08:33] [216/296] FPPF
[10:08:34] [217/296] SFUU
[10:08:35] [218/296] ANCB
[10:08:36] [219/296] SMMC
[10:08:36] [220/296] UGKT
[10:08:37] [221/296] JVRM
[10:08:38] [222/296] BATG
[10:08:39] [223/296] RATE
[10:08:40] [224/296] SKME
[10:08:40] [225/296] LMTP
[10:08:41] [226/296] TCBD
[10:08:42] [227/296] ESBD
[10:08:43] [228/296] GDCU
[10:08:44] [229/296] SNKT
[10:08:44] [230/296] SRNK
[10:08:45] [231/296] SMED
[10:08:46] [232/296] CSQS
[10:08:47] [233/296] ALCS
[10:08:48] [234/296] KCKN
[10:08:49] [235/296] VCCL
[10:08:50] [236/296] MCDA
[10:08:50] [237/296] SHMI
[10:08:51] [238/296] SKHA
[10:08:52] [239/296] SVFK
[10:08:53] [240/296] INVB
[10:08:53] [241/296] MELD
[10:08:54] [242/296] JTYS
[10:08:55] [243/296] INCM
[10:08:56] [244/296] MCDV
[10:08:56] [245/296] KSGK
[10:08:57] [246/296] ICMG
[10:08:58] [247/296] CSCV
[10:09:00] [248/296] STMD
[10:09:01] [249/296] STTR
[10:09:01] [250/296] INVC
[10:09:02] [251/296] JTBL
[10:09:03] [252/296] SRVV
[10:09:04] [253/296] MAVC
[10:09:05] [254/296] SRPP
[10:09:06] [255/296] JGDM
[10:09:07] [256/296] MBSJ
[10:09:07] [257/296] SSLL
[10:09:08] [258/296] SLKP
[10:09:09] [259/296] NSRV
[10:09:10] [260/296] UTDV
[10:09:11] [261/296] KICM
[10:09:11] [262/296] KCMD
[10:09:12] [263/296] TTPP
[10:09:13] [264/296] KMPV
[10:09:14] [265/296] SKTV
[10:09:15] [266/296] STCV
[10:09:15] [267/296] SRDA
[10:09:16] [268/296] JTSX
[10:09:17] [269/296] STBV
[10:09:18] [270/296] APVZ
[10:09:19] [271/296] GSTV
[10:09:20] [272/296] NMVS
[10:09:22] [273/296] SKRT
[10:09:22] [274/296] RMDV
[10:09:23] [275/296] RATG
[10:09:24] [276/296] SJYV
[10:09:25] [277/296] NDGP
[10:09:25] [278/296] SNDG
[10:09:26] [279/296] INSR
[10:09:27] [280/296] INSO
[10:09:28] [281/296] CCSI
[10:09:29] [282/296] RASM
[10:09:30] [283/296] NEWC
[10:09:31] [284/296] VSHL
[10:09:32] [285/296] BISW
[10:09:33] [286/296] GCNG
[10:09:34] [287/296] CWSC
[10:09:35] [288/296] SKAN
[10:09:35] [289/296] SEHP
[10:09:36] [290/296] CCOA
[10:09:37] [291/296] MCAJ
[10:09:38] [292/296] ACDE
[10:09:39] [293/296] AACM
[10:09:39] [294/296] JJCK
[10:09:40] [295/296] RCMO
[10:09:41] [296/296] GDAW
[10:09:42] 🧹 Deduping shows
[10:09:42] ✅ DONE | Shows=172 | Movies=22
[16:49:11] 🚀 SCRIPT STARTED
[16:49:11] [1/296] CDCA
[16:49:11] 🧠 New identity created
[16:49:12] [2/296] MNSR
[16:49:13] [3/296] CSSL
[16:49:14] [4/296] BGGM
[16:49:14] [5/296] MANT
[16:49:15] [6/296] SOOY
[16:49:16] [7/296] VPPK
[16:49:17] [8/296] MYHJ
[16:49:18] [9/296] KSCK
[16:49:19] [10/296] KATK
[16:49:19] [11/296] RTRT
[16:49:20] [12/296] SSTT
[16:49:21] [13/296] SSTV
[16:49:22] [14/296] LACM
[16:49:23] [15/296] SGMG
[16:49:24] [16/296] KACX
[16:49:24] [17/296] GVCP
[16:49:25] [18/296] CSNC
[16:49:26] [19/296] SXCB
[16:49:27] [20/296] BAHS
[16:49:28] [21/296] PCBI
[16:49:29] [22/296] PSSM
[16:49:30] [23/296] RCOK
[16:49:30] [24/296] SCPF
[16:49:31] [25/296] SSAS
[16:49:33] [26/296] EVMM
[16:49:34] [27/296] SYCB
[16:49:34] [28/296] GCKI
[16:49:35] [29/296] IAET
[16:49:36] [30/296] DDTD
[16:49:37] [31/296] GMDH
[16:49:38] [32/296] STLE
[16:49:39] [33/296] JTRA
[16:49:40] [34/296] RPPA
[16:49:41] [35/296] ARUT
[16:49:42] [36/296] JTVM
[16:49:43] [37/296] SWRH
[16:49:44] [38/296] DCPC
[16:49:45] [39/296] RAPR
[16:49:46] [40/296] GCRT
[16:49:47] [41/296] ATUN
[16:49:48] [42/296] LTRM
[16:49:49] [43/296] TASR
[16:49:49] [44/296] RLLC
[16:49:50] [45/296] MABI
[16:49:51] [46/296] SVHB
[16:49:52] [47/296] NVTB
[16:49:53] [48/296] KCKG
[16:49:54] [49/296] SSRN
[16:49:55] [50/296] VDDC
[16:49:56] [51/296] GKTK
[16:49:56] [52/296] YFSN
[16:49:57] [53/296] GCSG
[16:49:58] [54/296] ESSM
[16:49:59] [55/296] KRIH
[16:50:00] [56/296] GCDS
[16:50:01] [57/296] CCSH
[16:50:02] [58/296] ACSK
[16:50:02] [59/296] APRK
[16:50:03] [60/296] ADKM
[16:50:04] [61/296] SRDM
[16:50:05] [62/296] RMOG
[16:50:06] [63/296] SJMY
[16:50:06] [64/296] PGGC
[16:50:07] [65/296] INGM
[16:50:08] [66/296] LSCB
[16:50:08] [67/296] STAD
[16:50:10] [68/296] MCCR
[16:50:10] [69/296] ABCC
[16:50:11] [70/296] RKCC
[16:50:12] [71/296] RTCR
[16:50:13] [72/296] GGBC
[16:50:14] [73/296] GCSD
[16:50:15] [74/296] LPTY
[16:50:16] [75/296] MCFD
[16:50:16] [76/296] HENN
[16:50:17] [77/296] SMKU
[16:50:18] [78/296] TNZC
[16:50:19] [79/296] DRCD
[16:50:20] [80/296] DLCD
[16:50:21] [81/296] RCDA
[16:50:22] [82/296] COSM
[16:50:23] [83/296] MCMJ
[16:50:24] [84/296] CSTR
[16:50:25] [85/296] CVDK
[16:50:25] [86/296] INRR
[16:50:26] [87/296] RJRT
[16:50:27] [88/296] IRMR
[16:50:28] [89/296] SRCF
[16:50:29] [90/296] GRCR
[16:50:29] [91/296] SURC
[16:50:30] [92/296] NMNH
[16:50:31] [93/296] SVBL
[16:50:32] [94/296] KACI
[16:50:33] [95/296] TDGO
[16:50:34] [96/296] KTBR
[16:50:34] [97/296] PMAD
[16:50:35] [98/296] CCPN
[16:50:36] [99/296] SBTK
[16:50:37] [100/296] LMDK
[16:50:38] [101/296] PGDA
[16:50:38] [102/296] SRML
[16:50:39] [103/296] EVCK
[16:50:40] [104/296] RTTK
[16:50:41] [105/296] SRTU
[16:50:42] [106/296] VRSA
[16:50:43] [107/296] VARS
[16:50:43] [108/296] DSCZ
[16:50:44] [109/296] GAGA
[16:50:45] [110/296] SARV
[16:50:46] [111/296] SEEG
[16:50:47] [112/296] GLCA
[16:50:48] [113/296] APAS
[16:50:49] [114/296] VCIA
[16:50:50] [115/296] SJTA
[16:50:51] [116/296] SABM
[16:50:52] [117/296] PPAG
[16:50:52] [118/296] RVCA
[16:50:53] [119/296] CCIA
[16:50:54] [120/296] HTAG
[16:50:55] [121/296] SMBI
[16:50:56] [122/296] MCJR
[16:50:56] [123/296] CCJR
[16:50:57] [124/296] SINF
[16:50:58] [125/296] CPLX
[16:50:59] [126/296] KKTJ
[16:51:00] [127/296] GDBW
[16:51:01] [128/296] CSUB
[16:51:02] [129/296] DABA
[16:51:04] [130/296] TITR
[16:51:05] [131/296] NYCR
[16:51:06] [132/296] RTRY
[16:51:06] [133/296] JTJL
[16:51:07] [134/296] SJCP
[16:51:08] [135/296] KCCA
[16:51:09] [136/296] MLPG
[16:51:10] [137/296] VRCK
[16:51:10] [138/296] SRIN
[16:51:11] [139/296] CXMK
[16:51:12] [140/296] SKAD
[16:51:14] [141/296] AVTR
[16:51:15] [142/296] PTAJ
[16:51:16] [143/296] SCNK
[16:51:17] [144/296] STTI
[16:51:17] [145/296] KACR
[16:51:18] [146/296] SSDX
[16:51:20] [147/296] VRTJ
[16:51:21] [148/296] RAJD
[16:51:22] [149/296] SCIP
[16:51:22] [150/296] RJSL
[16:51:23] [151/296] ARRS
[16:51:24] [152/296] ASMS
[16:51:25] [153/296] RDTS
[16:51:26] [154/296] DVMY
[16:51:27] [155/296] RASA
[16:51:28] [156/296] INOM
[16:51:29] [157/296] SPRS
[16:51:30] [158/296] SGCS
[16:51:31] [159/296] SALM
[16:51:32] [160/296] PKHC
[16:51:33] [161/296] RCSV
[16:51:33] [162/296] CPKC
[16:51:34] [163/296] AACD
[16:51:35] [164/296] GGCV
[16:51:36] [165/296] SMKD
[16:51:36] [166/296] NBCH
[16:51:37] [167/296] AMCB
[16:51:38] [168/296] OPCN
[16:51:38] [169/296] DCIN
[16:51:39] [170/296] INGW
[16:51:40] [171/296] PKKW
[16:51:41] [172/296] FNGW
[16:51:42] [173/296] GCGD
[16:51:43] [174/296] MSTW
[16:51:44] [175/296] KCCG
[16:51:45] [176/296] MRSS
[16:51:46] [177/296] CLCF
[16:51:47] [178/296] EETS
[16:51:47] [179/296] AATR
[16:51:48] [180/296] CMMN
[16:51:49] [181/296] SCCJ
[16:51:50] [182/296] CDTK
[16:51:51] [183/296] AICP
[16:51:52] [184/296] FNBP
[16:51:53] [185/296] CBPB
[16:51:54] [186/296] CPAS
[16:51:55] [187/296] MAPM
[16:51:56] [188/296] PASD
[16:51:57] [189/296] JCMN
[16:51:57] [190/296] MALB
[16:51:58] [191/296] SACG
[16:51:59] [192/296] DDRX
[16:52:00] [193/296] DDXB
[16:52:01] [194/296] RAMC
[16:52:02] [195/296] SANC
[16:52:02] [196/296] BCBP
[16:52:03] [197/296] ALPC
[16:52:04] [198/296] RBAC
[16:52:05] [199/296] RAJL
[16:52:05] [200/296] MPDX
[16:52:06] [201/296] MUSC
[16:52:07] [202/296] VKMK
[16:52:08] [203/296] SKCG
[16:52:09] [204/296] ANCN
[16:52:10] [205/296] MMCJ
[16:52:10] [206/296] DCAK
[16:52:11] [207/296] SCKG
[16:52:12] [208/296] LMCK
[16:52:13] [209/296] CKKX
[16:52:14] [210/296] ANKU
[16:52:14] [211/296] CSMD
[16:52:15] [212/296] MKMP
[16:52:16] [213/296] SVBG
[16:52:17] [214/296] ROOP
[16:52:18] [215/296] GDMT
[16:52:19] [216/296] FPPF
[16:52:20] [217/296] SFUU
[16:52:20] [218/296] ANCB
[16:52:21] [219/296] SMMC
[16:52:22] [220/296] UGKT
[16:52:23] [221/296] JVRM
[16:52:23] [222/296] BATG
[16:52:24] [223/296] RATE
[16:52:25] [224/296] SKME
[16:52:26] [225/296] LMTP
[16:52:27] [226/296] TCBD
[16:52:27] [227/296] ESBD
[16:52:28] [228/296] GDCU
[16:52:29] [229/296] SNKT
[16:52:30] [230/296] SRNK
[16:52:31] [231/296] SMED
[16:52:31] [232/296] CSQS
[16:52:32] [233/296] ALCS
[16:52:33] [234/296] KCKN
[16:52:33] [235/296] VCCL
[16:52:34] [236/296] MCDA
[16:52:35] [237/296] SHMI
[16:52:36] [238/296] SKHA
[16:52:37] [239/296] SVFK
[16:52:38] [240/296] INVB
[16:52:39] [241/296] MELD
[16:52:40] [242/296] JTYS
[16:52:41] [243/296] INCM
[16:52:43] [244/296] MCDV
[16:52:43] [245/296] KSGK
[16:52:44] [246/296] ICMG
[16:52:46] [247/296] CSCV
[16:52:47] [248/296] STMD
[16:52:48] [249/296] STTR
[16:52:49] [250/296] INVC
[16:52:50] [251/296] JTBL
[16:52:51] [252/296] SRVV
[16:52:51] [253/296] MAVC
[16:52:52] [254/296] SRPP
[16:52:53] [255/296] JGDM
[16:52:54] [256/296] MBSJ
[16:52:55] [257/296] SSLL
[16:52:56] [258/296] SLKP
[16:52:57] [259/296] NSRV
[16:52:57] [260/296] UTDV
[16:52:58] [261/296] KICM
[16:53:00] [262/296] KCMD
[16:53:00] [263/296] TTPP
[16:53:01] [264/296] KMPV
[16:53:02] [265/296] SKTV
[16:53:03] [266/296] STCV
[16:53:04] [267/296] SRDA
[16:53:05] [268/296] JTSX
[16:53:06] [269/296] STBV
[16:53:07] [270/296] APVZ
[16:53:08] [271/296] GSTV
[16:53:09] [272/296] NMVS
[16:53:10] [273/296] SKRT
[16:53:11] [274/296] RMDV
[16:53:11] [275/296] RATG
[16:53:12] [276/296] SJYV
[16:53:13] [277/296] NDGP
[16:53:14] [278/296] SNDG
[16:53:15] [279/296] INSR
[16:53:16] [280/296] INSO
[16:53:17] [281/296] CCSI
[16:53:17] [282/296] RASM
[16:53:18] [283/296] NEWC
[16:53:19] [284/296] VSHL
[16:53:20] [285/296] BISW
[16:53:21] [286/296] GCNG
[16:53:21] [287/296] CWSC
[16:53:23] [288/296] SKAN
[16:53:24] [289/296] SEHP
[16:53:25] [290/296] CCOA
[16:53:26] [291/296] MCAJ
[16:53:26] [292/296] ACDE
[16:53:27] [293/296] AACM
[16:53:28] [294/296] JJCK
[16:53:30] [295/296] RCMO
[16:53:31] [296/296] GDAW
[16:53:32] 🧹 Deduping shows
[16:53:32] ✅ DONE | Shows=282 | Movies=28
