[00:40:17] 🚀 BMS DAILY TRACKER STARTED
[00:40:17] [1/459] MBDC
[00:40:17] 🧠 New identity
[00:40:18] [2/459] CHKM
[00:40:19] [3/459] JTKZ
[00:40:20] [4/459] CMCT
[00:40:21] [5/459] ASHO
[00:40:22] [6/459] ECDG
[00:40:23] [7/459] SPAT
[00:40:24] [8/459] HILC
[00:40:26] [9/459] SPPH
[00:40:27] [10/459] SBHN
[00:40:28] [11/459] RRCA
[00:40:30] [12/459] APAA
[00:40:31] [13/459] RAME
[00:40:32] [14/459] TMMS
[00:40:32] [15/459] BATK
[00:40:33] [16/459] LKOP
[00:40:34] [17/459] AMTT
[00:40:35] [18/459] PTGK
[00:40:35] [19/459] ANRS
[00:40:36] [20/459] VWBW
[00:40:37] [21/459] SVFG
[00:40:38] [22/459] STAT
[00:40:39] [23/459] GDCV
[00:40:40] [24/459] VEBI
[00:40:40] [25/459] VDSS
[00:40:41] [26/459] NTHV
[00:40:42] [27/459] AOCH
[00:40:44] [28/459] KASR
[00:40:44] [29/459] AYCS
[00:40:45] [30/459] SHAI
[00:40:46] [31/459] SKPE
[00:40:47] [32/459] SBTA
[00:40:48] [33/459] RTTD
[00:40:49] [34/459] CCJD
[00:40:49] [35/459] RSJJ
[00:40:50] [36/459] RKND
[00:40:51] [37/459] SVTX
[00:40:52] [38/459] BAKM
[00:40:53] [39/459] SVDC
[00:40:53] [40/459] MNCV
[00:40:55] [41/459] SJGC
[00:40:56] [42/459] MTPK
[00:40:56] [43/459] GATP
[00:40:57] [44/459] ABTS
[00:40:58] [45/459] ABDE
[00:40:59] [46/459] RCNM
[00:41:00] [47/459] KTHV
[00:41:00] [48/459] MDGJ
[00:41:01] [49/459] SMLM
[00:41:02] [50/459] JTMA
[00:41:03] [51/459] ACKP
[00:41:04] [52/459] SRTA
[00:41:05] [53/459] STAY
[00:41:05] [54/459] MAVO
[00:41:06] [55/459] APTS
[00:41:07] [56/459] OMEA
[00:41:09] [57/459] TTFD
[00:41:09] [58/459] MJCU
[00:41:10] [59/459] CXTE
[00:41:11] [60/459] CTPX
[00:41:12] [61/459] ASSL
[00:41:13] [62/459] CMVB
[00:41:14] [63/459] VPUR
[00:41:15] [64/459] JJDA
[00:41:16] [65/459] INBL
[00:41:17] [66/459] BIKB
[00:41:18] [67/459] NTBB
[00:41:18] [68/459] GLOB
[00:41:20] [69/459] SNTB
[00:41:22] [70/459] CHGV
[00:41:23] [71/459] SSBZ
[00:41:24] [72/459] PRDB
[00:41:24] [73/459] ISMT
[00:41:26] [74/459] MCSD
[00:41:27] [75/459] JBTT
[00:41:28] [76/459] GEKR
[00:41:29] [77/459] PVUN
[00:41:30] [78/459] NRTB
[00:41:31] [79/459] PRAA
[00:41:32] [80/459] PCBL
[00:41:32] [81/459] PTCM
[00:41:33] [82/459] KHNN
[00:41:34] [83/459] OMJE
[00:41:35] [84/459] STGN
[00:41:36] [85/459] RPMS
[00:41:37] [86/459] NWAD
[00:41:38] [87/459] BLCK
[00:41:38] [88/459] SVAA
[00:41:39] [89/459] URVM
[00:41:40] [90/459] ANTM
[00:41:41] [91/459] VJYM
[00:41:42] [92/459] MAZZ
[00:41:43] [93/459] CSHM
[00:41:44] [94/459] WGMH
[00:41:45] [95/459] SALN
[00:41:45] [96/459] BRTP
[00:41:46] [97/459] SVTA
[00:41:47] [98/459] SBTP
[00:41:48] [99/459] VLSS
[00:41:49] [100/459] SRJA
[00:41:50] [101/459] ANCG
[00:41:51] [102/459] CGGC
[00:41:51] [103/459] CRJA
[00:41:53] [104/459] USCR
[00:41:54] [105/459] MMEF
[00:41:56] [106/459] JCRJ
[00:41:58] [107/459] ADCM
[00:41:59] [108/459] BMYK
[00:41:59] [109/459] KICS
[00:42:00] [110/459] MBBT
[00:42:01] [111/459] MACK
[00:42:02] [112/459] CLDR
[00:42:03] [113/459] JYCR
[00:42:03] [114/459] DCRP
[00:42:04] [115/459] RAHT
[00:42:05] [116/459] CSSM
[00:42:06] [117/459] ATPK
[00:42:07] [118/459] KLRT
[00:42:08] [119/459] SRDD
[00:42:09] [120/459] CKMC
[00:42:10] [121/459] KRVM
[00:42:11] [122/459] AKCP
[00:42:12] [123/459] CNCV
[00:42:13] [124/459] PACT
[00:42:15] [125/459] NATP
[00:42:16] [126/459] PCPK
[00:42:17] [127/459] SMHO
[00:42:17] [128/459] CWTK
[00:42:18] [129/459] RVKZ
[00:42:19] [130/459] ASPD
[00:42:20] [131/459] VTKZ
[00:42:21] [132/459] LCSO
[00:42:22] [133/459] PRDY
[00:42:23] [134/459] RCAP
[00:42:24] [135/459] RGAR
[00:42:25] [136/459] RCAC
[00:42:25] [137/459] PMOD
[00:42:27] [138/459] PVCN
[00:42:28] [139/459] SCRZ
[00:42:29] [140/459] PVPC
[00:42:30] [141/459] STID
[00:42:30] [142/459] NEDD
[00:42:32] [143/459] BNBA
[00:42:33] [144/459] NTCD
[00:42:34] [145/459] OCDE
[00:42:35] [146/459] CCDU
[00:42:35] [147/459] CRXH
[00:42:36] [148/459] VLVT
[00:42:37] [149/459] CICI
[00:42:38] [150/459] SUCB
[00:42:39] [151/459] TCBP
[00:42:40] [152/459] SCCY
[00:42:40] [153/459] LXCY
[00:42:41] [154/459] NCMD
[00:42:42] [155/459] PHCS
[00:42:43] [156/459] DUXR
[00:42:43] [157/459] VNKS
[00:42:44] [158/459] SEDP
[00:42:45] [159/459] SVEN
[00:42:46] [160/459] SRKM
[00:42:47] [161/459] JTLT
[00:42:48] [162/459] SVSS
[00:42:49] [163/459] AMDE
[00:42:51] [164/459] WVRN
[00:42:52] [165/459] ISMG
[00:42:52] [166/459] WVKS
[00:42:53] [167/459] USCG
[00:42:54] [168/459] IOTG
[00:42:55] [169/459] RRJM
[00:42:56] [170/459] EDMP
[00:42:57] [171/459] SCGZ
[00:42:59] [172/459] GMGX
[00:43:00] [173/459] OMTP
[00:43:01] [174/459] MITD
[00:43:02] [175/459] SMMD
[00:43:03] [176/459] STML
[00:43:04] [177/459] MCFS
[00:43:05] [178/459] FPKA
[00:43:05] [179/459] OMLR
[00:43:06] [180/459] KKSC
[00:43:07] [181/459] RVMA
[00:43:08] [182/459] SCLL
[00:43:09] [183/459] SCDK
[00:43:10] [184/459] SXMI
[00:43:11] [185/459] SHDN
[00:43:12] [186/459] PAAD
[00:43:13] [187/459] UUCB
[00:43:14] [188/459] JHOL
[00:43:16] [189/459] SGWT
[00:43:17] [190/459] SRII
[00:43:17] [191/459] SGCK
[00:43:18] [192/459] SVVB
[00:43:19] [193/459] DMHA
[00:43:20] [194/459] PPNL
[00:43:21] [195/459] CPNL
[00:43:21] [196/459] WVLD
[00:43:22] [197/459] PSLV
[00:43:23] [198/459] VTTL
[00:43:25] [199/459] NPAD
[00:43:26] [200/459] PVCS
[00:43:27] [201/459] MCHL
[00:43:29] [202/459] PPLL
[00:43:30] [203/459] MALO
[00:43:31] [204/459] SWBH
[00:43:31] [205/459] PUGB
[00:43:32] [206/459] INBB
[00:43:33] [207/459] INNS
[00:43:34] [208/459] MCPT
[00:43:35] [209/459] SCMI
[00:43:36] [210/459] OCON
[00:43:37] [211/459] SCSM
[00:43:38] [212/459] RJVN
[00:43:38] [213/459] AMDK
[00:43:39] [214/459] ISMR
[00:43:40] [215/459] SMTD
[00:43:42] [216/459] VTDD
[00:43:43] [217/459] PDDZ
[00:43:43] [218/459] PCCK
[00:43:44] [219/459] INAM
[00:43:45] [220/459] FNKT
[00:43:46] [221/459] GDKA
[00:43:47] [222/459] MAYU
[00:43:48] [223/459] TCGU
[00:43:49] [224/459] KDCA
[00:43:50] [225/459] DOMY
[00:43:51] [226/459] PDDD
[00:43:52] [227/459] BJTS
[00:43:53] [228/459] VTCA
[00:43:53] [229/459] SBTM
[00:43:54] [230/459] SEET
[00:43:55] [231/459] SSTJ
[00:43:56] [232/459] SVNT
[00:43:57] [233/459] PPPR
[00:43:58] [234/459] PVYS
[00:43:58] [235/459] IOSE
[00:43:59] [236/459] ACTV
[00:44:00] [237/459] APVE
[00:44:02] [238/459] TCCL
[00:44:02] [239/459] SCMO
[00:44:03] [240/459] SAUM
[00:44:04] [241/459] KCJS
[00:44:05] [242/459] NJCJ
[00:44:06] [243/459] NECF
[00:44:07] [244/459] CCGW
[00:44:07] [245/459] CCMG
[00:44:09] [246/459] NYRG
[00:44:10] [247/459] NCSQ
[00:44:11] [248/459] GRCG
[00:44:12] [249/459] CCBT
[00:44:12] [250/459] ACGA
[00:44:13] [251/459] INAG
[00:44:14] [252/459] FUCG
[00:44:16] [253/459] AICF
[00:44:17] [254/459] GRGA
[00:44:17] [255/459] GDCN
[00:44:18] [256/459] RRCG
[00:44:19] [257/459] SDCH
[00:44:20] [258/459] WVJM
[00:44:21] [259/459] JCCZ
[00:44:23] [260/459] CNCL
[00:44:24] [261/459] TMLV
[00:44:25] [262/459] MEMB
[00:44:26] [263/459] SGTD
[00:44:27] [264/459] CONX
[00:44:28] [265/459] CCMH
[00:44:29] [266/459] ACMC
[00:44:30] [267/459] DTPD
[00:44:31] [268/459] POJA
[00:44:32] [269/459] FNBH
[00:44:33] [270/459] CGCB
[00:44:34] [271/459] RACN
[00:44:35] [272/459] JTSM
[00:44:36] [273/459] SCDN
[00:44:37] [274/459] AACK
[00:44:37] [275/459] RMCE
[00:44:38] [276/459] BSGB
[00:44:39] [277/459] MRCB
[00:44:40] [278/459] SRVR
[00:44:40] [279/459] VTKK
[00:44:42] [280/459] AMST
[00:44:43] [281/459] APCY
[00:44:43] [282/459] LMHO
[00:44:45] [283/459] MTZH
[00:44:46] [284/459] AMZB
[00:44:47] [285/459] SUVT
[00:44:48] [286/459] RCIP
[00:44:49] [287/459] KESR
[00:44:50] [288/459] SNKC
[00:44:51] [289/459] SCED
[00:44:52] [290/459] DVCA
[00:44:53] [291/459] VCDT
[00:44:53] [292/459] RRDI
[00:44:54] [293/459] DFCH
[00:44:55] [294/459] INSC
[00:44:56] [295/459] RGTR
[00:44:57] [296/459] FMOT
[00:44:58] [297/459] SCPM
[00:45:00] [298/459] GCDT
[00:45:00] [299/459] BRKT
[00:45:01] [300/459] DEMP
[00:45:02] [301/459] SRLC
[00:45:03] [302/459] KSTT
[00:45:04] [303/459] SMMT
[00:45:05] [304/459] SILM
[00:45:06] [305/459] JCVM
[00:45:07] [306/459] KCSV
[00:45:08] [307/459] MHLK
[00:45:09] [308/459] SLVL
[00:45:10] [309/459] RJKP
[00:45:11] [310/459] BBPC
[00:45:12] [311/459] MXCB
[00:45:14] [312/459] TCPK
[00:45:15] [313/459] RTBR
[00:45:15] [314/459] GAUT
[00:45:17] [315/459] DVCF
[00:45:18] [316/459] JTSB
[00:45:18] [317/459] SBLS
[00:45:19] [318/459] UDAY
[00:45:20] [319/459] PTNP
[00:45:20] [320/459] DMKT
[00:45:21] [321/459] NTDT
[00:45:22] [322/459] SHDJ
[00:45:24] [323/459] OTNC
[00:45:25] [324/459] RNTW
[00:45:26] [325/459] GCMI
[00:45:26] [326/459] CRCM
[00:45:27] [327/459] NNCZ
[00:45:28] [328/459] OEMO
[00:45:29] [329/459] PVJM
[00:45:30] [330/459] CPJI
[00:45:30] [331/459] RMCJ
[00:45:32] [332/459] CNWJ
[00:45:33] [333/459] EPJM
[00:45:33] [334/459] FNJJ
[00:45:34] [335/459] GCMJ
[00:45:35] [336/459] INPS
[00:45:36] [337/459] BICJ
[00:45:37] [338/459] ISTJ
[00:45:38] [339/459] INJC
[00:45:39] [340/459] GLXJ
[00:45:40] [341/459] INEM
[00:45:41] [342/459] JTMN
[00:45:42] [343/459] FRCJ
[00:45:43] [344/459] DDJP
[00:45:44] [345/459] INJV
[00:45:44] [346/459] GOLC
[00:45:45] [347/459] KOCI
[00:45:46] [348/459] FSTD
[00:45:46] [349/459] PACJ
[00:45:47] [350/459] GMCN
[00:45:48] [351/459] MMDJ
[00:45:49] [352/459] GODH
[00:45:50] [353/459] SKYN
[00:45:51] [354/459] NCTH
[00:45:52] [355/459] SKVZ
[00:45:52] [356/459] SVML
[00:45:53] [357/459] ACVZ
[00:45:54] [358/459] SURA
[00:45:55] [359/459] RTRB
[00:45:57] [360/459] LLCT
[00:45:57] [361/459] ATTS
[00:45:58] [362/459] JYCM
[00:45:59] [363/459] CTKR
[00:46:00] [364/459] LCKR
[00:46:01] [365/459] NYCV
[00:46:02] [366/459] NYOH
[00:46:03] [367/459] NOVX
[00:46:04] [368/459] MRGK
[00:46:06] [369/459] MOON
[00:46:07] [370/459] SBUC
[00:46:07] [371/459] GSVA
[00:46:08] [372/459] VIAK
[00:46:10] [373/459] SMVZ
[00:46:11] [374/459] MATE
[00:46:12] [375/459] RDCN
[00:46:13] [376/459] ASBL
[00:46:14] [377/459] ASVS
[00:46:16] [378/459] ASSR
[00:46:17] [379/459] SSKN
[00:46:18] [380/459] DRPV
[00:46:19] [381/459] MRHT
[00:46:20] [382/459] BSCN
[00:46:21] [383/459] RKNX
[00:46:22] [384/459] MSMC
[00:46:22] [385/459] MSCJ
[00:46:23] [386/459] BTBJ
[00:46:24] [387/459] MJCC
[00:46:25] [388/459] IOMM
[00:46:26] [389/459] ADGR
[00:46:27] [390/459] MYCP
[00:46:28] [391/459] IGCM
[00:46:29] [392/459] PGRK
[00:46:30] [393/459] VPGO
[00:46:30] [394/459] KOMS
[00:46:31] [395/459] URGG
[00:46:32] [396/459] GOST
[00:46:33] [397/459] LACT
[00:46:34] [398/459] BWCM
[00:46:35] [399/459] NCCW
[00:46:36] [400/459] SKYC
[00:46:36] [401/459] CCPM
[00:46:37] [402/459] VCBT
[00:46:38] [403/459] SDKR
[00:46:39] [404/459] CTYB
[00:46:40] [405/459] SHCX
[00:46:42] [406/459] RCUN
[00:46:42] [407/459] CNRA
[00:46:43] [408/459] RFCA
[00:46:45] [409/459] RDCU
[00:46:46] [410/459] SARK
[00:46:46] [411/459] SPPP
[00:46:48] [412/459] ADMB
[00:46:49] [413/459] JYOE
[00:46:50] [414/459] SRMD
[00:46:51] [415/459] RJDH
[00:46:52] [416/459] SSTD
[00:46:53] [417/459] AACV
[00:46:54] [418/459] PPVD
[00:46:55] [419/459] STCP
[00:46:56] [420/459] ANJR
[00:46:57] [421/459] ANLS
[00:46:58] [422/459] BIJO
[00:46:59] [423/459] AVAB
[00:47:00] [424/459] SPMD
[00:47:00] [425/459] SVJL
[00:47:01] [426/459] SDDJ
[00:47:02] [427/459] SLTU
[00:47:03] [428/459] SAKA
[00:47:04] [429/459] PMAM
[00:47:05] [430/459] FNAM
[00:47:06] [431/459] ACAM
[00:47:07] [432/459] SCMM
[00:47:07] [433/459] PMAK
[00:47:08] [434/459] NYSA
[00:47:09] [435/459] FCPA
[00:47:10] [436/459] GDAN
[00:47:11] [437/459] RSCA
[00:47:12] [438/459] DMAN
[00:47:13] [439/459] DZCM
[00:47:14] [440/459] NSGL
[00:47:15] [441/459] CCPP
[00:47:15] [442/459] PSMG
[00:47:16] [443/459] GSER
[00:47:17] [444/459] FCCT
[00:47:18] [445/459] FCTB
[00:47:20] [446/459] LCNK
[00:47:20] [447/459] SKTY
[00:47:22] [448/459] INAA
[00:47:22] [449/459] RCWN
[00:47:23] [450/459] VAIS
[00:47:24] [451/459] CVMN
[00:47:25] [452/459] INTS
[00:47:26] [453/459] FRGS
[00:47:26] [454/459] DTCK
[00:47:27] [455/459] MCMH
[00:47:28] [456/459] ECRR
[00:47:29] [457/459] RLLP
[00:47:30] [458/459] CCSN
[00:47:31] [459/459] CCBA
[00:47:31] ✅ DONE | Shows=0 | Movies=0
[01:44:28] 🚀 BMS DAILY TRACKER STARTED
[01:44:28] [1/459] MBDC
[01:44:28] 🧠 New identity
[01:44:29] [2/459] CHKM
[01:44:29] [3/459] JTKZ
[01:44:30] [4/459] CMCT
[01:44:31] [5/459] ASHO
[01:44:32] [6/459] ECDG
[01:44:33] [7/459] SPAT
[01:44:34] [8/459] HILC
[01:44:35] [9/459] SPPH
[01:44:36] [10/459] SBHN
[01:44:37] [11/459] RRCA
[01:44:37] [12/459] APAA
[01:44:38] [13/459] RAME
[01:44:39] [14/459] TMMS
[01:44:40] [15/459] BATK
[01:44:41] [16/459] LKOP
[01:44:42] [17/459] AMTT
[01:44:43] [18/459] PTGK
[01:44:44] [19/459] ANRS
[01:44:45] [20/459] VWBW
[01:44:46] [21/459] SVFG
[01:44:47] [22/459] STAT
[01:44:48] [23/459] GDCV
[01:44:49] [24/459] VEBI
[01:44:50] [25/459] VDSS
[01:44:51] [26/459] NTHV
[01:44:52] [27/459] AOCH
[01:44:53] [28/459] KASR
[01:44:54] [29/459] AYCS
[01:44:55] [30/459] SHAI
[01:44:56] [31/459] SKPE
[01:44:57] [32/459] SBTA
[01:44:58] [33/459] RTTD
[01:44:59] [34/459] CCJD
[01:45:01] [35/459] RSJJ
[01:45:02] [36/459] RKND
[01:45:02] [37/459] SVTX
[01:45:04] [38/459] BAKM
[01:45:05] [39/459] SVDC
[01:45:06] [40/459] MNCV
[01:45:06] [41/459] SJGC
[01:45:07] [42/459] MTPK
[01:45:08] [43/459] GATP
[01:45:09] [44/459] ABTS
[01:45:09] [45/459] ABDE
[01:45:10] [46/459] RCNM
[01:45:11] [47/459] KTHV
[01:45:12] [48/459] MDGJ
[01:45:14] [49/459] SMLM
[01:45:14] [50/459] JTMA
[01:45:15] [51/459] ACKP
[01:45:16] [52/459] SRTA
[01:45:17] [53/459] STAY
[01:45:18] [54/459] MAVO
[01:45:20] [55/459] APTS
[01:45:21] [56/459] OMEA
[01:45:21] [57/459] TTFD
[01:45:22] [58/459] MJCU
[01:45:23] [59/459] CXTE
[01:45:24] [60/459] CTPX
[01:45:25] [61/459] ASSL
[01:45:26] [62/459] CMVB
[01:45:27] [63/459] VPUR
[01:45:28] [64/459] JJDA
[01:45:29] [65/459] INBL
[01:45:30] [66/459] BIKB
[01:45:31] [67/459] NTBB
[01:45:32] [68/459] GLOB
[01:45:32] [69/459] SNTB
[01:45:33] [70/459] CHGV
[01:45:34] [71/459] SSBZ
[01:45:35] [72/459] PRDB
[01:45:36] [73/459] ISMT
[01:45:37] [74/459] MCSD
[01:45:38] [75/459] JBTT
[01:45:39] [76/459] GEKR
[01:45:39] [77/459] PVUN
[01:45:40] [78/459] NRTB
[01:45:41] [79/459] PRAA
[01:45:42] [80/459] PCBL
[01:45:43] [81/459] PTCM
[01:45:44] [82/459] KHNN
[01:45:45] [83/459] OMJE
[01:45:46] [84/459] STGN
[01:45:47] [85/459] RPMS
[01:45:47] [86/459] NWAD
[01:45:48] [87/459] BLCK
[01:45:50] [88/459] SVAA
[01:45:51] [89/459] URVM
[01:45:52] [90/459] ANTM
[01:45:52] [91/459] VJYM
[01:45:53] [92/459] MAZZ
[01:45:54] [93/459] CSHM
[01:45:55] [94/459] WGMH
[01:45:56] [95/459] SALN
[01:45:57] [96/459] BRTP
[01:45:58] [97/459] SVTA
[01:45:59] [98/459] SBTP
[01:46:00] [99/459] VLSS
[01:46:01] [100/459] SRJA
[01:46:02] [101/459] ANCG
[01:46:03] [102/459] CGGC
[01:46:04] [103/459] CRJA
[01:46:04] [104/459] USCR
[01:46:05] [105/459] MMEF
[01:46:06] [106/459] JCRJ
[01:46:07] [107/459] ADCM
[01:46:08] [108/459] BMYK
[01:46:09] [109/459] KICS
[01:46:10] [110/459] MBBT
[01:46:11] [111/459] MACK
[01:46:12] [112/459] CLDR
[01:46:13] [113/459] JYCR
[01:46:14] [114/459] DCRP
[01:46:14] [115/459] RAHT
[01:46:15] [116/459] CSSM
[01:46:16] [117/459] ATPK
[01:46:17] [118/459] KLRT
[01:46:18] [119/459] SRDD
[01:46:19] [120/459] CKMC
[01:46:20] [121/459] KRVM
[01:46:21] [122/459] AKCP
[01:46:22] [123/459] CNCV
[01:46:23] [124/459] PACT
[01:46:24] [125/459] NATP
[01:46:25] [126/459] PCPK
[01:46:26] [127/459] SMHO
[01:46:28] [128/459] CWTK
[01:46:28] [129/459] RVKZ
[01:46:29] [130/459] ASPD
[01:46:31] [131/459] VTKZ
[01:46:31] [132/459] LCSO
[01:46:33] [133/459] PRDY
[01:46:34] [134/459] RCAP
[01:46:34] [135/459] RGAR
[01:46:35] [136/459] RCAC
[01:46:37] [137/459] PMOD
[01:46:37] [138/459] PVCN
[01:46:38] [139/459] SCRZ
[01:46:39] [140/459] PVPC
[01:46:40] [141/459] STID
[01:46:42] [142/459] NEDD
[01:46:43] [143/459] BNBA
[01:46:44] [144/459] NTCD
[01:46:45] [145/459] OCDE
[01:46:46] [146/459] CCDU
[01:46:47] [147/459] CRXH
[01:46:48] [148/459] VLVT
[01:46:49] [149/459] CICI
[01:46:50] [150/459] SUCB
[01:46:50] [151/459] TCBP
[01:46:51] [152/459] SCCY
[01:46:52] [153/459] LXCY
[01:46:53] [154/459] NCMD
[01:46:54] [155/459] PHCS
[01:46:55] [156/459] DUXR
[01:46:56] [157/459] VNKS
[01:46:57] [158/459] SEDP
[01:46:58] [159/459] SVEN
[01:46:58] [160/459] SRKM
[01:46:59] [161/459] JTLT
[01:47:00] [162/459] SVSS
[01:47:01] [163/459] AMDE
[01:47:03] [164/459] WVRN
[01:47:03] [165/459] ISMG
[01:47:05] [166/459] WVKS
[01:47:06] [167/459] USCG
[01:47:07] [168/459] IOTG
[01:47:08] [169/459] RRJM
[01:47:09] [170/459] EDMP
[01:47:10] [171/459] SCGZ
[01:47:11] [172/459] GMGX
[01:47:12] [173/459] OMTP
[01:47:12] [174/459] MITD
[01:47:14] [175/459] SMMD
[01:47:15] [176/459] STML
[01:47:16] [177/459] MCFS
[01:47:17] [178/459] FPKA
[01:47:18] [179/459] OMLR
[01:47:19] [180/459] KKSC
[01:47:21] [181/459] RVMA
[01:47:22] [182/459] SCLL
[01:47:22] [183/459] SCDK
[01:47:24] [184/459] SXMI
[01:47:25] [185/459] SHDN
[01:47:26] [186/459] PAAD
[01:47:27] [187/459] UUCB
[01:47:28] [188/459] JHOL
[01:47:28] [189/459] SGWT
[01:47:29] [190/459] SRII
[01:47:30] [191/459] SGCK
[01:47:31] [192/459] SVVB
[01:47:31] [193/459] DMHA
[01:47:32] [194/459] PPNL
[01:47:34] [195/459] CPNL
[01:47:35] [196/459] WVLD
[01:47:36] [197/459] PSLV
[01:47:37] [198/459] VTTL
[01:47:38] [199/459] NPAD
[01:47:39] [200/459] PVCS
[01:47:40] [201/459] MCHL
[01:47:41] [202/459] PPLL
[01:47:42] [203/459] MALO
[01:47:43] [204/459] SWBH
[01:47:44] [205/459] PUGB
[01:47:45] [206/459] INBB
[01:47:45] [207/459] INNS
[01:47:46] [208/459] MCPT
[01:47:47] [209/459] SCMI
[01:47:48] [210/459] OCON
[01:47:48] [211/459] SCSM
[01:47:49] [212/459] RJVN
[01:47:50] [213/459] AMDK
[01:47:51] [214/459] ISMR
[01:47:52] [215/459] SMTD
[01:47:53] [216/459] VTDD
[01:47:54] [217/459] PDDZ
[01:47:55] [218/459] PCCK
[01:47:56] [219/459] INAM
[01:47:57] [220/459] FNKT
[01:47:58] [221/459] GDKA
[01:47:59] [222/459] MAYU
[01:48:00] [223/459] TCGU
[01:48:01] [224/459] KDCA
[01:48:01] [225/459] DOMY
[01:48:02] [226/459] PDDD
[01:48:03] [227/459] BJTS
[01:48:04] [228/459] VTCA
[01:48:05] [229/459] SBTM
[01:48:06] [230/459] SEET
[01:48:06] [231/459] SSTJ
[01:48:07] [232/459] SVNT
[01:48:09] [233/459] PPPR
[01:48:10] [234/459] PVYS
[01:48:11] [235/459] IOSE
[01:48:12] [236/459] ACTV
[01:48:13] [237/459] APVE
[01:48:13] [238/459] TCCL
[01:48:14] [239/459] SCMO
[01:48:16] [240/459] SAUM
[01:48:17] [241/459] KCJS
[01:48:17] [242/459] NJCJ
[01:48:18] [243/459] NECF
[01:48:19] [244/459] CCGW
[01:48:20] [245/459] CCMG
[01:48:21] [246/459] NYRG
[01:48:22] [247/459] NCSQ
[01:48:23] [248/459] GRCG
[01:48:23] [249/459] CCBT
[01:48:24] [250/459] ACGA
[01:48:25] [251/459] INAG
[01:48:26] [252/459] FUCG
[01:48:27] [253/459] AICF
[01:48:28] [254/459] GRGA
[01:48:29] [255/459] GDCN
[01:48:30] [256/459] RRCG
[01:48:30] [257/459] SDCH
[01:48:31] [258/459] WVJM
[01:48:32] [259/459] JCCZ
[01:48:34] [260/459] CNCL
[01:48:35] [261/459] TMLV
[01:48:35] [262/459] MEMB
[01:48:37] [263/459] SGTD
[01:48:38] [264/459] CONX
[01:48:38] [265/459] CCMH
[01:48:40] [266/459] ACMC
[01:48:41] [267/459] DTPD
[01:48:41] [268/459] POJA
[01:48:43] [269/459] FNBH
[01:48:43] [270/459] CGCB
[01:48:44] [271/459] RACN
[01:48:45] [272/459] JTSM
[01:48:46] [273/459] SCDN
[01:48:47] [274/459] AACK
[01:48:48] [275/459] RMCE
[01:48:49] [276/459] BSGB
[01:48:50] [277/459] MRCB
[01:48:51] [278/459] SRVR
[01:48:52] [279/459] VTKK
[01:48:52] [280/459] AMST
[01:48:53] [281/459] APCY
[01:48:54] [282/459] LMHO
[01:48:55] [283/459] MTZH
[01:48:55] [284/459] AMZB
[01:48:56] [285/459] SUVT
[01:48:57] [286/459] RCIP
[01:48:58] [287/459] KESR
[01:48:59] [288/459] SNKC
[01:49:00] [289/459] SCED
[01:49:00] [290/459] DVCA
[01:49:01] [291/459] VCDT
[01:49:03] [292/459] RRDI
[01:49:04] [293/459] DFCH
[01:49:04] [294/459] INSC
[01:49:05] [295/459] RGTR
[01:49:06] [296/459] FMOT
[01:49:07] [297/459] SCPM
[01:49:08] [298/459] GCDT
[01:49:09] [299/459] BRKT
[01:49:10] [300/459] DEMP
[01:49:10] [301/459] SRLC
[01:49:11] [302/459] KSTT
[01:49:12] [303/459] SMMT
[01:49:13] [304/459] SILM
[01:49:14] [305/459] JCVM
[01:49:15] [306/459] KCSV
[01:49:16] [307/459] MHLK
[01:49:17] [308/459] SLVL
[01:49:18] [309/459] RJKP
[01:49:19] [310/459] BBPC
[01:49:20] [311/459] MXCB
[01:49:21] [312/459] TCPK
[01:49:21] [313/459] RTBR
[01:49:22] [314/459] GAUT
[01:49:23] [315/459] DVCF
[01:49:25] [316/459] JTSB
[01:49:26] [317/459] SBLS
[01:49:27] [318/459] UDAY
[01:49:28] [319/459] PTNP
[01:49:29] [320/459] DMKT
[01:49:29] [321/459] NTDT
[01:49:31] [322/459] SHDJ
[01:49:32] [323/459] OTNC
[01:49:33] [324/459] RNTW
[01:49:34] [325/459] GCMI
[01:49:35] [326/459] CRCM
[01:49:36] [327/459] NNCZ
[01:49:37] [328/459] OEMO
[01:49:38] [329/459] PVJM
[01:49:38] [330/459] CPJI
[01:49:39] [331/459] RMCJ
[01:49:40] [332/459] CNWJ
[01:49:41] [333/459] EPJM
[01:49:42] [334/459] FNJJ
[01:49:43] [335/459] GCMJ
[01:49:43] [336/459] INPS
[01:49:44] [337/459] BICJ
[01:49:45] [338/459] ISTJ
[01:49:46] [339/459] INJC
[01:49:47] [340/459] GLXJ
[01:49:48] [341/459] INEM
[01:49:48] [342/459] JTMN
[01:49:49] [343/459] FRCJ
[01:49:50] [344/459] DDJP
[01:49:51] [345/459] INJV
[01:49:52] [346/459] GOLC
[01:49:53] [347/459] KOCI
[01:49:54] [348/459] FSTD
[01:49:54] [349/459] PACJ
[01:49:55] [350/459] GMCN
[01:49:57] [351/459] MMDJ
[01:49:57] [352/459] GODH
[01:49:58] [353/459] SKYN
[01:49:59] [354/459] NCTH
[01:50:00] [355/459] SKVZ
[01:50:01] [356/459] SVML
[01:50:02] [357/459] ACVZ
[01:50:03] [358/459] SURA
[01:50:04] [359/459] RTRB
[01:50:05] [360/459] LLCT
[01:50:05] [361/459] ATTS
[01:50:06] [362/459] JYCM
[01:50:07] [363/459] CTKR
[01:50:08] [364/459] LCKR
[01:50:09] [365/459] NYCV
[01:50:10] [366/459] NYOH
[01:50:10] [367/459] NOVX
[01:50:11] [368/459] MRGK
[01:50:13] [369/459] MOON
[01:50:13] [370/459] SBUC
[01:50:14] [371/459] GSVA
[01:50:15] [372/459] VIAK
[01:50:16] [373/459] SMVZ
[01:50:17] [374/459] MATE
[01:50:18] [375/459] RDCN
[01:50:19] [376/459] ASBL
[01:50:20] [377/459] ASVS
[01:50:21] [378/459] ASSR
[01:50:21] [379/459] SSKN
[01:50:23] [380/459] DRPV
[01:50:24] [381/459] MRHT
[01:50:25] [382/459] BSCN
[01:50:26] [383/459] RKNX
[01:50:26] [384/459] MSMC
[01:50:27] [385/459] MSCJ
[01:50:28] [386/459] BTBJ
[01:50:29] [387/459] MJCC
[01:50:30] [388/459] IOMM
[01:50:31] [389/459] ADGR
[01:50:33] [390/459] MYCP
[01:50:34] [391/459] IGCM
[01:50:35] [392/459] PGRK
[01:50:36] [393/459] VPGO
[01:50:37] [394/459] KOMS
[01:50:38] [395/459] URGG
[01:50:39] [396/459] GOST
[01:50:40] [397/459] LACT
[01:50:40] [398/459] BWCM
[01:50:41] [399/459] NCCW
[01:50:42] [400/459] SKYC
[01:50:43] [401/459] CCPM
[01:50:44] [402/459] VCBT
[01:50:45] [403/459] SDKR
[01:50:45] [404/459] CTYB
[01:50:47] [405/459] SHCX
[01:50:48] [406/459] RCUN
[01:50:48] [407/459] CNRA
[01:50:49] [408/459] RFCA
[01:50:50] [409/459] RDCU
[01:50:51] [410/459] SARK
[01:50:51] [411/459] SPPP
[01:50:52] [412/459] ADMB
[01:50:53] [413/459] JYOE
[01:50:54] [414/459] SRMD
[01:50:55] [415/459] RJDH
[01:50:56] [416/459] SSTD
[01:50:57] [417/459] AACV
[01:50:58] [418/459] PPVD
[01:50:58] [419/459] STCP
[01:50:59] [420/459] ANJR
[01:51:01] [421/459] ANLS
[01:51:02] [422/459] BIJO
[01:51:03] [423/459] AVAB
[01:51:04] [424/459] SPMD
[01:51:04] [425/459] SVJL
[01:51:05] [426/459] SDDJ
[01:51:06] [427/459] SLTU
[01:51:07] [428/459] SAKA
[01:51:08] [429/459] PMAM
[01:51:09] [430/459] FNAM
[01:51:10] [431/459] ACAM
[01:51:11] [432/459] SCMM
[01:51:12] [433/459] PMAK
[01:51:14] [434/459] NYSA
[01:51:15] [435/459] FCPA
[01:51:16] [436/459] GDAN
[01:51:17] [437/459] RSCA
[01:51:18] [438/459] DMAN
[01:51:19] [439/459] DZCM
[01:51:20] [440/459] NSGL
[01:51:21] [441/459] CCPP
[01:51:22] [442/459] PSMG
[01:51:23] [443/459] GSER
[01:51:24] [444/459] FCCT
[01:51:25] [445/459] FCTB
[01:51:25] [446/459] LCNK
[01:51:26] [447/459] SKTY
[01:51:27] [448/459] INAA
[01:51:29] [449/459] RCWN
[01:51:30] [450/459] VAIS
[01:51:32] [451/459] CVMN
[01:51:33] [452/459] INTS
[01:51:33] [453/459] FRGS
[01:51:34] [454/459] DTCK
[01:51:35] [455/459] MCMH
[01:51:36] [456/459] ECRR
[01:51:37] [457/459] RLLP
[01:51:38] [458/459] CCSN
[01:51:39] [459/459] CCBA
[01:51:39] ✅ DONE | Shows=0 | Movies=0
[02:42:10] 🚀 BMS DAILY TRACKER STARTED
[02:42:10] [1/459] MBDC
[02:42:10] 🧠 New identity
[02:42:11] [2/459] CHKM
[02:42:12] [3/459] JTKZ
[02:42:13] [4/459] CMCT
[02:42:14] [5/459] ASHO
[02:42:15] [6/459] ECDG
[02:42:16] [7/459] SPAT
[02:42:17] [8/459] HILC
[02:42:18] [9/459] SPPH
[02:42:18] [10/459] SBHN
[02:42:19] [11/459] RRCA
[02:42:20] [12/459] APAA
[02:42:21] [13/459] RAME
[02:42:22] [14/459] TMMS
[02:42:23] [15/459] BATK
[02:42:23] [16/459] LKOP
[02:42:24] [17/459] AMTT
[02:42:26] [18/459] PTGK
[02:42:27] [19/459] ANRS
[02:42:28] [20/459] VWBW
[02:42:29] [21/459] SVFG
[02:42:30] [22/459] STAT
[02:42:31] [23/459] GDCV
[02:42:31] [24/459] VEBI
[02:42:33] [25/459] VDSS
[02:42:34] [26/459] NTHV
[02:42:35] [27/459] AOCH
[02:42:36] [28/459] KASR
[02:42:37] [29/459] AYCS
[02:42:37] [30/459] SHAI
[02:42:38] [31/459] SKPE
[02:42:39] [32/459] SBTA
[02:42:40] [33/459] RTTD
[02:42:40] [34/459] CCJD
[02:42:41] [35/459] RSJJ
[02:42:42] [36/459] RKND
[02:42:43] [37/459] SVTX
[02:42:45] [38/459] BAKM
[02:42:45] [39/459] SVDC
[02:42:46] [40/459] MNCV
[02:42:47] [41/459] SJGC
[02:42:48] [42/459] MTPK
[02:42:49] [43/459] GATP
[02:42:50] [44/459] ABTS
[02:42:51] [45/459] ABDE
[02:42:52] [46/459] RCNM
[02:42:53] [47/459] KTHV
[02:42:54] [48/459] MDGJ
[02:42:54] [49/459] SMLM
[02:42:55] [50/459] JTMA
[02:42:56] [51/459] ACKP
[02:42:57] [52/459] SRTA
[02:42:58] [53/459] STAY
[02:42:59] [54/459] MAVO
[02:43:00] [55/459] APTS
[02:43:02] [56/459] OMEA
[02:43:02] [57/459] TTFD
[02:43:03] [58/459] MJCU
[02:43:04] [59/459] CXTE
[02:43:05] [60/459] CTPX
[02:43:06] [61/459] ASSL
[02:43:06] [62/459] CMVB
[02:43:07] [63/459] VPUR
[02:43:09] [64/459] JJDA
[02:43:10] [65/459] INBL
[02:43:10] [66/459] BIKB
[02:43:11] [67/459] NTBB
[02:43:12] [68/459] GLOB
[02:43:14] [69/459] SNTB
[02:43:14] [70/459] CHGV
[02:43:16] [71/459] SSBZ
[02:43:17] [72/459] PRDB
[02:43:18] [73/459] ISMT
[02:43:20] [74/459] MCSD
[02:43:21] [75/459] JBTT
[02:43:21] [76/459] GEKR
[02:43:22] [77/459] PVUN
[02:43:23] [78/459] NRTB
[02:43:24] [79/459] PRAA
[02:43:25] [80/459] PCBL
[02:43:26] [81/459] PTCM
[02:43:27] [82/459] KHNN
[02:43:27] [83/459] OMJE
[02:43:28] [84/459] STGN
[02:43:29] [85/459] RPMS
[02:43:30] [86/459] NWAD
[02:43:31] [87/459] BLCK
[02:43:32] [88/459] SVAA
[02:43:32] [89/459] URVM
[02:43:33] [90/459] ANTM
[02:43:35] [91/459] VJYM
[02:43:36] [92/459] MAZZ
[02:43:37] [93/459] CSHM
[02:43:38] [94/459] WGMH
[02:43:39] [95/459] SALN
[02:43:40] [96/459] BRTP
[02:43:41] [97/459] SVTA
[02:43:42] [98/459] SBTP
[02:43:42] [99/459] VLSS
[02:43:43] [100/459] SRJA
[02:43:45] [101/459] ANCG
[02:43:45] [102/459] CGGC
[02:43:46] [103/459] CRJA
[02:43:47] [104/459] USCR
[02:43:48] [105/459] MMEF
[02:43:48] [106/459] JCRJ
[02:43:49] [107/459] ADCM
[02:43:50] [108/459] BMYK
[02:43:51] [109/459] KICS
[02:43:52] [110/459] MBBT
[02:43:53] [111/459] MACK
[02:43:54] [112/459] CLDR
[02:43:55] [113/459] JYCR
[02:43:55] [114/459] DCRP
[02:43:56] [115/459] RAHT
[02:43:57] [116/459] CSSM
[02:43:58] [117/459] ATPK
[02:43:59] [118/459] KLRT
[02:44:00] [119/459] SRDD
[02:44:01] [120/459] CKMC
[02:44:02] [121/459] KRVM
[02:44:03] [122/459] AKCP
[02:44:04] [123/459] CNCV
[02:44:04] [124/459] PACT
[02:44:06] [125/459] NATP
[02:44:07] [126/459] PCPK
[02:44:08] [127/459] SMHO
[02:44:08] [128/459] CWTK
[02:44:09] [129/459] RVKZ
[02:44:10] [130/459] ASPD
[02:44:11] [131/459] VTKZ
[02:44:11] [132/459] LCSO
[02:44:12] [133/459] PRDY
[02:44:13] [134/459] RCAP
[02:44:14] [135/459] RGAR
[02:44:15] [136/459] RCAC
[02:44:16] [137/459] PMOD
[02:44:17] [138/459] PVCN
[02:44:18] [139/459] SCRZ
[02:44:19] [140/459] PVPC
[02:44:21] [141/459] STID
[02:44:22] [142/459] NEDD
[02:44:23] [143/459] BNBA
[02:44:24] [144/459] NTCD
[02:44:25] [145/459] OCDE
[02:44:26] [146/459] CCDU
[02:44:27] [147/459] CRXH
[02:44:27] [148/459] VLVT
[02:44:28] [149/459] CICI
[02:44:29] [150/459] SUCB
[02:44:30] [151/459] TCBP
[02:44:30] [152/459] SCCY
[02:44:31] [153/459] LXCY
[02:44:32] [154/459] NCMD
[02:44:33] [155/459] PHCS
[02:44:34] [156/459] DUXR
[02:44:35] [157/459] VNKS
[02:44:36] [158/459] SEDP
[02:44:37] [159/459] SVEN
[02:44:37] [160/459] SRKM
[02:44:38] [161/459] JTLT
[02:44:39] [162/459] SVSS
[02:44:40] [163/459] AMDE
[02:44:41] [164/459] WVRN
[02:44:42] [165/459] ISMG
[02:44:42] [166/459] WVKS
[02:44:43] [167/459] USCG
[02:44:44] [168/459] IOTG
[02:44:46] [169/459] RRJM
[02:44:47] [170/459] EDMP
[02:44:48] [171/459] SCGZ
[02:44:49] [172/459] GMGX
[02:44:50] [173/459] OMTP
[02:44:51] [174/459] MITD
[02:44:52] [175/459] SMMD
[02:44:53] [176/459] STML
[02:44:54] [177/459] MCFS
[02:44:55] [178/459] FPKA
[02:44:56] [179/459] OMLR
[02:44:56] [180/459] KKSC
[02:44:57] [181/459] RVMA
[02:44:58] [182/459] SCLL
[02:44:59] [183/459] SCDK
[02:45:00] [184/459] SXMI
[02:45:01] [185/459] SHDN
[02:45:02] [186/459] PAAD
[02:45:03] [187/459] UUCB
[02:45:04] [188/459] JHOL
[02:45:05] [189/459] SGWT
[02:45:06] [190/459] SRII
[02:45:07] [191/459] SGCK
[02:45:08] [192/459] SVVB
[02:45:09] [193/459] DMHA
[02:45:10] [194/459] PPNL
[02:45:11] [195/459] CPNL
[02:45:11] [196/459] WVLD
[02:45:12] [197/459] PSLV
[02:45:13] [198/459] VTTL
[02:45:14] [199/459] NPAD
[02:45:15] [200/459] PVCS
[02:45:16] [201/459] MCHL
[02:45:17] [202/459] PPLL
[02:45:18] [203/459] MALO
[02:45:19] [204/459] SWBH
[02:45:20] [205/459] PUGB
[02:45:21] [206/459] INBB
[02:45:22] [207/459] INNS
[02:45:22] [208/459] MCPT
[02:45:23] [209/459] SCMI
[02:45:24] [210/459] OCON
[02:45:25] [211/459] SCSM
[02:45:26] [212/459] RJVN
[02:45:27] [213/459] AMDK
[02:45:28] [214/459] ISMR
[02:45:29] [215/459] SMTD
[02:45:30] [216/459] VTDD
[02:45:31] [217/459] PDDZ
[02:45:31] [218/459] PCCK
[02:45:32] [219/459] INAM
[02:45:33] [220/459] FNKT
[02:45:34] [221/459] GDKA
[02:45:34] [222/459] MAYU
[02:45:35] [223/459] TCGU
[02:45:36] [224/459] KDCA
[02:45:37] [225/459] DOMY
[02:45:38] [226/459] PDDD
[02:45:39] [227/459] BJTS
[02:45:40] [228/459] VTCA
[02:45:41] [229/459] SBTM
[02:45:42] [230/459] SEET
[02:45:43] [231/459] SSTJ
[02:45:44] [232/459] SVNT
[02:45:44] [233/459] PPPR
[02:45:45] [234/459] PVYS
[02:45:46] [235/459] IOSE
[02:45:46] [236/459] ACTV
[02:45:48] [237/459] APVE
[02:45:49] [238/459] TCCL
[02:45:49] [239/459] SCMO
[02:45:50] [240/459] SAUM
[02:45:51] [241/459] KCJS
[02:45:52] [242/459] NJCJ
[02:45:53] [243/459] NECF
[02:45:54] [244/459] CCGW
[02:45:55] [245/459] CCMG
[02:45:56] [246/459] NYRG
[02:45:57] [247/459] NCSQ
[02:45:58] [248/459] GRCG
[02:45:59] [249/459] CCBT
[02:46:00] [250/459] ACGA
[02:46:00] [251/459] INAG
[02:46:01] [252/459] FUCG
[02:46:02] [253/459] AICF
[02:46:03] [254/459] GRGA
[02:46:04] [255/459] GDCN
[02:46:05] [256/459] RRCG
[02:46:06] [257/459] SDCH
[02:46:06] [258/459] WVJM
[02:46:07] [259/459] JCCZ
[02:46:08] [260/459] CNCL
[02:46:09] [261/459] TMLV
[02:46:10] [262/459] MEMB
[02:46:11] [263/459] SGTD
[02:46:12] [264/459] CONX
[02:46:12] [265/459] CCMH
[02:46:13] [266/459] ACMC
[02:46:14] [267/459] DTPD
[02:46:15] [268/459] POJA
[02:46:16] [269/459] FNBH
[02:46:16] [270/459] CGCB
[02:46:17] [271/459] RACN
[02:46:18] [272/459] JTSM
[02:46:19] [273/459] SCDN
[02:46:20] [274/459] AACK
[02:46:21] [275/459] RMCE
[02:46:22] [276/459] BSGB
[02:46:22] [277/459] MRCB
[02:46:23] [278/459] SRVR
[02:46:24] [279/459] VTKK
[02:46:25] [280/459] AMST
[02:46:26] [281/459] APCY
[02:46:27] [282/459] LMHO
[02:46:28] [283/459] MTZH
[02:46:29] [284/459] AMZB
[02:46:29] [285/459] SUVT
[02:46:30] [286/459] RCIP
[02:46:31] [287/459] KESR
[02:46:32] [288/459] SNKC
[02:46:33] [289/459] SCED
[02:46:34] [290/459] DVCA
[02:46:35] [291/459] VCDT
[02:46:36] [292/459] RRDI
[02:46:37] [293/459] DFCH
[02:46:37] [294/459] INSC
[02:46:38] [295/459] RGTR
[02:46:39] [296/459] FMOT
[02:46:40] [297/459] SCPM
[02:46:41] [298/459] GCDT
[02:46:42] [299/459] BRKT
[02:46:43] [300/459] DEMP
[02:46:44] [301/459] SRLC
[02:46:45] [302/459] KSTT
[02:46:46] [303/459] SMMT
[02:46:48] [304/459] SILM
[02:46:49] [305/459] JCVM
[02:46:50] [306/459] KCSV
[02:46:50] [307/459] MHLK
[02:46:52] [308/459] SLVL
[02:46:53] [309/459] RJKP
[02:46:53] [310/459] BBPC
[02:46:54] [311/459] MXCB
[02:46:55] [312/459] TCPK
[02:46:56] [313/459] RTBR
[02:46:57] [314/459] GAUT
[02:46:58] [315/459] DVCF
[02:46:58] [316/459] JTSB
[02:46:59] [317/459] SBLS
[02:47:00] [318/459] UDAY
[02:47:00] [319/459] PTNP
[02:47:02] [320/459] DMKT
[02:47:02] [321/459] NTDT
[02:47:03] [322/459] SHDJ
[02:47:04] [323/459] OTNC
[02:47:05] [324/459] RNTW
[02:47:06] [325/459] GCMI
[02:47:07] [326/459] CRCM
[02:47:08] [327/459] NNCZ
[02:47:09] [328/459] OEMO
[02:47:10] [329/459] PVJM
[02:47:11] [330/459] CPJI
[02:47:12] [331/459] RMCJ
[02:47:13] [332/459] CNWJ
[02:47:13] [333/459] EPJM
[02:47:14] [334/459] FNJJ
[02:47:15] [335/459] GCMJ
[02:47:17] [336/459] INPS
[02:47:18] [337/459] BICJ
[02:47:19] [338/459] ISTJ
[02:47:20] [339/459] INJC
[02:47:20] [340/459] GLXJ
[02:47:21] [341/459] INEM
[02:47:22] [342/459] JTMN
[02:47:23] [343/459] FRCJ
[02:47:24] [344/459] DDJP
[02:47:25] [345/459] INJV
[02:47:26] [346/459] GOLC
[02:47:27] [347/459] KOCI
[02:47:28] [348/459] FSTD
[02:47:28] [349/459] PACJ
[02:47:29] [350/459] GMCN
[02:47:30] [351/459] MMDJ
[02:47:31] [352/459] GODH
[02:47:32] [353/459] SKYN
[02:47:33] [354/459] NCTH
[02:47:33] [355/459] SKVZ
[02:47:34] [356/459] SVML
[02:47:35] [357/459] ACVZ
[02:47:36] [358/459] SURA
[02:47:37] [359/459] RTRB
[02:47:38] [360/459] LLCT
[02:47:39] [361/459] ATTS
[02:47:40] [362/459] JYCM
[02:47:41] [363/459] CTKR
[02:47:42] [364/459] LCKR
[02:47:42] [365/459] NYCV
[02:47:43] [366/459] NYOH
[02:47:45] [367/459] NOVX
[02:47:46] [368/459] MRGK
[02:47:47] [369/459] MOON
[02:47:47] [370/459] SBUC
[02:47:48] [371/459] GSVA
[02:47:49] [372/459] VIAK
[02:47:50] [373/459] SMVZ
[02:47:51] [374/459] MATE
[02:47:52] [375/459] RDCN
[02:47:53] [376/459] ASBL
[02:47:54] [377/459] ASVS
[02:47:55] [378/459] ASSR
[02:47:55] [379/459] SSKN
[02:47:56] [380/459] DRPV
[02:47:57] [381/459] MRHT
[02:47:58] [382/459] BSCN
[02:47:58] [383/459] RKNX
[02:47:59] [384/459] MSMC
[02:48:00] [385/459] MSCJ
[02:48:01] [386/459] BTBJ
[02:48:01] [387/459] MJCC
[02:48:02] [388/459] IOMM
[02:48:03] [389/459] ADGR
[02:48:04] [390/459] MYCP
[02:48:05] [391/459] IGCM
[02:48:05] [392/459] PGRK
[02:48:07] [393/459] VPGO
[02:48:08] [394/459] KOMS
[02:48:08] [395/459] URGG
[02:48:09] [396/459] GOST
[02:48:10] [397/459] LACT
[02:48:11] [398/459] BWCM
[02:48:11] [399/459] NCCW
[02:48:12] [400/459] SKYC
[02:48:13] [401/459] CCPM
[02:48:14] [402/459] VCBT
[02:48:15] [403/459] SDKR
[02:48:15] [404/459] CTYB
[02:48:16] [405/459] SHCX
[02:48:17] [406/459] RCUN
[02:48:18] [407/459] CNRA
[02:48:19] [408/459] RFCA
[02:48:21] [409/459] RDCU
[02:48:21] [410/459] SARK
[02:48:22] [411/459] SPPP
[02:48:23] [412/459] ADMB
[02:48:24] [413/459] JYOE
[02:48:25] [414/459] SRMD
[02:48:26] [415/459] RJDH
[02:48:27] [416/459] SSTD
[02:48:27] [417/459] AACV
[02:48:29] [418/459] PPVD
[02:48:30] [419/459] STCP
[02:48:31] [420/459] ANJR
[02:48:31] [421/459] ANLS
[02:48:32] [422/459] BIJO
[02:48:33] [423/459] AVAB
[02:48:34] [424/459] SPMD
[02:48:35] [425/459] SVJL
[02:48:36] [426/459] SDDJ
[02:48:37] [427/459] SLTU
[02:48:38] [428/459] SAKA
[02:48:38] [429/459] PMAM
[02:48:39] [430/459] FNAM
[02:48:40] [431/459] ACAM
[02:48:41] [432/459] SCMM
[02:48:42] [433/459] PMAK
[02:48:43] [434/459] NYSA
[02:48:44] [435/459] FCPA
[02:48:45] [436/459] GDAN
[02:48:45] [437/459] RSCA
[02:48:46] [438/459] DMAN
[02:48:47] [439/459] DZCM
[02:48:48] [440/459] NSGL
[02:48:49] [441/459] CCPP
[02:48:50] [442/459] PSMG
[02:48:50] [443/459] GSER
[02:48:51] [444/459] FCCT
[02:48:52] [445/459] FCTB
[02:48:52] [446/459] LCNK
[02:48:54] [447/459] SKTY
[02:48:54] [448/459] INAA
[02:48:55] [449/459] RCWN
[02:48:57] [450/459] VAIS
[02:48:58] [451/459] CVMN
[02:48:58] [452/459] INTS
[02:48:59] [453/459] FRGS
[02:49:00] [454/459] DTCK
[02:49:01] [455/459] MCMH
[02:49:02] [456/459] ECRR
[02:49:03] [457/459] RLLP
[02:49:03] [458/459] CCSN
[02:49:04] [459/459] CCBA
[02:49:05] ✅ DONE | Shows=0 | Movies=0
