[00:40:25] 🚀 BMS DAILY TRACKER STARTED
[00:40:25] [1/324] GCTA
[00:40:25] 🧠 New identity
[00:40:27] [2/324] TOPN
[00:40:27] [3/324] MCUS
[00:40:28] [4/324] SHRL
[00:40:29] [5/324] UPTP
[00:40:30] [6/324] TMMP
[00:40:31] [7/324] DNRP
[00:40:32] [8/324] SRLT
[00:40:32] [9/324] RCNS
[00:40:34] [10/324] DCBH
[00:40:35] [11/324] NAGJ
[00:40:36] [12/324] JVRC
[00:40:37] [13/324] KRJG
[00:40:37] [14/324] SRTJ
[00:40:38] [15/324] CMXM
[00:40:40] [16/324] STMI
[00:40:40] [17/324] SLST
[00:40:41] [18/324] DTCN
[00:40:42] [19/324] STYN
[00:40:43] [20/324] SZVR
[00:40:44] [21/324] SRKO
[00:40:45] [22/324] JTGT
[00:40:46] [23/324] SVFD
[00:40:47] [24/324] SISD
[00:40:48] [25/324] ABDD
[00:40:49] [26/324] DRCA
[00:40:50] [27/324] AVCS
[00:40:51] [28/324] MVKH
[00:40:52] [29/324] ACPR
[00:40:53] [30/324] STIP
[00:40:55] [31/324] MTRA
[00:40:56] [32/324] RMKH
[00:40:57] [33/324] NKRL
[00:40:58] [34/324] PCWN
[00:40:59] [35/324] BLMT
[00:41:00] [36/324] GDPG
[00:41:02] [37/324] SRMX
[00:41:02] [38/324] JACP
[00:41:03] [39/324] CPSH
[00:41:05] [40/324] MCCD
[00:41:06] [41/324] ECGH
[00:41:07] [42/324] MKCK
[00:41:08] [43/324] SRMM
[00:41:09] [44/324] SKYR
[00:41:11] [45/324] PCKC
[00:41:12] [46/324] JCMA
[00:41:12] [47/324] BSMP
[00:41:13] [48/324] VSPA
[00:41:14] [49/324] DJYA
[00:41:15] [50/324] DIMP
[00:41:15] [51/324] FXDR
[00:41:16] [52/324] SSRC
[00:41:17] [53/324] STHP
[00:41:19] [54/324] CPPD
[00:41:20] [55/324] FCLK
[00:41:21] [56/324] SCPP
[00:41:22] [57/324] DCMJ
[00:41:23] [58/324] RCCR
[00:41:23] [59/324] INMT
[00:41:24] [60/324] LXTK
[00:41:25] [61/324] SRYK
[00:41:26] [62/324] SGDK
[00:41:27] [63/324] PPKA
[00:41:28] [64/324] SPKA
[00:41:29] [65/324] CGHH
[00:41:29] [66/324] DCJN
[00:41:30] [67/324] SRKV
[00:41:31] [68/324] SAJC
[00:41:32] [69/324] SUSR
[00:41:33] [70/324] STYG
[00:41:34] [71/324] NTKP
[00:41:35] [72/324] AKTG
[00:41:35] [73/324] CGCM
[00:41:36] [74/324] TULC
[00:41:37] [75/324] NYYZ
[00:41:38] [76/324] NYBW
[00:41:39] [77/324] MACB
[00:41:39] [78/324] SLVT
[00:41:40] [79/324] SANA
[00:41:41] [80/324] ACMR
[00:41:42] [81/324] CPKN
[00:41:43] [82/324] DLGK
[00:41:44] [83/324] CWCK
[00:41:45] [84/324] FDDH
[00:41:46] [85/324] MMMD
[00:41:46] [86/324] CMEH
[00:41:47] [87/324] GGGV
[00:41:49] [88/324] SPJL
[00:41:51] [89/324] RCCD
[00:41:51] [90/324] STTZ
[00:41:52] [91/324] BTCF
[00:41:54] [92/324] TSTZ
[00:41:55] [93/324] IPMM
[00:41:55] [94/324] PMPW
[00:41:57] [95/324] PCMZ
[00:41:58] [96/324] ESEM
[00:41:59] [97/324] PIPO
[00:42:00] [98/324] MATK
[00:42:01] [99/324] PGHM
[00:42:01] [100/324] CTSR
[00:42:02] [101/324] CYKR
[00:42:03] [102/324] MSCM
[00:42:04] [103/324] RFNP
[00:42:06] [104/324] PDCP
[00:42:07] [105/324] NPSE
[00:42:08] [106/324] MKML
[00:42:09] [107/324] FTDP
[00:42:09] [108/324] MMXA
[00:42:10] [109/324] CEPO
[00:42:11] [110/324] CMVP
[00:42:12] [111/324] SGTH
[00:42:13] [112/324] SAYN
[00:42:14] [113/324] URVS
[00:42:15] [114/324] VJTN
[00:42:15] [115/324] BBYK
[00:42:17] [116/324] SHBO
[00:42:18] [117/324] VCMR
[00:42:19] [118/324] MACT
[00:42:20] [119/324] JMNP
[00:42:21] [120/324] VICS
[00:42:22] [121/324] VCDA
[00:42:23] [122/324] GCMM
[00:42:24] [123/324] INVS
[00:42:25] [124/324] SCGM
[00:42:26] [125/324] PCDA
[00:42:27] [126/324] KDCT
[00:42:27] [127/324] JACS
[00:42:28] [128/324] GMMC
[00:42:29] [129/324] AICM
[00:42:30] [130/324] TJCM
[00:42:31] [131/324] RMTI
[00:42:32] [132/324] SHAC
[00:42:33] [133/324] APJC
[00:42:33] [134/324] GCTG
[00:42:34] [135/324] SSMC
[00:42:36] [136/324] THRM
[00:42:37] [137/324] RBCT
[00:42:38] [138/324] DIKT
[00:42:39] [139/324] MIDL
[00:42:40] [140/324] VCSN
[00:42:40] [141/324] SKTG
[00:42:41] [142/324] SMWC
[00:42:42] [143/324] MNKH
[00:42:43] [144/324] PIAT
[00:42:44] [145/324] LTTP
[00:42:44] [146/324] PTPU
[00:42:46] [147/324] ACMG
[00:42:47] [148/324] SHMM
[00:42:48] [149/324] MCMN
[00:42:49] [150/324] GLDC
[00:42:49] [151/324] HOUT
[00:42:51] [152/324] SVRP
[00:42:52] [153/324] PVDN
[00:42:54] [154/324] SCPY
[00:42:54] [155/324] DTPY
[00:42:55] [156/324] GKCS
[00:42:56] [157/324] NCAM
[00:42:57] [158/324] BSRM
[00:42:58] [159/324] RCLC
[00:42:59] [160/324] SKKD
[00:43:00] [161/324] ACHU
[00:43:01] [162/324] RSCF
[00:43:01] [163/324] IMSH
[00:43:02] [164/324] MACX
[00:43:03] [165/324] HMMW
[00:43:04] [166/324] JTCP
[00:43:04] [167/324] SREN
[00:43:05] [168/324] PJRR
[00:43:07] [169/324] INAC
[00:43:08] [170/324] BMCA
[00:43:09] [171/324] SHCB
[00:43:10] [172/324] GABA
[00:43:10] [173/324] SBCT
[00:43:11] [174/324] GCMA
[00:43:12] [175/324] MYTK
[00:43:13] [176/324] INZS
[00:43:14] [177/324] RMIK
[00:43:15] [178/324] NYCH
[00:43:15] [179/324] RAVE
[00:43:17] [180/324] PSXM
[00:43:18] [181/324] MCGP
[00:43:19] [182/324] PDDK
[00:43:19] [183/324] SPCK
[00:43:20] [184/324] MCRL
[00:43:22] [185/324] MHKT
[00:43:23] [186/324] ANRR
[00:43:24] [187/324] SAPK
[00:43:25] [188/324] NCUK
[00:43:27] [189/324] JUGA
[00:43:29] [190/324] DBSC
[00:43:29] [191/324] LALK
[00:43:30] [192/324] GUCK
[00:43:31] [193/324] STSG
[00:43:32] [194/324] PPPZ
[00:43:33] [195/324] CNCY
[00:43:34] [196/324] MTAR
[00:43:35] [197/324] VNKD
[00:43:36] [198/324] KMAJ
[00:43:37] [199/324] ACXK
[00:43:38] [200/324] UTKC
[00:43:39] [201/324] PBLK
[00:43:40] [202/324] ACBX
[00:43:41] [203/324] PTGM
[00:43:42] [204/324] BTDA
[00:43:42] [205/324] PJMB
[00:43:43] [206/324] TPDA
[00:43:44] [207/324] AMOE
[00:43:45] [208/324] PRHT
[00:43:45] [209/324] PRTA
[00:43:47] [210/324] STAM
[00:43:48] [211/324] MSAA
[00:43:48] [212/324] SDLU
[00:43:49] [213/324] RCHH
[00:43:50] [214/324] KANT
[00:43:51] [215/324] FCRT
[00:43:52] [216/324] DNKM
[00:43:53] [217/324] RYCP
[00:43:54] [218/324] MYRP
[00:43:54] [219/324] PPAK
[00:43:55] [220/324] NVPK
[00:43:57] [221/324] PRMC
[00:43:58] [222/324] JBCS
[00:43:59] [223/324] GXCK
[00:44:00] [224/324] USKO
[00:44:02] [225/324] GTEM
[00:44:03] [226/324] SMBU
[00:44:04] [227/324] VETC
[00:44:04] [228/324] LCDA
[00:44:05] [229/324] MTVT
[00:44:06] [230/324] PYCP
[00:44:07] [231/324] PNSC
[00:44:08] [232/324] PPCC
[00:44:08] [233/324] TGRT
[00:44:10] [234/324] JYOT
[00:44:11] [235/324] SRCZ
[00:44:12] [236/324] SJTE
[00:44:13] [237/324] DESC
[00:44:13] [238/324] JHVN
[00:44:14] [239/324] IPSG
[00:44:15] [240/324] IPCM
[00:44:16] [241/324] PDRS
[00:44:17] [242/324] ANCV
[00:44:17] [243/324] CMVV
[00:44:18] [244/324] SHYP
[00:44:19] [245/324] DNCS
[00:44:20] [246/324] GAJK
[00:44:21] [247/324] AKTN
[00:44:23] [248/324] KAYA
[00:44:25] [249/324] SBRC
[00:44:25] [250/324] CHTP
[00:44:26] [251/324] SHRT
[00:44:27] [252/324] BCKU
[00:44:28] [253/324] FCPS
[00:44:29] [254/324] ARDD
[00:44:30] [255/324] CPCM
[00:44:30] [256/324] CGSM
[00:44:31] [257/324] PSMP
[00:44:32] [258/324] SDAL
[00:44:33] [259/324] RTNB
[00:44:34] [260/324] LMCR
[00:44:35] [261/324] CIMA
[00:44:36] [262/324] RNAS
[00:44:37] [263/324] LITH
[00:44:38] [264/324] PBOX
[00:44:39] [265/324] FRTS
[00:44:41] [266/324] RKIC
[00:44:41] [267/324] PTAI
[00:44:42] [268/324] GCIC
[00:44:43] [269/324] FNAS
[00:44:44] [270/324] SCAR
[00:44:45] [271/324] MTCA
[00:44:46] [272/324] SCTS
[00:44:46] [273/324] SYCS
[00:44:47] [274/324] RDMS
[00:44:48] [275/324] KAMP
[00:44:49] [276/324] ERSD
[00:44:50] [277/324] MJMJ
[00:44:51] [278/324] SRCJ
[00:44:52] [279/324] SCXE
[00:44:53] [280/324] SVFR
[00:44:54] [281/324] BHCS
[00:44:55] [282/324] IMCC
[00:44:56] [283/324] PCBO
[00:44:57] [284/324] PRVN
[00:44:58] [285/324] AUPM
[00:44:58] [286/324] INBW
[00:44:59] [287/324] SVCW
[00:45:01] [288/324] RKCF
[00:45:02] [289/324] UVBH
[00:45:03] [290/324] DNCY
[00:45:03] [291/324] ABCN
[00:45:04] [292/324] PRUR
[00:45:05] [293/324] PFMR
[00:45:06] [294/324] RKCN
[00:45:07] [295/324] CFEA
[00:45:08] [296/324] SDBG
[00:45:09] [297/324] SNAR
[00:45:10] [298/324] YISI
[00:45:11] [299/324] JCFF
[00:45:12] [300/324] VTRK
[00:45:13] [301/324] PCLZ
[00:45:14] [302/324] DIMY
[00:45:14] [303/324] BBTS
[00:45:15] [304/324] GATH
[00:45:16] [305/324] GTMN
[00:45:17] [306/324] VTMH
[00:45:18] [307/324] CCKP
[00:45:18] [308/324] GPKA
[00:45:19] [309/324] MHCL
[00:45:20] [310/324] ATCL
[00:45:21] [311/324] SBCK
[00:45:22] [312/324] AMMR
[00:45:23] [313/324] MADC
[00:45:24] [314/324] TMMA
[00:45:24] [315/324] CACC
[00:45:25] [316/324] CHAL
[00:45:26] [317/324] DURG
[00:45:27] [318/324] GMKU
[00:45:29] [319/324] GECA
[00:45:29] [320/324] KYRR
[00:45:30] [321/324] KSDE
[00:45:31] [322/324] LMCI
[00:45:32] [323/324] NKCP
[00:45:33] [324/324] BGTC
[00:45:35] ✅ DONE | Shows=2 | Movies=2
