[00:40:47] 🚀 BMS DAILY TRACKER STARTED
[00:40:47] [1/459] MCCZ
[00:40:47] 🧠 New identity
[00:40:48] [2/459] FRPU
[00:40:49] [3/459] SKSI
[00:40:50] [4/459] SSCK
[00:40:51] [5/459] SRDC
[00:40:53] [6/459] RSCZ
[00:40:54] [7/459] PRVT
[00:40:55] [8/459] GAGJ
[00:40:55] [9/459] SMHG
[00:40:56] [10/459] JTST
[00:40:57] [11/459] MYTH
[00:40:59] [12/459] JPCC
[00:41:00] [13/459] ACDC
[00:41:01] [14/459] SVFP
[00:41:02] [15/459] SFCM
[00:41:03] [16/459] RUPK
[00:41:04] [17/459] NTCR
[00:41:05] [18/459] RTCH
[00:41:06] [19/459] SCMH
[00:41:07] [20/459] SVYM
[00:41:08] [21/459] SPYM
[00:41:09] [22/459] SMMF
[00:41:09] [23/459] CLLB
[00:41:10] [24/459] FMCB
[00:41:11] [25/459] BBTC
[00:41:12] [26/459] NTHS
[00:41:14] [27/459] PKKJ
[00:41:15] [28/459] MTJA
[00:41:16] [29/459] PMSJ
[00:41:17] [30/459] JMJU
[00:41:18] [31/459] SRAD
[00:41:19] [32/459] MJMC
[00:41:20] [33/459] DFRM
[00:41:21] [34/459] PMRS
[00:41:23] [35/459] RKPP
[00:41:24] [36/459] BMBK
[00:41:24] [37/459] NEWS
[00:41:25] [38/459] SALB
[00:41:26] [39/459] SCPW
[00:41:27] [40/459] RAYL
[00:41:28] [41/459] CMGJ
[00:41:29] [42/459] JRCR
[00:41:30] [43/459] SRTB
[00:41:31] [44/459] ETPB
[00:41:32] [45/459] MXBN
[00:41:33] [46/459] TOPE
[00:41:33] [47/459] SNLJ
[00:41:34] [48/459] CDDP
[00:41:35] [49/459] APCX
[00:41:36] [50/459] TALP
[00:41:37] [51/459] RRMP
[00:41:38] [52/459] MAHB
[00:41:38] [53/459] MTKR
[00:41:39] [54/459] KSKL
[00:41:40] [55/459] RJLT
[00:41:41] [56/459] ATAS
[00:41:42] [57/459] AMHR
[00:41:43] [58/459] RSRM
[00:41:44] [59/459] GCAT
[00:41:45] [60/459] SMML
[00:41:46] [61/459] ACCD
[00:41:47] [62/459] VYDA
[00:41:48] [63/459] MSKT
[00:41:48] [64/459] AVDM
[00:41:49] [65/459] ASMH
[00:41:50] [66/459] VTMB
[00:41:52] [67/459] WVMB
[00:41:53] [68/459] PPMN
[00:41:54] [69/459] MTMD
[00:41:55] [70/459] SMMO
[00:41:56] [71/459] DLPB
[00:41:57] [72/459] AKMD
[00:41:57] [73/459] SHRR
[00:41:58] [74/459] ASCO
[00:41:59] [75/459] CZVX
[00:42:01] [76/459] GCBB
[00:42:01] [77/459] ATBM
[00:42:02] [78/459] TCGM
[00:42:03] [79/459] UMSE
[00:42:04] [80/459] NKCL
[00:42:05] [81/459] BTLR
[00:42:07] [82/459] GOCL
[00:42:07] [83/459] MIRN
[00:42:08] [84/459] THEC
[00:42:09] [85/459] SPPB
[00:42:10] [86/459] PMMM
[00:42:11] [87/459] GGMC
[00:42:12] [88/459] AVSR
[00:42:12] [89/459] RDMH
[00:42:13] [90/459] JSRS
[00:42:14] [91/459] VKGP
[00:42:15] [92/459] ACRT
[00:42:16] [93/459] GCBA
[00:42:17] [94/459] GTCP
[00:42:19] [95/459] AKFC
[00:42:20] [96/459] INCS
[00:42:20] [97/459] SMCK
[00:42:21] [98/459] BRUN
[00:42:22] [99/459] RPPC
[00:42:23] [100/459] PAYD
[00:42:24] [101/459] SVVT
[00:42:25] [102/459] RNCC
[00:42:25] [103/459] PCRC
[00:42:26] [104/459] PMRM
[00:42:28] [105/459] CCRP
[00:42:29] [106/459] INCR
[00:42:29] [107/459] ZTMP
[00:42:30] [108/459] MCNR
[00:42:32] [109/459] INRP
[00:42:33] [110/459] STRC
[00:42:33] [111/459] RATI
[00:42:34] [112/459] PBTR
[00:42:35] [113/459] CMHP
[00:42:36] [114/459] ZECJ
[00:42:37] [115/459] CCCB
[00:42:38] [116/459] BWCB
[00:42:40] [117/459] CCAT
[00:42:41] [118/459] KGCM
[00:42:43] [119/459] INPT
[00:42:44] [120/459] FNCO
[00:42:45] [121/459] SRMJ
[00:42:46] [122/459] PFSC
[00:42:47] [123/459] PBMC
[00:42:48] [124/459] KARP
[00:42:48] [125/459] KOVI
[00:42:49] [126/459] ACXL
[00:42:50] [127/459] GKCC
[00:42:51] [128/459] ASCC
[00:42:52] [129/459] SETC
[00:42:53] [130/459] KACC
[00:42:54] [131/459] KAVE
[00:42:56] [132/459] CNTC
[00:42:56] [133/459] MEEN
[00:42:57] [134/459] BMRV
[00:42:58] [135/459] SVAM
[00:43:00] [136/459] VTBP
[00:43:00] [137/459] VCKN
[00:43:01] [138/459] SGTK
[00:43:03] [139/459] RCGS
[00:43:04] [140/459] RCCB
[00:43:04] [141/459] RKSR
[00:43:05] [142/459] RKCU
[00:43:06] [143/459] GIBH
[00:43:07] [144/459] CXBS
[00:43:08] [145/459] GGCB
[00:43:09] [146/459] SCPB
[00:43:10] [147/459] AKTB
[00:43:11] [148/459] SRBU
[00:43:11] [149/459] CSSA
[00:43:12] [150/459] MYAN
[00:43:13] [151/459] EXCA
[00:43:14] [152/459] CKSA
[00:43:14] [153/459] JTNM
[00:43:15] [154/459] CXKT
[00:43:16] [155/459] NCLM
[00:43:17] [156/459] JAAD
[00:43:18] [157/459] RDCR
[00:43:19] [158/459] MEER
[00:43:20] [159/459] SIBT
[00:43:20] [160/459] PVVB
[00:43:21] [161/459] FNPN
[00:43:22] [162/459] CRPX
[00:43:23] [163/459] STET
[00:43:24] [164/459] METE
[00:43:25] [165/459] BJML
[00:43:26] [166/459] MAVT
[00:43:27] [167/459] MSRM
[00:43:27] [168/459] TJMP
[00:43:28] [169/459] MHCK
[00:43:29] [170/459] SVGP
[00:43:30] [171/459] KRRC
[00:43:31] [172/459] IMCH
[00:43:32] [173/459] CMCS
[00:43:33] [174/459] SGND
[00:43:34] [175/459] RNAT
[00:43:35] [176/459] PRTN
[00:43:35] [177/459] MPTN
[00:43:36] [178/459] ARCC
[00:43:37] [179/459] NTTE
[00:43:38] [180/459] ABND
[00:43:39] [181/459] KCSN
[00:43:40] [182/459] KCSA
[00:43:41] [183/459] DCKT
[00:43:41] [184/459] MBBR
[00:43:42] [185/459] RAMU
[00:43:44] [186/459] RACW
[00:43:45] [187/459] MCHP
[00:43:47] [188/459] TMHM
[00:43:47] [189/459] STXH
[00:43:48] [190/459] AGSG
[00:43:49] [191/459] SIRA
[00:43:50] [192/459] RCAN
[00:43:51] [193/459] CWTB
[00:43:52] [194/459] VTYM
[00:43:53] [195/459] RRPP
[00:43:53] [196/459] ASMR
[00:43:55] [197/459] RONO
[00:43:56] [198/459] MEMR
[00:43:58] [199/459] CTMR
[00:43:59] [200/459] PMTT
[00:44:00] [201/459] PSLX
[00:44:01] [202/459] IPPL
[00:44:02] [203/459] MMSG
[00:44:03] [204/459] INEL
[00:44:04] [205/459] COAC
[00:44:05] [206/459] WVLK
[00:44:06] [207/459] PPXL
[00:44:08] [208/459] PSML
[00:44:09] [209/459] FNLK
[00:44:10] [210/459] ILUM
[00:44:11] [211/459] ILCM
[00:44:12] [212/459] MSNL
[00:44:13] [213/459] VINB
[00:44:14] [214/459] SALW
[00:44:14] [215/459] PRTB
[00:44:15] [216/459] NCIL
[00:44:16] [217/459] PSUL
[00:44:17] [218/459] SCLK
[00:44:17] [219/459] ADDC
[00:44:19] [220/459] OACL
[00:44:20] [221/459] OOCF
[00:44:21] [222/459] GPMF
[00:44:22] [223/459] SSDG
[00:44:22] [224/459] SKRS
[00:44:23] [225/459] NTTP
[00:44:24] [226/459] SLTP
[00:44:25] [227/459] JTLC
[00:44:26] [228/459] POON
[00:44:26] [229/459] CCPC
[00:44:27] [230/459] DCKC
[00:44:28] [231/459] CPRT
[00:44:29] [232/459] EYHZ
[00:44:30] [233/459] ARBL
[00:44:30] [234/459] SBTB
[00:44:31] [235/459] MMCK
[00:44:32] [236/459] PLMR
[00:44:33] [237/459] BIJH
[00:44:34] [238/459] SDRT
[00:44:35] [239/459] PRDC
[00:44:35] [240/459] OMJA
[00:44:36] [241/459] VKCR
[00:44:37] [242/459] ATRT
[00:44:38] [243/459] WVRP
[00:44:39] [244/459] MVRP
[00:44:39] [245/459] FCAX
[00:44:40] [246/459] CTLC
[00:44:41] [247/459] JCHB
[00:44:42] [248/459] SELP
[00:44:43] [249/459] VCPG
[00:44:45] [250/459] ASCX
[00:44:46] [251/459] EOCS
[00:44:47] [252/459] RCPH
[00:44:47] [253/459] RJTM
[00:44:48] [254/459] SGMD
[00:44:49] [255/459] SVJT
[00:44:50] [256/459] SPPO
[00:44:51] [257/459] MNRL
[00:44:51] [258/459] KNOX
[00:44:52] [259/459] GIER
[00:44:53] [260/459] PJMS
[00:44:55] [261/459] UNSP
[00:44:57] [262/459] JETP
[00:44:58] [263/459] VTWA
[00:44:58] [264/459] SCJI
[00:44:59] [265/459] CBZZ
[00:45:00] [266/459] SDCJ
[00:45:01] [267/459] RRCC
[00:45:02] [268/459] VNKG
[00:45:03] [269/459] LKTO
[00:45:05] [270/459] PJRM
[00:45:05] [271/459] NVRM
[00:45:06] [272/459] SJCS
[00:45:07] [273/459] VIGK
[00:45:09] [274/459] ANST
[00:45:10] [275/459] JTTS
[00:45:12] [276/459] NTST
[00:45:13] [277/459] PREB
[00:45:14] [278/459] TSCZ
[00:45:15] [279/459] CDCM
[00:45:16] [280/459] ELYE
[00:45:17] [281/459] INBS
[00:45:18] [282/459] SMGC
[00:45:19] [283/459] UTMP
[00:45:19] [284/459] INTA
[00:45:20] [285/459] OMPT
[00:45:21] [286/459] SCIR
[00:45:22] [287/459] GCKJ
[00:45:22] [288/459] INOG
[00:45:23] [289/459] SMGB
[00:45:24] [290/459] MCSG
[00:45:25] [291/459] STKG
[00:45:27] [292/459] TTKG
[00:45:27] [293/459] SRTR
[00:45:28] [294/459] ETTR
[00:45:29] [295/459] GGGZ
[00:45:30] [296/459] IPGM
[00:45:32] [297/459] FCDH
[00:45:33] [298/459] DESB
[00:45:34] [299/459] VNTP
[00:45:35] [300/459] ANNT
[00:45:35] [301/459] SLTI
[00:45:36] [302/459] MAJU
[00:45:38] [303/459] JCXP
[00:45:39] [304/459] HARK
[00:45:40] [305/459] JPCJ
[00:45:41] [306/459] RXBD
[00:45:42] [307/459] PTKJ
[00:45:43] [308/459] CMTU
[00:45:44] [309/459] SWOR
[00:45:45] [310/459] JMEX
[00:45:46] [311/459] DTPT
[00:45:47] [312/459] VGMM
[00:45:48] [313/459] VCSG
[00:45:48] [314/459] CVCG
[00:45:49] [315/459] TNTT
[00:45:50] [316/459] SHRM
[00:45:51] [317/459] CGKD
[00:45:52] [318/459] EKCM
[00:45:52] [319/459] SDCX
[00:45:53] [320/459] SBTE
[00:45:54] [321/459] STKJ
[00:45:55] [322/459] TPCE
[00:45:57] [323/459] JTNP
[00:45:58] [324/459] LPCH
[00:45:59] [325/459] CPUO
[00:46:00] [326/459] APSU
[00:46:01] [327/459] RTHC
[00:46:02] [328/459] PTBU
[00:46:03] [329/459] CUCC
[00:46:04] [330/459] CPSA
[00:46:05] [331/459] SUAY
[00:46:06] [332/459] AYAA
[00:46:07] [333/459] MUCH
[00:46:08] [334/459] PCIN
[00:46:08] [335/459] JRRM
[00:46:09] [336/459] KATS
[00:46:10] [337/459] MHFF
[00:46:12] [338/459] ESYM
[00:46:13] [339/459] STYV
[00:46:14] [340/459] SDKG
[00:46:14] [341/459] SMTI
[00:46:15] [342/459] NYCS
[00:46:16] [343/459] MTBG
[00:46:17] [344/459] RHCA
[00:46:18] [345/459] PCKH
[00:46:18] [346/459] ARCR
[00:46:19] [347/459] NCMB
[00:46:20] [348/459] SHYC
[00:46:21] [349/459] LACK
[00:46:23] [350/459] MTCM
[00:46:24] [351/459] RRBN
[00:46:25] [352/459] MYDC
[00:46:25] [353/459] STCS
[00:46:26] [354/459] CONN
[00:46:27] [355/459] SIPS
[00:46:28] [356/459] SMMX
[00:46:29] [357/459] SCBY
[00:46:30] [358/459] SUAP
[00:46:31] [359/459] RSMK
[00:46:32] [360/459] STKP
[00:46:33] [361/459] CIPC
[00:46:33] [362/459] KKCI
[00:46:34] [363/459] CTNK
[00:46:35] [364/459] MMTZ
[00:46:35] [365/459] DCCO
[00:46:36] [366/459] VNMN
[00:46:37] [367/459] RLCN
[00:46:39] [368/459] CMMS
[00:46:40] [369/459] AYOU
[00:46:40] [370/459] SSCN
[00:46:42] [371/459] SMXN
[00:46:43] [372/459] ASSK
[00:46:43] [373/459] VCKM
[00:46:44] [374/459] PCPH
[00:46:45] [375/459] PADM
[00:46:46] [376/459] IESA
[00:46:47] [377/459] VCSP
[00:46:48] [378/459] AEST
[00:46:49] [379/459] VTNR
[00:46:50] [380/459] GTTA
[00:46:51] [381/459] CMMM
[00:46:52] [382/459] AHKT
[00:46:53] [383/459] SIJI
[00:46:54] [384/459] VCEI
[00:46:55] [385/459] SAKR
[00:46:56] [386/459] VSMT
[00:46:57] [387/459] SSCT
[00:46:59] [388/459] USTR
[00:46:59] [389/459] MTKT
[00:47:00] [390/459] TGMP
[00:47:01] [391/459] SIVC
[00:47:02] [392/459] KICT
[00:47:03] [393/459] DAMD
[00:47:03] [394/459] CNPT
[00:47:04] [395/459] RVTT
[00:47:05] [396/459] SNCM
[00:47:06] [397/459] GHTE
[00:47:07] [398/459] PPAM
[00:47:07] [399/459] PVAA
[00:47:08] [400/459] CPAO
[00:47:09] [401/459] HAMD
[00:47:10] [402/459] RCCA
[00:47:11] [403/459] MPCH
[00:47:12] [404/459] ARED
[00:47:13] [405/459] RRCV
[00:47:13] [406/459] MTRB
[00:47:15] [407/459] CKUA
[00:47:16] [408/459] ABMP
[00:47:17] [409/459] RCWA
[00:47:18] [410/459] CGAR
[00:47:19] [411/459] METH
[00:47:20] [412/459] WAGA
[00:47:21] [413/459] MCMA
[00:47:22] [414/459] CSMP
[00:47:23] [415/459] RCNK
[00:47:24] [416/459] PSTM
[00:47:25] [417/459] CSEP
[00:47:25] [418/459] AMGD
[00:47:26] [419/459] CSTE
[00:47:27] [420/459] CONS
[00:47:28] [421/459] APPX
[00:47:29] [422/459] MABC
[00:47:30] [423/459] CXST
[00:47:31] [424/459] MATN
[00:47:32] [425/459] MACZ
[00:47:33] [426/459] MASA
[00:47:34] [427/459] MBSX
[00:47:35] [428/459] CSST
[00:47:37] [429/459] APCL
[00:47:38] [430/459] CGOS
[00:47:39] [431/459] CPEC
[00:47:39] [432/459] MCCP
[00:47:41] [433/459] BSSO
[00:47:41] [434/459] SJKA
[00:47:42] [435/459] CGBO
[00:47:43] [436/459] MVSK
[00:47:44] [437/459] HVCA
[00:47:44] [438/459] NAMD
[00:47:45] [439/459] DEVI
[00:47:46] [440/459] SCSV
[00:47:48] [441/459] PSMA
[00:47:48] [442/459] CLDJ
[00:47:49] [443/459] NMAD
[00:47:51] [444/459] CGMO
[00:47:52] [445/459] MCNA
[00:47:53] [446/459] OCBN
[00:47:54] [447/459] CPEM
[00:47:55] [448/459] CPSM
[00:47:56] [449/459] RCAD
[00:47:57] [450/459] CPMU
[00:47:58] [451/459] DICD
[00:47:59] [452/459] CHOE
[00:47:59] [453/459] PDJM
[00:48:00] [454/459] SSTU
[00:48:01] [455/459] VNRN
[00:48:02] [456/459] PVLG
[00:48:03] [457/459] SWBL
[00:48:04] [458/459] SCAB
[00:48:05] [459/459] RDDA
[00:48:06] ✅ DONE | Shows=2 | Movies=2
[01:44:23] 🚀 BMS DAILY TRACKER STARTED
[01:44:23] [1/459] MCCZ
[01:44:23] 🧠 New identity
[01:44:24] [2/459] FRPU
[01:44:25] [3/459] SKSI
[01:44:26] [4/459] SSCK
[01:44:27] [5/459] SRDC
[01:44:27] [6/459] RSCZ
[01:44:28] [7/459] PRVT
[01:44:29] [8/459] GAGJ
[01:44:30] [9/459] SMHG
[01:44:30] [10/459] JTST
[01:44:31] [11/459] MYTH
[01:44:32] [12/459] JPCC
[01:44:33] [13/459] ACDC
[01:44:34] [14/459] SVFP
[01:44:35] [15/459] SFCM
[01:44:35] [16/459] RUPK
[01:44:37] [17/459] NTCR
[01:44:38] [18/459] RTCH
[01:44:38] [19/459] SCMH
[01:44:40] [20/459] SVYM
[01:44:42] [21/459] SPYM
[01:44:43] [22/459] SMMF
[01:44:43] [23/459] CLLB
[01:44:44] [24/459] FMCB
[01:44:45] [25/459] BBTC
[01:44:46] [26/459] NTHS
[01:44:47] [27/459] PKKJ
[01:44:48] [28/459] MTJA
[01:44:49] [29/459] PMSJ
[01:44:50] [30/459] JMJU
[01:44:51] [31/459] SRAD
[01:44:52] [32/459] MJMC
[01:44:53] [33/459] DFRM
[01:44:54] [34/459] PMRS
[01:44:55] [35/459] RKPP
[01:44:56] [36/459] BMBK
[01:44:58] [37/459] NEWS
[01:44:59] [38/459] SALB
[01:45:00] [39/459] SCPW
[01:45:01] [40/459] RAYL
[01:45:02] [41/459] CMGJ
[01:45:03] [42/459] JRCR
[01:45:04] [43/459] SRTB
[01:45:04] [44/459] ETPB
[01:45:05] [45/459] MXBN
[01:45:06] [46/459] TOPE
[01:45:07] [47/459] SNLJ
[01:45:08] [48/459] CDDP
[01:45:08] [49/459] APCX
[01:45:09] [50/459] TALP
[01:45:10] [51/459] RRMP
[01:45:12] [52/459] MAHB
[01:45:13] [53/459] MTKR
[01:45:13] [54/459] KSKL
[01:45:14] [55/459] RJLT
[01:45:15] [56/459] ATAS
[01:45:16] [57/459] AMHR
[01:45:16] [58/459] RSRM
[01:45:17] [59/459] GCAT
[01:45:19] [60/459] SMML
[01:45:20] [61/459] ACCD
[01:45:21] [62/459] VYDA
[01:45:22] [63/459] MSKT
[01:45:24] [64/459] AVDM
[01:45:25] [65/459] ASMH
[01:45:26] [66/459] VTMB
[01:45:27] [67/459] WVMB
[01:45:27] [68/459] PPMN
[01:45:29] [69/459] MTMD
[01:45:30] [70/459] SMMO
[01:45:31] [71/459] DLPB
[01:45:32] [72/459] AKMD
[01:45:33] [73/459] SHRR
[01:45:34] [74/459] ASCO
[01:45:35] [75/459] CZVX
[01:45:37] [76/459] GCBB
[01:45:38] [77/459] ATBM
[01:45:39] [78/459] TCGM
[01:45:40] [79/459] UMSE
[01:45:41] [80/459] NKCL
[01:45:42] [81/459] BTLR
[01:45:43] [82/459] GOCL
[01:45:44] [83/459] MIRN
[01:45:45] [84/459] THEC
[01:45:46] [85/459] SPPB
[01:45:48] [86/459] PMMM
[01:45:49] [87/459] GGMC
[01:45:50] [88/459] AVSR
[01:45:50] [89/459] RDMH
[01:45:51] [90/459] JSRS
[01:45:52] [91/459] VKGP
[01:45:52] [92/459] ACRT
[01:45:53] [93/459] GCBA
[01:45:54] [94/459] GTCP
[01:45:55] [95/459] AKFC
[01:45:56] [96/459] INCS
[01:45:57] [97/459] SMCK
[01:45:59] [98/459] BRUN
[01:46:00] [99/459] RPPC
[01:46:01] [100/459] PAYD
[01:46:03] [101/459] SVVT
[01:46:03] [102/459] RNCC
[01:46:05] [103/459] PCRC
[01:46:06] [104/459] PMRM
[01:46:07] [105/459] CCRP
[01:46:07] [106/459] INCR
[01:46:08] [107/459] ZTMP
[01:46:09] [108/459] MCNR
[01:46:10] [109/459] INRP
[01:46:11] [110/459] STRC
[01:46:11] [111/459] RATI
[01:46:12] [112/459] PBTR
[01:46:13] [113/459] CMHP
[01:46:14] [114/459] ZECJ
[01:46:15] [115/459] CCCB
[01:46:16] [116/459] BWCB
[01:46:17] [117/459] CCAT
[01:46:18] [118/459] KGCM
[01:46:19] [119/459] INPT
[01:46:20] [120/459] FNCO
[01:46:20] [121/459] SRMJ
[01:46:21] [122/459] PFSC
[01:46:23] [123/459] PBMC
[01:46:24] [124/459] KARP
[01:46:25] [125/459] KOVI
[01:46:26] [126/459] ACXL
[01:46:26] [127/459] GKCC
[01:46:27] [128/459] ASCC
[01:46:28] [129/459] SETC
[01:46:30] [130/459] KACC
[01:46:30] [131/459] KAVE
[01:46:31] [132/459] CNTC
[01:46:33] [133/459] MEEN
[01:46:34] [134/459] BMRV
[01:46:36] [135/459] SVAM
[01:46:37] [136/459] VTBP
[01:46:37] [137/459] VCKN
[01:46:39] [138/459] SGTK
[01:46:41] [139/459] RCGS
[01:46:42] [140/459] RCCB
[01:46:43] [141/459] RKSR
[01:46:44] [142/459] RKCU
[01:46:44] [143/459] GIBH
[01:46:45] [144/459] CXBS
[01:46:46] [145/459] GGCB
[01:46:47] [146/459] SCPB
[01:46:48] [147/459] AKTB
[01:46:49] [148/459] SRBU
[01:46:50] [149/459] CSSA
[01:46:51] [150/459] MYAN
[01:46:51] [151/459] EXCA
[01:46:52] [152/459] CKSA
[01:46:53] [153/459] JTNM
[01:46:55] [154/459] CXKT
[01:46:55] [155/459] NCLM
[01:46:56] [156/459] JAAD
[01:46:57] [157/459] RDCR
[01:46:58] [158/459] MEER
[01:46:59] [159/459] SIBT
[01:46:59] [160/459] PVVB
[01:47:00] [161/459] FNPN
[01:47:01] [162/459] CRPX
[01:47:02] [163/459] STET
[01:47:03] [164/459] METE
[01:47:04] [165/459] BJML
[01:47:04] [166/459] MAVT
[01:47:05] [167/459] MSRM
[01:47:06] [168/459] TJMP
[01:47:07] [169/459] MHCK
[01:47:08] [170/459] SVGP
[01:47:09] [171/459] KRRC
[01:47:11] [172/459] IMCH
[01:47:12] [173/459] CMCS
[01:47:13] [174/459] SGND
[01:47:14] [175/459] RNAT
[01:47:14] [176/459] PRTN
[01:47:15] [177/459] MPTN
[01:47:16] [178/459] ARCC
[01:47:18] [179/459] NTTE
[01:47:18] [180/459] ABND
[01:47:19] [181/459] KCSN
[01:47:20] [182/459] KCSA
[01:47:22] [183/459] DCKT
[01:47:22] [184/459] MBBR
[01:47:24] [185/459] RAMU
[01:47:26] [186/459] RACW
[01:47:27] [187/459] MCHP
[01:47:28] [188/459] TMHM
[01:47:29] [189/459] STXH
[01:47:30] [190/459] AGSG
[01:47:32] [191/459] SIRA
[01:47:33] [192/459] RCAN
[01:47:34] [193/459] CWTB
[01:47:35] [194/459] VTYM
[01:47:36] [195/459] RRPP
[01:47:37] [196/459] ASMR
[01:47:37] [197/459] RONO
[01:47:38] [198/459] MEMR
[01:47:39] [199/459] CTMR
[01:47:40] [200/459] PMTT
[01:47:41] [201/459] PSLX
[01:47:42] [202/459] IPPL
[01:47:43] [203/459] MMSG
[01:47:44] [204/459] INEL
[01:47:45] [205/459] COAC
[01:47:46] [206/459] WVLK
[01:47:47] [207/459] PPXL
[01:47:47] [208/459] PSML
[01:47:48] [209/459] FNLK
[01:47:49] [210/459] ILUM
[01:47:50] [211/459] ILCM
[01:47:51] [212/459] MSNL
[01:47:52] [213/459] VINB
[01:47:52] [214/459] SALW
[01:47:53] [215/459] PRTB
[01:47:54] [216/459] NCIL
[01:47:55] [217/459] PSUL
[01:47:56] [218/459] SCLK
[01:47:57] [219/459] ADDC
[01:47:57] [220/459] OACL
[01:47:58] [221/459] OOCF
[01:47:59] [222/459] GPMF
[01:48:00] [223/459] SSDG
[01:48:01] [224/459] SKRS
[01:48:01] [225/459] NTTP
[01:48:02] [226/459] SLTP
[01:48:03] [227/459] JTLC
[01:48:04] [228/459] POON
[01:48:05] [229/459] CCPC
[01:48:06] [230/459] DCKC
[01:48:07] [231/459] CPRT
[01:48:08] [232/459] EYHZ
[01:48:09] [233/459] ARBL
[01:48:10] [234/459] SBTB
[01:48:10] [235/459] MMCK
[01:48:11] [236/459] PLMR
[01:48:12] [237/459] BIJH
[01:48:13] [238/459] SDRT
[01:48:14] [239/459] PRDC
[01:48:15] [240/459] OMJA
[01:48:16] [241/459] VKCR
[01:48:16] [242/459] ATRT
[01:48:17] [243/459] WVRP
[01:48:18] [244/459] MVRP
[01:48:19] [245/459] FCAX
[01:48:20] [246/459] CTLC
[01:48:20] [247/459] JCHB
[01:48:21] [248/459] SELP
[01:48:22] [249/459] VCPG
[01:48:22] [250/459] ASCX
[01:48:23] [251/459] EOCS
[01:48:24] [252/459] RCPH
[01:48:26] [253/459] RJTM
[01:48:27] [254/459] SGMD
[01:48:28] [255/459] SVJT
[01:48:29] [256/459] SPPO
[01:48:29] [257/459] MNRL
[01:48:31] [258/459] KNOX
[01:48:32] [259/459] GIER
[01:48:32] [260/459] PJMS
[01:48:34] [261/459] UNSP
[01:48:35] [262/459] JETP
[01:48:35] [263/459] VTWA
[01:48:37] [264/459] SCJI
[01:48:38] [265/459] CBZZ
[01:48:40] [266/459] SDCJ
[01:48:41] [267/459] RRCC
[01:48:41] [268/459] VNKG
[01:48:42] [269/459] LKTO
[01:48:43] [270/459] PJRM
[01:48:44] [271/459] NVRM
[01:48:45] [272/459] SJCS
[01:48:46] [273/459] VIGK
[01:48:47] [274/459] ANST
[01:48:47] [275/459] JTTS
[01:48:48] [276/459] NTST
[01:48:49] [277/459] PREB
[01:48:51] [278/459] TSCZ
[01:48:51] [279/459] CDCM
[01:48:52] [280/459] ELYE
[01:48:53] [281/459] INBS
[01:48:53] [282/459] SMGC
[01:48:54] [283/459] UTMP
[01:48:55] [284/459] INTA
[01:48:57] [285/459] OMPT
[01:48:58] [286/459] SCIR
[01:48:59] [287/459] GCKJ
[01:49:00] [288/459] INOG
[01:49:01] [289/459] SMGB
[01:49:02] [290/459] MCSG
[01:49:04] [291/459] STKG
[01:49:04] [292/459] TTKG
[01:49:05] [293/459] SRTR
[01:49:06] [294/459] ETTR
[01:49:07] [295/459] GGGZ
[01:49:08] [296/459] IPGM
[01:49:08] [297/459] FCDH
[01:49:09] [298/459] DESB
[01:49:10] [299/459] VNTP
[01:49:11] [300/459] ANNT
[01:49:12] [301/459] SLTI
[01:49:12] [302/459] MAJU
[01:49:13] [303/459] JCXP
[01:49:14] [304/459] HARK
[01:49:15] [305/459] JPCJ
[01:49:16] [306/459] RXBD
[01:49:17] [307/459] PTKJ
[01:49:18] [308/459] CMTU
[01:49:20] [309/459] SWOR
[01:49:20] [310/459] JMEX
[01:49:21] [311/459] DTPT
[01:49:22] [312/459] VGMM
[01:49:22] [313/459] VCSG
[01:49:23] [314/459] CVCG
[01:49:24] [315/459] TNTT
[01:49:25] [316/459] SHRM
[01:49:26] [317/459] CGKD
[01:49:27] [318/459] EKCM
[01:49:27] [319/459] SDCX
[01:49:28] [320/459] SBTE
[01:49:29] [321/459] STKJ
[01:49:30] [322/459] TPCE
[01:49:31] [323/459] JTNP
[01:49:31] [324/459] LPCH
[01:49:32] [325/459] CPUO
[01:49:33] [326/459] APSU
[01:49:34] [327/459] RTHC
[01:49:35] [328/459] PTBU
[01:49:36] [329/459] CUCC
[01:49:37] [330/459] CPSA
[01:49:38] [331/459] SUAY
[01:49:38] [332/459] AYAA
[01:49:39] [333/459] MUCH
[01:49:40] [334/459] PCIN
[01:49:40] [335/459] JRRM
[01:49:41] [336/459] KATS
[01:49:42] [337/459] MHFF
[01:49:43] [338/459] ESYM
[01:49:44] [339/459] STYV
[01:49:44] [340/459] SDKG
[01:49:45] [341/459] SMTI
[01:49:46] [342/459] NYCS
[01:49:47] [343/459] MTBG
[01:49:48] [344/459] RHCA
[01:49:48] [345/459] PCKH
[01:49:49] [346/459] ARCR
[01:49:50] [347/459] NCMB
[01:49:52] [348/459] SHYC
[01:49:53] [349/459] LACK
[01:49:54] [350/459] MTCM
[01:49:55] [351/459] RRBN
[01:49:57] [352/459] MYDC
[01:49:58] [353/459] STCS
[01:49:59] [354/459] CONN
[01:50:00] [355/459] SIPS
[01:50:01] [356/459] SMMX
[01:50:01] [357/459] SCBY
[01:50:03] [358/459] SUAP
[01:50:04] [359/459] RSMK
[01:50:05] [360/459] STKP
[01:50:05] [361/459] CIPC
[01:50:06] [362/459] KKCI
[01:50:07] [363/459] CTNK
[01:50:08] [364/459] MMTZ
[01:50:09] [365/459] DCCO
[01:50:10] [366/459] VNMN
[01:50:11] [367/459] RLCN
[01:50:12] [368/459] CMMS
[01:50:13] [369/459] AYOU
[01:50:14] [370/459] SSCN
[01:50:15] [371/459] SMXN
[01:50:16] [372/459] ASSK
[01:50:16] [373/459] VCKM
[01:50:17] [374/459] PCPH
[01:50:18] [375/459] PADM
[01:50:19] [376/459] IESA
[01:50:19] [377/459] VCSP
[01:50:20] [378/459] AEST
[01:50:22] [379/459] VTNR
[01:50:23] [380/459] GTTA
[01:50:24] [381/459] CMMM
[01:50:25] [382/459] AHKT
[01:50:25] [383/459] SIJI
[01:50:26] [384/459] VCEI
[01:50:27] [385/459] SAKR
[01:50:28] [386/459] VSMT
[01:50:29] [387/459] SSCT
[01:50:30] [388/459] USTR
[01:50:31] [389/459] MTKT
[01:50:32] [390/459] TGMP
[01:50:33] [391/459] SIVC
[01:50:34] [392/459] KICT
[01:50:35] [393/459] DAMD
[01:50:36] [394/459] CNPT
[01:50:37] [395/459] RVTT
[01:50:38] [396/459] SNCM
[01:50:39] [397/459] GHTE
[01:50:39] [398/459] PPAM
[01:50:41] [399/459] PVAA
[01:50:42] [400/459] CPAO
[01:50:43] [401/459] HAMD
[01:50:44] [402/459] RCCA
[01:50:45] [403/459] MPCH
[01:50:45] [404/459] ARED
[01:50:46] [405/459] RRCV
[01:50:47] [406/459] MTRB
[01:50:49] [407/459] CKUA
[01:50:49] [408/459] ABMP
[01:50:50] [409/459] RCWA
[01:50:52] [410/459] CGAR
[01:50:53] [411/459] METH
[01:50:54] [412/459] WAGA
[01:50:55] [413/459] MCMA
[01:50:56] [414/459] CSMP
[01:50:58] [415/459] RCNK
[01:50:59] [416/459] PSTM
[01:51:00] [417/459] CSEP
[01:51:00] [418/459] AMGD
[01:51:02] [419/459] CSTE
[01:51:03] [420/459] CONS
[01:51:04] [421/459] APPX
[01:51:05] [422/459] MABC
[01:51:05] [423/459] CXST
[01:51:06] [424/459] MATN
[01:51:07] [425/459] MACZ
[01:51:08] [426/459] MASA
[01:51:10] [427/459] MBSX
[01:51:11] [428/459] CSST
[01:51:12] [429/459] APCL
[01:51:13] [430/459] CGOS
[01:51:14] [431/459] CPEC
[01:51:15] [432/459] MCCP
[01:51:16] [433/459] BSSO
[01:51:17] [434/459] SJKA
[01:51:18] [435/459] CGBO
[01:51:19] [436/459] MVSK
[01:51:21] [437/459] HVCA
[01:51:22] [438/459] NAMD
[01:51:23] [439/459] DEVI
[01:51:24] [440/459] SCSV
[01:51:25] [441/459] PSMA
[01:51:27] [442/459] CLDJ
[01:51:28] [443/459] NMAD
[01:51:28] [444/459] CGMO
[01:51:29] [445/459] MCNA
[01:51:30] [446/459] OCBN
[01:51:31] [447/459] CPEM
[01:51:32] [448/459] CPSM
[01:51:33] [449/459] RCAD
[01:51:34] [450/459] CPMU
[01:51:35] [451/459] DICD
[01:51:35] [452/459] CHOE
[01:51:36] [453/459] PDJM
[01:51:38] [454/459] SSTU
[01:51:39] [455/459] VNRN
[01:51:39] [456/459] PVLG
[01:51:41] [457/459] SWBL
[01:51:42] [458/459] SCAB
[01:51:43] [459/459] RDDA
[01:51:44] ✅ DONE | Shows=2 | Movies=2
