[00:40:17] 🚀 BMS DAILY TRACKER STARTED
[00:40:17] [1/296] CDCA
[00:40:17] 🧠 New identity
[00:40:18] [2/296] MNSR
[00:40:19] [3/296] CSSL
[00:40:20] [4/296] BGGM
[00:40:21] [5/296] MANT
[00:40:23] [6/296] SOOY
[00:40:23] [7/296] VPPK
[00:40:24] [8/296] MYHJ
[00:40:26] [9/296] KSCK
[00:40:26] [10/296] KATK
[00:40:28] [11/296] RTRT
[00:40:29] [12/296] SSTT
[00:40:30] [13/296] SSTV
[00:40:32] [14/296] LACM
[00:40:33] [15/296] SGMG
[00:40:34] [16/296] KACX
[00:40:34] [17/296] GVCP
[00:40:35] [18/296] CSNC
[00:40:36] [19/296] SXCB
[00:40:37] [20/296] BAHS
[00:40:38] [21/296] PCBI
[00:40:39] [22/296] PSSM
[00:40:40] [23/296] RCOK
[00:40:40] [24/296] SCPF
[00:40:41] [25/296] SSAS
[00:40:42] [26/296] EVMM
[00:40:43] [27/296] SYCB
[00:40:45] [28/296] GCKI
[00:40:46] [29/296] IAET
[00:40:48] [30/296] DDTD
[00:40:48] [31/296] GMDH
[00:40:49] [32/296] STLE
[00:40:50] [33/296] JTRA
[00:40:51] [34/296] RPPA
[00:40:53] [35/296] ARUT
[00:40:54] [36/296] JTVM
[00:40:54] [37/296] SWRH
[00:40:55] [38/296] DCPC
[00:40:56] [39/296] RAPR
[00:40:57] [40/296] GCRT
[00:40:58] [41/296] ATUN
[00:40:59] [42/296] LTRM
[00:41:00] [43/296] TASR
[00:41:01] [44/296] RLLC
[00:41:01] [45/296] MABI
[00:41:03] [46/296] SVHB
[00:41:04] [47/296] NVTB
[00:41:05] [48/296] KCKG
[00:41:06] [49/296] SSRN
[00:41:07] [50/296] VDDC
[00:41:07] [51/296] GKTK
[00:41:08] [52/296] YFSN
[00:41:09] [53/296] GCSG
[00:41:10] [54/296] ESSM
[00:41:11] [55/296] KRIH
[00:41:12] [56/296] GCDS
[00:41:12] [57/296] CCSH
[00:41:13] [58/296] ACSK
[00:41:14] [59/296] APRK
[00:41:15] [60/296] ADKM
[00:41:16] [61/296] SRDM
[00:41:16] [62/296] RMOG
[00:41:18] [63/296] SJMY
[00:41:19] [64/296] PGGC
[00:41:20] [65/296] INGM
[00:41:20] [66/296] LSCB
[00:41:21] [67/296] STAD
[00:41:22] [68/296] MCCR
[00:41:23] [69/296] ABCC
[00:41:24] [70/296] RKCC
[00:41:25] [71/296] RTCR
[00:41:26] [72/296] GGBC
[00:41:27] [73/296] GCSD
[00:41:28] [74/296] LPTY
[00:41:28] [75/296] MCFD
[00:41:29] [76/296] HENN
[00:41:30] [77/296] SMKU
[00:41:31] [78/296] TNZC
[00:41:32] [79/296] DRCD
[00:41:34] [80/296] DLCD
[00:41:35] [81/296] RCDA
[00:41:36] [82/296] COSM
[00:41:36] [83/296] MCMJ
[00:41:38] [84/296] CSTR
[00:41:39] [85/296] CVDK
[00:41:40] [86/296] INRR
[00:41:41] [87/296] RJRT
[00:41:42] [88/296] IRMR
[00:41:43] [89/296] SRCF
[00:41:43] [90/296] GRCR
[00:41:44] [91/296] SURC
[00:41:45] [92/296] NMNH
[00:41:46] [93/296] SVBL
[00:41:47] [94/296] KACI
[00:41:47] [95/296] TDGO
[00:41:48] [96/296] KTBR
[00:41:49] [97/296] PMAD
[00:41:50] [98/296] CCPN
[00:41:51] [99/296] SBTK
[00:41:52] [100/296] LMDK
[00:41:53] [101/296] PGDA
[00:41:54] [102/296] SRML
[00:41:56] [103/296] EVCK
[00:41:56] [104/296] RTTK
[00:41:57] [105/296] SRTU
[00:41:59] [106/296] VRSA
[00:42:00] [107/296] VARS
[00:42:01] [108/296] DSCZ
[00:42:02] [109/296] GAGA
[00:42:03] [110/296] SARV
[00:42:04] [111/296] SEEG
[00:42:04] [112/296] GLCA
[00:42:05] [113/296] APAS
[00:42:06] [114/296] VCIA
[00:42:06] [115/296] SJTA
[00:42:08] [116/296] SABM
[00:42:10] [117/296] PPAG
[00:42:11] [118/296] RVCA
[00:42:13] [119/296] CCIA
[00:42:14] [120/296] HTAG
[00:42:14] [121/296] SMBI
[00:42:15] [122/296] MCJR
[00:42:16] [123/296] CCJR
[00:42:17] [124/296] SINF
[00:42:17] [125/296] CPLX
[00:42:20] [126/296] KKTJ
[00:42:21] [127/296] GDBW
[00:42:22] [128/296] CSUB
[00:42:23] [129/296] DABA
[00:42:24] [130/296] TITR
[00:42:25] [131/296] NYCR
[00:42:26] [132/296] RTRY
[00:42:27] [133/296] JTJL
[00:42:27] [134/296] SJCP
[00:42:28] [135/296] KCCA
[00:42:29] [136/296] MLPG
[00:42:29] [137/296] VRCK
[00:42:30] [138/296] SRIN
[00:42:32] [139/296] CXMK
[00:42:33] [140/296] SKAD
[00:42:34] [141/296] AVTR
[00:42:34] [142/296] PTAJ
[00:42:35] [143/296] SCNK
[00:42:36] [144/296] STTI
[00:42:37] [145/296] KACR
[00:42:38] [146/296] SSDX
[00:42:39] [147/296] VRTJ
[00:42:40] [148/296] RAJD
[00:42:41] [149/296] SCIP
[00:42:42] [150/296] RJSL
[00:42:43] [151/296] ARRS
[00:42:44] [152/296] ASMS
[00:42:45] [153/296] RDTS
[00:42:46] [154/296] DVMY
[00:42:47] [155/296] RASA
[00:42:47] [156/296] INOM
[00:42:48] [157/296] SPRS
[00:42:49] [158/296] SGCS
[00:42:50] [159/296] SALM
[00:42:51] [160/296] PKHC
[00:42:52] [161/296] RCSV
[00:42:54] [162/296] CPKC
[00:42:54] [163/296] AACD
[00:42:55] [164/296] GGCV
[00:42:56] [165/296] SMKD
[00:42:57] [166/296] NBCH
[00:42:57] [167/296] AMCB
[00:42:58] [168/296] OPCN
[00:42:59] [169/296] DCIN
[00:43:00] [170/296] INGW
[00:43:02] [171/296] PKKW
[00:43:03] [172/296] FNGW
[00:43:04] [173/296] GCGD
[00:43:05] [174/296] MSTW
[00:43:06] [175/296] KCCG
[00:43:07] [176/296] MRSS
[00:43:08] [177/296] CLCF
[00:43:09] [178/296] EETS
[00:43:10] [179/296] AATR
[00:43:10] [180/296] CMMN
[00:43:11] [181/296] SCCJ
[00:43:12] [182/296] CDTK
[00:43:13] [183/296] AICP
[00:43:14] [184/296] FNBP
[00:43:15] [185/296] CBPB
[00:43:16] [186/296] CPAS
[00:43:17] [187/296] MAPM
[00:43:18] [188/296] PASD
[00:43:19] [189/296] JCMN
[00:43:20] [190/296] MALB
[00:43:22] [191/296] SACG
[00:43:22] [192/296] DDRX
[00:43:24] [193/296] DDXB
[00:43:25] [194/296] RAMC
[00:43:26] [195/296] SANC
[00:43:26] [196/296] BCBP
[00:43:27] [197/296] ALPC
[00:43:28] [198/296] RBAC
[00:43:29] [199/296] RAJL
[00:43:30] [200/296] MPDX
[00:43:31] [201/296] MUSC
[00:43:32] [202/296] VKMK
[00:43:33] [203/296] SKCG
[00:43:34] [204/296] ANCN
[00:43:34] [205/296] MMCJ
[00:43:36] [206/296] DCAK
[00:43:37] [207/296] SCKG
[00:43:37] [208/296] LMCK
[00:43:38] [209/296] CKKX
[00:43:39] [210/296] ANKU
[00:43:40] [211/296] CSMD
[00:43:41] [212/296] MKMP
[00:43:41] [213/296] SVBG
[00:43:42] [214/296] ROOP
[00:43:43] [215/296] GDMT
[00:43:44] [216/296] FPPF
[00:43:45] [217/296] SFUU
[00:43:46] [218/296] ANCB
[00:43:46] [219/296] SMMC
[00:43:47] [220/296] UGKT
[00:43:48] [221/296] JVRM
[00:43:49] [222/296] BATG
[00:43:50] [223/296] RATE
[00:43:50] [224/296] SKME
[00:43:51] [225/296] LMTP
[00:43:52] [226/296] TCBD
[00:43:53] [227/296] ESBD
[00:43:53] [228/296] GDCU
[00:43:54] [229/296] SNKT
[00:43:55] [230/296] SRNK
[00:43:56] [231/296] SMED
[00:43:56] [232/296] CSQS
[00:43:57] [233/296] ALCS
[00:43:58] [234/296] KCKN
[00:43:59] [235/296] VCCL
[00:43:59] [236/296] MCDA
[00:44:00] [237/296] SHMI
[00:44:01] [238/296] SKHA
[00:44:02] [239/296] SVFK
[00:44:03] [240/296] INVB
[00:44:04] [241/296] MELD
[00:44:05] [242/296] JTYS
[00:44:06] [243/296] INCM
[00:44:07] [244/296] MCDV
[00:44:07] [245/296] KSGK
[00:44:08] [246/296] ICMG
[00:44:09] [247/296] CSCV
[00:44:10] [248/296] STMD
[00:44:11] [249/296] STTR
[00:44:12] [250/296] INVC
[00:44:13] [251/296] JTBL
[00:44:13] [252/296] SRVV
[00:44:14] [253/296] MAVC
[00:44:15] [254/296] SRPP
[00:44:17] [255/296] JGDM
[00:44:17] [256/296] MBSJ
[00:44:18] [257/296] SSLL
[00:44:19] [258/296] SLKP
[00:44:20] [259/296] NSRV
[00:44:20] [260/296] UTDV
[00:44:21] [261/296] KICM
[00:44:22] [262/296] KCMD
[00:44:23] [263/296] TTPP
[00:44:24] [264/296] KMPV
[00:44:25] [265/296] SKTV
[00:44:25] [266/296] STCV
[00:44:26] [267/296] SRDA
[00:44:27] [268/296] JTSX
[00:44:28] [269/296] STBV
[00:44:29] [270/296] APVZ
[00:44:30] [271/296] GSTV
[00:44:32] [272/296] NMVS
[00:44:34] [273/296] SKRT
[00:44:34] [274/296] RMDV
[00:44:36] [275/296] RATG
[00:44:37] [276/296] SJYV
[00:44:38] [277/296] NDGP
[00:44:39] [278/296] SNDG
[00:44:40] [279/296] INSR
[00:44:41] [280/296] INSO
[00:44:42] [281/296] CCSI
[00:44:43] [282/296] RASM
[00:44:44] [283/296] NEWC
[00:44:45] [284/296] VSHL
[00:44:46] [285/296] BISW
[00:44:47] [286/296] GCNG
[00:44:48] [287/296] CWSC
[00:44:49] [288/296] SKAN
[00:44:50] [289/296] SEHP
[00:44:51] [290/296] CCOA
[00:44:52] [291/296] MCAJ
[00:44:52] [292/296] ACDE
[00:44:53] [293/296] AACM
[00:44:54] [294/296] JJCK
[00:44:55] [295/296] RCMO
[00:44:56] [296/296] GDAW
[00:44:56] ✅ DONE | Shows=0 | Movies=0
[01:44:34] 🚀 BMS DAILY TRACKER STARTED
[01:44:34] [1/296] CDCA
[01:44:35] 🧠 New identity
[01:44:36] [2/296] MNSR
[01:44:36] [3/296] CSSL
[01:44:37] [4/296] BGGM
[01:44:39] [5/296] MANT
[01:44:40] [6/296] SOOY
[01:44:41] [7/296] VPPK
[01:44:42] [8/296] MYHJ
[01:44:43] [9/296] KSCK
[01:44:44] [10/296] KATK
[01:44:44] [11/296] RTRT
[01:44:45] [12/296] SSTT
[01:44:46] [13/296] SSTV
[01:44:47] [14/296] LACM
[01:44:48] [15/296] SGMG
[01:44:49] [16/296] KACX
[01:44:50] [17/296] GVCP
[01:44:51] [18/296] CSNC
[01:44:53] [19/296] SXCB
[01:44:53] [20/296] BAHS
[01:44:55] [21/296] PCBI
[01:44:56] [22/296] PSSM
[01:44:57] [23/296] RCOK
[01:44:58] [24/296] SCPF
[01:44:59] [25/296] SSAS
[01:44:59] [26/296] EVMM
[01:45:00] [27/296] SYCB
[01:45:01] [28/296] GCKI
[01:45:02] [29/296] IAET
[01:45:03] [30/296] DDTD
[01:45:04] [31/296] GMDH
[01:45:05] [32/296] STLE
[01:45:06] [33/296] JTRA
[01:45:07] [34/296] RPPA
[01:45:08] [35/296] ARUT
[01:45:08] [36/296] JTVM
[01:45:09] [37/296] SWRH
[01:45:10] [38/296] DCPC
[01:45:11] [39/296] RAPR
[01:45:12] [40/296] GCRT
[01:45:12] [41/296] ATUN
[01:45:13] [42/296] LTRM
[01:45:14] [43/296] TASR
[01:45:15] [44/296] RLLC
[01:45:16] [45/296] MABI
[01:45:17] [46/296] SVHB
[01:45:18] [47/296] NVTB
[01:45:19] [48/296] KCKG
[01:45:20] [49/296] SSRN
[01:45:21] [50/296] VDDC
[01:45:22] [51/296] GKTK
[01:45:23] [52/296] YFSN
[01:45:24] [53/296] GCSG
[01:45:24] [54/296] ESSM
[01:45:25] [55/296] KRIH
[01:45:26] [56/296] GCDS
[01:45:27] [57/296] CCSH
[01:45:28] [58/296] ACSK
[01:45:30] [59/296] APRK
[01:45:30] [60/296] ADKM
[01:45:31] [61/296] SRDM
[01:45:32] [62/296] RMOG
[01:45:33] [63/296] SJMY
[01:45:34] [64/296] PGGC
[01:45:35] [65/296] INGM
[01:45:36] [66/296] LSCB
[01:45:37] [67/296] STAD
[01:45:38] [68/296] MCCR
[01:45:38] [69/296] ABCC
[01:45:40] [70/296] RKCC
[01:45:40] [71/296] RTCR
[01:45:41] [72/296] GGBC
[01:45:42] [73/296] GCSD
[01:45:43] [74/296] LPTY
[01:45:44] [75/296] MCFD
[01:45:46] [76/296] HENN
[01:45:47] [77/296] SMKU
[01:45:48] [78/296] TNZC
[01:45:49] [79/296] DRCD
[01:45:49] [80/296] DLCD
[01:45:50] [81/296] RCDA
[01:45:51] [82/296] COSM
[01:45:52] [83/296] MCMJ
[01:45:53] [84/296] CSTR
[01:45:54] [85/296] CVDK
[01:45:55] [86/296] INRR
[01:45:56] [87/296] RJRT
[01:45:58] [88/296] IRMR
[01:45:58] [89/296] SRCF
[01:45:59] [90/296] GRCR
[01:46:00] [91/296] SURC
[01:46:01] [92/296] NMNH
[01:46:02] [93/296] SVBL
[01:46:04] [94/296] KACI
[01:46:05] [95/296] TDGO
[01:46:05] [96/296] KTBR
[01:46:06] [97/296] PMAD
[01:46:07] [98/296] CCPN
[01:46:08] [99/296] SBTK
[01:46:09] [100/296] LMDK
[01:46:10] [101/296] PGDA
[01:46:11] [102/296] SRML
[01:46:12] [103/296] EVCK
[01:46:13] [104/296] RTTK
[01:46:13] [105/296] SRTU
[01:46:14] [106/296] VRSA
[01:46:15] [107/296] VARS
[01:46:16] [108/296] DSCZ
[01:46:17] [109/296] GAGA
[01:46:18] [110/296] SARV
[01:46:19] [111/296] SEEG
[01:46:20] [112/296] GLCA
[01:46:21] [113/296] APAS
[01:46:22] [114/296] VCIA
[01:46:22] [115/296] SJTA
[01:46:23] [116/296] SABM
[01:46:24] [117/296] PPAG
[01:46:25] [118/296] RVCA
[01:46:26] [119/296] CCIA
[01:46:27] [120/296] HTAG
[01:46:28] [121/296] SMBI
[01:46:29] [122/296] MCJR
[01:46:30] [123/296] CCJR
[01:46:30] [124/296] SINF
[01:46:31] [125/296] CPLX
[01:46:32] [126/296] KKTJ
[01:46:33] [127/296] GDBW
[01:46:34] [128/296] CSUB
[01:46:34] [129/296] DABA
[01:46:35] [130/296] TITR
[01:46:36] [131/296] NYCR
[01:46:37] [132/296] RTRY
[01:46:38] [133/296] JTJL
[01:46:39] [134/296] SJCP
[01:46:40] [135/296] KCCA
[01:46:41] [136/296] MLPG
[01:46:42] [137/296] VRCK
[01:46:43] [138/296] SRIN
[01:46:43] [139/296] CXMK
[01:46:44] [140/296] SKAD
[01:46:45] [141/296] AVTR
[01:46:46] [142/296] PTAJ
[01:46:47] [143/296] SCNK
[01:46:48] [144/296] STTI
[01:46:49] [145/296] KACR
[01:46:50] [146/296] SSDX
[01:46:51] [147/296] VRTJ
[01:46:51] [148/296] RAJD
[01:46:52] [149/296] SCIP
[01:46:54] [150/296] RJSL
[01:46:54] [151/296] ARRS
[01:46:55] [152/296] ASMS
[01:46:56] [153/296] RDTS
[01:46:57] [154/296] DVMY
[01:46:58] [155/296] RASA
[01:46:59] [156/296] INOM
[01:47:00] [157/296] SPRS
[01:47:01] [158/296] SGCS
[01:47:02] [159/296] SALM
[01:47:03] [160/296] PKHC
[01:47:04] [161/296] RCSV
[01:47:05] [162/296] CPKC
[01:47:06] [163/296] AACD
[01:47:07] [164/296] GGCV
[01:47:08] [165/296] SMKD
[01:47:08] [166/296] NBCH
[01:47:09] [167/296] AMCB
[01:47:10] [168/296] OPCN
[01:47:11] [169/296] DCIN
[01:47:12] [170/296] INGW
[01:47:12] [171/296] PKKW
[01:47:13] [172/296] FNGW
[01:47:14] [173/296] GCGD
[01:47:15] [174/296] MSTW
[01:47:16] [175/296] KCCG
[01:47:17] [176/296] MRSS
[01:47:18] [177/296] CLCF
[01:47:19] [178/296] EETS
[01:47:20] [179/296] AATR
[01:47:21] [180/296] CMMN
[01:47:22] [181/296] SCCJ
[01:47:23] [182/296] CDTK
[01:47:24] [183/296] AICP
[01:47:24] [184/296] FNBP
[01:47:25] [185/296] CBPB
[01:47:26] [186/296] CPAS
[01:47:27] [187/296] MAPM
[01:47:28] [188/296] PASD
[01:47:28] [189/296] JCMN
[01:47:29] [190/296] MALB
[01:47:30] [191/296] SACG
[01:47:31] [192/296] DDRX
[01:47:32] [193/296] DDXB
[01:47:33] [194/296] RAMC
[01:47:34] [195/296] SANC
[01:47:35] [196/296] BCBP
[01:47:35] [197/296] ALPC
[01:47:36] [198/296] RBAC
[01:47:37] [199/296] RAJL
[01:47:38] [200/296] MPDX
[01:47:39] [201/296] MUSC
[01:47:40] [202/296] VKMK
[01:47:41] [203/296] SKCG
[01:47:42] [204/296] ANCN
[01:47:43] [205/296] MMCJ
[01:47:44] [206/296] DCAK
[01:47:45] [207/296] SCKG
[01:47:46] [208/296] LMCK
[01:47:47] [209/296] CKKX
[01:47:48] [210/296] ANKU
[01:47:49] [211/296] CSMD
[01:47:50] [212/296] MKMP
[01:47:50] [213/296] SVBG
[01:47:51] [214/296] ROOP
[01:47:52] [215/296] GDMT
[01:47:53] [216/296] FPPF
[01:47:55] [217/296] SFUU
[01:47:56] [218/296] ANCB
[01:47:57] [219/296] SMMC
[01:47:58] [220/296] UGKT
[01:47:59] [221/296] JVRM
[01:48:00] [222/296] BATG
[01:48:01] [223/296] RATE
[01:48:02] [224/296] SKME
[01:48:03] [225/296] LMTP
[01:48:04] [226/296] TCBD
[01:48:05] [227/296] ESBD
[01:48:06] [228/296] GDCU
[01:48:07] [229/296] SNKT
[01:48:08] [230/296] SRNK
[01:48:09] [231/296] SMED
[01:48:10] [232/296] CSQS
[01:48:11] [233/296] ALCS
[01:48:12] [234/296] KCKN
[01:48:13] [235/296] VCCL
[01:48:13] [236/296] MCDA
[01:48:15] [237/296] SHMI
[01:48:16] [238/296] SKHA
[01:48:16] [239/296] SVFK
[01:48:17] [240/296] INVB
[01:48:18] [241/296] MELD
[01:48:19] [242/296] JTYS
[01:48:20] [243/296] INCM
[01:48:20] [244/296] MCDV
[01:48:22] [245/296] KSGK
[01:48:22] [246/296] ICMG
[01:48:23] [247/296] CSCV
[01:48:24] [248/296] STMD
[01:48:25] [249/296] STTR
[01:48:26] [250/296] INVC
[01:48:27] [251/296] JTBL
[01:48:28] [252/296] SRVV
[01:48:28] [253/296] MAVC
[01:48:29] [254/296] SRPP
[01:48:30] [255/296] JGDM
[01:48:32] [256/296] MBSJ
[01:48:33] [257/296] SSLL
[01:48:34] [258/296] SLKP
[01:48:35] [259/296] NSRV
[01:48:36] [260/296] UTDV
[01:48:36] [261/296] KICM
[01:48:37] [262/296] KCMD
[01:48:38] [263/296] TTPP
[01:48:39] [264/296] KMPV
[01:48:40] [265/296] SKTV
[01:48:41] [266/296] STCV
[01:48:42] [267/296] SRDA
[01:48:42] [268/296] JTSX
[01:48:43] [269/296] STBV
[01:48:44] [270/296] APVZ
[01:48:46] [271/296] GSTV
[01:48:46] [272/296] NMVS
[01:48:47] [273/296] SKRT
[01:48:48] [274/296] RMDV
[01:48:49] [275/296] RATG
[01:48:50] [276/296] SJYV
[01:48:51] [277/296] NDGP
[01:48:51] [278/296] SNDG
[01:48:53] [279/296] INSR
[01:48:53] [280/296] INSO
[01:48:54] [281/296] CCSI
[01:48:55] [282/296] RASM
[01:48:56] [283/296] NEWC
[01:48:57] [284/296] VSHL
[01:48:58] [285/296] BISW
[01:48:59] [286/296] GCNG
[01:49:00] [287/296] CWSC
[01:49:01] [288/296] SKAN
[01:49:02] [289/296] SEHP
[01:49:03] [290/296] CCOA
[01:49:03] [291/296] MCAJ
[01:49:05] [292/296] ACDE
[01:49:05] [293/296] AACM
[01:49:06] [294/296] JJCK
[01:49:07] [295/296] RCMO
[01:49:08] [296/296] GDAW
[01:49:09] ✅ DONE | Shows=0 | Movies=0
