[10:07:29] 🚀 SCRIPT STARTED
[10:07:29] [1/445] TGMR
[10:07:29] 🧠 New identity created
[10:07:30] [2/445] CXKR
[10:07:31] [3/445] SROP
[10:07:32] [4/445] GTSV
[10:07:33] [5/445] SNTY
[10:07:34] [6/445] SMYY
[10:07:36] [7/445] CNCS
[10:07:37] [8/445] CSTM
[10:07:38] [9/445] NUCD
[10:07:38] [10/445] SHCZ
[10:07:39] [11/445] NJCT
[10:07:40] [12/445] COPC
[10:07:41] [13/445] STVV
[10:07:42] [14/445] SKRN
[10:07:43] [15/445] APPZ
[10:07:43] [16/445] YMGN
[10:07:44] [17/445] SVTU
[10:07:46] [18/445] GTAD
[10:07:47] [19/445] PSUS
[10:07:48] [20/445] SMCD
[10:07:48] [21/445] CMCM
[10:07:49] [22/445] SYCT
[10:07:50] [23/445] STLY
[10:07:51] [24/445] CMHU
[10:07:52] [25/445] CMSA
[10:07:53] [26/445] CLCU
[10:07:53] [27/445] PPNT
[10:07:54] [28/445] JTAB
[10:07:55] [29/445] BUUC
[10:07:56] [30/445] BSVK
[10:07:57] [31/445] VVVQ
[10:07:57] [32/445] TKMU
[10:07:58] [33/445] ESYL
[10:07:59] [34/445] ACHP
[10:08:00] [35/445] BTKD
[10:08:01] [36/445] DESA
[10:08:02] [37/445] GBCT
[10:08:03] [38/445] BLLD
[10:08:04] [39/445] SKNT
[10:08:05] [40/445] SSTE
[10:08:06] [41/445] VJMR
[10:08:06] [42/445] NTPU
[10:08:07] [43/445] RDKN
[10:08:08] [44/445] ADGC
[10:08:09] [45/445] VRBP
[10:08:10] [46/445] NMNA
[10:08:11] [47/445] CMMX
[10:08:12] [48/445] PTKO
[10:08:13] [49/445] RBML
[10:08:15] [50/445] SAIC
[10:08:16] [51/445] SVTJ
[10:08:16] [52/445] MRTE
[10:08:17] [53/445] RBTP
[10:08:18] [54/445] NLPS
[10:08:19] [55/445] GTNA
[10:08:19] [56/445] DGGC
[10:08:20] [57/445] SMCR
[10:08:21] [58/445] SCGD
[10:08:22] [59/445] SRRJ
[10:08:23] [60/445] CNRY
[10:08:24] [61/445] KTDI
[10:08:24] [62/445] SNJL
[10:08:25] [63/445] RKMD
[10:08:26] [64/445] SMDC
[10:08:27] [65/445] TADG
[10:08:28] [66/445] MCGS
[10:08:30] [67/445] PETK
[10:08:31] [68/445] CHAG
[10:08:31] [69/445] KSTL
[10:08:32] [70/445] AADS
[10:08:33] [71/445] NTHZ
[10:08:34] [72/445] HCKI
[10:08:35] [73/445] SSEF
[10:08:36] [74/445] MCGX
[10:08:37] [75/445] ERRA
[10:08:38] [76/445] SDTW
[10:08:39] [77/445] RMPK
[10:08:39] [78/445] PTHK
[10:08:40] [79/445] PXCS
[10:08:41] [80/445] SVLU
[10:08:42] [81/445] STAH
[10:08:43] [82/445] JRGF
[10:08:44] [83/445] CDOK
[10:08:45] [84/445] CMSG
[10:08:45] [85/445] APTD
[10:08:46] [86/445] KMPG
[10:08:47] [87/445] MUTJ
[10:08:48] [88/445] VCCI
[10:08:49] [89/445] URBE
[10:08:49] [90/445] TCTS
[10:08:51] [91/445] STSN
[10:08:52] [92/445] AKCH
[10:08:53] [93/445] APSC
[10:08:54] [94/445] VLTB
[10:08:54] [95/445] SANU
[10:08:55] [96/445] AXAM
[10:08:56] [97/445] MGMG
[10:08:57] [98/445] HTBY
[10:08:58] [99/445] MMZS
[10:08:59] [100/445] SUDR
[10:08:59] [101/445] CCAD
[10:09:01] [102/445] SKKC
[10:09:02] [103/445] RMCD
[10:09:03] [104/445] SBCQ
[10:09:03] [105/445] DCCT
[10:09:04] [106/445] VTKP
[10:09:05] [107/445] MLAM
[10:09:06] [108/445] SAVT
[10:09:06] [109/445] GEPL
[10:09:07] [110/445] AMCD
[10:09:08] [111/445] CCXR
[10:09:09] [112/445] GRNG
[10:09:09] [113/445] EBCA
[10:09:10] [114/445] CNVG
[10:09:11] [115/445] MWSS
[10:09:12] [116/445] VBOR
[10:09:12] [117/445] NEEB
[10:09:13] [118/445] SUTH
[10:09:14] [119/445] ANDB
[10:09:15] [120/445] MMXS
[10:09:16] [121/445] CNPD
[10:09:17] [122/445] SDCE
[10:09:18] [123/445] DHCB
[10:09:18] [124/445] ODEN
[10:09:20] [125/445] TNTC
[10:09:20] [126/445] VBKM
[10:09:21] [127/445] RZYM
[10:09:23] [128/445] JEMC
[10:09:24] [129/445] CMAU
[10:09:25] [130/445] SIVP
[10:09:26] [131/445] ATAG
[10:09:26] [132/445] CHTM
[10:09:27] [133/445] AAEE
[10:09:28] [134/445] IWPM
[10:09:29] [135/445] KCMW
[10:09:29] [136/445] MCTD
[10:09:30] [137/445] SPWR
[10:09:31] [138/445] SDPO
[10:09:32] [139/445] PCSK
[10:09:33] [140/445] ACHV
[10:09:34] [141/445] SVLA
[10:09:34] [142/445] PICT
[10:09:35] [143/445] BXDR
[10:09:36] [144/445] SPWA
[10:09:37] [145/445] MCKO
[10:09:38] [146/445] RTHK
[10:09:39] [147/445] CCMF
[10:09:40] [148/445] MRGB
[10:09:42] [149/445] CPLC
[10:09:42] [150/445] RACD
[10:09:43] [151/445] ATKT
[10:09:44] [152/445] SARN
[10:09:45] [153/445] KKUI
[10:09:46] [154/445] RGCM
[10:09:47] [155/445] BRVP
[10:09:48] [156/445] HRSR
[10:09:49] [157/445] GKGM
[10:09:50] [158/445] TTCD
[10:09:50] [159/445] PTTI
[10:09:51] [160/445] MPTT
[10:09:52] [161/445] CVTT
[10:09:53] [162/445] PCXD
[10:09:54] [163/445] GCDC
[10:09:55] [164/445] CCCF
[10:09:56] [165/445] MRAD
[10:09:56] [166/445] CPLK
[10:09:57] [167/445] SATB
[10:09:58] [168/445] SNVG
[10:09:59] [169/445] JMBA
[10:10:00] [170/445] TEJA
[10:10:00] [171/445] STYO
[10:10:01] [172/445] JTBP
[10:10:02] [173/445] KRGD
[10:10:03] [174/445] SLJJ
[10:10:03] [175/445] SPTJ
[10:10:04] [176/445] SWJG
[10:10:05] [177/445] LKRT
[10:10:05] [178/445] KCKA
[10:10:06] [179/445] SNCR
[10:10:07] [180/445] SMKL
[10:10:09] [181/445] GCFA
[10:10:10] [182/445] DDCK
[10:10:11] [183/445] NCHJ
[10:10:12] [184/445] RDMA
[10:10:12] [185/445] SVSV
[10:10:14] [186/445] SCJG
[10:10:15] [187/445] VKLP
[10:10:16] [188/445] NWCC
[10:10:16] [189/445] VKNS
[10:10:17] [190/445] SDDP
[10:10:18] [191/445] ACSI
[10:10:19] [192/445] SATG
[10:10:20] [193/445] SCMW
[10:10:21] [194/445] LKTK
[10:10:21] [195/445] VCKV
[10:10:22] [196/445] KKPE
[10:10:23] [197/445] KIGH
[10:10:24] [198/445] SRPM
[10:10:25] [199/445] SCAH
[10:10:26] [200/445] MUTA
[10:10:27] [201/445] SEPU
[10:10:27] [202/445] INOA
[10:10:29] [203/445] BASK
[10:10:30] [204/445] NECB
[10:10:31] [205/445] GTTG
[10:10:32] [206/445] ASSA
[10:10:33] [207/445] ANCL
[10:10:33] [208/445] GCTI
[10:10:34] [209/445] RCTS
[10:10:35] [210/445] ACNL
[10:10:36] [211/445] MYCT
[10:10:37] [212/445] NMHT
[10:10:37] [213/445] MDIT
[10:10:38] [214/445] LATG
[10:10:40] [215/445] SMTY
[10:10:40] [216/445] CVCT
[10:10:41] [217/445] RAMB
[10:10:42] [218/445] TGMS
[10:10:43] [219/445] BHEL
[10:10:44] [220/445] SHCT
[10:10:45] [221/445] SVCT
[10:10:46] [222/445] MRIY
[10:10:47] [223/445] SARO
[10:10:48] [224/445] STCT
[10:10:49] [225/445] JKKC
[10:10:50] [226/445] PLTT
[10:10:50] [227/445] SRNT
[10:10:51] [228/445] YAST
[10:10:52] [229/445] PERL
[10:10:53] [230/445] CICM
[10:10:54] [231/445] MMTR
[10:10:55] [232/445] ABTK
[10:10:55] [233/445] ATYY
[10:10:56] [234/445] ASTK
[10:10:57] [235/445] VVCK
[10:10:58] [236/445] ATKY
[10:10:59] [237/445] GWEK
[10:10:59] [238/445] SVFH
[10:11:00] [239/445] SLTA
[10:11:01] [240/445] AASH
[10:11:02] [241/445] ACXB
[10:11:03] [242/445] SMTX
[10:11:04] [243/445] AZDH
[10:11:04] [244/445] CMMH
[10:11:05] [245/445] SCSZ
[10:11:06] [246/445] SCKP
[10:11:07] [247/445] NXTM
[10:11:08] [248/445] NWCS
[10:11:09] [249/445] CXMH
[10:11:10] [250/445] PCMA
[10:11:10] [251/445] SGCM
[10:11:12] [252/445] SDTU
[10:11:13] [253/445] MMVI
[10:11:13] [254/445] JKCM
[10:11:14] [255/445] VCMM
[10:11:15] [256/445] SYEE
[10:11:16] [257/445] VASD
[10:11:17] [258/445] BDRB
[10:11:18] [259/445] LASM
[10:11:19] [260/445] DCRL
[10:11:20] [261/445] DVPM
[10:11:20] [262/445] SBMJ
[10:11:21] [263/445] CBMU
[10:11:22] [264/445] IUBS
[10:11:23] [265/445] INAP
[10:11:25] [266/445] SRRC
[10:11:25] [267/445] SAGR
[10:11:26] [268/445] CPMJ
[10:11:27] [269/445] ATJL
[10:11:28] [270/445] NNTD
[10:11:29] [271/445] JHCJ
[10:11:30] [272/445] CMMP
[10:11:31] [273/445] RSDR
[10:11:32] [274/445] AMTI
[10:11:32] [275/445] NYSG
[10:11:33] [276/445] AVSG
[10:11:34] [277/445] SYTP
[10:11:35] [278/445] LARC
[10:11:35] [279/445] RJTP
[10:11:36] [280/445] LAKC
[10:11:37] [281/445] MCXE
[10:11:38] [282/445] CCZC
[10:11:39] [283/445] AVCH
[10:11:40] [284/445] CMBE
[10:11:41] [285/445] MRRC
[10:11:41] [286/445] PCPY
[10:11:42] [287/445] SRMH
[10:11:43] [288/445] SVGS
[10:11:43] [289/445] PCSE
[10:11:44] [290/445] SVFT
[10:11:45] [291/445] TNZP
[10:11:46] [292/445] ICTP
[10:11:47] [293/445] ACTZ
[10:11:48] [294/445] GTUR
[10:11:49] [295/445] MAFC
[10:11:50] [296/445] MINL
[10:11:50] [297/445] MRCL
[10:11:51] [298/445] RCRP
[10:11:52] [299/445] RFFG
[10:11:53] [300/445] RMAS
[10:11:54] [301/445] INVR
[10:11:54] [302/445] RMAR
[10:11:55] [303/445] CNIS
[10:11:56] [304/445] RHRJ
[10:11:57] [305/445] INXR
[10:11:58] [306/445] VALT
[10:11:59] [307/445] LCSH
[10:12:00] [308/445] CMVS
[10:12:00] [309/445] CNMS
[10:12:01] [310/445] ROOG
[10:12:02] [311/445] ISRM
[10:12:03] [312/445] RCRM
[10:12:04] [313/445] ACJA
[10:12:05] [314/445] RCVS
[10:12:06] [315/445] CPUS
[10:12:07] [316/445] TGCS
[10:12:07] [317/445] RKCJ
[10:12:08] [318/445] MKSB
[10:12:09] [319/445] TCSJ
[10:12:10] [320/445] RMGP
[10:12:10] [321/445] CLLP
[10:12:11] [322/445] RCMV
[10:12:13] [323/445] CCKS
[10:12:13] [324/445] RSRP
[10:12:14] [325/445] APLP
[10:12:15] [326/445] CNVS
[10:12:15] [327/445] RMVY
[10:12:16] [328/445] PGBD
[10:12:17] [329/445] KLMS
[10:12:18] [330/445] RUST
[10:12:19] [331/445] MASM
[10:12:20] [332/445] BACS
[10:12:21] [333/445] BWST
[10:12:22] [334/445] RRFH
[10:12:22] [335/445] SJTM
[10:12:23] [336/445] BEMR
[10:12:24] [337/445] MCGR
[10:12:25] [338/445] SDSK
[10:12:26] [339/445] VBOL
[10:12:27] [340/445] RMGM
[10:12:27] [341/445] NOPL
[10:12:28] [342/445] MKJK
[10:12:29] [343/445] CVRN
[10:12:30] [344/445] MMEN
[10:12:31] [345/445] AMNG
[10:12:32] [346/445] INTM
[10:12:33] [347/445] SLCZ
[10:12:34] [348/445] AMJN
[10:12:35] [349/445] ACJN
[10:12:35] [350/445] AMKN
[10:12:36] [351/445] BTCN
[10:12:37] [352/445] AMBT
[10:12:38] [353/445] PACN
[10:12:38] [354/445] LCNS
[10:12:39] [355/445] PPKC
[10:12:40] [356/445] JYYN
[10:12:41] [357/445] JTNR
[10:12:42] [358/445] GTEE
[10:12:42] [359/445] SRNM
[10:12:43] [360/445] SDTC
[10:12:45] [361/445] VPCA
[10:12:45] [362/445] VLRA
[10:12:46] [363/445] SHKR
[10:12:47] [364/445] SBKD
[10:12:48] [365/445] SAAD
[10:12:50] [366/445] JTGN
[10:12:50] [367/445] SLAM
[10:12:51] [368/445] VTPM
[10:12:52] [369/445] ANPT
[10:12:53] [370/445] PUNB
[10:12:54] [371/445] CPKT
[10:12:55] [372/445] CNWE
[10:12:56] [373/445] ECPP
[10:12:57] [374/445] CPAR
[10:12:58] [375/445] ESBW
[10:12:59] [376/445] PKPU
[10:13:01] [377/445] CPRP
[10:13:01] [378/445] RAHU
[10:13:03] [379/445] RHMN
[10:13:03] [380/445] FMJP
[10:13:04] [381/445] CTMP
[10:13:05] [382/445] INPN
[10:13:06] [383/445] STTG
[10:13:07] [384/445] CTRD
[10:13:08] [385/445] PUVB
[10:13:08] [386/445] ESVP
[10:13:09] [387/445] CPFT
[10:13:10] [388/445] LCPC
[10:13:11] [389/445] VBCT
[10:13:12] [390/445] FSCW
[10:13:12] [391/445] VCMP
[10:13:13] [392/445] ASHC
[10:13:14] [393/445] VLCX
[10:13:15] [394/445] SHEV
[10:13:15] [395/445] APCO
[10:13:16] [396/445] SILC
[10:13:17] [397/445] SNMR
[10:13:18] [398/445] KYBO
[10:13:19] [399/445] SATK
[10:13:20] [400/445] SSCS
[10:13:20] [401/445] CLSB
[10:13:21] [402/445] KMJR
[10:13:22] [403/445] FSCK
[10:13:23] [404/445] NNKA
[10:13:24] [405/445] CLMK
[10:13:25] [406/445] DMPZ
[10:13:26] [407/445] INQM
[10:13:27] [408/445] CAML
[10:13:28] [409/445] INRK
[10:13:29] [410/445] IMKN
[10:13:30] [411/445] SVNR
[10:13:31] [412/445] INSL
[10:13:31] [413/445] MSMA
[10:13:32] [414/445] MCKK
[10:13:33] [415/445] FCHP
[10:13:34] [416/445] SFCR
[10:13:35] [417/445] NACK
[10:13:36] [418/445] PVAK
[10:13:37] [419/445] INER
[10:13:38] [420/445] RDBK
[10:13:38] [421/445] SVFN
[10:13:39] [422/445] IFRM
[10:13:40] [423/445] ATCK
[10:13:41] [424/445] ASKO
[10:13:42] [425/445] STKT
[10:13:42] [426/445] SVFB
[10:13:44] [427/445] INKS
[10:13:45] [428/445] PCRA
[10:13:46] [429/445] ATJA
[10:13:47] [430/445] IMJN
[10:13:48] [431/445] INHD
[10:13:49] [432/445] BARA
[10:13:50] [433/445] MCSL
[10:13:51] [434/445] RTOY
[10:13:52] [435/445] MENO
[10:13:52] [436/445] PUDM
[10:13:53] [437/445] PRCN
[10:13:55] [438/445] JMJR
[10:13:56] [439/445] SSGK
[10:13:57] [440/445] SSRL
[10:13:57] [441/445] JYKL
[10:13:58] [442/445] ACNB
[10:13:59] [443/445] SONP
[10:14:00] [444/445] EMCI
[10:14:01] [445/445] MRJH
[10:14:01] 🧹 Deduping shows
[10:14:01] ✅ DONE | Shows=389 | Movies=32
