[10:07:32] 🚀 SCRIPT STARTED
[10:07:32] [1/459] FNDB
[10:07:32] 🧠 New identity created
[10:07:33] [2/459] AMBH
[10:07:34] [3/459] PRHN
[10:07:35] [4/459] ACPM
[10:07:35] [5/459] PVFS
[10:07:36] [6/459] AACN
[10:07:37] [7/459] ACAS
[10:07:38] [8/459] CTNR
[10:07:39] [9/459] MMAH
[10:07:40] [10/459] CPMH
[10:07:41] [11/459] IGMH
[10:07:42] [12/459] ABCS
[10:07:42] [13/459] CMMA
[10:07:43] [14/459] GPRH
[10:07:44] [15/459] PNNG
[10:07:45] [16/459] AMCA
[10:07:47] [17/459] ISTN
[10:07:47] [18/459] PIIC
[10:07:48] [19/459] AHMH
[10:07:49] [20/459] ASHN
[10:07:50] [21/459] INHY
[10:07:51] [22/459] SRMO
[10:07:51] [23/459] PIMH
[10:07:52] [24/459] PVTS
[10:07:53] [25/459] MMCA
[10:07:54] [26/459] AKYJ
[10:07:55] [27/459] BRKH
[10:07:55] [28/459] MAHM
[10:07:56] [29/459] CPHY
[10:07:57] [30/459] PVTP
[10:07:58] [31/459] SMMR
[10:07:59] [32/459] PVHM
[10:08:00] [33/459] SNDY
[10:08:01] [34/459] GOKU
[10:08:01] [35/459] ACEV
[10:08:02] [36/459] PVUM
[10:08:03] [37/459] VSWA
[10:08:04] [38/459] IPRS
[10:08:05] [39/459] ASGN
[10:08:05] [40/459] BKMV
[10:08:06] [41/459] PVYH
[10:08:07] [42/459] INKM
[10:08:08] [43/459] ARJU
[10:08:09] [44/459] JJPP
[10:08:10] [45/459] SSRM
[10:08:11] [46/459] HMHD
[10:08:11] [47/459] SNKH
[10:08:12] [48/459] ACHI
[10:08:13] [49/459] MRAA
[10:08:14] [50/459] INMH
[10:08:15] [51/459] ARMH
[10:08:16] [52/459] DVRR
[10:08:18] [53/459] SUDA
[10:08:19] [54/459] MCSS
[10:08:20] [55/459] VRKC
[10:08:20] [56/459] PRCX
[10:08:21] [57/459] ASJY
[10:08:22] [58/459] MTHY
[10:08:23] [59/459] SRCM
[10:08:24] [60/459] TVHY
[10:08:25] [61/459] STHD
[10:08:25] [62/459] CPCL
[10:08:26] [63/459] PSMJ
[10:08:27] [64/459] MRGT
[10:08:28] [65/459] ARYH
[10:08:29] [66/459] VTRB
[10:08:30] [67/459] SCHC
[10:08:30] [68/459] MRRG
[10:08:31] [69/459] SPCB
[10:08:32] [70/459] AMCM
[10:08:33] [71/459] IVNM
[10:08:34] [72/459] TRHY
[10:08:35] [73/459] PTTH
[10:08:36] [74/459] RKMH
[10:08:37] [75/459] PRCS
[10:08:37] [76/459] VAJA
[10:08:38] [77/459] BJNG
[10:08:39] [78/459] SCVM
[10:08:40] [79/459] GNHB
[10:08:41] [80/459] TLUR
[10:08:42] [81/459] UKCC
[10:08:42] [82/459] SRKR
[10:08:43] [83/459] RMKN
[10:08:44] [84/459] SLRT
[10:08:44] [85/459] LKMT
[10:08:45] [86/459] SSRJ
[10:08:46] [87/459] SPHT
[10:08:47] [88/459] ANTT
[10:08:48] [89/459] SRCH
[10:08:48] [90/459] SRCA
[10:08:50] [91/459] ARTH
[10:08:51] [92/459] MCBH
[10:08:52] [93/459] SNIB
[10:08:53] [94/459] SART
[10:08:54] [95/459] SKTA
[10:08:56] [96/459] YAKT
[10:08:56] [97/459] MLCK
[10:08:57] [98/459] ANTS
[10:08:58] [99/459] DGCA
[10:08:59] [100/459] SGMP
[10:09:00] [101/459] ASWN
[10:09:01] [102/459] KFVU
[10:09:02] [103/459] POOR
[10:09:03] [104/459] GKDN
[10:09:04] [105/459] EOSE
[10:09:05] [106/459] GTTT
[10:09:05] [107/459] ARRO
[10:09:07] [108/459] CMMK
[10:09:08] [109/459] MSCN
[10:09:08] [110/459] GDKH
[10:09:09] [111/459] DLMT
[10:09:10] [112/459] PVMF
[10:09:11] [113/459] CPCK
[10:09:11] [114/459] VMHE
[10:09:12] [115/459] PVLC
[10:09:13] [116/459] PCVB
[10:09:14] [117/459] SNYK
[10:09:15] [118/459] KTEK
[10:09:16] [119/459] PCNM
[10:09:16] [120/459] NTTR
[10:09:17] [121/459] CPSK
[10:09:18] [122/459] JMMA
[10:09:19] [123/459] GCFK
[10:09:19] [124/459] MYCA
[10:09:20] [125/459] KSNP
[10:09:21] [126/459] PMCE
[10:09:23] [127/459] SCKI
[10:09:23] [128/459] FSMA
[10:09:24] [129/459] CETA
[10:09:25] [130/459] MCIK
[10:09:26] [131/459] MYCR
[10:09:26] [132/459] EVMP
[10:09:27] [133/459] SSGT
[10:09:28] [134/459] KCTK
[10:09:29] [135/459] ZTKC
[10:09:30] [136/459] MMTA
[10:09:30] [137/459] MAJT
[10:09:31] [138/459] ACPK
[10:09:32] [139/459] JMAX
[10:09:33] [140/459] SETK
[10:09:33] [141/459] CAIS
[10:09:34] [142/459] AGCD
[10:09:35] [143/459] URCL
[10:09:36] [144/459] VTDS
[10:09:37] [145/459] JCNM
[10:09:37] [146/459] KCAM
[10:09:38] [147/459] ADCU
[10:09:39] [148/459] GXYN
[10:09:40] [149/459] SMJG
[10:09:40] [150/459] EYCJ
[10:09:41] [151/459] CCEJ
[10:09:42] [152/459] MARS
[10:09:43] [153/459] CPVJ
[10:09:44] [154/459] INVP
[10:09:45] [155/459] CPOV
[10:09:46] [156/459] VIJK
[10:09:46] [157/459] LAIM
[10:09:47] [158/459] STHV
[10:09:48] [159/459] SVLJ
[10:09:49] [160/459] ATVJ
[10:09:50] [161/459] JTSC
[10:09:51] [162/459] RMTV
[10:09:51] [163/459] MGGG
[10:09:52] [164/459] SWTH
[10:09:53] [165/459] INVJ
[10:09:54] [166/459] PRSV
[10:09:55] [167/459] JATV
[10:09:56] [168/459] RCVD
[10:09:57] [169/459] BDMA
[10:09:58] [170/459] BLJI
[10:09:59] [171/459] SWOT
[10:09:59] [172/459] SWRN
[10:10:00] [173/459] TVRA
[10:10:01] [174/459] VCSV
[10:10:02] [175/459] NVRN
[10:10:03] [176/459] SIKC
[10:10:04] [177/459] VAKR
[10:10:05] [178/459] SYLN
[10:10:05] [179/459] KLJL
[10:10:06] [180/459] LKMY
[10:10:07] [181/459] VSLY
[10:10:08] [182/459] CIKO
[10:10:09] [183/459] GPBG
[10:10:10] [184/459] CECM
[10:10:10] [185/459] SLKB
[10:10:11] [186/459] MTBO
[10:10:12] [187/459] SSHB
[10:10:13] [188/459] VPCS
[10:10:14] [189/459] RCSR
[10:10:15] [190/459] RJRM
[10:10:15] [191/459] KPPB
[10:10:16] [192/459] SEDC
[10:10:17] [193/459] SCAI
[10:10:18] [194/459] RMTR
[10:10:18] [195/459] ASST
[10:10:19] [196/459] GCAK
[10:10:20] [197/459] ANNK
[10:10:21] [198/459] KDDF
[10:10:22] [199/459] NRDP
[10:10:23] [200/459] PLAK
[10:10:24] [201/459] GCMC
[10:10:24] [202/459] ALPY
[10:10:25] [203/459] SICE
[10:10:26] [204/459] SISR
[10:10:28] [205/459] SRPZ
[10:10:28] [206/459] SRSW
[10:10:29] [207/459] SUYA
[10:10:30] [208/459] AMMT
[10:10:31] [209/459] BHCU
[10:10:32] [210/459] KLPA
[10:10:32] [211/459] NVKH
[10:10:33] [212/459] JMRC
[10:10:34] [213/459] KTTT
[10:10:35] [214/459] MAGH
[10:10:36] [215/459] MMMX
[10:10:36] [216/459] SALJ
[10:10:37] [217/459] GTJA
[10:10:38] [218/459] MAHT
[10:10:39] [219/459] SSNN
[10:10:40] [220/459] ARRP
[10:10:40] [221/459] ATNS
[10:10:41] [222/459] SKDT
[10:10:42] [223/459] ACAT
[10:10:43] [224/459] APRC
[10:10:44] [225/459] SWAG
[10:10:45] [226/459] SDPT
[10:10:46] [227/459] STPS
[10:10:46] [228/459] WWCZ
[10:10:47] [229/459] LLCH
[10:10:48] [230/459] MZHA
[10:10:49] [231/459] CRJG
[10:10:49] [232/459] JGTK
[10:10:50] [233/459] KCSR
[10:10:51] [234/459] CHTL
[10:10:52] [235/459] EDSR
[10:10:53] [236/459] CSWO
[10:10:53] [237/459] CPVM
[10:10:54] [238/459] MXBY
[10:10:55] [239/459] FMMA
[10:10:56] [240/459] POVI
[10:10:57] [241/459] MTHB
[10:10:58] [242/459] INRC
[10:10:58] [243/459] PIPP
[10:10:59] [244/459] BMXC
[10:11:00] [245/459] PCMM
[10:11:01] [246/459] PMKM
[10:11:01] [247/459] GATY
[10:11:02] [248/459] IMCM
[10:11:03] [249/459] POPE
[10:11:04] [250/459] MTCR
[10:11:05] [251/459] PVAE
[10:11:06] [252/459] PVMI
[10:11:07] [253/459] CPNM
[10:11:07] [254/459] FMRL
[10:11:08] [255/459] MCIW
[10:11:09] [256/459] MXBO
[10:11:10] [257/459] FMKY
[10:11:11] [258/459] FMDA
[10:11:11] [259/459] THAB
[10:11:12] [260/459] PRCW
[10:11:13] [261/459] PITI
[10:11:13] [262/459] MCFF
[10:11:14] [263/459] PDDV
[10:11:15] [264/459] MCRM
[10:11:16] [265/459] KKMB
[10:11:16] [266/459] INKO
[10:11:17] [267/459] PLXP
[10:11:18] [268/459] MMHA
[10:11:19] [269/459] FMVS
[10:11:20] [270/459] POLM
[10:11:21] [271/459] STER
[10:11:21] [272/459] PVWJ
[10:11:22] [273/459] IMJW
[10:11:24] [274/459] FNAN
[10:11:24] [275/459] CAGL
[10:11:25] [276/459] IPBG
[10:11:26] [277/459] SMFV
[10:11:27] [278/459] MMMR
[10:11:28] [279/459] MMWM
[10:11:28] [280/459] FNCM
[10:11:29] [281/459] MDVA
[10:11:30] [282/459] MMET
[10:11:31] [283/459] MIDO
[10:11:32] [284/459] INNP
[10:11:33] [285/459] MIFU
[10:11:33] [286/459] MMSZ
[10:11:35] [287/459] BMXA
[10:11:36] [288/459] MCAA
[10:11:36] [289/459] SCVP
[10:11:37] [290/459] PLUS
[10:11:38] [291/459] MUCK
[10:11:39] [292/459] MTMA
[10:11:40] [293/459] HPVR
[10:11:40] [294/459] PMPK
[10:11:41] [295/459] MAJB
[10:11:42] [296/459] CTRR
[10:11:42] [297/459] MCTG
[10:11:43] [298/459] MACE
[10:11:44] [299/459] AAAS
[10:11:45] [300/459] CPVV
[10:11:46] [301/459] RCHG
[10:11:47] [302/459] MCNE
[10:11:48] [303/459] EMNC
[10:11:49] [304/459] MCAN
[10:11:49] [305/459] TCDM
[10:11:50] [306/459] IRGT
[10:11:51] [307/459] GCMG
[10:11:52] [308/459] MXSN
[10:11:53] [309/459] MXCK
[10:11:54] [310/459] MCRC
[10:11:55] [311/459] RSMI
[10:11:56] [312/459] WAML
[10:11:57] [313/459] MTSC
[10:11:59] [314/459] FMDR
[10:12:00] [315/459] LEPV
[10:12:01] [316/459] MTGD
[10:12:01] [317/459] IMOB
[10:12:03] [318/459] CLMM
[10:12:04] [319/459] PZCD
[10:12:04] [320/459] GOCS
[10:12:05] [321/459] KCMA
[10:12:05] [322/459] CCMP
[10:12:06] [323/459] MTSU
[10:12:07] [324/459] SNGL
[10:12:08] [325/459] MMMC
[10:12:09] [326/459] MMAA
[10:12:10] [327/459] GCDM
[10:12:11] [328/459] KTMV
[10:12:12] [329/459] AETE
[10:12:13] [330/459] OMCS
[10:12:14] [331/459] GDCD
[10:12:14] [332/459] NYMD
[10:12:15] [333/459] RNCV
[10:12:16] [334/459] KKMT
[10:12:17] [335/459] GDTH
[10:12:17] [336/459] KMMV
[10:12:18] [337/459] NHCG
[10:12:19] [338/459] PJDW
[10:12:20] [339/459] MMCV
[10:12:20] [340/459] FQSA
[10:12:21] [341/459] KURL
[10:12:22] [342/459] NNNX
[10:12:23] [343/459] AMAU
[10:12:24] [344/459] VVVM
[10:12:24] [345/459] VECU
[10:12:25] [346/459] WCVR
[10:12:26] [347/459] MTGG
[10:12:27] [348/459] SGTG
[10:12:28] [349/459] MNTG
[10:12:29] [350/459] JDDG
[10:12:29] [351/459] MBTK
[10:12:30] [352/459] SGCD
[10:12:31] [353/459] MCTC
[10:12:32] [354/459] JTPC
[10:12:33] [355/459] SDKT
[10:12:33] [356/459] KRCC
[10:12:34] [357/459] RMMD
[10:12:35] [358/459] AAME
[10:12:36] [359/459] TMWC
[10:12:37] [360/459] NRWY
[10:12:37] [361/459] CITD
[10:12:38] [362/459] VERD
[10:12:39] [363/459] MKSK
[10:12:40] [364/459] STSM
[10:12:41] [365/459] MJDG
[10:12:41] [366/459] RKPM
[10:12:42] [367/459] SSCE
[10:12:43] [368/459] VMAE
[10:12:44] [369/459] SBRU
[10:12:45] [370/459] AMBC
[10:12:46] [371/459] AMLU
[10:12:46] [372/459] INVZ
[10:12:47] [373/459] LGTV
[10:12:48] [374/459] SVAD
[10:12:49] [375/459] SMSA
[10:12:50] [376/459] SPCZ
[10:12:51] [377/459] GTCX
[10:12:52] [378/459] SCSL
[10:12:52] [379/459] SAHU
[10:12:53] [380/459] NCDA
[10:12:54] [381/459] SCCG
[10:12:55] [382/459] VKTL
[10:12:56] [383/459] PUUJ
[10:12:57] [384/459] STEJ
[10:12:58] [385/459] RJAL
[10:12:59] [386/459] ACJC
[10:12:59] [387/459] VTHC
[10:13:00] [388/459] ARVB
[10:13:01] [389/459] AUBB
[10:13:02] [390/459] GDBR
[10:13:02] [391/459] PVND
[10:13:03] [392/459] BGRJ
[10:13:04] [393/459] RJMM
[10:13:05] [394/459] MCSA
[10:13:05] [395/459] BODA
[10:13:06] [396/459] JAGG
[10:13:07] [397/459] SCGA
[10:13:09] [398/459] LRCM
[10:13:09] [399/459] CPCN
[10:13:10] [400/459] SSTF
[10:13:11] [401/459] SRXP
[10:13:12] [402/459] CNFX
[10:13:12] [403/459] ANDI
[10:13:13] [404/459] SYEW
[10:13:14] [405/459] RCRE
[10:13:15] [406/459] SCRW
[10:13:15] [407/459] MBKR
[10:13:16] [408/459] ASNT
[10:13:17] [409/459] JTMT
[10:13:18] [410/459] SHAY
[10:13:18] [411/459] VRTH
[10:13:19] [412/459] SPTI
[10:13:20] [413/459] DPTD
[10:13:21] [414/459] TGSN
[10:13:21] [415/459] RCWV
[10:13:22] [416/459] OCUR
[10:13:24] [417/459] KSTC
[10:13:24] [418/459] SANI
[10:13:25] [419/459] MLCA
[10:13:26] [420/459] EGCA
[10:13:27] [421/459] SYSN
[10:13:28] [422/459] PKTA
[10:13:29] [423/459] PRCC
[10:13:29] [424/459] KSTR
[10:13:30] [425/459] SNTP
[10:13:31] [426/459] RCHA
[10:13:32] [427/459] SEEA
[10:13:33] [428/459] ALAT
[10:13:34] [429/459] AATV
[10:13:35] [430/459] RJTE
[10:13:36] [431/459] AAPP
[10:13:36] [432/459] PMMH
[10:13:37] [433/459] INRJ
[10:13:38] [434/459] SARB
[10:13:39] [435/459] PCJL
[10:13:40] [436/459] PFJJ
[10:13:41] [437/459] GRDC
[10:13:42] [438/459] BCBA
[10:13:43] [439/459] VIXL
[10:13:44] [440/459] CSTL
[10:13:45] [441/459] MTDK
[10:13:45] [442/459] TDAC
[10:13:46] [443/459] GTDN
[10:13:47] [444/459] TTDE
[10:13:48] [445/459] ASTS
[10:13:49] [446/459] CPNS
[10:13:50] [447/459] PVVW
[10:13:50] [448/459] USEB
[10:13:52] [449/459] DTYN
[10:13:53] [450/459] PVLE
[10:13:54] [451/459] CIPS
[10:13:54] [452/459] PAEG
[10:13:55] [453/459] PTCW
[10:13:56] [454/459] G3SR
[10:13:57] [455/459] PGND
[10:13:57] [456/459] INVM
[10:13:58] [457/459] SPIA
[10:13:59] [458/459] PCSN
[10:14:00] [459/459] PPGV
[10:14:01] 🧹 Deduping shows
[10:14:01] ✅ DONE | Shows=478 | Movies=33
