[10:07:27] 🚀 SCRIPT STARTED
[10:07:27] [1/459] MCCZ
[10:07:27] 🧠 New identity created
[10:07:28] [2/459] FRPU
[10:07:29] [3/459] SKSI
[10:07:30] [4/459] SSCK
[10:07:31] [5/459] SRDC
[10:07:31] [6/459] RSCZ
[10:07:32] [7/459] PRVT
[10:07:33] [8/459] GAGJ
[10:07:34] [9/459] SMHG
[10:07:35] [10/459] JTST
[10:07:36] [11/459] MYTH
[10:07:37] [12/459] JPCC
[10:07:37] [13/459] ACDC
[10:07:38] [14/459] SVFP
[10:07:40] [15/459] SFCM
[10:07:40] [16/459] RUPK
[10:07:41] [17/459] NTCR
[10:07:42] [18/459] RTCH
[10:07:43] [19/459] SCMH
[10:07:44] [20/459] SVYM
[10:07:45] [21/459] SPYM
[10:07:46] [22/459] SMMF
[10:07:48] [23/459] CLLB
[10:07:48] [24/459] FMCB
[10:07:49] [25/459] BBTC
[10:07:50] [26/459] NTHS
[10:07:51] [27/459] PKKJ
[10:07:52] [28/459] MTJA
[10:07:53] [29/459] PMSJ
[10:07:54] [30/459] JMJU
[10:07:54] [31/459] SRAD
[10:07:55] [32/459] MJMC
[10:07:56] [33/459] DFRM
[10:07:57] [34/459] PMRS
[10:07:58] [35/459] RKPP
[10:07:59] [36/459] BMBK
[10:08:00] [37/459] NEWS
[10:08:01] [38/459] SALB
[10:08:03] [39/459] SCPW
[10:08:03] [40/459] RAYL
[10:08:04] [41/459] CMGJ
[10:08:05] [42/459] JRCR
[10:08:06] [43/459] SRTB
[10:08:06] [44/459] ETPB
[10:08:07] [45/459] MXBN
[10:08:08] [46/459] TOPE
[10:08:09] [47/459] SNLJ
[10:08:09] [48/459] CDDP
[10:08:10] [49/459] APCX
[10:08:11] [50/459] TALP
[10:08:12] [51/459] RRMP
[10:08:13] [52/459] MAHB
[10:08:14] [53/459] MTKR
[10:08:15] [54/459] KSKL
[10:08:16] [55/459] RJLT
[10:08:17] [56/459] ATAS
[10:08:17] [57/459] AMHR
[10:08:18] [58/459] RSRM
[10:08:19] [59/459] GCAT
[10:08:20] [60/459] SMML
[10:08:21] [61/459] ACCD
[10:08:21] [62/459] VYDA
[10:08:22] [63/459] MSKT
[10:08:23] [64/459] AVDM
[10:08:24] [65/459] ASMH
[10:08:24] [66/459] VTMB
[10:08:25] [67/459] WVMB
[10:08:26] [68/459] PPMN
[10:08:27] [69/459] MTMD
[10:08:28] [70/459] SMMO
[10:08:29] [71/459] DLPB
[10:08:30] [72/459] AKMD
[10:08:31] [73/459] SHRR
[10:08:32] [74/459] ASCO
[10:08:33] [75/459] CZVX
[10:08:34] [76/459] GCBB
[10:08:35] [77/459] ATBM
[10:08:36] [78/459] TCGM
[10:08:37] [79/459] UMSE
[10:08:38] [80/459] NKCL
[10:08:39] [81/459] BTLR
[10:08:39] [82/459] GOCL
[10:08:40] [83/459] MIRN
[10:08:42] [84/459] THEC
[10:08:43] [85/459] SPPB
[10:08:44] [86/459] PMMM
[10:08:44] [87/459] GGMC
[10:08:45] [88/459] AVSR
[10:08:46] [89/459] RDMH
[10:08:46] [90/459] JSRS
[10:08:47] [91/459] VKGP
[10:08:48] [92/459] ACRT
[10:08:48] [93/459] GCBA
[10:08:49] [94/459] GTCP
[10:08:50] [95/459] AKFC
[10:08:51] [96/459] INCS
[10:08:52] [97/459] SMCK
[10:08:53] [98/459] BRUN
[10:08:54] [99/459] RPPC
[10:08:54] [100/459] PAYD
[10:08:55] [101/459] SVVT
[10:08:56] [102/459] RNCC
[10:08:57] [103/459] PCRC
[10:08:58] [104/459] PMRM
[10:08:58] [105/459] CCRP
[10:08:59] [106/459] INCR
[10:09:00] [107/459] ZTMP
[10:09:01] [108/459] MCNR
[10:09:02] [109/459] INRP
[10:09:03] [110/459] STRC
[10:09:04] [111/459] RATI
[10:09:05] [112/459] PBTR
[10:09:06] [113/459] CMHP
[10:09:07] [114/459] ZECJ
[10:09:08] [115/459] CCCB
[10:09:08] [116/459] BWCB
[10:09:09] [117/459] CCAT
[10:09:10] [118/459] KGCM
[10:09:11] [119/459] INPT
[10:09:11] [120/459] FNCO
[10:09:12] [121/459] SRMJ
[10:09:13] [122/459] PFSC
[10:09:14] [123/459] PBMC
[10:09:14] [124/459] KARP
[10:09:15] [125/459] KOVI
[10:09:16] [126/459] ACXL
[10:09:17] [127/459] GKCC
[10:09:18] [128/459] ASCC
[10:09:19] [129/459] SETC
[10:09:19] [130/459] KACC
[10:09:20] [131/459] KAVE
[10:09:21] [132/459] CNTC
[10:09:22] [133/459] MEEN
[10:09:23] [134/459] BMRV
[10:09:24] [135/459] SVAM
[10:09:25] [136/459] VTBP
[10:09:26] [137/459] VCKN
[10:09:26] [138/459] SGTK
[10:09:27] [139/459] RCGS
[10:09:28] [140/459] RCCB
[10:09:30] [141/459] RKSR
[10:09:31] [142/459] RKCU
[10:09:31] [143/459] GIBH
[10:09:32] [144/459] CXBS
[10:09:33] [145/459] GGCB
[10:09:34] [146/459] SCPB
[10:09:34] [147/459] AKTB
[10:09:35] [148/459] SRBU
[10:09:36] [149/459] CSSA
[10:09:37] [150/459] MYAN
[10:09:38] [151/459] EXCA
[10:09:39] [152/459] CKSA
[10:09:39] [153/459] JTNM
[10:09:40] [154/459] CXKT
[10:09:41] [155/459] NCLM
[10:09:42] [156/459] JAAD
[10:09:42] [157/459] RDCR
[10:09:43] [158/459] MEER
[10:09:44] [159/459] SIBT
[10:09:45] [160/459] PVVB
[10:09:45] [161/459] FNPN
[10:09:46] [162/459] CRPX
[10:09:47] [163/459] STET
[10:09:48] [164/459] METE
[10:09:48] [165/459] BJML
[10:09:49] [166/459] MAVT
[10:09:50] [167/459] MSRM
[10:09:51] [168/459] TJMP
[10:09:51] [169/459] MHCK
[10:09:52] [170/459] SVGP
[10:09:53] [171/459] KRRC
[10:09:55] [172/459] IMCH
[10:09:56] [173/459] CMCS
[10:09:57] [174/459] SGND
[10:09:58] [175/459] RNAT
[10:09:59] [176/459] PRTN
[10:10:00] [177/459] MPTN
[10:10:01] [178/459] ARCC
[10:10:01] [179/459] NTTE
[10:10:02] [180/459] ABND
[10:10:04] [181/459] KCSN
[10:10:04] [182/459] KCSA
[10:10:05] [183/459] DCKT
[10:10:06] [184/459] MBBR
[10:10:07] [185/459] RAMU
[10:10:08] [186/459] RACW
[10:10:08] [187/459] MCHP
[10:10:09] [188/459] TMHM
[10:10:10] [189/459] STXH
[10:10:11] [190/459] AGSG
[10:10:11] [191/459] SIRA
[10:10:12] [192/459] RCAN
[10:10:13] [193/459] CWTB
[10:10:13] [194/459] VTYM
[10:10:14] [195/459] RRPP
[10:10:15] [196/459] ASMR
[10:10:16] [197/459] RONO
[10:10:16] [198/459] MEMR
[10:10:17] [199/459] CTMR
[10:10:18] [200/459] PMTT
[10:10:19] [201/459] PSLX
[10:10:20] [202/459] IPPL
[10:10:21] [203/459] MMSG
[10:10:22] [204/459] INEL
[10:10:23] [205/459] COAC
[10:10:24] [206/459] WVLK
[10:10:25] [207/459] PPXL
[10:10:26] [208/459] PSML
[10:10:27] [209/459] FNLK
[10:10:27] [210/459] ILUM
[10:10:28] [211/459] ILCM
[10:10:29] [212/459] MSNL
[10:10:30] [213/459] VINB
[10:10:30] [214/459] SALW
[10:10:31] [215/459] PRTB
[10:10:32] [216/459] NCIL
[10:10:32] [217/459] PSUL
[10:10:33] [218/459] SCLK
[10:10:34] [219/459] ADDC
[10:10:35] [220/459] OACL
[10:10:35] [221/459] OOCF
[10:10:36] [222/459] GPMF
[10:10:37] [223/459] SSDG
[10:10:38] [224/459] SKRS
[10:10:39] [225/459] NTTP
[10:10:40] [226/459] SLTP
[10:10:40] [227/459] JTLC
[10:10:41] [228/459] POON
[10:10:42] [229/459] CCPC
[10:10:42] [230/459] DCKC
[10:10:43] [231/459] CPRT
[10:10:44] [232/459] EYHZ
[10:10:45] [233/459] ARBL
[10:10:46] [234/459] SBTB
[10:10:47] [235/459] MMCK
[10:10:48] [236/459] PLMR
[10:10:49] [237/459] BIJH
[10:10:50] [238/459] SDRT
[10:10:51] [239/459] PRDC
[10:10:52] [240/459] OMJA
[10:10:53] [241/459] VKCR
[10:10:53] [242/459] ATRT
[10:10:54] [243/459] WVRP
[10:10:55] [244/459] MVRP
[10:10:56] [245/459] FCAX
[10:10:56] [246/459] CTLC
[10:10:57] [247/459] JCHB
[10:10:58] [248/459] SELP
[10:10:59] [249/459] VCPG
[10:11:00] [250/459] ASCX
[10:11:01] [251/459] EOCS
[10:11:02] [252/459] RCPH
[10:11:03] [253/459] RJTM
[10:11:04] [254/459] SGMD
[10:11:04] [255/459] SVJT
[10:11:05] [256/459] SPPO
[10:11:06] [257/459] MNRL
[10:11:07] [258/459] KNOX
[10:11:07] [259/459] GIER
[10:11:08] [260/459] PJMS
[10:11:09] [261/459] UNSP
[10:11:10] [262/459] JETP
[10:11:10] [263/459] VTWA
[10:11:11] [264/459] SCJI
[10:11:12] [265/459] CBZZ
[10:11:14] [266/459] SDCJ
[10:11:15] [267/459] RRCC
[10:11:16] [268/459] VNKG
[10:11:17] [269/459] LKTO
[10:11:18] [270/459] PJRM
[10:11:19] [271/459] NVRM
[10:11:20] [272/459] SJCS
[10:11:21] [273/459] VIGK
[10:11:22] [274/459] ANST
[10:11:22] [275/459] JTTS
[10:11:23] [276/459] NTST
[10:11:24] [277/459] PREB
[10:11:25] [278/459] TSCZ
[10:11:25] [279/459] CDCM
[10:11:26] [280/459] ELYE
[10:11:27] [281/459] INBS
[10:11:28] [282/459] SMGC
[10:11:29] [283/459] UTMP
[10:11:29] [284/459] INTA
[10:11:30] [285/459] OMPT
[10:11:31] [286/459] SCIR
[10:11:32] [287/459] GCKJ
[10:11:33] [288/459] INOG
[10:11:34] [289/459] SMGB
[10:11:35] [290/459] MCSG
[10:11:36] [291/459] STKG
[10:11:37] [292/459] TTKG
[10:11:37] [293/459] SRTR
[10:11:38] [294/459] ETTR
[10:11:39] [295/459] GGGZ
[10:11:41] [296/459] IPGM
[10:11:42] [297/459] FCDH
[10:11:44] [298/459] DESB
[10:11:44] [299/459] VNTP
[10:11:45] [300/459] ANNT
[10:11:46] [301/459] SLTI
[10:11:47] [302/459] MAJU
[10:11:49] [303/459] JCXP
[10:11:49] [304/459] HARK
[10:11:50] [305/459] JPCJ
[10:11:51] [306/459] RXBD
[10:11:52] [307/459] PTKJ
[10:11:53] [308/459] CMTU
[10:11:54] [309/459] SWOR
[10:11:55] [310/459] JMEX
[10:11:56] [311/459] DTPT
[10:11:57] [312/459] VGMM
[10:11:58] [313/459] VCSG
[10:11:59] [314/459] CVCG
[10:11:59] [315/459] TNTT
[10:12:00] [316/459] SHRM
[10:12:01] [317/459] CGKD
[10:12:02] [318/459] EKCM
[10:12:02] [319/459] SDCX
[10:12:03] [320/459] SBTE
[10:12:04] [321/459] STKJ
[10:12:05] [322/459] TPCE
[10:12:06] [323/459] JTNP
[10:12:07] [324/459] LPCH
[10:12:07] [325/459] CPUO
[10:12:08] [326/459] APSU
[10:12:09] [327/459] RTHC
[10:12:10] [328/459] PTBU
[10:12:11] [329/459] CUCC
[10:12:12] [330/459] CPSA
[10:12:12] [331/459] SUAY
[10:12:13] [332/459] AYAA
[10:12:14] [333/459] MUCH
[10:12:15] [334/459] PCIN
[10:12:16] [335/459] JRRM
[10:12:16] [336/459] KATS
[10:12:17] [337/459] MHFF
[10:12:19] [338/459] ESYM
[10:12:20] [339/459] STYV
[10:12:20] [340/459] SDKG
[10:12:21] [341/459] SMTI
[10:12:22] [342/459] NYCS
[10:12:23] [343/459] MTBG
[10:12:23] [344/459] RHCA
[10:12:24] [345/459] PCKH
[10:12:25] [346/459] ARCR
[10:12:26] [347/459] NCMB
[10:12:26] [348/459] SHYC
[10:12:27] [349/459] LACK
[10:12:28] [350/459] MTCM
[10:12:29] [351/459] RRBN
[10:12:30] [352/459] MYDC
[10:12:31] [353/459] STCS
[10:12:31] [354/459] CONN
[10:12:32] [355/459] SIPS
[10:12:33] [356/459] SMMX
[10:12:34] [357/459] SCBY
[10:12:35] [358/459] SUAP
[10:12:35] [359/459] RSMK
[10:12:36] [360/459] STKP
[10:12:37] [361/459] CIPC
[10:12:38] [362/459] KKCI
[10:12:39] [363/459] CTNK
[10:12:40] [364/459] MMTZ
[10:12:40] [365/459] DCCO
[10:12:41] [366/459] VNMN
[10:12:42] [367/459] RLCN
[10:12:42] [368/459] CMMS
[10:12:43] [369/459] AYOU
[10:12:44] [370/459] SSCN
[10:12:45] [371/459] SMXN
[10:12:47] [372/459] ASSK
[10:12:47] [373/459] VCKM
[10:12:48] [374/459] PCPH
[10:12:49] [375/459] PADM
[10:12:50] [376/459] IESA
[10:12:51] [377/459] VCSP
[10:12:52] [378/459] AEST
[10:12:53] [379/459] VTNR
[10:12:53] [380/459] GTTA
[10:12:54] [381/459] CMMM
[10:12:55] [382/459] AHKT
[10:12:57] [383/459] SIJI
[10:12:57] [384/459] VCEI
[10:12:58] [385/459] SAKR
[10:12:59] [386/459] VSMT
[10:13:00] [387/459] SSCT
[10:13:01] [388/459] USTR
[10:13:02] [389/459] MTKT
[10:13:02] [390/459] TGMP
[10:13:03] [391/459] SIVC
[10:13:04] [392/459] KICT
[10:13:05] [393/459] DAMD
[10:13:06] [394/459] CNPT
[10:13:07] [395/459] RVTT
[10:13:08] [396/459] SNCM
[10:13:09] [397/459] GHTE
[10:13:10] [398/459] PPAM
[10:13:10] [399/459] PVAA
[10:13:11] [400/459] CPAO
[10:13:12] [401/459] HAMD
[10:13:13] [402/459] RCCA
[10:13:14] [403/459] MPCH
[10:13:15] [404/459] ARED
[10:13:16] [405/459] RRCV
[10:13:17] [406/459] MTRB
[10:13:17] [407/459] CKUA
[10:13:18] [408/459] ABMP
[10:13:19] [409/459] RCWA
[10:13:20] [410/459] CGAR
[10:13:20] [411/459] METH
[10:13:22] [412/459] WAGA
[10:13:23] [413/459] MCMA
[10:13:24] [414/459] CSMP
[10:13:25] [415/459] RCNK
[10:13:26] [416/459] PSTM
[10:13:26] [417/459] CSEP
[10:13:27] [418/459] AMGD
[10:13:28] [419/459] CSTE
[10:13:29] [420/459] CONS
[10:13:30] [421/459] APPX
[10:13:31] [422/459] MABC
[10:13:32] [423/459] CXST
[10:13:33] [424/459] MATN
[10:13:34] [425/459] MACZ
[10:13:35] [426/459] MASA
[10:13:35] [427/459] MBSX
[10:13:36] [428/459] CSST
[10:13:37] [429/459] APCL
[10:13:38] [430/459] CGOS
[10:13:39] [431/459] CPEC
[10:13:40] [432/459] MCCP
[10:13:40] [433/459] BSSO
[10:13:41] [434/459] SJKA
[10:13:42] [435/459] CGBO
[10:13:43] [436/459] MVSK
[10:13:44] [437/459] HVCA
[10:13:45] [438/459] NAMD
[10:13:46] [439/459] DEVI
[10:13:47] [440/459] SCSV
[10:13:48] [441/459] PSMA
[10:13:49] [442/459] CLDJ
[10:13:50] [443/459] NMAD
[10:13:50] [444/459] CGMO
[10:13:51] [445/459] MCNA
[10:13:53] [446/459] OCBN
[10:13:54] [447/459] CPEM
[10:13:55] [448/459] CPSM
[10:13:56] [449/459] RCAD
[10:13:56] [450/459] CPMU
[10:13:57] [451/459] DICD
[10:13:58] [452/459] CHOE
[10:13:59] [453/459] PDJM
[10:14:00] [454/459] SSTU
[10:14:01] [455/459] VNRN
[10:14:01] [456/459] PVLG
[10:14:02] [457/459] SWBL
[10:14:03] [458/459] SCAB
[10:14:03] [459/459] RDDA
[10:14:04] 🧹 Deduping shows
[10:14:04] ✅ DONE | Shows=542 | Movies=40
[16:47:59] 🚀 SCRIPT STARTED
[16:47:59] [1/459] MCCZ
[16:47:59] 🧠 New identity created
[16:48:01] [2/459] FRPU
[16:48:02] [3/459] SKSI
[16:48:03] [4/459] SSCK
[16:48:04] [5/459] SRDC
[16:48:06] [6/459] RSCZ
[16:48:07] [7/459] PRVT
[16:48:08] [8/459] GAGJ
[16:48:09] [9/459] SMHG
[16:48:10] [10/459] JTST
[16:48:11] [11/459] MYTH
[16:48:12] [12/459] JPCC
[16:48:13] [13/459] ACDC
[16:48:15] [14/459] SVFP
[16:48:16] [15/459] SFCM
[16:48:17] [16/459] RUPK
[16:48:18] [17/459] NTCR
[16:48:20] [18/459] RTCH
[16:48:20] [19/459] SCMH
[16:48:21] [20/459] SVYM
[16:48:23] [21/459] SPYM
[16:48:25] [22/459] SMMF
[16:48:25] [23/459] CLLB
[16:48:26] [24/459] FMCB
[16:48:28] [25/459] BBTC
[16:48:29] [26/459] NTHS
[16:48:30] [27/459] PKKJ
[16:48:32] [28/459] MTJA
[16:48:33] [29/459] PMSJ
[16:48:34] [30/459] JMJU
[16:48:35] [31/459] SRAD
[16:48:36] [32/459] MJMC
[16:48:37] [33/459] DFRM
[16:48:38] [34/459] PMRS
[16:48:39] [35/459] RKPP
[16:48:40] [36/459] BMBK
[16:48:41] [37/459] NEWS
[16:48:43] [38/459] SALB
[16:48:44] [39/459] SCPW
[16:48:45] [40/459] RAYL
[16:48:45] [41/459] CMGJ
[16:48:47] [42/459] JRCR
[16:48:48] [43/459] SRTB
[16:48:50] [44/459] ETPB
[16:48:51] [45/459] MXBN
[16:48:52] [46/459] TOPE
[16:48:52] [47/459] SNLJ
[16:48:53] [48/459] CDDP
[16:48:54] [49/459] APCX
[16:48:55] [50/459] TALP
[16:48:57] [51/459] RRMP
[16:48:58] [52/459] MAHB
[16:48:59] [53/459] MTKR
[16:49:00] [54/459] KSKL
[16:49:01] [55/459] RJLT
[16:49:02] [56/459] ATAS
[16:49:03] [57/459] AMHR
[16:49:05] [58/459] RSRM
[16:49:06] [59/459] GCAT
[16:49:07] [60/459] SMML
[16:49:08] [61/459] ACCD
[16:49:10] [62/459] VYDA
[16:49:11] [63/459] MSKT
[16:49:12] [64/459] AVDM
[16:49:13] [65/459] ASMH
[16:49:14] [66/459] VTMB
[16:49:15] [67/459] WVMB
[16:49:16] [68/459] PPMN
[16:49:17] [69/459] MTMD
[16:49:18] [70/459] SMMO
[16:49:19] [71/459] DLPB
[16:49:20] [72/459] AKMD
[16:49:22] [73/459] SHRR
[16:49:23] [74/459] ASCO
[16:49:24] [75/459] CZVX
[16:49:25] [76/459] GCBB
[16:49:27] [77/459] ATBM
[16:49:28] [78/459] TCGM
[16:49:29] [79/459] UMSE
[16:49:29] [80/459] NKCL
[16:49:30] [81/459] BTLR
[16:49:32] [82/459] GOCL
[16:49:33] [83/459] MIRN
[16:49:34] [84/459] THEC
[16:49:35] [85/459] SPPB
[16:49:36] [86/459] PMMM
[16:49:38] [87/459] GGMC
[16:49:38] [88/459] AVSR
[16:49:40] [89/459] RDMH
[16:49:41] [90/459] JSRS
[16:49:42] [91/459] VKGP
[16:49:43] [92/459] ACRT
[16:49:44] [93/459] GCBA
[16:49:45] [94/459] GTCP
[16:49:45] [95/459] AKFC
[16:49:46] [96/459] INCS
[16:49:47] [97/459] SMCK
[16:49:49] [98/459] BRUN
[16:49:50] [99/459] RPPC
[16:49:51] [100/459] PAYD
[16:49:52] [101/459] SVVT
[16:49:54] [102/459] RNCC
[16:49:54] [103/459] PCRC
[16:49:55] [104/459] PMRM
[16:49:56] [105/459] CCRP
[16:49:57] [106/459] INCR
[16:49:58] [107/459] ZTMP
[16:49:59] [108/459] MCNR
[16:50:00] [109/459] INRP
[16:50:01] [110/459] STRC
[16:50:02] [111/459] RATI
[16:50:04] [112/459] PBTR
[16:50:05] [113/459] CMHP
[16:50:06] [114/459] ZECJ
[16:50:07] [115/459] CCCB
[16:50:08] [116/459] BWCB
[16:50:09] [117/459] CCAT
[16:50:10] [118/459] KGCM
[16:50:11] [119/459] INPT
[16:50:12] [120/459] FNCO
[16:50:13] [121/459] SRMJ
[16:50:15] [122/459] PFSC
[16:50:15] [123/459] PBMC
[16:50:16] [124/459] KARP
[16:50:17] [125/459] KOVI
[16:50:18] [126/459] ACXL
[16:50:19] [127/459] GKCC
[16:50:19] [128/459] ASCC
[16:50:20] [129/459] SETC
[16:50:21] [130/459] KACC
[16:50:22] [131/459] KAVE
[16:50:23] [132/459] CNTC
[16:50:25] [133/459] MEEN
[16:50:26] [134/459] BMRV
[16:50:27] [135/459] SVAM
[16:50:28] [136/459] VTBP
[16:50:29] [137/459] VCKN
[16:50:31] [138/459] SGTK
[16:50:32] [139/459] RCGS
[16:50:33] [140/459] RCCB
[16:50:34] [141/459] RKSR
[16:50:35] [142/459] RKCU
[16:50:36] [143/459] GIBH
[16:50:38] [144/459] CXBS
[16:50:39] [145/459] GGCB
[16:50:40] [146/459] SCPB
[16:50:42] [147/459] AKTB
[16:50:43] [148/459] SRBU
[16:50:44] [149/459] CSSA
[16:50:45] [150/459] MYAN
[16:50:46] [151/459] EXCA
[16:50:48] [152/459] CKSA
[16:50:49] [153/459] JTNM
[16:50:50] [154/459] CXKT
[16:50:51] [155/459] NCLM
[16:50:52] [156/459] JAAD
[16:50:53] [157/459] RDCR
[16:50:55] [158/459] MEER
[16:50:55] [159/459] SIBT
[16:50:57] [160/459] PVVB
[16:50:58] [161/459] FNPN
[16:50:59] [162/459] CRPX
[16:51:00] [163/459] STET
[16:51:01] [164/459] METE
[16:51:03] [165/459] BJML
[16:51:03] [166/459] MAVT
[16:51:04] [167/459] MSRM
[16:51:05] [168/459] TJMP
[16:51:06] [169/459] MHCK
[16:51:07] [170/459] SVGP
[16:51:08] [171/459] KRRC
[16:51:09] [172/459] IMCH
[16:51:10] [173/459] CMCS
[16:51:11] [174/459] SGND
[16:51:11] [175/459] RNAT
[16:51:13] [176/459] PRTN
[16:51:14] [177/459] MPTN
[16:51:15] [178/459] ARCC
[16:51:16] [179/459] NTTE
[16:51:16] [180/459] ABND
[16:51:17] [181/459] KCSN
[16:51:18] [182/459] KCSA
[16:51:20] [183/459] DCKT
[16:51:20] [184/459] MBBR
[16:51:21] [185/459] RAMU
[16:51:23] [186/459] RACW
[16:51:24] [187/459] MCHP
[16:51:24] [188/459] TMHM
[16:51:26] [189/459] STXH
[16:51:27] [190/459] AGSG
[16:51:28] [191/459] SIRA
[16:51:29] [192/459] RCAN
[16:51:31] [193/459] CWTB
[16:51:32] [194/459] VTYM
[16:51:33] [195/459] RRPP
[16:51:34] [196/459] ASMR
[16:51:36] [197/459] RONO
[16:51:37] [198/459] MEMR
[16:51:38] [199/459] CTMR
[16:51:39] [200/459] PMTT
[16:51:40] [201/459] PSLX
[16:51:42] [202/459] IPPL
[16:51:43] [203/459] MMSG
[16:51:44] [204/459] INEL
[16:51:45] [205/459] COAC
[16:51:46] [206/459] WVLK
[16:51:48] [207/459] PPXL
[16:51:49] [208/459] PSML
[16:51:50] [209/459] FNLK
[16:51:51] [210/459] ILUM
[16:51:53] [211/459] ILCM
[16:51:54] [212/459] MSNL
[16:51:55] [213/459] VINB
[16:51:56] [214/459] SALW
[16:51:57] [215/459] PRTB
[16:51:58] [216/459] NCIL
[16:51:59] [217/459] PSUL
[16:52:00] [218/459] SCLK
[16:52:01] [219/459] ADDC
[16:52:02] [220/459] OACL
[16:52:03] [221/459] OOCF
[16:52:04] [222/459] GPMF
[16:52:06] [223/459] SSDG
[16:52:06] [224/459] SKRS
[16:52:07] [225/459] NTTP
[16:52:10] [226/459] SLTP
[16:52:12] [227/459] JTLC
[16:52:12] [228/459] POON
[16:52:13] [229/459] CCPC
[16:52:14] [230/459] DCKC
[16:52:15] [231/459] CPRT
[16:52:16] [232/459] EYHZ
[16:52:17] [233/459] ARBL
[16:52:18] [234/459] SBTB
[16:52:19] [235/459] MMCK
[16:52:20] [236/459] PLMR
[16:52:21] [237/459] BIJH
[16:52:23] [238/459] SDRT
[16:52:23] [239/459] PRDC
[16:52:25] [240/459] OMJA
[16:52:26] [241/459] VKCR
[16:52:27] [242/459] ATRT
[16:52:28] [243/459] WVRP
[16:52:29] [244/459] MVRP
[16:52:30] [245/459] FCAX
[16:52:31] [246/459] CTLC
[16:52:32] [247/459] JCHB
[16:52:33] [248/459] SELP
[16:52:35] [249/459] VCPG
[16:52:36] [250/459] ASCX
[16:52:37] [251/459] EOCS
[16:52:38] [252/459] RCPH
[16:52:39] [253/459] RJTM
[16:52:41] [254/459] SGMD
[16:52:41] [255/459] SVJT
[16:52:43] [256/459] SPPO
[16:52:44] [257/459] MNRL
[16:52:46] [258/459] KNOX
[16:52:48] [259/459] GIER
[16:52:49] [260/459] PJMS
[16:52:50] [261/459] UNSP
[16:52:51] [262/459] JETP
[16:52:52] [263/459] VTWA
[16:52:53] [264/459] SCJI
[16:52:54] [265/459] CBZZ
[16:52:55] [266/459] SDCJ
[16:52:57] [267/459] RRCC
[16:52:58] [268/459] VNKG
[16:52:59] [269/459] LKTO
[16:52:59] [270/459] PJRM
[16:53:00] [271/459] NVRM
[16:53:02] [272/459] SJCS
[16:53:04] [273/459] VIGK
[16:53:05] [274/459] ANST
[16:53:06] [275/459] JTTS
[16:53:07] [276/459] NTST
[16:53:09] [277/459] PREB
[16:53:10] [278/459] TSCZ
[16:53:11] [279/459] CDCM
[16:53:12] [280/459] ELYE
[16:53:14] [281/459] INBS
[16:53:15] [282/459] SMGC
[16:53:16] [283/459] UTMP
[16:53:17] [284/459] INTA
[16:53:18] [285/459] OMPT
[16:53:20] [286/459] SCIR
[16:53:20] [287/459] GCKJ
[16:53:21] [288/459] INOG
[16:53:22] [289/459] SMGB
[16:53:23] [290/459] MCSG
[16:53:24] [291/459] STKG
[16:53:26] [292/459] TTKG
[16:53:27] [293/459] SRTR
[16:53:28] [294/459] ETTR
[16:53:29] [295/459] GGGZ
[16:53:30] [296/459] IPGM
[16:53:31] [297/459] FCDH
[16:53:32] [298/459] DESB
[16:53:33] [299/459] VNTP
[16:53:34] [300/459] ANNT
[16:53:35] [301/459] SLTI
[16:53:36] [302/459] MAJU
[16:53:38] [303/459] JCXP
[16:53:39] [304/459] HARK
[16:53:40] [305/459] JPCJ
[16:53:41] [306/459] RXBD
[16:53:42] [307/459] PTKJ
[16:53:44] [308/459] CMTU
[16:53:45] [309/459] SWOR
[16:53:46] [310/459] JMEX
[16:53:46] [311/459] DTPT
[16:53:48] [312/459] VGMM
[16:53:49] [313/459] VCSG
[16:53:50] [314/459] CVCG
[16:53:51] [315/459] TNTT
[16:53:53] [316/459] SHRM
[16:53:54] [317/459] CGKD
[16:53:55] [318/459] EKCM
[16:53:56] [319/459] SDCX
[16:53:57] [320/459] SBTE
[16:53:58] [321/459] STKJ
[16:53:59] [322/459] TPCE
[16:54:00] [323/459] JTNP
[16:54:00] [324/459] LPCH
[16:54:01] [325/459] CPUO
[16:54:03] [326/459] APSU
[16:54:04] [327/459] RTHC
[16:54:04] [328/459] PTBU
[16:54:06] [329/459] CUCC
[16:54:07] [330/459] CPSA
[16:54:08] [331/459] SUAY
[16:54:09] [332/459] AYAA
[16:54:11] [333/459] MUCH
[16:54:12] [334/459] PCIN
[16:54:13] [335/459] JRRM
[16:54:14] [336/459] KATS
[16:54:15] [337/459] MHFF
[16:54:16] [338/459] ESYM
[16:54:17] [339/459] STYV
[16:54:17] [340/459] SDKG
[16:54:18] [341/459] SMTI
[16:54:21] [342/459] NYCS
[16:54:23] [343/459] MTBG
[16:54:24] [344/459] RHCA
[16:54:25] [345/459] PCKH
[16:54:27] [346/459] ARCR
[16:54:28] [347/459] NCMB
[16:54:29] [348/459] SHYC
[16:54:30] [349/459] LACK
[16:54:31] [350/459] MTCM
[16:54:32] [351/459] RRBN
[16:54:33] [352/459] MYDC
[16:54:35] [353/459] STCS
[16:54:36] [354/459] CONN
[16:54:38] [355/459] SIPS
[16:54:39] [356/459] SMMX
[16:54:40] [357/459] SCBY
[16:54:41] [358/459] SUAP
[16:54:42] [359/459] RSMK
[16:54:43] [360/459] STKP
[16:54:44] [361/459] CIPC
[16:54:45] [362/459] KKCI
[16:54:46] [363/459] CTNK
[16:54:47] [364/459] MMTZ
[16:54:48] [365/459] DCCO
[16:54:49] [366/459] VNMN
[16:54:49] [367/459] RLCN
[16:54:50] [368/459] CMMS
[16:54:51] [369/459] AYOU
[16:54:52] [370/459] SSCN
[16:54:53] [371/459] SMXN
[16:54:54] [372/459] ASSK
[16:54:55] [373/459] VCKM
[16:54:57] [374/459] PCPH
[16:54:58] [375/459] PADM
[16:54:59] [376/459] IESA
[16:55:01] [377/459] VCSP
[16:55:02] [378/459] AEST
[16:55:03] [379/459] VTNR
[16:55:03] [380/459] GTTA
[16:55:05] [381/459] CMMM
[16:55:06] [382/459] AHKT
[16:55:07] [383/459] SIJI
[16:55:08] [384/459] VCEI
[16:55:09] [385/459] SAKR
[16:55:10] [386/459] VSMT
[16:55:11] [387/459] SSCT
[16:55:13] [388/459] USTR
[16:55:14] [389/459] MTKT
[16:55:15] [390/459] TGMP
[16:55:16] [391/459] SIVC
[16:55:18] [392/459] KICT
[16:55:19] [393/459] DAMD
[16:55:20] [394/459] CNPT
[16:55:21] [395/459] RVTT
[16:55:22] [396/459] SNCM
[16:55:24] [397/459] GHTE
[16:55:25] [398/459] PPAM
[16:55:26] [399/459] PVAA
[16:55:28] [400/459] CPAO
[16:55:29] [401/459] HAMD
[16:55:30] [402/459] RCCA
[16:55:30] [403/459] MPCH
[16:55:31] [404/459] ARED
[16:55:32] [405/459] RRCV
[16:55:33] [406/459] MTRB
[16:55:34] [407/459] CKUA
[16:55:36] [408/459] ABMP
[16:55:37] [409/459] RCWA
[16:55:38] [410/459] CGAR
[16:55:39] [411/459] METH
[16:55:41] [412/459] WAGA
[16:55:42] [413/459] MCMA
[16:55:44] [414/459] CSMP
[16:55:44] [415/459] RCNK
[16:55:45] [416/459] PSTM
[16:55:46] [417/459] CSEP
[16:55:47] [418/459] AMGD
[16:55:48] [419/459] CSTE
[16:55:49] [420/459] CONS
[16:55:49] [421/459] APPX
[16:55:50] [422/459] MABC
[16:55:52] [423/459] CXST
[16:55:52] [424/459] MATN
[16:55:54] [425/459] MACZ
[16:55:55] [426/459] MASA
[16:55:57] [427/459] MBSX
[16:55:58] [428/459] CSST
[16:56:00] [429/459] APCL
[16:56:03] [430/459] CGOS
[16:56:04] [431/459] CPEC
[16:56:05] [432/459] MCCP
[16:56:06] [433/459] BSSO
[16:56:07] [434/459] SJKA
[16:56:08] [435/459] CGBO
[16:56:09] [436/459] MVSK
[16:56:10] [437/459] HVCA
[16:56:11] [438/459] NAMD
[16:56:13] [439/459] DEVI
[16:56:13] [440/459] SCSV
[16:56:14] [441/459] PSMA
[16:56:16] [442/459] CLDJ
[16:56:17] [443/459] NMAD
[16:56:18] [444/459] CGMO
[16:56:19] [445/459] MCNA
[16:56:20] [446/459] OCBN
[16:56:22] [447/459] CPEM
[16:56:23] [448/459] CPSM
[16:56:24] [449/459] RCAD
[16:56:25] [450/459] CPMU
[16:56:26] [451/459] DICD
[16:56:27] [452/459] CHOE
[16:56:28] [453/459] PDJM
[16:56:30] [454/459] SSTU
[16:56:31] [455/459] VNRN
[16:56:32] [456/459] PVLG
[16:56:33] [457/459] SWBL
[16:56:33] [458/459] SCAB
[16:56:35] [459/459] RDDA
[16:56:35] 🧹 Deduping shows
[16:56:36] ✅ DONE | Shows=621 | Movies=42
[04:49:21] 🚀 SCRIPT STARTED
[04:49:21] [1/459] MCCZ
[04:49:21] 🧠 New identity created
[04:49:22] [2/459] FRPU
[04:49:23] [3/459] SKSI
[04:49:25] [4/459] SSCK
[04:49:26] [5/459] SRDC
[04:49:26] [6/459] RSCZ
[04:49:27] [7/459] PRVT
[04:49:28] [8/459] GAGJ
[04:49:29] [9/459] SMHG
[04:49:30] [10/459] JTST
[04:49:31] [11/459] MYTH
[04:49:32] [12/459] JPCC
[04:49:33] [13/459] ACDC
[04:49:35] [14/459] SVFP
[04:49:35] [15/459] SFCM
[04:49:36] [16/459] RUPK
[04:49:37] [17/459] NTCR
[04:49:38] [18/459] RTCH
[04:49:39] [19/459] SCMH
[04:49:40] [20/459] SVYM
[04:49:41] [21/459] SPYM
[04:49:42] [22/459] SMMF
[04:49:43] [23/459] CLLB
[04:49:43] [24/459] FMCB
[04:49:44] [25/459] BBTC
[04:49:45] [26/459] NTHS
[04:49:47] [27/459] PKKJ
[04:49:48] [28/459] MTJA
[04:49:48] [29/459] PMSJ
[04:49:49] [30/459] JMJU
[04:49:50] [31/459] SRAD
[04:49:51] [32/459] MJMC
[04:49:52] [33/459] DFRM
[04:49:53] [34/459] PMRS
[04:49:53] [35/459] RKPP
[04:49:54] [36/459] BMBK
[04:49:55] [37/459] NEWS
[04:49:56] [38/459] SALB
[04:49:57] [39/459] SCPW
[04:49:57] [40/459] RAYL
[04:49:59] [41/459] CMGJ
[04:50:00] [42/459] JRCR
[04:50:01] [43/459] SRTB
[04:50:02] [44/459] ETPB
[04:50:03] [45/459] MXBN
[04:50:04] [46/459] TOPE
[04:50:04] [47/459] SNLJ
[04:50:05] [48/459] CDDP
[04:50:07] [49/459] APCX
[04:50:08] [50/459] TALP
[04:50:09] [51/459] RRMP
[04:50:10] [52/459] MAHB
[04:50:10] [53/459] MTKR
[04:50:11] [54/459] KSKL
[04:50:12] [55/459] RJLT
[04:50:13] [56/459] ATAS
[04:50:14] [57/459] AMHR
[04:50:15] [58/459] RSRM
[04:50:16] [59/459] GCAT
[04:50:17] [60/459] SMML
[04:50:18] [61/459] ACCD
[04:50:18] [62/459] VYDA
[04:50:19] [63/459] MSKT
[04:50:20] [64/459] AVDM
[04:50:21] [65/459] ASMH
[04:50:22] [66/459] VTMB
[04:50:23] [67/459] WVMB
[04:50:24] [68/459] PPMN
[04:50:25] [69/459] MTMD
[04:50:26] [70/459] SMMO
[04:50:27] [71/459] DLPB
[04:50:27] [72/459] AKMD
[04:50:28] [73/459] SHRR
[04:50:29] [74/459] ASCO
[04:50:30] [75/459] CZVX
[04:50:31] [76/459] GCBB
[04:50:32] [77/459] ATBM
[04:50:32] [78/459] TCGM
[04:50:33] [79/459] UMSE
[04:50:34] [80/459] NKCL
[04:50:35] [81/459] BTLR
[04:50:36] [82/459] GOCL
[04:50:37] [83/459] MIRN
[04:50:39] [84/459] THEC
[04:50:39] [85/459] SPPB
[04:50:40] [86/459] PMMM
[04:50:41] [87/459] GGMC
[04:50:42] [88/459] AVSR
[04:50:43] [89/459] RDMH
[04:50:44] [90/459] JSRS
[04:50:45] [91/459] VKGP
[04:50:46] [92/459] ACRT
[04:50:47] [93/459] GCBA
[04:50:49] [94/459] GTCP
[04:50:50] [95/459] AKFC
[04:50:51] [96/459] INCS
[04:50:52] [97/459] SMCK
[04:50:53] [98/459] BRUN
[04:50:54] [99/459] RPPC
[04:50:55] [100/459] PAYD
[04:50:57] [101/459] SVVT
[04:50:58] [102/459] RNCC
[04:50:58] [103/459] PCRC
[04:50:59] [104/459] PMRM
[04:51:00] [105/459] CCRP
[04:51:01] [106/459] INCR
[04:51:02] [107/459] ZTMP
[04:51:03] [108/459] MCNR
[04:51:04] [109/459] INRP
[04:51:05] [110/459] STRC
[04:51:06] [111/459] RATI
[04:51:06] [112/459] PBTR
[04:51:08] [113/459] CMHP
[04:51:08] [114/459] ZECJ
[04:51:09] [115/459] CCCB
[04:51:10] [116/459] BWCB
[04:51:12] [117/459] CCAT
[04:51:13] [118/459] KGCM
[04:51:14] [119/459] INPT
[04:51:15] [120/459] FNCO
[04:51:16] [121/459] SRMJ
[04:51:17] [122/459] PFSC
[04:51:18] [123/459] PBMC
[04:51:19] [124/459] KARP
[04:51:20] [125/459] KOVI
[04:51:21] [126/459] ACXL
[04:51:22] [127/459] GKCC
[04:51:24] [128/459] ASCC
[04:51:25] [129/459] SETC
[04:51:26] [130/459] KACC
[04:51:26] [131/459] KAVE
[04:51:28] [132/459] CNTC
[04:51:29] [133/459] MEEN
[04:51:29] [134/459] BMRV
[04:51:30] [135/459] SVAM
[04:51:31] [136/459] VTBP
[04:51:32] [137/459] VCKN
[04:51:33] [138/459] SGTK
[04:51:34] [139/459] RCGS
[04:51:34] [140/459] RCCB
[04:51:35] [141/459] RKSR
[04:51:36] [142/459] RKCU
[04:51:37] [143/459] GIBH
[04:51:38] [144/459] CXBS
[04:51:40] [145/459] GGCB
[04:51:40] [146/459] SCPB
[04:51:42] [147/459] AKTB
[04:51:43] [148/459] SRBU
[04:51:44] [149/459] CSSA
[04:51:45] [150/459] MYAN
[04:51:47] [151/459] EXCA
[04:51:48] [152/459] CKSA
[04:51:49] [153/459] JTNM
[04:51:51] [154/459] CXKT
[04:51:51] [155/459] NCLM
[04:51:52] [156/459] JAAD
[04:51:53] [157/459] RDCR
[04:51:54] [158/459] MEER
[04:51:55] [159/459] SIBT
[04:51:55] [160/459] PVVB
[04:51:57] [161/459] FNPN
[04:51:58] [162/459] CRPX
[04:51:59] [163/459] STET
[04:52:00] [164/459] METE
[04:52:01] [165/459] BJML
[04:52:01] [166/459] MAVT
[04:52:02] [167/459] MSRM
[04:52:04] [168/459] TJMP
[04:52:05] [169/459] MHCK
[04:52:06] [170/459] SVGP
[04:52:07] [171/459] KRRC
[04:52:08] [172/459] IMCH
[04:52:09] [173/459] CMCS
[04:52:10] [174/459] SGND
[04:52:11] [175/459] RNAT
[04:52:12] [176/459] PRTN
[04:52:13] [177/459] MPTN
[04:52:13] [178/459] ARCC
[04:52:15] [179/459] NTTE
[04:52:15] [180/459] ABND
[04:52:16] [181/459] KCSN
[04:52:17] [182/459] KCSA
[04:52:18] [183/459] DCKT
[04:52:18] [184/459] MBBR
[04:52:19] [185/459] RAMU
[04:52:20] [186/459] RACW
[04:52:21] [187/459] MCHP
[04:52:22] [188/459] TMHM
[04:52:23] [189/459] STXH
[04:52:24] [190/459] AGSG
[04:52:25] [191/459] SIRA
[04:52:26] [192/459] RCAN
[04:52:27] [193/459] CWTB
[04:52:28] [194/459] VTYM
[04:52:29] [195/459] RRPP
[04:52:30] [196/459] ASMR
[04:52:31] [197/459] RONO
[04:52:31] [198/459] MEMR
[04:52:32] [199/459] CTMR
[04:52:34] [200/459] PMTT
[04:52:35] [201/459] PSLX
[04:52:35] [202/459] IPPL
[04:52:36] [203/459] MMSG
[04:52:37] [204/459] INEL
[04:52:38] [205/459] COAC
[04:52:39] [206/459] WVLK
[04:52:39] [207/459] PPXL
[04:52:40] [208/459] PSML
[04:52:41] [209/459] FNLK
[04:52:42] [210/459] ILUM
[04:52:43] [211/459] ILCM
[04:52:44] [212/459] MSNL
[04:52:44] [213/459] VINB
[04:52:45] [214/459] SALW
[04:52:46] [215/459] PRTB
[04:52:47] [216/459] NCIL
[04:52:49] [217/459] PSUL
[04:52:50] [218/459] SCLK
[04:52:51] [219/459] ADDC
[04:52:51] [220/459] OACL
[04:52:53] [221/459] OOCF
[04:52:54] [222/459] GPMF
[04:52:55] [223/459] SSDG
[04:52:55] [224/459] SKRS
[04:52:56] [225/459] NTTP
[04:52:57] [226/459] SLTP
[04:52:58] [227/459] JTLC
[04:52:59] [228/459] POON
[04:53:00] [229/459] CCPC
[04:53:01] [230/459] DCKC
[04:53:02] [231/459] CPRT
[04:53:02] [232/459] EYHZ
[04:53:03] [233/459] ARBL
[04:53:04] [234/459] SBTB
[04:53:05] [235/459] MMCK
[04:53:06] [236/459] PLMR
[04:53:07] [237/459] BIJH
[04:53:08] [238/459] SDRT
[04:53:09] [239/459] PRDC
[04:53:10] [240/459] OMJA
[04:53:12] [241/459] VKCR
[04:53:13] [242/459] ATRT
[04:53:14] [243/459] WVRP
[04:53:15] [244/459] MVRP
[04:53:16] [245/459] FCAX
[04:53:17] [246/459] CTLC
[04:53:18] [247/459] JCHB
[04:53:19] [248/459] SELP
[04:53:20] [249/459] VCPG
[04:53:20] [250/459] ASCX
[04:53:21] [251/459] EOCS
[04:53:22] [252/459] RCPH
[04:53:23] [253/459] RJTM
[04:53:24] [254/459] SGMD
[04:53:24] [255/459] SVJT
[04:53:25] [256/459] SPPO
[04:53:26] [257/459] MNRL
[04:53:28] [258/459] KNOX
[04:53:29] [259/459] GIER
[04:53:30] [260/459] PJMS
[04:53:31] [261/459] UNSP
[04:53:32] [262/459] JETP
[04:53:33] [263/459] VTWA
[04:53:35] [264/459] SCJI
[04:53:35] [265/459] CBZZ
[04:53:36] [266/459] SDCJ
[04:53:37] [267/459] RRCC
[04:53:38] [268/459] VNKG
[04:53:39] [269/459] LKTO
[04:53:40] [270/459] PJRM
[04:53:41] [271/459] NVRM
[04:53:42] [272/459] SJCS
[04:53:42] [273/459] VIGK
[04:53:43] [274/459] ANST
[04:53:44] [275/459] JTTS
[04:53:45] [276/459] NTST
[04:53:46] [277/459] PREB
[04:53:47] [278/459] TSCZ
[04:53:48] [279/459] CDCM
[04:53:49] [280/459] ELYE
[04:53:50] [281/459] INBS
[04:53:50] [282/459] SMGC
[04:53:52] [283/459] UTMP
[04:53:53] [284/459] INTA
[04:53:54] [285/459] OMPT
[04:53:55] [286/459] SCIR
[04:53:55] [287/459] GCKJ
[04:53:56] [288/459] INOG
[04:53:57] [289/459] SMGB
[04:53:58] [290/459] MCSG
[04:53:59] [291/459] STKG
[04:54:00] [292/459] TTKG
[04:54:00] [293/459] SRTR
[04:54:01] [294/459] ETTR
[04:54:02] [295/459] GGGZ
[04:54:03] [296/459] IPGM
[04:54:04] [297/459] FCDH
[04:54:05] [298/459] DESB
[04:54:06] [299/459] VNTP
[04:54:07] [300/459] ANNT
[04:54:07] [301/459] SLTI
[04:54:09] [302/459] MAJU
[04:54:09] [303/459] JCXP
[04:54:11] [304/459] HARK
[04:54:12] [305/459] JPCJ
[04:54:13] [306/459] RXBD
[04:54:14] [307/459] PTKJ
[04:54:15] [308/459] CMTU
[04:54:16] [309/459] SWOR
[04:54:16] [310/459] JMEX
[04:54:17] [311/459] DTPT
[04:54:19] [312/459] VGMM
[04:54:20] [313/459] VCSG
[04:54:21] [314/459] CVCG
[04:54:22] [315/459] TNTT
[04:54:22] [316/459] SHRM
[04:54:23] [317/459] CGKD
[04:54:24] [318/459] EKCM
[04:54:25] [319/459] SDCX
[04:54:26] [320/459] SBTE
[04:54:27] [321/459] STKJ
[04:54:28] [322/459] TPCE
[04:54:29] [323/459] JTNP
[04:54:29] [324/459] LPCH
[04:54:30] [325/459] CPUO
[04:54:31] [326/459] APSU
[04:54:32] [327/459] RTHC
[04:54:33] [328/459] PTBU
[04:54:34] [329/459] CUCC
[04:54:34] [330/459] CPSA
[04:54:35] [331/459] SUAY
[04:54:36] [332/459] AYAA
[04:54:37] [333/459] MUCH
[04:54:37] [334/459] PCIN
[04:54:38] [335/459] JRRM
[04:54:39] [336/459] KATS
[04:54:41] [337/459] MHFF
[04:54:42] [338/459] ESYM
[04:54:43] [339/459] STYV
[04:54:44] [340/459] SDKG
[04:54:45] [341/459] SMTI
[04:54:46] [342/459] NYCS
[04:54:47] [343/459] MTBG
[04:54:48] [344/459] RHCA
[04:54:49] [345/459] PCKH
[04:54:51] [346/459] ARCR
[04:54:51] [347/459] NCMB
[04:54:52] [348/459] SHYC
[04:54:53] [349/459] LACK
[04:54:54] [350/459] MTCM
[04:54:55] [351/459] RRBN
[04:54:56] [352/459] MYDC
[04:54:57] [353/459] STCS
[04:54:57] [354/459] CONN
[04:54:58] [355/459] SIPS
[04:55:00] [356/459] SMMX
[04:55:00] [357/459] SCBY
[04:55:01] [358/459] SUAP
[04:55:02] [359/459] RSMK
[04:55:03] [360/459] STKP
[04:55:04] [361/459] CIPC
[04:55:05] [362/459] KKCI
[04:55:05] [363/459] CTNK
[04:55:06] [364/459] MMTZ
[04:55:07] [365/459] DCCO
[04:55:08] [366/459] VNMN
[04:55:09] [367/459] RLCN
[04:55:10] [368/459] CMMS
[04:55:11] [369/459] AYOU
[04:55:12] [370/459] SSCN
[04:55:13] [371/459] SMXN
[04:55:14] [372/459] ASSK
[04:55:15] [373/459] VCKM
[04:55:15] [374/459] PCPH
[04:55:16] [375/459] PADM
[04:55:17] [376/459] IESA
[04:55:18] [377/459] VCSP
[04:55:19] [378/459] AEST
[04:55:20] [379/459] VTNR
[04:55:20] [380/459] GTTA
[04:55:21] [381/459] CMMM
[04:55:22] [382/459] AHKT
[04:55:23] [383/459] SIJI
[04:55:25] [384/459] VCEI
[04:55:25] [385/459] SAKR
[04:55:26] [386/459] VSMT
[04:55:27] [387/459] SSCT
[04:55:28] [388/459] USTR
[04:55:29] [389/459] MTKT
[04:55:30] [390/459] TGMP
[04:55:31] [391/459] SIVC
[04:55:32] [392/459] KICT
[04:55:32] [393/459] DAMD
[04:55:33] [394/459] CNPT
[04:55:34] [395/459] RVTT
[04:55:35] [396/459] SNCM
[04:55:36] [397/459] GHTE
[04:55:37] [398/459] PPAM
[04:55:38] [399/459] PVAA
[04:55:39] [400/459] CPAO
[04:55:40] [401/459] HAMD
[04:55:41] [402/459] RCCA
[04:55:42] [403/459] MPCH
[04:55:42] [404/459] ARED
[04:55:43] [405/459] RRCV
[04:55:44] [406/459] MTRB
[04:55:45] [407/459] CKUA
[04:55:46] [408/459] ABMP
[04:55:48] [409/459] RCWA
[04:55:49] [410/459] CGAR
[04:55:49] [411/459] METH
[04:55:50] [412/459] WAGA
[04:55:51] [413/459] MCMA
[04:55:52] [414/459] CSMP
[04:55:53] [415/459] RCNK
[04:55:54] [416/459] PSTM
[04:55:55] [417/459] CSEP
[04:55:56] [418/459] AMGD
[04:55:57] [419/459] CSTE
[04:55:58] [420/459] CONS
[04:55:59] [421/459] APPX
[04:56:00] [422/459] MABC
[04:56:01] [423/459] CXST
[04:56:03] [424/459] MATN
[04:56:04] [425/459] MACZ
[04:56:05] [426/459] MASA
[04:56:06] [427/459] MBSX
[04:56:07] [428/459] CSST
[04:56:08] [429/459] APCL
[04:56:09] [430/459] CGOS
[04:56:10] [431/459] CPEC
[04:56:12] [432/459] MCCP
[04:56:12] [433/459] BSSO
[04:56:13] [434/459] SJKA
[04:56:14] [435/459] CGBO
[04:56:15] [436/459] MVSK
[04:56:16] [437/459] HVCA
[04:56:17] [438/459] NAMD
[04:56:18] [439/459] DEVI
[04:56:19] [440/459] SCSV
[04:56:20] [441/459] PSMA
[04:56:20] [442/459] CLDJ
[04:56:21] [443/459] NMAD
[04:56:22] [444/459] CGMO
[04:56:22] [445/459] MCNA
[04:56:23] [446/459] OCBN
[04:56:24] [447/459] CPEM
[04:56:25] [448/459] CPSM
[04:56:26] [449/459] RCAD
[04:56:27] [450/459] CPMU
[04:56:28] [451/459] DICD
[04:56:29] [452/459] CHOE
[04:56:30] [453/459] PDJM
[04:56:31] [454/459] SSTU
[04:56:33] [455/459] VNRN
[04:56:33] [456/459] PVLG
[04:56:34] [457/459] SWBL
[04:56:36] [458/459] SCAB
[04:56:36] [459/459] RDDA
[04:56:38] 🧹 Deduping shows
[04:56:38] ✅ DONE | Shows=723 | Movies=44
[12:01:55] 🚀 SCRIPT STARTED
[12:01:55] [1/459] MCCZ
[12:01:55] 🧠 New identity created
[12:01:56] [2/459] FRPU
[12:01:57] [3/459] SKSI
[12:01:58] [4/459] SSCK
[12:01:59] [5/459] SRDC
[12:02:00] [6/459] RSCZ
[12:02:01] [7/459] PRVT
[12:02:02] [8/459] GAGJ
[12:02:02] [9/459] SMHG
[12:02:03] [10/459] JTST
[12:02:04] [11/459] MYTH
[12:02:05] [12/459] JPCC
[12:02:06] [13/459] ACDC
[12:02:07] [14/459] SVFP
[12:02:08] [15/459] SFCM
[12:02:08] [16/459] RUPK
[12:02:09] [17/459] NTCR
[12:02:10] [18/459] RTCH
[12:02:11] [19/459] SCMH
[12:02:12] [20/459] SVYM
[12:02:12] [21/459] SPYM
[12:02:13] [22/459] SMMF
[12:02:14] [23/459] CLLB
[12:02:15] [24/459] FMCB
[12:02:16] [25/459] BBTC
[12:02:17] [26/459] NTHS
[12:02:18] [27/459] PKKJ
[12:02:19] [28/459] MTJA
[12:02:20] [29/459] PMSJ
[12:02:21] [30/459] JMJU
[12:02:22] [31/459] SRAD
[12:02:22] [32/459] MJMC
[12:02:24] [33/459] DFRM
[12:02:25] [34/459] PMRS
[12:02:26] [35/459] RKPP
[12:02:28] [36/459] BMBK
[12:02:28] [37/459] NEWS
[12:02:29] [38/459] SALB
[12:02:30] [39/459] SCPW
[12:02:31] [40/459] RAYL
[12:02:31] [41/459] CMGJ
[12:02:32] [42/459] JRCR
[12:02:33] [43/459] SRTB
[12:02:34] [44/459] ETPB
[12:02:35] [45/459] MXBN
[12:02:36] [46/459] TOPE
[12:02:37] [47/459] SNLJ
[12:02:37] [48/459] CDDP
[12:02:38] [49/459] APCX
[12:02:39] [50/459] TALP
[12:02:40] [51/459] RRMP
[12:02:41] [52/459] MAHB
[12:02:42] [53/459] MTKR
[12:02:42] [54/459] KSKL
[12:02:43] [55/459] RJLT
[12:02:44] [56/459] ATAS
[12:02:45] [57/459] AMHR
[12:02:46] [58/459] RSRM
[12:02:47] [59/459] GCAT
[12:02:48] [60/459] SMML
[12:02:49] [61/459] ACCD
[12:02:49] [62/459] VYDA
[12:02:50] [63/459] MSKT
[12:02:51] [64/459] AVDM
[12:02:52] [65/459] ASMH
[12:02:53] [66/459] VTMB
[12:02:53] [67/459] WVMB
[12:02:54] [68/459] PPMN
[12:02:55] [69/459] MTMD
[12:02:56] [70/459] SMMO
[12:02:57] [71/459] DLPB
[12:02:58] [72/459] AKMD
[12:02:59] [73/459] SHRR
[12:02:59] [74/459] ASCO
[12:03:00] [75/459] CZVX
[12:03:01] [76/459] GCBB
[12:03:01] [77/459] ATBM
[12:03:03] [78/459] TCGM
[12:03:04] [79/459] UMSE
[12:03:05] [80/459] NKCL
[12:03:06] [81/459] BTLR
[12:03:07] [82/459] GOCL
[12:03:08] [83/459] MIRN
[12:03:08] [84/459] THEC
[12:03:09] [85/459] SPPB
[12:03:10] [86/459] PMMM
[12:03:11] [87/459] GGMC
[12:03:11] [88/459] AVSR
[12:03:13] [89/459] RDMH
[12:03:14] [90/459] JSRS
[12:03:14] [91/459] VKGP
[12:03:15] [92/459] ACRT
[12:03:16] [93/459] GCBA
[12:03:17] [94/459] GTCP
[12:03:18] [95/459] AKFC
[12:03:18] [96/459] INCS
[12:03:19] [97/459] SMCK
[12:03:20] [98/459] BRUN
[12:03:20] [99/459] RPPC
[12:03:22] [100/459] PAYD
[12:03:23] [101/459] SVVT
[12:03:24] [102/459] RNCC
[12:03:24] [103/459] PCRC
[12:03:25] [104/459] PMRM
[12:03:26] [105/459] CCRP
[12:03:27] [106/459] INCR
[12:03:28] [107/459] ZTMP
[12:03:29] [108/459] MCNR
[12:03:30] [109/459] INRP
[12:03:31] [110/459] STRC
[12:03:32] [111/459] RATI
[12:03:32] [112/459] PBTR
[12:03:34] [113/459] CMHP
[12:03:34] [114/459] ZECJ
[12:03:35] [115/459] CCCB
[12:03:36] [116/459] BWCB
[12:03:37] [117/459] CCAT
[12:03:38] [118/459] KGCM
[12:03:39] [119/459] INPT
[12:03:39] [120/459] FNCO
[12:03:40] [121/459] SRMJ
[12:03:41] [122/459] PFSC
[12:03:42] [123/459] PBMC
[12:03:43] [124/459] KARP
[12:03:44] [125/459] KOVI
[12:03:45] [126/459] ACXL
[12:03:46] [127/459] GKCC
[12:03:46] [128/459] ASCC
[12:03:47] [129/459] SETC
[12:03:48] [130/459] KACC
[12:03:49] [131/459] KAVE
[12:03:50] [132/459] CNTC
[12:03:50] [133/459] MEEN
[12:03:51] [134/459] BMRV
[12:03:52] [135/459] SVAM
[12:03:53] [136/459] VTBP
[12:03:54] [137/459] VCKN
[12:03:54] [138/459] SGTK
[12:03:55] [139/459] RCGS
[12:03:56] [140/459] RCCB
[12:03:57] [141/459] RKSR
[12:03:58] [142/459] RKCU
[12:03:59] [143/459] GIBH
[12:04:00] [144/459] CXBS
[12:04:01] [145/459] GGCB
[12:04:01] [146/459] SCPB
[12:04:02] [147/459] AKTB
[12:04:04] [148/459] SRBU
[12:04:04] [149/459] CSSA
[12:04:05] [150/459] MYAN
[12:04:06] [151/459] EXCA
[12:04:07] [152/459] CKSA
[12:04:08] [153/459] JTNM
[12:04:08] [154/459] CXKT
[12:04:09] [155/459] NCLM
[12:04:10] [156/459] JAAD
[12:04:11] [157/459] RDCR
[12:04:11] [158/459] MEER
[12:04:12] [159/459] SIBT
[12:04:13] [160/459] PVVB
[12:04:14] [161/459] FNPN
[12:04:14] [162/459] CRPX
[12:04:15] [163/459] STET
[12:04:16] [164/459] METE
[12:04:17] [165/459] BJML
[12:04:18] [166/459] MAVT
[12:04:18] [167/459] MSRM
[12:04:19] [168/459] TJMP
[12:04:20] [169/459] MHCK
[12:04:21] [170/459] SVGP
[12:04:22] [171/459] KRRC
[12:04:22] [172/459] IMCH
[12:04:23] [173/459] CMCS
[12:04:24] [174/459] SGND
[12:04:25] [175/459] RNAT
[12:04:26] [176/459] PRTN
[12:04:27] [177/459] MPTN
[12:04:27] [178/459] ARCC
[12:04:28] [179/459] NTTE
[12:04:30] [180/459] ABND
[12:04:30] [181/459] KCSN
[12:04:31] [182/459] KCSA
[12:04:32] [183/459] DCKT
[12:04:33] [184/459] MBBR
[12:04:34] [185/459] RAMU
[12:04:35] [186/459] RACW
[12:04:36] [187/459] MCHP
[12:04:36] [188/459] TMHM
[12:04:37] [189/459] STXH
[12:04:38] [190/459] AGSG
[12:04:39] [191/459] SIRA
[12:04:40] [192/459] RCAN
[12:04:41] [193/459] CWTB
[12:04:42] [194/459] VTYM
[12:04:43] [195/459] RRPP
[12:04:44] [196/459] ASMR
[12:04:45] [197/459] RONO
[12:04:46] [198/459] MEMR
[12:04:47] [199/459] CTMR
[12:04:48] [200/459] PMTT
[12:04:48] [201/459] PSLX
[12:04:49] [202/459] IPPL
[12:04:50] [203/459] MMSG
[12:04:51] [204/459] INEL
[12:04:51] [205/459] COAC
[12:04:52] [206/459] WVLK
[12:04:53] [207/459] PPXL
[12:04:54] [208/459] PSML
[12:04:55] [209/459] FNLK
[12:04:55] [210/459] ILUM
[12:04:56] [211/459] ILCM
[12:04:57] [212/459] MSNL
[12:04:58] [213/459] VINB
[12:04:58] [214/459] SALW
[12:04:59] [215/459] PRTB
[12:05:00] [216/459] NCIL
[12:05:02] [217/459] PSUL
[12:05:02] [218/459] SCLK
[12:05:03] [219/459] ADDC
[12:05:04] [220/459] OACL
[12:05:05] [221/459] OOCF
[12:05:06] [222/459] GPMF
[12:05:07] [223/459] SSDG
[12:05:08] [224/459] SKRS
[12:05:09] [225/459] NTTP
[12:05:10] [226/459] SLTP
[12:05:10] [227/459] JTLC
[12:05:11] [228/459] POON
[12:05:12] [229/459] CCPC
[12:05:13] [230/459] DCKC
[12:05:14] [231/459] CPRT
[12:05:14] [232/459] EYHZ
[12:05:15] [233/459] ARBL
[12:05:16] [234/459] SBTB
[12:05:17] [235/459] MMCK
[12:05:17] [236/459] PLMR
[12:05:18] [237/459] BIJH
[12:05:19] [238/459] SDRT
[12:05:20] [239/459] PRDC
[12:05:21] [240/459] OMJA
[12:05:22] [241/459] VKCR
[12:05:23] [242/459] ATRT
[12:05:24] [243/459] WVRP
[12:05:25] [244/459] MVRP
[12:05:26] [245/459] FCAX
[12:05:27] [246/459] CTLC
[12:05:28] [247/459] JCHB
[12:05:29] [248/459] SELP
[12:05:30] [249/459] VCPG
[12:05:31] [250/459] ASCX
[12:05:31] [251/459] EOCS
[12:05:32] [252/459] RCPH
[12:05:33] [253/459] RJTM
[12:05:34] [254/459] SGMD
[12:05:35] [255/459] SVJT
[12:05:36] [256/459] SPPO
[12:05:38] [257/459] MNRL
[12:05:38] [258/459] KNOX
[12:05:39] [259/459] GIER
[12:05:40] [260/459] PJMS
[12:05:42] [261/459] UNSP
[12:05:42] [262/459] JETP
[12:05:43] [263/459] VTWA
[12:05:44] [264/459] SCJI
[12:05:45] [265/459] CBZZ
[12:05:45] [266/459] SDCJ
[12:05:46] [267/459] RRCC
[12:05:47] [268/459] VNKG
[12:05:48] [269/459] LKTO
[12:05:49] [270/459] PJRM
[12:05:50] [271/459] NVRM
[12:05:50] [272/459] SJCS
[12:05:51] [273/459] VIGK
[12:05:52] [274/459] ANST
[12:05:52] [275/459] JTTS
[12:05:53] [276/459] NTST
[12:05:54] [277/459] PREB
[12:05:54] [278/459] TSCZ
[12:05:55] [279/459] CDCM
[12:05:57] [280/459] ELYE
[12:05:57] [281/459] INBS
[12:05:58] [282/459] SMGC
[12:05:59] [283/459] UTMP
[12:06:00] [284/459] INTA
[12:06:00] [285/459] OMPT
[12:06:01] [286/459] SCIR
[12:06:02] [287/459] GCKJ
[12:06:03] [288/459] INOG
[12:06:04] [289/459] SMGB
[12:06:04] [290/459] MCSG
[12:06:05] [291/459] STKG
[12:06:06] [292/459] TTKG
[12:06:07] [293/459] SRTR
[12:06:08] [294/459] ETTR
[12:06:08] [295/459] GGGZ
[12:06:09] [296/459] IPGM
[12:06:10] [297/459] FCDH
[12:06:11] [298/459] DESB
[12:06:12] [299/459] VNTP
[12:06:12] [300/459] ANNT
[12:06:13] [301/459] SLTI
[12:06:14] [302/459] MAJU
[12:06:15] [303/459] JCXP
[12:06:16] [304/459] HARK
[12:06:17] [305/459] JPCJ
[12:06:17] [306/459] RXBD
[12:06:18] [307/459] PTKJ
[12:06:19] [308/459] CMTU
[12:06:20] [309/459] SWOR
[12:06:21] [310/459] JMEX
[12:06:21] [311/459] DTPT
[12:06:22] [312/459] VGMM
[12:06:23] [313/459] VCSG
[12:06:23] [314/459] CVCG
[12:06:24] [315/459] TNTT
[12:06:25] [316/459] SHRM
[12:06:26] [317/459] CGKD
[12:06:26] [318/459] EKCM
[12:06:28] [319/459] SDCX
[12:06:29] [320/459] SBTE
[12:06:30] [321/459] STKJ
[12:06:31] [322/459] TPCE
[12:06:32] [323/459] JTNP
[12:06:33] [324/459] LPCH
[12:06:33] [325/459] CPUO
[12:06:34] [326/459] APSU
[12:06:35] [327/459] RTHC
[12:06:36] [328/459] PTBU
[12:06:36] [329/459] CUCC
[12:06:37] [330/459] CPSA
[12:06:39] [331/459] SUAY
[12:06:40] [332/459] AYAA
[12:06:40] [333/459] MUCH
[12:06:41] [334/459] PCIN
[12:06:42] [335/459] JRRM
[12:06:43] [336/459] KATS
[12:06:43] [337/459] MHFF
[12:06:44] [338/459] ESYM
[12:06:45] [339/459] STYV
[12:06:46] [340/459] SDKG
[12:06:46] [341/459] SMTI
[12:06:47] [342/459] NYCS
[12:06:48] [343/459] MTBG
[12:06:49] [344/459] RHCA
[12:06:49] [345/459] PCKH
[12:06:51] [346/459] ARCR
[12:06:51] [347/459] NCMB
[12:06:52] [348/459] SHYC
[12:06:53] [349/459] LACK
[12:06:54] [350/459] MTCM
[12:06:55] [351/459] RRBN
[12:06:56] [352/459] MYDC
[12:06:56] [353/459] STCS
[12:06:57] [354/459] CONN
[12:06:58] [355/459] SIPS
[12:06:59] [356/459] SMMX
[12:06:59] [357/459] SCBY
[12:07:00] [358/459] SUAP
[12:07:02] [359/459] RSMK
[12:07:03] [360/459] STKP
[12:07:03] [361/459] CIPC
[12:07:04] [362/459] KKCI
[12:07:05] [363/459] CTNK
[12:07:06] [364/459] MMTZ
[12:07:07] [365/459] DCCO
[12:07:08] [366/459] VNMN
[12:07:09] [367/459] RLCN
[12:07:10] [368/459] CMMS
[12:07:11] [369/459] AYOU
[12:07:12] [370/459] SSCN
[12:07:13] [371/459] SMXN
[12:07:14] [372/459] ASSK
[12:07:15] [373/459] VCKM
[12:07:16] [374/459] PCPH
[12:07:17] [375/459] PADM
[12:07:18] [376/459] IESA
[12:07:19] [377/459] VCSP
[12:07:19] [378/459] AEST
[12:07:20] [379/459] VTNR
[12:07:21] [380/459] GTTA
[12:07:22] [381/459] CMMM
[12:07:22] [382/459] AHKT
[12:07:23] [383/459] SIJI
[12:07:24] [384/459] VCEI
[12:07:25] [385/459] SAKR
[12:07:26] [386/459] VSMT
[12:07:27] [387/459] SSCT
[12:07:28] [388/459] USTR
[12:07:29] [389/459] MTKT
[12:07:30] [390/459] TGMP
[12:07:30] [391/459] SIVC
[12:07:31] [392/459] KICT
[12:07:32] [393/459] DAMD
[12:07:32] [394/459] CNPT
[12:07:33] [395/459] RVTT
[12:07:34] [396/459] SNCM
[12:07:35] [397/459] GHTE
[12:07:35] [398/459] PPAM
[12:07:37] [399/459] PVAA
[12:07:38] [400/459] CPAO
[12:07:39] [401/459] HAMD
[12:07:40] [402/459] RCCA
[12:07:41] [403/459] MPCH
[12:07:41] [404/459] ARED
[12:07:42] [405/459] RRCV
[12:07:43] [406/459] MTRB
[12:07:44] [407/459] CKUA
[12:07:45] [408/459] ABMP
[12:07:45] [409/459] RCWA
[12:07:46] [410/459] CGAR
[12:07:47] [411/459] METH
[12:07:48] [412/459] WAGA
[12:07:49] [413/459] MCMA
[12:07:51] [414/459] CSMP
[12:07:52] [415/459] RCNK
[12:07:52] [416/459] PSTM
[12:07:53] [417/459] CSEP
[12:07:54] [418/459] AMGD
[12:07:55] [419/459] CSTE
[12:07:56] [420/459] CONS
[12:07:57] [421/459] APPX
[12:07:57] [422/459] MABC
[12:07:58] [423/459] CXST
[12:07:59] [424/459] MATN
[12:08:00] [425/459] MACZ
[12:08:01] [426/459] MASA
[12:08:02] [427/459] MBSX
[12:08:03] [428/459] CSST
[12:08:04] [429/459] APCL
[12:08:04] [430/459] CGOS
[12:08:05] [431/459] CPEC
[12:08:06] [432/459] MCCP
[12:08:07] [433/459] BSSO
[12:08:08] [434/459] SJKA
[12:08:09] [435/459] CGBO
[12:08:09] [436/459] MVSK
[12:08:10] [437/459] HVCA
[12:08:11] [438/459] NAMD
[12:08:12] [439/459] DEVI
[12:08:13] [440/459] SCSV
[12:08:15] [441/459] PSMA
[12:08:15] [442/459] CLDJ
[12:08:16] [443/459] NMAD
[12:08:17] [444/459] CGMO
[12:08:18] [445/459] MCNA
[12:08:18] [446/459] OCBN
[12:08:19] [447/459] CPEM
[12:08:20] [448/459] CPSM
[12:08:21] [449/459] RCAD
[12:08:22] [450/459] CPMU
[12:08:22] [451/459] DICD
[12:08:23] [452/459] CHOE
[12:08:24] [453/459] PDJM
[12:08:25] [454/459] SSTU
[12:08:25] [455/459] VNRN
[12:08:26] [456/459] PVLG
[12:08:27] [457/459] SWBL
[12:08:28] [458/459] SCAB
[12:08:29] [459/459] RDDA
[12:08:30] 🧹 Deduping shows
[12:08:30] ✅ DONE | Shows=759 | Movies=46
