[10:07:25] 🚀 SCRIPT STARTED
[10:07:25] [1/296] CDCA
[10:07:25] 🧠 New identity created
[10:07:26] [2/296] MNSR
[10:07:27] [3/296] CSSL
[10:07:28] [4/296] BGGM
[10:07:29] [5/296] MANT
[10:07:29] [6/296] SOOY
[10:07:31] [7/296] VPPK
[10:07:32] [8/296] MYHJ
[10:07:33] [9/296] KSCK
[10:07:33] [10/296] KATK
[10:07:34] [11/296] RTRT
[10:07:35] [12/296] SSTT
[10:07:37] [13/296] SSTV
[10:07:38] [14/296] LACM
[10:07:39] [15/296] SGMG
[10:07:40] [16/296] KACX
[10:07:40] [17/296] GVCP
[10:07:41] [18/296] CSNC
[10:07:42] [19/296] SXCB
[10:07:43] [20/296] BAHS
[10:07:44] [21/296] PCBI
[10:07:45] [22/296] PSSM
[10:07:46] [23/296] RCOK
[10:07:47] [24/296] SCPF
[10:07:49] [25/296] SSAS
[10:07:50] [26/296] EVMM
[10:07:51] [27/296] SYCB
[10:07:52] [28/296] GCKI
[10:07:52] [29/296] IAET
[10:07:53] [30/296] DDTD
[10:07:55] [31/296] GMDH
[10:07:56] [32/296] STLE
[10:07:56] [33/296] JTRA
[10:07:57] [34/296] RPPA
[10:07:58] [35/296] ARUT
[10:07:59] [36/296] JTVM
[10:07:59] [37/296] SWRH
[10:08:00] [38/296] DCPC
[10:08:01] [39/296] RAPR
[10:08:02] [40/296] GCRT
[10:08:03] [41/296] ATUN
[10:08:04] [42/296] LTRM
[10:08:04] [43/296] TASR
[10:08:05] [44/296] RLLC
[10:08:06] [45/296] MABI
[10:08:07] [46/296] SVHB
[10:08:08] [47/296] NVTB
[10:08:09] [48/296] KCKG
[10:08:09] [49/296] SSRN
[10:08:10] [50/296] VDDC
[10:08:11] [51/296] GKTK
[10:08:12] [52/296] YFSN
[10:08:13] [53/296] GCSG
[10:08:14] [54/296] ESSM
[10:08:15] [55/296] KRIH
[10:08:15] [56/296] GCDS
[10:08:17] [57/296] CCSH
[10:08:17] [58/296] ACSK
[10:08:18] [59/296] APRK
[10:08:20] [60/296] ADKM
[10:08:21] [61/296] SRDM
[10:08:22] [62/296] RMOG
[10:08:22] [63/296] SJMY
[10:08:23] [64/296] PGGC
[10:08:24] [65/296] INGM
[10:08:25] [66/296] LSCB
[10:08:25] [67/296] STAD
[10:08:26] [68/296] MCCR
[10:08:27] [69/296] ABCC
[10:08:28] [70/296] RKCC
[10:08:29] [71/296] RTCR
[10:08:30] [72/296] GGBC
[10:08:31] [73/296] GCSD
[10:08:32] [74/296] LPTY
[10:08:33] [75/296] MCFD
[10:08:34] [76/296] HENN
[10:08:35] [77/296] SMKU
[10:08:37] [78/296] TNZC
[10:08:37] [79/296] DRCD
[10:08:38] [80/296] DLCD
[10:08:39] [81/296] RCDA
[10:08:40] [82/296] COSM
[10:08:41] [83/296] MCMJ
[10:08:41] [84/296] CSTR
[10:08:42] [85/296] CVDK
[10:08:43] [86/296] INRR
[10:08:44] [87/296] RJRT
[10:08:45] [88/296] IRMR
[10:08:46] [89/296] SRCF
[10:08:47] [90/296] GRCR
[10:08:48] [91/296] SURC
[10:08:49] [92/296] NMNH
[10:08:51] [93/296] SVBL
[10:08:52] [94/296] KACI
[10:08:52] [95/296] TDGO
[10:08:53] [96/296] KTBR
[10:08:54] [97/296] PMAD
[10:08:55] [98/296] CCPN
[10:08:55] [99/296] SBTK
[10:08:57] [100/296] LMDK
[10:08:58] [101/296] PGDA
[10:08:58] [102/296] SRML
[10:08:59] [103/296] EVCK
[10:09:00] [104/296] RTTK
[10:09:01] [105/296] SRTU
[10:09:02] [106/296] VRSA
[10:09:03] [107/296] VARS
[10:09:03] [108/296] DSCZ
[10:09:04] [109/296] GAGA
[10:09:05] [110/296] SARV
[10:09:06] [111/296] SEEG
[10:09:07] [112/296] GLCA
[10:09:08] [113/296] APAS
[10:09:08] [114/296] VCIA
[10:09:09] [115/296] SJTA
[10:09:10] [116/296] SABM
[10:09:11] [117/296] PPAG
[10:09:12] [118/296] RVCA
[10:09:13] [119/296] CCIA
[10:09:14] [120/296] HTAG
[10:09:14] [121/296] SMBI
[10:09:15] [122/296] MCJR
[10:09:17] [123/296] CCJR
[10:09:17] [124/296] SINF
[10:09:18] [125/296] CPLX
[10:09:19] [126/296] KKTJ
[10:09:20] [127/296] GDBW
[10:09:21] [128/296] CSUB
[10:09:22] [129/296] DABA
[10:09:23] [130/296] TITR
[10:09:24] [131/296] NYCR
[10:09:25] [132/296] RTRY
[10:09:26] [133/296] JTJL
[10:09:27] [134/296] SJCP
[10:09:27] [135/296] KCCA
[10:09:29] [136/296] MLPG
[10:09:30] [137/296] VRCK
[10:09:30] [138/296] SRIN
[10:09:32] [139/296] CXMK
[10:09:33] [140/296] SKAD
[10:09:34] [141/296] AVTR
[10:09:35] [142/296] PTAJ
[10:09:36] [143/296] SCNK
[10:09:37] [144/296] STTI
[10:09:38] [145/296] KACR
[10:09:39] [146/296] SSDX
[10:09:40] [147/296] VRTJ
[10:09:40] [148/296] RAJD
[10:09:41] [149/296] SCIP
[10:09:42] [150/296] RJSL
[10:09:42] [151/296] ARRS
[10:09:43] [152/296] ASMS
[10:09:44] [153/296] RDTS
[10:09:45] [154/296] DVMY
[10:09:45] [155/296] RASA
[10:09:46] [156/296] INOM
[10:09:47] [157/296] SPRS
[10:09:48] [158/296] SGCS
[10:09:49] [159/296] SALM
[10:09:50] [160/296] PKHC
[10:09:51] [161/296] RCSV
[10:09:52] [162/296] CPKC
[10:09:53] [163/296] AACD
[10:09:54] [164/296] GGCV
[10:09:55] [165/296] SMKD
[10:09:56] [166/296] NBCH
[10:09:57] [167/296] AMCB
[10:09:58] [168/296] OPCN
[10:09:59] [169/296] DCIN
[10:10:00] [170/296] INGW
[10:10:00] [171/296] PKKW
[10:10:01] [172/296] FNGW
[10:10:02] [173/296] GCGD
[10:10:03] [174/296] MSTW
[10:10:04] [175/296] KCCG
[10:10:04] [176/296] MRSS
[10:10:05] [177/296] CLCF
[10:10:06] [178/296] EETS
[10:10:06] [179/296] AATR
[10:10:07] [180/296] CMMN
[10:10:08] [181/296] SCCJ
[10:10:09] [182/296] CDTK
[10:10:10] [183/296] AICP
[10:10:10] [184/296] FNBP
[10:10:11] [185/296] CBPB
[10:10:12] [186/296] CPAS
[10:10:13] [187/296] MAPM
[10:10:14] [188/296] PASD
[10:10:15] [189/296] JCMN
[10:10:17] [190/296] MALB
[10:10:18] [191/296] SACG
[10:10:18] [192/296] DDRX
[10:10:19] [193/296] DDXB
[10:10:20] [194/296] RAMC
[10:10:22] [195/296] SANC
[10:10:23] [196/296] BCBP
[10:10:24] [197/296] ALPC
[10:10:25] [198/296] RBAC
[10:10:25] [199/296] RAJL
[10:10:26] [200/296] MPDX
[10:10:27] [201/296] MUSC
[10:10:28] [202/296] VKMK
[10:10:29] [203/296] SKCG
[10:10:30] [204/296] ANCN
[10:10:30] [205/296] MMCJ
[10:10:31] [206/296] DCAK
[10:10:32] [207/296] SCKG
[10:10:33] [208/296] LMCK
[10:10:34] [209/296] CKKX
[10:10:34] [210/296] ANKU
[10:10:35] [211/296] CSMD
[10:10:36] [212/296] MKMP
[10:10:37] [213/296] SVBG
[10:10:38] [214/296] ROOP
[10:10:38] [215/296] GDMT
[10:10:39] [216/296] FPPF
[10:10:40] [217/296] SFUU
[10:10:41] [218/296] ANCB
[10:10:42] [219/296] SMMC
[10:10:43] [220/296] UGKT
[10:10:43] [221/296] JVRM
[10:10:44] [222/296] BATG
[10:10:45] [223/296] RATE
[10:10:46] [224/296] SKME
[10:10:47] [225/296] LMTP
[10:10:47] [226/296] TCBD
[10:10:48] [227/296] ESBD
[10:10:49] [228/296] GDCU
[10:10:50] [229/296] SNKT
[10:10:51] [230/296] SRNK
[10:10:52] [231/296] SMED
[10:10:53] [232/296] CSQS
[10:10:53] [233/296] ALCS
[10:10:55] [234/296] KCKN
[10:10:56] [235/296] VCCL
[10:10:57] [236/296] MCDA
[10:10:57] [237/296] SHMI
[10:10:58] [238/296] SKHA
[10:10:59] [239/296] SVFK
[10:11:00] [240/296] INVB
[10:11:01] [241/296] MELD
[10:11:01] [242/296] JTYS
[10:11:02] [243/296] INCM
[10:11:04] [244/296] MCDV
[10:11:04] [245/296] KSGK
[10:11:06] [246/296] ICMG
[10:11:07] [247/296] CSCV
[10:11:07] [248/296] STMD
[10:11:08] [249/296] STTR
[10:11:09] [250/296] INVC
[10:11:10] [251/296] JTBL
[10:11:11] [252/296] SRVV
[10:11:11] [253/296] MAVC
[10:11:12] [254/296] SRPP
[10:11:13] [255/296] JGDM
[10:11:14] [256/296] MBSJ
[10:11:15] [257/296] SSLL
[10:11:16] [258/296] SLKP
[10:11:17] [259/296] NSRV
[10:11:18] [260/296] UTDV
[10:11:19] [261/296] KICM
[10:11:20] [262/296] KCMD
[10:11:21] [263/296] TTPP
[10:11:22] [264/296] KMPV
[10:11:23] [265/296] SKTV
[10:11:24] [266/296] STCV
[10:11:25] [267/296] SRDA
[10:11:26] [268/296] JTSX
[10:11:26] [269/296] STBV
[10:11:27] [270/296] APVZ
[10:11:28] [271/296] GSTV
[10:11:29] [272/296] NMVS
[10:11:29] [273/296] SKRT
[10:11:30] [274/296] RMDV
[10:11:31] [275/296] RATG
[10:11:32] [276/296] SJYV
[10:11:33] [277/296] NDGP
[10:11:33] [278/296] SNDG
[10:11:34] [279/296] INSR
[10:11:35] [280/296] INSO
[10:11:36] [281/296] CCSI
[10:11:37] [282/296] RASM
[10:11:37] [283/296] NEWC
[10:11:39] [284/296] VSHL
[10:11:40] [285/296] BISW
[10:11:41] [286/296] GCNG
[10:11:42] [287/296] CWSC
[10:11:43] [288/296] SKAN
[10:11:44] [289/296] SEHP
[10:11:44] [290/296] CCOA
[10:11:45] [291/296] MCAJ
[10:11:46] [292/296] ACDE
[10:11:47] [293/296] AACM
[10:11:48] [294/296] JJCK
[10:11:48] [295/296] RCMO
[10:11:50] [296/296] GDAW
[10:11:51] 🧹 Deduping shows
[10:11:51] ✅ DONE | Shows=342 | Movies=34
[16:49:59] 🚀 SCRIPT STARTED
[16:49:59] [1/296] CDCA
[16:49:59] 🧠 New identity created
[16:50:00] [2/296] MNSR
[16:50:02] [3/296] CSSL
[16:50:03] [4/296] BGGM
[16:50:04] [5/296] MANT
[16:50:05] [6/296] SOOY
[16:50:06] [7/296] VPPK
[16:50:08] [8/296] MYHJ
[16:50:09] [9/296] KSCK
[16:50:10] [10/296] KATK
[16:50:11] [11/296] RTRT
[16:50:12] [12/296] SSTT
[16:50:13] [13/296] SSTV
[16:50:14] [14/296] LACM
[16:50:15] [15/296] SGMG
[16:50:17] [16/296] KACX
[16:50:18] [17/296] GVCP
[16:50:19] [18/296] CSNC
[16:50:20] [19/296] SXCB
[16:50:21] [20/296] BAHS
[16:50:22] [21/296] PCBI
[16:50:23] [22/296] PSSM
[16:50:24] [23/296] RCOK
[16:50:25] [24/296] SCPF
[16:50:26] [25/296] SSAS
[16:50:28] [26/296] EVMM
[16:50:29] [27/296] SYCB
[16:50:30] [28/296] GCKI
[16:50:31] [29/296] IAET
[16:50:32] [30/296] DDTD
[16:50:33] [31/296] GMDH
[16:50:35] [32/296] STLE
[16:50:36] [33/296] JTRA
[16:50:36] [34/296] RPPA
[16:50:38] [35/296] ARUT
[16:50:39] [36/296] JTVM
[16:50:41] [37/296] SWRH
[16:50:42] [38/296] DCPC
[16:50:43] [39/296] RAPR
[16:50:45] [40/296] GCRT
[16:50:46] [41/296] ATUN
[16:50:47] [42/296] LTRM
[16:50:48] [43/296] TASR
[16:50:49] [44/296] RLLC
[16:50:51] [45/296] MABI
[16:50:52] [46/296] SVHB
[16:50:53] [47/296] NVTB
[16:50:54] [48/296] KCKG
[16:50:55] [49/296] SSRN
[16:50:56] [50/296] VDDC
[16:50:58] [51/296] GKTK
[16:51:00] [52/296] YFSN
[16:51:00] [53/296] GCSG
[16:51:02] [54/296] ESSM
[16:51:03] [55/296] KRIH
[16:51:04] [56/296] GCDS
[16:51:05] [57/296] CCSH
[16:51:06] [58/296] ACSK
[16:51:08] [59/296] APRK
[16:51:08] [60/296] ADKM
[16:51:09] [61/296] SRDM
[16:51:11] [62/296] RMOG
[16:51:13] [63/296] SJMY
[16:51:15] [64/296] PGGC
[16:51:16] [65/296] INGM
[16:51:17] [66/296] LSCB
[16:51:18] [67/296] STAD
[16:51:20] [68/296] MCCR
[16:51:22] [69/296] ABCC
[16:51:23] [70/296] RKCC
[16:51:24] [71/296] RTCR
[16:51:26] [72/296] GGBC
[16:51:27] [73/296] GCSD
[16:51:28] [74/296] LPTY
[16:51:30] [75/296] MCFD
[16:51:31] [76/296] HENN
[16:51:32] [77/296] SMKU
[16:51:34] [78/296] TNZC
[16:51:36] [79/296] DRCD
[16:51:36] [80/296] DLCD
[16:51:37] [81/296] RCDA
[16:51:38] [82/296] COSM
[16:51:39] [83/296] MCMJ
[16:51:40] [84/296] CSTR
[16:51:41] [85/296] CVDK
[16:51:42] [86/296] INRR
[16:51:43] [87/296] RJRT
[16:51:45] [88/296] IRMR
[16:51:47] [89/296] SRCF
[16:51:47] [90/296] GRCR
[16:51:49] [91/296] SURC
[16:51:50] [92/296] NMNH
[16:51:51] [93/296] SVBL
[16:51:53] [94/296] KACI
[16:51:54] [95/296] TDGO
[16:51:55] [96/296] KTBR
[16:51:56] [97/296] PMAD
[16:51:57] [98/296] CCPN
[16:51:58] [99/296] SBTK
[16:51:59] [100/296] LMDK
[16:52:00] [101/296] PGDA
[16:52:00] [102/296] SRML
[16:52:01] [103/296] EVCK
[16:52:03] [104/296] RTTK
[16:52:04] [105/296] SRTU
[16:52:06] [106/296] VRSA
[16:52:07] [107/296] VARS
[16:52:08] [108/296] DSCZ
[16:52:09] [109/296] GAGA
[16:52:10] [110/296] SARV
[16:52:11] [111/296] SEEG
[16:52:13] [112/296] GLCA
[16:52:14] [113/296] APAS
[16:52:15] [114/296] VCIA
[16:52:16] [115/296] SJTA
[16:52:17] [116/296] SABM
[16:52:18] [117/296] PPAG
[16:52:19] [118/296] RVCA
[16:52:20] [119/296] CCIA
[16:52:22] [120/296] HTAG
[16:52:24] [121/296] SMBI
[16:52:25] [122/296] MCJR
[16:52:26] [123/296] CCJR
[16:52:27] [124/296] SINF
[16:52:29] [125/296] CPLX
[16:52:31] [126/296] KKTJ
[16:52:32] [127/296] GDBW
[16:52:34] [128/296] CSUB
[16:52:35] [129/296] DABA
[16:52:36] [130/296] TITR
[16:52:37] [131/296] NYCR
[16:52:38] [132/296] RTRY
[16:52:39] [133/296] JTJL
[16:52:41] [134/296] SJCP
[16:52:41] [135/296] KCCA
[16:52:43] [136/296] MLPG
[16:52:45] [137/296] VRCK
[16:52:46] [138/296] SRIN
[16:52:48] [139/296] CXMK
[16:52:49] [140/296] SKAD
[16:52:51] [141/296] AVTR
[16:52:53] [142/296] PTAJ
[16:52:53] [143/296] SCNK
[16:52:54] [144/296] STTI
[16:52:55] [145/296] KACR
[16:52:56] [146/296] SSDX
[16:52:57] [147/296] VRTJ
[16:52:58] [148/296] RAJD
[16:53:00] [149/296] SCIP
[16:53:01] [150/296] RJSL
[16:53:03] [151/296] ARRS
[16:53:04] [152/296] ASMS
[16:53:05] [153/296] RDTS
[16:53:06] [154/296] DVMY
[16:53:07] [155/296] RASA
[16:53:08] [156/296] INOM
[16:53:09] [157/296] SPRS
[16:53:11] [158/296] SGCS
[16:53:13] [159/296] SALM
[16:53:14] [160/296] PKHC
[16:53:15] [161/296] RCSV
[16:53:16] [162/296] CPKC
[16:53:17] [163/296] AACD
[16:53:18] [164/296] GGCV
[16:53:20] [165/296] SMKD
[16:53:21] [166/296] NBCH
[16:53:23] [167/296] AMCB
[16:53:25] [168/296] OPCN
[16:53:26] [169/296] DCIN
[16:53:27] [170/296] INGW
[16:53:28] [171/296] PKKW
[16:53:28] [172/296] FNGW
[16:53:29] [173/296] GCGD
[16:53:30] [174/296] MSTW
[16:53:31] [175/296] KCCG
[16:53:32] [176/296] MRSS
[16:53:33] [177/296] CLCF
[16:53:34] [178/296] EETS
[16:53:35] [179/296] AATR
[16:53:36] [180/296] CMMN
[16:53:38] [181/296] SCCJ
[16:53:39] [182/296] CDTK
[16:53:39] [183/296] AICP
[16:53:40] [184/296] FNBP
[16:53:41] [185/296] CBPB
[16:53:42] [186/296] CPAS
[16:53:43] [187/296] MAPM
[16:53:44] [188/296] PASD
[16:53:45] [189/296] JCMN
[16:53:47] [190/296] MALB
[16:53:48] [191/296] SACG
[16:53:49] [192/296] DDRX
[16:53:50] [193/296] DDXB
[16:53:51] [194/296] RAMC
[16:53:52] [195/296] SANC
[16:53:54] [196/296] BCBP
[16:53:56] [197/296] ALPC
[16:53:57] [198/296] RBAC
[16:53:57] [199/296] RAJL
[16:53:59] [200/296] MPDX
[16:54:00] [201/296] MUSC
[16:54:01] [202/296] VKMK
[16:54:03] [203/296] SKCG
[16:54:05] [204/296] ANCN
[16:54:06] [205/296] MMCJ
[16:54:07] [206/296] DCAK
[16:54:09] [207/296] SCKG
[16:54:10] [208/296] LMCK
[16:54:11] [209/296] CKKX
[16:54:12] [210/296] ANKU
[16:54:13] [211/296] CSMD
[16:54:15] [212/296] MKMP
[16:54:16] [213/296] SVBG
[16:54:18] [214/296] ROOP
[16:54:20] [215/296] GDMT
[16:54:21] [216/296] FPPF
[16:54:22] [217/296] SFUU
[16:54:23] [218/296] ANCB
[16:54:24] [219/296] SMMC
[16:54:25] [220/296] UGKT
[16:54:26] [221/296] JVRM
[16:54:27] [222/296] BATG
[16:54:28] [223/296] RATE
[16:54:30] [224/296] SKME
[16:54:31] [225/296] LMTP
[16:54:33] [226/296] TCBD
[16:54:34] [227/296] ESBD
[16:54:36] [228/296] GDCU
[16:54:37] [229/296] SNKT
[16:54:38] [230/296] SRNK
[16:54:40] [231/296] SMED
[16:54:41] [232/296] CSQS
[16:54:42] [233/296] ALCS
[16:54:43] [234/296] KCKN
[16:54:44] [235/296] VCCL
[16:54:46] [236/296] MCDA
[16:54:48] [237/296] SHMI
[16:54:49] [238/296] SKHA
[16:54:50] [239/296] SVFK
[16:54:52] [240/296] INVB
[16:54:52] [241/296] MELD
[16:54:54] [242/296] JTYS
[16:54:56] [243/296] INCM
[16:54:57] [244/296] MCDV
[16:54:58] [245/296] KSGK
[16:54:59] [246/296] ICMG
[16:55:00] [247/296] CSCV
[16:55:01] [248/296] STMD
[16:55:02] [249/296] STTR
[16:55:04] [250/296] INVC
[16:55:05] [251/296] JTBL
[16:55:07] [252/296] SRVV
[16:55:08] [253/296] MAVC
[16:55:10] [254/296] SRPP
[16:55:12] [255/296] JGDM
[16:55:13] [256/296] MBSJ
[16:55:14] [257/296] SSLL
[16:55:15] [258/296] SLKP
[16:55:15] [259/296] NSRV
[16:55:16] [260/296] UTDV
[16:55:17] [261/296] KICM
[16:55:19] [262/296] KCMD
[16:55:20] [263/296] TTPP
[16:55:21] [264/296] KMPV
[16:55:22] [265/296] SKTV
[16:55:23] [266/296] STCV
[16:55:25] [267/296] SRDA
[16:55:26] [268/296] JTSX
[16:55:27] [269/296] STBV
[16:55:28] [270/296] APVZ
[16:55:30] [271/296] GSTV
[16:55:31] [272/296] NMVS
[16:55:32] [273/296] SKRT
[16:55:33] [274/296] RMDV
[16:55:34] [275/296] RATG
[16:55:36] [276/296] SJYV
[16:55:37] [277/296] NDGP
[16:55:38] [278/296] SNDG
[16:55:39] [279/296] INSR
[16:55:40] [280/296] INSO
[16:55:41] [281/296] CCSI
[16:55:42] [282/296] RASM
[16:55:43] [283/296] NEWC
[16:55:44] [284/296] VSHL
[16:55:45] [285/296] BISW
[16:55:46] [286/296] GCNG
[16:55:48] [287/296] CWSC
[16:55:49] [288/296] SKAN
[16:55:50] [289/296] SEHP
[16:55:52] [290/296] CCOA
[16:55:53] [291/296] MCAJ
[16:55:54] [292/296] ACDE
[16:55:54] [293/296] AACM
[16:55:56] [294/296] JJCK
[16:55:58] [295/296] RCMO
[16:55:59] [296/296] GDAW
[16:56:00] 🧹 Deduping shows
[16:56:00] ✅ DONE | Shows=430 | Movies=36
[04:49:23] 🚀 SCRIPT STARTED
[04:49:23] [1/296] CDCA
[04:49:23] 🧠 New identity created
[04:49:25] [2/296] MNSR
[04:49:25] [3/296] CSSL
[04:49:26] [4/296] BGGM
[04:49:27] [5/296] MANT
[04:49:29] [6/296] SOOY
[04:49:30] [7/296] VPPK
[04:49:31] [8/296] MYHJ
[04:49:33] [9/296] KSCK
[04:49:34] [10/296] KATK
[04:49:35] [11/296] RTRT
[04:49:35] [12/296] SSTT
[04:49:37] [13/296] SSTV
[04:49:38] [14/296] LACM
[04:49:39] [15/296] SGMG
[04:49:39] [16/296] KACX
[04:49:40] [17/296] GVCP
[04:49:41] [18/296] CSNC
[04:49:42] [19/296] SXCB
[04:49:43] [20/296] BAHS
[04:49:44] [21/296] PCBI
[04:49:46] [22/296] PSSM
[04:49:47] [23/296] RCOK
[04:49:47] [24/296] SCPF
[04:49:48] [25/296] SSAS
[04:49:49] [26/296] EVMM
[04:49:50] [27/296] SYCB
[04:49:51] [28/296] GCKI
[04:49:52] [29/296] IAET
[04:49:53] [30/296] DDTD
[04:49:54] [31/296] GMDH
[04:49:56] [32/296] STLE
[04:49:56] [33/296] JTRA
[04:49:58] [34/296] RPPA
[04:49:58] [35/296] ARUT
[04:49:59] [36/296] JTVM
[04:50:00] [37/296] SWRH
[04:50:02] [38/296] DCPC
[04:50:04] [39/296] RAPR
[04:50:05] [40/296] GCRT
[04:50:05] [41/296] ATUN
[04:50:07] [42/296] LTRM
[04:50:08] [43/296] TASR
[04:50:09] [44/296] RLLC
[04:50:10] [45/296] MABI
[04:50:11] [46/296] SVHB
[04:50:12] [47/296] NVTB
[04:50:13] [48/296] KCKG
[04:50:14] [49/296] SSRN
[04:50:15] [50/296] VDDC
[04:50:17] [51/296] GKTK
[04:50:18] [52/296] YFSN
[04:50:19] [53/296] GCSG
[04:50:20] [54/296] ESSM
[04:50:21] [55/296] KRIH
[04:50:22] [56/296] GCDS
[04:50:24] [57/296] CCSH
[04:50:25] [58/296] ACSK
[04:50:26] [59/296] APRK
[04:50:27] [60/296] ADKM
[04:50:28] [61/296] SRDM
[04:50:29] [62/296] RMOG
[04:50:30] [63/296] SJMY
[04:50:31] [64/296] PGGC
[04:50:32] [65/296] INGM
[04:50:33] [66/296] LSCB
[04:50:33] [67/296] STAD
[04:50:34] [68/296] MCCR
[04:50:35] [69/296] ABCC
[04:50:36] [70/296] RKCC
[04:50:37] [71/296] RTCR
[04:50:38] [72/296] GGBC
[04:50:39] [73/296] GCSD
[04:50:40] [74/296] LPTY
[04:50:41] [75/296] MCFD
[04:50:42] [76/296] HENN
[04:50:44] [77/296] SMKU
[04:50:45] [78/296] TNZC
[04:50:46] [79/296] DRCD
[04:50:47] [80/296] DLCD
[04:50:48] [81/296] RCDA
[04:50:48] [82/296] COSM
[04:50:49] [83/296] MCMJ
[04:50:50] [84/296] CSTR
[04:50:51] [85/296] CVDK
[04:50:52] [86/296] INRR
[04:50:53] [87/296] RJRT
[04:50:55] [88/296] IRMR
[04:50:56] [89/296] SRCF
[04:50:56] [90/296] GRCR
[04:50:58] [91/296] SURC
[04:50:59] [92/296] NMNH
[04:51:00] [93/296] SVBL
[04:51:01] [94/296] KACI
[04:51:02] [95/296] TDGO
[04:51:03] [96/296] KTBR
[04:51:03] [97/296] PMAD
[04:51:04] [98/296] CCPN
[04:51:05] [99/296] SBTK
[04:51:06] [100/296] LMDK
[04:51:07] [101/296] PGDA
[04:51:08] [102/296] SRML
[04:51:09] [103/296] EVCK
[04:51:10] [104/296] RTTK
[04:51:11] [105/296] SRTU
[04:51:11] [106/296] VRSA
[04:51:13] [107/296] VARS
[04:51:13] [108/296] DSCZ
[04:51:15] [109/296] GAGA
[04:51:16] [110/296] SARV
[04:51:17] [111/296] SEEG
[04:51:18] [112/296] GLCA
[04:51:19] [113/296] APAS
[04:51:20] [114/296] VCIA
[04:51:21] [115/296] SJTA
[04:51:22] [116/296] SABM
[04:51:22] [117/296] PPAG
[04:51:23] [118/296] RVCA
[04:51:24] [119/296] CCIA
[04:51:25] [120/296] HTAG
[04:51:26] [121/296] SMBI
[04:51:28] [122/296] MCJR
[04:51:29] [123/296] CCJR
[04:51:29] [124/296] SINF
[04:51:30] [125/296] CPLX
[04:51:31] [126/296] KKTJ
[04:51:32] [127/296] GDBW
[04:51:33] [128/296] CSUB
[04:51:34] [129/296] DABA
[04:51:35] [130/296] TITR
[04:51:36] [131/296] NYCR
[04:51:37] [132/296] RTRY
[04:51:38] [133/296] JTJL
[04:51:39] [134/296] SJCP
[04:51:41] [135/296] KCCA
[04:51:42] [136/296] MLPG
[04:51:43] [137/296] VRCK
[04:51:44] [138/296] SRIN
[04:51:45] [139/296] CXMK
[04:51:45] [140/296] SKAD
[04:51:46] [141/296] AVTR
[04:51:47] [142/296] PTAJ
[04:51:48] [143/296] SCNK
[04:51:49] [144/296] STTI
[04:51:49] [145/296] KACR
[04:51:50] [146/296] SSDX
[04:51:52] [147/296] VRTJ
[04:51:53] [148/296] RAJD
[04:51:54] [149/296] SCIP
[04:51:56] [150/296] RJSL
[04:51:57] [151/296] ARRS
[04:51:58] [152/296] ASMS
[04:51:58] [153/296] RDTS
[04:51:59] [154/296] DVMY
[04:52:00] [155/296] RASA
[04:52:02] [156/296] INOM
[04:52:03] [157/296] SPRS
[04:52:04] [158/296] SGCS
[04:52:05] [159/296] SALM
[04:52:06] [160/296] PKHC
[04:52:07] [161/296] RCSV
[04:52:08] [162/296] CPKC
[04:52:08] [163/296] AACD
[04:52:10] [164/296] GGCV
[04:52:11] [165/296] SMKD
[04:52:12] [166/296] NBCH
[04:52:13] [167/296] AMCB
[04:52:14] [168/296] OPCN
[04:52:14] [169/296] DCIN
[04:52:15] [170/296] INGW
[04:52:16] [171/296] PKKW
[04:52:18] [172/296] FNGW
[04:52:19] [173/296] GCGD
[04:52:20] [174/296] MSTW
[04:52:21] [175/296] KCCG
[04:52:22] [176/296] MRSS
[04:52:23] [177/296] CLCF
[04:52:24] [178/296] EETS
[04:52:24] [179/296] AATR
[04:52:25] [180/296] CMMN
[04:52:27] [181/296] SCCJ
[04:52:29] [182/296] CDTK
[04:52:30] [183/296] AICP
[04:52:31] [184/296] FNBP
[04:52:32] [185/296] CBPB
[04:52:34] [186/296] CPAS
[04:52:35] [187/296] MAPM
[04:52:36] [188/296] PASD
[04:52:38] [189/296] JCMN
[04:52:39] [190/296] MALB
[04:52:41] [191/296] SACG
[04:52:41] [192/296] DDRX
[04:52:42] [193/296] DDXB
[04:52:43] [194/296] RAMC
[04:52:44] [195/296] SANC
[04:52:45] [196/296] BCBP
[04:52:46] [197/296] ALPC
[04:52:47] [198/296] RBAC
[04:52:47] [199/296] RAJL
[04:52:49] [200/296] MPDX
[04:52:50] [201/296] MUSC
[04:52:51] [202/296] VKMK
[04:52:52] [203/296] SKCG
[04:52:53] [204/296] ANCN
[04:52:53] [205/296] MMCJ
[04:52:54] [206/296] DCAK
[04:52:56] [207/296] SCKG
[04:52:57] [208/296] LMCK
[04:52:58] [209/296] CKKX
[04:52:59] [210/296] ANKU
[04:53:01] [211/296] CSMD
[04:53:02] [212/296] MKMP
[04:53:02] [213/296] SVBG
[04:53:03] [214/296] ROOP
[04:53:04] [215/296] GDMT
[04:53:06] [216/296] FPPF
[04:53:07] [217/296] SFUU
[04:53:07] [218/296] ANCB
[04:53:08] [219/296] SMMC
[04:53:09] [220/296] UGKT
[04:53:10] [221/296] JVRM
[04:53:11] [222/296] BATG
[04:53:12] [223/296] RATE
[04:53:13] [224/296] SKME
[04:53:13] [225/296] LMTP
[04:53:14] [226/296] TCBD
[04:53:15] [227/296] ESBD
[04:53:16] [228/296] GDCU
[04:53:18] [229/296] SNKT
[04:53:19] [230/296] SRNK
[04:53:21] [231/296] SMED
[04:53:21] [232/296] CSQS
[04:53:22] [233/296] ALCS
[04:53:23] [234/296] KCKN
[04:53:24] [235/296] VCCL
[04:53:25] [236/296] MCDA
[04:53:26] [237/296] SHMI
[04:53:27] [238/296] SKHA
[04:53:28] [239/296] SVFK
[04:53:31] [240/296] INVB
[04:53:32] [241/296] MELD
[04:53:33] [242/296] JTYS
[04:53:33] [243/296] INCM
[04:53:34] [244/296] MCDV
[04:53:36] [245/296] KSGK
[04:53:37] [246/296] ICMG
[04:53:38] [247/296] CSCV
[04:53:39] [248/296] STMD
[04:53:40] [249/296] STTR
[04:53:41] [250/296] INVC
[04:53:42] [251/296] JTBL
[04:53:42] [252/296] SRVV
[04:53:44] [253/296] MAVC
[04:53:44] [254/296] SRPP
[04:53:45] [255/296] JGDM
[04:53:47] [256/296] MBSJ
[04:53:48] [257/296] SSLL
[04:53:50] [258/296] SLKP
[04:53:50] [259/296] NSRV
[04:53:51] [260/296] UTDV
[04:53:52] [261/296] KICM
[04:53:53] [262/296] KCMD
[04:53:54] [263/296] TTPP
[04:53:55] [264/296] KMPV
[04:53:55] [265/296] SKTV
[04:53:56] [266/296] STCV
[04:53:57] [267/296] SRDA
[04:53:58] [268/296] JTSX
[04:54:00] [269/296] STBV
[04:54:01] [270/296] APVZ
[04:54:03] [271/296] GSTV
[04:54:04] [272/296] NMVS
[04:54:06] [273/296] SKRT
[04:54:06] [274/296] RMDV
[04:54:07] [275/296] RATG
[04:54:09] [276/296] SJYV
[04:54:10] [277/296] NDGP
[04:54:11] [278/296] SNDG
[04:54:11] [279/296] INSR
[04:54:12] [280/296] INSO
[04:54:13] [281/296] CCSI
[04:54:15] [282/296] RASM
[04:54:16] [283/296] NEWC
[04:54:18] [284/296] VSHL
[04:54:19] [285/296] BISW
[04:54:21] [286/296] GCNG
[04:54:21] [287/296] CWSC
[04:54:22] [288/296] SKAN
[04:54:23] [289/296] SEHP
[04:54:24] [290/296] CCOA
[04:54:25] [291/296] MCAJ
[04:54:26] [292/296] ACDE
[04:54:27] [293/296] AACM
[04:54:28] [294/296] JJCK
[04:54:29] [295/296] RCMO
[04:54:30] [296/296] GDAW
[04:54:31] 🧹 Deduping shows
[04:54:31] ✅ DONE | Shows=538 | Movies=38
