[10:07:32] 🚀 SCRIPT STARTED
[10:07:32] [1/324] GCTA
[10:07:32] 🧠 New identity created
[10:07:33] [2/324] TOPN
[10:07:34] [3/324] MCUS
[10:07:35] [4/324] SHRL
[10:07:36] [5/324] UPTP
[10:07:37] [6/324] TMMP
[10:07:37] [7/324] DNRP
[10:07:38] [8/324] SRLT
[10:07:39] [9/324] RCNS
[10:07:40] [10/324] DCBH
[10:07:41] [11/324] NAGJ
[10:07:43] [12/324] JVRC
[10:07:44] [13/324] KRJG
[10:07:45] [14/324] SRTJ
[10:07:47] [15/324] CMXM
[10:07:48] [16/324] STMI
[10:07:49] [17/324] SLST
[10:07:50] [18/324] DTCN
[10:07:51] [19/324] STYN
[10:07:52] [20/324] SZVR
[10:07:52] [21/324] SRKO
[10:07:53] [22/324] JTGT
[10:07:54] [23/324] SVFD
[10:07:55] [24/324] SISD
[10:07:55] [25/324] ABDD
[10:07:57] [26/324] DRCA
[10:07:57] [27/324] AVCS
[10:07:58] [28/324] MVKH
[10:07:59] [29/324] ACPR
[10:08:00] [30/324] STIP
[10:08:01] [31/324] MTRA
[10:08:01] [32/324] RMKH
[10:08:02] [33/324] NKRL
[10:08:03] [34/324] PCWN
[10:08:04] [35/324] BLMT
[10:08:05] [36/324] GDPG
[10:08:06] [37/324] SRMX
[10:08:07] [38/324] JACP
[10:08:07] [39/324] CPSH
[10:08:08] [40/324] MCCD
[10:08:09] [41/324] ECGH
[10:08:10] [42/324] MKCK
[10:08:10] [43/324] SRMM
[10:08:11] [44/324] SKYR
[10:08:12] [45/324] PCKC
[10:08:13] [46/324] JCMA
[10:08:14] [47/324] BSMP
[10:08:15] [48/324] VSPA
[10:08:16] [49/324] DJYA
[10:08:17] [50/324] DIMP
[10:08:18] [51/324] FXDR
[10:08:19] [52/324] SSRC
[10:08:20] [53/324] STHP
[10:08:21] [54/324] CPPD
[10:08:22] [55/324] FCLK
[10:08:23] [56/324] SCPP
[10:08:24] [57/324] DCMJ
[10:08:25] [58/324] RCCR
[10:08:26] [59/324] INMT
[10:08:27] [60/324] LXTK
[10:08:28] [61/324] SRYK
[10:08:29] [62/324] SGDK
[10:08:30] [63/324] PPKA
[10:08:31] [64/324] SPKA
[10:08:32] [65/324] CGHH
[10:08:33] [66/324] DCJN
[10:08:34] [67/324] SRKV
[10:08:35] [68/324] SAJC
[10:08:35] [69/324] SUSR
[10:08:36] [70/324] STYG
[10:08:37] [71/324] NTKP
[10:08:39] [72/324] AKTG
[10:08:40] [73/324] CGCM
[10:08:41] [74/324] TULC
[10:08:42] [75/324] NYYZ
[10:08:43] [76/324] NYBW
[10:08:44] [77/324] MACB
[10:08:44] [78/324] SLVT
[10:08:46] [79/324] SANA
[10:08:47] [80/324] ACMR
[10:08:48] [81/324] CPKN
[10:08:48] [82/324] DLGK
[10:08:49] [83/324] CWCK
[10:08:50] [84/324] FDDH
[10:08:51] [85/324] MMMD
[10:08:52] [86/324] CMEH
[10:08:54] [87/324] GGGV
[10:08:55] [88/324] SPJL
[10:08:55] [89/324] RCCD
[10:08:56] [90/324] STTZ
[10:08:57] [91/324] BTCF
[10:08:58] [92/324] TSTZ
[10:08:59] [93/324] IPMM
[10:09:00] [94/324] PMPW
[10:09:00] [95/324] PCMZ
[10:09:01] [96/324] ESEM
[10:09:02] [97/324] PIPO
[10:09:03] [98/324] MATK
[10:09:03] [99/324] PGHM
[10:09:05] [100/324] CTSR
[10:09:06] [101/324] CYKR
[10:09:07] [102/324] MSCM
[10:09:07] [103/324] RFNP
[10:09:08] [104/324] PDCP
[10:09:09] [105/324] NPSE
[10:09:10] [106/324] MKML
[10:09:11] [107/324] FTDP
[10:09:12] [108/324] MMXA
[10:09:13] [109/324] CEPO
[10:09:14] [110/324] CMVP
[10:09:16] [111/324] SGTH
[10:09:17] [112/324] SAYN
[10:09:17] [113/324] URVS
[10:09:19] [114/324] VJTN
[10:09:20] [115/324] BBYK
[10:09:21] [116/324] SHBO
[10:09:22] [117/324] VCMR
[10:09:23] [118/324] MACT
[10:09:24] [119/324] JMNP
[10:09:25] [120/324] VICS
[10:09:26] [121/324] VCDA
[10:09:26] [122/324] GCMM
[10:09:28] [123/324] INVS
[10:09:28] [124/324] SCGM
[10:09:30] [125/324] PCDA
[10:09:31] [126/324] KDCT
[10:09:32] [127/324] JACS
[10:09:32] [128/324] GMMC
[10:09:33] [129/324] AICM
[10:09:34] [130/324] TJCM
[10:09:35] [131/324] RMTI
[10:09:36] [132/324] SHAC
[10:09:36] [133/324] APJC
[10:09:37] [134/324] GCTG
[10:09:39] [135/324] SSMC
[10:09:39] [136/324] THRM
[10:09:40] [137/324] RBCT
[10:09:41] [138/324] DIKT
[10:09:42] [139/324] MIDL
[10:09:43] [140/324] VCSN
[10:09:44] [141/324] SKTG
[10:09:46] [142/324] SMWC
[10:09:47] [143/324] MNKH
[10:09:47] [144/324] PIAT
[10:09:48] [145/324] LTTP
[10:09:49] [146/324] PTPU
[10:09:50] [147/324] ACMG
[10:09:51] [148/324] SHMM
[10:09:51] [149/324] MCMN
[10:09:52] [150/324] GLDC
[10:09:53] [151/324] HOUT
[10:09:53] [152/324] SVRP
[10:09:54] [153/324] PVDN
[10:09:55] [154/324] SCPY
[10:09:56] [155/324] DTPY
[10:09:57] [156/324] GKCS
[10:09:58] [157/324] NCAM
[10:09:59] [158/324] BSRM
[10:10:00] [159/324] RCLC
[10:10:01] [160/324] SKKD
[10:10:02] [161/324] ACHU
[10:10:03] [162/324] RSCF
[10:10:04] [163/324] IMSH
[10:10:05] [164/324] MACX
[10:10:05] [165/324] HMMW
[10:10:06] [166/324] JTCP
[10:10:07] [167/324] SREN
[10:10:08] [168/324] PJRR
[10:10:09] [169/324] INAC
[10:10:10] [170/324] BMCA
[10:10:11] [171/324] SHCB
[10:10:12] [172/324] GABA
[10:10:13] [173/324] SBCT
[10:10:14] [174/324] GCMA
[10:10:15] [175/324] MYTK
[10:10:16] [176/324] INZS
[10:10:17] [177/324] RMIK
[10:10:18] [178/324] NYCH
[10:10:19] [179/324] RAVE
[10:10:20] [180/324] PSXM
[10:10:21] [181/324] MCGP
[10:10:22] [182/324] PDDK
[10:10:23] [183/324] SPCK
[10:10:23] [184/324] MCRL
[10:10:24] [185/324] MHKT
[10:10:25] [186/324] ANRR
[10:10:26] [187/324] SAPK
[10:10:27] [188/324] NCUK
[10:10:28] [189/324] JUGA
[10:10:29] [190/324] DBSC
[10:10:30] [191/324] LALK
[10:10:31] [192/324] GUCK
[10:10:32] [193/324] STSG
[10:10:33] [194/324] PPPZ
[10:10:34] [195/324] CNCY
[10:10:34] [196/324] MTAR
[10:10:35] [197/324] VNKD
[10:10:36] [198/324] KMAJ
[10:10:36] [199/324] ACXK
[10:10:38] [200/324] UTKC
[10:10:39] [201/324] PBLK
[10:10:39] [202/324] ACBX
[10:10:40] [203/324] PTGM
[10:10:41] [204/324] BTDA
[10:10:42] [205/324] PJMB
[10:10:42] [206/324] TPDA
[10:10:43] [207/324] AMOE
[10:10:44] [208/324] PRHT
[10:10:45] [209/324] PRTA
[10:10:46] [210/324] STAM
[10:10:47] [211/324] MSAA
[10:10:48] [212/324] SDLU
[10:10:49] [213/324] RCHH
[10:10:50] [214/324] KANT
[10:10:51] [215/324] FCRT
[10:10:52] [216/324] DNKM
[10:10:52] [217/324] RYCP
[10:10:53] [218/324] MYRP
[10:10:54] [219/324] PPAK
[10:10:54] [220/324] NVPK
[10:10:55] [221/324] PRMC
[10:10:56] [222/324] JBCS
[10:10:57] [223/324] GXCK
[10:10:58] [224/324] USKO
[10:10:59] [225/324] GTEM
[10:11:00] [226/324] SMBU
[10:11:01] [227/324] VETC
[10:11:01] [228/324] LCDA
[10:11:02] [229/324] MTVT
[10:11:03] [230/324] PYCP
[10:11:04] [231/324] PNSC
[10:11:05] [232/324] PPCC
[10:11:06] [233/324] TGRT
[10:11:06] [234/324] JYOT
[10:11:07] [235/324] SRCZ
[10:11:08] [236/324] SJTE
[10:11:09] [237/324] DESC
[10:11:10] [238/324] JHVN
[10:11:11] [239/324] IPSG
[10:11:12] [240/324] IPCM
[10:11:13] [241/324] PDRS
[10:11:14] [242/324] ANCV
[10:11:14] [243/324] CMVV
[10:11:16] [244/324] SHYP
[10:11:16] [245/324] DNCS
[10:11:17] [246/324] GAJK
[10:11:18] [247/324] AKTN
[10:11:19] [248/324] KAYA
[10:11:20] [249/324] SBRC
[10:11:20] [250/324] CHTP
[10:11:21] [251/324] SHRT
[10:11:22] [252/324] BCKU
[10:11:23] [253/324] FCPS
[10:11:24] [254/324] ARDD
[10:11:25] [255/324] CPCM
[10:11:25] [256/324] CGSM
[10:11:26] [257/324] PSMP
[10:11:27] [258/324] SDAL
[10:11:28] [259/324] RTNB
[10:11:29] [260/324] LMCR
[10:11:29] [261/324] CIMA
[10:11:30] [262/324] RNAS
[10:11:31] [263/324] LITH
[10:11:32] [264/324] PBOX
[10:11:33] [265/324] FRTS
[10:11:34] [266/324] RKIC
[10:11:35] [267/324] PTAI
[10:11:35] [268/324] GCIC
[10:11:36] [269/324] FNAS
[10:11:37] [270/324] SCAR
[10:11:38] [271/324] MTCA
[10:11:39] [272/324] SCTS
[10:11:40] [273/324] SYCS
[10:11:41] [274/324] RDMS
[10:11:41] [275/324] KAMP
[10:11:42] [276/324] ERSD
[10:11:43] [277/324] MJMJ
[10:11:44] [278/324] SRCJ
[10:11:44] [279/324] SCXE
[10:11:45] [280/324] SVFR
[10:11:46] [281/324] BHCS
[10:11:47] [282/324] IMCC
[10:11:48] [283/324] PCBO
[10:11:49] [284/324] PRVN
[10:11:49] [285/324] AUPM
[10:11:50] [286/324] INBW
[10:11:51] [287/324] SVCW
[10:11:52] [288/324] RKCF
[10:11:53] [289/324] UVBH
[10:11:54] [290/324] DNCY
[10:11:55] [291/324] ABCN
[10:11:56] [292/324] PRUR
[10:11:57] [293/324] PFMR
[10:11:58] [294/324] RKCN
[10:11:58] [295/324] CFEA
[10:11:59] [296/324] SDBG
[10:12:00] [297/324] SNAR
[10:12:00] [298/324] YISI
[10:12:02] [299/324] JCFF
[10:12:03] [300/324] VTRK
[10:12:04] [301/324] PCLZ
[10:12:05] [302/324] DIMY
[10:12:06] [303/324] BBTS
[10:12:07] [304/324] GATH
[10:12:07] [305/324] GTMN
[10:12:08] [306/324] VTMH
[10:12:09] [307/324] CCKP
[10:12:10] [308/324] GPKA
[10:12:11] [309/324] MHCL
[10:12:12] [310/324] ATCL
[10:12:13] [311/324] SBCK
[10:12:14] [312/324] AMMR
[10:12:15] [313/324] MADC
[10:12:15] [314/324] TMMA
[10:12:16] [315/324] CACC
[10:12:17] [316/324] CHAL
[10:12:18] [317/324] DURG
[10:12:19] [318/324] GMKU
[10:12:20] [319/324] GECA
[10:12:21] [320/324] KYRR
[10:12:22] [321/324] KSDE
[10:12:23] [322/324] LMCI
[10:12:24] [323/324] NKCP
[10:12:25] [324/324] BGTC
[10:12:26] 🧹 Deduping shows
[10:12:26] ✅ DONE | Shows=381 | Movies=34
[16:48:02] 🚀 SCRIPT STARTED
[16:48:02] [1/324] GCTA
[16:48:02] 🧠 New identity created
[16:48:03] [2/324] TOPN
[16:48:05] [3/324] MCUS
[16:48:06] [4/324] SHRL
[16:48:07] [5/324] UPTP
[16:48:09] [6/324] TMMP
[16:48:10] [7/324] DNRP
[16:48:12] [8/324] SRLT
[16:48:13] [9/324] RCNS
[16:48:15] [10/324] DCBH
[16:48:16] [11/324] NAGJ
[16:48:17] [12/324] JVRC
[16:48:18] [13/324] KRJG
[16:48:19] [14/324] SRTJ
[16:48:20] [15/324] CMXM
[16:48:21] [16/324] STMI
[16:48:22] [17/324] SLST
[16:48:24] [18/324] DTCN
[16:48:25] [19/324] STYN
[16:48:27] [20/324] SZVR
[16:48:28] [21/324] SRKO
[16:48:30] [22/324] JTGT
[16:48:32] [23/324] SVFD
[16:48:33] [24/324] SISD
[16:48:34] [25/324] ABDD
[16:48:35] [26/324] DRCA
[16:48:37] [27/324] AVCS
[16:48:38] [28/324] MVKH
[16:48:38] [29/324] ACPR
[16:48:40] [30/324] STIP
[16:48:41] [31/324] MTRA
[16:48:42] [32/324] RMKH
[16:48:44] [33/324] NKRL
[16:48:45] [34/324] PCWN
[16:48:46] [35/324] BLMT
[16:48:47] [36/324] GDPG
[16:48:48] [37/324] SRMX
[16:48:49] [38/324] JACP
[16:48:51] [39/324] CPSH
[16:48:52] [40/324] MCCD
[16:48:54] [41/324] ECGH
[16:48:55] [42/324] MKCK
[16:48:57] [43/324] SRMM
[16:48:58] [44/324] SKYR
[16:48:58] [45/324] PCKC
[16:49:00] [46/324] JCMA
[16:49:02] [47/324] BSMP
[16:49:02] [48/324] VSPA
[16:49:03] [49/324] DJYA
[16:49:04] [50/324] DIMP
[16:49:06] [51/324] FXDR
[16:49:08] [52/324] SSRC
[16:49:10] [53/324] STHP
[16:49:10] [54/324] CPPD
[16:49:11] [55/324] FCLK
[16:49:13] [56/324] SCPP
[16:49:14] [57/324] DCMJ
[16:49:15] [58/324] RCCR
[16:49:17] [59/324] INMT
[16:49:19] [60/324] LXTK
[16:49:20] [61/324] SRYK
[16:49:21] [62/324] SGDK
[16:49:22] [63/324] PPKA
[16:49:23] [64/324] SPKA
[16:49:25] [65/324] CGHH
[16:49:26] [66/324] DCJN
[16:49:27] [67/324] SRKV
[16:49:28] [68/324] SAJC
[16:49:29] [69/324] SUSR
[16:49:30] [70/324] STYG
[16:49:31] [71/324] NTKP
[16:49:32] [72/324] AKTG
[16:49:32] [73/324] CGCM
[16:49:33] [74/324] TULC
[16:49:34] [75/324] NYYZ
[16:49:36] [76/324] NYBW
[16:49:37] [77/324] MACB
[16:49:39] [78/324] SLVT
[16:49:40] [79/324] SANA
[16:49:41] [80/324] ACMR
[16:49:43] [81/324] CPKN
[16:49:45] [82/324] DLGK
[16:49:46] [83/324] CWCK
[16:49:47] [84/324] FDDH
[16:49:49] [85/324] MMMD
[16:49:50] [86/324] CMEH
[16:49:51] [87/324] GGGV
[16:49:52] [88/324] SPJL
[16:49:53] [89/324] RCCD
[16:49:54] [90/324] STTZ
[16:49:55] [91/324] BTCF
[16:49:56] [92/324] TSTZ
[16:49:57] [93/324] IPMM
[16:49:58] [94/324] PMPW
[16:49:59] [95/324] PCMZ
[16:50:01] [96/324] ESEM
[16:50:02] [97/324] PIPO
[16:50:03] [98/324] MATK
[16:50:04] [99/324] PGHM
[16:50:04] [100/324] CTSR
[16:50:05] [101/324] CYKR
[16:50:06] [102/324] MSCM
[16:50:07] [103/324] RFNP
[16:50:09] [104/324] PDCP
[16:50:10] [105/324] NPSE
[16:50:12] [106/324] MKML
[16:50:13] [107/324] FTDP
[16:50:14] [108/324] MMXA
[16:50:15] [109/324] CEPO
[16:50:17] [110/324] CMVP
[16:50:17] [111/324] SGTH
[16:50:18] [112/324] SAYN
[16:50:19] [113/324] URVS
[16:50:21] [114/324] VJTN
[16:50:22] [115/324] BBYK
[16:50:23] [116/324] SHBO
[16:50:25] [117/324] VCMR
[16:50:26] [118/324] MACT
[16:50:27] [119/324] JMNP
[16:50:29] [120/324] VICS
[16:50:30] [121/324] VCDA
[16:50:32] [122/324] GCMM
[16:50:33] [123/324] INVS
[16:50:35] [124/324] SCGM
[16:50:36] [125/324] PCDA
[16:50:37] [126/324] KDCT
[16:50:38] [127/324] JACS
[16:50:39] [128/324] GMMC
[16:50:40] [129/324] AICM
[16:50:41] [130/324] TJCM
[16:50:42] [131/324] RMTI
[16:50:44] [132/324] SHAC
[16:50:44] [133/324] APJC
[16:50:45] [134/324] GCTG
[16:50:46] [135/324] SSMC
[16:50:47] [136/324] THRM
[16:50:48] [137/324] RBCT
[16:50:49] [138/324] DIKT
[16:50:49] [139/324] MIDL
[16:50:51] [140/324] VCSN
[16:50:53] [141/324] SKTG
[16:50:54] [142/324] SMWC
[16:50:55] [143/324] MNKH
[16:50:56] [144/324] PIAT
[16:50:57] [145/324] LTTP
[16:50:58] [146/324] PTPU
[16:51:00] [147/324] ACMG
[16:51:01] [148/324] SHMM
[16:51:03] [149/324] MCMN
[16:51:04] [150/324] GLDC
[16:51:05] [151/324] HOUT
[16:51:06] [152/324] SVRP
[16:51:08] [153/324] PVDN
[16:51:08] [154/324] SCPY
[16:51:10] [155/324] DTPY
[16:51:12] [156/324] GKCS
[16:51:12] [157/324] NCAM
[16:51:14] [158/324] BSRM
[16:51:16] [159/324] RCLC
[16:51:16] [160/324] SKKD
[16:51:17] [161/324] ACHU
[16:51:18] [162/324] RSCF
[16:51:19] [163/324] IMSH
[16:51:20] [164/324] MACX
[16:51:21] [165/324] HMMW
[16:51:22] [166/324] JTCP
[16:51:24] [167/324] SREN
[16:51:25] [168/324] PJRR
[16:51:27] [169/324] INAC
[16:51:28] [170/324] BMCA
[16:51:29] [171/324] SHCB
[16:51:30] [172/324] GABA
[16:51:32] [173/324] SBCT
[16:51:33] [174/324] GCMA
[16:51:35] [175/324] MYTK
[16:51:35] [176/324] INZS
[16:51:37] [177/324] RMIK
[16:51:38] [178/324] NYCH
[16:51:39] [179/324] RAVE
[16:51:40] [180/324] PSXM
[16:51:40] [181/324] MCGP
[16:51:41] [182/324] PDDK
[16:51:43] [183/324] SPCK
[16:51:44] [184/324] MCRL
[16:51:45] [185/324] MHKT
[16:51:47] [186/324] ANRR
[16:51:48] [187/324] SAPK
[16:51:50] [188/324] NCUK
[16:51:52] [189/324] JUGA
[16:51:53] [190/324] DBSC
[16:51:54] [191/324] LALK
[16:51:55] [192/324] GUCK
[16:51:57] [193/324] STSG
[16:51:58] [194/324] PPPZ
[16:51:59] [195/324] CNCY
[16:52:01] [196/324] MTAR
[16:52:02] [197/324] VNKD
[16:52:03] [198/324] KMAJ
[16:52:04] [199/324] ACXK
[16:52:04] [200/324] UTKC
[16:52:05] [201/324] PBLK
[16:52:06] [202/324] ACBX
[16:52:08] [203/324] PTGM
[16:52:09] [204/324] BTDA
[16:52:09] [205/324] PJMB
[16:52:11] [206/324] TPDA
[16:52:13] [207/324] AMOE
[16:52:14] [208/324] PRHT
[16:52:16] [209/324] PRTA
[16:52:17] [210/324] STAM
[16:52:18] [211/324] MSAA
[16:52:20] [212/324] SDLU
[16:52:20] [213/324] RCHH
[16:52:21] [214/324] KANT
[16:52:22] [215/324] FCRT
[16:52:24] [216/324] DNKM
[16:52:25] [217/324] RYCP
[16:52:26] [218/324] MYRP
[16:52:27] [219/324] PPAK
[16:52:28] [220/324] NVPK
[16:52:30] [221/324] PRMC
[16:52:31] [222/324] JBCS
[16:52:33] [223/324] GXCK
[16:52:34] [224/324] USKO
[16:52:35] [225/324] GTEM
[16:52:36] [226/324] SMBU
[16:52:38] [227/324] VETC
[16:52:39] [228/324] LCDA
[16:52:40] [229/324] MTVT
[16:52:41] [230/324] PYCP
[16:52:43] [231/324] PNSC
[16:52:44] [232/324] PPCC
[16:52:46] [233/324] TGRT
[16:52:47] [234/324] JYOT
[16:52:48] [235/324] SRCZ
[16:52:50] [236/324] SJTE
[16:52:51] [237/324] DESC
[16:52:53] [238/324] JHVN
[16:52:54] [239/324] IPSG
[16:52:56] [240/324] IPCM
[16:52:58] [241/324] PDRS
[16:52:59] [242/324] ANCV
[16:53:00] [243/324] CMVV
[16:53:01] [244/324] SHYP
[16:53:02] [245/324] DNCS
[16:53:04] [246/324] GAJK
[16:53:06] [247/324] AKTN
[16:53:07] [248/324] KAYA
[16:53:08] [249/324] SBRC
[16:53:09] [250/324] CHTP
[16:53:10] [251/324] SHRT
[16:53:12] [252/324] BCKU
[16:53:13] [253/324] FCPS
[16:53:14] [254/324] ARDD
[16:53:16] [255/324] CPCM
[16:53:17] [256/324] CGSM
[16:53:18] [257/324] PSMP
[16:53:18] [258/324] SDAL
[16:53:19] [259/324] RTNB
[16:53:20] [260/324] LMCR
[16:53:22] [261/324] CIMA
[16:53:23] [262/324] RNAS
[16:53:24] [263/324] LITH
[16:53:26] [264/324] PBOX
[16:53:27] [265/324] FRTS
[16:53:28] [266/324] RKIC
[16:53:29] [267/324] PTAI
[16:53:31] [268/324] GCIC
[16:53:32] [269/324] FNAS
[16:53:33] [270/324] SCAR
[16:53:34] [271/324] MTCA
[16:53:35] [272/324] SCTS
[16:53:36] [273/324] SYCS
[16:53:38] [274/324] RDMS
[16:53:39] [275/324] KAMP
[16:53:40] [276/324] ERSD
[16:53:41] [277/324] MJMJ
[16:53:42] [278/324] SRCJ
[16:53:44] [279/324] SCXE
[16:53:46] [280/324] SVFR
[16:53:47] [281/324] BHCS
[16:53:48] [282/324] IMCC
[16:53:50] [283/324] PCBO
[16:53:51] [284/324] PRVN
[16:53:52] [285/324] AUPM
[16:53:53] [286/324] INBW
[16:53:54] [287/324] SVCW
[16:53:55] [288/324] RKCF
[16:53:56] [289/324] UVBH
[16:53:57] [290/324] DNCY
[16:53:58] [291/324] ABCN
[16:54:00] [292/324] PRUR
[16:54:01] [293/324] PFMR
[16:54:02] [294/324] RKCN
[16:54:03] [295/324] CFEA
[16:54:04] [296/324] SDBG
[16:54:05] [297/324] SNAR
[16:54:06] [298/324] YISI
[16:54:08] [299/324] JCFF
[16:54:09] [300/324] VTRK
[16:54:10] [301/324] PCLZ
[16:54:12] [302/324] DIMY
[16:54:13] [303/324] BBTS
[16:54:14] [304/324] GATH
[16:54:15] [305/324] GTMN
[16:54:16] [306/324] VTMH
[16:54:17] [307/324] CCKP
[16:54:17] [308/324] GPKA
[16:54:19] [309/324] MHCL
[16:54:20] [310/324] ATCL
[16:54:21] [311/324] SBCK
[16:54:23] [312/324] AMMR
[16:54:24] [313/324] MADC
[16:54:26] [314/324] TMMA
[16:54:28] [315/324] CACC
[16:54:30] [316/324] CHAL
[16:54:30] [317/324] DURG
[16:54:31] [318/324] GMKU
[16:54:32] [319/324] GECA
[16:54:33] [320/324] KYRR
[16:54:34] [321/324] KSDE
[16:54:35] [322/324] LMCI
[16:54:36] [323/324] NKCP
[16:54:37] [324/324] BGTC
[16:54:38] 🧹 Deduping shows
[16:54:38] ✅ DONE | Shows=444 | Movies=34
