[00:39:20] 🚀 BMS DAILY TRACKER STARTED
[00:39:20] [1/324] GCTA
[00:39:20] 🧠 New identity
[00:39:21] [2/324] TOPN
[00:39:22] [3/324] MCUS
[00:39:23] [4/324] SHRL
[00:39:24] [5/324] UPTP
[00:39:25] [6/324] TMMP
[00:39:26] [7/324] DNRP
[00:39:27] [8/324] SRLT
[00:39:28] [9/324] RCNS
[00:39:29] [10/324] DCBH
[00:39:30] [11/324] NAGJ
[00:39:31] [12/324] JVRC
[00:39:32] [13/324] KRJG
[00:39:32] [14/324] SRTJ
[00:39:33] [15/324] CMXM
[00:39:34] [16/324] STMI
[00:39:35] [17/324] SLST
[00:39:36] [18/324] DTCN
[00:39:37] [19/324] STYN
[00:39:38] [20/324] SZVR
[00:39:39] [21/324] SRKO
[00:39:40] [22/324] JTGT
[00:39:41] [23/324] SVFD
[00:39:41] [24/324] SISD
[00:39:42] [25/324] ABDD
[00:39:43] [26/324] DRCA
[00:39:44] [27/324] AVCS
[00:39:44] [28/324] MVKH
[00:39:45] [29/324] ACPR
[00:39:47] [30/324] STIP
[00:39:48] [31/324] MTRA
[00:39:49] [32/324] RMKH
[00:39:50] [33/324] NKRL
[00:39:51] [34/324] PCWN
[00:39:52] [35/324] BLMT
[00:39:53] [36/324] GDPG
[00:39:54] [37/324] SRMX
[00:39:55] [38/324] JACP
[00:39:56] [39/324] CPSH
[00:39:57] [40/324] MCCD
[00:39:58] [41/324] ECGH
[00:39:59] [42/324] MKCK
[00:40:00] [43/324] SRMM
[00:40:01] [44/324] SKYR
[00:40:02] [45/324] PCKC
[00:40:04] [46/324] JCMA
[00:40:05] [47/324] BSMP
[00:40:06] [48/324] VSPA
[00:40:07] [49/324] DJYA
[00:40:08] [50/324] DIMP
[00:40:08] [51/324] FXDR
[00:40:09] [52/324] SSRC
[00:40:11] [53/324] STHP
[00:40:12] [54/324] CPPD
[00:40:13] [55/324] FCLK
[00:40:14] [56/324] SCPP
[00:40:14] [57/324] DCMJ
[00:40:15] [58/324] RCCR
[00:40:16] [59/324] INMT
[00:40:18] [60/324] LXTK
[00:40:19] [61/324] SRYK
[00:40:19] [62/324] SGDK
[00:40:20] [63/324] PPKA
[00:40:22] [64/324] SPKA
[00:40:23] [65/324] CGHH
[00:40:24] [66/324] DCJN
[00:40:25] [67/324] SRKV
[00:40:25] [68/324] SAJC
[00:40:26] [69/324] SUSR
[00:40:27] [70/324] STYG
[00:40:28] [71/324] NTKP
[00:40:29] [72/324] AKTG
[00:40:30] [73/324] CGCM
[00:40:31] [74/324] TULC
[00:40:32] [75/324] NYYZ
[00:40:33] [76/324] NYBW
[00:40:34] [77/324] MACB
[00:40:35] [78/324] SLVT
[00:40:35] [79/324] SANA
[00:40:36] [80/324] ACMR
[00:40:37] [81/324] CPKN
[00:40:38] [82/324] DLGK
[00:40:39] [83/324] CWCK
[00:40:40] [84/324] FDDH
[00:40:41] [85/324] MMMD
[00:40:41] [86/324] CMEH
[00:40:42] [87/324] GGGV
[00:40:43] [88/324] SPJL
[00:40:44] [89/324] RCCD
[00:40:45] [90/324] STTZ
[00:40:45] [91/324] BTCF
[00:40:46] [92/324] TSTZ
[00:40:47] [93/324] IPMM
[00:40:48] [94/324] PMPW
[00:40:49] [95/324] PCMZ
[00:40:49] [96/324] ESEM
[00:40:50] [97/324] PIPO
[00:40:51] [98/324] MATK
[00:40:53] [99/324] PGHM
[00:40:54] [100/324] CTSR
[00:40:55] [101/324] CYKR
[00:40:55] [102/324] MSCM
[00:40:57] [103/324] RFNP
[00:40:58] [104/324] PDCP
[00:40:59] [105/324] NPSE
[00:41:00] [106/324] MKML
[00:41:00] [107/324] FTDP
[00:41:01] [108/324] MMXA
[00:41:02] [109/324] CEPO
[00:41:03] [110/324] CMVP
[00:41:04] [111/324] SGTH
[00:41:05] [112/324] SAYN
[00:41:06] [113/324] URVS
[00:41:06] [114/324] VJTN
[00:41:07] [115/324] BBYK
[00:41:08] [116/324] SHBO
[00:41:10] [117/324] VCMR
[00:41:11] [118/324] MACT
[00:41:12] [119/324] JMNP
[00:41:12] [120/324] VICS
[00:41:13] [121/324] VCDA
[00:41:14] [122/324] GCMM
[00:41:15] [123/324] INVS
[00:41:16] [124/324] SCGM
[00:41:16] [125/324] PCDA
[00:41:17] [126/324] KDCT
[00:41:19] [127/324] JACS
[00:41:20] [128/324] GMMC
[00:41:21] [129/324] AICM
[00:41:22] [130/324] TJCM
[00:41:23] [131/324] RMTI
[00:41:24] [132/324] SHAC
[00:41:25] [133/324] APJC
[00:41:26] [134/324] GCTG
[00:41:26] [135/324] SSMC
[00:41:27] [136/324] THRM
[00:41:28] [137/324] RBCT
[00:41:29] [138/324] DIKT
[00:41:29] [139/324] MIDL
[00:41:30] [140/324] VCSN
[00:41:31] [141/324] SKTG
[00:41:32] [142/324] SMWC
[00:41:33] [143/324] MNKH
[00:41:33] [144/324] PIAT
[00:41:34] [145/324] LTTP
[00:41:35] [146/324] PTPU
[00:41:36] [147/324] ACMG
[00:41:37] [148/324] SHMM
[00:41:38] [149/324] MCMN
[00:41:39] [150/324] GLDC
[00:41:40] [151/324] HOUT
[00:41:41] [152/324] SVRP
[00:41:42] [153/324] PVDN
[00:41:43] [154/324] SCPY
[00:41:44] [155/324] DTPY
[00:41:44] [156/324] GKCS
[00:41:45] [157/324] NCAM
[00:41:46] [158/324] BSRM
[00:41:47] [159/324] RCLC
[00:41:48] [160/324] SKKD
[00:41:49] [161/324] ACHU
[00:41:50] [162/324] RSCF
[00:41:51] [163/324] IMSH
[00:41:52] [164/324] MACX
[00:41:53] [165/324] HMMW
[00:41:54] [166/324] JTCP
[00:41:54] [167/324] SREN
[00:41:55] [168/324] PJRR
[00:41:56] [169/324] INAC
[00:41:57] [170/324] BMCA
[00:41:57] [171/324] SHCB
[00:41:58] [172/324] GABA
[00:41:59] [173/324] SBCT
[00:42:00] [174/324] GCMA
[00:42:01] [175/324] MYTK
[00:42:01] [176/324] INZS
[00:42:02] [177/324] RMIK
[00:42:03] [178/324] NYCH
[00:42:04] [179/324] RAVE
[00:42:05] [180/324] PSXM
[00:42:06] [181/324] MCGP
[00:42:07] [182/324] PDDK
[00:42:08] [183/324] SPCK
[00:42:09] [184/324] MCRL
[00:42:09] [185/324] MHKT
[00:42:10] [186/324] ANRR
[00:42:11] [187/324] SAPK
[00:42:12] [188/324] NCUK
[00:42:13] [189/324] JUGA
[00:42:14] [190/324] DBSC
[00:42:15] [191/324] LALK
[00:42:16] [192/324] GUCK
[00:42:18] [193/324] STSG
[00:42:18] [194/324] PPPZ
[00:42:19] [195/324] CNCY
[00:42:20] [196/324] MTAR
[00:42:21] [197/324] VNKD
[00:42:22] [198/324] KMAJ
[00:42:23] [199/324] ACXK
[00:42:24] [200/324] UTKC
[00:42:25] [201/324] PBLK
[00:42:26] [202/324] ACBX
[00:42:26] [203/324] PTGM
[00:42:27] [204/324] BTDA
[00:42:28] [205/324] PJMB
[00:42:29] [206/324] TPDA
[00:42:30] [207/324] AMOE
[00:42:31] [208/324] PRHT
[00:42:32] [209/324] PRTA
[00:42:32] [210/324] STAM
[00:42:33] [211/324] MSAA
[00:42:34] [212/324] SDLU
[00:42:35] [213/324] RCHH
[00:42:36] [214/324] KANT
[00:42:36] [215/324] FCRT
[00:42:37] [216/324] DNKM
[00:42:38] [217/324] RYCP
[00:42:39] [218/324] MYRP
[00:42:40] [219/324] PPAK
[00:42:40] [220/324] NVPK
[00:42:41] [221/324] PRMC
[00:42:43] [222/324] JBCS
[00:42:44] [223/324] GXCK
[00:42:45] [224/324] USKO
[00:42:46] [225/324] GTEM
[00:42:47] [226/324] SMBU
[00:42:48] [227/324] VETC
[00:42:49] [228/324] LCDA
[00:42:50] [229/324] MTVT
[00:42:51] [230/324] PYCP
[00:42:52] [231/324] PNSC
[00:42:53] [232/324] PPCC
[00:42:54] [233/324] TGRT
[00:42:55] [234/324] JYOT
[00:42:55] [235/324] SRCZ
[00:42:56] [236/324] SJTE
[00:42:57] [237/324] DESC
[00:42:58] [238/324] JHVN
[00:42:59] [239/324] IPSG
[00:43:00] [240/324] IPCM
[00:43:01] [241/324] PDRS
[00:43:01] [242/324] ANCV
[00:43:02] [243/324] CMVV
[00:43:03] [244/324] SHYP
[00:43:04] [245/324] DNCS
[00:43:05] [246/324] GAJK
[00:43:05] [247/324] AKTN
[00:43:07] [248/324] KAYA
[00:43:08] [249/324] SBRC
[00:43:09] [250/324] CHTP
[00:43:10] [251/324] SHRT
[00:43:11] [252/324] BCKU
[00:43:12] [253/324] FCPS
[00:43:13] [254/324] ARDD
[00:43:14] [255/324] CPCM
[00:43:15] [256/324] CGSM
[00:43:16] [257/324] PSMP
[00:43:17] [258/324] SDAL
[00:43:18] [259/324] RTNB
[00:43:18] [260/324] LMCR
[00:43:19] [261/324] CIMA
[00:43:20] [262/324] RNAS
[00:43:21] [263/324] LITH
[00:43:22] [264/324] PBOX
[00:43:23] [265/324] FRTS
[00:43:25] [266/324] RKIC
[00:43:27] [267/324] PTAI
[00:43:28] [268/324] GCIC
[00:43:29] [269/324] FNAS
[00:43:30] [270/324] SCAR
[00:43:31] [271/324] MTCA
[00:43:32] [272/324] SCTS
[00:43:33] [273/324] SYCS
[00:43:33] [274/324] RDMS
[00:43:34] [275/324] KAMP
[00:43:35] [276/324] ERSD
[00:43:36] [277/324] MJMJ
[00:43:37] [278/324] SRCJ
[00:43:38] [279/324] SCXE
[00:43:38] [280/324] SVFR
[00:43:39] [281/324] BHCS
[00:43:40] [282/324] IMCC
[00:43:41] [283/324] PCBO
[00:43:42] [284/324] PRVN
[00:43:43] [285/324] AUPM
[00:43:44] [286/324] INBW
[00:43:45] [287/324] SVCW
[00:43:47] [288/324] RKCF
[00:43:48] [289/324] UVBH
[00:43:49] [290/324] DNCY
[00:43:49] [291/324] ABCN
[00:43:51] [292/324] PRUR
[00:43:52] [293/324] PFMR
[00:43:53] [294/324] RKCN
[00:43:54] [295/324] CFEA
[00:43:55] [296/324] SDBG
[00:43:56] [297/324] SNAR
[00:43:57] [298/324] YISI
[00:43:58] [299/324] JCFF
[00:43:58] [300/324] VTRK
[00:43:59] [301/324] PCLZ
[00:44:00] [302/324] DIMY
[00:44:01] [303/324] BBTS
[00:44:02] [304/324] GATH
[00:44:02] [305/324] GTMN
[00:44:04] [306/324] VTMH
[00:44:05] [307/324] CCKP
[00:44:06] [308/324] GPKA
[00:44:07] [309/324] MHCL
[00:44:08] [310/324] ATCL
[00:44:10] [311/324] SBCK
[00:44:11] [312/324] AMMR
[00:44:12] [313/324] MADC
[00:44:13] [314/324] TMMA
[00:44:13] [315/324] CACC
[00:44:14] [316/324] CHAL
[00:44:15] [317/324] DURG
[00:44:16] [318/324] GMKU
[00:44:17] [319/324] GECA
[00:44:17] [320/324] KYRR
[00:44:19] [321/324] KSDE
[00:44:19] [322/324] LMCI
[00:44:20] [323/324] NKCP
[00:44:21] [324/324] BGTC
[00:44:22] ✅ DONE | Shows=6 | Movies=1
[01:42:37] 🚀 BMS DAILY TRACKER STARTED
[01:42:37] [1/324] GCTA
[01:42:37] 🧠 New identity
[01:42:38] [2/324] TOPN
[01:42:39] [3/324] MCUS
[01:42:40] [4/324] SHRL
[01:42:41] [5/324] UPTP
[01:42:42] [6/324] TMMP
[01:42:43] [7/324] DNRP
[01:42:43] [8/324] SRLT
[01:42:44] [9/324] RCNS
[01:42:45] [10/324] DCBH
[01:42:46] [11/324] NAGJ
[01:42:47] [12/324] JVRC
[01:42:48] [13/324] KRJG
[01:42:48] [14/324] SRTJ
[01:42:49] [15/324] CMXM
[01:42:51] [16/324] STMI
[01:42:52] [17/324] SLST
[01:42:52] [18/324] DTCN
[01:42:53] [19/324] STYN
[01:42:54] [20/324] SZVR
[01:42:55] [21/324] SRKO
[01:42:56] [22/324] JTGT
[01:42:57] [23/324] SVFD
[01:42:58] [24/324] SISD
[01:42:58] [25/324] ABDD
[01:42:59] [26/324] DRCA
[01:43:00] [27/324] AVCS
[01:43:01] [28/324] MVKH
[01:43:02] [29/324] ACPR
[01:43:02] [30/324] STIP
[01:43:03] [31/324] MTRA
[01:43:04] [32/324] RMKH
[01:43:05] [33/324] NKRL
[01:43:05] [34/324] PCWN
[01:43:06] [35/324] BLMT
[01:43:07] [36/324] GDPG
[01:43:08] [37/324] SRMX
[01:43:09] [38/324] JACP
[01:43:10] [39/324] CPSH
[01:43:11] [40/324] MCCD
[01:43:11] [41/324] ECGH
[01:43:12] [42/324] MKCK
[01:43:14] [43/324] SRMM
[01:43:15] [44/324] SKYR
[01:43:16] [45/324] PCKC
[01:43:16] [46/324] JCMA
[01:43:17] [47/324] BSMP
[01:43:18] [48/324] VSPA
[01:43:19] [49/324] DJYA
[01:43:20] [50/324] DIMP
[01:43:21] [51/324] FXDR
[01:43:22] [52/324] SSRC
[01:43:23] [53/324] STHP
[01:43:23] [54/324] CPPD
[01:43:24] [55/324] FCLK
[01:43:25] [56/324] SCPP
[01:43:26] [57/324] DCMJ
[01:43:27] [58/324] RCCR
[01:43:28] [59/324] INMT
[01:43:29] [60/324] LXTK
[01:43:30] [61/324] SRYK
[01:43:30] [62/324] SGDK
[01:43:32] [63/324] PPKA
[01:43:33] [64/324] SPKA
[01:43:35] [65/324] CGHH
[01:43:35] [66/324] DCJN
[01:43:36] [67/324] SRKV
[01:43:37] [68/324] SAJC
[01:43:39] [69/324] SUSR
[01:43:40] [70/324] STYG
[01:43:40] [71/324] NTKP
[01:43:42] [72/324] AKTG
[01:43:43] [73/324] CGCM
[01:43:43] [74/324] TULC
[01:43:44] [75/324] NYYZ
[01:43:45] [76/324] NYBW
[01:43:46] [77/324] MACB
[01:43:47] [78/324] SLVT
[01:43:47] [79/324] SANA
[01:43:48] [80/324] ACMR
[01:43:49] [81/324] CPKN
[01:43:50] [82/324] DLGK
[01:43:51] [83/324] CWCK
[01:43:52] [84/324] FDDH
[01:43:53] [85/324] MMMD
[01:43:54] [86/324] CMEH
[01:43:55] [87/324] GGGV
[01:43:56] [88/324] SPJL
[01:43:57] [89/324] RCCD
[01:43:58] [90/324] STTZ
[01:43:59] [91/324] BTCF
[01:43:59] [92/324] TSTZ
[01:44:00] [93/324] IPMM
[01:44:01] [94/324] PMPW
[01:44:02] [95/324] PCMZ
[01:44:03] [96/324] ESEM
[01:44:03] [97/324] PIPO
[01:44:04] [98/324] MATK
[01:44:05] [99/324] PGHM
[01:44:06] [100/324] CTSR
[01:44:07] [101/324] CYKR
[01:44:08] [102/324] MSCM
[01:44:10] [103/324] RFNP
[01:44:10] [104/324] PDCP
[01:44:11] [105/324] NPSE
[01:44:12] [106/324] MKML
[01:44:13] [107/324] FTDP
[01:44:14] [108/324] MMXA
[01:44:14] [109/324] CEPO
[01:44:15] [110/324] CMVP
[01:44:16] [111/324] SGTH
[01:44:17] [112/324] SAYN
[01:44:17] [113/324] URVS
[01:44:18] [114/324] VJTN
[01:44:19] [115/324] BBYK
[01:44:21] [116/324] SHBO
[01:44:22] [117/324] VCMR
[01:44:23] [118/324] MACT
[01:44:24] [119/324] JMNP
[01:44:25] [120/324] VICS
[01:44:26] [121/324] VCDA
[01:44:27] [122/324] GCMM
[01:44:27] [123/324] INVS
[01:44:28] [124/324] SCGM
[01:44:30] [125/324] PCDA
[01:44:30] [126/324] KDCT
[01:44:31] [127/324] JACS
[01:44:33] [128/324] GMMC
[01:44:33] [129/324] AICM
[01:44:34] [130/324] TJCM
[01:44:35] [131/324] RMTI
[01:44:36] [132/324] SHAC
[01:44:37] [133/324] APJC
[01:44:37] [134/324] GCTG
[01:44:38] [135/324] SSMC
[01:44:40] [136/324] THRM
[01:44:41] [137/324] RBCT
[01:44:41] [138/324] DIKT
[01:44:42] [139/324] MIDL
[01:44:43] [140/324] VCSN
[01:44:44] [141/324] SKTG
[01:44:45] [142/324] SMWC
[01:44:47] [143/324] MNKH
[01:44:47] [144/324] PIAT
[01:44:48] [145/324] LTTP
[01:44:49] [146/324] PTPU
[01:44:50] [147/324] ACMG
[01:44:50] [148/324] SHMM
[01:44:51] [149/324] MCMN
[01:44:52] [150/324] GLDC
[01:44:53] [151/324] HOUT
[01:44:53] [152/324] SVRP
[01:44:54] [153/324] PVDN
[01:44:55] [154/324] SCPY
[01:44:56] [155/324] DTPY
[01:44:57] [156/324] GKCS
[01:44:58] [157/324] NCAM
[01:44:58] [158/324] BSRM
[01:44:59] [159/324] RCLC
[01:45:00] [160/324] SKKD
[01:45:00] [161/324] ACHU
[01:45:01] [162/324] RSCF
[01:45:02] [163/324] IMSH
[01:45:03] [164/324] MACX
[01:45:04] [165/324] HMMW
[01:45:05] [166/324] JTCP
[01:45:06] [167/324] SREN
[01:45:07] [168/324] PJRR
[01:45:08] [169/324] INAC
[01:45:08] [170/324] BMCA
[01:45:09] [171/324] SHCB
[01:45:10] [172/324] GABA
[01:45:11] [173/324] SBCT
[01:45:12] [174/324] GCMA
[01:45:13] [175/324] MYTK
[01:45:13] [176/324] INZS
[01:45:14] [177/324] RMIK
[01:45:15] [178/324] NYCH
[01:45:15] [179/324] RAVE
[01:45:16] [180/324] PSXM
[01:45:17] [181/324] MCGP
[01:45:18] [182/324] PDDK
[01:45:19] [183/324] SPCK
[01:45:21] [184/324] MCRL
[01:45:21] [185/324] MHKT
[01:45:22] [186/324] ANRR
[01:45:23] [187/324] SAPK
[01:45:25] [188/324] NCUK
[01:45:25] [189/324] JUGA
[01:45:26] [190/324] DBSC
[01:45:27] [191/324] LALK
[01:45:28] [192/324] GUCK
[01:45:28] [193/324] STSG
[01:45:29] [194/324] PPPZ
[01:45:30] [195/324] CNCY
[01:45:31] [196/324] MTAR
[01:45:32] [197/324] VNKD
[01:45:33] [198/324] KMAJ
[01:45:33] [199/324] ACXK
[01:45:34] [200/324] UTKC
[01:45:35] [201/324] PBLK
[01:45:37] [202/324] ACBX
[01:45:37] [203/324] PTGM
[01:45:38] [204/324] BTDA
[01:45:39] [205/324] PJMB
[01:45:40] [206/324] TPDA
[01:45:42] [207/324] AMOE
[01:45:43] [208/324] PRHT
[01:45:43] [209/324] PRTA
[01:45:44] [210/324] STAM
[01:45:45] [211/324] MSAA
[01:45:47] [212/324] SDLU
[01:45:48] [213/324] RCHH
[01:45:49] [214/324] KANT
[01:45:50] [215/324] FCRT
[01:45:51] [216/324] DNKM
[01:45:52] [217/324] RYCP
[01:45:52] [218/324] MYRP
[01:45:53] [219/324] PPAK
[01:45:54] [220/324] NVPK
[01:45:56] [221/324] PRMC
[01:45:57] [222/324] JBCS
[01:45:58] [223/324] GXCK
[01:45:59] [224/324] USKO
[01:46:00] [225/324] GTEM
[01:46:00] [226/324] SMBU
[01:46:01] [227/324] VETC
[01:46:02] [228/324] LCDA
[01:46:03] [229/324] MTVT
[01:46:04] [230/324] PYCP
[01:46:04] [231/324] PNSC
[01:46:05] [232/324] PPCC
[01:46:06] [233/324] TGRT
[01:46:07] [234/324] JYOT
[01:46:08] [235/324] SRCZ
[01:46:08] [236/324] SJTE
[01:46:09] [237/324] DESC
[01:46:10] [238/324] JHVN
[01:46:11] [239/324] IPSG
[01:46:12] [240/324] IPCM
[01:46:13] [241/324] PDRS
[01:46:14] [242/324] ANCV
[01:46:15] [243/324] CMVV
[01:46:16] [244/324] SHYP
[01:46:17] [245/324] DNCS
[01:46:18] [246/324] GAJK
[01:46:19] [247/324] AKTN
[01:46:19] [248/324] KAYA
[01:46:20] [249/324] SBRC
[01:46:21] [250/324] CHTP
[01:46:22] [251/324] SHRT
[01:46:23] [252/324] BCKU
[01:46:23] [253/324] FCPS
[01:46:24] [254/324] ARDD
[01:46:25] [255/324] CPCM
[01:46:26] [256/324] CGSM
[01:46:27] [257/324] PSMP
[01:46:27] [258/324] SDAL
[01:46:28] [259/324] RTNB
[01:46:29] [260/324] LMCR
[01:46:30] [261/324] CIMA
[01:46:31] [262/324] RNAS
[01:46:31] [263/324] LITH
[01:46:32] [264/324] PBOX
[01:46:33] [265/324] FRTS
[01:46:34] [266/324] RKIC
[01:46:35] [267/324] PTAI
[01:46:36] [268/324] GCIC
[01:46:36] [269/324] FNAS
[01:46:37] [270/324] SCAR
[01:46:38] [271/324] MTCA
[01:46:39] [272/324] SCTS
[01:46:39] [273/324] SYCS
[01:46:41] [274/324] RDMS
[01:46:42] [275/324] KAMP
[01:46:43] [276/324] ERSD
[01:46:45] [277/324] MJMJ
[01:46:46] [278/324] SRCJ
[01:46:47] [279/324] SCXE
[01:46:48] [280/324] SVFR
[01:46:48] [281/324] BHCS
[01:46:49] [282/324] IMCC
[01:46:51] [283/324] PCBO
[01:46:52] [284/324] PRVN
[01:46:52] [285/324] AUPM
[01:46:53] [286/324] INBW
[01:46:54] [287/324] SVCW
[01:46:55] [288/324] RKCF
[01:46:56] [289/324] UVBH
[01:46:56] [290/324] DNCY
[01:46:57] [291/324] ABCN
[01:46:58] [292/324] PRUR
[01:46:59] [293/324] PFMR
[01:47:00] [294/324] RKCN
[01:47:00] [295/324] CFEA
[01:47:01] [296/324] SDBG
[01:47:02] [297/324] SNAR
[01:47:03] [298/324] YISI
[01:47:04] [299/324] JCFF
[01:47:04] [300/324] VTRK
[01:47:05] [301/324] PCLZ
[01:47:06] [302/324] DIMY
[01:47:07] [303/324] BBTS
[01:47:08] [304/324] GATH
[01:47:09] [305/324] GTMN
[01:47:10] [306/324] VTMH
[01:47:11] [307/324] CCKP
[01:47:11] [308/324] GPKA
[01:47:13] [309/324] MHCL
[01:47:13] [310/324] ATCL
[01:47:14] [311/324] SBCK
[01:47:15] [312/324] AMMR
[01:47:16] [313/324] MADC
[01:47:18] [314/324] TMMA
[01:47:18] [315/324] CACC
[01:47:19] [316/324] CHAL
[01:47:20] [317/324] DURG
[01:47:21] [318/324] GMKU
[01:47:22] [319/324] GECA
[01:47:22] [320/324] KYRR
[01:47:23] [321/324] KSDE
[01:47:24] [322/324] LMCI
[01:47:25] [323/324] NKCP
[01:47:25] [324/324] BGTC
[01:47:26] ✅ DONE | Shows=6 | Movies=1
