[00:39:16] 🚀 BMS DAILY TRACKER STARTED
[00:39:16] [1/459] FNDB
[00:39:16] 🧠 New identity
[00:39:18] [2/459] AMBH
[00:39:18] [3/459] PRHN
[00:39:19] [4/459] ACPM
[00:39:20] [5/459] PVFS
[00:39:21] [6/459] AACN
[00:39:23] [7/459] ACAS
[00:39:24] [8/459] CTNR
[00:39:25] [9/459] MMAH
[00:39:26] [10/459] CPMH
[00:39:27] [11/459] IGMH
[00:39:28] [12/459] ABCS
[00:39:29] [13/459] CMMA
[00:39:30] [14/459] GPRH
[00:39:31] [15/459] PNNG
[00:39:32] [16/459] AMCA
[00:39:33] [17/459] ISTN
[00:39:34] [18/459] PIIC
[00:39:35] [19/459] AHMH
[00:39:36] [20/459] ASHN
[00:39:38] [21/459] INHY
[00:39:39] [22/459] SRMO
[00:39:39] [23/459] PIMH
[00:39:40] [24/459] PVTS
[00:39:41] [25/459] MMCA
[00:39:42] [26/459] AKYJ
[00:39:43] [27/459] BRKH
[00:39:44] [28/459] MAHM
[00:39:44] [29/459] CPHY
[00:39:45] [30/459] PVTP
[00:39:46] [31/459] SMMR
[00:39:47] [32/459] PVHM
[00:39:48] [33/459] SNDY
[00:39:49] [34/459] GOKU
[00:39:50] [35/459] ACEV
[00:39:51] [36/459] PVUM
[00:39:52] [37/459] VSWA
[00:39:52] [38/459] IPRS
[00:39:53] [39/459] ASGN
[00:39:54] [40/459] BKMV
[00:39:55] [41/459] PVYH
[00:39:56] [42/459] INKM
[00:39:57] [43/459] ARJU
[00:39:58] [44/459] JJPP
[00:39:59] [45/459] SSRM
[00:39:59] [46/459] HMHD
[00:40:00] [47/459] SNKH
[00:40:01] [48/459] ACHI
[00:40:02] [49/459] MRAA
[00:40:03] [50/459] INMH
[00:40:04] [51/459] ARMH
[00:40:05] [52/459] DVRR
[00:40:06] [53/459] SUDA
[00:40:07] [54/459] MCSS
[00:40:08] [55/459] VRKC
[00:40:09] [56/459] PRCX
[00:40:09] [57/459] ASJY
[00:40:10] [58/459] MTHY
[00:40:11] [59/459] SRCM
[00:40:12] [60/459] TVHY
[00:40:13] [61/459] STHD
[00:40:14] [62/459] CPCL
[00:40:15] [63/459] PSMJ
[00:40:16] [64/459] MRGT
[00:40:17] [65/459] ARYH
[00:40:18] [66/459] VTRB
[00:40:19] [67/459] SCHC
[00:40:20] [68/459] MRRG
[00:40:20] [69/459] SPCB
[00:40:21] [70/459] AMCM
[00:40:22] [71/459] IVNM
[00:40:23] [72/459] TRHY
[00:40:23] [73/459] PTTH
[00:40:24] [74/459] RKMH
[00:40:25] [75/459] PRCS
[00:40:26] [76/459] VAJA
[00:40:27] [77/459] BJNG
[00:40:28] [78/459] SCVM
[00:40:29] [79/459] GNHB
[00:40:29] [80/459] TLUR
[00:40:30] [81/459] UKCC
[00:40:31] [82/459] SRKR
[00:40:32] [83/459] RMKN
[00:40:33] [84/459] SLRT
[00:40:34] [85/459] LKMT
[00:40:35] [86/459] SSRJ
[00:40:35] [87/459] SPHT
[00:40:36] [88/459] ANTT
[00:40:37] [89/459] SRCH
[00:40:38] [90/459] SRCA
[00:40:39] [91/459] ARTH
[00:40:40] [92/459] MCBH
[00:40:41] [93/459] SNIB
[00:40:42] [94/459] SART
[00:40:43] [95/459] SKTA
[00:40:44] [96/459] YAKT
[00:40:44] [97/459] MLCK
[00:40:45] [98/459] ANTS
[00:40:46] [99/459] DGCA
[00:40:47] [100/459] SGMP
[00:40:48] [101/459] ASWN
[00:40:49] [102/459] KFVU
[00:40:49] [103/459] POOR
[00:40:50] [104/459] GKDN
[00:40:51] [105/459] EOSE
[00:40:52] [106/459] GTTT
[00:40:53] [107/459] ARRO
[00:40:53] [108/459] CMMK
[00:40:54] [109/459] MSCN
[00:40:55] [110/459] GDKH
[00:40:55] [111/459] DLMT
[00:40:56] [112/459] PVMF
[00:40:57] [113/459] CPCK
[00:40:58] [114/459] VMHE
[00:40:59] [115/459] PVLC
[00:41:00] [116/459] PCVB
[00:41:00] [117/459] SNYK
[00:41:01] [118/459] KTEK
[00:41:03] [119/459] PCNM
[00:41:03] [120/459] NTTR
[00:41:04] [121/459] CPSK
[00:41:05] [122/459] JMMA
[00:41:06] [123/459] GCFK
[00:41:06] [124/459] MYCA
[00:41:07] [125/459] KSNP
[00:41:08] [126/459] PMCE
[00:41:09] [127/459] SCKI
[00:41:10] [128/459] FSMA
[00:41:11] [129/459] CETA
[00:41:11] [130/459] MCIK
[00:41:13] [131/459] MYCR
[00:41:14] [132/459] EVMP
[00:41:14] [133/459] SSGT
[00:41:15] [134/459] KCTK
[00:41:16] [135/459] ZTKC
[00:41:17] [136/459] MMTA
[00:41:18] [137/459] MAJT
[00:41:19] [138/459] ACPK
[00:41:19] [139/459] JMAX
[00:41:20] [140/459] SETK
[00:41:21] [141/459] CAIS
[00:41:22] [142/459] AGCD
[00:41:23] [143/459] URCL
[00:41:24] [144/459] VTDS
[00:41:25] [145/459] JCNM
[00:41:26] [146/459] KCAM
[00:41:27] [147/459] ADCU
[00:41:28] [148/459] GXYN
[00:41:29] [149/459] SMJG
[00:41:30] [150/459] EYCJ
[00:41:31] [151/459] CCEJ
[00:41:32] [152/459] MARS
[00:41:33] [153/459] CPVJ
[00:41:35] [154/459] INVP
[00:41:36] [155/459] CPOV
[00:41:37] [156/459] VIJK
[00:41:37] [157/459] LAIM
[00:41:38] [158/459] STHV
[00:41:39] [159/459] SVLJ
[00:41:40] [160/459] ATVJ
[00:41:41] [161/459] JTSC
[00:41:41] [162/459] RMTV
[00:41:42] [163/459] MGGG
[00:41:43] [164/459] SWTH
[00:41:44] [165/459] INVJ
[00:41:45] [166/459] PRSV
[00:41:46] [167/459] JATV
[00:41:46] [168/459] RCVD
[00:41:47] [169/459] BDMA
[00:41:48] [170/459] BLJI
[00:41:49] [171/459] SWOT
[00:41:51] [172/459] SWRN
[00:41:51] [173/459] TVRA
[00:41:52] [174/459] VCSV
[00:41:53] [175/459] NVRN
[00:41:54] [176/459] SIKC
[00:41:55] [177/459] VAKR
[00:41:55] [178/459] SYLN
[00:41:56] [179/459] KLJL
[00:41:57] [180/459] LKMY
[00:41:58] [181/459] VSLY
[00:41:59] [182/459] CIKO
[00:41:59] [183/459] GPBG
[00:42:00] [184/459] CECM
[00:42:02] [185/459] SLKB
[00:42:03] [186/459] MTBO
[00:42:04] [187/459] SSHB
[00:42:04] [188/459] VPCS
[00:42:05] [189/459] RCSR
[00:42:06] [190/459] RJRM
[00:42:07] [191/459] KPPB
[00:42:08] [192/459] SEDC
[00:42:09] [193/459] SCAI
[00:42:09] [194/459] RMTR
[00:42:10] [195/459] ASST
[00:42:11] [196/459] GCAK
[00:42:12] [197/459] ANNK
[00:42:13] [198/459] KDDF
[00:42:14] [199/459] NRDP
[00:42:14] [200/459] PLAK
[00:42:15] [201/459] GCMC
[00:42:16] [202/459] ALPY
[00:42:17] [203/459] SICE
[00:42:18] [204/459] SISR
[00:42:18] [205/459] SRPZ
[00:42:19] [206/459] SRSW
[00:42:20] [207/459] SUYA
[00:42:21] [208/459] AMMT
[00:42:22] [209/459] BHCU
[00:42:23] [210/459] KLPA
[00:42:24] [211/459] NVKH
[00:42:25] [212/459] JMRC
[00:42:26] [213/459] KTTT
[00:42:27] [214/459] MAGH
[00:42:28] [215/459] MMMX
[00:42:29] [216/459] SALJ
[00:42:30] [217/459] GTJA
[00:42:31] [218/459] MAHT
[00:42:32] [219/459] SSNN
[00:42:33] [220/459] ARRP
[00:42:34] [221/459] ATNS
[00:42:35] [222/459] SKDT
[00:42:36] [223/459] ACAT
[00:42:36] [224/459] APRC
[00:42:37] [225/459] SWAG
[00:42:38] [226/459] SDPT
[00:42:39] [227/459] STPS
[00:42:40] [228/459] WWCZ
[00:42:41] [229/459] LLCH
[00:42:42] [230/459] MZHA
[00:42:43] [231/459] CRJG
[00:42:43] [232/459] JGTK
[00:42:45] [233/459] KCSR
[00:42:46] [234/459] CHTL
[00:42:47] [235/459] EDSR
[00:42:47] [236/459] CSWO
[00:42:48] [237/459] CPVM
[00:42:49] [238/459] MXBY
[00:42:50] [239/459] FMMA
[00:42:51] [240/459] POVI
[00:42:52] [241/459] MTHB
[00:42:53] [242/459] INRC
[00:42:54] [243/459] PIPP
[00:42:55] [244/459] BMXC
[00:42:55] [245/459] PCMM
[00:42:56] [246/459] PMKM
[00:42:57] [247/459] GATY
[00:42:58] [248/459] IMCM
[00:42:59] [249/459] POPE
[00:43:00] [250/459] MTCR
[00:43:01] [251/459] PVAE
[00:43:02] [252/459] PVMI
[00:43:02] [253/459] CPNM
[00:43:03] [254/459] FMRL
[00:43:04] [255/459] MCIW
[00:43:05] [256/459] MXBO
[00:43:07] [257/459] FMKY
[00:43:08] [258/459] FMDA
[00:43:09] [259/459] THAB
[00:43:09] [260/459] PRCW
[00:43:10] [261/459] PITI
[00:43:11] [262/459] MCFF
[00:43:12] [263/459] PDDV
[00:43:13] [264/459] MCRM
[00:43:13] [265/459] KKMB
[00:43:14] [266/459] INKO
[00:43:15] [267/459] PLXP
[00:43:16] [268/459] MMHA
[00:43:17] [269/459] FMVS
[00:43:17] [270/459] POLM
[00:43:18] [271/459] STER
[00:43:19] [272/459] PVWJ
[00:43:20] [273/459] IMJW
[00:43:21] [274/459] FNAN
[00:43:21] [275/459] CAGL
[00:43:22] [276/459] IPBG
[00:43:23] [277/459] SMFV
[00:43:24] [278/459] MMMR
[00:43:25] [279/459] MMWM
[00:43:26] [280/459] FNCM
[00:43:27] [281/459] MDVA
[00:43:27] [282/459] MMET
[00:43:28] [283/459] MIDO
[00:43:29] [284/459] INNP
[00:43:30] [285/459] MIFU
[00:43:31] [286/459] MMSZ
[00:43:32] [287/459] BMXA
[00:43:33] [288/459] MCAA
[00:43:34] [289/459] SCVP
[00:43:35] [290/459] PLUS
[00:43:36] [291/459] MUCK
[00:43:37] [292/459] MTMA
[00:43:38] [293/459] HPVR
[00:43:40] [294/459] PMPK
[00:43:41] [295/459] MAJB
[00:43:42] [296/459] CTRR
[00:43:43] [297/459] MCTG
[00:43:44] [298/459] MACE
[00:43:46] [299/459] AAAS
[00:43:47] [300/459] CPVV
[00:43:47] [301/459] RCHG
[00:43:48] [302/459] MCNE
[00:43:49] [303/459] EMNC
[00:43:50] [304/459] MCAN
[00:43:51] [305/459] TCDM
[00:43:51] [306/459] IRGT
[00:43:52] [307/459] GCMG
[00:43:53] [308/459] MXSN
[00:43:54] [309/459] MXCK
[00:43:55] [310/459] MCRC
[00:43:56] [311/459] RSMI
[00:43:56] [312/459] WAML
[00:43:58] [313/459] MTSC
[00:43:58] [314/459] FMDR
[00:43:59] [315/459] LEPV
[00:44:00] [316/459] MTGD
[00:44:01] [317/459] IMOB
[00:44:02] [318/459] CLMM
[00:44:03] [319/459] PZCD
[00:44:03] [320/459] GOCS
[00:44:04] [321/459] KCMA
[00:44:05] [322/459] CCMP
[00:44:06] [323/459] MTSU
[00:44:08] [324/459] SNGL
[00:44:08] [325/459] MMMC
[00:44:09] [326/459] MMAA
[00:44:10] [327/459] GCDM
[00:44:11] [328/459] KTMV
[00:44:12] [329/459] AETE
[00:44:13] [330/459] OMCS
[00:44:13] [331/459] GDCD
[00:44:14] [332/459] NYMD
[00:44:15] [333/459] RNCV
[00:44:16] [334/459] KKMT
[00:44:16] [335/459] GDTH
[00:44:17] [336/459] KMMV
[00:44:18] [337/459] NHCG
[00:44:19] [338/459] PJDW
[00:44:20] [339/459] MMCV
[00:44:21] [340/459] FQSA
[00:44:22] [341/459] KURL
[00:44:23] [342/459] NNNX
[00:44:24] [343/459] AMAU
[00:44:25] [344/459] VVVM
[00:44:26] [345/459] VECU
[00:44:27] [346/459] WCVR
[00:44:28] [347/459] MTGG
[00:44:29] [348/459] SGTG
[00:44:30] [349/459] MNTG
[00:44:31] [350/459] JDDG
[00:44:32] [351/459] MBTK
[00:44:32] [352/459] SGCD
[00:44:33] [353/459] MCTC
[00:44:34] [354/459] JTPC
[00:44:34] [355/459] SDKT
[00:44:35] [356/459] KRCC
[00:44:36] [357/459] RMMD
[00:44:37] [358/459] AAME
[00:44:39] [359/459] TMWC
[00:44:40] [360/459] NRWY
[00:44:41] [361/459] CITD
[00:44:42] [362/459] VERD
[00:44:43] [363/459] MKSK
[00:44:44] [364/459] STSM
[00:44:44] [365/459] MJDG
[00:44:45] [366/459] RKPM
[00:44:46] [367/459] SSCE
[00:44:47] [368/459] VMAE
[00:44:48] [369/459] SBRU
[00:44:49] [370/459] AMBC
[00:44:50] [371/459] AMLU
[00:44:51] [372/459] INVZ
[00:44:52] [373/459] LGTV
[00:44:53] [374/459] SVAD
[00:44:54] [375/459] SMSA
[00:44:54] [376/459] SPCZ
[00:44:55] [377/459] GTCX
[00:44:56] [378/459] SCSL
[00:44:57] [379/459] SAHU
[00:44:58] [380/459] NCDA
[00:44:58] [381/459] SCCG
[00:44:59] [382/459] VKTL
[00:45:00] [383/459] PUUJ
[00:45:01] [384/459] STEJ
[00:45:02] [385/459] RJAL
[00:45:03] [386/459] ACJC
[00:45:03] [387/459] VTHC
[00:45:04] [388/459] ARVB
[00:45:05] [389/459] AUBB
[00:45:06] [390/459] GDBR
[00:45:07] [391/459] PVND
[00:45:08] [392/459] BGRJ
[00:45:09] [393/459] RJMM
[00:45:10] [394/459] MCSA
[00:45:10] [395/459] BODA
[00:45:11] [396/459] JAGG
[00:45:12] [397/459] SCGA
[00:45:13] [398/459] LRCM
[00:45:14] [399/459] CPCN
[00:45:15] [400/459] SSTF
[00:45:16] [401/459] SRXP
[00:45:17] [402/459] CNFX
[00:45:17] [403/459] ANDI
[00:45:18] [404/459] SYEW
[00:45:19] [405/459] RCRE
[00:45:20] [406/459] SCRW
[00:45:21] [407/459] MBKR
[00:45:22] [408/459] ASNT
[00:45:23] [409/459] JTMT
[00:45:24] [410/459] SHAY
[00:45:25] [411/459] VRTH
[00:45:26] [412/459] SPTI
[00:45:26] [413/459] DPTD
[00:45:27] [414/459] TGSN
[00:45:28] [415/459] RCWV
[00:45:29] [416/459] OCUR
[00:45:30] [417/459] KSTC
[00:45:31] [418/459] SANI
[00:45:32] [419/459] MLCA
[00:45:33] [420/459] EGCA
[00:45:34] [421/459] SYSN
[00:45:35] [422/459] PKTA
[00:45:35] [423/459] PRCC
[00:45:36] [424/459] KSTR
[00:45:37] [425/459] SNTP
[00:45:38] [426/459] RCHA
[00:45:40] [427/459] SEEA
[00:45:41] [428/459] ALAT
[00:45:41] [429/459] AATV
[00:45:42] [430/459] RJTE
[00:45:43] [431/459] AAPP
[00:45:44] [432/459] PMMH
[00:45:44] [433/459] INRJ
[00:45:45] [434/459] SARB
[00:45:46] [435/459] PCJL
[00:45:48] [436/459] PFJJ
[00:45:49] [437/459] GRDC
[00:45:49] [438/459] BCBA
[00:45:50] [439/459] VIXL
[00:45:51] [440/459] CSTL
[00:45:52] [441/459] MTDK
[00:45:53] [442/459] TDAC
[00:45:54] [443/459] GTDN
[00:45:54] [444/459] TTDE
[00:45:55] [445/459] ASTS
[00:45:56] [446/459] CPNS
[00:45:57] [447/459] PVVW
[00:45:58] [448/459] USEB
[00:45:59] [449/459] DTYN
[00:46:00] [450/459] PVLE
[00:46:00] [451/459] CIPS
[00:46:02] [452/459] PAEG
[00:46:03] [453/459] PTCW
[00:46:04] [454/459] G3SR
[00:46:05] [455/459] PGND
[00:46:05] [456/459] INVM
[00:46:06] [457/459] SPIA
[00:46:07] [458/459] PCSN
[00:46:08] [459/459] PPGV
[00:46:10] ✅ DONE | Shows=19 | Movies=2
