[00:39:16] 🚀 BMS DAILY TRACKER STARTED
[00:39:16] [1/445] TGMR
[00:39:16] 🧠 New identity
[00:39:17] [2/445] CXKR
[00:39:18] [3/445] SROP
[00:39:19] [4/445] GTSV
[00:39:19] [5/445] SNTY
[00:39:20] [6/445] SMYY
[00:39:21] [7/445] CNCS
[00:39:22] [8/445] CSTM
[00:39:23] [9/445] NUCD
[00:39:24] [10/445] SHCZ
[00:39:24] [11/445] NJCT
[00:39:25] [12/445] COPC
[00:39:26] [13/445] STVV
[00:39:27] [14/445] SKRN
[00:39:28] [15/445] APPZ
[00:39:28] [16/445] YMGN
[00:39:30] [17/445] SVTU
[00:39:31] [18/445] GTAD
[00:39:32] [19/445] PSUS
[00:39:32] [20/445] SMCD
[00:39:34] [21/445] CMCM
[00:39:35] [22/445] SYCT
[00:39:36] [23/445] STLY
[00:39:37] [24/445] CMHU
[00:39:38] [25/445] CMSA
[00:39:38] [26/445] CLCU
[00:39:39] [27/445] PPNT
[00:39:40] [28/445] JTAB
[00:39:41] [29/445] BUUC
[00:39:42] [30/445] BSVK
[00:39:42] [31/445] VVVQ
[00:39:43] [32/445] TKMU
[00:39:45] [33/445] ESYL
[00:39:46] [34/445] ACHP
[00:39:47] [35/445] BTKD
[00:39:47] [36/445] DESA
[00:39:48] [37/445] GBCT
[00:39:49] [38/445] BLLD
[00:39:50] [39/445] SKNT
[00:39:51] [40/445] SSTE
[00:39:51] [41/445] VJMR
[00:39:53] [42/445] NTPU
[00:39:54] [43/445] RDKN
[00:39:55] [44/445] ADGC
[00:39:56] [45/445] VRBP
[00:39:56] [46/445] NMNA
[00:39:57] [47/445] CMMX
[00:39:58] [48/445] PTKO
[00:39:59] [49/445] RBML
[00:40:00] [50/445] SAIC
[00:40:00] [51/445] SVTJ
[00:40:01] [52/445] MRTE
[00:40:02] [53/445] RBTP
[00:40:03] [54/445] NLPS
[00:40:04] [55/445] GTNA
[00:40:05] [56/445] DGGC
[00:40:05] [57/445] SMCR
[00:40:06] [58/445] SCGD
[00:40:07] [59/445] SRRJ
[00:40:08] [60/445] CNRY
[00:40:09] [61/445] KTDI
[00:40:09] [62/445] SNJL
[00:40:10] [63/445] RKMD
[00:40:11] [64/445] SMDC
[00:40:12] [65/445] TADG
[00:40:13] [66/445] MCGS
[00:40:14] [67/445] PETK
[00:40:14] [68/445] CHAG
[00:40:15] [69/445] KSTL
[00:40:16] [70/445] AADS
[00:40:17] [71/445] NTHZ
[00:40:19] [72/445] HCKI
[00:40:20] [73/445] SSEF
[00:40:21] [74/445] MCGX
[00:40:21] [75/445] ERRA
[00:40:22] [76/445] SDTW
[00:40:23] [77/445] RMPK
[00:40:24] [78/445] PTHK
[00:40:25] [79/445] PXCS
[00:40:25] [80/445] SVLU
[00:40:26] [81/445] STAH
[00:40:27] [82/445] JRGF
[00:40:28] [83/445] CDOK
[00:40:29] [84/445] CMSG
[00:40:29] [85/445] APTD
[00:40:30] [86/445] KMPG
[00:40:31] [87/445] MUTJ
[00:40:32] [88/445] VCCI
[00:40:33] [89/445] URBE
[00:40:34] [90/445] TCTS
[00:40:35] [91/445] STSN
[00:40:35] [92/445] AKCH
[00:40:36] [93/445] APSC
[00:40:37] [94/445] VLTB
[00:40:38] [95/445] SANU
[00:40:39] [96/445] AXAM
[00:40:40] [97/445] MGMG
[00:40:40] [98/445] HTBY
[00:40:41] [99/445] MMZS
[00:40:42] [100/445] SUDR
[00:40:43] [101/445] CCAD
[00:40:45] [102/445] SKKC
[00:40:45] [103/445] RMCD
[00:40:47] [104/445] SBCQ
[00:40:49] [105/445] DCCT
[00:40:49] [106/445] VTKP
[00:40:50] [107/445] MLAM
[00:40:51] [108/445] SAVT
[00:40:52] [109/445] GEPL
[00:40:53] [110/445] AMCD
[00:40:53] [111/445] CCXR
[00:40:54] [112/445] GRNG
[00:40:55] [113/445] EBCA
[00:40:56] [114/445] CNVG
[00:40:57] [115/445] MWSS
[00:40:58] [116/445] VBOR
[00:40:58] [117/445] NEEB
[00:41:00] [118/445] SUTH
[00:41:01] [119/445] ANDB
[00:41:02] [120/445] MMXS
[00:41:02] [121/445] CNPD
[00:41:03] [122/445] SDCE
[00:41:04] [123/445] DHCB
[00:41:05] [124/445] ODEN
[00:41:06] [125/445] TNTC
[00:41:06] [126/445] VBKM
[00:41:07] [127/445] RZYM
[00:41:08] [128/445] JEMC
[00:41:09] [129/445] CMAU
[00:41:10] [130/445] SIVP
[00:41:11] [131/445] ATAG
[00:41:12] [132/445] CHTM
[00:41:12] [133/445] AAEE
[00:41:13] [134/445] IWPM
[00:41:14] [135/445] KCMW
[00:41:15] [136/445] MCTD
[00:41:15] [137/445] SPWR
[00:41:16] [138/445] SDPO
[00:41:17] [139/445] PCSK
[00:41:18] [140/445] ACHV
[00:41:19] [141/445] SVLA
[00:41:20] [142/445] PICT
[00:41:20] [143/445] BXDR
[00:41:21] [144/445] SPWA
[00:41:22] [145/445] MCKO
[00:41:23] [146/445] RTHK
[00:41:23] [147/445] CCMF
[00:41:24] [148/445] MRGB
[00:41:26] [149/445] CPLC
[00:41:27] [150/445] RACD
[00:41:28] [151/445] ATKT
[00:41:29] [152/445] SARN
[00:41:29] [153/445] KKUI
[00:41:30] [154/445] RGCM
[00:41:31] [155/445] BRVP
[00:41:32] [156/445] HRSR
[00:41:32] [157/445] GKGM
[00:41:33] [158/445] TTCD
[00:41:34] [159/445] PTTI
[00:41:35] [160/445] MPTT
[00:41:36] [161/445] CVTT
[00:41:37] [162/445] PCXD
[00:41:38] [163/445] GCDC
[00:41:39] [164/445] CCCF
[00:41:40] [165/445] MRAD
[00:41:41] [166/445] CPLK
[00:41:41] [167/445] SATB
[00:41:42] [168/445] SNVG
[00:41:43] [169/445] JMBA
[00:41:44] [170/445] TEJA
[00:41:45] [171/445] STYO
[00:41:46] [172/445] JTBP
[00:41:47] [173/445] KRGD
[00:41:48] [174/445] SLJJ
[00:41:49] [175/445] SPTJ
[00:41:50] [176/445] SWJG
[00:41:51] [177/445] LKRT
[00:41:52] [178/445] KCKA
[00:41:53] [179/445] SNCR
[00:41:54] [180/445] SMKL
[00:41:54] [181/445] GCFA
[00:41:55] [182/445] DDCK
[00:41:56] [183/445] NCHJ
[00:41:57] [184/445] RDMA
[00:41:58] [185/445] SVSV
[00:42:00] [186/445] SCJG
[00:42:01] [187/445] VKLP
[00:42:01] [188/445] NWCC
[00:42:02] [189/445] VKNS
[00:42:03] [190/445] SDDP
[00:42:04] [191/445] ACSI
[00:42:05] [192/445] SATG
[00:42:06] [193/445] SCMW
[00:42:07] [194/445] LKTK
[00:42:08] [195/445] VCKV
[00:42:09] [196/445] KKPE
[00:42:10] [197/445] KIGH
[00:42:11] [198/445] SRPM
[00:42:12] [199/445] SCAH
[00:42:13] [200/445] MUTA
[00:42:14] [201/445] SEPU
[00:42:15] [202/445] INOA
[00:42:16] [203/445] BASK
[00:42:17] [204/445] NECB
[00:42:18] [205/445] GTTG
[00:42:19] [206/445] ASSA
[00:42:20] [207/445] ANCL
[00:42:20] [208/445] GCTI
[00:42:21] [209/445] RCTS
[00:42:22] [210/445] ACNL
[00:42:23] [211/445] MYCT
[00:42:25] [212/445] NMHT
[00:42:26] [213/445] MDIT
[00:42:26] [214/445] LATG
[00:42:27] [215/445] SMTY
[00:42:28] [216/445] CVCT
[00:42:29] [217/445] RAMB
[00:42:30] [218/445] TGMS
[00:42:31] [219/445] BHEL
[00:42:31] [220/445] SHCT
[00:42:32] [221/445] SVCT
[00:42:33] [222/445] MRIY
[00:42:34] [223/445] SARO
[00:42:34] [224/445] STCT
[00:42:35] [225/445] JKKC
[00:42:36] [226/445] PLTT
[00:42:37] [227/445] SRNT
[00:42:38] [228/445] YAST
[00:42:39] [229/445] PERL
[00:42:41] [230/445] CICM
[00:42:42] [231/445] MMTR
[00:42:44] [232/445] ABTK
[00:42:45] [233/445] ATYY
[00:42:46] [234/445] ASTK
[00:42:47] [235/445] VVCK
[00:42:47] [236/445] ATKY
[00:42:48] [237/445] GWEK
[00:42:49] [238/445] SVFH
[00:42:50] [239/445] SLTA
[00:42:51] [240/445] AASH
[00:42:51] [241/445] ACXB
[00:42:52] [242/445] SMTX
[00:42:53] [243/445] AZDH
[00:42:54] [244/445] CMMH
[00:42:55] [245/445] SCSZ
[00:42:56] [246/445] SCKP
[00:42:57] [247/445] NXTM
[00:42:58] [248/445] NWCS
[00:42:59] [249/445] CXMH
[00:42:59] [250/445] PCMA
[00:43:00] [251/445] SGCM
[00:43:01] [252/445] SDTU
[00:43:02] [253/445] MMVI
[00:43:03] [254/445] JKCM
[00:43:04] [255/445] VCMM
[00:43:05] [256/445] SYEE
[00:43:05] [257/445] VASD
[00:43:07] [258/445] BDRB
[00:43:08] [259/445] LASM
[00:43:09] [260/445] DCRL
[00:43:09] [261/445] DVPM
[00:43:10] [262/445] SBMJ
[00:43:11] [263/445] CBMU
[00:43:12] [264/445] IUBS
[00:43:12] [265/445] INAP
[00:43:13] [266/445] SRRC
[00:43:14] [267/445] SAGR
[00:43:16] [268/445] CPMJ
[00:43:17] [269/445] ATJL
[00:43:18] [270/445] NNTD
[00:43:18] [271/445] JHCJ
[00:43:19] [272/445] CMMP
[00:43:20] [273/445] RSDR
[00:43:21] [274/445] AMTI
[00:43:23] [275/445] NYSG
[00:43:23] [276/445] AVSG
[00:43:24] [277/445] SYTP
[00:43:25] [278/445] LARC
[00:43:26] [279/445] RJTP
[00:43:27] [280/445] LAKC
[00:43:28] [281/445] MCXE
[00:43:29] [282/445] CCZC
[00:43:31] [283/445] AVCH
[00:43:32] [284/445] CMBE
[00:43:33] [285/445] MRRC
[00:43:34] [286/445] PCPY
[00:43:34] [287/445] SRMH
[00:43:35] [288/445] SVGS
[00:43:36] [289/445] PCSE
[00:43:37] [290/445] SVFT
[00:43:38] [291/445] TNZP
[00:43:40] [292/445] ICTP
[00:43:41] [293/445] ACTZ
[00:43:41] [294/445] GTUR
[00:43:42] [295/445] MAFC
[00:43:43] [296/445] MINL
[00:43:44] [297/445] MRCL
[00:43:45] [298/445] RCRP
[00:43:46] [299/445] RFFG
[00:43:46] [300/445] RMAS
[00:43:47] [301/445] INVR
[00:43:48] [302/445] RMAR
[00:43:49] [303/445] CNIS
[00:43:50] [304/445] RHRJ
[00:43:50] [305/445] INXR
[00:43:51] [306/445] VALT
[00:43:52] [307/445] LCSH
[00:43:53] [308/445] CMVS
[00:43:54] [309/445] CNMS
[00:43:55] [310/445] ROOG
[00:43:56] [311/445] ISRM
[00:43:57] [312/445] RCRM
[00:43:58] [313/445] ACJA
[00:43:58] [314/445] RCVS
[00:44:00] [315/445] CPUS
[00:44:01] [316/445] TGCS
[00:44:03] [317/445] RKCJ
[00:44:04] [318/445] MKSB
[00:44:04] [319/445] TCSJ
[00:44:05] [320/445] RMGP
[00:44:06] [321/445] CLLP
[00:44:07] [322/445] RCMV
[00:44:08] [323/445] CCKS
[00:44:08] [324/445] RSRP
[00:44:09] [325/445] APLP
[00:44:10] [326/445] CNVS
[00:44:11] [327/445] RMVY
[00:44:12] [328/445] PGBD
[00:44:12] [329/445] KLMS
[00:44:13] [330/445] RUST
[00:44:14] [331/445] MASM
[00:44:15] [332/445] BACS
[00:44:16] [333/445] BWST
[00:44:17] [334/445] RRFH
[00:44:18] [335/445] SJTM
[00:44:19] [336/445] BEMR
[00:44:19] [337/445] MCGR
[00:44:20] [338/445] SDSK
[00:44:21] [339/445] VBOL
[00:44:22] [340/445] RMGM
[00:44:23] [341/445] NOPL
[00:44:24] [342/445] MKJK
[00:44:25] [343/445] CVRN
[00:44:26] [344/445] MMEN
[00:44:27] [345/445] AMNG
[00:44:28] [346/445] INTM
[00:44:28] [347/445] SLCZ
[00:44:29] [348/445] AMJN
[00:44:30] [349/445] ACJN
[00:44:31] [350/445] AMKN
[00:44:32] [351/445] BTCN
[00:44:33] [352/445] AMBT
[00:44:34] [353/445] PACN
[00:44:35] [354/445] LCNS
[00:44:35] [355/445] PPKC
[00:44:36] [356/445] JYYN
[00:44:37] [357/445] JTNR
[00:44:38] [358/445] GTEE
[00:44:39] [359/445] SRNM
[00:44:40] [360/445] SDTC
[00:44:40] [361/445] VPCA
[00:44:41] [362/445] VLRA
[00:44:42] [363/445] SHKR
[00:44:43] [364/445] SBKD
[00:44:43] [365/445] SAAD
[00:44:44] [366/445] JTGN
[00:44:45] [367/445] SLAM
[00:44:46] [368/445] VTPM
[00:44:47] [369/445] ANPT
[00:44:48] [370/445] PUNB
[00:44:49] [371/445] CPKT
[00:44:50] [372/445] CNWE
[00:44:50] [373/445] ECPP
[00:44:52] [374/445] CPAR
[00:44:53] [375/445] ESBW
[00:44:54] [376/445] PKPU
[00:44:55] [377/445] CPRP
[00:44:56] [378/445] RAHU
[00:44:56] [379/445] RHMN
[00:44:57] [380/445] FMJP
[00:44:58] [381/445] CTMP
[00:44:59] [382/445] INPN
[00:45:00] [383/445] STTG
[00:45:01] [384/445] CTRD
[00:45:02] [385/445] PUVB
[00:45:02] [386/445] ESVP
[00:45:03] [387/445] CPFT
[00:45:04] [388/445] LCPC
[00:45:05] [389/445] VBCT
[00:45:06] [390/445] FSCW
[00:45:06] [391/445] VCMP
[00:45:07] [392/445] ASHC
[00:45:08] [393/445] VLCX
[00:45:09] [394/445] SHEV
[00:45:11] [395/445] APCO
[00:45:12] [396/445] SILC
[00:45:13] [397/445] SNMR
[00:45:14] [398/445] KYBO
[00:45:16] [399/445] SATK
[00:45:17] [400/445] SSCS
[00:45:17] [401/445] CLSB
[00:45:18] [402/445] KMJR
[00:45:20] [403/445] FSCK
[00:45:21] [404/445] NNKA
[00:45:22] [405/445] CLMK
[00:45:22] [406/445] DMPZ
[00:45:23] [407/445] INQM
[00:45:24] [408/445] CAML
[00:45:25] [409/445] INRK
[00:45:26] [410/445] IMKN
[00:45:28] [411/445] SVNR
[00:45:28] [412/445] INSL
[00:45:29] [413/445] MSMA
[00:45:30] [414/445] MCKK
[00:45:32] [415/445] FCHP
[00:45:32] [416/445] SFCR
[00:45:33] [417/445] NACK
[00:45:35] [418/445] PVAK
[00:45:37] [419/445] INER
[00:45:39] [420/445] RDBK
[00:45:39] [421/445] SVFN
[00:45:40] [422/445] IFRM
[00:45:41] [423/445] ATCK
[00:45:42] [424/445] ASKO
[00:45:44] [425/445] STKT
[00:45:44] [426/445] SVFB
[00:45:45] [427/445] INKS
[00:45:46] [428/445] PCRA
[00:45:47] [429/445] ATJA
[00:45:49] [430/445] IMJN
[00:45:50] [431/445] INHD
[00:45:50] [432/445] BARA
[00:45:51] [433/445] MCSL
[00:45:52] [434/445] RTOY
[00:45:53] [435/445] MENO
[00:45:54] [436/445] PUDM
[00:45:55] [437/445] PRCN
[00:45:56] [438/445] JMJR
[00:45:57] [439/445] SSGK
[00:45:57] [440/445] SSRL
[00:45:58] [441/445] JYKL
[00:45:59] [442/445] ACNB
[00:46:00] [443/445] SONP
[00:46:01] [444/445] EMCI
[00:46:01] [445/445] MRJH
[00:46:02] ✅ DONE | Shows=10 | Movies=2
