[00:39:17] 🚀 BMS DAILY TRACKER STARTED
[00:39:17] [1/459] NECA
[00:39:17] 🧠 New identity
[00:39:18] [2/459] BJLC
[00:39:19] [3/459] BASU
[00:39:20] [4/459] RUPI
[00:39:21] [5/459] LCBK
[00:39:22] [6/459] PMAC
[00:39:23] [7/459] AMLC
[00:39:23] [8/459] LICL
[00:39:24] [9/459] UDMM
[00:39:25] [10/459] STBZ
[00:39:26] [11/459] UUBT
[00:39:27] [12/459] SJKC
[00:39:27] [13/459] TUAL
[00:39:28] [14/459] MRSE
[00:39:29] [15/459] RMRK
[00:39:30] [16/459] TTKP
[00:39:31] [17/459] KTKO
[00:39:32] [18/459] SDBK
[00:39:33] [19/459] MCPR
[00:39:35] [20/459] CHTI
[00:39:36] [21/459] GCCP
[00:39:37] [22/459] SRMY
[00:39:38] [23/459] NYST
[00:39:39] [24/459] NYAG
[00:39:40] [25/459] SBMT
[00:39:41] [26/459] INGA
[00:39:42] [27/459] WSIC
[00:39:43] [28/459] SCSS
[00:39:44] [29/459] COPG
[00:39:45] [30/459] RCGR
[00:39:46] [31/459] TCZA
[00:39:47] [32/459] CNLP
[00:39:47] [33/459] CLKN
[00:39:48] [34/459] LHDF
[00:39:49] [35/459] ELKC
[00:39:50] [36/459] VCEM
[00:39:51] [37/459] SSZA
[00:39:51] [38/459] KRMT
[00:39:52] [39/459] LCMV
[00:39:53] [40/459] AYCZ
[00:39:54] [41/459] CUMS
[00:39:55] [42/459] BOCK
[00:39:56] [43/459] PNMR
[00:39:57] [44/459] PJCP
[00:39:58] [45/459] JDDD
[00:39:59] [46/459] STMS
[00:40:00] [47/459] FLMB
[00:40:00] [48/459] PKCM
[00:40:01] [49/459] SPPR
[00:40:02] [50/459] EYLH
[00:40:04] [51/459] RJCC
[00:40:05] [52/459] MMPS
[00:40:05] [53/459] SHMX
[00:40:06] [54/459] CCNL
[00:40:07] [55/459] RCNV
[00:40:08] [56/459] MAAG
[00:40:09] [57/459] LXCM
[00:40:09] [58/459] RCNI
[00:40:10] [59/459] SNNI
[00:40:11] [60/459] LALC
[00:40:12] [61/459] SOCN
[00:40:13] [62/459] JHTP
[00:40:13] [63/459] PITP
[00:40:14] [64/459] CCKW
[00:40:15] [65/459] MCMC
[00:40:16] [66/459] DEES
[00:40:17] [67/459] SABT
[00:40:17] [68/459] VSPP
[00:40:19] [69/459] ABCT
[00:40:20] [70/459] JVTB
[00:40:21] [71/459] VCBD
[00:40:21] [72/459] RMGG
[00:40:22] [73/459] RNMH
[00:40:23] [74/459] SPGL
[00:40:24] [75/459] JTTR
[00:40:25] [76/459] SICS
[00:40:26] [77/459] SRMI
[00:40:27] [78/459] SSIJ
[00:40:27] [79/459] KFMT
[00:40:28] [80/459] VBIT
[00:40:30] [81/459] JKCT
[00:40:31] [82/459] GCGP
[00:40:32] [83/459] GDCS
[00:40:32] [84/459] TRBA
[00:40:33] [85/459] QUST
[00:40:35] [86/459] VSHM
[00:40:36] [87/459] SDCP
[00:40:37] [88/459] SNVS
[00:40:38] [89/459] NYTO
[00:40:39] [90/459] URWC
[00:40:40] [91/459] GTWH
[00:40:41] [92/459] PFCM
[00:40:42] [93/459] KRTA
[00:40:43] [94/459] AXMC
[00:40:44] [95/459] EVMC
[00:40:45] [96/459] HGSM
[00:40:46] [97/459] ACVM
[00:40:46] [98/459] PSKL
[00:40:47] [99/459] RDMP
[00:40:48] [100/459] RHGH
[00:40:49] [101/459] OMCM
[00:40:50] [102/459] DCCP
[00:40:52] [103/459] MCPB
[00:40:52] [104/459] ALCI
[00:40:53] [105/459] BLMX
[00:40:54] [106/459] BTMV
[00:40:54] [107/459] FVPN
[00:40:55] [108/459] CMAR
[00:40:56] [109/459] CEIM
[00:40:57] [110/459] CMVA
[00:40:58] [111/459] CPIV
[00:40:59] [112/459] CNPE
[00:41:00] [113/459] COLV
[00:41:01] [114/459] DNNV
[00:41:01] [115/459] HCAD
[00:41:02] [116/459] TAKA
[00:41:03] [117/459] INVD
[00:41:04] [118/459] IRMM
[00:41:05] [119/459] INSE
[00:41:06] [120/459] MRSW
[00:41:06] [121/459] MCVD
[00:41:07] [122/459] MCSO
[00:41:09] [123/459] PEVM
[00:41:09] [124/459] PVNL
[00:41:10] [125/459] PTCV
[00:41:11] [126/459] PRTC
[00:41:12] [127/459] RCVA
[00:41:14] [128/459] MTBN
[00:41:14] [129/459] LUCP
[00:41:15] [130/459] FMPT
[00:41:16] [131/459] JLSL
[00:41:17] [132/459] SBHA
[00:41:18] [133/459] SHRC
[00:41:19] [134/459] AVPS
[00:41:20] [135/459] STPM
[00:41:20] [136/459] ATRD
[00:41:21] [137/459] VTED
[00:41:22] [138/459] ACAI
[00:41:23] [139/459] SMAE
[00:41:24] [140/459] VMAT
[00:41:25] [141/459] LKCT
[00:41:26] [142/459] JTVK
[00:41:27] [143/459] PRTY
[00:41:27] [144/459] GETT
[00:41:28] [145/459] ESAP
[00:41:30] [146/459] NCPM
[00:41:30] [147/459] PCPA
[00:41:31] [148/459] MMOM
[00:41:32] [149/459] PHUP
[00:41:33] [150/459] CCPI
[00:41:34] [151/459] CNTD
[00:41:34] [152/459] NLJR
[00:41:35] [153/459] SRNG
[00:41:36] [154/459] MHAL
[00:41:37] [155/459] PNSM
[00:41:38] [156/459] DRMY
[00:41:38] [157/459] CCMU
[00:41:39] [158/459] SCMY
[00:41:40] [159/459] PVSY
[00:41:41] [160/459] SDLM
[00:41:42] [161/459] ICCM
[00:41:43] [162/459] PYSU
[00:41:44] [163/459] GATM
[00:41:45] [164/459] WOTM
[00:41:46] [165/459] RKTS
[00:41:47] [166/459] PMTY
[00:41:48] [167/459] LYMS
[00:41:49] [168/459] TGCA
[00:41:49] [169/459] DSTA
[00:41:50] [170/459] CNGE
[00:41:51] [171/459] VSTG
[00:41:52] [172/459] GTCK
[00:41:53] [173/459] TGNT
[00:41:54] [174/459] ASLC
[00:41:54] [175/459] SSST
[00:41:55] [176/459] KBTT
[00:41:56] [177/459] HKCP
[00:41:57] [178/459] SWLC
[00:41:58] [179/459] RTND
[00:42:00] [180/459] PKKT
[00:42:00] [181/459] HSTK
[00:42:02] [182/459] SPTT
[00:42:02] [183/459] IMPM
[00:42:03] [184/459] SCMV
[00:42:04] [185/459] SPCT
[00:42:05] [186/459] JBCA
[00:42:05] [187/459] ATTR
[00:42:06] [188/459] SPMT
[00:42:07] [189/459] LCTM
[00:42:08] [190/459] SCVL
[00:42:09] [191/459] SCVT
[00:42:10] [192/459] KRIC
[00:42:11] [193/459] CTMG
[00:42:12] [194/459] ACNC
[00:42:12] [195/459] DMCK
[00:42:13] [196/459] KMTV
[00:42:14] [197/459] PFCJ
[00:42:15] [198/459] VNMD
[00:42:16] [199/459] VPCZ
[00:42:17] [200/459] SRYR
[00:42:18] [201/459] SYTR
[00:42:19] [202/459] GATR
[00:42:20] [203/459] URTR
[00:42:21] [204/459] MKSM
[00:42:22] [205/459] VSMH
[00:42:23] [206/459] SKRJ
[00:42:23] [207/459] SSJR
[00:42:25] [208/459] SVSM
[00:42:26] [209/459] RUCM
[00:42:27] [210/459] PRKN
[00:42:28] [211/459] RROH
[00:42:29] [212/459] SCTN
[00:42:30] [213/459] RTDM
[00:42:30] [214/459] ASRM
[00:42:31] [215/459] SKMD
[00:42:32] [216/459] SUTD
[00:42:33] [217/459] SADM
[00:42:34] [218/459] WCNR
[00:42:36] [219/459] CNED
[00:42:37] [220/459] MPDB
[00:42:37] [221/459] KTBH
[00:42:38] [222/459] IDRM
[00:42:39] [223/459] PJJT
[00:42:40] [224/459] PFCV
[00:42:41] [225/459] AACT
[00:42:42] [226/459] AAAD
[00:42:43] [227/459] ANES
[00:42:43] [228/459] MNCA
[00:42:44] [229/459] RMGU
[00:42:45] [230/459] DLCN
[00:42:46] [231/459] LJWT
[00:42:47] [232/459] MCBG
[00:42:47] [233/459] MYBG
[00:42:48] [234/459] GCCA
[00:42:49] [235/459] GCGA
[00:42:50] [236/459] ECGN
[00:42:51] [237/459] PRAB
[00:42:52] [238/459] PNMP
[00:42:53] [239/459] GCPT
[00:42:54] [240/459] ROYN
[00:42:55] [241/459] VATM
[00:42:56] [242/459] KSNT
[00:42:56] [243/459] ACTC
[00:42:57] [244/459] PLTD
[00:42:58] [245/459] SKMK
[00:42:59] [246/459] CMTT
[00:43:00] [247/459] SMXP
[00:43:00] [248/459] SCMX
[00:43:01] [249/459] ACXN
[00:43:02] [250/459] ASWT
[00:43:03] [251/459] VVVL
[00:43:04] [252/459] NAGO
[00:43:05] [253/459] SNCN
[00:43:06] [254/459] MCKP
[00:43:06] [255/459] SAMO
[00:43:07] [256/459] JBTV
[00:43:08] [257/459] DCVV
[00:43:09] [258/459] KMSV
[00:43:10] [259/459] KDCN
[00:43:11] [260/459] CNCP
[00:43:12] [261/459] HAMC
[00:43:14] [262/459] CCVZ
[00:43:15] [263/459] NCCK
[00:43:15] [264/459] MCHR
[00:43:16] [265/459] SCHT
[00:43:17] [266/459] ESSH
[00:43:18] [267/459] CUJC
[00:43:19] [268/459] PECP
[00:43:20] [269/459] PMMI
[00:43:21] [270/459] PCCH
[00:43:21] [271/459] PRPM
[00:43:22] [272/459] PVKL
[00:43:23] [273/459] CBSM
[00:43:24] [274/459] PVCZ
[00:43:25] [275/459] PCVV
[00:43:26] [276/459] CTMJ
[00:43:27] [277/459] RCPS
[00:43:27] [278/459] PCIT
[00:43:28] [279/459] FNCH
[00:43:30] [280/459] INZD
[00:43:31] [281/459] INPC
[00:43:32] [282/459] LCZP
[00:43:33] [283/459] SMCB
[00:43:33] [284/459] PTSB
[00:43:34] [285/459] TPSI
[00:43:35] [286/459] KHMJ
[00:43:36] [287/459] RCCJ
[00:43:36] [288/459] NCJA
[00:43:37] [289/459] NCJN
[00:43:38] [290/459] BTDP
[00:43:39] [291/459] PADY
[00:43:40] [292/459] NYBH
[00:43:40] [293/459] MTBR
[00:43:41] [294/459] KRBC
[00:43:42] [295/459] DKTI
[00:43:43] [296/459] ANAN
[00:43:44] [297/459] INBP
[00:43:45] [298/459] PATB
[00:43:45] [299/459] RGNT
[00:43:46] [300/459] CGPM
[00:43:47] [301/459] INTN
[00:43:48] [302/459] MCMP
[00:43:49] [303/459] ASRG
[00:43:50] [304/459] CXJD
[00:43:51] [305/459] SPCP
[00:43:52] [306/459] CSTP
[00:43:53] [307/459] PKVC
[00:43:54] [308/459] ESCP
[00:43:55] [309/459] CAEP
[00:43:55] [310/459] CCSP
[00:43:56] [311/459] KTPC
[00:43:57] [312/459] DACA
[00:43:58] [313/459] NVKY
[00:43:59] [314/459] PTIN
[00:44:00] [315/459] SCIN
[00:44:00] [316/459] MCTY
[00:44:01] [317/459] PCMX
[00:44:02] [318/459] INIC
[00:44:04] [319/459] MMZM
[00:44:05] [320/459] SSLP
[00:44:06] [321/459] DTDT
[00:44:07] [322/459] FFCX
[00:44:08] [323/459] RCMM
[00:44:09] [324/459] KYID
[00:44:09] [325/459] CSCI
[00:44:10] [326/459] FCMC
[00:44:11] [327/459] MMXI
[00:44:12] [328/459] ASTC
[00:44:13] [329/459] CMRA
[00:44:14] [330/459] DICI
[00:44:14] [331/459] KDIN
[00:44:16] [332/459] PRFI
[00:44:17] [333/459] SVFC
[00:44:17] [334/459] UCPL
[00:44:18] [335/459] COOC
[00:44:19] [336/459] SCAL
[00:44:20] [337/459] SVFF
[00:44:21] [338/459] VCMG
[00:44:22] [339/459] UUCT
[00:44:23] [340/459] GCSE
[00:44:24] [341/459] SUSC
[00:44:25] [342/459] MISC
[00:44:26] [343/459] RMBL
[00:44:26] [344/459] CMXN
[00:44:27] [345/459] PVBK
[00:44:28] [346/459] HHCG
[00:44:29] [347/459] SCAG
[00:44:30] [348/459] CNPR
[00:44:31] [349/459] CSER
[00:44:32] [350/459] HLWD
[00:44:32] [351/459] BOLY
[00:44:33] [352/459] SSPG
[00:44:34] [353/459] MUPX
[00:44:35] [354/459] HAMR
[00:44:35] [355/459] SDNC
[00:44:36] [356/459] RTEN
[00:44:37] [357/459] SDTD
[00:44:38] [358/459] KAWS
[00:44:39] [359/459] CMZX
[00:44:39] [360/459] DCDD
[00:44:40] [361/459] ALSN
[00:44:41] [362/459] IMXS
[00:44:41] [363/459] PVFF
[00:44:42] [364/459] PVOO
[00:44:43] [365/459] CFBS
[00:44:44] [366/459] PVER
[00:44:45] [367/459] PPNX
[00:44:46] [368/459] CNRM
[00:44:47] [369/459] PVWW
[00:44:48] [370/459] INMB
[00:44:49] [371/459] CPJR
[00:44:50] [372/459] INRZ
[00:44:51] [373/459] PMSR
[00:44:52] [374/459] GPGM
[00:44:52] [375/459] PGWB
[00:44:53] [376/459] PMBR
[00:44:54] [377/459] GPAM
[00:44:55] [378/459] INBC
[00:44:55] [379/459] PZVK
[00:44:56] [380/459] CPEB
[00:44:57] [381/459] FMLB
[00:44:58] [382/459] INBG
[00:44:59] [383/459] GPBR
[00:45:00] [384/459] PAAS
[00:45:00] [385/459] VTBR
[00:45:01] [386/459] GPMY
[00:45:02] [387/459] GYBU
[00:45:03] [388/459] INBJ
[00:45:04] [389/459] LKTH
[00:45:05] [390/459] NSBR
[00:45:06] [391/459] PDRD
[00:45:07] [392/459] VRBL
[00:45:08] [393/459] VTGB
[00:45:09] [394/459] VTSK
[00:45:09] [395/459] BKDV
[00:45:10] [396/459] SVTB
[00:45:11] [397/459] MLDT
[00:45:12] [398/459] NRBL
[00:45:13] [399/459] SLTR
[00:45:14] [400/459] VNKA
[00:45:14] [401/459] TDCA
[00:45:15] [402/459] INBM
[00:45:16] [403/459] SSNR
[00:45:17] [404/459] BHAC
[00:45:18] [405/459] SDSD
[00:45:19] [406/459] SAMP
[00:45:19] [407/459] RATK
[00:45:20] [408/459] KCBI
[00:45:21] [409/459] URBL
[00:45:22] [410/459] MKBG
[00:45:22] [411/459] ASTB
[00:45:23] [412/459] VBWT
[00:45:24] [413/459] GPSM
[00:45:25] [414/459] ROON
[00:45:26] [415/459] CHTH
[00:45:27] [416/459] SSPA
[00:45:28] [417/459] ANBL
[00:45:29] [418/459] VTBE
[00:45:30] [419/459] SVKT
[00:45:31] [420/459] SVYK
[00:45:31] [421/459] PTBK
[00:45:33] [422/459] RKTB
[00:45:34] [423/459] BALT
[00:45:35] [424/459] STSV
[00:45:36] [425/459] VCCB
[00:45:37] [426/459] SLTB
[00:45:38] [427/459] SBCR
[00:45:39] [428/459] VDCS
[00:45:39] [429/459] MDKI
[00:45:41] [430/459] SMRN
[00:45:41] [431/459] PTBC
[00:45:42] [432/459] RADI
[00:45:43] [433/459] ADCR
[00:45:44] [434/459] SDCS
[00:45:45] [435/459] SRPJ
[00:45:46] [436/459] ARTS
[00:45:46] [437/459] SRHK
[00:45:47] [438/459] SPAY
[00:45:48] [439/459] GPTB
[00:45:49] [440/459] SNNN
[00:45:50] [441/459] BALJ
[00:45:51] [442/459] TRIG
[00:45:52] [443/459] GTYT
[00:45:52] [444/459] ATGN
[00:45:53] [445/459] ANTE
[00:45:54] [446/459] BDCG
[00:45:55] [447/459] VECI
[00:45:57] [448/459] SCPR
[00:45:58] [449/459] RTEA
[00:45:59] [450/459] JSAI
[00:45:59] [451/459] VJTP
[00:46:00] [452/459] GNDS
[00:46:01] [453/459] PAXA
[00:46:02] [454/459] CGGM
[00:46:03] [455/459] ACKZ
[00:46:04] [456/459] EMCC
[00:46:05] [457/459] KLSK
[00:46:06] [458/459] AVCK
[00:46:07] [459/459] JTCK
[00:46:08] ✅ DONE | Shows=2 | Movies=1
[01:42:42] 🚀 BMS DAILY TRACKER STARTED
[01:42:42] [1/459] NECA
[01:42:42] 🧠 New identity
[01:42:43] [2/459] BJLC
[01:42:44] [3/459] BASU
[01:42:45] [4/459] RUPI
[01:42:46] [5/459] LCBK
[01:42:47] [6/459] PMAC
[01:42:48] [7/459] AMLC
[01:42:49] [8/459] LICL
[01:42:50] [9/459] UDMM
[01:42:51] [10/459] STBZ
[01:42:52] [11/459] UUBT
[01:42:53] [12/459] SJKC
[01:42:54] [13/459] TUAL
[01:42:55] [14/459] MRSE
[01:42:55] [15/459] RMRK
[01:42:56] [16/459] TTKP
[01:42:57] [17/459] KTKO
[01:42:58] [18/459] SDBK
[01:42:59] [19/459] MCPR
[01:43:00] [20/459] CHTI
[01:43:01] [21/459] GCCP
[01:43:01] [22/459] SRMY
[01:43:03] [23/459] NYST
[01:43:04] [24/459] NYAG
[01:43:05] [25/459] SBMT
[01:43:06] [26/459] INGA
[01:43:07] [27/459] WSIC
[01:43:08] [28/459] SCSS
[01:43:09] [29/459] COPG
[01:43:10] [30/459] RCGR
[01:43:11] [31/459] TCZA
[01:43:12] [32/459] CNLP
[01:43:12] [33/459] CLKN
[01:43:13] [34/459] LHDF
[01:43:14] [35/459] ELKC
[01:43:15] [36/459] VCEM
[01:43:16] [37/459] SSZA
[01:43:16] [38/459] KRMT
[01:43:17] [39/459] LCMV
[01:43:18] [40/459] AYCZ
[01:43:19] [41/459] CUMS
[01:43:20] [42/459] BOCK
[01:43:21] [43/459] PNMR
[01:43:21] [44/459] PJCP
[01:43:22] [45/459] JDDD
[01:43:23] [46/459] STMS
[01:43:24] [47/459] FLMB
[01:43:25] [48/459] PKCM
[01:43:26] [49/459] SPPR
[01:43:27] [50/459] EYLH
[01:43:27] [51/459] RJCC
[01:43:29] [52/459] MMPS
[01:43:30] [53/459] SHMX
[01:43:31] [54/459] CCNL
[01:43:32] [55/459] RCNV
[01:43:33] [56/459] MAAG
[01:43:34] [57/459] LXCM
[01:43:35] [58/459] RCNI
[01:43:36] [59/459] SNNI
[01:43:37] [60/459] LALC
[01:43:38] [61/459] SOCN
[01:43:40] [62/459] JHTP
[01:43:40] [63/459] PITP
[01:43:41] [64/459] CCKW
[01:43:42] [65/459] MCMC
[01:43:43] [66/459] DEES
[01:43:44] [67/459] SABT
[01:43:45] [68/459] VSPP
[01:43:45] [69/459] ABCT
[01:43:46] [70/459] JVTB
[01:43:47] [71/459] VCBD
[01:43:48] [72/459] RMGG
[01:43:49] [73/459] RNMH
[01:43:50] [74/459] SPGL
[01:43:51] [75/459] JTTR
[01:43:52] [76/459] SICS
[01:43:53] [77/459] SRMI
[01:43:54] [78/459] SSIJ
[01:43:55] [79/459] KFMT
[01:43:57] [80/459] VBIT
[01:43:58] [81/459] JKCT
[01:43:59] [82/459] GCGP
[01:44:00] [83/459] GDCS
[01:44:01] [84/459] TRBA
[01:44:01] [85/459] QUST
[01:44:02] [86/459] VSHM
[01:44:03] [87/459] SDCP
[01:44:03] [88/459] SNVS
[01:44:04] [89/459] NYTO
[01:44:05] [90/459] URWC
[01:44:06] [91/459] GTWH
[01:44:07] [92/459] PFCM
[01:44:08] [93/459] KRTA
[01:44:08] [94/459] AXMC
[01:44:09] [95/459] EVMC
[01:44:10] [96/459] HGSM
[01:44:11] [97/459] ACVM
[01:44:12] [98/459] PSKL
[01:44:13] [99/459] RDMP
[01:44:13] [100/459] RHGH
[01:44:14] [101/459] OMCM
[01:44:15] [102/459] DCCP
[01:44:16] [103/459] MCPB
[01:44:17] [104/459] ALCI
[01:44:18] [105/459] BLMX
[01:44:19] [106/459] BTMV
[01:44:20] [107/459] FVPN
[01:44:20] [108/459] CMAR
[01:44:21] [109/459] CEIM
[01:44:22] [110/459] CMVA
[01:44:23] [111/459] CPIV
[01:44:24] [112/459] CNPE
[01:44:24] [113/459] COLV
[01:44:25] [114/459] DNNV
[01:44:26] [115/459] HCAD
[01:44:27] [116/459] TAKA
[01:44:28] [117/459] INVD
[01:44:28] [118/459] IRMM
[01:44:29] [119/459] INSE
[01:44:30] [120/459] MRSW
[01:44:31] [121/459] MCVD
[01:44:32] [122/459] MCSO
[01:44:33] [123/459] PEVM
[01:44:33] [124/459] PVNL
[01:44:34] [125/459] PTCV
[01:44:36] [126/459] PRTC
[01:44:37] [127/459] RCVA
[01:44:37] [128/459] MTBN
[01:44:39] [129/459] LUCP
[01:44:40] [130/459] FMPT
[01:44:41] [131/459] JLSL
[01:44:42] [132/459] SBHA
[01:44:43] [133/459] SHRC
[01:44:43] [134/459] AVPS
[01:44:45] [135/459] STPM
[01:44:46] [136/459] ATRD
[01:44:47] [137/459] VTED
[01:44:48] [138/459] ACAI
[01:44:49] [139/459] SMAE
[01:44:49] [140/459] VMAT
[01:44:51] [141/459] LKCT
[01:44:52] [142/459] JTVK
[01:44:54] [143/459] PRTY
[01:44:54] [144/459] GETT
[01:44:55] [145/459] ESAP
[01:44:56] [146/459] NCPM
[01:44:57] [147/459] PCPA
[01:44:58] [148/459] MMOM
[01:44:59] [149/459] PHUP
[01:45:00] [150/459] CCPI
[01:45:01] [151/459] CNTD
[01:45:03] [152/459] NLJR
[01:45:04] [153/459] SRNG
[01:45:04] [154/459] MHAL
[01:45:05] [155/459] PNSM
[01:45:07] [156/459] DRMY
[01:45:07] [157/459] CCMU
[01:45:08] [158/459] SCMY
[01:45:09] [159/459] PVSY
[01:45:11] [160/459] SDLM
[01:45:12] [161/459] ICCM
[01:45:13] [162/459] PYSU
[01:45:15] [163/459] GATM
[01:45:16] [164/459] WOTM
[01:45:16] [165/459] RKTS
[01:45:17] [166/459] PMTY
[01:45:18] [167/459] LYMS
[01:45:19] [168/459] TGCA
[01:45:20] [169/459] DSTA
[01:45:21] [170/459] CNGE
[01:45:22] [171/459] VSTG
[01:45:23] [172/459] GTCK
[01:45:24] [173/459] TGNT
[01:45:25] [174/459] ASLC
[01:45:26] [175/459] SSST
[01:45:26] [176/459] KBTT
[01:45:27] [177/459] HKCP
[01:45:28] [178/459] SWLC
[01:45:28] [179/459] RTND
[01:45:29] [180/459] PKKT
[01:45:30] [181/459] HSTK
[01:45:31] [182/459] SPTT
[01:45:32] [183/459] IMPM
[01:45:34] [184/459] SCMV
[01:45:35] [185/459] SPCT
[01:45:35] [186/459] JBCA
[01:45:36] [187/459] ATTR
[01:45:37] [188/459] SPMT
[01:45:38] [189/459] LCTM
[01:45:39] [190/459] SCVL
[01:45:40] [191/459] SCVT
[01:45:40] [192/459] KRIC
[01:45:41] [193/459] CTMG
[01:45:43] [194/459] ACNC
[01:45:44] [195/459] DMCK
[01:45:45] [196/459] KMTV
[01:45:47] [197/459] PFCJ
[01:45:48] [198/459] VNMD
[01:45:49] [199/459] VPCZ
[01:45:50] [200/459] SRYR
[01:45:51] [201/459] SYTR
[01:45:53] [202/459] GATR
[01:45:53] [203/459] URTR
[01:45:55] [204/459] MKSM
[01:45:56] [205/459] VSMH
[01:45:56] [206/459] SKRJ
[01:45:57] [207/459] SSJR
[01:45:58] [208/459] SVSM
[01:45:59] [209/459] RUCM
[01:46:00] [210/459] PRKN
[01:46:01] [211/459] RROH
[01:46:02] [212/459] SCTN
[01:46:03] [213/459] RTDM
[01:46:03] [214/459] ASRM
[01:46:04] [215/459] SKMD
[01:46:05] [216/459] SUTD
[01:46:06] [217/459] SADM
[01:46:07] [218/459] WCNR
[01:46:08] [219/459] CNED
[01:46:09] [220/459] MPDB
[01:46:10] [221/459] KTBH
[01:46:10] [222/459] IDRM
[01:46:11] [223/459] PJJT
[01:46:12] [224/459] PFCV
[01:46:13] [225/459] AACT
[01:46:14] [226/459] AAAD
[01:46:15] [227/459] ANES
[01:46:15] [228/459] MNCA
[01:46:16] [229/459] RMGU
[01:46:17] [230/459] DLCN
[01:46:18] [231/459] LJWT
[01:46:19] [232/459] MCBG
[01:46:20] [233/459] MYBG
[01:46:21] [234/459] GCCA
[01:46:22] [235/459] GCGA
[01:46:23] [236/459] ECGN
[01:46:23] [237/459] PRAB
[01:46:24] [238/459] PNMP
[01:46:25] [239/459] GCPT
[01:46:26] [240/459] ROYN
[01:46:27] [241/459] VATM
[01:46:28] [242/459] KSNT
[01:46:28] [243/459] ACTC
[01:46:29] [244/459] PLTD
[01:46:30] [245/459] SKMK
[01:46:31] [246/459] CMTT
[01:46:32] [247/459] SMXP
[01:46:32] [248/459] SCMX
[01:46:34] [249/459] ACXN
[01:46:35] [250/459] ASWT
[01:46:36] [251/459] VVVL
[01:46:36] [252/459] NAGO
[01:46:37] [253/459] SNCN
[01:46:38] [254/459] MCKP
[01:46:39] [255/459] SAMO
[01:46:39] [256/459] JBTV
[01:46:40] [257/459] DCVV
[01:46:41] [258/459] KMSV
[01:46:42] [259/459] KDCN
[01:46:43] [260/459] CNCP
[01:46:44] [261/459] HAMC
[01:46:45] [262/459] CCVZ
[01:46:45] [263/459] NCCK
[01:46:47] [264/459] MCHR
[01:46:48] [265/459] SCHT
[01:46:49] [266/459] ESSH
[01:46:49] [267/459] CUJC
[01:46:50] [268/459] PECP
[01:46:51] [269/459] PMMI
[01:46:52] [270/459] PCCH
[01:46:53] [271/459] PRPM
[01:46:54] [272/459] PVKL
[01:46:54] [273/459] CBSM
[01:46:55] [274/459] PVCZ
[01:46:56] [275/459] PCVV
[01:46:57] [276/459] CTMJ
[01:46:58] [277/459] RCPS
[01:46:58] [278/459] PCIT
[01:46:59] [279/459] FNCH
[01:47:00] [280/459] INZD
[01:47:01] [281/459] INPC
[01:47:02] [282/459] LCZP
[01:47:03] [283/459] SMCB
[01:47:05] [284/459] PTSB
[01:47:06] [285/459] TPSI
[01:47:07] [286/459] KHMJ
[01:47:07] [287/459] RCCJ
[01:47:08] [288/459] NCJA
[01:47:10] [289/459] NCJN
[01:47:11] [290/459] BTDP
[01:47:12] [291/459] PADY
[01:47:12] [292/459] NYBH
[01:47:14] [293/459] MTBR
[01:47:15] [294/459] KRBC
[01:47:16] [295/459] DKTI
[01:47:17] [296/459] ANAN
[01:47:18] [297/459] INBP
[01:47:19] [298/459] PATB
[01:47:19] [299/459] RGNT
[01:47:20] [300/459] CGPM
[01:47:21] [301/459] INTN
[01:47:22] [302/459] MCMP
[01:47:22] [303/459] ASRG
[01:47:23] [304/459] CXJD
[01:47:24] [305/459] SPCP
[01:47:26] [306/459] CSTP
[01:47:27] [307/459] PKVC
[01:47:29] [308/459] ESCP
[01:47:30] [309/459] CAEP
[01:47:30] [310/459] CCSP
[01:47:31] [311/459] KTPC
[01:47:32] [312/459] DACA
[01:47:33] [313/459] NVKY
[01:47:34] [314/459] PTIN
[01:47:34] [315/459] SCIN
[01:47:35] [316/459] MCTY
[01:47:36] [317/459] PCMX
[01:47:37] [318/459] INIC
[01:47:38] [319/459] MMZM
[01:47:39] [320/459] SSLP
[01:47:40] [321/459] DTDT
[01:47:41] [322/459] FFCX
[01:47:41] [323/459] RCMM
[01:47:42] [324/459] KYID
[01:47:43] [325/459] CSCI
[01:47:44] [326/459] FCMC
[01:47:45] [327/459] MMXI
[01:47:46] [328/459] ASTC
[01:47:48] [329/459] CMRA
[01:47:49] [330/459] DICI
[01:47:50] [331/459] KDIN
[01:47:51] [332/459] PRFI
[01:47:51] [333/459] SVFC
[01:47:52] [334/459] UCPL
[01:47:53] [335/459] COOC
[01:47:54] [336/459] SCAL
[01:47:55] [337/459] SVFF
[01:47:56] [338/459] VCMG
[01:47:57] [339/459] UUCT
[01:47:58] [340/459] GCSE
[01:47:59] [341/459] SUSC
[01:48:00] [342/459] MISC
[01:48:01] [343/459] RMBL
[01:48:02] [344/459] CMXN
[01:48:02] [345/459] PVBK
[01:48:03] [346/459] HHCG
[01:48:04] [347/459] SCAG
[01:48:05] [348/459] CNPR
[01:48:06] [349/459] CSER
[01:48:07] [350/459] HLWD
[01:48:07] [351/459] BOLY
[01:48:08] [352/459] SSPG
[01:48:09] [353/459] MUPX
[01:48:10] [354/459] HAMR
[01:48:11] [355/459] SDNC
[01:48:12] [356/459] RTEN
[01:48:13] [357/459] SDTD
[01:48:14] [358/459] KAWS
[01:48:15] [359/459] CMZX
[01:48:16] [360/459] DCDD
[01:48:16] [361/459] ALSN
[01:48:17] [362/459] IMXS
[01:48:18] [363/459] PVFF
[01:48:19] [364/459] PVOO
[01:48:20] [365/459] CFBS
[01:48:20] [366/459] PVER
[01:48:21] [367/459] PPNX
[01:48:22] [368/459] CNRM
[01:48:23] [369/459] PVWW
[01:48:24] [370/459] INMB
[01:48:25] [371/459] CPJR
[01:48:26] [372/459] INRZ
[01:48:27] [373/459] PMSR
[01:48:28] [374/459] GPGM
[01:48:30] [375/459] PGWB
[01:48:31] [376/459] PMBR
[01:48:32] [377/459] GPAM
[01:48:32] [378/459] INBC
[01:48:33] [379/459] PZVK
[01:48:34] [380/459] CPEB
[01:48:35] [381/459] FMLB
[01:48:37] [382/459] INBG
[01:48:38] [383/459] GPBR
[01:48:38] [384/459] PAAS
[01:48:39] [385/459] VTBR
[01:48:41] [386/459] GPMY
[01:48:42] [387/459] GYBU
[01:48:43] [388/459] INBJ
[01:48:43] [389/459] LKTH
[01:48:44] [390/459] NSBR
[01:48:45] [391/459] PDRD
[01:48:46] [392/459] VRBL
[01:48:46] [393/459] VTGB
[01:48:47] [394/459] VTSK
[01:48:48] [395/459] BKDV
[01:48:49] [396/459] SVTB
[01:48:50] [397/459] MLDT
[01:48:51] [398/459] NRBL
[01:48:52] [399/459] SLTR
[01:48:53] [400/459] VNKA
[01:48:53] [401/459] TDCA
[01:48:54] [402/459] INBM
[01:48:55] [403/459] SSNR
[01:48:56] [404/459] BHAC
[01:48:57] [405/459] SDSD
[01:48:58] [406/459] SAMP
[01:48:58] [407/459] RATK
[01:48:59] [408/459] KCBI
[01:49:00] [409/459] URBL
[01:49:01] [410/459] MKBG
[01:49:02] [411/459] ASTB
[01:49:03] [412/459] VBWT
[01:49:03] [413/459] GPSM
[01:49:04] [414/459] ROON
[01:49:05] [415/459] CHTH
[01:49:06] [416/459] SSPA
[01:49:07] [417/459] ANBL
[01:49:08] [418/459] VTBE
[01:49:08] [419/459] SVKT
[01:49:09] [420/459] SVYK
[01:49:10] [421/459] PTBK
[01:49:11] [422/459] RKTB
[01:49:12] [423/459] BALT
[01:49:12] [424/459] STSV
[01:49:13] [425/459] VCCB
[01:49:14] [426/459] SLTB
[01:49:15] [427/459] SBCR
[01:49:16] [428/459] VDCS
[01:49:17] [429/459] MDKI
[01:49:18] [430/459] SMRN
[01:49:19] [431/459] PTBC
[01:49:20] [432/459] RADI
[01:49:21] [433/459] ADCR
[01:49:22] [434/459] SDCS
[01:49:23] [435/459] SRPJ
[01:49:23] [436/459] ARTS
[01:49:24] [437/459] SRHK
[01:49:25] [438/459] SPAY
[01:49:26] [439/459] GPTB
[01:49:26] [440/459] SNNN
[01:49:27] [441/459] BALJ
[01:49:28] [442/459] TRIG
[01:49:29] [443/459] GTYT
[01:49:30] [444/459] ATGN
[01:49:31] [445/459] ANTE
[01:49:31] [446/459] BDCG
[01:49:32] [447/459] VECI
[01:49:33] [448/459] SCPR
[01:49:34] [449/459] RTEA
[01:49:35] [450/459] JSAI
[01:49:36] [451/459] VJTP
[01:49:36] [452/459] GNDS
[01:49:37] [453/459] PAXA
[01:49:38] [454/459] CGGM
[01:49:39] [455/459] ACKZ
[01:49:39] [456/459] EMCC
[01:49:40] [457/459] KLSK
[01:49:41] [458/459] AVCK
[01:49:42] [459/459] JTCK
[01:49:43] ✅ DONE | Shows=2 | Movies=1
