[10:07:08] 🚀 SCRIPT STARTED
[10:07:08] [1/459] MBDC
[10:07:08] 🧠 New identity created
[10:07:10] [2/459] CHKM
[10:07:11] [3/459] JTKZ
[10:07:12] [4/459] CMCT
[10:07:13] [5/459] ASHO
[10:07:14] [6/459] ECDG
[10:07:15] [7/459] SPAT
[10:07:16] [8/459] HILC
[10:07:16] [9/459] SPPH
[10:07:17] [10/459] SBHN
[10:07:18] [11/459] RRCA
[10:07:19] [12/459] APAA
[10:07:19] [13/459] RAME
[10:07:20] [14/459] TMMS
[10:07:21] [15/459] BATK
[10:07:22] [16/459] LKOP
[10:07:22] [17/459] AMTT
[10:07:24] [18/459] PTGK
[10:07:25] [19/459] ANRS
[10:07:26] [20/459] VWBW
[10:07:27] [21/459] SVFG
[10:07:27] [22/459] STAT
[10:07:28] [23/459] GDCV
[10:07:29] [24/459] VEBI
[10:07:30] [25/459] VDSS
[10:07:31] [26/459] NTHV
[10:07:32] [27/459] AOCH
[10:07:33] [28/459] KASR
[10:07:34] [29/459] AYCS
[10:07:34] [30/459] SHAI
[10:07:35] [31/459] SKPE
[10:07:36] [32/459] SBTA
[10:07:37] [33/459] RTTD
[10:07:38] [34/459] CCJD
[10:07:39] [35/459] RSJJ
[10:07:40] [36/459] RKND
[10:07:40] [37/459] SVTX
[10:07:41] [38/459] BAKM
[10:07:42] [39/459] SVDC
[10:07:44] [40/459] MNCV
[10:07:45] [41/459] SJGC
[10:07:45] [42/459] MTPK
[10:07:46] [43/459] GATP
[10:07:47] [44/459] ABTS
[10:07:49] [45/459] ABDE
[10:07:49] [46/459] RCNM
[10:07:50] [47/459] KTHV
[10:07:51] [48/459] MDGJ
[10:07:52] [49/459] SMLM
[10:07:53] [50/459] JTMA
[10:07:54] [51/459] ACKP
[10:07:54] [52/459] SRTA
[10:07:55] [53/459] STAY
[10:07:56] [54/459] MAVO
[10:07:57] [55/459] APTS
[10:07:58] [56/459] OMEA
[10:07:59] [57/459] TTFD
[10:08:00] [58/459] MJCU
[10:08:01] [59/459] CXTE
[10:08:02] [60/459] CTPX
[10:08:03] [61/459] ASSL
[10:08:04] [62/459] CMVB
[10:08:05] [63/459] VPUR
[10:08:06] [64/459] JJDA
[10:08:06] [65/459] INBL
[10:08:08] [66/459] BIKB
[10:08:09] [67/459] NTBB
[10:08:10] [68/459] GLOB
[10:08:10] [69/459] SNTB
[10:08:11] [70/459] CHGV
[10:08:12] [71/459] SSBZ
[10:08:13] [72/459] PRDB
[10:08:14] [73/459] ISMT
[10:08:15] [74/459] MCSD
[10:08:15] [75/459] JBTT
[10:08:16] [76/459] GEKR
[10:08:17] [77/459] PVUN
[10:08:18] [78/459] NRTB
[10:08:19] [79/459] PRAA
[10:08:20] [80/459] PCBL
[10:08:21] [81/459] PTCM
[10:08:21] [82/459] KHNN
[10:08:22] [83/459] OMJE
[10:08:23] [84/459] STGN
[10:08:24] [85/459] RPMS
[10:08:25] [86/459] NWAD
[10:08:25] [87/459] BLCK
[10:08:26] [88/459] SVAA
[10:08:27] [89/459] URVM
[10:08:28] [90/459] ANTM
[10:08:29] [91/459] VJYM
[10:08:30] [92/459] MAZZ
[10:08:30] [93/459] CSHM
[10:08:31] [94/459] WGMH
[10:08:32] [95/459] SALN
[10:08:33] [96/459] BRTP
[10:08:34] [97/459] SVTA
[10:08:35] [98/459] SBTP
[10:08:36] [99/459] VLSS
[10:08:36] [100/459] SRJA
[10:08:37] [101/459] ANCG
[10:08:38] [102/459] CGGC
[10:08:39] [103/459] CRJA
[10:08:39] [104/459] USCR
[10:08:40] [105/459] MMEF
[10:08:41] [106/459] JCRJ
[10:08:42] [107/459] ADCM
[10:08:43] [108/459] BMYK
[10:08:44] [109/459] KICS
[10:08:45] [110/459] MBBT
[10:08:45] [111/459] MACK
[10:08:46] [112/459] CLDR
[10:08:47] [113/459] JYCR
[10:08:48] [114/459] DCRP
[10:08:49] [115/459] RAHT
[10:08:50] [116/459] CSSM
[10:08:51] [117/459] ATPK
[10:08:51] [118/459] KLRT
[10:08:52] [119/459] SRDD
[10:08:53] [120/459] CKMC
[10:08:54] [121/459] KRVM
[10:08:54] [122/459] AKCP
[10:08:55] [123/459] CNCV
[10:08:57] [124/459] PACT
[10:08:58] [125/459] NATP
[10:08:59] [126/459] PCPK
[10:08:59] [127/459] SMHO
[10:09:01] [128/459] CWTK
[10:09:02] [129/459] RVKZ
[10:09:03] [130/459] ASPD
[10:09:03] [131/459] VTKZ
[10:09:04] [132/459] LCSO
[10:09:05] [133/459] PRDY
[10:09:06] [134/459] RCAP
[10:09:07] [135/459] RGAR
[10:09:08] [136/459] RCAC
[10:09:08] [137/459] PMOD
[10:09:09] [138/459] PVCN
[10:09:10] [139/459] SCRZ
[10:09:11] [140/459] PVPC
[10:09:12] [141/459] STID
[10:09:12] [142/459] NEDD
[10:09:13] [143/459] BNBA
[10:09:14] [144/459] NTCD
[10:09:15] [145/459] OCDE
[10:09:17] [146/459] CCDU
[10:09:18] [147/459] CRXH
[10:09:18] [148/459] VLVT
[10:09:19] [149/459] CICI
[10:09:20] [150/459] SUCB
[10:09:21] [151/459] TCBP
[10:09:22] [152/459] SCCY
[10:09:23] [153/459] LXCY
[10:09:23] [154/459] NCMD
[10:09:24] [155/459] PHCS
[10:09:25] [156/459] DUXR
[10:09:26] [157/459] VNKS
[10:09:27] [158/459] SEDP
[10:09:27] [159/459] SVEN
[10:09:28] [160/459] SRKM
[10:09:29] [161/459] JTLT
[10:09:31] [162/459] SVSS
[10:09:31] [163/459] AMDE
[10:09:32] [164/459] WVRN
[10:09:33] [165/459] ISMG
[10:09:34] [166/459] WVKS
[10:09:35] [167/459] USCG
[10:09:35] [168/459] IOTG
[10:09:36] [169/459] RRJM
[10:09:37] [170/459] EDMP
[10:09:38] [171/459] SCGZ
[10:09:39] [172/459] GMGX
[10:09:39] [173/459] OMTP
[10:09:40] [174/459] MITD
[10:09:41] [175/459] SMMD
[10:09:42] [176/459] STML
[10:09:42] [177/459] MCFS
[10:09:43] [178/459] FPKA
[10:09:44] [179/459] OMLR
[10:09:45] [180/459] KKSC
[10:09:46] [181/459] RVMA
[10:09:47] [182/459] SCLL
[10:09:48] [183/459] SCDK
[10:09:49] [184/459] SXMI
[10:09:50] [185/459] SHDN
[10:09:51] [186/459] PAAD
[10:09:52] [187/459] UUCB
[10:09:52] [188/459] JHOL
[10:09:53] [189/459] SGWT
[10:09:54] [190/459] SRII
[10:09:55] [191/459] SGCK
[10:09:56] [192/459] SVVB
[10:09:57] [193/459] DMHA
[10:09:58] [194/459] PPNL
[10:09:58] [195/459] CPNL
[10:09:59] [196/459] WVLD
[10:10:00] [197/459] PSLV
[10:10:01] [198/459] VTTL
[10:10:02] [199/459] NPAD
[10:10:03] [200/459] PVCS
[10:10:04] [201/459] MCHL
[10:10:05] [202/459] PPLL
[10:10:06] [203/459] MALO
[10:10:06] [204/459] SWBH
[10:10:07] [205/459] PUGB
[10:10:08] [206/459] INBB
[10:10:09] [207/459] INNS
[10:10:10] [208/459] MCPT
[10:10:10] [209/459] SCMI
[10:10:11] [210/459] OCON
[10:10:12] [211/459] SCSM
[10:10:13] [212/459] RJVN
[10:10:14] [213/459] AMDK
[10:10:15] [214/459] ISMR
[10:10:15] [215/459] SMTD
[10:10:16] [216/459] VTDD
[10:10:17] [217/459] PDDZ
[10:10:18] [218/459] PCCK
[10:10:19] [219/459] INAM
[10:10:19] [220/459] FNKT
[10:10:20] [221/459] GDKA
[10:10:21] [222/459] MAYU
[10:10:22] [223/459] TCGU
[10:10:22] [224/459] KDCA
[10:10:24] [225/459] DOMY
[10:10:25] [226/459] PDDD
[10:10:26] [227/459] BJTS
[10:10:28] [228/459] VTCA
[10:10:28] [229/459] SBTM
[10:10:29] [230/459] SEET
[10:10:30] [231/459] SSTJ
[10:10:31] [232/459] SVNT
[10:10:32] [233/459] PPPR
[10:10:33] [234/459] PVYS
[10:10:33] [235/459] IOSE
[10:10:34] [236/459] ACTV
[10:10:35] [237/459] APVE
[10:10:36] [238/459] TCCL
[10:10:36] [239/459] SCMO
[10:10:37] [240/459] SAUM
[10:10:38] [241/459] KCJS
[10:10:39] [242/459] NJCJ
[10:10:39] [243/459] NECF
[10:10:40] [244/459] CCGW
[10:10:41] [245/459] CCMG
[10:10:43] [246/459] NYRG
[10:10:44] [247/459] NCSQ
[10:10:45] [248/459] GRCG
[10:10:45] [249/459] CCBT
[10:10:46] [250/459] ACGA
[10:10:47] [251/459] INAG
[10:10:48] [252/459] FUCG
[10:10:49] [253/459] AICF
[10:10:49] [254/459] GRGA
[10:10:50] [255/459] GDCN
[10:10:51] [256/459] RRCG
[10:10:52] [257/459] SDCH
[10:10:53] [258/459] WVJM
[10:10:54] [259/459] JCCZ
[10:10:55] [260/459] CNCL
[10:10:56] [261/459] TMLV
[10:10:57] [262/459] MEMB
[10:10:58] [263/459] SGTD
[10:10:58] [264/459] CONX
[10:11:00] [265/459] CCMH
[10:11:01] [266/459] ACMC
[10:11:01] [267/459] DTPD
[10:11:02] [268/459] POJA
[10:11:03] [269/459] FNBH
[10:11:04] [270/459] CGCB
[10:11:05] [271/459] RACN
[10:11:05] [272/459] JTSM
[10:11:06] [273/459] SCDN
[10:11:07] [274/459] AACK
[10:11:08] [275/459] RMCE
[10:11:09] [276/459] BSGB
[10:11:10] [277/459] MRCB
[10:11:10] [278/459] SRVR
[10:11:11] [279/459] VTKK
[10:11:12] [280/459] AMST
[10:11:13] [281/459] APCY
[10:11:14] [282/459] LMHO
[10:11:15] [283/459] MTZH
[10:11:15] [284/459] AMZB
[10:11:16] [285/459] SUVT
[10:11:17] [286/459] RCIP
[10:11:18] [287/459] KESR
[10:11:19] [288/459] SNKC
[10:11:20] [289/459] SCED
[10:11:21] [290/459] DVCA
[10:11:22] [291/459] VCDT
[10:11:24] [292/459] RRDI
[10:11:25] [293/459] DFCH
[10:11:25] [294/459] INSC
[10:11:26] [295/459] RGTR
[10:11:27] [296/459] FMOT
[10:11:28] [297/459] SCPM
[10:11:29] [298/459] GCDT
[10:11:29] [299/459] BRKT
[10:11:31] [300/459] DEMP
[10:11:32] [301/459] SRLC
[10:11:33] [302/459] KSTT
[10:11:34] [303/459] SMMT
[10:11:35] [304/459] SILM
[10:11:35] [305/459] JCVM
[10:11:37] [306/459] KCSV
[10:11:38] [307/459] MHLK
[10:11:39] [308/459] SLVL
[10:11:40] [309/459] RJKP
[10:11:41] [310/459] BBPC
[10:11:42] [311/459] MXCB
[10:11:42] [312/459] TCPK
[10:11:43] [313/459] RTBR
[10:11:44] [314/459] GAUT
[10:11:45] [315/459] DVCF
[10:11:45] [316/459] JTSB
[10:11:46] [317/459] SBLS
[10:11:47] [318/459] UDAY
[10:11:48] [319/459] PTNP
[10:11:49] [320/459] DMKT
[10:11:50] [321/459] NTDT
[10:11:51] [322/459] SHDJ
[10:11:52] [323/459] OTNC
[10:11:53] [324/459] RNTW
[10:11:53] [325/459] GCMI
[10:11:54] [326/459] CRCM
[10:11:55] [327/459] NNCZ
[10:11:56] [328/459] OEMO
[10:11:57] [329/459] PVJM
[10:11:58] [330/459] CPJI
[10:11:59] [331/459] RMCJ
[10:11:59] [332/459] CNWJ
[10:12:00] [333/459] EPJM
[10:12:01] [334/459] FNJJ
[10:12:02] [335/459] GCMJ
[10:12:03] [336/459] INPS
[10:12:04] [337/459] BICJ
[10:12:04] [338/459] ISTJ
[10:12:05] [339/459] INJC
[10:12:07] [340/459] GLXJ
[10:12:08] [341/459] INEM
[10:12:09] [342/459] JTMN
[10:12:09] [343/459] FRCJ
[10:12:10] [344/459] DDJP
[10:12:12] [345/459] INJV
[10:12:14] [346/459] GOLC
[10:12:14] [347/459] KOCI
[10:12:15] [348/459] FSTD
[10:12:17] [349/459] PACJ
[10:12:18] [350/459] GMCN
[10:12:19] [351/459] MMDJ
[10:12:19] [352/459] GODH
[10:12:20] [353/459] SKYN
[10:12:21] [354/459] NCTH
[10:12:22] [355/459] SKVZ
[10:12:23] [356/459] SVML
[10:12:24] [357/459] ACVZ
[10:12:25] [358/459] SURA
[10:12:25] [359/459] RTRB
[10:12:27] [360/459] LLCT
[10:12:28] [361/459] ATTS
[10:12:29] [362/459] JYCM
[10:12:31] [363/459] CTKR
[10:12:32] [364/459] LCKR
[10:12:32] [365/459] NYCV
[10:12:33] [366/459] NYOH
[10:12:34] [367/459] NOVX
[10:12:36] [368/459] MRGK
[10:12:37] [369/459] MOON
[10:12:37] [370/459] SBUC
[10:12:38] [371/459] GSVA
[10:12:39] [372/459] VIAK
[10:12:41] [373/459] SMVZ
[10:12:42] [374/459] MATE
[10:12:43] [375/459] RDCN
[10:12:43] [376/459] ASBL
[10:12:44] [377/459] ASVS
[10:12:45] [378/459] ASSR
[10:12:46] [379/459] SSKN
[10:12:47] [380/459] DRPV
[10:12:47] [381/459] MRHT
[10:12:48] [382/459] BSCN
[10:12:49] [383/459] RKNX
[10:12:50] [384/459] MSMC
[10:12:51] [385/459] MSCJ
[10:12:51] [386/459] BTBJ
[10:12:52] [387/459] MJCC
[10:12:53] [388/459] IOMM
[10:12:54] [389/459] ADGR
[10:12:55] [390/459] MYCP
[10:12:55] [391/459] IGCM
[10:12:56] [392/459] PGRK
[10:12:58] [393/459] VPGO
[10:12:59] [394/459] KOMS
[10:13:01] [395/459] URGG
[10:13:02] [396/459] GOST
[10:13:02] [397/459] LACT
[10:13:03] [398/459] BWCM
[10:13:04] [399/459] NCCW
[10:13:05] [400/459] SKYC
[10:13:06] [401/459] CCPM
[10:13:07] [402/459] VCBT
[10:13:07] [403/459] SDKR
[10:13:08] [404/459] CTYB
[10:13:09] [405/459] SHCX
[10:13:10] [406/459] RCUN
[10:13:11] [407/459] CNRA
[10:13:12] [408/459] RFCA
[10:13:12] [409/459] RDCU
[10:13:13] [410/459] SARK
[10:13:14] [411/459] SPPP
[10:13:14] [412/459] ADMB
[10:13:16] [413/459] JYOE
[10:13:17] [414/459] SRMD
[10:13:18] [415/459] RJDH
[10:13:18] [416/459] SSTD
[10:13:19] [417/459] AACV
[10:13:20] [418/459] PPVD
[10:13:21] [419/459] STCP
[10:13:22] [420/459] ANJR
[10:13:23] [421/459] ANLS
[10:13:24] [422/459] BIJO
[10:13:25] [423/459] AVAB
[10:13:25] [424/459] SPMD
[10:13:26] [425/459] SVJL
[10:13:27] [426/459] SDDJ
[10:13:28] [427/459] SLTU
[10:13:29] [428/459] SAKA
[10:13:31] [429/459] PMAM
[10:13:32] [430/459] FNAM
[10:13:32] [431/459] ACAM
[10:13:34] [432/459] SCMM
[10:13:35] [433/459] PMAK
[10:13:36] [434/459] NYSA
[10:13:36] [435/459] FCPA
[10:13:37] [436/459] GDAN
[10:13:38] [437/459] RSCA
[10:13:39] [438/459] DMAN
[10:13:39] [439/459] DZCM
[10:13:40] [440/459] NSGL
[10:13:41] [441/459] CCPP
[10:13:42] [442/459] PSMG
[10:13:43] [443/459] GSER
[10:13:44] [444/459] FCCT
[10:13:45] [445/459] FCTB
[10:13:46] [446/459] LCNK
[10:13:47] [447/459] SKTY
[10:13:48] [448/459] INAA
[10:13:49] [449/459] RCWN
[10:13:51] [450/459] VAIS
[10:13:52] [451/459] CVMN
[10:13:52] [452/459] INTS
[10:13:53] [453/459] FRGS
[10:13:54] [454/459] DTCK
[10:13:55] [455/459] MCMH
[10:13:56] [456/459] ECRR
[10:13:56] [457/459] RLLP
[10:13:57] [458/459] CCSN
[10:13:58] [459/459] CCBA
[10:13:59] 🧹 Deduping shows
[10:13:59] ✅ DONE | Shows=109 | Movies=14
