[10:07:06] 🚀 SCRIPT STARTED
[10:07:06] [1/459] MCCZ
[10:07:06] 🧠 New identity created
[10:07:07] [2/459] FRPU
[10:07:08] [3/459] SKSI
[10:07:09] [4/459] SSCK
[10:07:09] [5/459] SRDC
[10:07:10] [6/459] RSCZ
[10:07:11] [7/459] PRVT
[10:07:12] [8/459] GAGJ
[10:07:13] [9/459] SMHG
[10:07:14] [10/459] JTST
[10:07:14] [11/459] MYTH
[10:07:15] [12/459] JPCC
[10:07:16] [13/459] ACDC
[10:07:17] [14/459] SVFP
[10:07:17] [15/459] SFCM
[10:07:18] [16/459] RUPK
[10:07:19] [17/459] NTCR
[10:07:20] [18/459] RTCH
[10:07:20] 🔄 Identity reset
[10:07:20] ❌ RTCH | RuntimeError
[10:07:21] [19/459] SCMH
[10:07:21] 🧠 New identity created
[10:07:22] [20/459] SVYM
[10:07:22] [21/459] SPYM
[10:07:23] [22/459] SMMF
[10:07:24] [23/459] CLLB
[10:07:25] [24/459] FMCB
[10:07:26] [25/459] BBTC
[10:07:27] [26/459] NTHS
[10:07:28] [27/459] PKKJ
[10:07:30] [28/459] MTJA
[10:07:30] [29/459] PMSJ
[10:07:31] [30/459] JMJU
[10:07:32] [31/459] SRAD
[10:07:33] [32/459] MJMC
[10:07:33] [33/459] DFRM
[10:07:34] [34/459] PMRS
[10:07:35] [35/459] RKPP
[10:07:36] [36/459] BMBK
[10:07:37] [37/459] NEWS
[10:07:37] [38/459] SALB
[10:07:38] [39/459] SCPW
[10:07:39] [40/459] RAYL
[10:07:40] [41/459] CMGJ
[10:07:41] [42/459] JRCR
[10:07:42] [43/459] SRTB
[10:07:42] [44/459] ETPB
[10:07:44] [45/459] MXBN
[10:07:45] [46/459] TOPE
[10:07:45] [47/459] SNLJ
[10:07:46] [48/459] CDDP
[10:07:47] [49/459] APCX
[10:07:48] [50/459] TALP
[10:07:49] [51/459] RRMP
[10:07:50] [52/459] MAHB
[10:07:51] [53/459] MTKR
[10:07:52] [54/459] KSKL
[10:07:53] [55/459] RJLT
[10:07:54] [56/459] ATAS
[10:07:55] [57/459] AMHR
[10:07:55] [58/459] RSRM
[10:07:56] [59/459] GCAT
[10:07:57] [60/459] SMML
[10:07:58] [61/459] ACCD
[10:08:00] [62/459] VYDA
[10:08:00] [63/459] MSKT
[10:08:01] [64/459] AVDM
[10:08:02] [65/459] ASMH
[10:08:03] [66/459] VTMB
[10:08:04] [67/459] WVMB
[10:08:05] [68/459] PPMN
[10:08:05] [69/459] MTMD
[10:08:06] [70/459] SMMO
[10:08:07] [71/459] DLPB
[10:08:08] [72/459] AKMD
[10:08:09] [73/459] SHRR
[10:08:09] [74/459] ASCO
[10:08:10] [75/459] CZVX
[10:08:11] [76/459] GCBB
[10:08:13] [77/459] ATBM
[10:08:13] [78/459] TCGM
[10:08:14] [79/459] UMSE
[10:08:15] [80/459] NKCL
[10:08:16] [81/459] BTLR
[10:08:17] [82/459] GOCL
[10:08:18] [83/459] MIRN
[10:08:19] [84/459] THEC
[10:08:20] [85/459] SPPB
[10:08:21] [86/459] PMMM
[10:08:22] [87/459] GGMC
[10:08:23] [88/459] AVSR
[10:08:23] [89/459] RDMH
[10:08:24] [90/459] JSRS
[10:08:25] [91/459] VKGP
[10:08:26] [92/459] ACRT
[10:08:27] [93/459] GCBA
[10:08:28] [94/459] GTCP
[10:08:28] [95/459] AKFC
[10:08:29] [96/459] INCS
[10:08:30] [97/459] SMCK
[10:08:31] [98/459] BRUN
[10:08:32] [99/459] RPPC
[10:08:32] [100/459] PAYD
[10:08:33] [101/459] SVVT
[10:08:35] [102/459] RNCC
[10:08:36] [103/459] PCRC
[10:08:36] [104/459] PMRM
[10:08:37] [105/459] CCRP
[10:08:38] [106/459] INCR
[10:08:39] [107/459] ZTMP
[10:08:40] [108/459] MCNR
[10:08:41] [109/459] INRP
[10:08:41] [110/459] STRC
[10:08:42] [111/459] RATI
[10:08:43] [112/459] PBTR
[10:08:44] [113/459] CMHP
[10:08:45] [114/459] ZECJ
[10:08:45] [115/459] CCCB
[10:08:46] [116/459] BWCB
[10:08:47] [117/459] CCAT
[10:08:48] [118/459] KGCM
[10:08:49] [119/459] INPT
[10:08:50] [120/459] FNCO
[10:08:51] [121/459] SRMJ
[10:08:52] [122/459] PFSC
[10:08:53] [123/459] PBMC
[10:08:54] [124/459] KARP
[10:08:54] [125/459] KOVI
[10:08:55] [126/459] ACXL
[10:08:56] [127/459] GKCC
[10:08:57] [128/459] ASCC
[10:08:58] [129/459] SETC
[10:08:59] [130/459] KACC
[10:09:00] [131/459] KAVE
[10:09:01] [132/459] CNTC
[10:09:02] [133/459] MEEN
[10:09:03] [134/459] BMRV
[10:09:04] [135/459] SVAM
[10:09:04] [136/459] VTBP
[10:09:06] [137/459] VCKN
[10:09:06] [138/459] SGTK
[10:09:07] [139/459] RCGS
[10:09:08] [140/459] RCCB
[10:09:09] [141/459] RKSR
[10:09:10] [142/459] RKCU
[10:09:10] [143/459] GIBH
[10:09:11] [144/459] CXBS
[10:09:12] [145/459] GGCB
[10:09:13] [146/459] SCPB
[10:09:14] [147/459] AKTB
[10:09:14] [148/459] SRBU
[10:09:15] [149/459] CSSA
[10:09:16] [150/459] MYAN
[10:09:16] [151/459] EXCA
[10:09:17] [152/459] CKSA
[10:09:18] [153/459] JTNM
[10:09:19] [154/459] CXKT
[10:09:20] [155/459] NCLM
[10:09:21] [156/459] JAAD
[10:09:22] [157/459] RDCR
[10:09:22] [158/459] MEER
[10:09:23] [159/459] SIBT
[10:09:24] [160/459] PVVB
[10:09:25] [161/459] FNPN
[10:09:26] [162/459] CRPX
[10:09:26] [163/459] STET
[10:09:27] [164/459] METE
[10:09:28] [165/459] BJML
[10:09:29] [166/459] MAVT
[10:09:30] [167/459] MSRM
[10:09:31] [168/459] TJMP
[10:09:32] [169/459] MHCK
[10:09:33] [170/459] SVGP
[10:09:34] [171/459] KRRC
[10:09:35] [172/459] IMCH
[10:09:36] [173/459] CMCS
[10:09:37] [174/459] SGND
[10:09:37] [175/459] RNAT
[10:09:38] [176/459] PRTN
[10:09:39] [177/459] MPTN
[10:09:40] [178/459] ARCC
[10:09:41] [179/459] NTTE
[10:09:42] [180/459] ABND
[10:09:43] [181/459] KCSN
[10:09:44] [182/459] KCSA
[10:09:45] [183/459] DCKT
[10:09:46] [184/459] MBBR
[10:09:47] [185/459] RAMU
[10:09:48] [186/459] RACW
[10:09:49] [187/459] MCHP
[10:09:50] [188/459] TMHM
[10:09:50] [189/459] STXH
[10:09:51] [190/459] AGSG
[10:09:52] [191/459] SIRA
[10:09:52] [192/459] RCAN
[10:09:53] [193/459] CWTB
[10:09:54] [194/459] VTYM
[10:09:54] [195/459] RRPP
[10:09:55] [196/459] ASMR
[10:09:56] [197/459] RONO
[10:09:57] [198/459] MEMR
[10:09:58] [199/459] CTMR
[10:09:59] [200/459] PMTT
[10:10:00] [201/459] PSLX
[10:10:01] [202/459] IPPL
[10:10:01] [203/459] MMSG
[10:10:02] [204/459] INEL
[10:10:03] [205/459] COAC
[10:10:04] [206/459] WVLK
[10:10:04] [207/459] PPXL
[10:10:05] [208/459] PSML
[10:10:06] [209/459] FNLK
[10:10:06] [210/459] ILUM
[10:10:08] [211/459] ILCM
[10:10:09] [212/459] MSNL
[10:10:10] [213/459] VINB
[10:10:10] [214/459] SALW
[10:10:11] [215/459] PRTB
[10:10:12] [216/459] NCIL
[10:10:12] [217/459] PSUL
[10:10:13] [218/459] SCLK
[10:10:14] [219/459] ADDC
[10:10:15] [220/459] OACL
[10:10:16] [221/459] OOCF
[10:10:17] [222/459] GPMF
[10:10:18] [223/459] SSDG
[10:10:19] [224/459] SKRS
[10:10:20] [225/459] NTTP
[10:10:21] [226/459] SLTP
[10:10:22] [227/459] JTLC
[10:10:23] [228/459] POON
[10:10:24] [229/459] CCPC
[10:10:25] [230/459] DCKC
[10:10:26] [231/459] CPRT
[10:10:26] [232/459] EYHZ
[10:10:27] [233/459] ARBL
[10:10:28] [234/459] SBTB
[10:10:29] [235/459] MMCK
[10:10:30] [236/459] PLMR
[10:10:31] [237/459] BIJH
[10:10:32] [238/459] SDRT
[10:10:34] [239/459] PRDC
[10:10:34] [240/459] OMJA
[10:10:35] [241/459] VKCR
[10:10:36] [242/459] ATRT
[10:10:37] [243/459] WVRP
[10:10:38] [244/459] MVRP
[10:10:39] [245/459] FCAX
[10:10:39] [246/459] CTLC
[10:10:41] [247/459] JCHB
[10:10:42] [248/459] SELP
[10:10:42] [249/459] VCPG
[10:10:43] [250/459] ASCX
[10:10:44] [251/459] EOCS
[10:10:45] [252/459] RCPH
[10:10:46] [253/459] RJTM
[10:10:46] [254/459] SGMD
[10:10:47] [255/459] SVJT
[10:10:48] [256/459] SPPO
[10:10:49] [257/459] MNRL
[10:10:50] [258/459] KNOX
[10:10:50] [259/459] GIER
[10:10:51] [260/459] PJMS
[10:10:52] [261/459] UNSP
[10:10:53] [262/459] JETP
[10:10:53] [263/459] VTWA
[10:10:54] [264/459] SCJI
[10:10:55] [265/459] CBZZ
[10:10:56] [266/459] SDCJ
[10:10:56] [267/459] RRCC
[10:10:58] [268/459] VNKG
[10:10:59] [269/459] LKTO
[10:11:00] [270/459] PJRM
[10:11:00] [271/459] NVRM
[10:11:01] [272/459] SJCS
[10:11:02] [273/459] VIGK
[10:11:03] [274/459] ANST
[10:11:04] [275/459] JTTS
[10:11:04] [276/459] NTST
[10:11:05] [277/459] PREB
[10:11:06] [278/459] TSCZ
[10:11:07] [279/459] CDCM
[10:11:08] [280/459] ELYE
[10:11:09] [281/459] INBS
[10:11:09] [282/459] SMGC
[10:11:10] [283/459] UTMP
[10:11:11] [284/459] INTA
[10:11:11] [285/459] OMPT
[10:11:12] [286/459] SCIR
[10:11:14] [287/459] GCKJ
[10:11:14] [288/459] INOG
[10:11:15] [289/459] SMGB
[10:11:16] [290/459] MCSG
[10:11:17] [291/459] STKG
[10:11:17] [292/459] TTKG
[10:11:18] [293/459] SRTR
[10:11:19] [294/459] ETTR
[10:11:20] [295/459] GGGZ
[10:11:21] [296/459] IPGM
[10:11:22] [297/459] FCDH
[10:11:23] [298/459] DESB
[10:11:24] [299/459] VNTP
[10:11:25] [300/459] ANNT
[10:11:26] [301/459] SLTI
[10:11:27] [302/459] MAJU
[10:11:28] [303/459] JCXP
[10:11:29] [304/459] HARK
[10:11:30] [305/459] JPCJ
[10:11:30] [306/459] RXBD
[10:11:31] [307/459] PTKJ
[10:11:32] [308/459] CMTU
[10:11:33] [309/459] SWOR
[10:11:34] [310/459] JMEX
[10:11:34] [311/459] DTPT
[10:11:35] [312/459] VGMM
[10:11:36] [313/459] VCSG
[10:11:37] [314/459] CVCG
[10:11:38] [315/459] TNTT
[10:11:39] [316/459] SHRM
[10:11:40] [317/459] CGKD
[10:11:41] [318/459] EKCM
[10:11:42] [319/459] SDCX
[10:11:43] [320/459] SBTE
[10:11:43] [321/459] STKJ
[10:11:44] [322/459] TPCE
[10:11:45] [323/459] JTNP
[10:11:46] [324/459] LPCH
[10:11:46] [325/459] CPUO
[10:11:47] [326/459] APSU
[10:11:48] [327/459] RTHC
[10:11:49] [328/459] PTBU
[10:11:51] [329/459] CUCC
[10:11:51] [330/459] CPSA
[10:11:52] [331/459] SUAY
[10:11:53] [332/459] AYAA
[10:11:54] [333/459] MUCH
[10:11:55] [334/459] PCIN
[10:11:56] [335/459] JRRM
[10:11:56] [336/459] KATS
[10:11:57] [337/459] MHFF
[10:11:58] [338/459] ESYM
[10:11:59] [339/459] STYV
[10:12:00] [340/459] SDKG
[10:12:00] [341/459] SMTI
[10:12:01] [342/459] NYCS
[10:12:02] [343/459] MTBG
[10:12:04] [344/459] RHCA
[10:12:04] [345/459] PCKH
[10:12:05] [346/459] ARCR
[10:12:06] [347/459] NCMB
[10:12:07] [348/459] SHYC
[10:12:08] [349/459] LACK
[10:12:08] [350/459] MTCM
[10:12:09] [351/459] RRBN
[10:12:10] [352/459] MYDC
[10:12:10] [353/459] STCS
[10:12:11] [354/459] CONN
[10:12:12] [355/459] SIPS
[10:12:13] [356/459] SMMX
[10:12:14] [357/459] SCBY
[10:12:15] [358/459] SUAP
[10:12:16] [359/459] RSMK
[10:12:17] [360/459] STKP
[10:12:18] [361/459] CIPC
[10:12:19] [362/459] KKCI
[10:12:20] [363/459] CTNK
[10:12:21] [364/459] MMTZ
[10:12:22] [365/459] DCCO
[10:12:22] [366/459] VNMN
[10:12:23] [367/459] RLCN
[10:12:24] [368/459] CMMS
[10:12:25] [369/459] AYOU
[10:12:26] [370/459] SSCN
[10:12:26] [371/459] SMXN
[10:12:27] [372/459] ASSK
[10:12:28] [373/459] VCKM
[10:12:29] [374/459] PCPH
[10:12:30] [375/459] PADM
[10:12:31] [376/459] IESA
[10:12:31] [377/459] VCSP
[10:12:32] [378/459] AEST
[10:12:33] [379/459] VTNR
[10:12:34] [380/459] GTTA
[10:12:35] [381/459] CMMM
[10:12:36] [382/459] AHKT
[10:12:37] [383/459] SIJI
[10:12:38] [384/459] VCEI
[10:12:38] [385/459] SAKR
[10:12:40] [386/459] VSMT
[10:12:40] [387/459] SSCT
[10:12:41] [388/459] USTR
[10:12:42] [389/459] MTKT
[10:12:43] [390/459] TGMP
[10:12:44] [391/459] SIVC
[10:12:44] [392/459] KICT
[10:12:45] [393/459] DAMD
[10:12:47] [394/459] CNPT
[10:12:48] [395/459] RVTT
[10:12:49] [396/459] SNCM
[10:12:49] [397/459] GHTE
[10:12:50] [398/459] PPAM
[10:12:51] [399/459] PVAA
[10:12:52] [400/459] CPAO
[10:12:53] [401/459] HAMD
[10:12:54] [402/459] RCCA
[10:12:54] [403/459] MPCH
[10:12:55] [404/459] ARED
[10:12:56] [405/459] RRCV
[10:12:56] [406/459] MTRB
[10:12:57] [407/459] CKUA
[10:12:58] [408/459] ABMP
[10:12:59] [409/459] RCWA
[10:13:00] [410/459] CGAR
[10:13:01] [411/459] METH
[10:13:02] [412/459] WAGA
[10:13:03] [413/459] MCMA
[10:13:04] [414/459] CSMP
[10:13:05] [415/459] RCNK
[10:13:06] [416/459] PSTM
[10:13:07] [417/459] CSEP
[10:13:08] [418/459] AMGD
[10:13:09] [419/459] CSTE
[10:13:09] [420/459] CONS
[10:13:10] [421/459] APPX
[10:13:11] [422/459] MABC
[10:13:12] [423/459] CXST
[10:13:13] [424/459] MATN
[10:13:13] [425/459] MACZ
[10:13:14] [426/459] MASA
[10:13:15] [427/459] MBSX
[10:13:16] [428/459] CSST
[10:13:17] [429/459] APCL
[10:13:18] [430/459] CGOS
[10:13:19] [431/459] CPEC
[10:13:20] [432/459] MCCP
[10:13:21] [433/459] BSSO
[10:13:22] [434/459] SJKA
[10:13:23] [435/459] CGBO
[10:13:23] [436/459] MVSK
[10:13:24] [437/459] HVCA
[10:13:25] [438/459] NAMD
[10:13:26] [439/459] DEVI
[10:13:27] [440/459] SCSV
[10:13:27] [441/459] PSMA
[10:13:28] [442/459] CLDJ
[10:13:29] [443/459] NMAD
[10:13:30] [444/459] CGMO
[10:13:31] [445/459] MCNA
[10:13:31] [446/459] OCBN
[10:13:32] [447/459] CPEM
[10:13:33] [448/459] CPSM
[10:13:33] [449/459] RCAD
[10:13:34] [450/459] CPMU
[10:13:35] [451/459] DICD
[10:13:36] [452/459] CHOE
[10:13:36] [453/459] PDJM
[10:13:37] [454/459] SSTU
[10:13:39] [455/459] VNRN
[10:13:40] [456/459] PVLG
[10:13:40] [457/459] SWBL
[10:13:41] [458/459] SCAB
[10:13:42] [459/459] RDDA
[10:13:43] 🧹 Deduping shows
[10:13:43] ✅ DONE | Shows=231 | Movies=18
