[10:07:08] 🚀 SCRIPT STARTED
[10:07:08] [1/296] CDCA
[10:07:08] 🧠 New identity created
[10:07:09] [2/296] MNSR
[10:07:09] [3/296] CSSL
[10:07:10] [4/296] BGGM
[10:07:11] [5/296] MANT
[10:07:12] [6/296] SOOY
[10:07:13] [7/296] VPPK
[10:07:14] [8/296] MYHJ
[10:07:15] [9/296] KSCK
[10:07:16] [10/296] KATK
[10:07:16] [11/296] RTRT
[10:07:17] [12/296] SSTT
[10:07:18] [13/296] SSTV
[10:07:19] [14/296] LACM
[10:07:20] [15/296] SGMG
[10:07:20] [16/296] KACX
[10:07:21] [17/296] GVCP
[10:07:22] [18/296] CSNC
[10:07:23] [19/296] SXCB
[10:07:23] [20/296] BAHS
[10:07:24] [21/296] PCBI
[10:07:25] [22/296] PSSM
[10:07:27] [23/296] RCOK
[10:07:28] [24/296] SCPF
[10:07:28] [25/296] SSAS
[10:07:29] [26/296] EVMM
[10:07:30] [27/296] SYCB
[10:07:31] [28/296] GCKI
[10:07:32] [29/296] IAET
[10:07:32] [30/296] DDTD
[10:07:33] [31/296] GMDH
[10:07:34] [32/296] STLE
[10:07:35] [33/296] JTRA
[10:07:36] [34/296] RPPA
[10:07:37] [35/296] ARUT
[10:07:38] [36/296] JTVM
[10:07:39] [37/296] SWRH
[10:07:40] [38/296] DCPC
[10:07:40] [39/296] RAPR
[10:07:41] [40/296] GCRT
[10:07:42] [41/296] ATUN
[10:07:43] [42/296] LTRM
[10:07:44] [43/296] TASR
[10:07:45] [44/296] RLLC
[10:07:45] [45/296] MABI
[10:07:46] [46/296] SVHB
[10:07:47] [47/296] NVTB
[10:07:48] [48/296] KCKG
[10:07:49] [49/296] SSRN
[10:07:50] [50/296] VDDC
[10:07:50] [51/296] GKTK
[10:07:51] [52/296] YFSN
[10:07:52] [53/296] GCSG
[10:07:53] [54/296] ESSM
[10:07:54] [55/296] KRIH
[10:07:55] [56/296] GCDS
[10:07:56] [57/296] CCSH
[10:07:57] [58/296] ACSK
[10:07:58] [59/296] APRK
[10:07:59] [60/296] ADKM
[10:08:00] [61/296] SRDM
[10:08:01] [62/296] RMOG
[10:08:02] [63/296] SJMY
[10:08:03] [64/296] PGGC
[10:08:04] [65/296] INGM
[10:08:05] [66/296] LSCB
[10:08:05] [67/296] STAD
[10:08:06] [68/296] MCCR
[10:08:07] [69/296] ABCC
[10:08:08] [70/296] RKCC
[10:08:09] [71/296] RTCR
[10:08:10] [72/296] GGBC
[10:08:11] [73/296] GCSD
[10:08:12] [74/296] LPTY
[10:08:13] [75/296] MCFD
[10:08:14] [76/296] HENN
[10:08:15] [77/296] SMKU
[10:08:16] [78/296] TNZC
[10:08:16] [79/296] DRCD
[10:08:17] [80/296] DLCD
[10:08:18] [81/296] RCDA
[10:08:19] [82/296] COSM
[10:08:20] [83/296] MCMJ
[10:08:21] [84/296] CSTR
[10:08:22] [85/296] CVDK
[10:08:23] [86/296] INRR
[10:08:24] [87/296] RJRT
[10:08:25] [88/296] IRMR
[10:08:25] [89/296] SRCF
[10:08:26] [90/296] GRCR
[10:08:27] [91/296] SURC
[10:08:28] [92/296] NMNH
[10:08:29] [93/296] SVBL
[10:08:29] [94/296] KACI
[10:08:30] [95/296] TDGO
[10:08:31] [96/296] KTBR
[10:08:32] [97/296] PMAD
[10:08:33] [98/296] CCPN
[10:08:34] [99/296] SBTK
[10:08:34] [100/296] LMDK
[10:08:35] [101/296] PGDA
[10:08:36] [102/296] SRML
[10:08:37] [103/296] EVCK
[10:08:38] [104/296] RTTK
[10:08:38] [105/296] SRTU
[10:08:39] [106/296] VRSA
[10:08:40] [107/296] VARS
[10:08:42] [108/296] DSCZ
[10:08:42] [109/296] GAGA
[10:08:43] [110/296] SARV
[10:08:44] [111/296] SEEG
[10:08:45] [112/296] GLCA
[10:08:46] [113/296] APAS
[10:08:46] [114/296] VCIA
[10:08:47] [115/296] SJTA
[10:08:48] [116/296] SABM
[10:08:49] [117/296] PPAG
[10:08:49] [118/296] RVCA
[10:08:50] [119/296] CCIA
[10:08:51] [120/296] HTAG
[10:08:52] [121/296] SMBI
[10:08:53] [122/296] MCJR
[10:08:54] [123/296] CCJR
[10:08:54] [124/296] SINF
[10:08:55] [125/296] CPLX
[10:08:56] [126/296] KKTJ
[10:08:57] [127/296] GDBW
[10:08:58] [128/296] CSUB
[10:08:59] [129/296] DABA
[10:09:00] [130/296] TITR
[10:09:01] [131/296] NYCR
[10:09:02] [132/296] RTRY
[10:09:03] [133/296] JTJL
[10:09:04] [134/296] SJCP
[10:09:05] [135/296] KCCA
[10:09:05] [136/296] MLPG
[10:09:06] [137/296] VRCK
[10:09:07] [138/296] SRIN
[10:09:08] [139/296] CXMK
[10:09:09] [140/296] SKAD
[10:09:10] [141/296] AVTR
[10:09:11] [142/296] PTAJ
[10:09:12] [143/296] SCNK
[10:09:14] [144/296] STTI
[10:09:15] [145/296] KACR
[10:09:16] [146/296] SSDX
[10:09:16] [147/296] VRTJ
[10:09:17] [148/296] RAJD
[10:09:18] [149/296] SCIP
[10:09:19] [150/296] RJSL
[10:09:19] [151/296] ARRS
[10:09:20] [152/296] ASMS
[10:09:21] [153/296] RDTS
[10:09:22] [154/296] DVMY
[10:09:23] [155/296] RASA
[10:09:24] [156/296] INOM
[10:09:25] [157/296] SPRS
[10:09:26] [158/296] SGCS
[10:09:27] [159/296] SALM
[10:09:28] [160/296] PKHC
[10:09:29] [161/296] RCSV
[10:09:30] [162/296] CPKC
[10:09:31] [163/296] AACD
[10:09:32] [164/296] GGCV
[10:09:33] [165/296] SMKD
[10:09:34] [166/296] NBCH
[10:09:35] [167/296] AMCB
[10:09:36] [168/296] OPCN
[10:09:36] [169/296] DCIN
[10:09:37] [170/296] INGW
[10:09:39] [171/296] PKKW
[10:09:40] [172/296] FNGW
[10:09:41] [173/296] GCGD
[10:09:42] [174/296] MSTW
[10:09:42] [175/296] KCCG
[10:09:43] [176/296] MRSS
[10:09:44] [177/296] CLCF
[10:09:45] [178/296] EETS
[10:09:46] [179/296] AATR
[10:09:47] [180/296] CMMN
[10:09:48] [181/296] SCCJ
[10:09:50] [182/296] CDTK
[10:09:51] [183/296] AICP
[10:09:52] [184/296] FNBP
[10:09:52] [185/296] CBPB
[10:09:53] [186/296] CPAS
[10:09:55] [187/296] MAPM
[10:09:56] [188/296] PASD
[10:09:56] [189/296] JCMN
[10:09:57] [190/296] MALB
[10:09:58] [191/296] SACG
[10:09:59] [192/296] DDRX
[10:10:00] [193/296] DDXB
[10:10:01] [194/296] RAMC
[10:10:01] [195/296] SANC
[10:10:02] [196/296] BCBP
[10:10:03] [197/296] ALPC
[10:10:04] [198/296] RBAC
[10:10:05] [199/296] RAJL
[10:10:06] [200/296] MPDX
[10:10:07] [201/296] MUSC
[10:10:08] [202/296] VKMK
[10:10:08] [203/296] SKCG
[10:10:09] [204/296] ANCN
[10:10:10] [205/296] MMCJ
[10:10:11] [206/296] DCAK
[10:10:11] [207/296] SCKG
[10:10:12] [208/296] LMCK
[10:10:13] [209/296] CKKX
[10:10:14] [210/296] ANKU
[10:10:15] [211/296] CSMD
[10:10:15] [212/296] MKMP
[10:10:16] [213/296] SVBG
[10:10:18] [214/296] ROOP
[10:10:19] [215/296] GDMT
[10:10:20] [216/296] FPPF
[10:10:21] [217/296] SFUU
[10:10:21] [218/296] ANCB
[10:10:22] [219/296] SMMC
[10:10:23] [220/296] UGKT
[10:10:24] [221/296] JVRM
[10:10:25] [222/296] BATG
[10:10:26] [223/296] RATE
[10:10:27] [224/296] SKME
[10:10:28] [225/296] LMTP
[10:10:29] [226/296] TCBD
[10:10:30] [227/296] ESBD
[10:10:31] [228/296] GDCU
[10:10:33] [229/296] SNKT
[10:10:34] [230/296] SRNK
[10:10:34] [231/296] SMED
[10:10:35] [232/296] CSQS
[10:10:36] [233/296] ALCS
[10:10:37] [234/296] KCKN
[10:10:38] [235/296] VCCL
[10:10:39] [236/296] MCDA
[10:10:39] [237/296] SHMI
[10:10:41] [238/296] SKHA
[10:10:42] [239/296] SVFK
[10:10:43] [240/296] INVB
[10:10:44] [241/296] MELD
[10:10:44] [242/296] JTYS
[10:10:45] [243/296] INCM
[10:10:46] [244/296] MCDV
[10:10:47] [245/296] KSGK
[10:10:48] [246/296] ICMG
[10:10:49] [247/296] CSCV
[10:10:50] [248/296] STMD
[10:10:51] [249/296] STTR
[10:10:52] [250/296] INVC
[10:10:53] [251/296] JTBL
[10:10:54] [252/296] SRVV
[10:10:55] [253/296] MAVC
[10:10:56] [254/296] SRPP
[10:10:57] [255/296] JGDM
[10:10:57] [256/296] MBSJ
[10:10:58] [257/296] SSLL
[10:10:59] [258/296] SLKP
[10:11:00] [259/296] NSRV
[10:11:01] [260/296] UTDV
[10:11:01] [261/296] KICM
[10:11:02] [262/296] KCMD
[10:11:03] [263/296] TTPP
[10:11:04] [264/296] KMPV
[10:11:05] [265/296] SKTV
[10:11:06] [266/296] STCV
[10:11:06] [267/296] SRDA
[10:11:07] [268/296] JTSX
[10:11:08] [269/296] STBV
[10:11:09] [270/296] APVZ
[10:11:09] [271/296] GSTV
[10:11:10] [272/296] NMVS
[10:11:11] [273/296] SKRT
[10:11:12] [274/296] RMDV
[10:11:13] [275/296] RATG
[10:11:13] [276/296] SJYV
[10:11:14] [277/296] NDGP
[10:11:16] [278/296] SNDG
[10:11:17] [279/296] INSR
[10:11:18] [280/296] INSO
[10:11:19] [281/296] CCSI
[10:11:20] [282/296] RASM
[10:11:21] [283/296] NEWC
[10:11:22] [284/296] VSHL
[10:11:23] [285/296] BISW
[10:11:23] [286/296] GCNG
[10:11:24] [287/296] CWSC
[10:11:25] [288/296] SKAN
[10:11:26] [289/296] SEHP
[10:11:27] [290/296] CCOA
[10:11:28] [291/296] MCAJ
[10:11:29] [292/296] ACDE
[10:11:30] [293/296] AACM
[10:11:30] [294/296] JJCK
[10:11:31] [295/296] RCMO
[10:11:32] [296/296] GDAW
[10:11:33] 🧹 Deduping shows
[10:11:33] ✅ DONE | Shows=71 | Movies=11
[16:48:27] 🚀 SCRIPT STARTED
[16:48:27] [1/296] CDCA
[16:48:27] 🧠 New identity created
[16:48:28] [2/296] MNSR
[16:48:29] [3/296] CSSL
[16:48:29] [4/296] BGGM
[16:48:30] [5/296] MANT
[16:48:31] [6/296] SOOY
[16:48:32] [7/296] VPPK
[16:48:33] [8/296] MYHJ
[16:48:34] [9/296] KSCK
[16:48:35] [10/296] KATK
[16:48:35] [11/296] RTRT
[16:48:36] [12/296] SSTT
[16:48:37] [13/296] SSTV
[16:48:38] [14/296] LACM
[16:48:38] [15/296] SGMG
[16:48:39] [16/296] KACX
[16:48:40] [17/296] GVCP
[16:48:41] [18/296] CSNC
[16:48:42] [19/296] SXCB
[16:48:43] [20/296] BAHS
[16:48:45] [21/296] PCBI
[16:48:46] [22/296] PSSM
[16:48:46] [23/296] RCOK
[16:48:47] [24/296] SCPF
[16:48:48] [25/296] SSAS
[16:48:49] [26/296] EVMM
[16:48:50] [27/296] SYCB
[16:48:51] [28/296] GCKI
[16:48:52] [29/296] IAET
[16:48:53] [30/296] DDTD
[16:48:54] [31/296] GMDH
[16:48:56] [32/296] STLE
[16:48:58] [33/296] JTRA
[16:48:59] [34/296] RPPA
[16:49:00] [35/296] ARUT
[16:49:01] [36/296] JTVM
[16:49:02] [37/296] SWRH
[16:49:02] [38/296] DCPC
[16:49:03] [39/296] RAPR
[16:49:04] [40/296] GCRT
[16:49:05] [41/296] ATUN
[16:49:06] [42/296] LTRM
[16:49:07] [43/296] TASR
[16:49:08] [44/296] RLLC
[16:49:08] [45/296] MABI
[16:49:09] [46/296] SVHB
[16:49:10] [47/296] NVTB
[16:49:11] [48/296] KCKG
[16:49:12] [49/296] SSRN
[16:49:12] [50/296] VDDC
[16:49:13] [51/296] GKTK
[16:49:14] [52/296] YFSN
[16:49:15] [53/296] GCSG
[16:49:15] [54/296] ESSM
[16:49:16] [55/296] KRIH
[16:49:17] [56/296] GCDS
[16:49:18] [57/296] CCSH
[16:49:19] [58/296] ACSK
[16:49:20] [59/296] APRK
[16:49:21] [60/296] ADKM
[16:49:22] [61/296] SRDM
[16:49:23] [62/296] RMOG
[16:49:24] [63/296] SJMY
[16:49:25] [64/296] PGGC
[16:49:26] [65/296] INGM
[16:49:27] [66/296] LSCB
[16:49:27] [67/296] STAD
[16:49:28] [68/296] MCCR
[16:49:29] [69/296] ABCC
[16:49:30] [70/296] RKCC
[16:49:31] [71/296] RTCR
[16:49:31] [72/296] GGBC
[16:49:32] [73/296] GCSD
[16:49:33] [74/296] LPTY
[16:49:34] [75/296] MCFD
[16:49:35] [76/296] HENN
[16:49:36] [77/296] SMKU
[16:49:36] [78/296] TNZC
[16:49:37] [79/296] DRCD
[16:49:38] [80/296] DLCD
[16:49:39] [81/296] RCDA
[16:49:40] [82/296] COSM
[16:49:40] [83/296] MCMJ
[16:49:41] [84/296] CSTR
[16:49:42] [85/296] CVDK
[16:49:43] [86/296] INRR
[16:49:44] [87/296] RJRT
[16:49:45] [88/296] IRMR
[16:49:46] [89/296] SRCF
[16:49:46] [90/296] GRCR
[16:49:47] [91/296] SURC
[16:49:48] [92/296] NMNH
[16:49:49] [93/296] SVBL
[16:49:49] [94/296] KACI
[16:49:50] [95/296] TDGO
[16:49:51] [96/296] KTBR
[16:49:52] [97/296] PMAD
[16:49:52] [98/296] CCPN
[16:49:53] [99/296] SBTK
[16:49:54] [100/296] LMDK
[16:49:55] [101/296] PGDA
[16:49:56] [102/296] SRML
[16:49:56] [103/296] EVCK
[16:49:57] [104/296] RTTK
[16:49:58] [105/296] SRTU
[16:49:59] [106/296] VRSA
[16:50:00] [107/296] VARS
[16:50:00] [108/296] DSCZ
[16:50:02] [109/296] GAGA
[16:50:03] [110/296] SARV
[16:50:04] [111/296] SEEG
[16:50:05] [112/296] GLCA
[16:50:05] [113/296] APAS
[16:50:06] [114/296] VCIA
[16:50:07] [115/296] SJTA
[16:50:08] [116/296] SABM
[16:50:09] [117/296] PPAG
[16:50:09] [118/296] RVCA
[16:50:10] [119/296] CCIA
[16:50:11] [120/296] HTAG
[16:50:12] [121/296] SMBI
[16:50:13] [122/296] MCJR
[16:50:14] [123/296] CCJR
[16:50:15] [124/296] SINF
[16:50:17] [125/296] CPLX
[16:50:18] [126/296] KKTJ
[16:50:19] [127/296] GDBW
[16:50:20] [128/296] CSUB
[16:50:21] [129/296] DABA
[16:50:21] [130/296] TITR
[16:50:22] [131/296] NYCR
[16:50:23] [132/296] RTRY
[16:50:25] [133/296] JTJL
[16:50:26] [134/296] SJCP
[16:50:26] [135/296] KCCA
[16:50:27] [136/296] MLPG
[16:50:28] [137/296] VRCK
[16:50:29] [138/296] SRIN
[16:50:29] [139/296] CXMK
[16:50:30] [140/296] SKAD
[16:50:31] [141/296] AVTR
[16:50:32] [142/296] PTAJ
[16:50:33] [143/296] SCNK
[16:50:34] [144/296] STTI
[16:50:34] [145/296] KACR
[16:50:35] [146/296] SSDX
[16:50:36] [147/296] VRTJ
[16:50:38] [148/296] RAJD
[16:50:39] [149/296] SCIP
[16:50:40] [150/296] RJSL
[16:50:41] [151/296] ARRS
[16:50:42] [152/296] ASMS
[16:50:43] [153/296] RDTS
[16:50:44] [154/296] DVMY
[16:50:45] [155/296] RASA
[16:50:46] [156/296] INOM
[16:50:47] [157/296] SPRS
[16:50:48] [158/296] SGCS
[16:50:48] [159/296] SALM
[16:50:49] [160/296] PKHC
[16:50:50] [161/296] RCSV
[16:50:51] [162/296] CPKC
[16:50:52] [163/296] AACD
[16:50:52] [164/296] GGCV
[16:50:53] [165/296] SMKD
[16:50:54] [166/296] NBCH
[16:50:55] [167/296] AMCB
[16:50:56] [168/296] OPCN
[16:50:58] [169/296] DCIN
[16:50:58] [170/296] INGW
[16:50:59] [171/296] PKKW
[16:51:00] [172/296] FNGW
[16:51:01] [173/296] GCGD
[16:51:03] [174/296] MSTW
[16:51:03] [175/296] KCCG
[16:51:05] [176/296] MRSS
[16:51:06] [177/296] CLCF
[16:51:07] [178/296] EETS
[16:51:07] [179/296] AATR
[16:51:09] [180/296] CMMN
[16:51:11] [181/296] SCCJ
[16:51:12] [182/296] CDTK
[16:51:12] [183/296] AICP
[16:51:13] [184/296] FNBP
[16:51:14] [185/296] CBPB
[16:51:15] [186/296] CPAS
[16:51:16] [187/296] MAPM
[16:51:17] [188/296] PASD
[16:51:17] [189/296] JCMN
[16:51:18] [190/296] MALB
[16:51:20] [191/296] SACG
[16:51:21] [192/296] DDRX
[16:51:22] [193/296] DDXB
[16:51:23] [194/296] RAMC
[16:51:24] [195/296] SANC
[16:51:26] [196/296] BCBP
[16:51:26] [197/296] ALPC
[16:51:27] [198/296] RBAC
[16:51:28] [199/296] RAJL
[16:51:29] [200/296] MPDX
[16:51:30] [201/296] MUSC
[16:51:31] [202/296] VKMK
[16:51:31] [203/296] SKCG
[16:51:32] [204/296] ANCN
[16:51:33] [205/296] MMCJ
[16:51:34] [206/296] DCAK
[16:51:35] [207/296] SCKG
[16:51:35] [208/296] LMCK
[16:51:36] [209/296] CKKX
[16:51:37] [210/296] ANKU
[16:51:38] [211/296] CSMD
[16:51:39] [212/296] MKMP
[16:51:39] [213/296] SVBG
[16:51:40] [214/296] ROOP
[16:51:41] [215/296] GDMT
[16:51:42] [216/296] FPPF
[16:51:43] [217/296] SFUU
[16:51:43] [218/296] ANCB
[16:51:44] [219/296] SMMC
[16:51:45] [220/296] UGKT
[16:51:46] [221/296] JVRM
[16:51:47] [222/296] BATG
[16:51:47] [223/296] RATE
[16:51:48] [224/296] SKME
[16:51:50] [225/296] LMTP
[16:51:51] [226/296] TCBD
[16:51:52] [227/296] ESBD
[16:51:53] [228/296] GDCU
[16:51:54] [229/296] SNKT
[16:51:55] [230/296] SRNK
[16:51:55] [231/296] SMED
[16:51:56] [232/296] CSQS
[16:51:57] [233/296] ALCS
[16:51:58] [234/296] KCKN
[16:51:58] [235/296] VCCL
[16:52:00] [236/296] MCDA
[16:52:01] [237/296] SHMI
[16:52:02] [238/296] SKHA
[16:52:03] [239/296] SVFK
[16:52:03] [240/296] INVB
[16:52:04] [241/296] MELD
[16:52:05] [242/296] JTYS
[16:52:05] [243/296] INCM
[16:52:06] [244/296] MCDV
[16:52:07] [245/296] KSGK
[16:52:08] [246/296] ICMG
[16:52:09] [247/296] CSCV
[16:52:10] [248/296] STMD
[16:52:11] [249/296] STTR
[16:52:12] [250/296] INVC
[16:52:14] [251/296] JTBL
[16:52:15] [252/296] SRVV
[16:52:16] [253/296] MAVC
[16:52:17] [254/296] SRPP
[16:52:18] [255/296] JGDM
[16:52:19] [256/296] MBSJ
[16:52:19] [257/296] SSLL
[16:52:20] [258/296] SLKP
[16:52:21] [259/296] NSRV
[16:52:22] [260/296] UTDV
[16:52:22] [261/296] KICM
[16:52:23] [262/296] KCMD
[16:52:24] [263/296] TTPP
[16:52:25] [264/296] KMPV
[16:52:26] [265/296] SKTV
[16:52:27] [266/296] STCV
[16:52:27] [267/296] SRDA
[16:52:28] [268/296] JTSX
[16:52:30] [269/296] STBV
[16:52:32] [270/296] APVZ
[16:52:33] [271/296] GSTV
[16:52:33] [272/296] NMVS
[16:52:34] [273/296] SKRT
[16:52:35] [274/296] RMDV
[16:52:37] [275/296] RATG
[16:52:38] [276/296] SJYV
[16:52:39] [277/296] NDGP
[16:52:40] [278/296] SNDG
[16:52:41] [279/296] INSR
[16:52:42] [280/296] INSO
[16:52:43] [281/296] CCSI
[16:52:44] [282/296] RASM
[16:52:45] [283/296] NEWC
[16:52:46] [284/296] VSHL
[16:52:47] [285/296] BISW
[16:52:48] [286/296] GCNG
[16:52:49] [287/296] CWSC
[16:52:50] [288/296] SKAN
[16:52:51] [289/296] SEHP
[16:52:51] [290/296] CCOA
[16:52:53] [291/296] MCAJ
[16:52:54] [292/296] ACDE
[16:52:55] [293/296] AACM
[16:52:55] [294/296] JJCK
[16:52:56] [295/296] RCMO
[16:52:57] [296/296] GDAW
[16:52:58] 🧹 Deduping shows
[16:52:58] ✅ DONE | Shows=160 | Movies=22
