[10:02:14] 🚀 SCRIPT STARTED
[10:02:14] [1/459] FNDB
[10:02:14] 🧠 New identity created
[10:02:15] [2/459] AMBH
[10:02:16] [3/459] PRHN
[10:02:17] [4/459] ACPM
[10:02:18] [5/459] PVFS
[10:02:18] [6/459] AACN
[10:02:19] [7/459] ACAS
[10:02:20] [8/459] CTNR
[10:02:21] [9/459] MMAH
[10:02:22] [10/459] CPMH
[10:02:23] [11/459] IGMH
[10:02:24] [12/459] ABCS
[10:02:25] [13/459] CMMA
[10:02:26] [14/459] GPRH
[10:02:27] [15/459] PNNG
[10:02:28] [16/459] AMCA
[10:02:29] [17/459] ISTN
[10:02:30] [18/459] PIIC
[10:02:31] [19/459] AHMH
[10:02:32] [20/459] ASHN
[10:02:33] [21/459] INHY
[10:02:34] [22/459] SRMO
[10:02:34] [23/459] PIMH
[10:02:35] [24/459] PVTS
[10:02:36] [25/459] MMCA
[10:02:37] [26/459] AKYJ
[10:02:38] [27/459] BRKH
[10:02:39] [28/459] MAHM
[10:02:39] [29/459] CPHY
[10:02:40] [30/459] PVTP
[10:02:41] [31/459] SMMR
[10:02:42] [32/459] PVHM
[10:02:43] [33/459] SNDY
[10:02:44] [34/459] GOKU
[10:02:46] [35/459] ACEV
[10:02:46] [36/459] PVUM
[10:02:47] [37/459] VSWA
[10:02:48] [38/459] IPRS
[10:02:49] [39/459] ASGN
[10:02:51] [40/459] BKMV
[10:02:51] [41/459] PVYH
[10:02:52] [42/459] INKM
[10:02:53] [43/459] ARJU
[10:02:54] [44/459] JJPP
[10:02:55] [45/459] SSRM
[10:02:56] [46/459] HMHD
[10:02:57] [47/459] SNKH
[10:02:57] [48/459] ACHI
[10:02:58] [49/459] MRAA
[10:02:59] [50/459] INMH
[10:03:00] [51/459] ARMH
[10:03:01] [52/459] DVRR
[10:03:02] [53/459] SUDA
[10:03:02] [54/459] MCSS
[10:03:03] [55/459] VRKC
[10:03:04] [56/459] PRCX
[10:03:05] [57/459] ASJY
[10:03:06] [58/459] MTHY
[10:03:07] [59/459] SRCM
[10:03:08] [60/459] TVHY
[10:03:09] [61/459] STHD
[10:03:09] [62/459] CPCL
[10:03:10] [63/459] PSMJ
[10:03:11] [64/459] MRGT
[10:03:12] [65/459] ARYH
[10:03:14] [66/459] VTRB
[10:03:15] [67/459] SCHC
[10:03:15] [68/459] MRRG
[10:03:16] [69/459] SPCB
[10:03:17] [70/459] AMCM
[10:03:18] [71/459] IVNM
[10:03:19] [72/459] TRHY
[10:03:19] [73/459] PTTH
[10:03:20] [74/459] RKMH
[10:03:21] [75/459] PRCS
[10:03:22] [76/459] VAJA
[10:03:23] [77/459] BJNG
[10:03:24] [78/459] SCVM
[10:03:24] [79/459] GNHB
[10:03:25] [80/459] TLUR
[10:03:27] [81/459] UKCC
[10:03:28] [82/459] SRKR
[10:03:28] [83/459] RMKN
[10:03:29] [84/459] SLRT
[10:03:30] [85/459] LKMT
[10:03:31] [86/459] SSRJ
[10:03:31] [87/459] SPHT
[10:03:32] [88/459] ANTT
[10:03:33] [89/459] SRCH
[10:03:34] [90/459] SRCA
[10:03:35] [91/459] ARTH
[10:03:36] [92/459] MCBH
[10:03:37] [93/459] SNIB
[10:03:38] [94/459] SART
[10:03:38] [95/459] SKTA
[10:03:39] [96/459] YAKT
[10:03:40] [97/459] MLCK
[10:03:41] [98/459] ANTS
[10:03:42] [99/459] DGCA
[10:03:43] [100/459] SGMP
[10:03:43] [101/459] ASWN
[10:03:44] [102/459] KFVU
[10:03:45] [103/459] POOR
[10:03:46] [104/459] GKDN
[10:03:47] [105/459] EOSE
[10:03:48] [106/459] GTTT
[10:03:48] [107/459] ARRO
[10:03:50] [108/459] CMMK
[10:03:50] [109/459] MSCN
[10:03:51] [110/459] GDKH
[10:03:52] [111/459] DLMT
[10:03:52] [112/459] PVMF
[10:03:53] [113/459] CPCK
[10:03:54] [114/459] VMHE
[10:03:55] [115/459] PVLC
[10:03:55] [116/459] PCVB
[10:03:56] [117/459] SNYK
[10:03:57] [118/459] KTEK
[10:03:58] [119/459] PCNM
[10:04:00] [120/459] NTTR
[10:04:00] [121/459] CPSK
[10:04:02] [122/459] JMMA
[10:04:03] [123/459] GCFK
[10:04:04] [124/459] MYCA
[10:04:05] [125/459] KSNP
[10:04:07] [126/459] PMCE
[10:04:08] [127/459] SCKI
[10:04:08] [128/459] FSMA
[10:04:10] [129/459] CETA
[10:04:11] [130/459] MCIK
[10:04:12] [131/459] MYCR
[10:04:13] [132/459] EVMP
[10:04:14] [133/459] SSGT
[10:04:15] [134/459] KCTK
[10:04:15] [135/459] ZTKC
[10:04:16] [136/459] MMTA
[10:04:17] [137/459] MAJT
[10:04:19] [138/459] ACPK
[10:04:20] [139/459] JMAX
[10:04:21] [140/459] SETK
[10:04:21] [141/459] CAIS
[10:04:22] [142/459] AGCD
[10:04:23] [143/459] URCL
[10:04:24] [144/459] VTDS
[10:04:25] [145/459] JCNM
[10:04:25] [146/459] KCAM
[10:04:27] [147/459] ADCU
[10:04:28] [148/459] GXYN
[10:04:29] [149/459] SMJG
[10:04:30] [150/459] EYCJ
[10:04:31] [151/459] CCEJ
[10:04:31] [152/459] MARS
[10:04:32] [153/459] CPVJ
[10:04:33] [154/459] INVP
[10:04:34] [155/459] CPOV
[10:04:35] [156/459] VIJK
[10:04:36] [157/459] LAIM
[10:04:36] [158/459] STHV
[10:04:37] [159/459] SVLJ
[10:04:38] [160/459] ATVJ
[10:04:39] [161/459] JTSC
[10:04:39] [162/459] RMTV
[10:04:40] [163/459] MGGG
[10:04:41] [164/459] SWTH
[10:04:42] [165/459] INVJ
[10:04:43] [166/459] PRSV
[10:04:44] [167/459] JATV
[10:04:44] [168/459] RCVD
[10:04:45] [169/459] BDMA
[10:04:46] [170/459] BLJI
[10:04:47] [171/459] SWOT
[10:04:48] [172/459] SWRN
[10:04:49] [173/459] TVRA
[10:04:50] [174/459] VCSV
[10:04:50] [175/459] NVRN
[10:04:52] [176/459] SIKC
[10:04:53] [177/459] VAKR
[10:04:54] [178/459] SYLN
[10:04:54] [179/459] KLJL
[10:04:55] [180/459] LKMY
[10:04:56] [181/459] VSLY
[10:04:57] [182/459] CIKO
[10:04:58] [183/459] GPBG
[10:04:58] [184/459] CECM
[10:04:59] [185/459] SLKB
[10:05:00] [186/459] MTBO
[10:05:01] [187/459] SSHB
[10:05:02] [188/459] VPCS
[10:05:02] [189/459] RCSR
[10:05:03] [190/459] RJRM
[10:05:04] [191/459] KPPB
[10:05:05] [192/459] SEDC
[10:05:06] [193/459] SCAI
[10:05:06] [194/459] RMTR
[10:05:07] [195/459] ASST
[10:05:08] [196/459] GCAK
[10:05:09] [197/459] ANNK
[10:05:10] [198/459] KDDF
[10:05:11] [199/459] NRDP
[10:05:11] [200/459] PLAK
[10:05:12] [201/459] GCMC
[10:05:14] [202/459] ALPY
[10:05:15] [203/459] SICE
[10:05:16] [204/459] SISR
[10:05:17] [205/459] SRPZ
[10:05:17] [206/459] SRSW
[10:05:18] [207/459] SUYA
[10:05:19] [208/459] AMMT
[10:05:20] [209/459] BHCU
[10:05:20] [210/459] KLPA
[10:05:21] [211/459] NVKH
[10:05:22] [212/459] JMRC
[10:05:23] [213/459] KTTT
[10:05:24] [214/459] MAGH
[10:05:25] [215/459] MMMX
[10:05:26] [216/459] SALJ
[10:05:26] [217/459] GTJA
[10:05:28] [218/459] MAHT
[10:05:29] [219/459] SSNN
[10:05:30] [220/459] ARRP
[10:05:31] [221/459] ATNS
[10:05:32] [222/459] SKDT
[10:05:33] [223/459] ACAT
[10:05:35] [224/459] APRC
[10:05:36] [225/459] SWAG
[10:05:36] [226/459] SDPT
[10:05:37] [227/459] STPS
[10:05:38] [228/459] WWCZ
[10:05:39] [229/459] LLCH
[10:05:40] [230/459] MZHA
[10:05:40] [231/459] CRJG
[10:05:41] [232/459] JGTK
[10:05:42] [233/459] KCSR
[10:05:43] [234/459] CHTL
[10:05:44] [235/459] EDSR
[10:05:45] [236/459] CSWO
[10:05:46] [237/459] CPVM
[10:05:47] [238/459] MXBY
[10:05:48] [239/459] FMMA
[10:05:49] [240/459] POVI
[10:05:50] [241/459] MTHB
[10:05:50] [242/459] INRC
[10:05:51] [243/459] PIPP
[10:05:52] [244/459] BMXC
[10:05:53] [245/459] PCMM
[10:05:55] [246/459] PMKM
[10:05:55] [247/459] GATY
[10:05:56] [248/459] IMCM
[10:05:57] [249/459] POPE
[10:05:58] [250/459] MTCR
[10:05:58] [251/459] PVAE
[10:05:59] [252/459] PVMI
[10:06:00] [253/459] CPNM
[10:06:01] [254/459] FMRL
[10:06:02] [255/459] MCIW
[10:06:03] [256/459] MXBO
[10:06:04] [257/459] FMKY
[10:06:04] [258/459] FMDA
[10:06:05] [259/459] THAB
[10:06:06] [260/459] PRCW
[10:06:07] [261/459] PITI
[10:06:08] [262/459] MCFF
[10:06:09] [263/459] PDDV
[10:06:10] [264/459] MCRM
[10:06:12] [265/459] KKMB
[10:06:12] [266/459] INKO
[10:06:13] [267/459] PLXP
[10:06:14] [268/459] MMHA
[10:06:15] [269/459] FMVS
[10:06:16] [270/459] POLM
[10:06:17] [271/459] STER
[10:06:18] [272/459] PVWJ
[10:06:20] [273/459] IMJW
[10:06:20] [274/459] FNAN
[10:06:21] [275/459] CAGL
[10:06:22] [276/459] IPBG
[10:06:23] [277/459] SMFV
[10:06:24] [278/459] MMMR
[10:06:25] [279/459] MMWM
[10:06:26] [280/459] FNCM
[10:06:27] [281/459] MDVA
[10:06:28] [282/459] MMET
[10:06:28] [283/459] MIDO
[10:06:29] [284/459] INNP
[10:06:30] [285/459] MIFU
[10:06:31] [286/459] MMSZ
[10:06:32] [287/459] BMXA
[10:06:33] [288/459] MCAA
[10:06:33] [289/459] SCVP
[10:06:34] [290/459] PLUS
[10:06:35] [291/459] MUCK
[10:06:37] [292/459] MTMA
[10:06:37] [293/459] HPVR
[10:06:39] [294/459] PMPK
[10:06:40] [295/459] MAJB
[10:06:41] [296/459] CTRR
[10:06:42] [297/459] MCTG
[10:06:42] [298/459] MACE
[10:06:43] [299/459] AAAS
[10:06:44] [300/459] CPVV
[10:06:45] [301/459] RCHG
[10:06:46] [302/459] MCNE
[10:06:47] [303/459] EMNC
[10:06:48] [304/459] MCAN
[10:06:48] [305/459] TCDM
[10:06:49] [306/459] IRGT
[10:06:51] [307/459] GCMG
[10:06:52] [308/459] MXSN
[10:06:53] [309/459] MXCK
[10:06:54] [310/459] MCRC
[10:06:55] [311/459] RSMI
[10:06:56] [312/459] WAML
[10:06:57] [313/459] MTSC
[10:06:57] [314/459] FMDR
[10:06:58] [315/459] LEPV
[10:06:59] [316/459] MTGD
[10:07:00] [317/459] IMOB
[10:07:00] [318/459] CLMM
[10:07:01] [319/459] PZCD
[10:07:02] [320/459] GOCS
[10:07:03] [321/459] KCMA
[10:07:04] [322/459] CCMP
[10:07:05] [323/459] MTSU
[10:07:05] [324/459] SNGL
[10:07:06] [325/459] MMMC
[10:07:07] [326/459] MMAA
[10:07:08] [327/459] GCDM
[10:07:09] [328/459] KTMV
[10:07:10] [329/459] AETE
[10:07:11] [330/459] OMCS
[10:07:12] [331/459] GDCD
[10:07:12] [332/459] NYMD
[10:07:13] [333/459] RNCV
[10:07:14] [334/459] KKMT
[10:07:15] [335/459] GDTH
[10:07:16] [336/459] KMMV
[10:07:17] [337/459] NHCG
[10:07:17] [338/459] PJDW
[10:07:18] [339/459] MMCV
[10:07:19] [340/459] FQSA
[10:07:20] [341/459] KURL
[10:07:21] [342/459] NNNX
[10:07:21] [343/459] AMAU
[10:07:22] [344/459] VVVM
[10:07:23] [345/459] VECU
[10:07:24] [346/459] WCVR
[10:07:25] [347/459] MTGG
[10:07:25] [348/459] SGTG
[10:07:26] [349/459] MNTG
[10:07:27] [350/459] JDDG
[10:07:28] [351/459] MBTK
[10:07:29] [352/459] SGCD
[10:07:30] [353/459] MCTC
[10:07:30] [354/459] JTPC
[10:07:31] [355/459] SDKT
[10:07:32] [356/459] KRCC
[10:07:33] [357/459] RMMD
[10:07:34] [358/459] AAME
[10:07:35] [359/459] TMWC
[10:07:36] [360/459] NRWY
[10:07:37] [361/459] CITD
[10:07:37] [362/459] VERD
[10:07:38] [363/459] MKSK
[10:07:39] [364/459] STSM
[10:07:40] [365/459] MJDG
[10:07:41] [366/459] RKPM
[10:07:42] [367/459] SSCE
[10:07:43] [368/459] VMAE
[10:07:43] [369/459] SBRU
[10:07:44] [370/459] AMBC
[10:07:45] [371/459] AMLU
[10:07:46] [372/459] INVZ
[10:07:47] [373/459] LGTV
[10:07:47] [374/459] SVAD
[10:07:48] [375/459] SMSA
[10:07:49] [376/459] SPCZ
[10:07:50] [377/459] GTCX
[10:07:51] [378/459] SCSL
[10:07:51] [379/459] SAHU
[10:07:52] [380/459] NCDA
[10:07:53] [381/459] SCCG
[10:07:54] [382/459] VKTL
[10:07:54] [383/459] PUUJ
[10:07:55] [384/459] STEJ
[10:07:56] [385/459] RJAL
[10:07:57] [386/459] ACJC
[10:07:57] [387/459] VTHC
[10:07:58] [388/459] ARVB
[10:07:59] [389/459] AUBB
[10:08:00] [390/459] GDBR
[10:08:01] [391/459] PVND
[10:08:02] [392/459] BGRJ
[10:08:03] [393/459] RJMM
[10:08:04] [394/459] MCSA
[10:08:05] [395/459] BODA
[10:08:06] [396/459] JAGG
[10:08:06] [397/459] SCGA
[10:08:07] [398/459] LRCM
[10:08:08] [399/459] CPCN
[10:08:09] [400/459] SSTF
[10:08:10] [401/459] SRXP
[10:08:11] [402/459] CNFX
[10:08:12] [403/459] ANDI
[10:08:13] [404/459] SYEW
[10:08:13] [405/459] RCRE
[10:08:14] [406/459] SCRW
[10:08:15] [407/459] MBKR
[10:08:16] [408/459] ASNT
[10:08:17] [409/459] JTMT
[10:08:18] [410/459] SHAY
[10:08:19] [411/459] VRTH
[10:08:19] [412/459] SPTI
[10:08:20] [413/459] DPTD
[10:08:21] [414/459] TGSN
[10:08:22] [415/459] RCWV
[10:08:23] [416/459] OCUR
[10:08:23] [417/459] KSTC
[10:08:24] [418/459] SANI
[10:08:25] [419/459] MLCA
[10:08:26] [420/459] EGCA
[10:08:27] [421/459] SYSN
[10:08:28] [422/459] PKTA
[10:08:29] [423/459] PRCC
[10:08:30] [424/459] KSTR
[10:08:30] [425/459] SNTP
[10:08:31] [426/459] RCHA
[10:08:32] [427/459] SEEA
[10:08:33] [428/459] ALAT
[10:08:35] [429/459] AATV
[10:08:35] [430/459] RJTE
[10:08:36] [431/459] AAPP
[10:08:37] [432/459] PMMH
[10:08:38] [433/459] INRJ
[10:08:39] [434/459] SARB
[10:08:40] [435/459] PCJL
[10:08:41] [436/459] PFJJ
[10:08:41] [437/459] GRDC
[10:08:42] [438/459] BCBA
[10:08:43] [439/459] VIXL
[10:08:44] [440/459] CSTL
[10:08:45] [441/459] MTDK
[10:08:46] [442/459] TDAC
[10:08:46] [443/459] GTDN
[10:08:47] [444/459] TTDE
[10:08:48] [445/459] ASTS
[10:08:49] [446/459] CPNS
[10:08:50] [447/459] PVVW
[10:08:51] [448/459] USEB
[10:08:52] [449/459] DTYN
[10:08:52] [450/459] PVLE
[10:08:53] [451/459] CIPS
[10:08:54] [452/459] PAEG
[10:08:55] [453/459] PTCW
[10:08:56] [454/459] G3SR
[10:08:56] [455/459] PGND
[10:08:57] [456/459] INVM
[10:08:58] [457/459] SPIA
[10:08:59] [458/459] PCSN
[10:09:00] [459/459] PPGV
[10:09:01] 🧹 Deduping shows
[10:09:01] ✅ DONE | Shows=476 | Movies=40
[16:46:28] 🚀 SCRIPT STARTED
[16:46:28] [1/459] FNDB
[16:46:28] 🧠 New identity created
[16:46:30] [2/459] AMBH
[16:46:30] [3/459] PRHN
[16:46:31] [4/459] ACPM
[16:46:32] [5/459] PVFS
[16:46:33] [6/459] AACN
[16:46:34] [7/459] ACAS
[16:46:35] [8/459] CTNR
[16:46:36] [9/459] MMAH
[16:46:37] [10/459] CPMH
[16:46:38] [11/459] IGMH
[16:46:38] [12/459] ABCS
[16:46:39] [13/459] CMMA
[16:46:40] [14/459] GPRH
[16:46:41] [15/459] PNNG
[16:46:42] [16/459] AMCA
[16:46:42] [17/459] ISTN
[16:46:43] [18/459] PIIC
[16:46:44] [19/459] AHMH
[16:46:45] [20/459] ASHN
[16:46:45] [21/459] INHY
[16:46:46] [22/459] SRMO
[16:46:47] [23/459] PIMH
[16:46:48] [24/459] PVTS
[16:46:49] [25/459] MMCA
[16:46:49] [26/459] AKYJ
[16:46:50] [27/459] BRKH
[16:46:51] [28/459] MAHM
[16:46:52] [29/459] CPHY
[16:46:52] [30/459] PVTP
[16:46:53] [31/459] SMMR
[16:46:54] [32/459] PVHM
[16:46:55] [33/459] SNDY
[16:46:56] [34/459] GOKU
[16:46:56] [35/459] ACEV
[16:46:57] [36/459] PVUM
[16:46:58] [37/459] VSWA
[16:46:59] [38/459] IPRS
[16:47:00] [39/459] ASGN
[16:47:01] [40/459] BKMV
[16:47:02] [41/459] PVYH
[16:47:02] [42/459] INKM
[16:47:04] [43/459] ARJU
[16:47:05] [44/459] JJPP
[16:47:06] [45/459] SSRM
[16:47:07] [46/459] HMHD
[16:47:08] [47/459] SNKH
[16:47:08] [48/459] ACHI
[16:47:09] [49/459] MRAA
[16:47:10] [50/459] INMH
[16:47:11] [51/459] ARMH
[16:47:12] [52/459] DVRR
[16:47:12] [53/459] SUDA
[16:47:13] [54/459] MCSS
[16:47:15] [55/459] VRKC
[16:47:16] [56/459] PRCX
[16:47:18] [57/459] ASJY
[16:47:18] [58/459] MTHY
[16:47:19] [59/459] SRCM
[16:47:20] [60/459] TVHY
[16:47:21] [61/459] STHD
[16:47:22] [62/459] CPCL
[16:47:23] [63/459] PSMJ
[16:47:24] [64/459] MRGT
[16:47:25] [65/459] ARYH
[16:47:26] [66/459] VTRB
[16:47:27] [67/459] SCHC
[16:47:28] [68/459] MRRG
[16:47:28] [69/459] SPCB
[16:47:29] [70/459] AMCM
[16:47:30] [71/459] IVNM
[16:47:31] [72/459] TRHY
[16:47:32] [73/459] PTTH
[16:47:33] [74/459] RKMH
[16:47:34] [75/459] PRCS
[16:47:35] [76/459] VAJA
[16:47:36] [77/459] BJNG
[16:47:37] [78/459] SCVM
[16:47:38] [79/459] GNHB
[16:47:38] [80/459] TLUR
[16:47:40] [81/459] UKCC
[16:47:41] [82/459] SRKR
[16:47:42] [83/459] RMKN
[16:47:43] [84/459] SLRT
[16:47:43] [85/459] LKMT
[16:47:44] [86/459] SSRJ
[16:47:45] [87/459] SPHT
[16:47:46] [88/459] ANTT
[16:47:47] [89/459] SRCH
[16:47:47] [90/459] SRCA
[16:47:48] [91/459] ARTH
[16:47:49] [92/459] MCBH
[16:47:50] [93/459] SNIB
[16:47:50] [94/459] SART
[16:47:51] [95/459] SKTA
[16:47:52] [96/459] YAKT
[16:47:53] [97/459] MLCK
[16:47:54] [98/459] ANTS
[16:47:55] [99/459] DGCA
[16:47:56] [100/459] SGMP
[16:47:57] [101/459] ASWN
[16:47:58] [102/459] KFVU
[16:47:59] [103/459] POOR
[16:47:59] [104/459] GKDN
[16:48:00] [105/459] EOSE
[16:48:01] [106/459] GTTT
[16:48:02] [107/459] ARRO
[16:48:03] [108/459] CMMK
[16:48:04] [109/459] MSCN
[16:48:05] [110/459] GDKH
[16:48:06] [111/459] DLMT
[16:48:07] [112/459] PVMF
[16:48:07] [113/459] CPCK
[16:48:08] [114/459] VMHE
[16:48:09] [115/459] PVLC
[16:48:10] [116/459] PCVB
[16:48:11] [117/459] SNYK
[16:48:12] [118/459] KTEK
[16:48:13] [119/459] PCNM
[16:48:14] [120/459] NTTR
[16:48:15] [121/459] CPSK
[16:48:16] [122/459] JMMA
[16:48:16] [123/459] GCFK
[16:48:17] [124/459] MYCA
[16:48:18] [125/459] KSNP
[16:48:20] [126/459] PMCE
[16:48:20] [127/459] SCKI
[16:48:22] [128/459] FSMA
[16:48:22] [129/459] CETA
[16:48:23] [130/459] MCIK
[16:48:24] [131/459] MYCR
[16:48:26] [132/459] EVMP
[16:48:26] [133/459] SSGT
[16:48:28] [134/459] KCTK
[16:48:29] [135/459] ZTKC
[16:48:30] [136/459] MMTA
[16:48:31] [137/459] MAJT
[16:48:32] [138/459] ACPK
[16:48:32] [139/459] JMAX
[16:48:33] [140/459] SETK
[16:48:34] [141/459] CAIS
[16:48:35] [142/459] AGCD
[16:48:36] [143/459] URCL
[16:48:37] [144/459] VTDS
[16:48:38] [145/459] JCNM
[16:48:39] [146/459] KCAM
[16:48:40] [147/459] ADCU
[16:48:41] [148/459] GXYN
[16:48:42] [149/459] SMJG
[16:48:43] [150/459] EYCJ
[16:48:44] [151/459] CCEJ
[16:48:45] [152/459] MARS
[16:48:46] [153/459] CPVJ
[16:48:46] [154/459] INVP
[16:48:47] [155/459] CPOV
[16:48:49] [156/459] VIJK
[16:48:50] [157/459] LAIM
[16:48:50] [158/459] STHV
[16:48:51] [159/459] SVLJ
[16:48:52] [160/459] ATVJ
[16:48:53] [161/459] JTSC
[16:48:53] [162/459] RMTV
[16:48:54] [163/459] MGGG
[16:48:55] [164/459] SWTH
[16:48:56] [165/459] INVJ
[16:48:57] [166/459] PRSV
[16:48:58] [167/459] JATV
[16:48:58] [168/459] RCVD
[16:48:59] [169/459] BDMA
[16:49:00] [170/459] BLJI
[16:49:01] [171/459] SWOT
[16:49:02] [172/459] SWRN
[16:49:02] [173/459] TVRA
[16:49:03] [174/459] VCSV
[16:49:04] [175/459] NVRN
[16:49:05] [176/459] SIKC
[16:49:06] [177/459] VAKR
[16:49:07] [178/459] SYLN
[16:49:08] [179/459] KLJL
[16:49:08] [180/459] LKMY
[16:49:09] [181/459] VSLY
[16:49:10] [182/459] CIKO
[16:49:11] [183/459] GPBG
[16:49:11] [184/459] CECM
[16:49:12] [185/459] SLKB
[16:49:13] [186/459] MTBO
[16:49:14] [187/459] SSHB
[16:49:15] [188/459] VPCS
[16:49:16] [189/459] RCSR
[16:49:17] [190/459] RJRM
[16:49:18] [191/459] KPPB
[16:49:18] [192/459] SEDC
[16:49:19] [193/459] SCAI
[16:49:20] [194/459] RMTR
[16:49:21] [195/459] ASST
[16:49:22] [196/459] GCAK
[16:49:23] [197/459] ANNK
[16:49:23] [198/459] KDDF
[16:49:24] [199/459] NRDP
[16:49:25] [200/459] PLAK
[16:49:26] [201/459] GCMC
[16:49:27] [202/459] ALPY
[16:49:28] [203/459] SICE
[16:49:29] [204/459] SISR
[16:49:30] [205/459] SRPZ
[16:49:30] [206/459] SRSW
[16:49:31] [207/459] SUYA
[16:49:32] [208/459] AMMT
[16:49:33] [209/459] BHCU
[16:49:34] [210/459] KLPA
[16:49:35] [211/459] NVKH
[16:49:36] [212/459] JMRC
[16:49:36] [213/459] KTTT
[16:49:37] [214/459] MAGH
[16:49:39] [215/459] MMMX
[16:49:39] [216/459] SALJ
[16:49:40] [217/459] GTJA
[16:49:41] [218/459] MAHT
[16:49:42] [219/459] SSNN
[16:49:43] [220/459] ARRP
[16:49:44] [221/459] ATNS
[16:49:45] [222/459] SKDT
[16:49:46] [223/459] ACAT
[16:49:47] [224/459] APRC
[16:49:47] [225/459] SWAG
[16:49:48] [226/459] SDPT
[16:49:49] [227/459] STPS
[16:49:50] [228/459] WWCZ
[16:49:51] [229/459] LLCH
[16:49:52] [230/459] MZHA
[16:49:53] [231/459] CRJG
[16:49:53] [232/459] JGTK
[16:49:54] [233/459] KCSR
[16:49:56] [234/459] CHTL
[16:49:57] [235/459] EDSR
[16:49:58] [236/459] CSWO
[16:49:59] [237/459] CPVM
[16:50:00] [238/459] MXBY
[16:50:01] [239/459] FMMA
[16:50:02] [240/459] POVI
[16:50:04] [241/459] MTHB
[16:50:04] [242/459] INRC
[16:50:05] [243/459] PIPP
[16:50:06] [244/459] BMXC
[16:50:07] [245/459] PCMM
[16:50:07] [246/459] PMKM
[16:50:08] [247/459] GATY
[16:50:09] [248/459] IMCM
[16:50:10] [249/459] POPE
[16:50:11] [250/459] MTCR
[16:50:12] [251/459] PVAE
[16:50:13] [252/459] PVMI
[16:50:14] [253/459] CPNM
[16:50:15] [254/459] FMRL
[16:50:16] [255/459] MCIW
[16:50:18] [256/459] MXBO
[16:50:18] [257/459] FMKY
[16:50:19] [258/459] FMDA
[16:50:20] [259/459] THAB
[16:50:21] [260/459] PRCW
[16:50:22] [261/459] PITI
[16:50:23] [262/459] MCFF
[16:50:24] [263/459] PDDV
[16:50:24] [264/459] MCRM
[16:50:25] [265/459] KKMB
[16:50:26] [266/459] INKO
[16:50:27] [267/459] PLXP
[16:50:28] [268/459] MMHA
[16:50:29] [269/459] FMVS
[16:50:29] [270/459] POLM
[16:50:30] [271/459] STER
[16:50:31] [272/459] PVWJ
[16:50:33] [273/459] IMJW
[16:50:33] [274/459] FNAN
[16:50:35] [275/459] CAGL
[16:50:35] [276/459] IPBG
[16:50:36] [277/459] SMFV
[16:50:37] [278/459] MMMR
[16:50:38] [279/459] MMWM
[16:50:39] [280/459] FNCM
[16:50:40] [281/459] MDVA
[16:50:41] [282/459] MMET
[16:50:42] [283/459] MIDO
[16:50:42] [284/459] INNP
[16:50:43] [285/459] MIFU
[16:50:44] [286/459] MMSZ
[16:50:45] [287/459] BMXA
[16:50:46] [288/459] MCAA
[16:50:47] [289/459] SCVP
[16:50:47] [290/459] PLUS
[16:50:48] [291/459] MUCK
[16:50:49] [292/459] MTMA
[16:50:50] [293/459] HPVR
[16:50:50] [294/459] PMPK
[16:50:51] [295/459] MAJB
[16:50:52] [296/459] CTRR
[16:50:53] [297/459] MCTG
[16:50:54] [298/459] MACE
[16:50:54] [299/459] AAAS
[16:50:56] [300/459] CPVV
[16:50:57] [301/459] RCHG
[16:50:58] [302/459] MCNE
[16:50:58] [303/459] EMNC
[16:50:59] [304/459] MCAN
[16:51:00] [305/459] TCDM
[16:51:00] [306/459] IRGT
[16:51:01] [307/459] GCMG
[16:51:02] [308/459] MXSN
[16:51:03] [309/459] MXCK
[16:51:04] [310/459] MCRC
[16:51:05] [311/459] RSMI
[16:51:06] [312/459] WAML
[16:51:07] [313/459] MTSC
[16:51:07] [314/459] FMDR
[16:51:08] [315/459] LEPV
[16:51:09] [316/459] MTGD
[16:51:10] [317/459] IMOB
[16:51:11] [318/459] CLMM
[16:51:12] [319/459] PZCD
[16:51:13] [320/459] GOCS
[16:51:14] [321/459] KCMA
[16:51:15] [322/459] CCMP
[16:51:15] [323/459] MTSU
[16:51:16] [324/459] SNGL
[16:51:17] [325/459] MMMC
[16:51:18] [326/459] MMAA
[16:51:18] [327/459] GCDM
[16:51:19] [328/459] KTMV
[16:51:20] [329/459] AETE
[16:51:21] [330/459] OMCS
[16:51:22] [331/459] GDCD
[16:51:22] [332/459] NYMD
[16:51:23] [333/459] RNCV
[16:51:24] [334/459] KKMT
[16:51:25] [335/459] GDTH
[16:51:26] [336/459] KMMV
[16:51:27] [337/459] NHCG
[16:51:28] [338/459] PJDW
[16:51:29] [339/459] MMCV
[16:51:30] [340/459] FQSA
[16:51:31] [341/459] KURL
[16:51:31] [342/459] NNNX
[16:51:32] [343/459] AMAU
[16:51:33] [344/459] VVVM
[16:51:34] [345/459] VECU
[16:51:35] [346/459] WCVR
[16:51:35] [347/459] MTGG
[16:51:37] [348/459] SGTG
[16:51:37] [349/459] MNTG
[16:51:38] [350/459] JDDG
[16:51:39] [351/459] MBTK
[16:51:40] [352/459] SGCD
[16:51:41] [353/459] MCTC
[16:51:41] [354/459] JTPC
[16:51:42] [355/459] SDKT
[16:51:43] [356/459] KRCC
[16:51:44] [357/459] RMMD
[16:51:45] [358/459] AAME
[16:51:45] [359/459] TMWC
[16:51:46] [360/459] NRWY
[16:51:47] [361/459] CITD
[16:51:48] [362/459] VERD
[16:51:49] [363/459] MKSK
[16:51:50] [364/459] STSM
[16:51:51] [365/459] MJDG
[16:51:52] [366/459] RKPM
[16:51:53] [367/459] SSCE
[16:51:54] [368/459] VMAE
[16:51:55] [369/459] SBRU
[16:51:56] [370/459] AMBC
[16:51:57] [371/459] AMLU
[16:51:57] [372/459] INVZ
[16:51:58] [373/459] LGTV
[16:51:59] [374/459] SVAD
[16:52:01] [375/459] SMSA
[16:52:02] [376/459] SPCZ
[16:52:03] [377/459] GTCX
[16:52:04] [378/459] SCSL
[16:52:05] [379/459] SAHU
[16:52:06] [380/459] NCDA
[16:52:07] [381/459] SCCG
[16:52:07] [382/459] VKTL
[16:52:08] [383/459] PUUJ
[16:52:09] [384/459] STEJ
[16:52:09] [385/459] RJAL
[16:52:10] [386/459] ACJC
[16:52:11] [387/459] VTHC
[16:52:13] [388/459] ARVB
[16:52:14] [389/459] AUBB
[16:52:15] [390/459] GDBR
[16:52:16] [391/459] PVND
[16:52:16] [392/459] BGRJ
[16:52:17] [393/459] RJMM
[16:52:18] [394/459] MCSA
[16:52:19] [395/459] BODA
[16:52:20] [396/459] JAGG
[16:52:21] [397/459] SCGA
[16:52:22] [398/459] LRCM
[16:52:22] [399/459] CPCN
[16:52:23] [400/459] SSTF
[16:52:25] [401/459] SRXP
[16:52:26] [402/459] CNFX
[16:52:26] [403/459] ANDI
[16:52:27] [404/459] SYEW
[16:52:28] [405/459] RCRE
[16:52:29] [406/459] SCRW
[16:52:30] [407/459] MBKR
[16:52:31] [408/459] ASNT
[16:52:32] [409/459] JTMT
[16:52:33] [410/459] SHAY
[16:52:34] [411/459] VRTH
[16:52:34] [412/459] SPTI
[16:52:35] [413/459] DPTD
[16:52:36] [414/459] TGSN
[16:52:37] [415/459] RCWV
[16:52:37] [416/459] OCUR
[16:52:38] [417/459] KSTC
[16:52:39] [418/459] SANI
[16:52:41] [419/459] MLCA
[16:52:41] [420/459] EGCA
[16:52:42] [421/459] SYSN
[16:52:43] [422/459] PKTA
[16:52:44] [423/459] PRCC
[16:52:45] [424/459] KSTR
[16:52:45] [425/459] SNTP
[16:52:46] [426/459] RCHA
[16:52:47] [427/459] SEEA
[16:52:48] [428/459] ALAT
[16:52:48] [429/459] AATV
[16:52:49] [430/459] RJTE
[16:52:50] [431/459] AAPP
[16:52:51] [432/459] PMMH
[16:52:52] [433/459] INRJ
[16:52:53] [434/459] SARB
[16:52:53] [435/459] PCJL
[16:52:54] [436/459] PFJJ
[16:52:55] [437/459] GRDC
[16:52:56] [438/459] BCBA
[16:52:56] [439/459] VIXL
[16:52:57] [440/459] CSTL
[16:52:58] [441/459] MTDK
[16:52:58] [442/459] TDAC
[16:52:59] [443/459] GTDN
[16:53:00] [444/459] TTDE
[16:53:01] [445/459] ASTS
[16:53:02] [446/459] CPNS
[16:53:02] [447/459] PVVW
[16:53:03] [448/459] USEB
[16:53:04] [449/459] DTYN
[16:53:05] [450/459] PVLE
[16:53:06] [451/459] CIPS
[16:53:07] [452/459] PAEG
[16:53:08] [453/459] PTCW
[16:53:09] [454/459] G3SR
[16:53:09] [455/459] PGND
[16:53:10] [456/459] INVM
[16:53:11] [457/459] SPIA
[16:53:12] [458/459] PCSN
[16:53:13] [459/459] PPGV
[16:53:14] 🧹 Deduping shows
[16:53:14] ✅ DONE | Shows=539 | Movies=43
[04:48:34] 🚀 SCRIPT STARTED
[04:48:34] [1/459] FNDB
[04:48:34] 🧠 New identity created
[04:48:35] [2/459] AMBH
[04:48:36] [3/459] PRHN
[04:48:37] [4/459] ACPM
[04:48:38] [5/459] PVFS
[04:48:39] [6/459] AACN
[04:48:40] [7/459] ACAS
[04:48:40] [8/459] CTNR
[04:48:41] [9/459] MMAH
[04:48:42] [10/459] CPMH
[04:48:43] [11/459] IGMH
[04:48:44] [12/459] ABCS
[04:48:45] [13/459] CMMA
[04:48:46] [14/459] GPRH
[04:48:46] [15/459] PNNG
[04:48:47] [16/459] AMCA
[04:48:48] [17/459] ISTN
[04:48:49] [18/459] PIIC
[04:48:50] [19/459] AHMH
[04:48:51] [20/459] ASHN
[04:48:52] [21/459] INHY
[04:48:53] [22/459] SRMO
[04:48:54] [23/459] PIMH
[04:48:55] [24/459] PVTS
[04:48:56] [25/459] MMCA
[04:48:57] [26/459] AKYJ
[04:48:58] [27/459] BRKH
[04:48:58] [28/459] MAHM
[04:49:00] [29/459] CPHY
[04:49:01] [30/459] PVTP
[04:49:01] [31/459] SMMR
[04:49:02] [32/459] PVHM
[04:49:03] [33/459] SNDY
[04:49:04] [34/459] GOKU
[04:49:05] [35/459] ACEV
[04:49:06] [36/459] PVUM
[04:49:07] [37/459] VSWA
[04:49:08] [38/459] IPRS
[04:49:08] [39/459] ASGN
[04:49:09] [40/459] BKMV
[04:49:10] [41/459] PVYH
[04:49:11] [42/459] INKM
[04:49:12] [43/459] ARJU
[04:49:13] [44/459] JJPP
[04:49:14] [45/459] SSRM
[04:49:15] [46/459] HMHD
[04:49:15] [47/459] SNKH
[04:49:16] [48/459] ACHI
[04:49:17] [49/459] MRAA
[04:49:18] [50/459] INMH
[04:49:19] [51/459] ARMH
[04:49:20] [52/459] DVRR
[04:49:21] [53/459] SUDA
[04:49:21] [54/459] MCSS
[04:49:22] [55/459] VRKC
[04:49:23] [56/459] PRCX
[04:49:24] [57/459] ASJY
[04:49:25] [58/459] MTHY
[04:49:25] [59/459] SRCM
[04:49:26] [60/459] TVHY
[04:49:27] [61/459] STHD
[04:49:28] [62/459] CPCL
[04:49:30] [63/459] PSMJ
[04:49:31] [64/459] MRGT
[04:49:31] [65/459] ARYH
[04:49:32] [66/459] VTRB
[04:49:33] [67/459] SCHC
[04:49:34] [68/459] MRRG
[04:49:34] [69/459] SPCB
[04:49:35] [70/459] AMCM
[04:49:36] [71/459] IVNM
[04:49:37] [72/459] TRHY
[04:49:38] [73/459] PTTH
[04:49:38] [74/459] RKMH
[04:49:39] [75/459] PRCS
[04:49:40] [76/459] VAJA
[04:49:42] [77/459] BJNG
[04:49:42] [78/459] SCVM
[04:49:44] [79/459] GNHB
[04:49:45] [80/459] TLUR
[04:49:45] [81/459] UKCC
[04:49:46] [82/459] SRKR
[04:49:47] [83/459] RMKN
[04:49:48] [84/459] SLRT
[04:49:50] [85/459] LKMT
[04:49:50] [86/459] SSRJ
[04:49:51] [87/459] SPHT
[04:49:52] [88/459] ANTT
[04:49:52] [89/459] SRCH
[04:49:53] [90/459] SRCA
[04:49:54] [91/459] ARTH
[04:49:55] [92/459] MCBH
[04:49:55] [93/459] SNIB
[04:49:56] [94/459] SART
[04:49:58] [95/459] SKTA
[04:49:59] [96/459] YAKT
[04:49:59] [97/459] MLCK
[04:50:00] [98/459] ANTS
[04:50:01] [99/459] DGCA
[04:50:03] [100/459] SGMP
[04:50:04] [101/459] ASWN
[04:50:05] [102/459] KFVU
[04:50:05] [103/459] POOR
[04:50:06] [104/459] GKDN
[04:50:07] [105/459] EOSE
[04:50:08] [106/459] GTTT
[04:50:08] [107/459] ARRO
[04:50:09] [108/459] CMMK
[04:50:10] [109/459] MSCN
[04:50:11] [110/459] GDKH
[04:50:11] [111/459] DLMT
[04:50:12] [112/459] PVMF
[04:50:13] [113/459] CPCK
[04:50:14] [114/459] VMHE
[04:50:15] [115/459] PVLC
[04:50:16] [116/459] PCVB
[04:50:17] [117/459] SNYK
[04:50:18] [118/459] KTEK
[04:50:18] [119/459] PCNM
[04:50:19] [120/459] NTTR
[04:50:20] [121/459] CPSK
[04:50:21] [122/459] JMMA
[04:50:22] [123/459] GCFK
[04:50:23] [124/459] MYCA
[04:50:24] [125/459] KSNP
[04:50:25] [126/459] PMCE
[04:50:25] [127/459] SCKI
[04:50:26] [128/459] FSMA
[04:50:27] [129/459] CETA
[04:50:28] [130/459] MCIK
[04:50:29] [131/459] MYCR
[04:50:31] [132/459] EVMP
[04:50:32] [133/459] SSGT
[04:50:33] [134/459] KCTK
[04:50:34] [135/459] ZTKC
[04:50:35] [136/459] MMTA
[04:50:36] [137/459] MAJT
[04:50:37] [138/459] ACPK
[04:50:38] [139/459] JMAX
[04:50:38] [140/459] SETK
[04:50:39] [141/459] CAIS
[04:50:40] [142/459] AGCD
[04:50:41] [143/459] URCL
[04:50:42] [144/459] VTDS
[04:50:43] [145/459] JCNM
[04:50:44] [146/459] KCAM
[04:50:45] [147/459] ADCU
[04:50:46] [148/459] GXYN
[04:50:47] [149/459] SMJG
[04:50:48] [150/459] EYCJ
[04:50:49] [151/459] CCEJ
[04:50:50] [152/459] MARS
[04:50:51] [153/459] CPVJ
[04:50:51] [154/459] INVP
[04:50:52] [155/459] CPOV
[04:50:53] [156/459] VIJK
[04:50:54] [157/459] LAIM
[04:50:55] [158/459] STHV
[04:50:56] [159/459] SVLJ
[04:50:57] [160/459] ATVJ
[04:50:58] [161/459] JTSC
[04:50:59] [162/459] RMTV
[04:51:00] [163/459] MGGG
[04:51:01] [164/459] SWTH
[04:51:01] [165/459] INVJ
[04:51:02] [166/459] PRSV
[04:51:03] [167/459] JATV
[04:51:04] [168/459] RCVD
[04:51:05] [169/459] BDMA
[04:51:06] [170/459] BLJI
[04:51:07] [171/459] SWOT
[04:51:07] [172/459] SWRN
[04:51:08] [173/459] TVRA
[04:51:09] [174/459] VCSV
[04:51:09] [175/459] NVRN
[04:51:10] [176/459] SIKC
[04:51:11] [177/459] VAKR
[04:51:12] [178/459] SYLN
[04:51:12] [179/459] KLJL
[04:51:13] [180/459] LKMY
[04:51:14] [181/459] VSLY
[04:51:15] [182/459] CIKO
[04:51:16] [183/459] GPBG
[04:51:16] [184/459] CECM
[04:51:17] [185/459] SLKB
[04:51:18] [186/459] MTBO
[04:51:19] [187/459] SSHB
[04:51:20] [188/459] VPCS
[04:51:21] [189/459] RCSR
[04:51:22] [190/459] RJRM
[04:51:23] [191/459] KPPB
[04:51:25] [192/459] SEDC
[04:51:25] [193/459] SCAI
[04:51:26] [194/459] RMTR
[04:51:27] [195/459] ASST
[04:51:28] [196/459] GCAK
[04:51:29] [197/459] ANNK
[04:51:29] [198/459] KDDF
[04:51:30] [199/459] NRDP
[04:51:31] [200/459] PLAK
[04:51:32] [201/459] GCMC
[04:51:33] [202/459] ALPY
[04:51:34] [203/459] SICE
[04:51:34] [204/459] SISR
[04:51:35] [205/459] SRPZ
[04:51:36] [206/459] SRSW
[04:51:37] [207/459] SUYA
[04:51:38] [208/459] AMMT
[04:51:39] [209/459] BHCU
[04:51:40] [210/459] KLPA
[04:51:41] [211/459] NVKH
[04:51:41] [212/459] JMRC
[04:51:42] [213/459] KTTT
[04:51:43] [214/459] MAGH
[04:51:44] [215/459] MMMX
[04:51:45] [216/459] SALJ
[04:51:45] [217/459] GTJA
[04:51:46] [218/459] MAHT
[04:51:47] [219/459] SSNN
[04:51:48] [220/459] ARRP
[04:51:49] [221/459] ATNS
[04:51:49] [222/459] SKDT
[04:51:50] [223/459] ACAT
[04:51:51] [224/459] APRC
[04:51:52] [225/459] SWAG
[04:51:53] [226/459] SDPT
[04:51:53] [227/459] STPS
[04:51:54] [228/459] WWCZ
[04:51:55] [229/459] LLCH
[04:51:56] [230/459] MZHA
[04:51:57] [231/459] CRJG
[04:51:58] [232/459] JGTK
[04:51:59] [233/459] KCSR
[04:52:00] [234/459] CHTL
[04:52:01] [235/459] EDSR
[04:52:01] [236/459] CSWO
[04:52:02] [237/459] CPVM
[04:52:03] [238/459] MXBY
[04:52:04] [239/459] FMMA
[04:52:05] [240/459] POVI
[04:52:05] [241/459] MTHB
[04:52:06] [242/459] INRC
[04:52:07] [243/459] PIPP
[04:52:08] [244/459] BMXC
[04:52:09] [245/459] PCMM
[04:52:10] [246/459] PMKM
[04:52:10] [247/459] GATY
[04:52:11] [248/459] IMCM
[04:52:12] [249/459] POPE
[04:52:13] [250/459] MTCR
[04:52:14] [251/459] PVAE
[04:52:14] [252/459] PVMI
[04:52:15] [253/459] CPNM
[04:52:17] [254/459] FMRL
[04:52:18] [255/459] MCIW
[04:52:19] [256/459] MXBO
[04:52:19] [257/459] FMKY
[04:52:21] [258/459] FMDA
[04:52:22] [259/459] THAB
[04:52:22] [260/459] PRCW
[04:52:23] [261/459] PITI
[04:52:24] [262/459] MCFF
[04:52:25] [263/459] PDDV
[04:52:26] [264/459] MCRM
[04:52:26] [265/459] KKMB
[04:52:27] [266/459] INKO
[04:52:28] [267/459] PLXP
[04:52:29] [268/459] MMHA
[04:52:30] [269/459] FMVS
[04:52:30] [270/459] POLM
[04:52:31] [271/459] STER
[04:52:32] [272/459] PVWJ
[04:52:33] [273/459] IMJW
[04:52:34] [274/459] FNAN
[04:52:35] [275/459] CAGL
[04:52:35] [276/459] IPBG
[04:52:36] [277/459] SMFV
[04:52:37] [278/459] MMMR
[04:52:38] [279/459] MMWM
[04:52:39] [280/459] FNCM
[04:52:40] [281/459] MDVA
[04:52:41] [282/459] MMET
[04:52:42] [283/459] MIDO
[04:52:43] [284/459] INNP
[04:52:44] [285/459] MIFU
[04:52:44] [286/459] MMSZ
[04:52:45] [287/459] BMXA
[04:52:47] [288/459] MCAA
[04:52:47] [289/459] SCVP
[04:52:48] [290/459] PLUS
[04:52:49] [291/459] MUCK
[04:52:50] [292/459] MTMA
[04:52:51] [293/459] HPVR
[04:52:52] [294/459] PMPK
[04:52:53] [295/459] MAJB
[04:52:54] [296/459] CTRR
[04:52:55] [297/459] MCTG
[04:52:55] [298/459] MACE
[04:52:56] [299/459] AAAS
[04:52:57] [300/459] CPVV
[04:52:58] [301/459] RCHG
[04:52:59] [302/459] MCNE
[04:53:00] [303/459] EMNC
[04:53:01] [304/459] MCAN
[04:53:01] [305/459] TCDM
[04:53:02] [306/459] IRGT
[04:53:03] [307/459] GCMG
[04:53:04] [308/459] MXSN
[04:53:05] [309/459] MXCK
[04:53:05] [310/459] MCRC
[04:53:07] [311/459] RSMI
[04:53:07] [312/459] WAML
[04:53:08] [313/459] MTSC
[04:53:10] [314/459] FMDR
[04:53:10] [315/459] LEPV
[04:53:11] [316/459] MTGD
[04:53:12] [317/459] IMOB
[04:53:13] [318/459] CLMM
[04:53:14] [319/459] PZCD
[04:53:14] [320/459] GOCS
[04:53:15] [321/459] KCMA
[04:53:16] [322/459] CCMP
[04:53:17] [323/459] MTSU
[04:53:18] [324/459] SNGL
[04:53:19] [325/459] MMMC
[04:53:19] [326/459] MMAA
[04:53:20] [327/459] GCDM
[04:53:21] [328/459] KTMV
[04:53:22] [329/459] AETE
[04:53:22] [330/459] OMCS
[04:53:23] [331/459] GDCD
[04:53:24] [332/459] NYMD
[04:53:25] [333/459] RNCV
[04:53:26] [334/459] KKMT
[04:53:27] [335/459] GDTH
[04:53:27] [336/459] KMMV
[04:53:28] [337/459] NHCG
[04:53:29] [338/459] PJDW
[04:53:30] [339/459] MMCV
[04:53:31] [340/459] FQSA
[04:53:32] [341/459] KURL
[04:53:33] [342/459] NNNX
[04:53:34] [343/459] AMAU
[04:53:35] [344/459] VVVM
[04:53:36] [345/459] VECU
[04:53:37] [346/459] WCVR
[04:53:38] [347/459] MTGG
[04:53:39] [348/459] SGTG
[04:53:40] [349/459] MNTG
[04:53:41] [350/459] JDDG
[04:53:42] [351/459] MBTK
[04:53:43] [352/459] SGCD
[04:53:44] [353/459] MCTC
[04:53:44] [354/459] JTPC
[04:53:45] [355/459] SDKT
[04:53:46] [356/459] KRCC
[04:53:47] [357/459] RMMD
[04:53:48] [358/459] AAME
[04:53:48] [359/459] TMWC
[04:53:49] [360/459] NRWY
[04:53:50] [361/459] CITD
[04:53:51] [362/459] VERD
[04:53:52] [363/459] MKSK
[04:53:53] [364/459] STSM
[04:53:54] [365/459] MJDG
[04:53:54] [366/459] RKPM
[04:53:55] [367/459] SSCE
[04:53:56] [368/459] VMAE
[04:53:57] [369/459] SBRU
[04:53:57] [370/459] AMBC
[04:53:58] [371/459] AMLU
[04:53:59] [372/459] INVZ
[04:54:00] [373/459] LGTV
[04:54:01] [374/459] SVAD
[04:54:02] [375/459] SMSA
[04:54:03] [376/459] SPCZ
[04:54:04] [377/459] GTCX
[04:54:05] [378/459] SCSL
[04:54:06] [379/459] SAHU
[04:54:06] [380/459] NCDA
[04:54:07] [381/459] SCCG
[04:54:08] [382/459] VKTL
[04:54:09] [383/459] PUUJ
[04:54:10] [384/459] STEJ
[04:54:11] [385/459] RJAL
[04:54:11] [386/459] ACJC
[04:54:12] [387/459] VTHC
[04:54:13] [388/459] ARVB
[04:54:14] [389/459] AUBB
[04:54:16] [390/459] GDBR
[04:54:16] [391/459] PVND
[04:54:17] [392/459] BGRJ
[04:54:18] [393/459] RJMM
[04:54:19] [394/459] MCSA
[04:54:19] [395/459] BODA
[04:54:21] [396/459] JAGG
[04:54:22] [397/459] SCGA
[04:54:23] [398/459] LRCM
[04:54:23] [399/459] CPCN
[04:54:24] [400/459] SSTF
[04:54:24] [401/459] SRXP
[04:54:26] [402/459] CNFX
[04:54:27] [403/459] ANDI
[04:54:28] [404/459] SYEW
[04:54:29] [405/459] RCRE
[04:54:30] [406/459] SCRW
[04:54:31] [407/459] MBKR
[04:54:32] [408/459] ASNT
[04:54:33] [409/459] JTMT
[04:54:33] [410/459] SHAY
[04:54:35] [411/459] VRTH
[04:54:35] [412/459] SPTI
[04:54:36] [413/459] DPTD
[04:54:37] [414/459] TGSN
[04:54:38] [415/459] RCWV
[04:54:39] [416/459] OCUR
[04:54:39] [417/459] KSTC
[04:54:40] [418/459] SANI
[04:54:41] [419/459] MLCA
[04:54:42] [420/459] EGCA
[04:54:43] [421/459] SYSN
[04:54:44] [422/459] PKTA
[04:54:46] [423/459] PRCC
[04:54:46] [424/459] KSTR
[04:54:47] [425/459] SNTP
[04:54:48] [426/459] RCHA
[04:54:49] [427/459] SEEA
[04:54:50] [428/459] ALAT
[04:54:50] [429/459] AATV
[04:54:51] [430/459] RJTE
[04:54:52] [431/459] AAPP
[04:54:53] [432/459] PMMH
[04:54:54] [433/459] INRJ
[04:54:55] [434/459] SARB
[04:54:56] [435/459] PCJL
[04:54:57] [436/459] PFJJ
[04:54:58] [437/459] GRDC
[04:54:59] [438/459] BCBA
[04:55:00] [439/459] VIXL
[04:55:01] [440/459] CSTL
[04:55:01] [441/459] MTDK
[04:55:02] [442/459] TDAC
[04:55:03] [443/459] GTDN
[04:55:04] [444/459] TTDE
[04:55:05] [445/459] ASTS
[04:55:06] [446/459] CPNS
[04:55:07] [447/459] PVVW
[04:55:08] [448/459] USEB
[04:55:09] [449/459] DTYN
[04:55:10] [450/459] PVLE
[04:55:10] [451/459] CIPS
[04:55:11] [452/459] PAEG
[04:55:12] [453/459] PTCW
[04:55:13] [454/459] G3SR
[04:55:14] [455/459] PGND
[04:55:14] [456/459] INVM
[04:55:15] [457/459] SPIA
[04:55:16] [458/459] PCSN
[04:55:17] [459/459] PPGV
[04:55:19] 🧹 Deduping shows
[04:55:19] ✅ DONE | Shows=575 | Movies=44
