[10:02:16] 🚀 SCRIPT STARTED
[10:02:16] [1/459] MCCZ
[10:02:16] 🧠 New identity created
[10:02:17] [2/459] FRPU
[10:02:18] [3/459] SKSI
[10:02:20] [4/459] SSCK
[10:02:21] [5/459] SRDC
[10:02:22] [6/459] RSCZ
[10:02:23] [7/459] PRVT
[10:02:24] [8/459] GAGJ
[10:02:25] [9/459] SMHG
[10:02:26] [10/459] JTST
[10:02:27] [11/459] MYTH
[10:02:28] [12/459] JPCC
[10:02:29] [13/459] ACDC
[10:02:30] [14/459] SVFP
[10:02:31] [15/459] SFCM
[10:02:32] [16/459] RUPK
[10:02:33] [17/459] NTCR
[10:02:34] [18/459] RTCH
[10:02:35] [19/459] SCMH
[10:02:37] [20/459] SVYM
[10:02:37] [21/459] SPYM
[10:02:38] [22/459] SMMF
[10:02:39] [23/459] CLLB
[10:02:40] [24/459] FMCB
[10:02:41] [25/459] BBTC
[10:02:42] [26/459] NTHS
[10:02:43] [27/459] PKKJ
[10:02:44] [28/459] MTJA
[10:02:45] [29/459] PMSJ
[10:02:46] [30/459] JMJU
[10:02:47] [31/459] SRAD
[10:02:47] [32/459] MJMC
[10:02:48] [33/459] DFRM
[10:02:49] [34/459] PMRS
[10:02:50] [35/459] RKPP
[10:02:51] [36/459] BMBK
[10:02:52] [37/459] NEWS
[10:02:53] [38/459] SALB
[10:02:55] [39/459] SCPW
[10:02:56] [40/459] RAYL
[10:02:57] [41/459] CMGJ
[10:02:58] [42/459] JRCR
[10:02:59] [43/459] SRTB
[10:02:59] [44/459] ETPB
[10:03:00] [45/459] MXBN
[10:03:01] [46/459] TOPE
[10:03:02] [47/459] SNLJ
[10:03:04] [48/459] CDDP
[10:03:05] [49/459] APCX
[10:03:06] [50/459] TALP
[10:03:08] [51/459] RRMP
[10:03:09] [52/459] MAHB
[10:03:09] [53/459] MTKR
[10:03:10] [54/459] KSKL
[10:03:12] [55/459] RJLT
[10:03:13] [56/459] ATAS
[10:03:14] [57/459] AMHR
[10:03:15] [58/459] RSRM
[10:03:16] [59/459] GCAT
[10:03:16] [60/459] SMML
[10:03:17] [61/459] ACCD
[10:03:18] [62/459] VYDA
[10:03:20] [63/459] MSKT
[10:03:20] [64/459] AVDM
[10:03:21] [65/459] ASMH
[10:03:22] [66/459] VTMB
[10:03:23] [67/459] WVMB
[10:03:24] [68/459] PPMN
[10:03:25] [69/459] MTMD
[10:03:26] [70/459] SMMO
[10:03:27] [71/459] DLPB
[10:03:28] [72/459] AKMD
[10:03:28] [73/459] SHRR
[10:03:29] [74/459] ASCO
[10:03:30] [75/459] CZVX
[10:03:31] [76/459] GCBB
[10:03:31] [77/459] ATBM
[10:03:32] [78/459] TCGM
[10:03:33] [79/459] UMSE
[10:03:34] [80/459] NKCL
[10:03:35] [81/459] BTLR
[10:03:36] [82/459] GOCL
[10:03:36] [83/459] MIRN
[10:03:38] [84/459] THEC
[10:03:39] [85/459] SPPB
[10:03:39] [86/459] PMMM
[10:03:40] [87/459] GGMC
[10:03:42] [88/459] AVSR
[10:03:43] [89/459] RDMH
[10:03:44] [90/459] JSRS
[10:03:45] [91/459] VKGP
[10:03:46] [92/459] ACRT
[10:03:47] [93/459] GCBA
[10:03:48] [94/459] GTCP
[10:03:49] [95/459] AKFC
[10:03:50] [96/459] INCS
[10:03:51] [97/459] SMCK
[10:03:52] [98/459] BRUN
[10:03:53] [99/459] RPPC
[10:03:54] [100/459] PAYD
[10:03:54] [101/459] SVVT
[10:03:55] [102/459] RNCC
[10:03:56] [103/459] PCRC
[10:03:57] [104/459] PMRM
[10:03:58] [105/459] CCRP
[10:03:59] [106/459] INCR
[10:03:59] [107/459] ZTMP
[10:04:00] [108/459] MCNR
[10:04:01] [109/459] INRP
[10:04:02] [110/459] STRC
[10:04:03] [111/459] RATI
[10:04:04] [112/459] PBTR
[10:04:04] [113/459] CMHP
[10:04:05] [114/459] ZECJ
[10:04:06] [115/459] CCCB
[10:04:07] [116/459] BWCB
[10:04:08] [117/459] CCAT
[10:04:09] [118/459] KGCM
[10:04:10] [119/459] INPT
[10:04:10] [120/459] FNCO
[10:04:11] [121/459] SRMJ
[10:04:12] [122/459] PFSC
[10:04:13] [123/459] PBMC
[10:04:14] [124/459] KARP
[10:04:14] [125/459] KOVI
[10:04:15] [126/459] ACXL
[10:04:16] [127/459] GKCC
[10:04:17] [128/459] ASCC
[10:04:18] [129/459] SETC
[10:04:19] [130/459] KACC
[10:04:20] [131/459] KAVE
[10:04:20] [132/459] CNTC
[10:04:21] [133/459] MEEN
[10:04:22] [134/459] BMRV
[10:04:23] [135/459] SVAM
[10:04:24] [136/459] VTBP
[10:04:25] [137/459] VCKN
[10:04:26] [138/459] SGTK
[10:04:27] [139/459] RCGS
[10:04:28] [140/459] RCCB
[10:04:29] [141/459] RKSR
[10:04:30] [142/459] RKCU
[10:04:30] [143/459] GIBH
[10:04:31] [144/459] CXBS
[10:04:33] [145/459] GGCB
[10:04:34] [146/459] SCPB
[10:04:35] [147/459] AKTB
[10:04:36] [148/459] SRBU
[10:04:36] [149/459] CSSA
[10:04:37] [150/459] MYAN
[10:04:38] [151/459] EXCA
[10:04:39] [152/459] CKSA
[10:04:41] [153/459] JTNM
[10:04:41] [154/459] CXKT
[10:04:42] [155/459] NCLM
[10:04:43] [156/459] JAAD
[10:04:44] [157/459] RDCR
[10:04:45] [158/459] MEER
[10:04:46] [159/459] SIBT
[10:04:47] [160/459] PVVB
[10:04:47] [161/459] FNPN
[10:04:48] [162/459] CRPX
[10:04:49] [163/459] STET
[10:04:50] [164/459] METE
[10:04:51] [165/459] BJML
[10:04:52] [166/459] MAVT
[10:04:54] [167/459] MSRM
[10:04:55] [168/459] TJMP
[10:04:56] [169/459] MHCK
[10:04:57] [170/459] SVGP
[10:04:58] [171/459] KRRC
[10:04:59] [172/459] IMCH
[10:05:00] [173/459] CMCS
[10:05:00] [174/459] SGND
[10:05:01] [175/459] RNAT
[10:05:02] [176/459] PRTN
[10:05:03] [177/459] MPTN
[10:05:05] [178/459] ARCC
[10:05:06] [179/459] NTTE
[10:05:06] [180/459] ABND
[10:05:07] [181/459] KCSN
[10:05:08] [182/459] KCSA
[10:05:09] [183/459] DCKT
[10:05:10] [184/459] MBBR
[10:05:11] [185/459] RAMU
[10:05:11] [186/459] RACW
[10:05:12] [187/459] MCHP
[10:05:14] [188/459] TMHM
[10:05:15] [189/459] STXH
[10:05:16] [190/459] AGSG
[10:05:17] [191/459] SIRA
[10:05:17] [192/459] RCAN
[10:05:18] [193/459] CWTB
[10:05:19] [194/459] VTYM
[10:05:21] [195/459] RRPP
[10:05:23] [196/459] ASMR
[10:05:24] [197/459] RONO
[10:05:24] [198/459] MEMR
[10:05:25] [199/459] CTMR
[10:05:26] [200/459] PMTT
[10:05:27] [201/459] PSLX
[10:05:28] [202/459] IPPL
[10:05:29] [203/459] MMSG
[10:05:30] [204/459] INEL
[10:05:30] [205/459] COAC
[10:05:31] [206/459] WVLK
[10:05:32] [207/459] PPXL
[10:05:33] [208/459] PSML
[10:05:34] [209/459] FNLK
[10:05:34] [210/459] ILUM
[10:05:35] [211/459] ILCM
[10:05:36] [212/459] MSNL
[10:05:37] [213/459] VINB
[10:05:38] [214/459] SALW
[10:05:39] [215/459] PRTB
[10:05:40] [216/459] NCIL
[10:05:41] [217/459] PSUL
[10:05:41] [218/459] SCLK
[10:05:42] [219/459] ADDC
[10:05:43] [220/459] OACL
[10:05:44] [221/459] OOCF
[10:05:46] [222/459] GPMF
[10:05:47] [223/459] SSDG
[10:05:47] [224/459] SKRS
[10:05:48] [225/459] NTTP
[10:05:49] [226/459] SLTP
[10:05:50] [227/459] JTLC
[10:05:51] [228/459] POON
[10:05:52] [229/459] CCPC
[10:05:53] [230/459] DCKC
[10:05:54] [231/459] CPRT
[10:05:54] [232/459] EYHZ
[10:05:55] [233/459] ARBL
[10:05:56] [234/459] SBTB
[10:05:57] [235/459] MMCK
[10:05:58] [236/459] PLMR
[10:05:59] [237/459] BIJH
[10:06:00] [238/459] SDRT
[10:06:01] [239/459] PRDC
[10:06:02] [240/459] OMJA
[10:06:03] [241/459] VKCR
[10:06:04] [242/459] ATRT
[10:06:05] [243/459] WVRP
[10:06:06] [244/459] MVRP
[10:06:06] [245/459] FCAX
[10:06:07] [246/459] CTLC
[10:06:08] [247/459] JCHB
[10:06:10] [248/459] SELP
[10:06:11] [249/459] VCPG
[10:06:11] [250/459] ASCX
[10:06:12] [251/459] EOCS
[10:06:13] [252/459] RCPH
[10:06:14] [253/459] RJTM
[10:06:15] [254/459] SGMD
[10:06:16] [255/459] SVJT
[10:06:16] [256/459] SPPO
[10:06:18] [257/459] MNRL
[10:06:19] [258/459] KNOX
[10:06:19] [259/459] GIER
[10:06:20] [260/459] PJMS
[10:06:22] [261/459] UNSP
[10:06:23] [262/459] JETP
[10:06:24] [263/459] VTWA
[10:06:25] [264/459] SCJI
[10:06:26] [265/459] CBZZ
[10:06:26] [266/459] SDCJ
[10:06:27] [267/459] RRCC
[10:06:28] [268/459] VNKG
[10:06:29] [269/459] LKTO
[10:06:30] [270/459] PJRM
[10:06:31] [271/459] NVRM
[10:06:32] [272/459] SJCS
[10:06:33] [273/459] VIGK
[10:06:33] [274/459] ANST
[10:06:34] [275/459] JTTS
[10:06:35] [276/459] NTST
[10:06:36] [277/459] PREB
[10:06:37] [278/459] TSCZ
[10:06:38] [279/459] CDCM
[10:06:39] [280/459] ELYE
[10:06:40] [281/459] INBS
[10:06:40] [282/459] SMGC
[10:06:41] [283/459] UTMP
[10:06:42] [284/459] INTA
[10:06:43] [285/459] OMPT
[10:06:44] [286/459] SCIR
[10:06:45] [287/459] GCKJ
[10:06:46] [288/459] INOG
[10:06:46] [289/459] SMGB
[10:06:47] [290/459] MCSG
[10:06:48] [291/459] STKG
[10:06:49] [292/459] TTKG
[10:06:50] [293/459] SRTR
[10:06:51] [294/459] ETTR
[10:06:52] [295/459] GGGZ
[10:06:53] [296/459] IPGM
[10:06:53] [297/459] FCDH
[10:06:55] [298/459] DESB
[10:06:56] [299/459] VNTP
[10:06:56] [300/459] ANNT
[10:06:57] [301/459] SLTI
[10:06:58] [302/459] MAJU
[10:06:59] [303/459] JCXP
[10:07:00] [304/459] HARK
[10:07:01] [305/459] JPCJ
[10:07:02] [306/459] RXBD
[10:07:03] [307/459] PTKJ
[10:07:04] [308/459] CMTU
[10:07:05] [309/459] SWOR
[10:07:06] [310/459] JMEX
[10:07:07] [311/459] DTPT
[10:07:08] [312/459] VGMM
[10:07:09] [313/459] VCSG
[10:07:09] [314/459] CVCG
[10:07:10] [315/459] TNTT
[10:07:11] [316/459] SHRM
[10:07:12] [317/459] CGKD
[10:07:13] [318/459] EKCM
[10:07:14] [319/459] SDCX
[10:07:15] [320/459] SBTE
[10:07:15] [321/459] STKJ
[10:07:16] [322/459] TPCE
[10:07:17] [323/459] JTNP
[10:07:18] [324/459] LPCH
[10:07:19] [325/459] CPUO
[10:07:20] [326/459] APSU
[10:07:21] [327/459] RTHC
[10:07:22] [328/459] PTBU
[10:07:23] [329/459] CUCC
[10:07:24] [330/459] CPSA
[10:07:25] [331/459] SUAY
[10:07:25] [332/459] AYAA
[10:07:26] [333/459] MUCH
[10:07:27] [334/459] PCIN
[10:07:28] [335/459] JRRM
[10:07:29] [336/459] KATS
[10:07:30] [337/459] MHFF
[10:07:31] [338/459] ESYM
[10:07:31] [339/459] STYV
[10:07:32] [340/459] SDKG
[10:07:33] [341/459] SMTI
[10:07:34] [342/459] NYCS
[10:07:35] [343/459] MTBG
[10:07:36] [344/459] RHCA
[10:07:37] [345/459] PCKH
[10:07:37] [346/459] ARCR
[10:07:38] [347/459] NCMB
[10:07:39] [348/459] SHYC
[10:07:40] [349/459] LACK
[10:07:41] [350/459] MTCM
[10:07:42] [351/459] RRBN
[10:07:43] [352/459] MYDC
[10:07:44] [353/459] STCS
[10:07:45] [354/459] CONN
[10:07:46] [355/459] SIPS
[10:07:47] [356/459] SMMX
[10:07:48] [357/459] SCBY
[10:07:49] [358/459] SUAP
[10:07:49] [359/459] RSMK
[10:07:50] [360/459] STKP
[10:07:51] [361/459] CIPC
[10:07:52] [362/459] KKCI
[10:07:53] [363/459] CTNK
[10:07:54] [364/459] MMTZ
[10:07:55] [365/459] DCCO
[10:07:56] [366/459] VNMN
[10:07:57] [367/459] RLCN
[10:07:59] [368/459] CMMS
[10:08:00] [369/459] AYOU
[10:08:01] [370/459] SSCN
[10:08:02] [371/459] SMXN
[10:08:03] [372/459] ASSK
[10:08:03] [373/459] VCKM
[10:08:04] [374/459] PCPH
[10:08:05] [375/459] PADM
[10:08:07] [376/459] IESA
[10:08:07] [377/459] VCSP
[10:08:08] [378/459] AEST
[10:08:09] [379/459] VTNR
[10:08:10] [380/459] GTTA
[10:08:11] [381/459] CMMM
[10:08:11] [382/459] AHKT
[10:08:12] [383/459] SIJI
[10:08:13] [384/459] VCEI
[10:08:14] [385/459] SAKR
[10:08:15] [386/459] VSMT
[10:08:15] [387/459] SSCT
[10:08:16] [388/459] USTR
[10:08:17] [389/459] MTKT
[10:08:18] [390/459] TGMP
[10:08:20] [391/459] SIVC
[10:08:21] [392/459] KICT
[10:08:22] [393/459] DAMD
[10:08:22] [394/459] CNPT
[10:08:23] [395/459] RVTT
[10:08:24] [396/459] SNCM
[10:08:25] [397/459] GHTE
[10:08:26] [398/459] PPAM
[10:08:27] [399/459] PVAA
[10:08:28] [400/459] CPAO
[10:08:29] [401/459] HAMD
[10:08:30] [402/459] RCCA
[10:08:31] [403/459] MPCH
[10:08:31] [404/459] ARED
[10:08:32] [405/459] RRCV
[10:08:33] [406/459] MTRB
[10:08:34] [407/459] CKUA
[10:08:35] [408/459] ABMP
[10:08:36] [409/459] RCWA
[10:08:37] [410/459] CGAR
[10:08:38] [411/459] METH
[10:08:38] [412/459] WAGA
[10:08:39] [413/459] MCMA
[10:08:40] [414/459] CSMP
[10:08:41] [415/459] RCNK
[10:08:42] [416/459] PSTM
[10:08:42] [417/459] CSEP
[10:08:43] [418/459] AMGD
[10:08:44] [419/459] CSTE
[10:08:45] [420/459] CONS
[10:08:46] [421/459] APPX
[10:08:47] [422/459] MABC
[10:08:48] [423/459] CXST
[10:08:49] [424/459] MATN
[10:08:49] [425/459] MACZ
[10:08:50] [426/459] MASA
[10:08:51] [427/459] MBSX
[10:08:53] [428/459] CSST
[10:08:53] [429/459] APCL
[10:08:55] [430/459] CGOS
[10:08:56] [431/459] CPEC
[10:08:57] [432/459] MCCP
[10:08:58] [433/459] BSSO
[10:08:59] [434/459] SJKA
[10:08:59] [435/459] CGBO
[10:09:00] [436/459] MVSK
[10:09:01] [437/459] HVCA
[10:09:02] [438/459] NAMD
[10:09:02] [439/459] DEVI
[10:09:03] [440/459] SCSV
[10:09:04] [441/459] PSMA
[10:09:05] [442/459] CLDJ
[10:09:06] [443/459] NMAD
[10:09:07] [444/459] CGMO
[10:09:08] [445/459] MCNA
[10:09:08] [446/459] OCBN
[10:09:10] [447/459] CPEM
[10:09:11] [448/459] CPSM
[10:09:12] [449/459] RCAD
[10:09:12] [450/459] CPMU
[10:09:13] [451/459] DICD
[10:09:14] [452/459] CHOE
[10:09:15] [453/459] PDJM
[10:09:16] [454/459] SSTU
[10:09:17] [455/459] VNRN
[10:09:18] [456/459] PVLG
[10:09:18] [457/459] SWBL
[10:09:19] [458/459] SCAB
[10:09:20] [459/459] RDDA
[10:09:22] 🧹 Deduping shows
[10:09:22] ✅ DONE | Shows=602 | Movies=40
[04:48:38] 🚀 SCRIPT STARTED
[04:48:38] [1/459] MCCZ
[04:48:38] 🧠 New identity created
[04:48:39] [2/459] FRPU
[04:48:40] [3/459] SKSI
[04:48:41] [4/459] SSCK
[04:48:42] [5/459] SRDC
[04:48:43] [6/459] RSCZ
[04:48:44] [7/459] PRVT
[04:48:45] [8/459] GAGJ
[04:48:46] [9/459] SMHG
[04:48:47] [10/459] JTST
[04:48:47] [11/459] MYTH
[04:48:48] [12/459] JPCC
[04:48:49] [13/459] ACDC
[04:48:50] [14/459] SVFP
[04:48:51] [15/459] SFCM
[04:48:51] [16/459] RUPK
[04:48:52] [17/459] NTCR
[04:48:53] [18/459] RTCH
[04:48:54] [19/459] SCMH
[04:48:55] [20/459] SVYM
[04:48:56] [21/459] SPYM
[04:48:57] [22/459] SMMF
[04:48:58] [23/459] CLLB
[04:48:59] [24/459] FMCB
[04:48:59] [25/459] BBTC
[04:49:00] [26/459] NTHS
[04:49:01] [27/459] PKKJ
[04:49:03] [28/459] MTJA
[04:49:04] [29/459] PMSJ
[04:49:05] [30/459] JMJU
[04:49:06] [31/459] SRAD
[04:49:08] [32/459] MJMC
[04:49:08] [33/459] DFRM
[04:49:09] [34/459] PMRS
[04:49:10] [35/459] RKPP
[04:49:11] [36/459] BMBK
[04:49:12] [37/459] NEWS
[04:49:13] [38/459] SALB
[04:49:14] [39/459] SCPW
[04:49:15] [40/459] RAYL
[04:49:16] [41/459] CMGJ
[04:49:16] [42/459] JRCR
[04:49:17] [43/459] SRTB
[04:49:18] [44/459] ETPB
[04:49:19] [45/459] MXBN
[04:49:20] [46/459] TOPE
[04:49:21] [47/459] SNLJ
[04:49:22] [48/459] CDDP
[04:49:22] [49/459] APCX
[04:49:24] [50/459] TALP
[04:49:25] [51/459] RRMP
[04:49:26] [52/459] MAHB
[04:49:27] [53/459] MTKR
[04:49:28] [54/459] KSKL
[04:49:29] [55/459] RJLT
[04:49:30] [56/459] ATAS
[04:49:31] [57/459] AMHR
[04:49:32] [58/459] RSRM
[04:49:33] [59/459] GCAT
[04:49:34] [60/459] SMML
[04:49:35] [61/459] ACCD
[04:49:35] [62/459] VYDA
[04:49:36] [63/459] MSKT
[04:49:38] [64/459] AVDM
[04:49:39] [65/459] ASMH
[04:49:39] [66/459] VTMB
[04:49:40] [67/459] WVMB
[04:49:41] [68/459] PPMN
[04:49:42] [69/459] MTMD
[04:49:43] [70/459] SMMO
[04:49:44] [71/459] DLPB
[04:49:45] [72/459] AKMD
[04:49:45] [73/459] SHRR
[04:49:46] [74/459] ASCO
[04:49:47] [75/459] CZVX
[04:49:48] [76/459] GCBB
[04:49:49] [77/459] ATBM
[04:49:50] [78/459] TCGM
[04:49:52] [79/459] UMSE
[04:49:52] [80/459] NKCL
[04:49:53] [81/459] BTLR
[04:49:54] [82/459] GOCL
[04:49:55] [83/459] MIRN
[04:49:56] [84/459] THEC
[04:49:57] [85/459] SPPB
[04:49:57] [86/459] PMMM
[04:49:59] [87/459] GGMC
[04:50:00] [88/459] AVSR
[04:50:01] [89/459] RDMH
[04:50:02] [90/459] JSRS
[04:50:03] [91/459] VKGP
[04:50:04] [92/459] ACRT
[04:50:05] [93/459] GCBA
[04:50:05] [94/459] GTCP
[04:50:06] [95/459] AKFC
[04:50:07] [96/459] INCS
[04:50:08] [97/459] SMCK
[04:50:09] [98/459] BRUN
[04:50:10] [99/459] RPPC
[04:50:11] [100/459] PAYD
[04:50:12] [101/459] SVVT
[04:50:13] [102/459] RNCC
[04:50:14] [103/459] PCRC
[04:50:14] [104/459] PMRM
[04:50:16] [105/459] CCRP
[04:50:17] [106/459] INCR
[04:50:18] [107/459] ZTMP
[04:50:18] [108/459] MCNR
[04:50:19] [109/459] INRP
[04:50:20] [110/459] STRC
[04:50:21] [111/459] RATI
[04:50:22] [112/459] PBTR
[04:50:23] [113/459] CMHP
[04:50:24] [114/459] ZECJ
[04:50:25] [115/459] CCCB
[04:50:26] [116/459] BWCB
[04:50:27] [117/459] CCAT
[04:50:28] [118/459] KGCM
[04:50:28] [119/459] INPT
[04:50:29] [120/459] FNCO
[04:50:30] [121/459] SRMJ
[04:50:31] [122/459] PFSC
[04:50:32] [123/459] PBMC
[04:50:32] [124/459] KARP
[04:50:33] [125/459] KOVI
[04:50:34] [126/459] ACXL
[04:50:35] [127/459] GKCC
[04:50:36] [128/459] ASCC
[04:50:37] [129/459] SETC
[04:50:38] [130/459] KACC
[04:50:38] [131/459] KAVE
[04:50:40] [132/459] CNTC
[04:50:41] [133/459] MEEN
[04:50:42] [134/459] BMRV
[04:50:43] [135/459] SVAM
[04:50:43] [136/459] VTBP
[04:50:44] [137/459] VCKN
[04:50:46] [138/459] SGTK
[04:50:48] [139/459] RCGS
[04:50:49] [140/459] RCCB
[04:50:50] [141/459] RKSR
[04:50:50] [142/459] RKCU
[04:50:52] [143/459] GIBH
[04:50:53] [144/459] CXBS
[04:50:54] [145/459] GGCB
[04:50:55] [146/459] SCPB
[04:50:56] [147/459] AKTB
[04:50:57] [148/459] SRBU
[04:50:58] [149/459] CSSA
[04:50:59] [150/459] MYAN
[04:50:59] [151/459] EXCA
[04:51:00] [152/459] CKSA
[04:51:01] [153/459] JTNM
[04:51:02] [154/459] CXKT
[04:51:03] [155/459] NCLM
[04:51:04] [156/459] JAAD
[04:51:05] [157/459] RDCR
[04:51:06] [158/459] MEER
[04:51:07] [159/459] SIBT
[04:51:07] [160/459] PVVB
[04:51:08] [161/459] FNPN
[04:51:09] [162/459] CRPX
[04:51:10] [163/459] STET
[04:51:11] [164/459] METE
[04:51:11] [165/459] BJML
[04:51:12] [166/459] MAVT
[04:51:13] [167/459] MSRM
[04:51:14] [168/459] TJMP
[04:51:15] [169/459] MHCK
[04:51:16] [170/459] SVGP
[04:51:17] [171/459] KRRC
[04:51:18] [172/459] IMCH
[04:51:18] [173/459] CMCS
[04:51:19] [174/459] SGND
[04:51:20] [175/459] RNAT
[04:51:21] [176/459] PRTN
[04:51:22] [177/459] MPTN
[04:51:23] [178/459] ARCC
[04:51:23] [179/459] NTTE
[04:51:24] [180/459] ABND
[04:51:25] [181/459] KCSN
[04:51:26] [182/459] KCSA
[04:51:27] [183/459] DCKT
[04:51:28] [184/459] MBBR
[04:51:29] [185/459] RAMU
[04:51:30] [186/459] RACW
[04:51:30] [187/459] MCHP
[04:51:31] [188/459] TMHM
[04:51:32] [189/459] STXH
[04:51:33] [190/459] AGSG
[04:51:34] [191/459] SIRA
[04:51:35] [192/459] RCAN
[04:51:35] [193/459] CWTB
[04:51:36] [194/459] VTYM
[04:51:38] [195/459] RRPP
[04:51:39] [196/459] ASMR
[04:51:39] [197/459] RONO
[04:51:40] [198/459] MEMR
[04:51:41] [199/459] CTMR
[04:51:42] [200/459] PMTT
[04:51:44] [201/459] PSLX
[04:51:45] [202/459] IPPL
[04:51:46] [203/459] MMSG
[04:51:47] [204/459] INEL
[04:51:48] [205/459] COAC
[04:51:48] [206/459] WVLK
[04:51:49] [207/459] PPXL
[04:51:50] [208/459] PSML
[04:51:51] [209/459] FNLK
[04:51:52] [210/459] ILUM
[04:51:53] [211/459] ILCM
[04:51:54] [212/459] MSNL
[04:51:55] [213/459] VINB
[04:51:55] [214/459] SALW
[04:51:56] [215/459] PRTB
[04:51:57] [216/459] NCIL
[04:51:58] [217/459] PSUL
[04:51:59] [218/459] SCLK
[04:51:59] [219/459] ADDC
[04:52:00] [220/459] OACL
[04:52:02] [221/459] OOCF
[04:52:03] [222/459] GPMF
[04:52:04] [223/459] SSDG
[04:52:05] [224/459] SKRS
[04:52:06] [225/459] NTTP
[04:52:06] [226/459] SLTP
[04:52:07] [227/459] JTLC
[04:52:08] [228/459] POON
[04:52:09] [229/459] CCPC
[04:52:10] [230/459] DCKC
[04:52:11] [231/459] CPRT
[04:52:12] [232/459] EYHZ
[04:52:14] [233/459] ARBL
[04:52:14] [234/459] SBTB
[04:52:16] [235/459] MMCK
[04:52:16] [236/459] PLMR
[04:52:17] [237/459] BIJH
[04:52:18] [238/459] SDRT
[04:52:19] [239/459] PRDC
[04:52:20] [240/459] OMJA
[04:52:21] [241/459] VKCR
[04:52:22] [242/459] ATRT
[04:52:23] [243/459] WVRP
[04:52:23] [244/459] MVRP
[04:52:24] [245/459] FCAX
[04:52:25] [246/459] CTLC
[04:52:26] [247/459] JCHB
[04:52:27] [248/459] SELP
[04:52:28] [249/459] VCPG
[04:52:28] [250/459] ASCX
[04:52:29] [251/459] EOCS
[04:52:30] [252/459] RCPH
[04:52:31] [253/459] RJTM
[04:52:32] [254/459] SGMD
[04:52:33] [255/459] SVJT
[04:52:34] [256/459] SPPO
[04:52:36] [257/459] MNRL
[04:52:36] [258/459] KNOX
[04:52:37] [259/459] GIER
[04:52:38] [260/459] PJMS
[04:52:39] [261/459] UNSP
[04:52:40] [262/459] JETP
[04:52:41] [263/459] VTWA
[04:52:42] [264/459] SCJI
[04:52:43] [265/459] CBZZ
[04:52:44] [266/459] SDCJ
[04:52:45] [267/459] RRCC
[04:52:45] [268/459] VNKG
[04:52:46] [269/459] LKTO
[04:52:47] [270/459] PJRM
[04:52:48] [271/459] NVRM
[04:52:49] [272/459] SJCS
[04:52:50] [273/459] VIGK
[04:52:51] [274/459] ANST
[04:52:52] [275/459] JTTS
[04:52:53] [276/459] NTST
[04:52:53] [277/459] PREB
[04:52:55] [278/459] TSCZ
[04:52:56] [279/459] CDCM
[04:52:57] [280/459] ELYE
[04:52:57] [281/459] INBS
[04:52:58] [282/459] SMGC
[04:52:59] [283/459] UTMP
[04:53:00] [284/459] INTA
[04:53:01] [285/459] OMPT
[04:53:02] [286/459] SCIR
[04:53:03] [287/459] GCKJ
[04:53:04] [288/459] INOG
[04:53:05] [289/459] SMGB
[04:53:06] [290/459] MCSG
[04:53:07] [291/459] STKG
[04:53:08] [292/459] TTKG
[04:53:08] [293/459] SRTR
[04:53:09] [294/459] ETTR
[04:53:10] [295/459] GGGZ
[04:53:11] [296/459] IPGM
[04:53:12] [297/459] FCDH
[04:53:14] [298/459] DESB
[04:53:14] [299/459] VNTP
[04:53:15] [300/459] ANNT
[04:53:16] [301/459] SLTI
[04:53:17] [302/459] MAJU
[04:53:18] [303/459] JCXP
[04:53:19] [304/459] HARK
[04:53:21] [305/459] JPCJ
[04:53:22] [306/459] RXBD
[04:53:23] [307/459] PTKJ
[04:53:24] [308/459] CMTU
[04:53:24] [309/459] SWOR
[04:53:25] [310/459] JMEX
[04:53:26] [311/459] DTPT
[04:53:27] [312/459] VGMM
[04:53:27] [313/459] VCSG
[04:53:28] [314/459] CVCG
[04:53:29] [315/459] TNTT
[04:53:30] [316/459] SHRM
[04:53:31] [317/459] CGKD
[04:53:31] [318/459] EKCM
[04:53:32] [319/459] SDCX
[04:53:33] [320/459] SBTE
[04:53:34] [321/459] STKJ
[04:53:35] [322/459] TPCE
[04:53:35] [323/459] JTNP
[04:53:36] [324/459] LPCH
[04:53:37] [325/459] CPUO
[04:53:38] [326/459] APSU
[04:53:39] [327/459] RTHC
[04:53:40] [328/459] PTBU
[04:53:40] [329/459] CUCC
[04:53:41] [330/459] CPSA
[04:53:42] [331/459] SUAY
[04:53:43] [332/459] AYAA
[04:53:44] [333/459] MUCH
[04:53:45] [334/459] PCIN
[04:53:46] [335/459] JRRM
[04:53:47] [336/459] KATS
[04:53:47] [337/459] MHFF
[04:53:48] [338/459] ESYM
[04:53:49] [339/459] STYV
[04:53:50] [340/459] SDKG
[04:53:51] [341/459] SMTI
[04:53:51] [342/459] NYCS
[04:53:52] [343/459] MTBG
[04:53:54] [344/459] RHCA
[04:53:55] [345/459] PCKH
[04:53:56] [346/459] ARCR
[04:53:57] [347/459] NCMB
[04:53:57] [348/459] SHYC
[04:53:58] [349/459] LACK
[04:53:59] [350/459] MTCM
[04:54:00] [351/459] RRBN
[04:54:01] [352/459] MYDC
[04:54:02] [353/459] STCS
[04:54:03] [354/459] CONN
[04:54:04] [355/459] SIPS
[04:54:04] [356/459] SMMX
[04:54:05] [357/459] SCBY
[04:54:06] [358/459] SUAP
[04:54:07] [359/459] RSMK
[04:54:08] [360/459] STKP
[04:54:09] [361/459] CIPC
[04:54:09] [362/459] KKCI
[04:54:10] [363/459] CTNK
[04:54:11] [364/459] MMTZ
[04:54:12] [365/459] DCCO
[04:54:13] [366/459] VNMN
[04:54:14] [367/459] RLCN
[04:54:15] [368/459] CMMS
[04:54:15] [369/459] AYOU
[04:54:16] [370/459] SSCN
[04:54:17] [371/459] SMXN
[04:54:18] [372/459] ASSK
[04:54:19] [373/459] VCKM
[04:54:20] [374/459] PCPH
[04:54:21] [375/459] PADM
[04:54:22] [376/459] IESA
[04:54:23] [377/459] VCSP
[04:54:24] [378/459] AEST
[04:54:24] [379/459] VTNR
[04:54:25] [380/459] GTTA
[04:54:26] [381/459] CMMM
[04:54:27] [382/459] AHKT
[04:54:28] [383/459] SIJI
[04:54:29] [384/459] VCEI
[04:54:30] [385/459] SAKR
[04:54:30] [386/459] VSMT
[04:54:31] [387/459] SSCT
[04:54:32] [388/459] USTR
[04:54:33] [389/459] MTKT
[04:54:35] [390/459] TGMP
[04:54:35] [391/459] SIVC
[04:54:36] [392/459] KICT
[04:54:37] [393/459] DAMD
[04:54:38] [394/459] CNPT
[04:54:40] [395/459] RVTT
[04:54:41] [396/459] SNCM
[04:54:42] [397/459] GHTE
[04:54:43] [398/459] PPAM
[04:54:43] [399/459] PVAA
[04:54:44] [400/459] CPAO
[04:54:45] [401/459] HAMD
[04:54:46] [402/459] RCCA
[04:54:46] [403/459] MPCH
[04:54:47] [404/459] ARED
[04:54:49] [405/459] RRCV
[04:54:50] [406/459] MTRB
[04:54:52] [407/459] CKUA
[04:54:53] [408/459] ABMP
[04:54:53] [409/459] RCWA
[04:54:55] [410/459] CGAR
[04:54:56] [411/459] METH
[04:54:57] [412/459] WAGA
[04:54:58] [413/459] MCMA
[04:54:58] [414/459] CSMP
[04:54:59] [415/459] RCNK
[04:55:01] [416/459] PSTM
[04:55:02] [417/459] CSEP
[04:55:03] [418/459] AMGD
[04:55:03] [419/459] CSTE
[04:55:04] [420/459] CONS
[04:55:05] [421/459] APPX
[04:55:07] [422/459] MABC
[04:55:08] [423/459] CXST
[04:55:08] [424/459] MATN
[04:55:09] [425/459] MACZ
[04:55:10] [426/459] MASA
[04:55:11] [427/459] MBSX
[04:55:12] [428/459] CSST
[04:55:13] [429/459] APCL
[04:55:14] [430/459] CGOS
[04:55:15] [431/459] CPEC
[04:55:16] [432/459] MCCP
[04:55:17] [433/459] BSSO
[04:55:18] [434/459] SJKA
[04:55:19] [435/459] CGBO
[04:55:19] [436/459] MVSK
[04:55:20] [437/459] HVCA
[04:55:21] [438/459] NAMD
[04:55:22] [439/459] DEVI
[04:55:23] [440/459] SCSV
[04:55:24] [441/459] PSMA
[04:55:24] [442/459] CLDJ
[04:55:25] [443/459] NMAD
[04:55:26] [444/459] CGMO
[04:55:27] [445/459] MCNA
[04:55:28] [446/459] OCBN
[04:55:29] [447/459] CPEM
[04:55:30] [448/459] CPSM
[04:55:31] [449/459] RCAD
[04:55:32] [450/459] CPMU
[04:55:33] [451/459] DICD
[04:55:34] [452/459] CHOE
[04:55:34] [453/459] PDJM
[04:55:35] [454/459] SSTU
[04:55:36] [455/459] VNRN
[04:55:37] [456/459] PVLG
[04:55:39] [457/459] SWBL
[04:55:40] [458/459] SCAB
[04:55:41] [459/459] RDDA
[04:55:42] 🧹 Deduping shows
[04:55:42] ✅ DONE | Shows=745 | Movies=40
