[10:02:16] 🚀 SCRIPT STARTED
[10:02:16] [1/296] CDCA
[10:02:16] 🧠 New identity created
[10:02:17] [2/296] MNSR
[10:02:18] [3/296] CSSL
[10:02:18] [4/296] BGGM
[10:02:19] [5/296] MANT
[10:02:20] [6/296] SOOY
[10:02:22] [7/296] VPPK
[10:02:23] [8/296] MYHJ
[10:02:25] [9/296] KSCK
[10:02:26] [10/296] KATK
[10:02:27] [11/296] RTRT
[10:02:27] [12/296] SSTT
[10:02:28] [13/296] SSTV
[10:02:30] [14/296] LACM
[10:02:31] [15/296] SGMG
[10:02:32] [16/296] KACX
[10:02:33] [17/296] GVCP
[10:02:33] [18/296] CSNC
[10:02:34] [19/296] SXCB
[10:02:35] [20/296] BAHS
[10:02:36] [21/296] PCBI
[10:02:37] [22/296] PSSM
[10:02:38] [23/296] RCOK
[10:02:38] [24/296] SCPF
[10:02:40] [25/296] SSAS
[10:02:41] [26/296] EVMM
[10:02:42] [27/296] SYCB
[10:02:42] [28/296] GCKI
[10:02:43] [29/296] IAET
[10:02:44] [30/296] DDTD
[10:02:45] [31/296] GMDH
[10:02:46] [32/296] STLE
[10:02:47] [33/296] JTRA
[10:02:48] [34/296] RPPA
[10:02:49] [35/296] ARUT
[10:02:50] [36/296] JTVM
[10:02:52] [37/296] SWRH
[10:02:53] [38/296] DCPC
[10:02:54] [39/296] RAPR
[10:02:55] [40/296] GCRT
[10:02:55] [41/296] ATUN
[10:02:56] [42/296] LTRM
[10:02:57] [43/296] TASR
[10:02:58] [44/296] RLLC
[10:02:59] [45/296] MABI
[10:02:59] [46/296] SVHB
[10:03:00] [47/296] NVTB
[10:03:01] [48/296] KCKG
[10:03:02] [49/296] SSRN
[10:03:03] [50/296] VDDC
[10:03:04] [51/296] GKTK
[10:03:04] [52/296] YFSN
[10:03:05] [53/296] GCSG
[10:03:06] [54/296] ESSM
[10:03:06] [55/296] KRIH
[10:03:07] [56/296] GCDS
[10:03:08] [57/296] CCSH
[10:03:09] [58/296] ACSK
[10:03:09] [59/296] APRK
[10:03:10] [60/296] ADKM
[10:03:11] [61/296] SRDM
[10:03:12] [62/296] RMOG
[10:03:13] [63/296] SJMY
[10:03:13] [64/296] PGGC
[10:03:14] [65/296] INGM
[10:03:15] [66/296] LSCB
[10:03:16] [67/296] STAD
[10:03:17] [68/296] MCCR
[10:03:18] [69/296] ABCC
[10:03:20] [70/296] RKCC
[10:03:21] [71/296] RTCR
[10:03:22] [72/296] GGBC
[10:03:23] [73/296] GCSD
[10:03:24] [74/296] LPTY
[10:03:26] [75/296] MCFD
[10:03:27] [76/296] HENN
[10:03:27] [77/296] SMKU
[10:03:28] [78/296] TNZC
[10:03:29] [79/296] DRCD
[10:03:30] [80/296] DLCD
[10:03:31] [81/296] RCDA
[10:03:32] [82/296] COSM
[10:03:33] [83/296] MCMJ
[10:03:34] [84/296] CSTR
[10:03:35] [85/296] CVDK
[10:03:35] [86/296] INRR
[10:03:36] [87/296] RJRT
[10:03:37] [88/296] IRMR
[10:03:38] [89/296] SRCF
[10:03:38] [90/296] GRCR
[10:03:40] [91/296] SURC
[10:03:41] [92/296] NMNH
[10:03:41] [93/296] SVBL
[10:03:42] [94/296] KACI
[10:03:43] [95/296] TDGO
[10:03:44] [96/296] KTBR
[10:03:45] [97/296] PMAD
[10:03:46] [98/296] CCPN
[10:03:46] [99/296] SBTK
[10:03:47] [100/296] LMDK
[10:03:48] [101/296] PGDA
[10:03:49] [102/296] SRML
[10:03:50] [103/296] EVCK
[10:03:50] [104/296] RTTK
[10:03:51] [105/296] SRTU
[10:03:52] [106/296] VRSA
[10:03:54] [107/296] VARS
[10:03:55] [108/296] DSCZ
[10:03:56] [109/296] GAGA
[10:03:57] [110/296] SARV
[10:03:58] [111/296] SEEG
[10:03:59] [112/296] GLCA
[10:03:59] [113/296] APAS
[10:04:00] [114/296] VCIA
[10:04:01] [115/296] SJTA
[10:04:02] [116/296] SABM
[10:04:03] [117/296] PPAG
[10:04:03] [118/296] RVCA
[10:04:05] [119/296] CCIA
[10:04:06] [120/296] HTAG
[10:04:07] [121/296] SMBI
[10:04:08] [122/296] MCJR
[10:04:08] [123/296] CCJR
[10:04:09] [124/296] SINF
[10:04:10] [125/296] CPLX
[10:04:11] [126/296] KKTJ
[10:04:12] [127/296] GDBW
[10:04:12] [128/296] CSUB
[10:04:13] [129/296] DABA
[10:04:14] [130/296] TITR
[10:04:16] [131/296] NYCR
[10:04:17] [132/296] RTRY
[10:04:17] [133/296] JTJL
[10:04:18] [134/296] SJCP
[10:04:19] [135/296] KCCA
[10:04:19] [136/296] MLPG
[10:04:20] [137/296] VRCK
[10:04:21] [138/296] SRIN
[10:04:22] [139/296] CXMK
[10:04:23] [140/296] SKAD
[10:04:24] [141/296] AVTR
[10:04:25] [142/296] PTAJ
[10:04:26] [143/296] SCNK
[10:04:26] [144/296] STTI
[10:04:27] [145/296] KACR
[10:04:28] [146/296] SSDX
[10:04:29] [147/296] VRTJ
[10:04:30] [148/296] RAJD
[10:04:30] [149/296] SCIP
[10:04:31] [150/296] RJSL
[10:04:32] [151/296] ARRS
[10:04:33] [152/296] ASMS
[10:04:34] [153/296] RDTS
[10:04:35] [154/296] DVMY
[10:04:35] [155/296] RASA
[10:04:36] [156/296] INOM
[10:04:37] [157/296] SPRS
[10:04:38] [158/296] SGCS
[10:04:39] [159/296] SALM
[10:04:40] [160/296] PKHC
[10:04:41] [161/296] RCSV
[10:04:41] [162/296] CPKC
[10:04:42] [163/296] AACD
[10:04:43] [164/296] GGCV
[10:04:44] [165/296] SMKD
[10:04:44] [166/296] NBCH
[10:04:45] [167/296] AMCB
[10:04:46] [168/296] OPCN
[10:04:47] [169/296] DCIN
[10:04:48] [170/296] INGW
[10:04:48] [171/296] PKKW
[10:04:49] [172/296] FNGW
[10:04:50] [173/296] GCGD
[10:04:51] [174/296] MSTW
[10:04:52] [175/296] KCCG
[10:04:53] [176/296] MRSS
[10:04:53] [177/296] CLCF
[10:04:54] [178/296] EETS
[10:04:55] [179/296] AATR
[10:04:56] [180/296] CMMN
[10:04:57] [181/296] SCCJ
[10:04:58] [182/296] CDTK
[10:04:59] [183/296] AICP
[10:04:59] [184/296] FNBP
[10:05:00] [185/296] CBPB
[10:05:01] [186/296] CPAS
[10:05:03] [187/296] MAPM
[10:05:03] [188/296] PASD
[10:05:04] [189/296] JCMN
[10:05:05] [190/296] MALB
[10:05:06] [191/296] SACG
[10:05:08] [192/296] DDRX
[10:05:09] [193/296] DDXB
[10:05:09] [194/296] RAMC
[10:05:10] [195/296] SANC
[10:05:11] [196/296] BCBP
[10:05:12] [197/296] ALPC
[10:05:13] [198/296] RBAC
[10:05:13] [199/296] RAJL
[10:05:14] [200/296] MPDX
[10:05:15] [201/296] MUSC
[10:05:16] [202/296] VKMK
[10:05:17] [203/296] SKCG
[10:05:18] [204/296] ANCN
[10:05:19] [205/296] MMCJ
[10:05:20] [206/296] DCAK
[10:05:21] [207/296] SCKG
[10:05:22] [208/296] LMCK
[10:05:23] [209/296] CKKX
[10:05:24] [210/296] ANKU
[10:05:25] [211/296] CSMD
[10:05:26] [212/296] MKMP
[10:05:27] [213/296] SVBG
[10:05:28] [214/296] ROOP
[10:05:29] [215/296] GDMT
[10:05:29] [216/296] FPPF
[10:05:30] [217/296] SFUU
[10:05:31] [218/296] ANCB
[10:05:32] [219/296] SMMC
[10:05:33] [220/296] UGKT
[10:05:34] [221/296] JVRM
[10:05:35] [222/296] BATG
[10:05:35] [223/296] RATE
[10:05:36] [224/296] SKME
[10:05:37] [225/296] LMTP
[10:05:38] [226/296] TCBD
[10:05:39] [227/296] ESBD
[10:05:40] [228/296] GDCU
[10:05:40] [229/296] SNKT
[10:05:41] [230/296] SRNK
[10:05:42] [231/296] SMED
[10:05:42] [232/296] CSQS
[10:05:44] [233/296] ALCS
[10:05:45] [234/296] KCKN
[10:05:46] [235/296] VCCL
[10:05:46] [236/296] MCDA
[10:05:47] [237/296] SHMI
[10:05:48] [238/296] SKHA
[10:05:49] [239/296] SVFK
[10:05:50] [240/296] INVB
[10:05:51] [241/296] MELD
[10:05:52] [242/296] JTYS
[10:05:53] [243/296] INCM
[10:05:53] [244/296] MCDV
[10:05:54] [245/296] KSGK
[10:05:55] [246/296] ICMG
[10:05:56] [247/296] CSCV
[10:05:56] [248/296] STMD
[10:05:57] [249/296] STTR
[10:05:58] [250/296] INVC
[10:05:59] [251/296] JTBL
[10:06:00] [252/296] SRVV
[10:06:02] [253/296] MAVC
[10:06:02] [254/296] SRPP
[10:06:03] [255/296] JGDM
[10:06:04] [256/296] MBSJ
[10:06:05] [257/296] SSLL
[10:06:06] [258/296] SLKP
[10:06:07] [259/296] NSRV
[10:06:08] [260/296] UTDV
[10:06:09] [261/296] KICM
[10:06:10] [262/296] KCMD
[10:06:11] [263/296] TTPP
[10:06:11] [264/296] KMPV
[10:06:12] [265/296] SKTV
[10:06:13] [266/296] STCV
[10:06:14] [267/296] SRDA
[10:06:15] [268/296] JTSX
[10:06:16] [269/296] STBV
[10:06:18] [270/296] APVZ
[10:06:19] [271/296] GSTV
[10:06:19] [272/296] NMVS
[10:06:20] [273/296] SKRT
[10:06:21] [274/296] RMDV
[10:06:22] [275/296] RATG
[10:06:23] [276/296] SJYV
[10:06:24] [277/296] NDGP
[10:06:25] [278/296] SNDG
[10:06:26] [279/296] INSR
[10:06:27] [280/296] INSO
[10:06:27] [281/296] CCSI
[10:06:28] [282/296] RASM
[10:06:29] [283/296] NEWC
[10:06:31] [284/296] VSHL
[10:06:31] [285/296] BISW
[10:06:32] [286/296] GCNG
[10:06:34] [287/296] CWSC
[10:06:35] [288/296] SKAN
[10:06:35] [289/296] SEHP
[10:06:36] [290/296] CCOA
[10:06:37] [291/296] MCAJ
[10:06:38] [292/296] ACDE
[10:06:39] [293/296] AACM
[10:06:39] [294/296] JJCK
[10:06:40] [295/296] RCMO
[10:06:41] [296/296] GDAW
[10:06:42] 🧹 Deduping shows
[10:06:42] ✅ DONE | Shows=414 | Movies=33
[16:46:49] 🚀 SCRIPT STARTED
[16:46:49] [1/296] CDCA
[16:46:49] 🧠 New identity created
[16:46:50] [2/296] MNSR
[16:46:51] [3/296] CSSL
[16:46:52] [4/296] BGGM
[16:46:52] [5/296] MANT
[16:46:53] [6/296] SOOY
[16:46:54] [7/296] VPPK
[16:46:55] [8/296] MYHJ
[16:46:56] [9/296] KSCK
[16:46:57] [10/296] KATK
[16:46:58] [11/296] RTRT
[16:46:59] [12/296] SSTT
[16:47:00] [13/296] SSTV
[16:47:01] [14/296] LACM
[16:47:02] [15/296] SGMG
[16:47:02] [16/296] KACX
[16:47:03] [17/296] GVCP
[16:47:04] [18/296] CSNC
[16:47:05] [19/296] SXCB
[16:47:06] [20/296] BAHS
[16:47:07] [21/296] PCBI
[16:47:08] [22/296] PSSM
[16:47:09] [23/296] RCOK
[16:47:10] [24/296] SCPF
[16:47:11] [25/296] SSAS
[16:47:12] [26/296] EVMM
[16:47:13] [27/296] SYCB
[16:47:14] [28/296] GCKI
[16:47:15] [29/296] IAET
[16:47:16] [30/296] DDTD
[16:47:17] [31/296] GMDH
[16:47:18] [32/296] STLE
[16:47:19] [33/296] JTRA
[16:47:20] [34/296] RPPA
[16:47:21] [35/296] ARUT
[16:47:22] [36/296] JTVM
[16:47:23] [37/296] SWRH
[16:47:23] [38/296] DCPC
[16:47:24] [39/296] RAPR
[16:47:25] [40/296] GCRT
[16:47:26] [41/296] ATUN
[16:47:27] [42/296] LTRM
[16:47:28] [43/296] TASR
[16:47:29] [44/296] RLLC
[16:47:29] [45/296] MABI
[16:47:30] [46/296] SVHB
[16:47:31] [47/296] NVTB
[16:47:32] [48/296] KCKG
[16:47:33] [49/296] SSRN
[16:47:34] [50/296] VDDC
[16:47:35] [51/296] GKTK
[16:47:36] [52/296] YFSN
[16:47:37] [53/296] GCSG
[16:47:38] [54/296] ESSM
[16:47:39] [55/296] KRIH
[16:47:40] [56/296] GCDS
[16:47:40] [57/296] CCSH
[16:47:41] [58/296] ACSK
[16:47:42] [59/296] APRK
[16:47:43] [60/296] ADKM
[16:47:44] [61/296] SRDM
[16:47:45] [62/296] RMOG
[16:47:46] [63/296] SJMY
[16:47:47] [64/296] PGGC
[16:47:47] [65/296] INGM
[16:47:48] [66/296] LSCB
[16:47:49] [67/296] STAD
[16:47:50] [68/296] MCCR
[16:47:51] [69/296] ABCC
[16:47:53] [70/296] RKCC
[16:47:53] [71/296] RTCR
[16:47:54] [72/296] GGBC
[16:47:55] [73/296] GCSD
[16:47:56] [74/296] LPTY
[16:47:56] [75/296] MCFD
[16:47:58] [76/296] HENN
[16:47:59] [77/296] SMKU
[16:47:59] [78/296] TNZC
[16:48:00] [79/296] DRCD
[16:48:01] [80/296] DLCD
[16:48:02] [81/296] RCDA
[16:48:03] [82/296] COSM
[16:48:04] [83/296] MCMJ
[16:48:05] [84/296] CSTR
[16:48:06] [85/296] CVDK
[16:48:07] [86/296] INRR
[16:48:08] [87/296] RJRT
[16:48:09] [88/296] IRMR
[16:48:10] [89/296] SRCF
[16:48:11] [90/296] GRCR
[16:48:12] [91/296] SURC
[16:48:13] [92/296] NMNH
[16:48:14] [93/296] SVBL
[16:48:15] [94/296] KACI
[16:48:16] [95/296] TDGO
[16:48:16] [96/296] KTBR
[16:48:17] [97/296] PMAD
[16:48:18] [98/296] CCPN
[16:48:19] [99/296] SBTK
[16:48:20] [100/296] LMDK
[16:48:21] [101/296] PGDA
[16:48:21] [102/296] SRML
[16:48:22] [103/296] EVCK
[16:48:23] [104/296] RTTK
[16:48:25] [105/296] SRTU
[16:48:26] [106/296] VRSA
[16:48:27] [107/296] VARS
[16:48:28] [108/296] DSCZ
[16:48:29] [109/296] GAGA
[16:48:31] [110/296] SARV
[16:48:32] [111/296] SEEG
[16:48:32] [112/296] GLCA
[16:48:33] [113/296] APAS
[16:48:34] [114/296] VCIA
[16:48:36] [115/296] SJTA
[16:48:36] [116/296] SABM
[16:48:37] [117/296] PPAG
[16:48:38] [118/296] RVCA
[16:48:39] [119/296] CCIA
[16:48:40] [120/296] HTAG
[16:48:40] [121/296] SMBI
[16:48:41] [122/296] MCJR
[16:48:42] [123/296] CCJR
[16:48:43] [124/296] SINF
[16:48:44] [125/296] CPLX
[16:48:45] [126/296] KKTJ
[16:48:46] [127/296] GDBW
[16:48:47] [128/296] CSUB
[16:48:48] [129/296] DABA
[16:48:49] [130/296] TITR
[16:48:50] [131/296] NYCR
[16:48:51] [132/296] RTRY
[16:48:52] [133/296] JTJL
[16:48:52] [134/296] SJCP
[16:48:53] [135/296] KCCA
[16:48:54] [136/296] MLPG
[16:48:54] [137/296] VRCK
[16:48:55] [138/296] SRIN
[16:48:56] [139/296] CXMK
[16:48:57] [140/296] SKAD
[16:48:58] [141/296] AVTR
[16:48:59] [142/296] PTAJ
[16:49:01] [143/296] SCNK
[16:49:01] [144/296] STTI
[16:49:02] [145/296] KACR
[16:49:03] [146/296] SSDX
[16:49:04] [147/296] VRTJ
[16:49:05] [148/296] RAJD
[16:49:06] [149/296] SCIP
[16:49:07] [150/296] RJSL
[16:49:08] [151/296] ARRS
[16:49:08] [152/296] ASMS
[16:49:09] [153/296] RDTS
[16:49:10] [154/296] DVMY
[16:49:11] [155/296] RASA
[16:49:12] [156/296] INOM
[16:49:13] [157/296] SPRS
[16:49:14] [158/296] SGCS
[16:49:15] [159/296] SALM
[16:49:16] [160/296] PKHC
[16:49:17] [161/296] RCSV
[16:49:18] [162/296] CPKC
[16:49:18] [163/296] AACD
[16:49:19] [164/296] GGCV
[16:49:20] [165/296] SMKD
[16:49:22] [166/296] NBCH
[16:49:22] [167/296] AMCB
[16:49:23] [168/296] OPCN
[16:49:24] [169/296] DCIN
[16:49:25] [170/296] INGW
[16:49:26] [171/296] PKKW
[16:49:27] [172/296] FNGW
[16:49:28] [173/296] GCGD
[16:49:29] [174/296] MSTW
[16:49:29] [175/296] KCCG
[16:49:30] [176/296] MRSS
[16:49:31] [177/296] CLCF
[16:49:32] [178/296] EETS
[16:49:33] [179/296] AATR
[16:49:34] [180/296] CMMN
[16:49:34] [181/296] SCCJ
[16:49:35] [182/296] CDTK
[16:49:36] [183/296] AICP
[16:49:37] [184/296] FNBP
[16:49:39] [185/296] CBPB
[16:49:40] [186/296] CPAS
[16:49:40] [187/296] MAPM
[16:49:41] [188/296] PASD
[16:49:42] [189/296] JCMN
[16:49:43] [190/296] MALB
[16:49:44] [191/296] SACG
[16:49:45] [192/296] DDRX
[16:49:46] [193/296] DDXB
[16:49:47] [194/296] RAMC
[16:49:48] [195/296] SANC
[16:49:49] [196/296] BCBP
[16:49:49] [197/296] ALPC
[16:49:50] [198/296] RBAC
[16:49:51] [199/296] RAJL
[16:49:52] [200/296] MPDX
[16:49:53] [201/296] MUSC
[16:49:53] [202/296] VKMK
[16:49:54] [203/296] SKCG
[16:49:55] [204/296] ANCN
[16:49:56] [205/296] MMCJ
[16:49:57] [206/296] DCAK
[16:49:58] [207/296] SCKG
[16:49:59] [208/296] LMCK
[16:50:00] [209/296] CKKX
[16:50:01] [210/296] ANKU
[16:50:02] [211/296] CSMD
[16:50:03] [212/296] MKMP
[16:50:04] [213/296] SVBG
[16:50:05] [214/296] ROOP
[16:50:06] [215/296] GDMT
[16:50:07] [216/296] FPPF
[16:50:07] [217/296] SFUU
[16:50:08] [218/296] ANCB
[16:50:10] [219/296] SMMC
[16:50:11] [220/296] UGKT
[16:50:12] [221/296] JVRM
[16:50:12] [222/296] BATG
[16:50:13] [223/296] RATE
[16:50:14] [224/296] SKME
[16:50:15] [225/296] LMTP
[16:50:16] [226/296] TCBD
[16:50:17] [227/296] ESBD
[16:50:18] [228/296] GDCU
[16:50:19] [229/296] SNKT
[16:50:20] [230/296] SRNK
[16:50:21] [231/296] SMED
[16:50:22] [232/296] CSQS
[16:50:22] [233/296] ALCS
[16:50:23] [234/296] KCKN
[16:50:24] [235/296] VCCL
[16:50:25] [236/296] MCDA
[16:50:25] [237/296] SHMI
[16:50:26] [238/296] SKHA
[16:50:27] [239/296] SVFK
[16:50:28] [240/296] INVB
[16:50:29] [241/296] MELD
[16:50:30] [242/296] JTYS
[16:50:31] [243/296] INCM
[16:50:32] [244/296] MCDV
[16:50:33] [245/296] KSGK
[16:50:34] [246/296] ICMG
[16:50:35] [247/296] CSCV
[16:50:36] [248/296] STMD
[16:50:37] [249/296] STTR
[16:50:38] [250/296] INVC
[16:50:39] [251/296] JTBL
[16:50:40] [252/296] SRVV
[16:50:40] [253/296] MAVC
[16:50:41] [254/296] SRPP
[16:50:42] [255/296] JGDM
[16:50:43] [256/296] MBSJ
[16:50:44] [257/296] SSLL
[16:50:44] [258/296] SLKP
[16:50:45] [259/296] NSRV
[16:50:46] [260/296] UTDV
[16:50:47] [261/296] KICM
[16:50:49] [262/296] KCMD
[16:50:50] [263/296] TTPP
[16:50:51] [264/296] KMPV
[16:50:52] [265/296] SKTV
[16:50:53] [266/296] STCV
[16:50:54] [267/296] SRDA
[16:50:54] [268/296] JTSX
[16:50:55] [269/296] STBV
[16:50:56] [270/296] APVZ
[16:50:57] [271/296] GSTV
[16:50:57] [272/296] NMVS
[16:50:58] [273/296] SKRT
[16:50:59] [274/296] RMDV
[16:51:00] [275/296] RATG
[16:51:01] [276/296] SJYV
[16:51:02] [277/296] NDGP
[16:51:03] [278/296] SNDG
[16:51:05] [279/296] INSR
[16:51:06] [280/296] INSO
[16:51:07] [281/296] CCSI
[16:51:07] [282/296] RASM
[16:51:08] [283/296] NEWC
[16:51:10] [284/296] VSHL
[16:51:10] [285/296] BISW
[16:51:11] [286/296] GCNG
[16:51:12] [287/296] CWSC
[16:51:13] [288/296] SKAN
[16:51:14] [289/296] SEHP
[16:51:15] [290/296] CCOA
[16:51:16] [291/296] MCAJ
[16:51:17] [292/296] ACDE
[16:51:18] [293/296] AACM
[16:51:19] [294/296] JJCK
[16:51:20] [295/296] RCMO
[16:51:20] [296/296] GDAW
[16:51:21] 🧹 Deduping shows
[16:51:21] ✅ DONE | Shows=497 | Movies=36
[04:48:31] 🚀 SCRIPT STARTED
[04:48:31] [1/296] CDCA
[04:48:31] 🧠 New identity created
[04:48:32] [2/296] MNSR
[04:48:32] [3/296] CSSL
[04:48:33] [4/296] BGGM
[04:48:34] [5/296] MANT
[04:48:35] [6/296] SOOY
[04:48:36] [7/296] VPPK
[04:48:36] [8/296] MYHJ
[04:48:37] [9/296] KSCK
[04:48:38] [10/296] KATK
[04:48:39] [11/296] RTRT
[04:48:40] [12/296] SSTT
[04:48:41] [13/296] SSTV
[04:48:42] [14/296] LACM
[04:48:44] [15/296] SGMG
[04:48:45] [16/296] KACX
[04:48:46] [17/296] GVCP
[04:48:46] [18/296] CSNC
[04:48:47] [19/296] SXCB
[04:48:48] [20/296] BAHS
[04:48:49] [21/296] PCBI
[04:48:50] [22/296] PSSM
[04:48:50] [23/296] RCOK
[04:48:51] [24/296] SCPF
[04:48:52] [25/296] SSAS
[04:48:53] [26/296] EVMM
[04:48:54] [27/296] SYCB
[04:48:55] [28/296] GCKI
[04:48:56] [29/296] IAET
[04:48:56] [30/296] DDTD
[04:48:57] [31/296] GMDH
[04:48:58] [32/296] STLE
[04:48:59] [33/296] JTRA
[04:49:00] [34/296] RPPA
[04:49:01] [35/296] ARUT
[04:49:02] [36/296] JTVM
[04:49:02] [37/296] SWRH
[04:49:03] [38/296] DCPC
[04:49:04] [39/296] RAPR
[04:49:05] [40/296] GCRT
[04:49:06] [41/296] ATUN
[04:49:07] [42/296] LTRM
[04:49:08] [43/296] TASR
[04:49:09] [44/296] RLLC
[04:49:10] [45/296] MABI
[04:49:11] [46/296] SVHB
[04:49:12] [47/296] NVTB
[04:49:13] [48/296] KCKG
[04:49:14] [49/296] SSRN
[04:49:15] [50/296] VDDC
[04:49:15] [51/296] GKTK
[04:49:16] [52/296] YFSN
[04:49:17] [53/296] GCSG
[04:49:18] [54/296] ESSM
[04:49:19] [55/296] KRIH
[04:49:20] [56/296] GCDS
[04:49:21] [57/296] CCSH
[04:49:22] [58/296] ACSK
[04:49:23] [59/296] APRK
[04:49:24] [60/296] ADKM
[04:49:25] [61/296] SRDM
[04:49:26] [62/296] RMOG
[04:49:27] [63/296] SJMY
[04:49:28] [64/296] PGGC
[04:49:29] [65/296] INGM
[04:49:30] [66/296] LSCB
[04:49:31] [67/296] STAD
[04:49:32] [68/296] MCCR
[04:49:32] [69/296] ABCC
[04:49:33] [70/296] RKCC
[04:49:34] [71/296] RTCR
[04:49:35] [72/296] GGBC
[04:49:36] [73/296] GCSD
[04:49:37] [74/296] LPTY
[04:49:38] [75/296] MCFD
[04:49:38] [76/296] HENN
[04:49:39] [77/296] SMKU
[04:49:40] [78/296] TNZC
[04:49:41] [79/296] DRCD
[04:49:42] [80/296] DLCD
[04:49:42] [81/296] RCDA
[04:49:43] [82/296] COSM
[04:49:44] [83/296] MCMJ
[04:49:45] [84/296] CSTR
[04:49:46] [85/296] CVDK
[04:49:47] [86/296] INRR
[04:49:48] [87/296] RJRT
[04:49:48] [88/296] IRMR
[04:49:50] [89/296] SRCF
[04:49:51] [90/296] GRCR
[04:49:51] [91/296] SURC
[04:49:52] [92/296] NMNH
[04:49:53] [93/296] SVBL
[04:49:54] [94/296] KACI
[04:49:55] [95/296] TDGO
[04:49:56] [96/296] KTBR
[04:49:57] [97/296] PMAD
[04:49:58] [98/296] CCPN
[04:49:59] [99/296] SBTK
[04:49:59] [100/296] LMDK
[04:50:00] [101/296] PGDA
[04:50:01] [102/296] SRML
[04:50:02] [103/296] EVCK
[04:50:03] [104/296] RTTK
[04:50:03] [105/296] SRTU
[04:50:04] [106/296] VRSA
[04:50:06] [107/296] VARS
[04:50:06] [108/296] DSCZ
[04:50:07] [109/296] GAGA
[04:50:08] [110/296] SARV
[04:50:09] [111/296] SEEG
[04:50:10] [112/296] GLCA
[04:50:11] [113/296] APAS
[04:50:12] [114/296] VCIA
[04:50:12] [115/296] SJTA
[04:50:13] [116/296] SABM
[04:50:14] [117/296] PPAG
[04:50:15] [118/296] RVCA
[04:50:15] [119/296] CCIA
[04:50:16] [120/296] HTAG
[04:50:17] [121/296] SMBI
[04:50:18] [122/296] MCJR
[04:50:19] [123/296] CCJR
[04:50:20] [124/296] SINF
[04:50:20] [125/296] CPLX
[04:50:21] [126/296] KKTJ
[04:50:23] [127/296] GDBW
[04:50:24] [128/296] CSUB
[04:50:25] [129/296] DABA
[04:50:25] [130/296] TITR
[04:50:26] [131/296] NYCR
[04:50:28] [132/296] RTRY
[04:50:28] [133/296] JTJL
[04:50:29] [134/296] SJCP
[04:50:30] [135/296] KCCA
[04:50:31] [136/296] MLPG
[04:50:32] [137/296] VRCK
[04:50:33] [138/296] SRIN
[04:50:34] [139/296] CXMK
[04:50:34] [140/296] SKAD
[04:50:35] [141/296] AVTR
[04:50:36] [142/296] PTAJ
[04:50:37] [143/296] SCNK
[04:50:38] [144/296] STTI
[04:50:38] [145/296] KACR
[04:50:39] [146/296] SSDX
[04:50:40] [147/296] VRTJ
[04:50:41] [148/296] RAJD
[04:50:42] [149/296] SCIP
[04:50:43] [150/296] RJSL
[04:50:44] [151/296] ARRS
[04:50:45] [152/296] ASMS
[04:50:46] [153/296] RDTS
[04:50:47] [154/296] DVMY
[04:50:48] [155/296] RASA
[04:50:49] [156/296] INOM
[04:50:49] [157/296] SPRS
[04:50:50] [158/296] SGCS
[04:50:51] [159/296] SALM
[04:50:52] [160/296] PKHC
[04:50:53] [161/296] RCSV
[04:50:54] [162/296] CPKC
[04:50:54] [163/296] AACD
[04:50:55] [164/296] GGCV
[04:50:56] [165/296] SMKD
[04:50:57] [166/296] NBCH
[04:50:59] [167/296] AMCB
[04:50:59] [168/296] OPCN
[04:51:00] [169/296] DCIN
[04:51:02] [170/296] INGW
[04:51:03] [171/296] PKKW
[04:51:03] [172/296] FNGW
[04:51:04] [173/296] GCGD
[04:51:05] [174/296] MSTW
[04:51:06] [175/296] KCCG
[04:51:06] [176/296] MRSS
[04:51:07] [177/296] CLCF
[04:51:08] [178/296] EETS
[04:51:09] [179/296] AATR
[04:51:10] [180/296] CMMN
[04:51:11] [181/296] SCCJ
[04:51:12] [182/296] CDTK
[04:51:12] [183/296] AICP
[04:51:14] [184/296] FNBP
[04:51:14] [185/296] CBPB
[04:51:15] [186/296] CPAS
[04:51:17] [187/296] MAPM
[04:51:17] [188/296] PASD
[04:51:18] [189/296] JCMN
[04:51:19] [190/296] MALB
[04:51:19] [191/296] SACG
[04:51:20] [192/296] DDRX
[04:51:21] [193/296] DDXB
[04:51:22] [194/296] RAMC
[04:51:23] [195/296] SANC
[04:51:24] [196/296] BCBP
[04:51:24] [197/296] ALPC
[04:51:25] [198/296] RBAC
[04:51:26] [199/296] RAJL
[04:51:27] [200/296] MPDX
[04:51:28] [201/296] MUSC
[04:51:29] [202/296] VKMK
[04:51:30] [203/296] SKCG
[04:51:30] [204/296] ANCN
[04:51:31] [205/296] MMCJ
[04:51:32] [206/296] DCAK
[04:51:33] [207/296] SCKG
[04:51:34] [208/296] LMCK
[04:51:34] [209/296] CKKX
[04:51:35] [210/296] ANKU
[04:51:36] [211/296] CSMD
[04:51:37] [212/296] MKMP
[04:51:38] [213/296] SVBG
[04:51:39] [214/296] ROOP
[04:51:40] [215/296] GDMT
[04:51:41] [216/296] FPPF
[04:51:42] [217/296] SFUU
[04:51:43] [218/296] ANCB
[04:51:44] [219/296] SMMC
[04:51:44] [220/296] UGKT
[04:51:45] [221/296] JVRM
[04:51:47] [222/296] BATG
[04:51:47] [223/296] RATE
[04:51:48] [224/296] SKME
[04:51:49] [225/296] LMTP
[04:51:50] [226/296] TCBD
[04:51:51] [227/296] ESBD
[04:51:52] [228/296] GDCU
[04:51:53] [229/296] SNKT
[04:51:53] [230/296] SRNK
[04:51:54] [231/296] SMED
[04:51:55] [232/296] CSQS
[04:51:56] [233/296] ALCS
[04:51:57] [234/296] KCKN
[04:51:57] [235/296] VCCL
[04:51:58] [236/296] MCDA
[04:51:59] [237/296] SHMI
[04:52:00] [238/296] SKHA
[04:52:00] [239/296] SVFK
[04:52:01] [240/296] INVB
[04:52:02] [241/296] MELD
[04:52:03] [242/296] JTYS
[04:52:04] [243/296] INCM
[04:52:05] [244/296] MCDV
[04:52:05] [245/296] KSGK
[04:52:07] [246/296] ICMG
[04:52:07] [247/296] CSCV
[04:52:08] [248/296] STMD
[04:52:09] [249/296] STTR
[04:52:10] [250/296] INVC
[04:52:11] [251/296] JTBL
[04:52:12] [252/296] SRVV
[04:52:12] [253/296] MAVC
[04:52:13] [254/296] SRPP
[04:52:14] [255/296] JGDM
[04:52:15] [256/296] MBSJ
[04:52:16] [257/296] SSLL
[04:52:17] [258/296] SLKP
[04:52:18] [259/296] NSRV
[04:52:18] [260/296] UTDV
[04:52:19] [261/296] KICM
[04:52:20] [262/296] KCMD
[04:52:21] [263/296] TTPP
[04:52:22] [264/296] KMPV
[04:52:23] [265/296] SKTV
[04:52:24] [266/296] STCV
[04:52:25] [267/296] SRDA
[04:52:26] [268/296] JTSX
[04:52:26] [269/296] STBV
[04:52:27] [270/296] APVZ
[04:52:28] [271/296] GSTV
[04:52:29] [272/296] NMVS
[04:52:30] [273/296] SKRT
[04:52:30] [274/296] RMDV
[04:52:31] [275/296] RATG
[04:52:32] [276/296] SJYV
[04:52:33] [277/296] NDGP
[04:52:34] [278/296] SNDG
[04:52:35] [279/296] INSR
[04:52:35] [280/296] INSO
[04:52:36] [281/296] CCSI
[04:52:37] [282/296] RASM
[04:52:37] [283/296] NEWC
[04:52:39] [284/296] VSHL
[04:52:40] [285/296] BISW
[04:52:41] [286/296] GCNG
[04:52:42] [287/296] CWSC
[04:52:44] [288/296] SKAN
[04:52:45] [289/296] SEHP
[04:52:45] [290/296] CCOA
[04:52:46] [291/296] MCAJ
[04:52:47] [292/296] ACDE
[04:52:48] [293/296] AACM
[04:52:49] [294/296] JJCK
[04:52:50] [295/296] RCMO
[04:52:51] [296/296] GDAW
[04:52:52] 🧹 Deduping shows
[04:52:52] ✅ DONE | Shows=493 | Movies=36
