[10:02:16] 🚀 SCRIPT STARTED
[10:02:16] [1/324] GCTA
[10:02:16] 🧠 New identity created
[10:02:17] [2/324] TOPN
[10:02:17] [3/324] MCUS
[10:02:18] [4/324] SHRL
[10:02:19] [5/324] UPTP
[10:02:21] [6/324] TMMP
[10:02:22] [7/324] DNRP
[10:02:22] [8/324] SRLT
[10:02:23] [9/324] RCNS
[10:02:24] [10/324] DCBH
[10:02:25] [11/324] NAGJ
[10:02:26] [12/324] JVRC
[10:02:27] [13/324] KRJG
[10:02:28] [14/324] SRTJ
[10:02:28] [15/324] CMXM
[10:02:30] [16/324] STMI
[10:02:30] [17/324] SLST
[10:02:32] [18/324] DTCN
[10:02:32] [19/324] STYN
[10:02:33] [20/324] SZVR
[10:02:34] [21/324] SRKO
[10:02:35] [22/324] JTGT
[10:02:36] [23/324] SVFD
[10:02:38] [24/324] SISD
[10:02:39] [25/324] ABDD
[10:02:39] [26/324] DRCA
[10:02:40] [27/324] AVCS
[10:02:41] [28/324] MVKH
[10:02:42] [29/324] ACPR
[10:02:43] [30/324] STIP
[10:02:44] [31/324] MTRA
[10:02:45] [32/324] RMKH
[10:02:45] [33/324] NKRL
[10:02:46] [34/324] PCWN
[10:02:47] [35/324] BLMT
[10:02:49] [36/324] GDPG
[10:02:50] [37/324] SRMX
[10:02:51] [38/324] JACP
[10:02:51] [39/324] CPSH
[10:02:52] [40/324] MCCD
[10:02:53] [41/324] ECGH
[10:02:54] [42/324] MKCK
[10:02:55] [43/324] SRMM
[10:02:56] [44/324] SKYR
[10:02:57] [45/324] PCKC
[10:02:58] [46/324] JCMA
[10:02:59] [47/324] BSMP
[10:03:00] [48/324] VSPA
[10:03:02] [49/324] DJYA
[10:03:02] [50/324] DIMP
[10:03:03] [51/324] FXDR
[10:03:04] [52/324] SSRC
[10:03:05] [53/324] STHP
[10:03:06] [54/324] CPPD
[10:03:06] [55/324] FCLK
[10:03:08] [56/324] SCPP
[10:03:09] [57/324] DCMJ
[10:03:10] [58/324] RCCR
[10:03:11] [59/324] INMT
[10:03:12] [60/324] LXTK
[10:03:13] [61/324] SRYK
[10:03:13] [62/324] SGDK
[10:03:15] [63/324] PPKA
[10:03:15] [64/324] SPKA
[10:03:16] [65/324] CGHH
[10:03:17] [66/324] DCJN
[10:03:19] [67/324] SRKV
[10:03:20] [68/324] SAJC
[10:03:21] [69/324] SUSR
[10:03:22] [70/324] STYG
[10:03:23] [71/324] NTKP
[10:03:24] [72/324] AKTG
[10:03:25] [73/324] CGCM
[10:03:25] [74/324] TULC
[10:03:26] [75/324] NYYZ
[10:03:27] [76/324] NYBW
[10:03:28] [77/324] MACB
[10:03:29] [78/324] SLVT
[10:03:29] [79/324] SANA
[10:03:30] [80/324] ACMR
[10:03:31] [81/324] CPKN
[10:03:32] [82/324] DLGK
[10:03:33] [83/324] CWCK
[10:03:34] [84/324] FDDH
[10:03:35] [85/324] MMMD
[10:03:36] [86/324] CMEH
[10:03:37] [87/324] GGGV
[10:03:38] [88/324] SPJL
[10:03:39] [89/324] RCCD
[10:03:40] [90/324] STTZ
[10:03:40] [91/324] BTCF
[10:03:41] [92/324] TSTZ
[10:03:42] [93/324] IPMM
[10:03:43] [94/324] PMPW
[10:03:44] [95/324] PCMZ
[10:03:44] [96/324] ESEM
[10:03:46] [97/324] PIPO
[10:03:46] [98/324] MATK
[10:03:47] [99/324] PGHM
[10:03:48] [100/324] CTSR
[10:03:50] [101/324] CYKR
[10:03:50] [102/324] MSCM
[10:03:51] [103/324] RFNP
[10:03:52] [104/324] PDCP
[10:03:53] [105/324] NPSE
[10:03:54] [106/324] MKML
[10:03:54] [107/324] FTDP
[10:03:55] [108/324] MMXA
[10:03:56] [109/324] CEPO
[10:03:57] [110/324] CMVP
[10:03:58] [111/324] SGTH
[10:03:58] [112/324] SAYN
[10:03:59] [113/324] URVS
[10:04:00] [114/324] VJTN
[10:04:01] [115/324] BBYK
[10:04:02] [116/324] SHBO
[10:04:03] [117/324] VCMR
[10:04:04] [118/324] MACT
[10:04:05] [119/324] JMNP
[10:04:06] [120/324] VICS
[10:04:07] [121/324] VCDA
[10:04:08] [122/324] GCMM
[10:04:08] [123/324] INVS
[10:04:09] [124/324] SCGM
[10:04:10] [125/324] PCDA
[10:04:11] [126/324] KDCT
[10:04:12] [127/324] JACS
[10:04:12] [128/324] GMMC
[10:04:13] [129/324] AICM
[10:04:14] [130/324] TJCM
[10:04:15] [131/324] RMTI
[10:04:15] [132/324] SHAC
[10:04:17] [133/324] APJC
[10:04:18] [134/324] GCTG
[10:04:19] [135/324] SSMC
[10:04:19] [136/324] THRM
[10:04:20] [137/324] RBCT
[10:04:21] [138/324] DIKT
[10:04:22] [139/324] MIDL
[10:04:23] [140/324] VCSN
[10:04:24] [141/324] SKTG
[10:04:25] [142/324] SMWC
[10:04:26] [143/324] MNKH
[10:04:27] [144/324] PIAT
[10:04:28] [145/324] LTTP
[10:04:29] [146/324] PTPU
[10:04:30] [147/324] ACMG
[10:04:31] [148/324] SHMM
[10:04:31] [149/324] MCMN
[10:04:32] [150/324] GLDC
[10:04:33] [151/324] HOUT
[10:04:35] [152/324] SVRP
[10:04:36] [153/324] PVDN
[10:04:37] [154/324] SCPY
[10:04:38] [155/324] DTPY
[10:04:39] [156/324] GKCS
[10:04:40] [157/324] NCAM
[10:04:41] [158/324] BSRM
[10:04:42] [159/324] RCLC
[10:04:43] [160/324] SKKD
[10:04:44] [161/324] ACHU
[10:04:44] [162/324] RSCF
[10:04:46] [163/324] IMSH
[10:04:47] [164/324] MACX
[10:04:48] [165/324] HMMW
[10:04:48] [166/324] JTCP
[10:04:49] [167/324] SREN
[10:04:51] [168/324] PJRR
[10:04:51] [169/324] INAC
[10:04:52] [170/324] BMCA
[10:04:53] [171/324] SHCB
[10:04:54] [172/324] GABA
[10:04:54] [173/324] SBCT
[10:04:55] [174/324] GCMA
[10:04:56] [175/324] MYTK
[10:04:57] [176/324] INZS
[10:04:58] [177/324] RMIK
[10:04:58] [178/324] NYCH
[10:04:59] [179/324] RAVE
[10:05:00] [180/324] PSXM
[10:05:01] [181/324] MCGP
[10:05:02] [182/324] PDDK
[10:05:03] [183/324] SPCK
[10:05:04] [184/324] MCRL
[10:05:05] [185/324] MHKT
[10:05:05] [186/324] ANRR
[10:05:06] [187/324] SAPK
[10:05:07] [188/324] NCUK
[10:05:08] [189/324] JUGA
[10:05:09] [190/324] DBSC
[10:05:10] [191/324] LALK
[10:05:11] [192/324] GUCK
[10:05:12] [193/324] STSG
[10:05:12] [194/324] PPPZ
[10:05:13] [195/324] CNCY
[10:05:15] [196/324] MTAR
[10:05:15] [197/324] VNKD
[10:05:16] [198/324] KMAJ
[10:05:17] [199/324] ACXK
[10:05:18] [200/324] UTKC
[10:05:19] [201/324] PBLK
[10:05:20] [202/324] ACBX
[10:05:20] [203/324] PTGM
[10:05:22] [204/324] BTDA
[10:05:23] [205/324] PJMB
[10:05:25] [206/324] TPDA
[10:05:25] [207/324] AMOE
[10:05:26] [208/324] PRHT
[10:05:28] [209/324] PRTA
[10:05:28] [210/324] STAM
[10:05:30] [211/324] MSAA
[10:05:31] [212/324] SDLU
[10:05:32] [213/324] RCHH
[10:05:34] [214/324] KANT
[10:05:34] [215/324] FCRT
[10:05:35] [216/324] DNKM
[10:05:36] [217/324] RYCP
[10:05:37] [218/324] MYRP
[10:05:37] [219/324] PPAK
[10:05:38] [220/324] NVPK
[10:05:39] [221/324] PRMC
[10:05:40] [222/324] JBCS
[10:05:40] [223/324] GXCK
[10:05:41] [224/324] USKO
[10:05:42] [225/324] GTEM
[10:05:43] [226/324] SMBU
[10:05:44] [227/324] VETC
[10:05:45] [228/324] LCDA
[10:05:45] [229/324] MTVT
[10:05:46] [230/324] PYCP
[10:05:47] [231/324] PNSC
[10:05:48] [232/324] PPCC
[10:05:49] [233/324] TGRT
[10:05:50] [234/324] JYOT
[10:05:51] [235/324] SRCZ
[10:05:52] [236/324] SJTE
[10:05:52] [237/324] DESC
[10:05:53] [238/324] JHVN
[10:05:54] [239/324] IPSG
[10:05:55] [240/324] IPCM
[10:05:57] [241/324] PDRS
[10:05:57] [242/324] ANCV
[10:05:58] [243/324] CMVV
[10:05:59] [244/324] SHYP
[10:06:00] [245/324] DNCS
[10:06:01] [246/324] GAJK
[10:06:01] [247/324] AKTN
[10:06:02] [248/324] KAYA
[10:06:03] [249/324] SBRC
[10:06:04] [250/324] CHTP
[10:06:05] [251/324] SHRT
[10:06:06] [252/324] BCKU
[10:06:06] [253/324] FCPS
[10:06:07] [254/324] ARDD
[10:06:08] [255/324] CPCM
[10:06:09] [256/324] CGSM
[10:06:10] [257/324] PSMP
[10:06:11] [258/324] SDAL
[10:06:11] [259/324] RTNB
[10:06:12] [260/324] LMCR
[10:06:13] [261/324] CIMA
[10:06:14] [262/324] RNAS
[10:06:15] [263/324] LITH
[10:06:15] [264/324] PBOX
[10:06:16] [265/324] FRTS
[10:06:17] [266/324] RKIC
[10:06:18] [267/324] PTAI
[10:06:18] [268/324] GCIC
[10:06:19] [269/324] FNAS
[10:06:20] [270/324] SCAR
[10:06:21] [271/324] MTCA
[10:06:22] [272/324] SCTS
[10:06:22] [273/324] SYCS
[10:06:23] [274/324] RDMS
[10:06:24] [275/324] KAMP
[10:06:25] [276/324] ERSD
[10:06:26] [277/324] MJMJ
[10:06:27] [278/324] SRCJ
[10:06:29] [279/324] SCXE
[10:06:29] [280/324] SVFR
[10:06:30] [281/324] BHCS
[10:06:31] [282/324] IMCC
[10:06:32] [283/324] PCBO
[10:06:32] [284/324] PRVN
[10:06:33] [285/324] AUPM
[10:06:34] [286/324] INBW
[10:06:35] [287/324] SVCW
[10:06:36] [288/324] RKCF
[10:06:37] [289/324] UVBH
[10:06:38] [290/324] DNCY
[10:06:39] [291/324] ABCN
[10:06:40] [292/324] PRUR
[10:06:42] [293/324] PFMR
[10:06:43] [294/324] RKCN
[10:06:44] [295/324] CFEA
[10:06:45] [296/324] SDBG
[10:06:46] [297/324] SNAR
[10:06:48] [298/324] YISI
[10:06:48] [299/324] JCFF
[10:06:49] [300/324] VTRK
[10:06:50] [301/324] PCLZ
[10:06:51] [302/324] DIMY
[10:06:52] [303/324] BBTS
[10:06:53] [304/324] GATH
[10:06:53] [305/324] GTMN
[10:06:55] [306/324] VTMH
[10:06:55] [307/324] CCKP
[10:06:56] [308/324] GPKA
[10:06:57] [309/324] MHCL
[10:06:59] [310/324] ATCL
[10:06:59] [311/324] SBCK
[10:07:00] [312/324] AMMR
[10:07:01] [313/324] MADC
[10:07:02] [314/324] TMMA
[10:07:02] [315/324] CACC
[10:07:03] [316/324] CHAL
[10:07:04] [317/324] DURG
[10:07:05] [318/324] GMKU
[10:07:06] [319/324] GECA
[10:07:06] [320/324] KYRR
[10:07:07] [321/324] KSDE
[10:07:08] [322/324] LMCI
[10:07:09] [323/324] NKCP
[10:07:09] [324/324] BGTC
[10:07:10] 🧹 Deduping shows
[10:07:10] ✅ DONE | Shows=495 | Movies=43
