[10:04:18] 🚀 SCRIPT STARTED
[10:04:18] [1/445] TGMR
[10:04:18] 🧠 New identity created
[10:04:19] [2/445] CXKR
[10:04:19] [3/445] SROP
[10:04:21] [4/445] GTSV
[10:04:23] [5/445] SNTY
[10:04:24] [6/445] SMYY
[10:04:25] [7/445] CNCS
[10:04:25] [8/445] CSTM
[10:04:26] [9/445] NUCD
[10:04:27] [10/445] SHCZ
[10:04:28] [11/445] NJCT
[10:04:29] [12/445] COPC
[10:04:29] [13/445] STVV
[10:04:30] [14/445] SKRN
[10:04:31] [15/445] APPZ
[10:04:32] [16/445] YMGN
[10:04:33] [17/445] SVTU
[10:04:34] [18/445] GTAD
[10:04:35] [19/445] PSUS
[10:04:37] [20/445] SMCD
[10:04:38] [21/445] CMCM
[10:04:38] [22/445] SYCT
[10:04:39] [23/445] STLY
[10:04:40] [24/445] CMHU
[10:04:41] [25/445] CMSA
[10:04:42] [26/445] CLCU
[10:04:43] [27/445] PPNT
[10:04:43] [28/445] JTAB
[10:04:44] [29/445] BUUC
[10:04:45] [30/445] BSVK
[10:04:46] [31/445] VVVQ
[10:04:47] [32/445] TKMU
[10:04:48] [33/445] ESYL
[10:04:49] [34/445] ACHP
[10:04:50] [35/445] BTKD
[10:04:51] [36/445] DESA
[10:04:52] [37/445] GBCT
[10:04:52] [38/445] BLLD
[10:04:53] [39/445] SKNT
[10:04:55] [40/445] SSTE
[10:04:56] [41/445] VJMR
[10:04:57] [42/445] NTPU
[10:04:58] [43/445] RDKN
[10:04:59] [44/445] ADGC
[10:05:00] [45/445] VRBP
[10:05:01] [46/445] NMNA
[10:05:01] [47/445] CMMX
[10:05:02] [48/445] PTKO
[10:05:03] [49/445] RBML
[10:05:04] [50/445] SAIC
[10:05:05] [51/445] SVTJ
[10:05:06] [52/445] MRTE
[10:05:07] [53/445] RBTP
[10:05:08] [54/445] NLPS
[10:05:09] [55/445] GTNA
[10:05:10] [56/445] DGGC
[10:05:11] [57/445] SMCR
[10:05:11] [58/445] SCGD
[10:05:12] [59/445] SRRJ
[10:05:13] [60/445] CNRY
[10:05:14] [61/445] KTDI
[10:05:15] [62/445] SNJL
[10:05:15] [63/445] RKMD
[10:05:16] [64/445] SMDC
[10:05:17] [65/445] TADG
[10:05:18] [66/445] MCGS
[10:05:20] [67/445] PETK
[10:05:21] [68/445] CHAG
[10:05:22] [69/445] KSTL
[10:05:23] [70/445] AADS
[10:05:24] [71/445] NTHZ
[10:05:26] [72/445] HCKI
[10:05:26] [73/445] SSEF
[10:05:27] [74/445] MCGX
[10:05:28] [75/445] ERRA
[10:05:29] [76/445] SDTW
[10:05:29] [77/445] RMPK
[10:05:30] [78/445] PTHK
[10:05:31] [79/445] PXCS
[10:05:32] [80/445] SVLU
[10:05:32] [81/445] STAH
[10:05:33] [82/445] JRGF
[10:05:34] [83/445] CDOK
[10:05:35] [84/445] CMSG
[10:05:36] [85/445] APTD
[10:05:37] [86/445] KMPG
[10:05:38] [87/445] MUTJ
[10:05:39] [88/445] VCCI
[10:05:40] [89/445] URBE
[10:05:41] [90/445] TCTS
[10:05:42] [91/445] STSN
[10:05:42] [92/445] AKCH
[10:05:43] [93/445] APSC
[10:05:44] [94/445] VLTB
[10:05:44] [95/445] SANU
[10:05:45] [96/445] AXAM
[10:05:46] [97/445] MGMG
[10:05:46] [98/445] HTBY
[10:05:47] [99/445] MMZS
[10:05:48] [100/445] SUDR
[10:05:49] [101/445] CCAD
[10:05:50] [102/445] SKKC
[10:05:50] [103/445] RMCD
[10:05:51] [104/445] SBCQ
[10:05:52] [105/445] DCCT
[10:05:53] [106/445] VTKP
[10:05:54] [107/445] MLAM
[10:05:55] [108/445] SAVT
[10:05:56] [109/445] GEPL
[10:05:57] [110/445] AMCD
[10:05:58] [111/445] CCXR
[10:05:59] [112/445] GRNG
[10:06:00] [113/445] EBCA
[10:06:00] [114/445] CNVG
[10:06:01] [115/445] MWSS
[10:06:02] [116/445] VBOR
[10:06:03] [117/445] NEEB
[10:06:04] [118/445] SUTH
[10:06:04] [119/445] ANDB
[10:06:05] [120/445] MMXS
[10:06:06] [121/445] CNPD
[10:06:07] [122/445] SDCE
[10:06:09] [123/445] DHCB
[10:06:09] [124/445] ODEN
[10:06:11] [125/445] TNTC
[10:06:12] [126/445] VBKM
[10:06:13] [127/445] RZYM
[10:06:14] [128/445] JEMC
[10:06:15] [129/445] CMAU
[10:06:16] [130/445] SIVP
[10:06:16] [131/445] ATAG
[10:06:17] [132/445] CHTM
[10:06:18] [133/445] AAEE
[10:06:19] [134/445] IWPM
[10:06:20] [135/445] KCMW
[10:06:21] [136/445] MCTD
[10:06:22] [137/445] SPWR
[10:06:23] [138/445] SDPO
[10:06:24] [139/445] PCSK
[10:06:25] [140/445] ACHV
[10:06:25] [141/445] SVLA
[10:06:26] [142/445] PICT
[10:06:27] [143/445] BXDR
[10:06:28] [144/445] SPWA
[10:06:29] [145/445] MCKO
[10:06:30] [146/445] RTHK
[10:06:30] [147/445] CCMF
[10:06:32] [148/445] MRGB
[10:06:32] [149/445] CPLC
[10:06:33] [150/445] RACD
[10:06:34] [151/445] ATKT
[10:06:35] [152/445] SARN
[10:06:36] [153/445] KKUI
[10:06:36] [154/445] RGCM
[10:06:37] [155/445] BRVP
[10:06:38] [156/445] HRSR
[10:06:39] [157/445] GKGM
[10:06:40] [158/445] TTCD
[10:06:41] [159/445] PTTI
[10:06:42] [160/445] MPTT
[10:06:43] [161/445] CVTT
[10:06:43] [162/445] PCXD
[10:06:44] [163/445] GCDC
[10:06:45] [164/445] CCCF
[10:06:46] [165/445] MRAD
[10:06:47] [166/445] CPLK
[10:06:48] [167/445] SATB
[10:06:48] [168/445] SNVG
[10:06:49] [169/445] JMBA
[10:06:50] [170/445] TEJA
[10:06:51] [171/445] STYO
[10:06:52] [172/445] JTBP
[10:06:53] [173/445] KRGD
[10:06:55] [174/445] SLJJ
[10:06:56] [175/445] SPTJ
[10:06:57] [176/445] SWJG
[10:06:58] [177/445] LKRT
[10:06:59] [178/445] KCKA
[10:07:00] [179/445] SNCR
[10:07:01] [180/445] SMKL
[10:07:02] [181/445] GCFA
[10:07:02] [182/445] DDCK
[10:07:03] [183/445] NCHJ
[10:07:04] [184/445] RDMA
[10:07:05] [185/445] SVSV
[10:07:06] [186/445] SCJG
[10:07:07] [187/445] VKLP
[10:07:08] [188/445] NWCC
[10:07:08] [189/445] VKNS
[10:07:09] [190/445] SDDP
[10:07:10] [191/445] ACSI
[10:07:11] [192/445] SATG
[10:07:11] [193/445] SCMW
[10:07:12] [194/445] LKTK
[10:07:13] [195/445] VCKV
[10:07:14] [196/445] KKPE
[10:07:15] [197/445] KIGH
[10:07:15] [198/445] SRPM
[10:07:16] [199/445] SCAH
[10:07:17] [200/445] MUTA
[10:07:18] [201/445] SEPU
[10:07:19] [202/445] INOA
[10:07:20] [203/445] BASK
[10:07:21] [204/445] NECB
[10:07:22] [205/445] GTTG
[10:07:23] [206/445] ASSA
[10:07:24] [207/445] ANCL
[10:07:25] [208/445] GCTI
[10:07:26] [209/445] RCTS
[10:07:27] [210/445] ACNL
[10:07:27] [211/445] MYCT
[10:07:28] [212/445] NMHT
[10:07:29] [213/445] MDIT
[10:07:31] [214/445] LATG
[10:07:32] [215/445] SMTY
[10:07:33] [216/445] CVCT
[10:07:33] [217/445] RAMB
[10:07:34] [218/445] TGMS
[10:07:35] [219/445] BHEL
[10:07:36] [220/445] SHCT
[10:07:37] [221/445] SVCT
[10:07:37] [222/445] MRIY
[10:07:38] [223/445] SARO
[10:07:39] [224/445] STCT
[10:07:40] [225/445] JKKC
[10:07:41] [226/445] PLTT
[10:07:42] [227/445] SRNT
[10:07:43] [228/445] YAST
[10:07:44] [229/445] PERL
[10:07:45] [230/445] CICM
[10:07:46] [231/445] MMTR
[10:07:47] [232/445] ABTK
[10:07:48] [233/445] ATYY
[10:07:49] [234/445] ASTK
[10:07:49] [235/445] VVCK
[10:07:50] [236/445] ATKY
[10:07:51] [237/445] GWEK
[10:07:53] [238/445] SVFH
[10:07:54] [239/445] SLTA
[10:07:54] [240/445] AASH
[10:07:55] [241/445] ACXB
[10:07:56] [242/445] SMTX
[10:07:57] [243/445] AZDH
[10:07:58] [244/445] CMMH
[10:07:59] [245/445] SCSZ
[10:07:59] [246/445] SCKP
[10:08:00] [247/445] NXTM
[10:08:01] [248/445] NWCS
[10:08:02] [249/445] CXMH
[10:08:03] [250/445] PCMA
[10:08:04] [251/445] SGCM
[10:08:05] [252/445] SDTU
[10:08:06] [253/445] MMVI
[10:08:06] [254/445] JKCM
[10:08:07] [255/445] VCMM
[10:08:09] [256/445] SYEE
[10:08:10] [257/445] VASD
[10:08:11] [258/445] BDRB
[10:08:11] [259/445] LASM
[10:08:13] [260/445] DCRL
[10:08:14] [261/445] DVPM
[10:08:15] [262/445] SBMJ
[10:08:16] [263/445] CBMU
[10:08:16] [264/445] IUBS
[10:08:18] [265/445] INAP
[10:08:19] [266/445] SRRC
[10:08:20] [267/445] SAGR
[10:08:21] [268/445] CPMJ
[10:08:21] [269/445] ATJL
[10:08:22] [270/445] NNTD
[10:08:24] [271/445] JHCJ
[10:08:25] [272/445] CMMP
[10:08:25] [273/445] RSDR
[10:08:26] [274/445] AMTI
[10:08:27] [275/445] NYSG
[10:08:28] [276/445] AVSG
[10:08:28] [277/445] SYTP
[10:08:29] [278/445] LARC
[10:08:30] [279/445] RJTP
[10:08:31] [280/445] LAKC
[10:08:32] [281/445] MCXE
[10:08:33] [282/445] CCZC
[10:08:33] [283/445] AVCH
[10:08:34] [284/445] CMBE
[10:08:35] [285/445] MRRC
[10:08:36] [286/445] PCPY
[10:08:37] [287/445] SRMH
[10:08:38] [288/445] SVGS
[10:08:38] [289/445] PCSE
[10:08:39] [290/445] SVFT
[10:08:40] [291/445] TNZP
[10:08:41] [292/445] ICTP
[10:08:42] [293/445] ACTZ
[10:08:43] [294/445] GTUR
[10:08:44] [295/445] MAFC
[10:08:45] [296/445] MINL
[10:08:46] [297/445] MRCL
[10:08:47] [298/445] RCRP
[10:08:48] [299/445] RFFG
[10:08:48] [300/445] RMAS
[10:08:49] [301/445] INVR
[10:08:50] [302/445] RMAR
[10:08:52] [303/445] CNIS
[10:08:53] [304/445] RHRJ
[10:08:54] [305/445] INXR
[10:08:54] [306/445] VALT
[10:08:55] [307/445] LCSH
[10:08:56] [308/445] CMVS
[10:08:57] [309/445] CNMS
[10:08:58] [310/445] ROOG
[10:08:58] [311/445] ISRM
[10:09:00] [312/445] RCRM
[10:09:01] [313/445] ACJA
[10:09:02] [314/445] RCVS
[10:09:02] [315/445] CPUS
[10:09:03] [316/445] TGCS
[10:09:04] [317/445] RKCJ
[10:09:05] [318/445] MKSB
[10:09:06] [319/445] TCSJ
[10:09:07] [320/445] RMGP
[10:09:08] [321/445] CLLP
[10:09:08] [322/445] RCMV
[10:09:09] [323/445] CCKS
[10:09:10] [324/445] RSRP
[10:09:11] [325/445] APLP
[10:09:11] [326/445] CNVS
[10:09:12] [327/445] RMVY
[10:09:13] [328/445] PGBD
[10:09:14] [329/445] KLMS
[10:09:15] [330/445] RUST
[10:09:15] [331/445] MASM
[10:09:16] [332/445] BACS
[10:09:17] [333/445] BWST
[10:09:18] [334/445] RRFH
[10:09:19] [335/445] SJTM
[10:09:20] [336/445] BEMR
[10:09:21] [337/445] MCGR
[10:09:21] [338/445] SDSK
[10:09:22] [339/445] VBOL
[10:09:23] [340/445] RMGM
[10:09:24] [341/445] NOPL
[10:09:25] [342/445] MKJK
[10:09:25] [343/445] CVRN
[10:09:26] [344/445] MMEN
[10:09:27] [345/445] AMNG
[10:09:27] [346/445] INTM
[10:09:28] [347/445] SLCZ
[10:09:29] [348/445] AMJN
[10:09:30] [349/445] ACJN
[10:09:32] [350/445] AMKN
[10:09:33] [351/445] BTCN
[10:09:34] [352/445] AMBT
[10:09:35] [353/445] PACN
[10:09:36] [354/445] LCNS
[10:09:37] [355/445] PPKC
[10:09:38] [356/445] JYYN
[10:09:39] [357/445] JTNR
[10:09:40] [358/445] GTEE
[10:09:41] [359/445] SRNM
[10:09:42] [360/445] SDTC
[10:09:43] [361/445] VPCA
[10:09:43] [362/445] VLRA
[10:09:44] [363/445] SHKR
[10:09:45] [364/445] SBKD
[10:09:46] [365/445] SAAD
[10:09:47] [366/445] JTGN
[10:09:48] [367/445] SLAM
[10:09:48] [368/445] VTPM
[10:09:49] [369/445] ANPT
[10:09:50] [370/445] PUNB
[10:09:51] [371/445] CPKT
[10:09:52] [372/445] CNWE
[10:09:53] [373/445] ECPP
[10:09:54] [374/445] CPAR
[10:09:55] [375/445] ESBW
[10:09:56] [376/445] PKPU
[10:09:56] [377/445] CPRP
[10:09:57] [378/445] RAHU
[10:09:58] [379/445] RHMN
[10:09:59] [380/445] FMJP
[10:09:59] [381/445] CTMP
[10:10:00] [382/445] INPN
[10:10:01] [383/445] STTG
[10:10:02] [384/445] CTRD
[10:10:02] [385/445] PUVB
[10:10:03] [386/445] ESVP
[10:10:04] [387/445] CPFT
[10:10:06] [388/445] LCPC
[10:10:07] [389/445] VBCT
[10:10:07] [390/445] FSCW
[10:10:08] [391/445] VCMP
[10:10:09] [392/445] ASHC
[10:10:10] [393/445] VLCX
[10:10:11] [394/445] SHEV
[10:10:12] [395/445] APCO
[10:10:13] [396/445] SILC
[10:10:14] [397/445] SNMR
[10:10:15] [398/445] KYBO
[10:10:16] [399/445] SATK
[10:10:17] [400/445] SSCS
[10:10:17] [401/445] CLSB
[10:10:18] [402/445] KMJR
[10:10:19] [403/445] FSCK
[10:10:20] [404/445] NNKA
[10:10:21] [405/445] CLMK
[10:10:22] [406/445] DMPZ
[10:10:23] [407/445] INQM
[10:10:23] [408/445] CAML
[10:10:24] [409/445] INRK
[10:10:25] [410/445] IMKN
[10:10:26] [411/445] SVNR
[10:10:27] [412/445] INSL
[10:10:28] [413/445] MSMA
[10:10:29] [414/445] MCKK
[10:10:29] [415/445] FCHP
[10:10:30] [416/445] SFCR
[10:10:31] [417/445] NACK
[10:10:32] [418/445] PVAK
[10:10:33] [419/445] INER
[10:10:35] [420/445] RDBK
[10:10:35] [421/445] SVFN
[10:10:36] [422/445] IFRM
[10:10:37] [423/445] ATCK
[10:10:39] [424/445] ASKO
[10:10:40] [425/445] STKT
[10:10:41] [426/445] SVFB
[10:10:42] [427/445] INKS
[10:10:42] [428/445] PCRA
[10:10:43] [429/445] ATJA
[10:10:44] [430/445] IMJN
[10:10:45] [431/445] INHD
[10:10:46] [432/445] BARA
[10:10:47] [433/445] MCSL
[10:10:48] [434/445] RTOY
[10:10:49] [435/445] MENO
[10:10:49] [436/445] PUDM
[10:10:50] [437/445] PRCN
[10:10:51] [438/445] JMJR
[10:10:52] [439/445] SSGK
[10:10:54] [440/445] SSRL
[10:10:54] [441/445] JYKL
[10:10:55] [442/445] ACNB
[10:10:56] [443/445] SONP
[10:10:57] [444/445] EMCI
[10:10:58] [445/445] MRJH
[10:10:59] 🧹 Deduping shows
[10:10:59] ✅ DONE | Shows=621 | Movies=42
[16:48:28] 🚀 SCRIPT STARTED
[16:48:28] [1/445] TGMR
[16:48:28] 🧠 New identity created
[16:48:29] [2/445] CXKR
[16:48:30] [3/445] SROP
[16:48:30] [4/445] GTSV
[16:48:32] [5/445] SNTY
[16:48:33] [6/445] SMYY
[16:48:34] [7/445] CNCS
[16:48:35] [8/445] CSTM
[16:48:36] [9/445] NUCD
[16:48:37] [10/445] SHCZ
[16:48:38] [11/445] NJCT
[16:48:39] [12/445] COPC
[16:48:40] [13/445] STVV
[16:48:41] [14/445] SKRN
[16:48:42] [15/445] APPZ
[16:48:42] [16/445] YMGN
[16:48:43] [17/445] SVTU
[16:48:44] [18/445] GTAD
[16:48:45] [19/445] PSUS
[16:48:45] [20/445] SMCD
[16:48:46] [21/445] CMCM
[16:48:47] [22/445] SYCT
[16:48:48] [23/445] STLY
[16:48:49] [24/445] CMHU
[16:48:50] [25/445] CMSA
[16:48:51] [26/445] CLCU
[16:48:52] [27/445] PPNT
[16:48:53] [28/445] JTAB
[16:48:54] [29/445] BUUC
[16:48:55] [30/445] BSVK
[16:48:56] [31/445] VVVQ
[16:48:56] [32/445] TKMU
[16:48:57] [33/445] ESYL
[16:48:58] [34/445] ACHP
[16:48:59] [35/445] BTKD
[16:49:00] [36/445] DESA
[16:49:01] [37/445] GBCT
[16:49:01] [38/445] BLLD
[16:49:02] [39/445] SKNT
[16:49:03] [40/445] SSTE
[16:49:04] [41/445] VJMR
[16:49:06] [42/445] NTPU
[16:49:07] [43/445] RDKN
[16:49:07] [44/445] ADGC
[16:49:08] [45/445] VRBP
[16:49:09] [46/445] NMNA
[16:49:10] [47/445] CMMX
[16:49:11] [48/445] PTKO
[16:49:12] [49/445] RBML
[16:49:12] [50/445] SAIC
[16:49:14] [51/445] SVTJ
[16:49:15] [52/445] MRTE
[16:49:15] [53/445] RBTP
[16:49:16] [54/445] NLPS
[16:49:17] [55/445] GTNA
[16:49:19] [56/445] DGGC
[16:49:20] [57/445] SMCR
[16:49:21] [58/445] SCGD
[16:49:21] [59/445] SRRJ
[16:49:22] [60/445] CNRY
[16:49:23] [61/445] KTDI
[16:49:24] [62/445] SNJL
[16:49:25] [63/445] RKMD
[16:49:26] [64/445] SMDC
[16:49:27] [65/445] TADG
[16:49:28] [66/445] MCGS
[16:49:29] [67/445] PETK
[16:49:30] [68/445] CHAG
[16:49:31] [69/445] KSTL
[16:49:32] [70/445] AADS
[16:49:32] [71/445] NTHZ
[16:49:33] [72/445] HCKI
[16:49:34] [73/445] SSEF
[16:49:35] [74/445] MCGX
[16:49:36] [75/445] ERRA
[16:49:36] [76/445] SDTW
[16:49:37] [77/445] RMPK
[16:49:38] [78/445] PTHK
[16:49:39] [79/445] PXCS
[16:49:40] [80/445] SVLU
[16:49:41] [81/445] STAH
[16:49:42] [82/445] JRGF
[16:49:42] [83/445] CDOK
[16:49:43] [84/445] CMSG
[16:49:44] [85/445] APTD
[16:49:45] [86/445] KMPG
[16:49:46] [87/445] MUTJ
[16:49:47] [88/445] VCCI
[16:49:48] [89/445] URBE
[16:49:49] [90/445] TCTS
[16:49:50] [91/445] STSN
[16:49:52] [92/445] AKCH
[16:49:52] [93/445] APSC
[16:49:53] [94/445] VLTB
[16:49:54] [95/445] SANU
[16:49:55] [96/445] AXAM
[16:49:56] [97/445] MGMG
[16:49:57] [98/445] HTBY
[16:49:58] [99/445] MMZS
[16:49:59] [100/445] SUDR
[16:50:00] [101/445] CCAD
[16:50:01] [102/445] SKKC
[16:50:02] [103/445] RMCD
[16:50:03] [104/445] SBCQ
[16:50:03] [105/445] DCCT
[16:50:04] [106/445] VTKP
[16:50:05] [107/445] MLAM
[16:50:06] [108/445] SAVT
[16:50:07] [109/445] GEPL
[16:50:07] [110/445] AMCD
[16:50:08] [111/445] CCXR
[16:50:09] [112/445] GRNG
[16:50:10] [113/445] EBCA
[16:50:11] [114/445] CNVG
[16:50:12] [115/445] MWSS
[16:50:13] [116/445] VBOR
[16:50:13] [117/445] NEEB
[16:50:14] [118/445] SUTH
[16:50:15] [119/445] ANDB
[16:50:16] [120/445] MMXS
[16:50:16] [121/445] CNPD
[16:50:17] [122/445] SDCE
[16:50:19] [123/445] DHCB
[16:50:20] [124/445] ODEN
[16:50:21] [125/445] TNTC
[16:50:21] [126/445] VBKM
[16:50:22] [127/445] RZYM
[16:50:23] [128/445] JEMC
[16:50:24] [129/445] CMAU
[16:50:25] [130/445] SIVP
[16:50:26] [131/445] ATAG
[16:50:28] [132/445] CHTM
[16:50:29] [133/445] AAEE
[16:50:29] [134/445] IWPM
[16:50:30] [135/445] KCMW
[16:50:31] [136/445] MCTD
[16:50:32] [137/445] SPWR
[16:50:33] [138/445] SDPO
[16:50:33] [139/445] PCSK
[16:50:34] [140/445] ACHV
[16:50:35] [141/445] SVLA
[16:50:36] [142/445] PICT
[16:50:37] [143/445] BXDR
[16:50:38] [144/445] SPWA
[16:50:39] [145/445] MCKO
[16:50:41] [146/445] RTHK
[16:50:42] [147/445] CCMF
[16:50:42] [148/445] MRGB
[16:50:43] [149/445] CPLC
[16:50:44] [150/445] RACD
[16:50:45] [151/445] ATKT
[16:50:46] [152/445] SARN
[16:50:47] [153/445] KKUI
[16:50:47] [154/445] RGCM
[16:50:48] [155/445] BRVP
[16:50:49] [156/445] HRSR
[16:50:50] [157/445] GKGM
[16:50:51] [158/445] TTCD
[16:50:52] [159/445] PTTI
[16:50:53] [160/445] MPTT
[16:50:54] [161/445] CVTT
[16:50:54] [162/445] PCXD
[16:50:55] [163/445] GCDC
[16:50:56] [164/445] CCCF
[16:50:57] [165/445] MRAD
[16:50:57] [166/445] CPLK
[16:50:58] [167/445] SATB
[16:51:00] [168/445] SNVG
[16:51:01] [169/445] JMBA
[16:51:01] [170/445] TEJA
[16:51:03] [171/445] STYO
[16:51:03] [172/445] JTBP
[16:51:04] [173/445] KRGD
[16:51:05] [174/445] SLJJ
[16:51:06] [175/445] SPTJ
[16:51:07] [176/445] SWJG
[16:51:07] [177/445] LKRT
[16:51:08] [178/445] KCKA
[16:51:09] [179/445] SNCR
[16:51:10] [180/445] SMKL
[16:51:11] [181/445] GCFA
[16:51:12] [182/445] DDCK
[16:51:13] [183/445] NCHJ
[16:51:13] [184/445] RDMA
[16:51:15] [185/445] SVSV
[16:51:16] [186/445] SCJG
[16:51:17] [187/445] VKLP
[16:51:18] [188/445] NWCC
[16:51:18] [189/445] VKNS
[16:51:19] [190/445] SDDP
[16:51:20] [191/445] ACSI
[16:51:21] [192/445] SATG
[16:51:22] [193/445] SCMW
[16:51:23] [194/445] LKTK
[16:51:24] [195/445] VCKV
[16:51:25] [196/445] KKPE
[16:51:26] [197/445] KIGH
[16:51:27] [198/445] SRPM
[16:51:28] [199/445] SCAH
[16:51:29] [200/445] MUTA
[16:51:30] [201/445] SEPU
[16:51:31] [202/445] INOA
[16:51:32] [203/445] BASK
[16:51:33] [204/445] NECB
[16:51:34] [205/445] GTTG
[16:51:35] [206/445] ASSA
[16:51:35] [207/445] ANCL
[16:51:36] [208/445] GCTI
[16:51:37] [209/445] RCTS
[16:51:38] [210/445] ACNL
[16:51:39] [211/445] MYCT
[16:51:40] [212/445] NMHT
[16:51:40] [213/445] MDIT
[16:51:41] [214/445] LATG
[16:51:42] [215/445] SMTY
[16:51:43] [216/445] CVCT
[16:51:43] [217/445] RAMB
[16:51:44] [218/445] TGMS
[16:51:45] [219/445] BHEL
[16:51:46] [220/445] SHCT
[16:51:47] [221/445] SVCT
[16:51:48] [222/445] MRIY
[16:51:49] [223/445] SARO
[16:51:50] [224/445] STCT
[16:51:50] [225/445] JKKC
[16:51:51] [226/445] PLTT
[16:51:53] [227/445] SRNT
[16:51:53] [228/445] YAST
[16:51:54] [229/445] PERL
[16:51:55] [230/445] CICM
[16:51:56] [231/445] MMTR
[16:51:57] [232/445] ABTK
[16:51:58] [233/445] ATYY
[16:51:59] [234/445] ASTK
[16:52:00] [235/445] VVCK
[16:52:00] [236/445] ATKY
[16:52:01] [237/445] GWEK
[16:52:02] [238/445] SVFH
[16:52:03] [239/445] SLTA
[16:52:03] [240/445] AASH
[16:52:04] [241/445] ACXB
[16:52:06] [242/445] SMTX
[16:52:07] [243/445] AZDH
[16:52:08] [244/445] CMMH
[16:52:09] [245/445] SCSZ
[16:52:10] [246/445] SCKP
[16:52:10] [247/445] NXTM
[16:52:11] [248/445] NWCS
[16:52:12] [249/445] CXMH
[16:52:13] [250/445] PCMA
[16:52:14] [251/445] SGCM
[16:52:15] [252/445] SDTU
[16:52:16] [253/445] MMVI
[16:52:17] [254/445] JKCM
[16:52:18] [255/445] VCMM
[16:52:19] [256/445] SYEE
[16:52:20] [257/445] VASD
[16:52:21] [258/445] BDRB
[16:52:21] [259/445] LASM
[16:52:22] [260/445] DCRL
[16:52:23] [261/445] DVPM
[16:52:24] [262/445] SBMJ
[16:52:25] [263/445] CBMU
[16:52:26] [264/445] IUBS
[16:52:27] [265/445] INAP
[16:52:27] [266/445] SRRC
[16:52:28] [267/445] SAGR
[16:52:29] [268/445] CPMJ
[16:52:30] [269/445] ATJL
[16:52:30] [270/445] NNTD
[16:52:31] [271/445] JHCJ
[16:52:32] [272/445] CMMP
[16:52:33] [273/445] RSDR
[16:52:34] [274/445] AMTI
[16:52:35] [275/445] NYSG
[16:52:35] [276/445] AVSG
[16:52:36] [277/445] SYTP
[16:52:37] [278/445] LARC
[16:52:38] [279/445] RJTP
[16:52:39] [280/445] LAKC
[16:52:40] [281/445] MCXE
[16:52:41] [282/445] CCZC
[16:52:42] [283/445] AVCH
[16:52:43] [284/445] CMBE
[16:52:44] [285/445] MRRC
[16:52:44] [286/445] PCPY
[16:52:45] [287/445] SRMH
[16:52:46] [288/445] SVGS
[16:52:47] [289/445] PCSE
[16:52:48] [290/445] SVFT
[16:52:48] [291/445] TNZP
[16:52:49] [292/445] ICTP
[16:52:51] [293/445] ACTZ
[16:52:52] [294/445] GTUR
[16:52:53] [295/445] MAFC
[16:52:53] [296/445] MINL
[16:52:54] [297/445] MRCL
[16:52:55] [298/445] RCRP
[16:52:56] [299/445] RFFG
[16:52:57] [300/445] RMAS
[16:52:58] [301/445] INVR
[16:53:00] [302/445] RMAR
[16:53:01] [303/445] CNIS
[16:53:02] [304/445] RHRJ
[16:53:03] [305/445] INXR
[16:53:04] [306/445] VALT
[16:53:05] [307/445] LCSH
[16:53:06] [308/445] CMVS
[16:53:08] [309/445] CNMS
[16:53:09] [310/445] ROOG
[16:53:09] [311/445] ISRM
[16:53:10] [312/445] RCRM
[16:53:11] [313/445] ACJA
[16:53:12] [314/445] RCVS
[16:53:13] [315/445] CPUS
[16:53:14] [316/445] TGCS
[16:53:15] [317/445] RKCJ
[16:53:16] [318/445] MKSB
[16:53:16] [319/445] TCSJ
[16:53:17] [320/445] RMGP
[16:53:18] [321/445] CLLP
[16:53:19] [322/445] RCMV
[16:53:20] [323/445] CCKS
[16:53:21] [324/445] RSRP
[16:53:22] [325/445] APLP
[16:53:23] [326/445] CNVS
[16:53:24] [327/445] RMVY
[16:53:25] [328/445] PGBD
[16:53:26] [329/445] KLMS
[16:53:27] [330/445] RUST
[16:53:27] [331/445] MASM
[16:53:28] [332/445] BACS
[16:53:29] [333/445] BWST
[16:53:30] [334/445] RRFH
[16:53:31] [335/445] SJTM
[16:53:33] [336/445] BEMR
[16:53:34] [337/445] MCGR
[16:53:35] [338/445] SDSK
[16:53:37] [339/445] VBOL
[16:53:37] [340/445] RMGM
[16:53:38] [341/445] NOPL
[16:53:39] [342/445] MKJK
[16:53:40] [343/445] CVRN
[16:53:41] [344/445] MMEN
[16:53:42] [345/445] AMNG
[16:53:42] [346/445] INTM
[16:53:43] [347/445] SLCZ
[16:53:44] [348/445] AMJN
[16:53:45] [349/445] ACJN
[16:53:46] [350/445] AMKN
[16:53:47] [351/445] BTCN
[16:53:48] [352/445] AMBT
[16:53:48] [353/445] PACN
[16:53:49] [354/445] LCNS
[16:53:50] [355/445] PPKC
[16:53:51] [356/445] JYYN
[16:53:52] [357/445] JTNR
[16:53:54] [358/445] GTEE
[16:53:55] [359/445] SRNM
[16:53:55] [360/445] SDTC
[16:53:56] [361/445] VPCA
[16:53:58] [362/445] VLRA
[16:53:59] [363/445] SHKR
[16:53:59] [364/445] SBKD
[16:54:00] [365/445] SAAD
[16:54:01] [366/445] JTGN
[16:54:02] [367/445] SLAM
[16:54:03] [368/445] VTPM
[16:54:04] [369/445] ANPT
[16:54:05] [370/445] PUNB
[16:54:05] [371/445] CPKT
[16:54:06] [372/445] CNWE
[16:54:07] [373/445] ECPP
[16:54:08] [374/445] CPAR
[16:54:09] [375/445] ESBW
[16:54:10] [376/445] PKPU
[16:54:10] [377/445] CPRP
[16:54:11] [378/445] RAHU
[16:54:12] [379/445] RHMN
[16:54:13] [380/445] FMJP
[16:54:14] [381/445] CTMP
[16:54:15] [382/445] INPN
[16:54:15] [383/445] STTG
[16:54:16] [384/445] CTRD
[16:54:17] [385/445] PUVB
[16:54:18] [386/445] ESVP
[16:54:19] [387/445] CPFT
[16:54:20] [388/445] LCPC
[16:54:21] [389/445] VBCT
[16:54:21] [390/445] FSCW
[16:54:22] [391/445] VCMP
[16:54:24] [392/445] ASHC
[16:54:25] [393/445] VLCX
[16:54:26] [394/445] SHEV
[16:54:27] [395/445] APCO
[16:54:28] [396/445] SILC
[16:54:29] [397/445] SNMR
[16:54:30] [398/445] KYBO
[16:54:31] [399/445] SATK
[16:54:31] [400/445] SSCS
[16:54:32] [401/445] CLSB
[16:54:33] [402/445] KMJR
[16:54:34] [403/445] FSCK
[16:54:35] [404/445] NNKA
[16:54:36] [405/445] CLMK
[16:54:37] [406/445] DMPZ
[16:54:38] [407/445] INQM
[16:54:40] [408/445] CAML
[16:54:42] [409/445] INRK
[16:54:43] [410/445] IMKN
[16:54:43] [411/445] SVNR
[16:54:44] [412/445] INSL
[16:54:45] [413/445] MSMA
[16:54:46] [414/445] MCKK
[16:54:47] [415/445] FCHP
[16:54:48] [416/445] SFCR
[16:54:49] [417/445] NACK
[16:54:50] [418/445] PVAK
[16:54:51] [419/445] INER
[16:54:52] [420/445] RDBK
[16:54:52] [421/445] SVFN
[16:54:53] [422/445] IFRM
[16:54:54] [423/445] ATCK
[16:54:55] [424/445] ASKO
[16:54:56] [425/445] STKT
[16:54:57] [426/445] SVFB
[16:54:57] [427/445] INKS
[16:54:58] [428/445] PCRA
[16:54:59] [429/445] ATJA
[16:55:00] [430/445] IMJN
[16:55:01] [431/445] INHD
[16:55:02] [432/445] BARA
[16:55:03] [433/445] MCSL
[16:55:04] [434/445] RTOY
[16:55:05] [435/445] MENO
[16:55:06] [436/445] PUDM
[16:55:07] [437/445] PRCN
[16:55:07] [438/445] JMJR
[16:55:08] [439/445] SSGK
[16:55:09] [440/445] SSRL
[16:55:10] [441/445] JYKL
[16:55:11] [442/445] ACNB
[16:55:12] [443/445] SONP
[16:55:12] [444/445] EMCI
[16:55:13] [445/445] MRJH
[16:55:14] 🧹 Deduping shows
[16:55:14] ✅ DONE | Shows=719 | Movies=51
