[00:39:36] 🚀 BMS DAILY TRACKER STARTED
[00:39:36] [1/445] TGMR
[00:39:36] 🧠 New identity
[00:39:37] [2/445] CXKR
[00:39:38] [3/445] SROP
[00:39:39] [4/445] GTSV
[00:39:39] [5/445] SNTY
[00:39:40] [6/445] SMYY
[00:39:41] [7/445] CNCS
[00:39:42] [8/445] CSTM
[00:39:43] [9/445] NUCD
[00:39:44] [10/445] SHCZ
[00:39:45] [11/445] NJCT
[00:39:46] [12/445] COPC
[00:39:47] [13/445] STVV
[00:39:47] [14/445] SKRN
[00:39:48] [15/445] APPZ
[00:39:49] [16/445] YMGN
[00:39:50] [17/445] SVTU
[00:39:51] [18/445] GTAD
[00:39:52] [19/445] PSUS
[00:39:53] [20/445] SMCD
[00:39:53] [21/445] CMCM
[00:39:54] [22/445] SYCT
[00:39:56] [23/445] STLY
[00:39:57] [24/445] CMHU
[00:39:58] [25/445] CMSA
[00:39:59] [26/445] CLCU
[00:40:00] [27/445] PPNT
[00:40:01] [28/445] JTAB
[00:40:02] [29/445] BUUC
[00:40:03] [30/445] BSVK
[00:40:04] [31/445] VVVQ
[00:40:05] [32/445] TKMU
[00:40:06] [33/445] ESYL
[00:40:07] [34/445] ACHP
[00:40:08] [35/445] BTKD
[00:40:09] [36/445] DESA
[00:40:10] [37/445] GBCT
[00:40:11] [38/445] BLLD
[00:40:12] [39/445] SKNT
[00:40:13] [40/445] SSTE
[00:40:14] [41/445] VJMR
[00:40:14] [42/445] NTPU
[00:40:15] [43/445] RDKN
[00:40:16] [44/445] ADGC
[00:40:17] [45/445] VRBP
[00:40:18] [46/445] NMNA
[00:40:19] [47/445] CMMX
[00:40:20] [48/445] PTKO
[00:40:20] [49/445] RBML
[00:40:22] [50/445] SAIC
[00:40:22] [51/445] SVTJ
[00:40:23] [52/445] MRTE
[00:40:24] [53/445] RBTP
[00:40:25] [54/445] NLPS
[00:40:26] [55/445] GTNA
[00:40:28] [56/445] DGGC
[00:40:29] [57/445] SMCR
[00:40:29] [58/445] SCGD
[00:40:31] [59/445] SRRJ
[00:40:32] [60/445] CNRY
[00:40:33] [61/445] KTDI
[00:40:34] [62/445] SNJL
[00:40:35] [63/445] RKMD
[00:40:36] [64/445] SMDC
[00:40:36] [65/445] TADG
[00:40:38] [66/445] MCGS
[00:40:39] [67/445] PETK
[00:40:40] [68/445] CHAG
[00:40:41] [69/445] KSTL
[00:40:41] [70/445] AADS
[00:40:42] [71/445] NTHZ
[00:40:43] [72/445] HCKI
[00:40:44] [73/445] SSEF
[00:40:45] [74/445] MCGX
[00:40:46] [75/445] ERRA
[00:40:47] [76/445] SDTW
[00:40:48] [77/445] RMPK
[00:40:48] [78/445] PTHK
[00:40:49] [79/445] PXCS
[00:40:50] [80/445] SVLU
[00:40:51] [81/445] STAH
[00:40:52] [82/445] JRGF
[00:40:53] [83/445] CDOK
[00:40:54] [84/445] CMSG
[00:40:55] [85/445] APTD
[00:40:55] [86/445] KMPG
[00:40:56] [87/445] MUTJ
[00:40:57] [88/445] VCCI
[00:40:58] [89/445] URBE
[00:40:59] [90/445] TCTS
[00:41:00] [91/445] STSN
[00:41:01] [92/445] AKCH
[00:41:02] [93/445] APSC
[00:41:03] [94/445] VLTB
[00:41:04] [95/445] SANU
[00:41:05] [96/445] AXAM
[00:41:06] [97/445] MGMG
[00:41:06] [98/445] HTBY
[00:41:07] [99/445] MMZS
[00:41:09] [100/445] SUDR
[00:41:09] [101/445] CCAD
[00:41:10] [102/445] SKKC
[00:41:11] [103/445] RMCD
[00:41:12] [104/445] SBCQ
[00:41:13] [105/445] DCCT
[00:41:14] [106/445] VTKP
[00:41:15] [107/445] MLAM
[00:41:15] [108/445] SAVT
[00:41:16] [109/445] GEPL
[00:41:17] [110/445] AMCD
[00:41:18] [111/445] CCXR
[00:41:19] [112/445] GRNG
[00:41:20] [113/445] EBCA
[00:41:21] [114/445] CNVG
[00:41:21] [115/445] MWSS
[00:41:22] [116/445] VBOR
[00:41:23] [117/445] NEEB
[00:41:24] [118/445] SUTH
[00:41:25] [119/445] ANDB
[00:41:26] [120/445] MMXS
[00:41:26] [121/445] CNPD
[00:41:27] [122/445] SDCE
[00:41:28] [123/445] DHCB
[00:41:29] [124/445] ODEN
[00:41:30] [125/445] TNTC
[00:41:31] [126/445] VBKM
[00:41:32] [127/445] RZYM
[00:41:33] [128/445] JEMC
[00:41:34] [129/445] CMAU
[00:41:35] [130/445] SIVP
[00:41:36] [131/445] ATAG
[00:41:37] [132/445] CHTM
[00:41:37] [133/445] AAEE
[00:41:38] [134/445] IWPM
[00:41:39] [135/445] KCMW
[00:41:41] [136/445] MCTD
[00:41:42] [137/445] SPWR
[00:41:43] [138/445] SDPO
[00:41:44] [139/445] PCSK
[00:41:45] [140/445] ACHV
[00:41:45] [141/445] SVLA
[00:41:46] [142/445] PICT
[00:41:47] [143/445] BXDR
[00:41:48] [144/445] SPWA
[00:41:49] [145/445] MCKO
[00:41:50] [146/445] RTHK
[00:41:51] [147/445] CCMF
[00:41:52] [148/445] MRGB
[00:41:52] [149/445] CPLC
[00:41:53] [150/445] RACD
[00:41:54] [151/445] ATKT
[00:41:55] [152/445] SARN
[00:41:56] [153/445] KKUI
[00:41:58] [154/445] RGCM
[00:41:59] [155/445] BRVP
[00:41:59] [156/445] HRSR
[00:42:00] [157/445] GKGM
[00:42:02] [158/445] TTCD
[00:42:03] [159/445] PTTI
[00:42:04] [160/445] MPTT
[00:42:04] [161/445] CVTT
[00:42:05] [162/445] PCXD
[00:42:06] [163/445] GCDC
[00:42:07] [164/445] CCCF
[00:42:09] [165/445] MRAD
[00:42:10] [166/445] CPLK
[00:42:10] [167/445] SATB
[00:42:11] [168/445] SNVG
[00:42:12] [169/445] JMBA
[00:42:13] [170/445] TEJA
[00:42:14] [171/445] STYO
[00:42:15] [172/445] JTBP
[00:42:16] [173/445] KRGD
[00:42:17] [174/445] SLJJ
[00:42:18] [175/445] SPTJ
[00:42:18] [176/445] SWJG
[00:42:19] [177/445] LKRT
[00:42:20] [178/445] KCKA
[00:42:21] [179/445] SNCR
[00:42:22] [180/445] SMKL
[00:42:23] [181/445] GCFA
[00:42:24] [182/445] DDCK
[00:42:25] [183/445] NCHJ
[00:42:25] [184/445] RDMA
[00:42:26] [185/445] SVSV
[00:42:27] [186/445] SCJG
[00:42:28] [187/445] VKLP
[00:42:29] [188/445] NWCC
[00:42:30] [189/445] VKNS
[00:42:30] [190/445] SDDP
[00:42:31] [191/445] ACSI
[00:42:32] [192/445] SATG
[00:42:33] [193/445] SCMW
[00:42:34] [194/445] LKTK
[00:42:34] [195/445] VCKV
[00:42:35] [196/445] KKPE
[00:42:36] [197/445] KIGH
[00:42:37] [198/445] SRPM
[00:42:38] [199/445] SCAH
[00:42:39] [200/445] MUTA
[00:42:40] [201/445] SEPU
[00:42:41] [202/445] INOA
[00:42:42] [203/445] BASK
[00:42:43] [204/445] NECB
[00:42:44] [205/445] GTTG
[00:42:44] [206/445] ASSA
[00:42:46] [207/445] ANCL
[00:42:47] [208/445] GCTI
[00:42:48] [209/445] RCTS
[00:42:49] [210/445] ACNL
[00:42:51] [211/445] MYCT
[00:42:52] [212/445] NMHT
[00:42:53] [213/445] MDIT
[00:42:54] [214/445] LATG
[00:42:55] [215/445] SMTY
[00:42:56] [216/445] CVCT
[00:42:57] [217/445] RAMB
[00:42:58] [218/445] TGMS
[00:42:59] [219/445] BHEL
[00:43:00] [220/445] SHCT
[00:43:01] [221/445] SVCT
[00:43:02] [222/445] MRIY
[00:43:02] [223/445] SARO
[00:43:03] [224/445] STCT
[00:43:05] [225/445] JKKC
[00:43:07] [226/445] PLTT
[00:43:07] [227/445] SRNT
[00:43:08] [228/445] YAST
[00:43:09] [229/445] PERL
[00:43:10] [230/445] CICM
[00:43:11] [231/445] MMTR
[00:43:12] [232/445] ABTK
[00:43:13] [233/445] ATYY
[00:43:13] [234/445] ASTK
[00:43:14] [235/445] VVCK
[00:43:15] [236/445] ATKY
[00:43:16] [237/445] GWEK
[00:43:18] [238/445] SVFH
[00:43:19] [239/445] SLTA
[00:43:20] [240/445] AASH
[00:43:21] [241/445] ACXB
[00:43:22] [242/445] SMTX
[00:43:23] [243/445] AZDH
[00:43:24] [244/445] CMMH
[00:43:25] [245/445] SCSZ
[00:43:26] [246/445] SCKP
[00:43:27] [247/445] NXTM
[00:43:28] [248/445] NWCS
[00:43:28] [249/445] CXMH
[00:43:29] [250/445] PCMA
[00:43:30] [251/445] SGCM
[00:43:31] [252/445] SDTU
[00:43:32] [253/445] MMVI
[00:43:33] [254/445] JKCM
[00:43:33] [255/445] VCMM
[00:43:34] [256/445] SYEE
[00:43:35] [257/445] VASD
[00:43:36] [258/445] BDRB
[00:43:36] [259/445] LASM
[00:43:38] [260/445] DCRL
[00:43:39] [261/445] DVPM
[00:43:40] [262/445] SBMJ
[00:43:41] [263/445] CBMU
[00:43:42] [264/445] IUBS
[00:43:43] [265/445] INAP
[00:43:43] [266/445] SRRC
[00:43:44] [267/445] SAGR
[00:43:45] [268/445] CPMJ
[00:43:46] [269/445] ATJL
[00:43:47] [270/445] NNTD
[00:43:48] [271/445] JHCJ
[00:43:49] [272/445] CMMP
[00:43:49] [273/445] RSDR
[00:43:50] [274/445] AMTI
[00:43:51] [275/445] NYSG
[00:43:52] [276/445] AVSG
[00:43:53] [277/445] SYTP
[00:43:53] [278/445] LARC
[00:43:54] [279/445] RJTP
[00:43:55] [280/445] LAKC
[00:43:56] [281/445] MCXE
[00:43:56] [282/445] CCZC
[00:43:57] [283/445] AVCH
[00:43:58] [284/445] CMBE
[00:43:59] [285/445] MRRC
[00:43:59] [286/445] PCPY
[00:44:00] [287/445] SRMH
[00:44:01] [288/445] SVGS
[00:44:02] [289/445] PCSE
[00:44:03] [290/445] SVFT
[00:44:04] [291/445] TNZP
[00:44:05] [292/445] ICTP
[00:44:05] [293/445] ACTZ
[00:44:06] [294/445] GTUR
[00:44:07] [295/445] MAFC
[00:44:08] [296/445] MINL
[00:44:09] [297/445] MRCL
[00:44:10] [298/445] RCRP
[00:44:11] [299/445] RFFG
[00:44:12] [300/445] RMAS
[00:44:13] [301/445] INVR
[00:44:14] [302/445] RMAR
[00:44:14] [303/445] CNIS
[00:44:15] [304/445] RHRJ
[00:44:16] [305/445] INXR
[00:44:17] [306/445] VALT
[00:44:18] [307/445] LCSH
[00:44:18] [308/445] CMVS
[00:44:19] [309/445] CNMS
[00:44:20] [310/445] ROOG
[00:44:21] [311/445] ISRM
[00:44:22] [312/445] RCRM
[00:44:23] [313/445] ACJA
[00:44:24] [314/445] RCVS
[00:44:24] [315/445] CPUS
[00:44:25] [316/445] TGCS
[00:44:26] [317/445] RKCJ
[00:44:27] [318/445] MKSB
[00:44:28] [319/445] TCSJ
[00:44:30] [320/445] RMGP
[00:44:30] [321/445] CLLP
[00:44:31] [322/445] RCMV
[00:44:32] [323/445] CCKS
[00:44:33] [324/445] RSRP
[00:44:34] [325/445] APLP
[00:44:35] [326/445] CNVS
[00:44:36] [327/445] RMVY
[00:44:37] [328/445] PGBD
[00:44:38] [329/445] KLMS
[00:44:39] [330/445] RUST
[00:44:40] [331/445] MASM
[00:44:41] [332/445] BACS
[00:44:42] [333/445] BWST
[00:44:43] [334/445] RRFH
[00:44:44] [335/445] SJTM
[00:44:45] [336/445] BEMR
[00:44:45] [337/445] MCGR
[00:44:46] [338/445] SDSK
[00:44:47] [339/445] VBOL
[00:44:48] [340/445] RMGM
[00:44:49] [341/445] NOPL
[00:44:50] [342/445] MKJK
[00:44:50] [343/445] CVRN
[00:44:51] [344/445] MMEN
[00:44:52] [345/445] AMNG
[00:44:53] [346/445] INTM
[00:44:54] [347/445] SLCZ
[00:44:55] [348/445] AMJN
[00:44:56] [349/445] ACJN
[00:44:56] [350/445] AMKN
[00:44:57] [351/445] BTCN
[00:44:58] [352/445] AMBT
[00:44:59] [353/445] PACN
[00:44:59] [354/445] LCNS
[00:45:00] [355/445] PPKC
[00:45:01] [356/445] JYYN
[00:45:02] [357/445] JTNR
[00:45:03] [358/445] GTEE
[00:45:04] [359/445] SRNM
[00:45:05] [360/445] SDTC
[00:45:06] [361/445] VPCA
[00:45:07] [362/445] VLRA
[00:45:07] [363/445] SHKR
[00:45:08] [364/445] SBKD
[00:45:09] [365/445] SAAD
[00:45:10] [366/445] JTGN
[00:45:11] [367/445] SLAM
[00:45:12] [368/445] VTPM
[00:45:12] [369/445] ANPT
[00:45:14] [370/445] PUNB
[00:45:15] [371/445] CPKT
[00:45:16] [372/445] CNWE
[00:45:17] [373/445] ECPP
[00:45:18] [374/445] CPAR
[00:45:19] [375/445] ESBW
[00:45:19] [376/445] PKPU
[00:45:20] [377/445] CPRP
[00:45:22] [378/445] RAHU
[00:45:23] [379/445] RHMN
[00:45:24] [380/445] FMJP
[00:45:25] [381/445] CTMP
[00:45:26] [382/445] INPN
[00:45:26] [383/445] STTG
[00:45:27] [384/445] CTRD
[00:45:29] [385/445] PUVB
[00:45:30] [386/445] ESVP
[00:45:31] [387/445] CPFT
[00:45:31] [388/445] LCPC
[00:45:32] [389/445] VBCT
[00:45:33] [390/445] FSCW
[00:45:34] [391/445] VCMP
[00:45:35] [392/445] ASHC
[00:45:36] [393/445] VLCX
[00:45:37] [394/445] SHEV
[00:45:39] [395/445] APCO
[00:45:40] [396/445] SILC
[00:45:41] [397/445] SNMR
[00:45:41] [398/445] KYBO
[00:45:42] [399/445] SATK
[00:45:43] [400/445] SSCS
[00:45:44] [401/445] CLSB
[00:45:45] [402/445] KMJR
[00:45:46] [403/445] FSCK
[00:45:47] [404/445] NNKA
[00:45:48] [405/445] CLMK
[00:45:48] [406/445] DMPZ
[00:45:49] [407/445] INQM
[00:45:50] [408/445] CAML
[00:45:51] [409/445] INRK
[00:45:52] [410/445] IMKN
[00:45:53] [411/445] SVNR
[00:45:53] [412/445] INSL
[00:45:55] [413/445] MSMA
[00:45:55] [414/445] MCKK
[00:45:56] [415/445] FCHP
[00:45:57] [416/445] SFCR
[00:45:58] [417/445] NACK
[00:45:59] [418/445] PVAK
[00:46:00] [419/445] INER
[00:46:01] [420/445] RDBK
[00:46:01] [421/445] SVFN
[00:46:02] [422/445] IFRM
[00:46:03] [423/445] ATCK
[00:46:04] [424/445] ASKO
[00:46:05] [425/445] STKT
[00:46:06] [426/445] SVFB
[00:46:06] [427/445] INKS
[00:46:07] [428/445] PCRA
[00:46:08] [429/445] ATJA
[00:46:09] [430/445] IMJN
[00:46:10] [431/445] INHD
[00:46:12] [432/445] BARA
[00:46:13] [433/445] MCSL
[00:46:14] [434/445] RTOY
[00:46:15] [435/445] MENO
[00:46:17] [436/445] PUDM
[00:46:18] [437/445] PRCN
[00:46:18] [438/445] JMJR
[00:46:19] [439/445] SSGK
[00:46:21] [440/445] SSRL
[00:46:22] [441/445] JYKL
[00:46:22] [442/445] ACNB
[00:46:24] [443/445] SONP
[00:46:25] [444/445] EMCI
[00:46:25] [445/445] MRJH
[00:46:26] ✅ DONE | Shows=0 | Movies=0
[01:43:34] 🚀 BMS DAILY TRACKER STARTED
[01:43:34] [1/445] TGMR
[01:43:34] 🧠 New identity
[01:43:35] [2/445] CXKR
[01:43:36] [3/445] SROP
[01:43:38] [4/445] GTSV
[01:43:39] [5/445] SNTY
[01:43:40] [6/445] SMYY
[01:43:41] [7/445] CNCS
[01:43:42] [8/445] CSTM
[01:43:43] [9/445] NUCD
[01:43:44] [10/445] SHCZ
[01:43:45] [11/445] NJCT
[01:43:46] [12/445] COPC
[01:43:47] [13/445] STVV
[01:43:48] [14/445] SKRN
[01:43:49] [15/445] APPZ
[01:43:50] [16/445] YMGN
[01:43:51] [17/445] SVTU
[01:43:52] [18/445] GTAD
[01:43:53] [19/445] PSUS
[01:43:54] [20/445] SMCD
[01:43:55] [21/445] CMCM
[01:43:56] [22/445] SYCT
[01:43:57] [23/445] STLY
[01:43:58] [24/445] CMHU
[01:43:59] [25/445] CMSA
[01:44:00] [26/445] CLCU
[01:44:01] [27/445] PPNT
[01:44:03] [28/445] JTAB
[01:44:03] [29/445] BUUC
[01:44:04] [30/445] BSVK
[01:44:05] [31/445] VVVQ
[01:44:06] [32/445] TKMU
[01:44:07] [33/445] ESYL
[01:44:08] [34/445] ACHP
[01:44:09] [35/445] BTKD
[01:44:10] [36/445] DESA
[01:44:11] [37/445] GBCT
[01:44:12] [38/445] BLLD
[01:44:12] [39/445] SKNT
[01:44:14] [40/445] SSTE
[01:44:15] [41/445] VJMR
[01:44:15] [42/445] NTPU
[01:44:16] [43/445] RDKN
[01:44:17] [44/445] ADGC
[01:44:18] [45/445] VRBP
[01:44:19] [46/445] NMNA
[01:44:20] [47/445] CMMX
[01:44:21] [48/445] PTKO
[01:44:21] [49/445] RBML
[01:44:22] [50/445] SAIC
[01:44:23] [51/445] SVTJ
[01:44:24] [52/445] MRTE
[01:44:25] [53/445] RBTP
[01:44:26] [54/445] NLPS
[01:44:27] [55/445] GTNA
[01:44:28] [56/445] DGGC
[01:44:28] [57/445] SMCR
[01:44:29] [58/445] SCGD
[01:44:30] [59/445] SRRJ
[01:44:31] [60/445] CNRY
[01:44:32] [61/445] KTDI
[01:44:33] [62/445] SNJL
[01:44:34] [63/445] RKMD
[01:44:35] [64/445] SMDC
[01:44:35] [65/445] TADG
[01:44:36] [66/445] MCGS
[01:44:37] [67/445] PETK
[01:44:38] [68/445] CHAG
[01:44:39] [69/445] KSTL
[01:44:40] [70/445] AADS
[01:44:41] [71/445] NTHZ
[01:44:41] [72/445] HCKI
[01:44:42] [73/445] SSEF
[01:44:43] [74/445] MCGX
[01:44:44] [75/445] ERRA
[01:44:45] [76/445] SDTW
[01:44:46] [77/445] RMPK
[01:44:47] [78/445] PTHK
[01:44:48] [79/445] PXCS
[01:44:49] [80/445] SVLU
[01:44:49] [81/445] STAH
[01:44:50] [82/445] JRGF
[01:44:51] [83/445] CDOK
[01:44:51] [84/445] CMSG
[01:44:52] [85/445] APTD
[01:44:53] [86/445] KMPG
[01:44:55] [87/445] MUTJ
[01:44:56] [88/445] VCCI
[01:44:56] [89/445] URBE
[01:44:57] [90/445] TCTS
[01:44:58] [91/445] STSN
[01:44:59] [92/445] AKCH
[01:45:01] [93/445] APSC
[01:45:02] [94/445] VLTB
[01:45:02] [95/445] SANU
[01:45:03] [96/445] AXAM
[01:45:04] [97/445] MGMG
[01:45:05] [98/445] HTBY
[01:45:06] [99/445] MMZS
[01:45:07] [100/445] SUDR
[01:45:07] [101/445] CCAD
[01:45:08] [102/445] SKKC
[01:45:09] [103/445] RMCD
[01:45:10] [104/445] SBCQ
[01:45:11] [105/445] DCCT
[01:45:12] [106/445] VTKP
[01:45:12] [107/445] MLAM
[01:45:13] [108/445] SAVT
[01:45:14] [109/445] GEPL
[01:45:15] [110/445] AMCD
[01:45:16] [111/445] CCXR
[01:45:17] [112/445] GRNG
[01:45:18] [113/445] EBCA
[01:45:19] [114/445] CNVG
[01:45:20] [115/445] MWSS
[01:45:21] [116/445] VBOR
[01:45:22] [117/445] NEEB
[01:45:23] [118/445] SUTH
[01:45:24] [119/445] ANDB
[01:45:25] [120/445] MMXS
[01:45:26] [121/445] CNPD
[01:45:27] [122/445] SDCE
[01:45:28] [123/445] DHCB
[01:45:29] [124/445] ODEN
[01:45:30] [125/445] TNTC
[01:45:31] [126/445] VBKM
[01:45:32] [127/445] RZYM
[01:45:33] [128/445] JEMC
[01:45:34] [129/445] CMAU
[01:45:35] [130/445] SIVP
[01:45:36] [131/445] ATAG
[01:45:37] [132/445] CHTM
[01:45:38] [133/445] AAEE
[01:45:38] [134/445] IWPM
[01:45:39] [135/445] KCMW
[01:45:40] [136/445] MCTD
[01:45:41] [137/445] SPWR
[01:45:42] [138/445] SDPO
[01:45:43] [139/445] PCSK
[01:45:43] [140/445] ACHV
[01:45:44] [141/445] SVLA
[01:45:46] [142/445] PICT
[01:45:47] [143/445] BXDR
[01:45:48] [144/445] SPWA
[01:45:50] [145/445] MCKO
[01:45:50] [146/445] RTHK
[01:45:51] [147/445] CCMF
[01:45:52] [148/445] MRGB
[01:45:53] [149/445] CPLC
[01:45:54] [150/445] RACD
[01:45:55] [151/445] ATKT
[01:45:55] [152/445] SARN
[01:45:56] [153/445] KKUI
[01:45:57] [154/445] RGCM
[01:45:58] [155/445] BRVP
[01:45:59] [156/445] HRSR
[01:46:00] [157/445] GKGM
[01:46:01] [158/445] TTCD
[01:46:02] [159/445] PTTI
[01:46:03] [160/445] MPTT
[01:46:03] [161/445] CVTT
[01:46:04] [162/445] PCXD
[01:46:05] [163/445] GCDC
[01:46:06] [164/445] CCCF
[01:46:07] [165/445] MRAD
[01:46:08] [166/445] CPLK
[01:46:09] [167/445] SATB
[01:46:10] [168/445] SNVG
[01:46:10] [169/445] JMBA
[01:46:11] [170/445] TEJA
[01:46:12] [171/445] STYO
[01:46:13] [172/445] JTBP
[01:46:14] [173/445] KRGD
[01:46:15] [174/445] SLJJ
[01:46:16] [175/445] SPTJ
[01:46:17] [176/445] SWJG
[01:46:18] [177/445] LKRT
[01:46:19] [178/445] KCKA
[01:46:20] [179/445] SNCR
[01:46:21] [180/445] SMKL
[01:46:21] [181/445] GCFA
[01:46:22] [182/445] DDCK
[01:46:23] [183/445] NCHJ
[01:46:24] [184/445] RDMA
[01:46:25] [185/445] SVSV
[01:46:25] [186/445] SCJG
[01:46:26] [187/445] VKLP
[01:46:27] [188/445] NWCC
[01:46:28] [189/445] VKNS
[01:46:29] [190/445] SDDP
[01:46:30] [191/445] ACSI
[01:46:32] [192/445] SATG
[01:46:32] [193/445] SCMW
[01:46:33] [194/445] LKTK
[01:46:34] [195/445] VCKV
[01:46:35] [196/445] KKPE
[01:46:36] [197/445] KIGH
[01:46:37] [198/445] SRPM
[01:46:38] [199/445] SCAH
[01:46:38] [200/445] MUTA
[01:46:39] [201/445] SEPU
[01:46:40] [202/445] INOA
[01:46:41] [203/445] BASK
[01:46:43] [204/445] NECB
[01:46:44] [205/445] GTTG
[01:46:45] [206/445] ASSA
[01:46:46] [207/445] ANCL
[01:46:47] [208/445] GCTI
[01:46:47] [209/445] RCTS
[01:46:48] [210/445] ACNL
[01:46:50] [211/445] MYCT
[01:46:51] [212/445] NMHT
[01:46:52] [213/445] MDIT
[01:46:53] [214/445] LATG
[01:46:54] [215/445] SMTY
[01:46:55] [216/445] CVCT
[01:46:56] [217/445] RAMB
[01:46:57] [218/445] TGMS
[01:46:58] [219/445] BHEL
[01:46:58] [220/445] SHCT
[01:46:59] [221/445] SVCT
[01:47:00] [222/445] MRIY
[01:47:01] [223/445] SARO
[01:47:02] [224/445] STCT
[01:47:03] [225/445] JKKC
[01:47:03] [226/445] PLTT
[01:47:05] [227/445] SRNT
[01:47:06] [228/445] YAST
[01:47:07] [229/445] PERL
[01:47:08] [230/445] CICM
[01:47:09] [231/445] MMTR
[01:47:10] [232/445] ABTK
[01:47:11] [233/445] ATYY
[01:47:12] [234/445] ASTK
[01:47:13] [235/445] VVCK
[01:47:13] [236/445] ATKY
[01:47:14] [237/445] GWEK
[01:47:15] [238/445] SVFH
[01:47:16] [239/445] SLTA
[01:47:17] [240/445] AASH
[01:47:18] [241/445] ACXB
[01:47:20] [242/445] SMTX
[01:47:21] [243/445] AZDH
[01:47:21] [244/445] CMMH
[01:47:22] [245/445] SCSZ
[01:47:23] [246/445] SCKP
[01:47:24] [247/445] NXTM
[01:47:25] [248/445] NWCS
[01:47:26] [249/445] CXMH
[01:47:27] [250/445] PCMA
[01:47:28] [251/445] SGCM
[01:47:28] [252/445] SDTU
[01:47:30] [253/445] MMVI
[01:47:31] [254/445] JKCM
[01:47:32] [255/445] VCMM
[01:47:33] [256/445] SYEE
[01:47:34] [257/445] VASD
[01:47:35] [258/445] BDRB
[01:47:35] [259/445] LASM
[01:47:36] [260/445] DCRL
[01:47:37] [261/445] DVPM
[01:47:38] [262/445] SBMJ
[01:47:39] [263/445] CBMU
[01:47:40] [264/445] IUBS
[01:47:41] [265/445] INAP
[01:47:42] [266/445] SRRC
[01:47:43] [267/445] SAGR
[01:47:43] [268/445] CPMJ
[01:47:44] [269/445] ATJL
[01:47:45] [270/445] NNTD
[01:47:46] [271/445] JHCJ
[01:47:47] [272/445] CMMP
[01:47:48] [273/445] RSDR
[01:47:49] [274/445] AMTI
[01:47:50] [275/445] NYSG
[01:47:51] [276/445] AVSG
[01:47:52] [277/445] SYTP
[01:47:53] [278/445] LARC
[01:47:54] [279/445] RJTP
[01:47:55] [280/445] LAKC
[01:47:56] [281/445] MCXE
[01:47:57] [282/445] CCZC
[01:47:58] [283/445] AVCH
[01:47:59] [284/445] CMBE
[01:48:00] [285/445] MRRC
[01:48:01] [286/445] PCPY
[01:48:02] [287/445] SRMH
[01:48:02] [288/445] SVGS
[01:48:04] [289/445] PCSE
[01:48:05] [290/445] SVFT
[01:48:07] [291/445] TNZP
[01:48:08] [292/445] ICTP
[01:48:08] [293/445] ACTZ
[01:48:09] [294/445] GTUR
[01:48:10] [295/445] MAFC
[01:48:11] [296/445] MINL
[01:48:12] [297/445] MRCL
[01:48:13] [298/445] RCRP
[01:48:14] [299/445] RFFG
[01:48:15] [300/445] RMAS
[01:48:16] [301/445] INVR
[01:48:17] [302/445] RMAR
[01:48:17] [303/445] CNIS
[01:48:18] [304/445] RHRJ
[01:48:19] [305/445] INXR
[01:48:20] [306/445] VALT
[01:48:21] [307/445] LCSH
[01:48:22] [308/445] CMVS
[01:48:23] [309/445] CNMS
[01:48:24] [310/445] ROOG
[01:48:25] [311/445] ISRM
[01:48:26] [312/445] RCRM
[01:48:27] [313/445] ACJA
[01:48:28] [314/445] RCVS
[01:48:29] [315/445] CPUS
[01:48:30] [316/445] TGCS
[01:48:32] [317/445] RKCJ
[01:48:33] [318/445] MKSB
[01:48:34] [319/445] TCSJ
[01:48:34] [320/445] RMGP
[01:48:35] [321/445] CLLP
[01:48:36] [322/445] RCMV
[01:48:37] [323/445] CCKS
[01:48:38] [324/445] RSRP
[01:48:39] [325/445] APLP
[01:48:40] [326/445] CNVS
[01:48:40] [327/445] RMVY
[01:48:41] [328/445] PGBD
[01:48:42] [329/445] KLMS
[01:48:43] [330/445] RUST
[01:48:43] [331/445] MASM
[01:48:44] [332/445] BACS
[01:48:45] [333/445] BWST
[01:48:46] [334/445] RRFH
[01:48:47] [335/445] SJTM
[01:48:48] [336/445] BEMR
[01:48:50] [337/445] MCGR
[01:48:51] [338/445] SDSK
[01:48:52] [339/445] VBOL
[01:48:52] [340/445] RMGM
[01:48:53] [341/445] NOPL
[01:48:54] [342/445] MKJK
[01:48:55] [343/445] CVRN
[01:48:56] [344/445] MMEN
[01:48:58] [345/445] AMNG
[01:48:58] [346/445] INTM
[01:48:59] [347/445] SLCZ
[01:49:00] [348/445] AMJN
[01:49:01] [349/445] ACJN
[01:49:02] [350/445] AMKN
[01:49:03] [351/445] BTCN
[01:49:04] [352/445] AMBT
[01:49:04] [353/445] PACN
[01:49:05] [354/445] LCNS
[01:49:06] [355/445] PPKC
[01:49:07] [356/445] JYYN
[01:49:08] [357/445] JTNR
[01:49:08] [358/445] GTEE
[01:49:09] [359/445] SRNM
[01:49:10] [360/445] SDTC
[01:49:11] [361/445] VPCA
[01:49:12] [362/445] VLRA
[01:49:13] [363/445] SHKR
[01:49:14] [364/445] SBKD
[01:49:14] [365/445] SAAD
[01:49:15] [366/445] JTGN
[01:49:16] [367/445] SLAM
[01:49:17] [368/445] VTPM
[01:49:18] [369/445] ANPT
[01:49:19] [370/445] PUNB
[01:49:20] [371/445] CPKT
[01:49:21] [372/445] CNWE
[01:49:21] [373/445] ECPP
[01:49:22] [374/445] CPAR
[01:49:23] [375/445] ESBW
[01:49:24] [376/445] PKPU
[01:49:26] [377/445] CPRP
[01:49:26] [378/445] RAHU
[01:49:27] [379/445] RHMN
[01:49:28] [380/445] FMJP
[01:49:29] [381/445] CTMP
[01:49:30] [382/445] INPN
[01:49:30] [383/445] STTG
[01:49:31] [384/445] CTRD
[01:49:32] [385/445] PUVB
[01:49:33] [386/445] ESVP
[01:49:34] [387/445] CPFT
[01:49:36] [388/445] LCPC
[01:49:37] [389/445] VBCT
[01:49:37] [390/445] FSCW
[01:49:38] [391/445] VCMP
[01:49:39] [392/445] ASHC
[01:49:40] [393/445] VLCX
[01:49:41] [394/445] SHEV
[01:49:41] [395/445] APCO
[01:49:42] [396/445] SILC
[01:49:43] [397/445] SNMR
[01:49:44] [398/445] KYBO
[01:49:45] [399/445] SATK
[01:49:47] [400/445] SSCS
[01:49:47] [401/445] CLSB
[01:49:48] [402/445] KMJR
[01:49:49] [403/445] FSCK
[01:49:50] [404/445] NNKA
[01:49:51] [405/445] CLMK
[01:49:52] [406/445] DMPZ
[01:49:53] [407/445] INQM
[01:49:54] [408/445] CAML
[01:49:55] [409/445] INRK
[01:49:55] [410/445] IMKN
[01:49:56] [411/445] SVNR
[01:49:57] [412/445] INSL
[01:49:58] [413/445] MSMA
[01:49:59] [414/445] MCKK
[01:50:00] [415/445] FCHP
[01:50:00] [416/445] SFCR
[01:50:01] [417/445] NACK
[01:50:02] [418/445] PVAK
[01:50:04] [419/445] INER
[01:50:05] [420/445] RDBK
[01:50:06] [421/445] SVFN
[01:50:06] [422/445] IFRM
[01:50:07] [423/445] ATCK
[01:50:08] [424/445] ASKO
[01:50:09] [425/445] STKT
[01:50:11] [426/445] SVFB
[01:50:12] [427/445] INKS
[01:50:13] [428/445] PCRA
[01:50:15] [429/445] ATJA
[01:50:16] [430/445] IMJN
[01:50:17] [431/445] INHD
[01:50:19] [432/445] BARA
[01:50:20] [433/445] MCSL
[01:50:20] [434/445] RTOY
[01:50:21] [435/445] MENO
[01:50:22] [436/445] PUDM
[01:50:23] [437/445] PRCN
[01:50:24] [438/445] JMJR
[01:50:25] [439/445] SSGK
[01:50:26] [440/445] SSRL
[01:50:26] [441/445] JYKL
[01:50:27] [442/445] ACNB
[01:50:28] [443/445] SONP
[01:50:30] [444/445] EMCI
[01:50:31] [445/445] MRJH
[01:50:32] ✅ DONE | Shows=0 | Movies=0
[02:40:51] 🚀 BMS DAILY TRACKER STARTED
[02:40:51] [1/445] TGMR
[02:40:51] 🧠 New identity
[02:40:52] [2/445] CXKR
[02:40:52] [3/445] SROP
[02:40:53] [4/445] GTSV
[02:40:54] [5/445] SNTY
[02:40:56] [6/445] SMYY
[02:40:57] [7/445] CNCS
[02:40:58] [8/445] CSTM
[02:40:58] [9/445] NUCD
[02:40:59] [10/445] SHCZ
[02:41:00] [11/445] NJCT
[02:41:01] [12/445] COPC
[02:41:01] [13/445] STVV
[02:41:02] [14/445] SKRN
[02:41:03] [15/445] APPZ
[02:41:04] [16/445] YMGN
[02:41:05] [17/445] SVTU
[02:41:06] [18/445] GTAD
[02:41:07] [19/445] PSUS
[02:41:08] [20/445] SMCD
[02:41:08] [21/445] CMCM
[02:41:09] [22/445] SYCT
[02:41:10] [23/445] STLY
[02:41:11] [24/445] CMHU
[02:41:12] [25/445] CMSA
[02:41:13] [26/445] CLCU
[02:41:14] [27/445] PPNT
[02:41:15] [28/445] JTAB
[02:41:15] [29/445] BUUC
[02:41:16] [30/445] BSVK
[02:41:17] [31/445] VVVQ
[02:41:18] [32/445] TKMU
[02:41:19] [33/445] ESYL
[02:41:20] [34/445] ACHP
[02:41:21] [35/445] BTKD
[02:41:22] [36/445] DESA
[02:41:23] [37/445] GBCT
[02:41:23] [38/445] BLLD
[02:41:24] [39/445] SKNT
[02:41:25] [40/445] SSTE
[02:41:26] [41/445] VJMR
[02:41:27] [42/445] NTPU
[02:41:28] [43/445] RDKN
[02:41:29] [44/445] ADGC
[02:41:30] [45/445] VRBP
[02:41:31] [46/445] NMNA
[02:41:32] [47/445] CMMX
[02:41:33] [48/445] PTKO
[02:41:34] [49/445] RBML
[02:41:35] [50/445] SAIC
[02:41:36] [51/445] SVTJ
[02:41:36] [52/445] MRTE
[02:41:37] [53/445] RBTP
[02:41:38] [54/445] NLPS
[02:41:39] [55/445] GTNA
[02:41:40] [56/445] DGGC
[02:41:41] [57/445] SMCR
[02:41:42] [58/445] SCGD
[02:41:42] [59/445] SRRJ
[02:41:43] [60/445] CNRY
[02:41:44] [61/445] KTDI
[02:41:45] [62/445] SNJL
[02:41:46] [63/445] RKMD
[02:41:47] [64/445] SMDC
[02:41:48] [65/445] TADG
[02:41:49] [66/445] MCGS
[02:41:50] [67/445] PETK
[02:41:51] [68/445] CHAG
[02:41:52] [69/445] KSTL
[02:41:53] [70/445] AADS
[02:41:54] [71/445] NTHZ
[02:41:55] [72/445] HCKI
[02:41:56] [73/445] SSEF
[02:41:56] [74/445] MCGX
[02:41:57] [75/445] ERRA
[02:41:58] [76/445] SDTW
[02:41:59] [77/445] RMPK
[02:42:00] [78/445] PTHK
[02:42:01] [79/445] PXCS
[02:42:02] [80/445] SVLU
[02:42:03] [81/445] STAH
[02:42:04] [82/445] JRGF
[02:42:05] [83/445] CDOK
[02:42:05] [84/445] CMSG
[02:42:06] [85/445] APTD
[02:42:07] [86/445] KMPG
[02:42:09] [87/445] MUTJ
[02:42:09] [88/445] VCCI
[02:42:10] [89/445] URBE
[02:42:11] [90/445] TCTS
[02:42:12] [91/445] STSN
[02:42:13] [92/445] AKCH
[02:42:14] [93/445] APSC
[02:42:15] [94/445] VLTB
[02:42:16] [95/445] SANU
[02:42:17] [96/445] AXAM
[02:42:18] [97/445] MGMG
[02:42:19] [98/445] HTBY
[02:42:20] [99/445] MMZS
[02:42:21] [100/445] SUDR
[02:42:21] [101/445] CCAD
[02:42:22] [102/445] SKKC
[02:42:23] [103/445] RMCD
[02:42:25] [104/445] SBCQ
[02:42:26] [105/445] DCCT
[02:42:26] [106/445] VTKP
[02:42:28] [107/445] MLAM
[02:42:29] [108/445] SAVT
[02:42:30] [109/445] GEPL
[02:42:30] [110/445] AMCD
[02:42:31] [111/445] CCXR
[02:42:32] [112/445] GRNG
[02:42:33] [113/445] EBCA
[02:42:34] [114/445] CNVG
[02:42:34] [115/445] MWSS
[02:42:35] [116/445] VBOR
[02:42:36] [117/445] NEEB
[02:42:37] [118/445] SUTH
[02:42:38] [119/445] ANDB
[02:42:39] [120/445] MMXS
[02:42:40] [121/445] CNPD
[02:42:41] [122/445] SDCE
[02:42:42] [123/445] DHCB
[02:42:43] [124/445] ODEN
[02:42:43] [125/445] TNTC
[02:42:45] [126/445] VBKM
[02:42:46] [127/445] RZYM
[02:42:47] [128/445] JEMC
[02:42:47] [129/445] CMAU
[02:42:48] [130/445] SIVP
[02:42:49] [131/445] ATAG
[02:42:50] [132/445] CHTM
[02:42:51] [133/445] AAEE
[02:42:51] [134/445] IWPM
[02:42:52] [135/445] KCMW
[02:42:53] [136/445] MCTD
[02:42:54] [137/445] SPWR
[02:42:54] [138/445] SDPO
[02:42:55] [139/445] PCSK
[02:42:56] [140/445] ACHV
[02:42:57] [141/445] SVLA
[02:42:58] [142/445] PICT
[02:42:59] [143/445] BXDR
[02:42:59] [144/445] SPWA
[02:43:00] [145/445] MCKO
[02:43:01] [146/445] RTHK
[02:43:02] [147/445] CCMF
[02:43:03] [148/445] MRGB
[02:43:03] [149/445] CPLC
[02:43:04] [150/445] RACD
[02:43:05] [151/445] ATKT
[02:43:06] [152/445] SARN
[02:43:07] [153/445] KKUI
[02:43:08] [154/445] RGCM
[02:43:09] [155/445] BRVP
[02:43:09] [156/445] HRSR
[02:43:10] [157/445] GKGM
[02:43:11] [158/445] TTCD
[02:43:12] [159/445] PTTI
[02:43:13] [160/445] MPTT
[02:43:14] [161/445] CVTT
[02:43:15] [162/445] PCXD
[02:43:16] [163/445] GCDC
[02:43:17] [164/445] CCCF
[02:43:18] [165/445] MRAD
[02:43:19] [166/445] CPLK
[02:43:20] [167/445] SATB
[02:43:21] [168/445] SNVG
[02:43:22] [169/445] JMBA
[02:43:23] [170/445] TEJA
[02:43:23] [171/445] STYO
[02:43:24] [172/445] JTBP
[02:43:25] [173/445] KRGD
[02:43:26] [174/445] SLJJ
[02:43:27] [175/445] SPTJ
[02:43:28] [176/445] SWJG
[02:43:29] [177/445] LKRT
[02:43:29] [178/445] KCKA
[02:43:30] [179/445] SNCR
[02:43:31] [180/445] SMKL
[02:43:32] [181/445] GCFA
[02:43:33] [182/445] DDCK
[02:43:34] [183/445] NCHJ
[02:43:35] [184/445] RDMA
[02:43:37] [185/445] SVSV
[02:43:38] [186/445] SCJG
[02:43:39] [187/445] VKLP
[02:43:39] [188/445] NWCC
[02:43:40] [189/445] VKNS
[02:43:41] [190/445] SDDP
[02:43:41] [191/445] ACSI
[02:43:42] [192/445] SATG
[02:43:43] [193/445] SCMW
[02:43:44] [194/445] LKTK
[02:43:45] [195/445] VCKV
[02:43:46] [196/445] KKPE
[02:43:47] [197/445] KIGH
[02:43:47] [198/445] SRPM
[02:43:48] [199/445] SCAH
[02:43:49] [200/445] MUTA
[02:43:50] [201/445] SEPU
[02:43:51] [202/445] INOA
[02:43:51] [203/445] BASK
[02:43:52] [204/445] NECB
[02:43:53] [205/445] GTTG
[02:43:54] [206/445] ASSA
[02:43:55] [207/445] ANCL
[02:43:56] [208/445] GCTI
[02:43:57] [209/445] RCTS
[02:43:58] [210/445] ACNL
[02:43:58] [211/445] MYCT
[02:43:59] [212/445] NMHT
[02:44:00] [213/445] MDIT
[02:44:01] [214/445] LATG
[02:44:02] [215/445] SMTY
[02:44:03] [216/445] CVCT
[02:44:04] [217/445] RAMB
[02:44:05] [218/445] TGMS
[02:44:05] [219/445] BHEL
[02:44:06] [220/445] SHCT
[02:44:07] [221/445] SVCT
[02:44:08] [222/445] MRIY
[02:44:09] [223/445] SARO
[02:44:09] [224/445] STCT
[02:44:10] [225/445] JKKC
[02:44:11] [226/445] PLTT
[02:44:11] [227/445] SRNT
[02:44:12] [228/445] YAST
[02:44:13] [229/445] PERL
[02:44:15] [230/445] CICM
[02:44:15] [231/445] MMTR
[02:44:17] [232/445] ABTK
[02:44:17] [233/445] ATYY
[02:44:18] [234/445] ASTK
[02:44:19] [235/445] VVCK
[02:44:20] [236/445] ATKY
[02:44:21] [237/445] GWEK
[02:44:22] [238/445] SVFH
[02:44:23] [239/445] SLTA
[02:44:24] [240/445] AASH
[02:44:25] [241/445] ACXB
[02:44:26] [242/445] SMTX
[02:44:27] [243/445] AZDH
[02:44:28] [244/445] CMMH
[02:44:28] [245/445] SCSZ
[02:44:29] [246/445] SCKP
[02:44:30] [247/445] NXTM
[02:44:31] [248/445] NWCS
[02:44:31] [249/445] CXMH
[02:44:32] [250/445] PCMA
[02:44:34] [251/445] SGCM
[02:44:35] [252/445] SDTU
[02:44:36] [253/445] MMVI
[02:44:36] [254/445] JKCM
[02:44:37] [255/445] VCMM
[02:44:39] [256/445] SYEE
[02:44:40] [257/445] VASD
[02:44:40] [258/445] BDRB
[02:44:41] [259/445] LASM
[02:44:42] [260/445] DCRL
[02:44:43] [261/445] DVPM
[02:44:44] [262/445] SBMJ
[02:44:45] [263/445] CBMU
[02:44:46] [264/445] IUBS
[02:44:47] [265/445] INAP
[02:44:48] [266/445] SRRC
[02:44:49] [267/445] SAGR
[02:44:50] [268/445] CPMJ
[02:44:51] [269/445] ATJL
[02:44:51] [270/445] NNTD
[02:44:52] [271/445] JHCJ
[02:44:53] [272/445] CMMP
[02:44:54] [273/445] RSDR
[02:44:55] [274/445] AMTI
[02:44:56] [275/445] NYSG
[02:44:56] [276/445] AVSG
[02:44:57] [277/445] SYTP
[02:44:58] [278/445] LARC
[02:44:59] [279/445] RJTP
[02:44:59] [280/445] LAKC
[02:45:00] [281/445] MCXE
[02:45:01] [282/445] CCZC
[02:45:02] [283/445] AVCH
[02:45:04] [284/445] CMBE
[02:45:05] [285/445] MRRC
[02:45:06] [286/445] PCPY
[02:45:07] [287/445] SRMH
[02:45:07] [288/445] SVGS
[02:45:08] [289/445] PCSE
[02:45:09] [290/445] SVFT
[02:45:10] [291/445] TNZP
[02:45:11] [292/445] ICTP
[02:45:12] [293/445] ACTZ
[02:45:13] [294/445] GTUR
[02:45:13] [295/445] MAFC
[02:45:14] [296/445] MINL
[02:45:15] [297/445] MRCL
[02:45:16] [298/445] RCRP
[02:45:17] [299/445] RFFG
[02:45:18] [300/445] RMAS
[02:45:18] [301/445] INVR
[02:45:19] [302/445] RMAR
[02:45:20] [303/445] CNIS
[02:45:21] [304/445] RHRJ
[02:45:22] [305/445] INXR
[02:45:23] [306/445] VALT
[02:45:24] [307/445] LCSH
[02:45:24] [308/445] CMVS
[02:45:25] [309/445] CNMS
[02:45:27] [310/445] ROOG
[02:45:27] [311/445] ISRM
[02:45:29] [312/445] RCRM
[02:45:30] [313/445] ACJA
[02:45:31] [314/445] RCVS
[02:45:32] [315/445] CPUS
[02:45:33] [316/445] TGCS
[02:45:34] [317/445] RKCJ
[02:45:35] [318/445] MKSB
[02:45:35] [319/445] TCSJ
[02:45:36] [320/445] RMGP
[02:45:37] [321/445] CLLP
[02:45:38] [322/445] RCMV
[02:45:39] [323/445] CCKS
[02:45:40] [324/445] RSRP
[02:45:40] [325/445] APLP
[02:45:41] [326/445] CNVS
[02:45:42] [327/445] RMVY
[02:45:43] [328/445] PGBD
[02:45:44] [329/445] KLMS
[02:45:45] [330/445] RUST
[02:45:45] [331/445] MASM
[02:45:46] [332/445] BACS
[02:45:47] [333/445] BWST
[02:45:49] [334/445] RRFH
[02:45:49] [335/445] SJTM
[02:45:50] [336/445] BEMR
[02:45:51] [337/445] MCGR
[02:45:52] [338/445] SDSK
[02:45:53] [339/445] VBOL
[02:45:54] [340/445] RMGM
[02:45:55] [341/445] NOPL
[02:45:55] [342/445] MKJK
[02:45:57] [343/445] CVRN
[02:45:58] [344/445] MMEN
[02:45:59] [345/445] AMNG
[02:46:00] [346/445] INTM
[02:46:01] [347/445] SLCZ
[02:46:01] [348/445] AMJN
[02:46:02] [349/445] ACJN
[02:46:03] [350/445] AMKN
[02:46:04] [351/445] BTCN
[02:46:05] [352/445] AMBT
[02:46:05] [353/445] PACN
[02:46:06] [354/445] LCNS
[02:46:07] [355/445] PPKC
[02:46:08] [356/445] JYYN
[02:46:09] [357/445] JTNR
[02:46:09] [358/445] GTEE
[02:46:10] [359/445] SRNM
[02:46:11] [360/445] SDTC
[02:46:12] [361/445] VPCA
[02:46:14] [362/445] VLRA
[02:46:14] [363/445] SHKR
[02:46:15] [364/445] SBKD
[02:46:16] [365/445] SAAD
[02:46:17] [366/445] JTGN
[02:46:18] [367/445] SLAM
[02:46:18] [368/445] VTPM
[02:46:19] [369/445] ANPT
[02:46:20] [370/445] PUNB
[02:46:21] [371/445] CPKT
[02:46:21] [372/445] CNWE
[02:46:22] [373/445] ECPP
[02:46:23] [374/445] CPAR
[02:46:25] [375/445] ESBW
[02:46:26] [376/445] PKPU
[02:46:27] [377/445] CPRP
[02:46:28] [378/445] RAHU
[02:46:29] [379/445] RHMN
[02:46:30] [380/445] FMJP
[02:46:30] [381/445] CTMP
[02:46:31] [382/445] INPN
[02:46:32] [383/445] STTG
[02:46:33] [384/445] CTRD
[02:46:33] [385/445] PUVB
[02:46:35] [386/445] ESVP
[02:46:36] [387/445] CPFT
[02:46:37] [388/445] LCPC
[02:46:38] [389/445] VBCT
[02:46:38] [390/445] FSCW
[02:46:39] [391/445] VCMP
[02:46:40] [392/445] ASHC
[02:46:40] [393/445] VLCX
[02:46:41] [394/445] SHEV
[02:46:42] [395/445] APCO
[02:46:44] [396/445] SILC
[02:46:44] [397/445] SNMR
[02:46:45] [398/445] KYBO
[02:46:46] [399/445] SATK
[02:46:47] [400/445] SSCS
[02:46:48] [401/445] CLSB
[02:46:49] [402/445] KMJR
[02:46:50] [403/445] FSCK
[02:46:50] [404/445] NNKA
[02:46:51] [405/445] CLMK
[02:46:52] [406/445] DMPZ
[02:46:53] [407/445] INQM
[02:46:54] [408/445] CAML
[02:46:54] [409/445] INRK
[02:46:55] [410/445] IMKN
[02:46:56] [411/445] SVNR
[02:46:57] [412/445] INSL
[02:46:58] [413/445] MSMA
[02:46:59] [414/445] MCKK
[02:47:00] [415/445] FCHP
[02:47:00] [416/445] SFCR
[02:47:02] [417/445] NACK
[02:47:03] [418/445] PVAK
[02:47:04] [419/445] INER
[02:47:04] [420/445] RDBK
[02:47:05] [421/445] SVFN
[02:47:06] [422/445] IFRM
[02:47:07] [423/445] ATCK
[02:47:08] [424/445] ASKO
[02:47:09] [425/445] STKT
[02:47:10] [426/445] SVFB
[02:47:11] [427/445] INKS
[02:47:12] [428/445] PCRA
[02:47:13] [429/445] ATJA
[02:47:14] [430/445] IMJN
[02:47:15] [431/445] INHD
[02:47:16] [432/445] BARA
[02:47:17] [433/445] MCSL
[02:47:17] [434/445] RTOY
[02:47:18] [435/445] MENO
[02:47:19] [436/445] PUDM
[02:47:20] [437/445] PRCN
[02:47:21] [438/445] JMJR
[02:47:21] [439/445] SSGK
[02:47:22] [440/445] SSRL
[02:47:23] [441/445] JYKL
[02:47:24] [442/445] ACNB
[02:47:24] [443/445] SONP
[02:47:25] [444/445] EMCI
[02:47:26] [445/445] MRJH
[02:47:27] ✅ DONE | Shows=0 | Movies=0
