[00:39:31] 🚀 BMS DAILY TRACKER STARTED
[00:39:31] [1/459] NECA
[00:39:31] 🧠 New identity
[00:39:32] [2/459] BJLC
[00:39:33] [3/459] BASU
[00:39:34] [4/459] RUPI
[00:39:35] [5/459] LCBK
[00:39:35] [6/459] PMAC
[00:39:36] [7/459] AMLC
[00:39:37] [8/459] LICL
[00:39:38] [9/459] UDMM
[00:39:39] [10/459] STBZ
[00:39:40] [11/459] UUBT
[00:39:41] [12/459] SJKC
[00:39:42] [13/459] TUAL
[00:39:43] [14/459] MRSE
[00:39:44] [15/459] RMRK
[00:39:44] [16/459] TTKP
[00:39:45] [17/459] KTKO
[00:39:46] [18/459] SDBK
[00:39:47] [19/459] MCPR
[00:39:48] [20/459] CHTI
[00:39:48] [21/459] GCCP
[00:39:50] [22/459] SRMY
[00:39:50] [23/459] NYST
[00:39:51] [24/459] NYAG
[00:39:52] [25/459] SBMT
[00:39:53] [26/459] INGA
[00:39:54] [27/459] WSIC
[00:39:55] [28/459] SCSS
[00:39:56] [29/459] COPG
[00:39:57] [30/459] RCGR
[00:39:57] [31/459] TCZA
[00:39:58] [32/459] CNLP
[00:39:59] [33/459] CLKN
[00:40:00] [34/459] LHDF
[00:40:01] [35/459] ELKC
[00:40:02] [36/459] VCEM
[00:40:02] [37/459] SSZA
[00:40:03] [38/459] KRMT
[00:40:04] [39/459] LCMV
[00:40:06] [40/459] AYCZ
[00:40:06] [41/459] CUMS
[00:40:07] [42/459] BOCK
[00:40:08] [43/459] PNMR
[00:40:09] [44/459] PJCP
[00:40:10] [45/459] JDDD
[00:40:10] [46/459] STMS
[00:40:11] [47/459] FLMB
[00:40:13] [48/459] PKCM
[00:40:14] [49/459] SPPR
[00:40:14] [50/459] EYLH
[00:40:16] [51/459] RJCC
[00:40:17] [52/459] MMPS
[00:40:17] [53/459] SHMX
[00:40:18] [54/459] CCNL
[00:40:19] [55/459] RCNV
[00:40:20] [56/459] MAAG
[00:40:21] [57/459] LXCM
[00:40:21] [58/459] RCNI
[00:40:22] [59/459] SNNI
[00:40:23] [60/459] LALC
[00:40:24] [61/459] SOCN
[00:40:25] [62/459] JHTP
[00:40:26] [63/459] PITP
[00:40:27] [64/459] CCKW
[00:40:28] [65/459] MCMC
[00:40:29] [66/459] DEES
[00:40:31] [67/459] SABT
[00:40:32] [68/459] VSPP
[00:40:33] [69/459] ABCT
[00:40:33] [70/459] JVTB
[00:40:34] [71/459] VCBD
[00:40:35] [72/459] RMGG
[00:40:36] [73/459] RNMH
[00:40:37] [74/459] SPGL
[00:40:38] [75/459] JTTR
[00:40:39] [76/459] SICS
[00:40:40] [77/459] SRMI
[00:40:41] [78/459] SSIJ
[00:40:42] [79/459] KFMT
[00:40:42] [80/459] VBIT
[00:40:43] [81/459] JKCT
[00:40:44] [82/459] GCGP
[00:40:45] [83/459] GDCS
[00:40:46] [84/459] TRBA
[00:40:46] [85/459] QUST
[00:40:47] [86/459] VSHM
[00:40:48] [87/459] SDCP
[00:40:49] [88/459] SNVS
[00:40:50] [89/459] NYTO
[00:40:51] [90/459] URWC
[00:40:51] [91/459] GTWH
[00:40:52] [92/459] PFCM
[00:40:53] [93/459] KRTA
[00:40:54] [94/459] AXMC
[00:40:55] [95/459] EVMC
[00:40:56] [96/459] HGSM
[00:40:58] [97/459] ACVM
[00:40:58] [98/459] PSKL
[00:40:59] [99/459] RDMP
[00:41:00] [100/459] RHGH
[00:41:01] [101/459] OMCM
[00:41:02] [102/459] DCCP
[00:41:02] [103/459] MCPB
[00:41:03] [104/459] ALCI
[00:41:05] [105/459] BLMX
[00:41:06] [106/459] BTMV
[00:41:07] [107/459] FVPN
[00:41:08] [108/459] CMAR
[00:41:09] [109/459] CEIM
[00:41:10] [110/459] CMVA
[00:41:11] [111/459] CPIV
[00:41:12] [112/459] CNPE
[00:41:13] [113/459] COLV
[00:41:14] [114/459] DNNV
[00:41:15] [115/459] HCAD
[00:41:15] [116/459] TAKA
[00:41:16] [117/459] INVD
[00:41:17] [118/459] IRMM
[00:41:18] [119/459] INSE
[00:41:19] [120/459] MRSW
[00:41:20] [121/459] MCVD
[00:41:20] [122/459] MCSO
[00:41:21] [123/459] PEVM
[00:41:22] [124/459] PVNL
[00:41:23] [125/459] PTCV
[00:41:23] [126/459] PRTC
[00:41:24] [127/459] RCVA
[00:41:25] [128/459] MTBN
[00:41:26] [129/459] LUCP
[00:41:27] [130/459] FMPT
[00:41:28] [131/459] JLSL
[00:41:28] [132/459] SBHA
[00:41:29] [133/459] SHRC
[00:41:30] [134/459] AVPS
[00:41:31] [135/459] STPM
[00:41:32] [136/459] ATRD
[00:41:33] [137/459] VTED
[00:41:34] [138/459] ACAI
[00:41:35] [139/459] SMAE
[00:41:36] [140/459] VMAT
[00:41:36] [141/459] LKCT
[00:41:37] [142/459] JTVK
[00:41:38] [143/459] PRTY
[00:41:39] [144/459] GETT
[00:41:40] [145/459] ESAP
[00:41:41] [146/459] NCPM
[00:41:42] [147/459] PCPA
[00:41:43] [148/459] MMOM
[00:41:44] [149/459] PHUP
[00:41:45] [150/459] CCPI
[00:41:45] [151/459] CNTD
[00:41:46] [152/459] NLJR
[00:41:47] [153/459] SRNG
[00:41:48] [154/459] MHAL
[00:41:49] [155/459] PNSM
[00:41:49] [156/459] DRMY
[00:41:51] [157/459] CCMU
[00:41:51] [158/459] SCMY
[00:41:52] [159/459] PVSY
[00:41:53] [160/459] SDLM
[00:41:54] [161/459] ICCM
[00:41:55] [162/459] PYSU
[00:41:56] [163/459] GATM
[00:41:57] [164/459] WOTM
[00:41:57] [165/459] RKTS
[00:41:58] [166/459] PMTY
[00:41:59] [167/459] LYMS
[00:42:00] [168/459] TGCA
[00:42:01] [169/459] DSTA
[00:42:02] [170/459] CNGE
[00:42:03] [171/459] VSTG
[00:42:03] [172/459] GTCK
[00:42:04] [173/459] TGNT
[00:42:05] [174/459] ASLC
[00:42:06] [175/459] SSST
[00:42:07] [176/459] KBTT
[00:42:08] [177/459] HKCP
[00:42:09] [178/459] SWLC
[00:42:10] [179/459] RTND
[00:42:11] [180/459] PKKT
[00:42:12] [181/459] HSTK
[00:42:13] [182/459] SPTT
[00:42:14] [183/459] IMPM
[00:42:15] [184/459] SCMV
[00:42:16] [185/459] SPCT
[00:42:16] [186/459] JBCA
[00:42:17] [187/459] ATTR
[00:42:18] [188/459] SPMT
[00:42:19] [189/459] LCTM
[00:42:20] [190/459] SCVL
[00:42:22] [191/459] SCVT
[00:42:22] [192/459] KRIC
[00:42:23] [193/459] CTMG
[00:42:24] [194/459] ACNC
[00:42:25] [195/459] DMCK
[00:42:26] [196/459] KMTV
[00:42:27] [197/459] PFCJ
[00:42:27] [198/459] VNMD
[00:42:28] [199/459] VPCZ
[00:42:29] [200/459] SRYR
[00:42:30] [201/459] SYTR
[00:42:31] [202/459] GATR
[00:42:32] [203/459] URTR
[00:42:32] [204/459] MKSM
[00:42:33] [205/459] VSMH
[00:42:34] [206/459] SKRJ
[00:42:35] [207/459] SSJR
[00:42:36] [208/459] SVSM
[00:42:37] [209/459] RUCM
[00:42:38] [210/459] PRKN
[00:42:38] [211/459] RROH
[00:42:39] [212/459] SCTN
[00:42:40] [213/459] RTDM
[00:42:41] [214/459] ASRM
[00:42:42] [215/459] SKMD
[00:42:42] [216/459] SUTD
[00:42:43] [217/459] SADM
[00:42:44] [218/459] WCNR
[00:42:45] [219/459] CNED
[00:42:46] [220/459] MPDB
[00:42:46] [221/459] KTBH
[00:42:47] [222/459] IDRM
[00:42:48] [223/459] PJJT
[00:42:48] [224/459] PFCV
[00:42:49] [225/459] AACT
[00:42:50] [226/459] AAAD
[00:42:51] [227/459] ANES
[00:42:52] [228/459] MNCA
[00:42:52] [229/459] RMGU
[00:42:53] [230/459] DLCN
[00:42:54] [231/459] LJWT
[00:42:55] [232/459] MCBG
[00:42:57] [233/459] MYBG
[00:42:58] [234/459] GCCA
[00:42:59] [235/459] GCGA
[00:43:00] [236/459] ECGN
[00:43:00] [237/459] PRAB
[00:43:01] [238/459] PNMP
[00:43:02] [239/459] GCPT
[00:43:03] [240/459] ROYN
[00:43:04] [241/459] VATM
[00:43:05] [242/459] KSNT
[00:43:06] [243/459] ACTC
[00:43:06] [244/459] PLTD
[00:43:07] [245/459] SKMK
[00:43:08] [246/459] CMTT
[00:43:09] [247/459] SMXP
[00:43:10] [248/459] SCMX
[00:43:11] [249/459] ACXN
[00:43:11] [250/459] ASWT
[00:43:12] [251/459] VVVL
[00:43:13] [252/459] NAGO
[00:43:14] [253/459] SNCN
[00:43:15] [254/459] MCKP
[00:43:16] [255/459] SAMO
[00:43:17] [256/459] JBTV
[00:43:18] [257/459] DCVV
[00:43:19] [258/459] KMSV
[00:43:19] [259/459] KDCN
[00:43:20] [260/459] CNCP
[00:43:21] [261/459] HAMC
[00:43:22] [262/459] CCVZ
[00:43:23] [263/459] NCCK
[00:43:24] [264/459] MCHR
[00:43:25] [265/459] SCHT
[00:43:26] [266/459] ESSH
[00:43:27] [267/459] CUJC
[00:43:27] [268/459] PECP
[00:43:28] [269/459] PMMI
[00:43:29] [270/459] PCCH
[00:43:30] [271/459] PRPM
[00:43:31] [272/459] PVKL
[00:43:32] [273/459] CBSM
[00:43:33] [274/459] PVCZ
[00:43:34] [275/459] PCVV
[00:43:35] [276/459] CTMJ
[00:43:35] [277/459] RCPS
[00:43:36] [278/459] PCIT
[00:43:37] [279/459] FNCH
[00:43:38] [280/459] INZD
[00:43:39] [281/459] INPC
[00:43:40] [282/459] LCZP
[00:43:41] [283/459] SMCB
[00:43:42] [284/459] PTSB
[00:43:42] [285/459] TPSI
[00:43:43] [286/459] KHMJ
[00:43:44] [287/459] RCCJ
[00:43:45] [288/459] NCJA
[00:43:46] [289/459] NCJN
[00:43:47] [290/459] BTDP
[00:43:47] [291/459] PADY
[00:43:48] [292/459] NYBH
[00:43:49] [293/459] MTBR
[00:43:50] [294/459] KRBC
[00:43:51] [295/459] DKTI
[00:43:52] [296/459] ANAN
[00:43:53] [297/459] INBP
[00:43:54] [298/459] PATB
[00:43:54] [299/459] RGNT
[00:43:55] [300/459] CGPM
[00:43:56] [301/459] INTN
[00:43:57] [302/459] MCMP
[00:43:57] [303/459] ASRG
[00:43:59] [304/459] CXJD
[00:44:00] [305/459] SPCP
[00:44:00] [306/459] CSTP
[00:44:01] [307/459] PKVC
[00:44:02] [308/459] ESCP
[00:44:03] [309/459] CAEP
[00:44:04] [310/459] CCSP
[00:44:05] [311/459] KTPC
[00:44:06] [312/459] DACA
[00:44:07] [313/459] NVKY
[00:44:08] [314/459] PTIN
[00:44:09] [315/459] SCIN
[00:44:09] [316/459] MCTY
[00:44:10] [317/459] PCMX
[00:44:11] [318/459] INIC
[00:44:12] [319/459] MMZM
[00:44:13] [320/459] SSLP
[00:44:13] [321/459] DTDT
[00:44:15] [322/459] FFCX
[00:44:16] [323/459] RCMM
[00:44:16] [324/459] KYID
[00:44:17] [325/459] CSCI
[00:44:18] [326/459] FCMC
[00:44:19] [327/459] MMXI
[00:44:19] [328/459] ASTC
[00:44:20] [329/459] CMRA
[00:44:22] [330/459] DICI
[00:44:22] [331/459] KDIN
[00:44:23] [332/459] PRFI
[00:44:24] [333/459] SVFC
[00:44:25] [334/459] UCPL
[00:44:26] [335/459] COOC
[00:44:28] [336/459] SCAL
[00:44:29] [337/459] SVFF
[00:44:30] [338/459] VCMG
[00:44:31] [339/459] UUCT
[00:44:32] [340/459] GCSE
[00:44:33] [341/459] SUSC
[00:44:33] [342/459] MISC
[00:44:34] [343/459] RMBL
[00:44:35] [344/459] CMXN
[00:44:37] [345/459] PVBK
[00:44:37] [346/459] HHCG
[00:44:38] [347/459] SCAG
[00:44:39] [348/459] CNPR
[00:44:40] [349/459] CSER
[00:44:40] [350/459] HLWD
[00:44:42] [351/459] BOLY
[00:44:43] [352/459] SSPG
[00:44:44] [353/459] MUPX
[00:44:45] [354/459] HAMR
[00:44:46] [355/459] SDNC
[00:44:46] [356/459] RTEN
[00:44:47] [357/459] SDTD
[00:44:48] [358/459] KAWS
[00:44:49] [359/459] CMZX
[00:44:50] [360/459] DCDD
[00:44:51] [361/459] ALSN
[00:44:53] [362/459] IMXS
[00:44:54] [363/459] PVFF
[00:44:55] [364/459] PVOO
[00:44:56] [365/459] CFBS
[00:44:57] [366/459] PVER
[00:44:57] [367/459] PPNX
[00:44:59] [368/459] CNRM
[00:45:00] [369/459] PVWW
[00:45:02] [370/459] INMB
[00:45:02] [371/459] CPJR
[00:45:03] [372/459] INRZ
[00:45:04] [373/459] PMSR
[00:45:06] [374/459] GPGM
[00:45:07] [375/459] PGWB
[00:45:07] [376/459] PMBR
[00:45:08] [377/459] GPAM
[00:45:09] [378/459] INBC
[00:45:10] [379/459] PZVK
[00:45:12] [380/459] CPEB
[00:45:13] [381/459] FMLB
[00:45:14] [382/459] INBG
[00:45:14] [383/459] GPBR
[00:45:15] [384/459] PAAS
[00:45:16] [385/459] VTBR
[00:45:17] [386/459] GPMY
[00:45:18] [387/459] GYBU
[00:45:19] [388/459] INBJ
[00:45:20] [389/459] LKTH
[00:45:20] [390/459] NSBR
[00:45:21] [391/459] PDRD
[00:45:22] [392/459] VRBL
[00:45:23] [393/459] VTGB
[00:45:24] [394/459] VTSK
[00:45:25] [395/459] BKDV
[00:45:26] [396/459] SVTB
[00:45:27] [397/459] MLDT
[00:45:27] [398/459] NRBL
[00:45:28] [399/459] SLTR
[00:45:29] [400/459] VNKA
[00:45:30] [401/459] TDCA
[00:45:32] [402/459] INBM
[00:45:33] [403/459] SSNR
[00:45:33] [404/459] BHAC
[00:45:34] [405/459] SDSD
[00:45:35] [406/459] SAMP
[00:45:36] [407/459] RATK
[00:45:37] [408/459] KCBI
[00:45:37] [409/459] URBL
[00:45:38] [410/459] MKBG
[00:45:39] [411/459] ASTB
[00:45:40] [412/459] VBWT
[00:45:42] [413/459] GPSM
[00:45:43] [414/459] ROON
[00:45:43] [415/459] CHTH
[00:45:44] [416/459] SSPA
[00:45:45] [417/459] ANBL
[00:45:46] [418/459] VTBE
[00:45:47] [419/459] SVKT
[00:45:48] [420/459] SVYK
[00:45:50] [421/459] PTBK
[00:45:51] [422/459] RKTB
[00:45:51] [423/459] BALT
[00:45:52] [424/459] STSV
[00:45:53] [425/459] VCCB
[00:45:54] [426/459] SLTB
[00:45:55] [427/459] SBCR
[00:45:56] [428/459] VDCS
[00:45:57] [429/459] MDKI
[00:45:58] [430/459] SMRN
[00:45:58] [431/459] PTBC
[00:45:59] [432/459] RADI
[00:46:00] [433/459] ADCR
[00:46:01] [434/459] SDCS
[00:46:02] [435/459] SRPJ
[00:46:03] [436/459] ARTS
[00:46:04] [437/459] SRHK
[00:46:05] [438/459] SPAY
[00:46:06] [439/459] GPTB
[00:46:07] [440/459] SNNN
[00:46:08] [441/459] BALJ
[00:46:09] [442/459] TRIG
[00:46:10] [443/459] GTYT
[00:46:11] [444/459] ATGN
[00:46:12] [445/459] ANTE
[00:46:13] [446/459] BDCG
[00:46:13] [447/459] VECI
[00:46:14] [448/459] SCPR
[00:46:15] [449/459] RTEA
[00:46:16] [450/459] JSAI
[00:46:17] [451/459] VJTP
[00:46:17] [452/459] GNDS
[00:46:18] [453/459] PAXA
[00:46:19] [454/459] CGGM
[00:46:20] [455/459] ACKZ
[00:46:21] [456/459] EMCC
[00:46:22] [457/459] KLSK
[00:46:22] [458/459] AVCK
[00:46:23] [459/459] JTCK
[00:46:24] ✅ DONE | Shows=0 | Movies=0
