[02:39:20] 🚀 SCRIPT STARTED
[02:39:20] [1/445] TGMR
[02:39:20] 🧠 New identity created
[02:39:21] [2/445] CXKR
[02:39:22] [3/445] SROP
[02:39:23] [4/445] GTSV
[02:39:24] [5/445] SNTY
[02:39:24] [6/445] SMYY
[02:39:25] [7/445] CNCS
[02:39:27] [8/445] CSTM
[02:39:28] [9/445] NUCD
[02:39:29] [10/445] SHCZ
[02:39:30] [11/445] NJCT
[02:39:31] [12/445] COPC
[02:39:32] [13/445] STVV
[02:39:33] [14/445] SKRN
[02:39:34] [15/445] APPZ
[02:39:34] [16/445] YMGN
[02:39:35] [17/445] SVTU
[02:39:36] [18/445] GTAD
[02:39:37] [19/445] PSUS
[02:39:38] [20/445] SMCD
[02:39:39] [21/445] CMCM
[02:39:40] [22/445] SYCT
[02:39:40] [23/445] STLY
[02:39:41] [24/445] CMHU
[02:39:42] [25/445] CMSA
[02:39:43] [26/445] CLCU
[02:39:43] [27/445] PPNT
[02:39:44] [28/445] JTAB
[02:39:45] [29/445] BUUC
[02:39:46] [30/445] BSVK
[02:39:47] [31/445] VVVQ
[02:39:47] [32/445] TKMU
[02:39:48] [33/445] ESYL
[02:39:49] [34/445] ACHP
[02:39:50] [35/445] BTKD
[02:39:51] [36/445] DESA
[02:39:52] [37/445] GBCT
[02:39:52] [38/445] BLLD
[02:39:53] [39/445] SKNT
[02:39:54] [40/445] SSTE
[02:39:55] [41/445] VJMR
[02:39:56] [42/445] NTPU
[02:39:57] [43/445] RDKN
[02:39:58] [44/445] ADGC
[02:39:59] [45/445] VRBP
[02:40:00] [46/445] NMNA
[02:40:01] [47/445] CMMX
[02:40:02] [48/445] PTKO
[02:40:03] [49/445] RBML
[02:40:04] [50/445] SAIC
[02:40:05] [51/445] SVTJ
[02:40:06] [52/445] MRTE
[02:40:07] [53/445] RBTP
[02:40:07] [54/445] NLPS
[02:40:08] [55/445] GTNA
[02:40:10] [56/445] DGGC
[02:40:10] [57/445] SMCR
[02:40:11] [58/445] SCGD
[02:40:12] [59/445] SRRJ
[02:40:13] [60/445] CNRY
[02:40:14] [61/445] KTDI
[02:40:15] [62/445] SNJL
[02:40:16] [63/445] RKMD
[02:40:16] [64/445] SMDC
[02:40:18] [65/445] TADG
[02:40:19] [66/445] MCGS
[02:40:20] [67/445] PETK
[02:40:21] [68/445] CHAG
[02:40:22] [69/445] KSTL
[02:40:23] [70/445] AADS
[02:40:24] [71/445] NTHZ
[02:40:24] [72/445] HCKI
[02:40:25] [73/445] SSEF
[02:40:26] [74/445] MCGX
[02:40:27] [75/445] ERRA
[02:40:28] [76/445] SDTW
[02:40:30] [77/445] RMPK
[02:40:30] [78/445] PTHK
[02:40:32] [79/445] PXCS
[02:40:34] [80/445] SVLU
[02:40:35] [81/445] STAH
[02:40:35] [82/445] JRGF
[02:40:37] [83/445] CDOK
[02:40:38] [84/445] CMSG
[02:40:40] [85/445] APTD
[02:40:41] [86/445] KMPG
[02:40:42] [87/445] MUTJ
[02:40:43] [88/445] VCCI
[02:40:44] [89/445] URBE
[02:40:45] [90/445] TCTS
[02:40:46] [91/445] STSN
[02:40:46] [92/445] AKCH
[02:40:47] [93/445] APSC
[02:40:48] [94/445] VLTB
[02:40:49] [95/445] SANU
[02:40:50] [96/445] AXAM
[02:40:51] [97/445] MGMG
[02:40:51] [98/445] HTBY
[02:40:52] [99/445] MMZS
[02:40:54] [100/445] SUDR
[02:40:55] [101/445] CCAD
[02:40:56] [102/445] SKKC
[02:40:57] [103/445] RMCD
[02:40:58] [104/445] SBCQ
[02:40:59] [105/445] DCCT
[02:41:01] [106/445] VTKP
[02:41:02] [107/445] MLAM
[02:41:03] [108/445] SAVT
[02:41:03] [109/445] GEPL
[02:41:04] [110/445] AMCD
[02:41:05] [111/445] CCXR
[02:41:06] [112/445] GRNG
[02:41:07] [113/445] EBCA
[02:41:08] [114/445] CNVG
[02:41:09] [115/445] MWSS
[02:41:10] [116/445] VBOR
[02:41:10] [117/445] NEEB
[02:41:12] [118/445] SUTH
[02:41:13] [119/445] ANDB
[02:41:14] [120/445] MMXS
[02:41:15] [121/445] CNPD
[02:41:15] [122/445] SDCE
[02:41:16] [123/445] DHCB
[02:41:17] [124/445] ODEN
[02:41:18] [125/445] TNTC
[02:41:19] [126/445] VBKM
[02:41:19] [127/445] RZYM
[02:41:20] [128/445] JEMC
[02:41:21] [129/445] CMAU
[02:41:22] [130/445] SIVP
[02:41:23] [131/445] ATAG
[02:41:23] [132/445] CHTM
[02:41:24] [133/445] AAEE
[02:41:25] [134/445] IWPM
[02:41:26] [135/445] KCMW
[02:41:26] [136/445] MCTD
[02:41:27] [137/445] SPWR
[02:41:28] [138/445] SDPO
[02:41:29] [139/445] PCSK
[02:41:30] [140/445] ACHV
[02:41:31] [141/445] SVLA
[02:41:31] [142/445] PICT
[02:41:32] [143/445] BXDR
[02:41:34] [144/445] SPWA
[02:41:35] [145/445] MCKO
[02:41:35] [146/445] RTHK
[02:41:36] [147/445] CCMF
[02:41:37] [148/445] MRGB
[02:41:38] [149/445] CPLC
[02:41:39] [150/445] RACD
[02:41:40] [151/445] ATKT
[02:41:40] [152/445] SARN
[02:41:41] [153/445] KKUI
[02:41:42] [154/445] RGCM
[02:41:43] [155/445] BRVP
[02:41:45] [156/445] HRSR
[02:41:46] [157/445] GKGM
[02:41:46] [158/445] TTCD
[02:41:47] [159/445] PTTI
[02:41:48] [160/445] MPTT
[02:41:49] [161/445] CVTT
[02:41:50] [162/445] PCXD
[02:41:51] [163/445] GCDC
[02:41:52] [164/445] CCCF
[02:41:53] [165/445] MRAD
[02:41:53] [166/445] CPLK
[02:41:54] [167/445] SATB
[02:41:56] [168/445] SNVG
[02:41:57] [169/445] JMBA
[02:41:58] [170/445] TEJA
[02:41:58] [171/445] STYO
[02:41:59] [172/445] JTBP
[02:42:00] [173/445] KRGD
[02:42:01] [174/445] SLJJ
[02:42:02] [175/445] SPTJ
[02:42:02] [176/445] SWJG
[02:42:03] [177/445] LKRT
[02:42:04] [178/445] KCKA
[02:42:05] [179/445] SNCR
[02:42:05] [180/445] SMKL
[02:42:06] [181/445] GCFA
[02:42:07] [182/445] DDCK
[02:42:08] [183/445] NCHJ
[02:42:09] [184/445] RDMA
[02:42:09] [185/445] SVSV
[02:42:10] [186/445] SCJG
[02:42:11] [187/445] VKLP
[02:42:12] [188/445] NWCC
[02:42:13] [189/445] VKNS
[02:42:13] [190/445] SDDP
[02:42:14] [191/445] ACSI
[02:42:15] [192/445] SATG
[02:42:16] [193/445] SCMW
[02:42:17] [194/445] LKTK
[02:42:18] [195/445] VCKV
[02:42:19] [196/445] KKPE
[02:42:21] [197/445] KIGH
[02:42:22] [198/445] SRPM
[02:42:22] [199/445] SCAH
[02:42:23] [200/445] MUTA
[02:42:24] [201/445] SEPU
[02:42:25] [202/445] INOA
[02:42:26] [203/445] BASK
[02:42:27] [204/445] NECB
[02:42:27] [205/445] GTTG
[02:42:28] [206/445] ASSA
[02:42:29] [207/445] ANCL
[02:42:30] [208/445] GCTI
[02:42:31] [209/445] RCTS
[02:42:32] [210/445] ACNL
[02:42:33] [211/445] MYCT
[02:42:33] [212/445] NMHT
[02:42:34] [213/445] MDIT
[02:42:35] [214/445] LATG
[02:42:36] [215/445] SMTY
[02:42:37] [216/445] CVCT
[02:42:37] [217/445] RAMB
[02:42:38] [218/445] TGMS
[02:42:39] [219/445] BHEL
[02:42:40] [220/445] SHCT
[02:42:41] [221/445] SVCT
[02:42:42] [222/445] MRIY
[02:42:43] [223/445] SARO
[02:42:44] [224/445] STCT
[02:42:44] [225/445] JKKC
[02:42:46] [226/445] PLTT
[02:42:47] [227/445] SRNT
[02:42:48] [228/445] YAST
[02:42:49] [229/445] PERL
[02:42:50] [230/445] CICM
[02:42:50] [231/445] MMTR
[02:42:51] [232/445] ABTK
[02:42:53] [233/445] ATYY
[02:42:53] [234/445] ASTK
[02:42:54] [235/445] VVCK
[02:42:55] [236/445] ATKY
[02:42:56] [237/445] GWEK
[02:42:57] [238/445] SVFH
[02:42:58] [239/445] SLTA
[02:42:59] [240/445] AASH
[02:43:00] [241/445] ACXB
[02:43:00] [242/445] SMTX
[02:43:01] [243/445] AZDH
[02:43:02] [244/445] CMMH
[02:43:03] [245/445] SCSZ
[02:43:04] [246/445] SCKP
[02:43:04] [247/445] NXTM
[02:43:06] [248/445] NWCS
[02:43:07] [249/445] CXMH
[02:43:08] [250/445] PCMA
[02:43:09] [251/445] SGCM
[02:43:10] [252/445] SDTU
[02:43:10] [253/445] MMVI
[02:43:11] [254/445] JKCM
[02:43:12] [255/445] VCMM
[02:43:14] [256/445] SYEE
[02:43:15] [257/445] VASD
[02:43:16] [258/445] BDRB
[02:43:17] [259/445] LASM
[02:43:18] [260/445] DCRL
[02:43:19] [261/445] DVPM
[02:43:20] [262/445] SBMJ
[02:43:21] [263/445] CBMU
[02:43:21] [264/445] IUBS
[02:43:22] [265/445] INAP
[02:43:23] [266/445] SRRC
[02:43:24] [267/445] SAGR
[02:43:25] [268/445] CPMJ
[02:43:26] [269/445] ATJL
[02:43:27] [270/445] NNTD
[02:43:28] [271/445] JHCJ
[02:43:28] [272/445] CMMP
[02:43:29] [273/445] RSDR
[02:43:30] [274/445] AMTI
[02:43:31] [275/445] NYSG
[02:43:32] [276/445] AVSG
[02:43:33] [277/445] SYTP
[02:43:34] [278/445] LARC
[02:43:35] [279/445] RJTP
[02:43:36] [280/445] LAKC
[02:43:37] [281/445] MCXE
[02:43:38] [282/445] CCZC
[02:43:39] [283/445] AVCH
[02:43:39] [284/445] CMBE
[02:43:40] [285/445] MRRC
[02:43:41] [286/445] PCPY
[02:43:42] [287/445] SRMH
[02:43:42] [288/445] SVGS
[02:43:43] [289/445] PCSE
[02:43:44] [290/445] SVFT
[02:43:46] [291/445] TNZP
[02:43:47] [292/445] ICTP
[02:43:48] [293/445] ACTZ
[02:43:48] [294/445] GTUR
[02:43:49] [295/445] MAFC
[02:43:50] [296/445] MINL
[02:43:51] [297/445] MRCL
[02:43:53] [298/445] RCRP
[02:43:54] [299/445] RFFG
[02:43:54] [300/445] RMAS
[02:43:56] [301/445] INVR
[02:43:57] [302/445] RMAR
[02:43:58] [303/445] CNIS
[02:43:58] [304/445] RHRJ
[02:43:59] [305/445] INXR
[02:44:00] [306/445] VALT
[02:44:01] [307/445] LCSH
[02:44:02] [308/445] CMVS
[02:44:03] [309/445] CNMS
[02:44:04] [310/445] ROOG
[02:44:05] [311/445] ISRM
[02:44:06] [312/445] RCRM
[02:44:07] [313/445] ACJA
[02:44:07] [314/445] RCVS
[02:44:08] [315/445] CPUS
[02:44:09] [316/445] TGCS
[02:44:10] [317/445] RKCJ
[02:44:11] [318/445] MKSB
[02:44:11] [319/445] TCSJ
[02:44:12] [320/445] RMGP
[02:44:14] [321/445] CLLP
[02:44:15] [322/445] RCMV
[02:44:16] [323/445] CCKS
[02:44:17] [324/445] RSRP
[02:44:18] [325/445] APLP
[02:44:19] [326/445] CNVS
[02:44:20] [327/445] RMVY
[02:44:21] [328/445] PGBD
[02:44:22] [329/445] KLMS
[02:44:22] [330/445] RUST
[02:44:23] [331/445] MASM
[02:44:24] [332/445] BACS
[02:44:25] [333/445] BWST
[02:44:26] [334/445] RRFH
[02:44:27] [335/445] SJTM
[02:44:28] [336/445] BEMR
[02:44:28] [337/445] MCGR
[02:44:29] [338/445] SDSK
[02:44:30] [339/445] VBOL
[02:44:31] [340/445] RMGM
[02:44:32] [341/445] NOPL
[02:44:32] [342/445] MKJK
[02:44:33] [343/445] CVRN
[02:44:34] [344/445] MMEN
[02:44:35] [345/445] AMNG
[02:44:36] [346/445] INTM
[02:44:37] [347/445] SLCZ
[02:44:37] [348/445] AMJN
[02:44:39] [349/445] ACJN
[02:44:41] [350/445] AMKN
[02:44:41] [351/445] BTCN
[02:44:42] [352/445] AMBT
[02:44:43] [353/445] PACN
[02:44:44] [354/445] LCNS
[02:44:45] [355/445] PPKC
[02:44:46] [356/445] JYYN
[02:44:46] [357/445] JTNR
[02:44:48] [358/445] GTEE
[02:44:49] [359/445] SRNM
[02:44:50] [360/445] SDTC
[02:44:51] [361/445] VPCA
[02:44:52] [362/445] VLRA
[02:44:53] [363/445] SHKR
[02:44:54] [364/445] SBKD
[02:44:55] [365/445] SAAD
[02:44:56] [366/445] JTGN
[02:44:57] [367/445] SLAM
[02:44:58] [368/445] VTPM
[02:44:59] [369/445] ANPT
[02:45:00] [370/445] PUNB
[02:45:00] [371/445] CPKT
[02:45:01] [372/445] CNWE
[02:45:02] [373/445] ECPP
[02:45:03] [374/445] CPAR
[02:45:04] [375/445] ESBW
[02:45:05] [376/445] PKPU
[02:45:05] [377/445] CPRP
[02:45:06] [378/445] RAHU
[02:45:07] [379/445] RHMN
[02:45:08] [380/445] FMJP
[02:45:09] [381/445] CTMP
[02:45:10] [382/445] INPN
[02:45:10] [383/445] STTG
[02:45:11] [384/445] CTRD
[02:45:12] [385/445] PUVB
[02:45:13] [386/445] ESVP
[02:45:14] [387/445] CPFT
[02:45:16] [388/445] LCPC
[02:45:17] [389/445] VBCT
[02:45:17] [390/445] FSCW
[02:45:18] [391/445] VCMP
[02:45:19] [392/445] ASHC
[02:45:20] [393/445] VLCX
[02:45:21] [394/445] SHEV
[02:45:21] [395/445] APCO
[02:45:22] [396/445] SILC
[02:45:23] [397/445] SNMR
[02:45:25] [398/445] KYBO
[02:45:25] [399/445] SATK
[02:45:26] [400/445] SSCS
[02:45:27] [401/445] CLSB
[02:45:28] [402/445] KMJR
[02:45:29] [403/445] FSCK
[02:45:29] [404/445] NNKA
[02:45:30] [405/445] CLMK
[02:45:31] [406/445] DMPZ
[02:45:32] [407/445] INQM
[02:45:33] [408/445] CAML
[02:45:34] [409/445] INRK
[02:45:34] [410/445] IMKN
[02:45:35] [411/445] SVNR
[02:45:37] [412/445] INSL
[02:45:38] [413/445] MSMA
[02:45:38] [414/445] MCKK
[02:45:39] [415/445] FCHP
[02:45:40] [416/445] SFCR
[02:45:41] [417/445] NACK
[02:45:42] [418/445] PVAK
[02:45:43] [419/445] INER
[02:45:44] [420/445] RDBK
[02:45:45] [421/445] SVFN
[02:45:45] [422/445] IFRM
[02:45:46] [423/445] ATCK
[02:45:47] [424/445] ASKO
[02:45:48] [425/445] STKT
[02:45:49] [426/445] SVFB
[02:45:50] [427/445] INKS
[02:45:51] [428/445] PCRA
[02:45:51] [429/445] ATJA
[02:45:52] [430/445] IMJN
[02:45:53] [431/445] INHD
[02:45:55] [432/445] BARA
[02:45:56] [433/445] MCSL
[02:45:57] [434/445] RTOY
[02:45:58] [435/445] MENO
[02:45:59] [436/445] PUDM
[02:45:59] [437/445] PRCN
[02:46:00] [438/445] JMJR
[02:46:01] [439/445] SSGK
[02:46:02] [440/445] SSRL
[02:46:04] [441/445] JYKL
[02:46:04] [442/445] ACNB
[02:46:05] [443/445] SONP
[02:46:06] [444/445] EMCI
[02:46:06] [445/445] MRJH
[02:46:07] 🧹 Deduping shows
[02:46:07] ✅ DONE | Shows=1880 | Movies=70
