[02:39:27] 🚀 SCRIPT STARTED
[02:39:27] [1/459] NECA
[02:39:27] 🧠 New identity created
[02:39:28] [2/459] BJLC
[02:39:29] [3/459] BASU
[02:39:30] [4/459] RUPI
[02:39:31] [5/459] LCBK
[02:39:32] [6/459] PMAC
[02:39:32] [7/459] AMLC
[02:39:33] [8/459] LICL
[02:39:34] [9/459] UDMM
[02:39:36] [10/459] STBZ
[02:39:38] [11/459] UUBT
[02:39:39] [12/459] SJKC
[02:39:40] [13/459] TUAL
[02:39:40] [14/459] MRSE
[02:39:41] [15/459] RMRK
[02:39:42] [16/459] TTKP
[02:39:43] [17/459] KTKO
[02:39:44] [18/459] SDBK
[02:39:45] [19/459] MCPR
[02:39:46] [20/459] CHTI
[02:39:46] [21/459] GCCP
[02:39:47] [22/459] SRMY
[02:39:48] [23/459] NYST
[02:39:49] [24/459] NYAG
[02:39:49] [25/459] SBMT
[02:39:50] [26/459] INGA
[02:39:51] [27/459] WSIC
[02:39:52] [28/459] SCSS
[02:39:53] [29/459] COPG
[02:39:54] [30/459] RCGR
[02:39:55] [31/459] TCZA
[02:39:56] [32/459] CNLP
[02:39:57] [33/459] CLKN
[02:39:58] [34/459] LHDF
[02:39:59] [35/459] ELKC
[02:39:59] [36/459] VCEM
[02:40:00] [37/459] SSZA
[02:40:01] [38/459] KRMT
[02:40:02] [39/459] LCMV
[02:40:03] [40/459] AYCZ
[02:40:03] [41/459] CUMS
[02:40:05] [42/459] BOCK
[02:40:06] [43/459] PNMR
[02:40:07] [44/459] PJCP
[02:40:08] [45/459] JDDD
[02:40:09] [46/459] STMS
[02:40:10] [47/459] FLMB
[02:40:10] [48/459] PKCM
[02:40:11] [49/459] SPPR
[02:40:12] [50/459] EYLH
[02:40:13] [51/459] RJCC
[02:40:13] [52/459] MMPS
[02:40:14] [53/459] SHMX
[02:40:15] [54/459] CCNL
[02:40:16] [55/459] RCNV
[02:40:17] [56/459] MAAG
[02:40:19] [57/459] LXCM
[02:40:20] [58/459] RCNI
[02:40:21] [59/459] SNNI
[02:40:22] [60/459] LALC
[02:40:22] [61/459] SOCN
[02:40:23] [62/459] JHTP
[02:40:24] [63/459] PITP
[02:40:25] [64/459] CCKW
[02:40:26] [65/459] MCMC
[02:40:27] [66/459] DEES
[02:40:27] [67/459] SABT
[02:40:28] [68/459] VSPP
[02:40:29] [69/459] ABCT
[02:40:30] [70/459] JVTB
[02:40:30] [71/459] VCBD
[02:40:31] [72/459] RMGG
[02:40:32] [73/459] RNMH
[02:40:33] [74/459] SPGL
[02:40:34] [75/459] JTTR
[02:40:35] [76/459] SICS
[02:40:36] [77/459] SRMI
[02:40:37] [78/459] SSIJ
[02:40:37] [79/459] KFMT
[02:40:38] [80/459] VBIT
[02:40:39] [81/459] JKCT
[02:40:40] [82/459] GCGP
[02:40:41] [83/459] GDCS
[02:40:42] [84/459] TRBA
[02:40:42] [85/459] QUST
[02:40:43] [86/459] VSHM
[02:40:45] [87/459] SDCP
[02:40:46] [88/459] SNVS
[02:40:47] [89/459] NYTO
[02:40:48] [90/459] URWC
[02:40:48] [91/459] GTWH
[02:40:49] [92/459] PFCM
[02:40:50] [93/459] KRTA
[02:40:51] [94/459] AXMC
[02:40:52] [95/459] EVMC
[02:40:53] [96/459] HGSM
[02:40:54] [97/459] ACVM
[02:40:54] [98/459] PSKL
[02:40:55] [99/459] RDMP
[02:40:56] [100/459] RHGH
[02:40:57] [101/459] OMCM
[02:40:58] [102/459] DCCP
[02:40:59] [103/459] MCPB
[02:41:00] [104/459] ALCI
[02:41:01] [105/459] BLMX
[02:41:02] [106/459] BTMV
[02:41:03] [107/459] FVPN
[02:41:04] [108/459] CMAR
[02:41:04] [109/459] CEIM
[02:41:05] [110/459] CMVA
[02:41:06] [111/459] CPIV
[02:41:07] [112/459] CNPE
[02:41:08] [113/459] COLV
[02:41:09] [114/459] DNNV
[02:41:09] [115/459] HCAD
[02:41:10] [116/459] TAKA
[02:41:11] [117/459] INVD
[02:41:12] [118/459] IRMM
[02:41:13] [119/459] INSE
[02:41:14] [120/459] MRSW
[02:41:14] [121/459] MCVD
[02:41:15] [122/459] MCSO
[02:41:16] [123/459] PEVM
[02:41:17] [124/459] PVNL
[02:41:18] [125/459] PTCV
[02:41:18] [126/459] PRTC
[02:41:19] [127/459] RCVA
[02:41:20] [128/459] MTBN
[02:41:21] [129/459] LUCP
[02:41:22] [130/459] FMPT
[02:41:23] [131/459] JLSL
[02:41:24] [132/459] SBHA
[02:41:24] [133/459] SHRC
[02:41:25] [134/459] AVPS
[02:41:26] [135/459] STPM
[02:41:27] [136/459] ATRD
[02:41:28] [137/459] VTED
[02:41:29] [138/459] ACAI
[02:41:29] [139/459] SMAE
[02:41:30] [140/459] VMAT
[02:41:31] [141/459] LKCT
[02:41:32] [142/459] JTVK
[02:41:33] [143/459] PRTY
[02:41:34] [144/459] GETT
[02:41:34] [145/459] ESAP
[02:41:35] [146/459] NCPM
[02:41:36] [147/459] PCPA
[02:41:37] [148/459] MMOM
[02:41:38] [149/459] PHUP
[02:41:38] [150/459] CCPI
[02:41:39] [151/459] CNTD
[02:41:40] [152/459] NLJR
[02:41:42] [153/459] SRNG
[02:41:42] [154/459] MHAL
[02:41:43] [155/459] PNSM
[02:41:44] [156/459] DRMY
[02:41:45] [157/459] CCMU
[02:41:46] [158/459] SCMY
[02:41:48] [159/459] PVSY
[02:41:49] [160/459] SDLM
[02:41:49] [161/459] ICCM
[02:41:51] [162/459] PYSU
[02:41:52] [163/459] GATM
[02:41:53] [164/459] WOTM
[02:41:54] [165/459] RKTS
[02:41:55] [166/459] PMTY
[02:41:55] [167/459] LYMS
[02:41:56] [168/459] TGCA
[02:41:57] [169/459] DSTA
[02:41:58] [170/459] CNGE
[02:41:59] [171/459] VSTG
[02:42:00] [172/459] GTCK
[02:42:00] [173/459] TGNT
[02:42:01] [174/459] ASLC
[02:42:02] [175/459] SSST
[02:42:03] [176/459] KBTT
[02:42:03] [177/459] HKCP
[02:42:04] [178/459] SWLC
[02:42:05] [179/459] RTND
[02:42:06] [180/459] PKKT
[02:42:07] [181/459] HSTK
[02:42:07] [182/459] SPTT
[02:42:08] [183/459] IMPM
[02:42:09] [184/459] SCMV
[02:42:10] [185/459] SPCT
[02:42:11] [186/459] JBCA
[02:42:12] [187/459] ATTR
[02:42:12] [188/459] SPMT
[02:42:13] [189/459] LCTM
[02:42:15] [190/459] SCVL
[02:42:16] [191/459] SCVT
[02:42:16] [192/459] KRIC
[02:42:17] [193/459] CTMG
[02:42:18] [194/459] ACNC
[02:42:19] [195/459] DMCK
[02:42:20] [196/459] KMTV
[02:42:21] [197/459] PFCJ
[02:42:22] [198/459] VNMD
[02:42:23] [199/459] VPCZ
[02:42:24] [200/459] SRYR
[02:42:25] [201/459] SYTR
[02:42:25] [202/459] GATR
[02:42:26] [203/459] URTR
[02:42:27] [204/459] MKSM
[02:42:28] [205/459] VSMH
[02:42:29] [206/459] SKRJ
[02:42:30] [207/459] SSJR
[02:42:31] [208/459] SVSM
[02:42:31] [209/459] RUCM
[02:42:32] [210/459] PRKN
[02:42:33] [211/459] RROH
[02:42:34] [212/459] SCTN
[02:42:34] [213/459] RTDM
[02:42:36] [214/459] ASRM
[02:42:37] [215/459] SKMD
[02:42:38] [216/459] SUTD
[02:42:39] [217/459] SADM
[02:42:39] [218/459] WCNR
[02:42:40] [219/459] CNED
[02:42:41] [220/459] MPDB
[02:42:42] [221/459] KTBH
[02:42:42] [222/459] IDRM
[02:42:43] [223/459] PJJT
[02:42:45] [224/459] PFCV
[02:42:46] [225/459] AACT
[02:42:47] [226/459] AAAD
[02:42:48] [227/459] ANES
[02:42:49] [228/459] MNCA
[02:42:49] [229/459] RMGU
[02:42:50] [230/459] DLCN
[02:42:51] [231/459] LJWT
[02:42:52] [232/459] MCBG
[02:42:53] [233/459] MYBG
[02:42:53] [234/459] GCCA
[02:42:54] [235/459] GCGA
[02:42:55] [236/459] ECGN
[02:42:56] [237/459] PRAB
[02:42:56] [238/459] PNMP
[02:42:57] [239/459] GCPT
[02:42:58] [240/459] ROYN
[02:42:59] [241/459] VATM
[02:43:00] [242/459] KSNT
[02:43:01] [243/459] ACTC
[02:43:02] [244/459] PLTD
[02:43:03] [245/459] SKMK
[02:43:03] [246/459] CMTT
[02:43:04] [247/459] SMXP
[02:43:05] [248/459] SCMX
[02:43:06] [249/459] ACXN
[02:43:07] [250/459] ASWT
[02:43:07] [251/459] VVVL
[02:43:08] [252/459] NAGO
[02:43:09] [253/459] SNCN
[02:43:10] [254/459] MCKP
[02:43:10] [255/459] SAMO
[02:43:11] [256/459] JBTV
[02:43:13] [257/459] DCVV
[02:43:14] [258/459] KMSV
[02:43:15] [259/459] KDCN
[02:43:16] [260/459] CNCP
[02:43:17] [261/459] HAMC
[02:43:18] [262/459] CCVZ
[02:43:18] [263/459] NCCK
[02:43:19] [264/459] MCHR
[02:43:20] [265/459] SCHT
[02:43:21] [266/459] ESSH
[02:43:21] [267/459] CUJC
[02:43:22] [268/459] PECP
[02:43:24] [269/459] PMMI
[02:43:25] [270/459] PCCH
[02:43:27] [271/459] PRPM
[02:43:28] [272/459] PVKL
[02:43:29] [273/459] CBSM
[02:43:30] [274/459] PVCZ
[02:43:31] [275/459] PCVV
[02:43:32] [276/459] CTMJ
[02:43:33] [277/459] RCPS
[02:43:34] [278/459] PCIT
[02:43:35] [279/459] FNCH
[02:43:36] [280/459] INZD
[02:43:37] [281/459] INPC
[02:43:38] [282/459] LCZP
[02:43:39] [283/459] SMCB
[02:43:41] [284/459] PTSB
[02:43:42] [285/459] TPSI
[02:43:44] [286/459] KHMJ
[02:43:45] [287/459] RCCJ
[02:43:46] [288/459] NCJA
[02:43:47] [289/459] NCJN
[02:43:48] [290/459] BTDP
[02:43:48] [291/459] PADY
[02:43:49] [292/459] NYBH
[02:43:50] [293/459] MTBR
[02:43:51] [294/459] KRBC
[02:43:52] [295/459] DKTI
[02:43:53] [296/459] ANAN
[02:43:54] [297/459] INBP
[02:43:56] [298/459] PATB
[02:43:56] [299/459] RGNT
[02:43:58] [300/459] CGPM
[02:43:59] [301/459] INTN
[02:44:00] [302/459] MCMP
[02:44:01] [303/459] ASRG
[02:44:01] [304/459] CXJD
[02:44:02] [305/459] SPCP
[02:44:04] [306/459] CSTP
[02:44:05] [307/459] PKVC
[02:44:06] [308/459] ESCP
[02:44:07] [309/459] CAEP
[02:44:07] [310/459] CCSP
[02:44:08] [311/459] KTPC
[02:44:09] [312/459] DACA
[02:44:10] [313/459] NVKY
[02:44:11] [314/459] PTIN
[02:44:12] [315/459] SCIN
[02:44:12] [316/459] MCTY
[02:44:13] [317/459] PCMX
[02:44:14] [318/459] INIC
[02:44:15] [319/459] MMZM
[02:44:16] [320/459] SSLP
[02:44:17] [321/459] DTDT
[02:44:18] [322/459] FFCX
[02:44:19] [323/459] RCMM
[02:44:21] [324/459] KYID
[02:44:22] [325/459] CSCI
[02:44:23] [326/459] FCMC
[02:44:24] [327/459] MMXI
[02:44:25] [328/459] ASTC
[02:44:26] [329/459] CMRA
[02:44:26] [330/459] DICI
[02:44:27] [331/459] KDIN
[02:44:28] [332/459] PRFI
[02:44:29] [333/459] SVFC
[02:44:30] [334/459] UCPL
[02:44:31] [335/459] COOC
[02:44:32] [336/459] SCAL
[02:44:32] [337/459] SVFF
[02:44:33] [338/459] VCMG
[02:44:34] [339/459] UUCT
[02:44:35] [340/459] GCSE
[02:44:36] [341/459] SUSC
[02:44:36] [342/459] MISC
[02:44:38] [343/459] RMBL
[02:44:39] [344/459] CMXN
[02:44:39] [345/459] PVBK
[02:44:40] [346/459] HHCG
[02:44:41] [347/459] SCAG
[02:44:42] [348/459] CNPR
[02:44:43] [349/459] CSER
[02:44:43] [350/459] HLWD
[02:44:44] [351/459] BOLY
[02:44:45] [352/459] SSPG
[02:44:47] [353/459] MUPX
[02:44:48] [354/459] HAMR
[02:44:49] [355/459] SDNC
[02:44:49] [356/459] RTEN
[02:44:50] [357/459] SDTD
[02:44:51] [358/459] KAWS
[02:44:52] [359/459] CMZX
[02:44:53] [360/459] DCDD
[02:44:54] [361/459] ALSN
[02:44:55] [362/459] IMXS
[02:44:56] [363/459] PVFF
[02:44:57] [364/459] PVOO
[02:44:59] [365/459] CFBS
[02:44:59] [366/459] PVER
[02:45:00] [367/459] PPNX
[02:45:01] [368/459] CNRM
[02:45:03] [369/459] PVWW
[02:45:04] [370/459] INMB
[02:45:05] [371/459] CPJR
[02:45:05] [372/459] INRZ
[02:45:06] [373/459] PMSR
[02:45:07] [374/459] GPGM
[02:45:08] [375/459] PGWB
[02:45:09] [376/459] PMBR
[02:45:10] [377/459] GPAM
[02:45:11] [378/459] INBC
[02:45:11] [379/459] PZVK
[02:45:12] [380/459] CPEB
[02:45:13] [381/459] FMLB
[02:45:14] [382/459] INBG
[02:45:15] [383/459] GPBR
[02:45:15] [384/459] PAAS
[02:45:16] [385/459] VTBR
[02:45:17] [386/459] GPMY
[02:45:18] [387/459] GYBU
[02:45:19] [388/459] INBJ
[02:45:20] [389/459] LKTH
[02:45:21] [390/459] NSBR
[02:45:22] [391/459] PDRD
[02:45:23] [392/459] VRBL
[02:45:24] [393/459] VTGB
[02:45:25] [394/459] VTSK
[02:45:26] [395/459] BKDV
[02:45:26] [396/459] SVTB
[02:45:27] [397/459] MLDT
[02:45:28] [398/459] NRBL
[02:45:29] [399/459] SLTR
[02:45:30] [400/459] VNKA
[02:45:31] [401/459] TDCA
[02:45:32] [402/459] INBM
[02:45:32] [403/459] SSNR
[02:45:33] [404/459] BHAC
[02:45:34] [405/459] SDSD
[02:45:35] [406/459] SAMP
[02:45:36] [407/459] RATK
[02:45:38] [408/459] KCBI
[02:45:39] [409/459] URBL
[02:45:39] [410/459] MKBG
[02:45:40] [411/459] ASTB
[02:45:41] [412/459] VBWT
[02:45:41] [413/459] GPSM
[02:45:42] [414/459] ROON
[02:45:44] [415/459] CHTH
[02:45:45] [416/459] SSPA
[02:45:46] [417/459] ANBL
[02:45:47] [418/459] VTBE
[02:45:47] [419/459] SVKT
[02:45:48] [420/459] SVYK
[02:45:49] [421/459] PTBK
[02:45:50] [422/459] RKTB
[02:45:51] [423/459] BALT
[02:45:52] [424/459] STSV
[02:45:53] [425/459] VCCB
[02:45:54] [426/459] SLTB
[02:45:55] [427/459] SBCR
[02:45:56] [428/459] VDCS
[02:45:57] [429/459] MDKI
[02:45:58] [430/459] SMRN
[02:45:59] [431/459] PTBC
[02:46:00] [432/459] RADI
[02:46:01] [433/459] ADCR
[02:46:02] [434/459] SDCS
[02:46:03] [435/459] SRPJ
[02:46:04] [436/459] ARTS
[02:46:05] [437/459] SRHK
[02:46:06] [438/459] SPAY
[02:46:07] [439/459] GPTB
[02:46:07] [440/459] SNNN
[02:46:08] [441/459] BALJ
[02:46:09] [442/459] TRIG
[02:46:10] [443/459] GTYT
[02:46:11] [444/459] ATGN
[02:46:11] [445/459] ANTE
[02:46:12] [446/459] BDCG
[02:46:13] [447/459] VECI
[02:46:14] [448/459] SCPR
[02:46:15] [449/459] RTEA
[02:46:15] [450/459] JSAI
[02:46:16] [451/459] VJTP
[02:46:17] [452/459] GNDS
[02:46:18] [453/459] PAXA
[02:46:19] [454/459] CGGM
[02:46:19] [455/459] ACKZ
[02:46:20] [456/459] EMCC
[02:46:21] [457/459] KLSK
[02:46:22] [458/459] AVCK
[02:46:23] [459/459] JTCK
[02:46:24] 🧹 Deduping shows
[02:46:24] ✅ DONE | Shows=2612 | Movies=69
