[02:39:21] 🚀 SCRIPT STARTED
[02:39:21] [1/459] MBDC
[02:39:21] 🧠 New identity created
[02:39:22] [2/459] CHKM
[02:39:23] [3/459] JTKZ
[02:39:24] [4/459] CMCT
[02:39:25] [5/459] ASHO
[02:39:26] [6/459] ECDG
[02:39:26] [7/459] SPAT
[02:39:27] [8/459] HILC
[02:39:28] [9/459] SPPH
[02:39:29] [10/459] SBHN
[02:39:30] [11/459] RRCA
[02:39:31] [12/459] APAA
[02:39:32] [13/459] RAME
[02:39:32] [14/459] TMMS
[02:39:33] [15/459] BATK
[02:39:34] [16/459] LKOP
[02:39:35] [17/459] AMTT
[02:39:36] [18/459] PTGK
[02:39:37] [19/459] ANRS
[02:39:38] [20/459] VWBW
[02:39:38] [21/459] SVFG
[02:39:39] [22/459] STAT
[02:39:40] [23/459] GDCV
[02:39:41] [24/459] VEBI
[02:39:42] [25/459] VDSS
[02:39:43] [26/459] NTHV
[02:39:43] [27/459] AOCH
[02:39:44] [28/459] KASR
[02:39:45] [29/459] AYCS
[02:39:46] [30/459] SHAI
[02:39:47] [31/459] SKPE
[02:39:48] [32/459] SBTA
[02:39:49] [33/459] RTTD
[02:39:50] [34/459] CCJD
[02:39:51] [35/459] RSJJ
[02:39:52] [36/459] RKND
[02:39:53] [37/459] SVTX
[02:39:54] [38/459] BAKM
[02:39:55] [39/459] SVDC
[02:39:56] [40/459] MNCV
[02:39:56] [41/459] SJGC
[02:39:57] [42/459] MTPK
[02:39:58] [43/459] GATP
[02:39:59] [44/459] ABTS
[02:40:00] [45/459] ABDE
[02:40:00] [46/459] RCNM
[02:40:01] [47/459] KTHV
[02:40:02] [48/459] MDGJ
[02:40:03] [49/459] SMLM
[02:40:04] [50/459] JTMA
[02:40:05] [51/459] ACKP
[02:40:06] [52/459] SRTA
[02:40:07] [53/459] STAY
[02:40:08] [54/459] MAVO
[02:40:09] [55/459] APTS
[02:40:10] [56/459] OMEA
[02:40:10] [57/459] TTFD
[02:40:11] [58/459] MJCU
[02:40:12] [59/459] CXTE
[02:40:13] [60/459] CTPX
[02:40:14] [61/459] ASSL
[02:40:15] [62/459] CMVB
[02:40:16] [63/459] VPUR
[02:40:17] [64/459] JJDA
[02:40:17] [65/459] INBL
[02:40:18] [66/459] BIKB
[02:40:19] [67/459] NTBB
[02:40:20] [68/459] GLOB
[02:40:21] [69/459] SNTB
[02:40:22] [70/459] CHGV
[02:40:23] [71/459] SSBZ
[02:40:24] [72/459] PRDB
[02:40:24] [73/459] ISMT
[02:40:25] [74/459] MCSD
[02:40:27] [75/459] JBTT
[02:40:28] [76/459] GEKR
[02:40:28] [77/459] PVUN
[02:40:30] [78/459] NRTB
[02:40:31] [79/459] PRAA
[02:40:32] [80/459] PCBL
[02:40:32] [81/459] PTCM
[02:40:33] [82/459] KHNN
[02:40:34] [83/459] OMJE
[02:40:36] [84/459] STGN
[02:40:36] [85/459] RPMS
[02:40:37] [86/459] NWAD
[02:40:38] [87/459] BLCK
[02:40:40] [88/459] SVAA
[02:40:40] [89/459] URVM
[02:40:42] [90/459] ANTM
[02:40:43] [91/459] VJYM
[02:40:44] [92/459] MAZZ
[02:40:45] [93/459] CSHM
[02:40:45] [94/459] WGMH
[02:40:46] [95/459] SALN
[02:40:47] [96/459] BRTP
[02:40:48] [97/459] SVTA
[02:40:49] [98/459] SBTP
[02:40:50] [99/459] VLSS
[02:40:51] [100/459] SRJA
[02:40:51] [101/459] ANCG
[02:40:52] [102/459] CGGC
[02:40:53] [103/459] CRJA
[02:40:54] [104/459] USCR
[02:40:55] [105/459] MMEF
[02:40:56] [106/459] JCRJ
[02:40:58] [107/459] ADCM
[02:40:59] [108/459] BMYK
[02:41:00] [109/459] KICS
[02:41:00] [110/459] MBBT
[02:41:01] [111/459] MACK
[02:41:02] [112/459] CLDR
[02:41:03] [113/459] JYCR
[02:41:04] [114/459] DCRP
[02:41:04] [115/459] RAHT
[02:41:05] [116/459] CSSM
[02:41:06] [117/459] ATPK
[02:41:07] [118/459] KLRT
[02:41:08] [119/459] SRDD
[02:41:09] [120/459] CKMC
[02:41:11] [121/459] KRVM
[02:41:11] [122/459] AKCP
[02:41:13] [123/459] CNCV
[02:41:14] [124/459] PACT
[02:41:15] [125/459] NATP
[02:41:15] [126/459] PCPK
[02:41:16] [127/459] SMHO
[02:41:17] [128/459] CWTK
[02:41:18] [129/459] RVKZ
[02:41:19] [130/459] ASPD
[02:41:19] [131/459] VTKZ
[02:41:20] [132/459] LCSO
[02:41:21] [133/459] PRDY
[02:41:22] [134/459] RCAP
[02:41:23] [135/459] RGAR
[02:41:24] [136/459] RCAC
[02:41:24] [137/459] PMOD
[02:41:25] [138/459] PVCN
[02:41:26] [139/459] SCRZ
[02:41:27] [140/459] PVPC
[02:41:28] [141/459] STID
[02:41:29] [142/459] NEDD
[02:41:31] [143/459] BNBA
[02:41:32] [144/459] NTCD
[02:41:32] [145/459] OCDE
[02:41:33] [146/459] CCDU
[02:41:34] [147/459] CRXH
[02:41:35] [148/459] VLVT
[02:41:36] [149/459] CICI
[02:41:37] [150/459] SUCB
[02:41:38] [151/459] TCBP
[02:41:39] [152/459] SCCY
[02:41:40] [153/459] LXCY
[02:41:41] [154/459] NCMD
[02:41:42] [155/459] PHCS
[02:41:43] [156/459] DUXR
[02:41:43] [157/459] VNKS
[02:41:44] [158/459] SEDP
[02:41:45] [159/459] SVEN
[02:41:46] [160/459] SRKM
[02:41:47] [161/459] JTLT
[02:41:47] [162/459] SVSS
[02:41:48] [163/459] AMDE
[02:41:49] [164/459] WVRN
[02:41:50] [165/459] ISMG
[02:41:51] [166/459] WVKS
[02:41:52] [167/459] USCG
[02:41:53] [168/459] IOTG
[02:41:54] [169/459] RRJM
[02:41:55] [170/459] EDMP
[02:41:55] [171/459] SCGZ
[02:41:56] [172/459] GMGX
[02:41:57] [173/459] OMTP
[02:41:58] [174/459] MITD
[02:41:59] [175/459] SMMD
[02:42:00] [176/459] STML
[02:42:01] [177/459] MCFS
[02:42:02] [178/459] FPKA
[02:42:02] [179/459] OMLR
[02:42:04] [180/459] KKSC
[02:42:05] [181/459] RVMA
[02:42:05] [182/459] SCLL
[02:42:06] [183/459] SCDK
[02:42:07] [184/459] SXMI
[02:42:08] [185/459] SHDN
[02:42:09] [186/459] PAAD
[02:42:09] [187/459] UUCB
[02:42:10] [188/459] JHOL
[02:42:12] [189/459] SGWT
[02:42:13] [190/459] SRII
[02:42:14] [191/459] SGCK
[02:42:14] [192/459] SVVB
[02:42:16] [193/459] DMHA
[02:42:17] [194/459] PPNL
[02:42:18] [195/459] CPNL
[02:42:19] [196/459] WVLD
[02:42:20] [197/459] PSLV
[02:42:21] [198/459] VTTL
[02:42:22] [199/459] NPAD
[02:42:22] [200/459] PVCS
[02:42:23] [201/459] MCHL
[02:42:25] [202/459] PPLL
[02:42:26] [203/459] MALO
[02:42:27] [204/459] SWBH
[02:42:27] [205/459] PUGB
[02:42:28] [206/459] INBB
[02:42:29] [207/459] INNS
[02:42:30] [208/459] MCPT
[02:42:31] [209/459] SCMI
[02:42:31] [210/459] OCON
[02:42:32] [211/459] SCSM
[02:42:33] [212/459] RJVN
[02:42:34] [213/459] AMDK
[02:42:36] [214/459] ISMR
[02:42:37] [215/459] SMTD
[02:42:38] [216/459] VTDD
[02:42:39] [217/459] PDDZ
[02:42:39] [218/459] PCCK
[02:42:40] [219/459] INAM
[02:42:41] [220/459] FNKT
[02:42:42] [221/459] GDKA
[02:42:42] [222/459] MAYU
[02:42:43] [223/459] TCGU
[02:42:44] [224/459] KDCA
[02:42:45] [225/459] DOMY
[02:42:45] [226/459] PDDD
[02:42:46] [227/459] BJTS
[02:42:47] [228/459] VTCA
[02:42:48] [229/459] SBTM
[02:42:49] [230/459] SEET
[02:42:50] [231/459] SSTJ
[02:42:50] [232/459] SVNT
[02:42:51] [233/459] PPPR
[02:42:52] [234/459] PVYS
[02:42:53] [235/459] IOSE
[02:42:54] [236/459] ACTV
[02:42:54] [237/459] APVE
[02:42:56] [238/459] TCCL
[02:42:58] [239/459] SCMO
[02:42:58] [240/459] SAUM
[02:42:59] [241/459] KCJS
[02:43:00] [242/459] NJCJ
[02:43:01] [243/459] NECF
[02:43:02] [244/459] CCGW
[02:43:03] [245/459] CCMG
[02:43:04] [246/459] NYRG
[02:43:05] [247/459] NCSQ
[02:43:06] [248/459] GRCG
[02:43:07] [249/459] CCBT
[02:43:08] [250/459] ACGA
[02:43:08] [251/459] INAG
[02:43:09] [252/459] FUCG
[02:43:10] [253/459] AICF
[02:43:11] [254/459] GRGA
[02:43:12] [255/459] GDCN
[02:43:13] [256/459] RRCG
[02:43:14] [257/459] SDCH
[02:43:15] [258/459] WVJM
[02:43:16] [259/459] JCCZ
[02:43:17] [260/459] CNCL
[02:43:17] [261/459] TMLV
[02:43:19] [262/459] MEMB
[02:43:20] [263/459] SGTD
[02:43:21] [264/459] CONX
[02:43:22] [265/459] CCMH
[02:43:23] [266/459] ACMC
[02:43:25] [267/459] DTPD
[02:43:25] [268/459] POJA
[02:43:26] [269/459] FNBH
[02:43:27] [270/459] CGCB
[02:43:28] [271/459] RACN
[02:43:29] [272/459] JTSM
[02:43:29] [273/459] SCDN
[02:43:30] [274/459] AACK
[02:43:32] [275/459] RMCE
[02:43:34] [276/459] BSGB
[02:43:35] [277/459] MRCB
[02:43:35] [278/459] SRVR
[02:43:36] [279/459] VTKK
[02:43:37] [280/459] AMST
[02:43:38] [281/459] APCY
[02:43:39] [282/459] LMHO
[02:43:41] [283/459] MTZH
[02:43:42] [284/459] AMZB
[02:43:42] [285/459] SUVT
[02:43:44] [286/459] RCIP
[02:43:45] [287/459] KESR
[02:43:46] [288/459] SNKC
[02:43:47] [289/459] SCED
[02:43:47] [290/459] DVCA
[02:43:48] [291/459] VCDT
[02:43:49] [292/459] RRDI
[02:43:50] [293/459] DFCH
[02:43:51] [294/459] INSC
[02:43:52] [295/459] RGTR
[02:43:53] [296/459] FMOT
[02:43:53] [297/459] SCPM
[02:43:55] [298/459] GCDT
[02:43:56] [299/459] BRKT
[02:43:57] [300/459] DEMP
[02:43:57] [301/459] SRLC
[02:43:58] [302/459] KSTT
[02:43:59] [303/459] SMMT
[02:44:00] [304/459] SILM
[02:44:00] [305/459] JCVM
[02:44:01] [306/459] KCSV
[02:44:02] [307/459] MHLK
[02:44:03] [308/459] SLVL
[02:44:04] [309/459] RJKP
[02:44:04] [310/459] BBPC
[02:44:05] [311/459] MXCB
[02:44:06] [312/459] TCPK
[02:44:07] [313/459] RTBR
[02:44:07] [314/459] GAUT
[02:44:08] [315/459] DVCF
[02:44:09] [316/459] JTSB
[02:44:11] [317/459] SBLS
[02:44:12] [318/459] UDAY
[02:44:13] [319/459] PTNP
[02:44:14] [320/459] DMKT
[02:44:15] [321/459] NTDT
[02:44:16] [322/459] SHDJ
[02:44:17] [323/459] OTNC
[02:44:18] [324/459] RNTW
[02:44:20] [325/459] GCMI
[02:44:20] [326/459] CRCM
[02:44:21] [327/459] NNCZ
[02:44:22] [328/459] OEMO
[02:44:23] [329/459] PVJM
[02:44:23] [330/459] CPJI
[02:44:24] [331/459] RMCJ
[02:44:25] [332/459] CNWJ
[02:44:26] [333/459] EPJM
[02:44:27] [334/459] FNJJ
[02:44:28] [335/459] GCMJ
[02:44:30] [336/459] INPS
[02:44:32] [337/459] BICJ
[02:44:33] [338/459] ISTJ
[02:44:35] [339/459] INJC
[02:44:36] [340/459] GLXJ
[02:44:37] [341/459] INEM
[02:44:38] [342/459] JTMN
[02:44:39] [343/459] FRCJ
[02:44:40] [344/459] DDJP
[02:44:41] [345/459] INJV
[02:44:42] [346/459] GOLC
[02:44:43] [347/459] KOCI
[02:44:44] [348/459] FSTD
[02:44:45] [349/459] PACJ
[02:44:45] [350/459] GMCN
[02:44:46] [351/459] MMDJ
[02:44:47] [352/459] GODH
[02:44:48] [353/459] SKYN
[02:44:49] [354/459] NCTH
[02:44:49] [355/459] SKVZ
[02:44:50] [356/459] SVML
[02:44:51] [357/459] ACVZ
[02:44:52] [358/459] SURA
[02:44:54] [359/459] RTRB
[02:44:54] [360/459] LLCT
[02:44:55] [361/459] ATTS
[02:44:56] [362/459] JYCM
[02:44:57] [363/459] CTKR
[02:44:59] [364/459] LCKR
[02:45:00] [365/459] NYCV
[02:45:00] [366/459] NYOH
[02:45:01] [367/459] NOVX
[02:45:02] [368/459] MRGK
[02:45:03] [369/459] MOON
[02:45:04] [370/459] SBUC
[02:45:04] [371/459] GSVA
[02:45:05] [372/459] VIAK
[02:45:06] [373/459] SMVZ
[02:45:07] [374/459] MATE
[02:45:08] [375/459] RDCN
[02:45:08] [376/459] ASBL
[02:45:09] [377/459] ASVS
[02:45:10] [378/459] ASSR
[02:45:11] [379/459] SSKN
[02:45:12] [380/459] DRPV
[02:45:12] [381/459] MRHT
[02:45:13] [382/459] BSCN
[02:45:14] [383/459] RKNX
[02:45:15] [384/459] MSMC
[02:45:16] [385/459] MSCJ
[02:45:17] [386/459] BTBJ
[02:45:18] [387/459] MJCC
[02:45:19] [388/459] IOMM
[02:45:19] [389/459] ADGR
[02:45:20] [390/459] MYCP
[02:45:21] [391/459] IGCM
[02:45:22] [392/459] PGRK
[02:45:23] [393/459] VPGO
[02:45:24] [394/459] KOMS
[02:45:25] [395/459] URGG
[02:45:26] [396/459] GOST
[02:45:27] [397/459] LACT
[02:45:27] [398/459] BWCM
[02:45:28] [399/459] NCCW
[02:45:29] [400/459] SKYC
[02:45:31] [401/459] CCPM
[02:45:32] [402/459] VCBT
[02:45:33] [403/459] SDKR
[02:45:34] [404/459] CTYB
[02:45:35] [405/459] SHCX
[02:45:36] [406/459] RCUN
[02:45:37] [407/459] CNRA
[02:45:38] [408/459] RFCA
[02:45:39] [409/459] RDCU
[02:45:40] [410/459] SARK
[02:45:41] [411/459] SPPP
[02:45:42] [412/459] ADMB
[02:45:43] [413/459] JYOE
[02:45:44] [414/459] SRMD
[02:45:45] [415/459] RJDH
[02:45:46] [416/459] SSTD
[02:45:47] [417/459] AACV
[02:45:48] [418/459] PPVD
[02:45:48] [419/459] STCP
[02:45:49] [420/459] ANJR
[02:45:50] [421/459] ANLS
[02:45:51] [422/459] BIJO
[02:45:52] [423/459] AVAB
[02:45:53] [424/459] SPMD
[02:45:54] [425/459] SVJL
[02:45:55] [426/459] SDDJ
[02:45:55] [427/459] SLTU
[02:45:56] [428/459] SAKA
[02:45:57] [429/459] PMAM
[02:45:58] [430/459] FNAM
[02:45:58] [431/459] ACAM
[02:45:59] [432/459] SCMM
[02:46:00] [433/459] PMAK
[02:46:01] [434/459] NYSA
[02:46:02] [435/459] FCPA
[02:46:03] [436/459] GDAN
[02:46:04] [437/459] RSCA
[02:46:04] [438/459] DMAN
[02:46:05] [439/459] DZCM
[02:46:06] [440/459] NSGL
[02:46:06] [441/459] CCPP
[02:46:07] [442/459] PSMG
[02:46:08] [443/459] GSER
[02:46:09] [444/459] FCCT
[02:46:10] [445/459] FCTB
[02:46:11] [446/459] LCNK
[02:46:12] [447/459] SKTY
[02:46:12] [448/459] INAA
[02:46:13] [449/459] RCWN
[02:46:14] [450/459] VAIS
[02:46:15] [451/459] CVMN
[02:46:16] [452/459] INTS
[02:46:17] [453/459] FRGS
[02:46:18] [454/459] DTCK
[02:46:19] [455/459] MCMH
[02:46:20] [456/459] ECRR
[02:46:21] [457/459] RLLP
[02:46:22] [458/459] CCSN
[02:46:23] [459/459] CCBA
[02:46:23] 🧹 Deduping shows
[02:46:23] ✅ DONE | Shows=1921 | Movies=67
