[02:39:23] 🚀 SCRIPT STARTED
[02:39:23] [1/459] MCCZ
[02:39:23] 🧠 New identity created
[02:39:24] [2/459] FRPU
[02:39:25] [3/459] SKSI
[02:39:26] [4/459] SSCK
[02:39:27] [5/459] SRDC
[02:39:29] [6/459] RSCZ
[02:39:30] [7/459] PRVT
[02:39:31] [8/459] GAGJ
[02:39:32] [9/459] SMHG
[02:39:33] [10/459] JTST
[02:39:34] [11/459] MYTH
[02:39:34] [12/459] JPCC
[02:39:35] [13/459] ACDC
[02:39:36] [14/459] SVFP
[02:39:37] [15/459] SFCM
[02:39:37] [16/459] RUPK
[02:39:39] [17/459] NTCR
[02:39:40] [18/459] RTCH
[02:39:41] [19/459] SCMH
[02:39:42] [20/459] SVYM
[02:39:43] [21/459] SPYM
[02:39:43] [22/459] SMMF
[02:39:44] [23/459] CLLB
[02:39:45] [24/459] FMCB
[02:39:46] [25/459] BBTC
[02:39:47] [26/459] NTHS
[02:39:48] [27/459] PKKJ
[02:39:49] [28/459] MTJA
[02:39:50] [29/459] PMSJ
[02:39:51] [30/459] JMJU
[02:39:51] [31/459] SRAD
[02:39:52] [32/459] MJMC
[02:39:53] [33/459] DFRM
[02:39:54] [34/459] PMRS
[02:39:54] [35/459] RKPP
[02:39:55] [36/459] BMBK
[02:39:56] [37/459] NEWS
[02:39:57] [38/459] SALB
[02:39:58] [39/459] SCPW
[02:39:59] [40/459] RAYL
[02:40:00] [41/459] CMGJ
[02:40:01] [42/459] JRCR
[02:40:02] [43/459] SRTB
[02:40:02] [44/459] ETPB
[02:40:03] [45/459] MXBN
[02:40:04] [46/459] TOPE
[02:40:05] [47/459] SNLJ
[02:40:06] [48/459] CDDP
[02:40:07] [49/459] APCX
[02:40:08] [50/459] TALP
[02:40:09] [51/459] RRMP
[02:40:10] [52/459] MAHB
[02:40:11] [53/459] MTKR
[02:40:12] [54/459] KSKL
[02:40:13] [55/459] RJLT
[02:40:14] [56/459] ATAS
[02:40:15] [57/459] AMHR
[02:40:15] [58/459] RSRM
[02:40:16] [59/459] GCAT
[02:40:17] [60/459] SMML
[02:40:18] [61/459] ACCD
[02:40:19] [62/459] VYDA
[02:40:20] [63/459] MSKT
[02:40:20] [64/459] AVDM
[02:40:21] [65/459] ASMH
[02:40:23] [66/459] VTMB
[02:40:23] [67/459] WVMB
[02:40:24] [68/459] PPMN
[02:40:25] [69/459] MTMD
[02:40:26] [70/459] SMMO
[02:40:27] [71/459] DLPB
[02:40:28] [72/459] AKMD
[02:40:29] [73/459] SHRR
[02:40:30] [74/459] ASCO
[02:40:30] [75/459] CZVX
[02:40:31] [76/459] GCBB
[02:40:32] [77/459] ATBM
[02:40:33] [78/459] TCGM
[02:40:34] [79/459] UMSE
[02:40:35] [80/459] NKCL
[02:40:35] [81/459] BTLR
[02:40:36] [82/459] GOCL
[02:40:37] [83/459] MIRN
[02:40:38] [84/459] THEC
[02:40:39] [85/459] SPPB
[02:40:40] [86/459] PMMM
[02:40:41] [87/459] GGMC
[02:40:42] [88/459] AVSR
[02:40:43] [89/459] RDMH
[02:40:43] [90/459] JSRS
[02:40:44] [91/459] VKGP
[02:40:45] [92/459] ACRT
[02:40:46] [93/459] GCBA
[02:40:47] [94/459] GTCP
[02:40:47] [95/459] AKFC
[02:40:48] [96/459] INCS
[02:40:50] [97/459] SMCK
[02:40:51] [98/459] BRUN
[02:40:52] [99/459] RPPC
[02:40:52] [100/459] PAYD
[02:40:53] [101/459] SVVT
[02:40:54] [102/459] RNCC
[02:40:55] [103/459] PCRC
[02:40:55] [104/459] PMRM
[02:40:56] [105/459] CCRP
[02:40:57] [106/459] INCR
[02:40:58] [107/459] ZTMP
[02:40:59] [108/459] MCNR
[02:40:59] [109/459] INRP
[02:41:00] [110/459] STRC
[02:41:01] [111/459] RATI
[02:41:02] [112/459] PBTR
[02:41:03] [113/459] CMHP
[02:41:03] [114/459] ZECJ
[02:41:04] [115/459] CCCB
[02:41:05] [116/459] BWCB
[02:41:06] [117/459] CCAT
[02:41:07] [118/459] KGCM
[02:41:08] [119/459] INPT
[02:41:09] [120/459] FNCO
[02:41:09] [121/459] SRMJ
[02:41:10] [122/459] PFSC
[02:41:11] [123/459] PBMC
[02:41:12] [124/459] KARP
[02:41:13] [125/459] KOVI
[02:41:14] [126/459] ACXL
[02:41:14] [127/459] GKCC
[02:41:15] [128/459] ASCC
[02:41:16] [129/459] SETC
[02:41:16] [130/459] KACC
[02:41:17] [131/459] KAVE
[02:41:18] [132/459] CNTC
[02:41:19] [133/459] MEEN
[02:41:20] [134/459] BMRV
[02:41:21] [135/459] SVAM
[02:41:22] [136/459] VTBP
[02:41:23] [137/459] VCKN
[02:41:24] [138/459] SGTK
[02:41:25] [139/459] RCGS
[02:41:26] [140/459] RCCB
[02:41:27] [141/459] RKSR
[02:41:28] [142/459] RKCU
[02:41:28] [143/459] GIBH
[02:41:29] [144/459] CXBS
[02:41:30] [145/459] GGCB
[02:41:31] [146/459] SCPB
[02:41:31] [147/459] AKTB
[02:41:32] [148/459] SRBU
[02:41:33] [149/459] CSSA
[02:41:34] [150/459] MYAN
[02:41:36] [151/459] EXCA
[02:41:36] [152/459] CKSA
[02:41:38] [153/459] JTNM
[02:41:39] [154/459] CXKT
[02:41:40] [155/459] NCLM
[02:41:41] [156/459] JAAD
[02:41:42] [157/459] RDCR
[02:41:43] [158/459] MEER
[02:41:44] [159/459] SIBT
[02:41:45] [160/459] PVVB
[02:41:46] [161/459] FNPN
[02:41:46] [162/459] CRPX
[02:41:47] [163/459] STET
[02:41:48] [164/459] METE
[02:41:49] [165/459] BJML
[02:41:49] [166/459] MAVT
[02:41:50] [167/459] MSRM
[02:41:51] [168/459] TJMP
[02:41:52] [169/459] MHCK
[02:41:53] [170/459] SVGP
[02:41:54] [171/459] KRRC
[02:41:54] [172/459] IMCH
[02:41:55] [173/459] CMCS
[02:41:56] [174/459] SGND
[02:41:57] [175/459] RNAT
[02:41:58] [176/459] PRTN
[02:41:59] [177/459] MPTN
[02:42:00] [178/459] ARCC
[02:42:01] [179/459] NTTE
[02:42:02] [180/459] ABND
[02:42:03] [181/459] KCSN
[02:42:04] [182/459] KCSA
[02:42:05] [183/459] DCKT
[02:42:06] [184/459] MBBR
[02:42:07] [185/459] RAMU
[02:42:08] [186/459] RACW
[02:42:09] [187/459] MCHP
[02:42:09] [188/459] TMHM
[02:42:10] [189/459] STXH
[02:42:11] [190/459] AGSG
[02:42:12] [191/459] SIRA
[02:42:12] [192/459] RCAN
[02:42:13] [193/459] CWTB
[02:42:14] [194/459] VTYM
[02:42:15] [195/459] RRPP
[02:42:16] [196/459] ASMR
[02:42:17] [197/459] RONO
[02:42:18] [198/459] MEMR
[02:42:19] [199/459] CTMR
[02:42:19] [200/459] PMTT
[02:42:21] [201/459] PSLX
[02:42:22] [202/459] IPPL
[02:42:23] [203/459] MMSG
[02:42:24] [204/459] INEL
[02:42:25] [205/459] COAC
[02:42:26] [206/459] WVLK
[02:42:26] [207/459] PPXL
[02:42:27] [208/459] PSML
[02:42:28] [209/459] FNLK
[02:42:29] [210/459] ILUM
[02:42:30] [211/459] ILCM
[02:42:30] [212/459] MSNL
[02:42:31] [213/459] VINB
[02:42:32] [214/459] SALW
[02:42:33] [215/459] PRTB
[02:42:34] [216/459] NCIL
[02:42:34] [217/459] PSUL
[02:42:35] [218/459] SCLK
[02:42:36] [219/459] ADDC
[02:42:37] [220/459] OACL
[02:42:38] [221/459] OOCF
[02:42:39] [222/459] GPMF
[02:42:40] [223/459] SSDG
[02:42:40] [224/459] SKRS
[02:42:42] [225/459] NTTP
[02:42:43] [226/459] SLTP
[02:42:44] [227/459] JTLC
[02:42:45] [228/459] POON
[02:42:46] [229/459] CCPC
[02:42:47] [230/459] DCKC
[02:42:48] [231/459] CPRT
[02:42:49] [232/459] EYHZ
[02:42:50] [233/459] ARBL
[02:42:50] [234/459] SBTB
[02:42:51] [235/459] MMCK
[02:42:52] [236/459] PLMR
[02:42:53] [237/459] BIJH
[02:42:54] [238/459] SDRT
[02:42:54] [239/459] PRDC
[02:42:55] [240/459] OMJA
[02:42:56] [241/459] VKCR
[02:42:56] [242/459] ATRT
[02:42:58] [243/459] WVRP
[02:42:59] [244/459] MVRP
[02:42:59] [245/459] FCAX
[02:43:00] [246/459] CTLC
[02:43:01] [247/459] JCHB
[02:43:02] [248/459] SELP
[02:43:03] [249/459] VCPG
[02:43:04] [250/459] ASCX
[02:43:05] [251/459] EOCS
[02:43:06] [252/459] RCPH
[02:43:07] [253/459] RJTM
[02:43:08] [254/459] SGMD
[02:43:08] [255/459] SVJT
[02:43:09] [256/459] SPPO
[02:43:10] [257/459] MNRL
[02:43:11] [258/459] KNOX
[02:43:12] [259/459] GIER
[02:43:13] [260/459] PJMS
[02:43:14] [261/459] UNSP
[02:43:16] [262/459] JETP
[02:43:16] [263/459] VTWA
[02:43:17] [264/459] SCJI
[02:43:18] [265/459] CBZZ
[02:43:19] [266/459] SDCJ
[02:43:19] [267/459] RRCC
[02:43:21] [268/459] VNKG
[02:43:22] [269/459] LKTO
[02:43:23] [270/459] PJRM
[02:43:23] [271/459] NVRM
[02:43:24] [272/459] SJCS
[02:43:25] [273/459] VIGK
[02:43:26] [274/459] ANST
[02:43:27] [275/459] JTTS
[02:43:28] [276/459] NTST
[02:43:29] [277/459] PREB
[02:43:30] [278/459] TSCZ
[02:43:31] [279/459] CDCM
[02:43:32] [280/459] ELYE
[02:43:33] [281/459] INBS
[02:43:34] [282/459] SMGC
[02:43:35] [283/459] UTMP
[02:43:37] [284/459] INTA
[02:43:37] [285/459] OMPT
[02:43:38] [286/459] SCIR
[02:43:39] [287/459] GCKJ
[02:43:40] [288/459] INOG
[02:43:41] [289/459] SMGB
[02:43:41] [290/459] MCSG
[02:43:42] [291/459] STKG
[02:43:43] [292/459] TTKG
[02:43:44] [293/459] SRTR
[02:43:45] [294/459] ETTR
[02:43:45] [295/459] GGGZ
[02:43:46] [296/459] IPGM
[02:43:47] [297/459] FCDH
[02:43:48] [298/459] DESB
[02:43:49] [299/459] VNTP
[02:43:49] [300/459] ANNT
[02:43:50] [301/459] SLTI
[02:43:51] [302/459] MAJU
[02:43:52] [303/459] JCXP
[02:43:53] [304/459] HARK
[02:43:54] [305/459] JPCJ
[02:43:54] [306/459] RXBD
[02:43:55] [307/459] PTKJ
[02:43:57] [308/459] CMTU
[02:43:58] [309/459] SWOR
[02:43:59] [310/459] JMEX
[02:44:00] [311/459] DTPT
[02:44:01] [312/459] VGMM
[02:44:02] [313/459] VCSG
[02:44:03] [314/459] CVCG
[02:44:04] [315/459] TNTT
[02:44:04] [316/459] SHRM
[02:44:05] [317/459] CGKD
[02:44:06] [318/459] EKCM
[02:44:07] [319/459] SDCX
[02:44:08] [320/459] SBTE
[02:44:09] [321/459] STKJ
[02:44:10] [322/459] TPCE
[02:44:11] [323/459] JTNP
[02:44:12] [324/459] LPCH
[02:44:13] [325/459] CPUO
[02:44:13] [326/459] APSU
[02:44:15] [327/459] RTHC
[02:44:16] [328/459] PTBU
[02:44:17] [329/459] CUCC
[02:44:18] [330/459] CPSA
[02:44:18] [331/459] SUAY
[02:44:19] [332/459] AYAA
[02:44:20] [333/459] MUCH
[02:44:21] [334/459] PCIN
[02:44:21] [335/459] JRRM
[02:44:22] [336/459] KATS
[02:44:23] [337/459] MHFF
[02:44:24] [338/459] ESYM
[02:44:25] [339/459] STYV
[02:44:26] [340/459] SDKG
[02:44:27] [341/459] SMTI
[02:44:28] [342/459] NYCS
[02:44:29] [343/459] MTBG
[02:44:30] [344/459] RHCA
[02:44:31] [345/459] PCKH
[02:44:31] [346/459] ARCR
[02:44:32] [347/459] NCMB
[02:44:33] [348/459] SHYC
[02:44:34] [349/459] LACK
[02:44:34] [350/459] MTCM
[02:44:35] [351/459] RRBN
[02:44:36] [352/459] MYDC
[02:44:37] [353/459] STCS
[02:44:38] [354/459] CONN
[02:44:39] [355/459] SIPS
[02:44:40] [356/459] SMMX
[02:44:40] [357/459] SCBY
[02:44:41] [358/459] SUAP
[02:44:42] [359/459] RSMK
[02:44:43] [360/459] STKP
[02:44:44] [361/459] CIPC
[02:44:44] [362/459] KKCI
[02:44:45] [363/459] CTNK
[02:44:46] [364/459] MMTZ
[02:44:47] [365/459] DCCO
[02:44:48] [366/459] VNMN
[02:44:50] [367/459] RLCN
[02:44:51] [368/459] CMMS
[02:44:51] [369/459] AYOU
[02:44:52] [370/459] SSCN
[02:44:54] [371/459] SMXN
[02:44:54] [372/459] ASSK
[02:44:55] [373/459] VCKM
[02:44:56] [374/459] PCPH
[02:44:57] [375/459] PADM
[02:44:58] [376/459] IESA
[02:44:58] [377/459] VCSP
[02:44:59] [378/459] AEST
[02:45:00] [379/459] VTNR
[02:45:01] [380/459] GTTA
[02:45:02] [381/459] CMMM
[02:45:03] [382/459] AHKT
[02:45:05] [383/459] SIJI
[02:45:05] [384/459] VCEI
[02:45:06] [385/459] SAKR
[02:45:07] [386/459] VSMT
[02:45:08] [387/459] SSCT
[02:45:09] [388/459] USTR
[02:45:10] [389/459] MTKT
[02:45:12] [390/459] TGMP
[02:45:13] [391/459] SIVC
[02:45:13] [392/459] KICT
[02:45:14] [393/459] DAMD
[02:45:15] [394/459] CNPT
[02:45:16] [395/459] RVTT
[02:45:17] [396/459] SNCM
[02:45:18] [397/459] GHTE
[02:45:19] [398/459] PPAM
[02:45:20] [399/459] PVAA
[02:45:20] [400/459] CPAO
[02:45:21] [401/459] HAMD
[02:45:22] [402/459] RCCA
[02:45:23] [403/459] MPCH
[02:45:23] [404/459] ARED
[02:45:25] [405/459] RRCV
[02:45:26] [406/459] MTRB
[02:45:27] [407/459] CKUA
[02:45:28] [408/459] ABMP
[02:45:29] [409/459] RCWA
[02:45:29] [410/459] CGAR
[02:45:30] [411/459] METH
[02:45:31] [412/459] WAGA
[02:45:32] [413/459] MCMA
[02:45:33] [414/459] CSMP
[02:45:34] [415/459] RCNK
[02:45:35] [416/459] PSTM
[02:45:36] [417/459] CSEP
[02:45:37] [418/459] AMGD
[02:45:38] [419/459] CSTE
[02:45:38] [420/459] CONS
[02:45:39] [421/459] APPX
[02:45:40] [422/459] MABC
[02:45:41] [423/459] CXST
[02:45:42] [424/459] MATN
[02:45:43] [425/459] MACZ
[02:45:43] [426/459] MASA
[02:45:45] [427/459] MBSX
[02:45:46] [428/459] CSST
[02:45:47] [429/459] APCL
[02:45:47] [430/459] CGOS
[02:45:48] [431/459] CPEC
[02:45:49] [432/459] MCCP
[02:45:50] [433/459] BSSO
[02:45:50] [434/459] SJKA
[02:45:51] [435/459] CGBO
[02:45:52] [436/459] MVSK
[02:45:54] [437/459] HVCA
[02:45:55] [438/459] NAMD
[02:45:55] [439/459] DEVI
[02:45:56] [440/459] SCSV
[02:45:57] [441/459] PSMA
[02:45:58] [442/459] CLDJ
[02:45:59] [443/459] NMAD
[02:46:00] [444/459] CGMO
[02:46:01] [445/459] MCNA
[02:46:01] [446/459] OCBN
[02:46:02] [447/459] CPEM
[02:46:03] [448/459] CPSM
[02:46:04] [449/459] RCAD
[02:46:04] [450/459] CPMU
[02:46:05] [451/459] DICD
[02:46:06] [452/459] CHOE
[02:46:07] [453/459] PDJM
[02:46:08] [454/459] SSTU
[02:46:08] [455/459] VNRN
[02:46:09] [456/459] PVLG
[02:46:10] [457/459] SWBL
[02:46:11] [458/459] SCAB
[02:46:12] [459/459] RDDA
[02:46:13] 🧹 Deduping shows
[02:46:13] ✅ DONE | Shows=1929 | Movies=66
[04:41:02] 🚀 SCRIPT STARTED
[04:41:02] [1/459] MCCZ
[04:41:02] 🧠 New identity created
[04:41:03] [2/459] FRPU
[04:41:04] [3/459] SKSI
[04:41:05] [4/459] SSCK
[04:41:06] [5/459] SRDC
[04:41:07] [6/459] RSCZ
[04:41:08] [7/459] PRVT
[04:41:09] [8/459] GAGJ
[04:41:10] [9/459] SMHG
[04:41:11] [10/459] JTST
[04:41:12] [11/459] MYTH
[04:41:12] [12/459] JPCC
[04:41:13] [13/459] ACDC
[04:41:14] [14/459] SVFP
[04:41:15] [15/459] SFCM
[04:41:16] [16/459] RUPK
[04:41:16] [17/459] NTCR
[04:41:17] [18/459] RTCH
[04:41:18] [19/459] SCMH
[04:41:19] [20/459] SVYM
[04:41:20] [21/459] SPYM
[04:41:21] [22/459] SMMF
[04:41:22] [23/459] CLLB
[04:41:23] [24/459] FMCB
[04:41:23] [25/459] BBTC
[04:41:24] [26/459] NTHS
[04:41:25] [27/459] PKKJ
[04:41:26] [28/459] MTJA
[04:41:27] [29/459] PMSJ
[04:41:28] [30/459] JMJU
[04:41:29] [31/459] SRAD
[04:41:30] [32/459] MJMC
[04:41:31] [33/459] DFRM
[04:41:31] [34/459] PMRS
[04:41:32] [35/459] RKPP
[04:41:33] [36/459] BMBK
[04:41:35] [37/459] NEWS
[04:41:35] [38/459] SALB
[04:41:36] [39/459] SCPW
[04:41:38] [40/459] RAYL
[04:41:39] [41/459] CMGJ
[04:41:39] [42/459] JRCR
[04:41:40] [43/459] SRTB
[04:41:41] [44/459] ETPB
[04:41:42] [45/459] MXBN
[04:41:43] [46/459] TOPE
[04:41:44] [47/459] SNLJ
[04:41:44] [48/459] CDDP
[04:41:45] [49/459] APCX
[04:41:46] [50/459] TALP
[04:41:48] [51/459] RRMP
[04:41:49] [52/459] MAHB
[04:41:50] [53/459] MTKR
[04:41:51] [54/459] KSKL
[04:41:51] [55/459] RJLT
[04:41:52] [56/459] ATAS
[04:41:53] [57/459] AMHR
[04:41:54] [58/459] RSRM
[04:41:55] [59/459] GCAT
[04:41:56] [60/459] SMML
[04:41:57] [61/459] ACCD
[04:41:58] [62/459] VYDA
[04:41:59] [63/459] MSKT
[04:42:00] [64/459] AVDM
[04:42:01] [65/459] ASMH
[04:42:02] [66/459] VTMB
[04:42:03] [67/459] WVMB
[04:42:03] [68/459] PPMN
[04:42:04] [69/459] MTMD
[04:42:05] [70/459] SMMO
[04:42:06] [71/459] DLPB
[04:42:07] [72/459] AKMD
[04:42:08] [73/459] SHRR
[04:42:09] [74/459] ASCO
[04:42:10] [75/459] CZVX
[04:42:10] [76/459] GCBB
[04:42:12] [77/459] ATBM
[04:42:13] [78/459] TCGM
[04:42:13] [79/459] UMSE
[04:42:14] [80/459] NKCL
[04:42:15] [81/459] BTLR
[04:42:16] [82/459] GOCL
[04:42:17] [83/459] MIRN
[04:42:18] [84/459] THEC
[04:42:18] [85/459] SPPB
[04:42:19] [86/459] PMMM
[04:42:20] [87/459] GGMC
[04:42:22] [88/459] AVSR
[04:42:22] [89/459] RDMH
[04:42:23] [90/459] JSRS
[04:42:24] [91/459] VKGP
[04:42:25] [92/459] ACRT
[04:42:25] [93/459] GCBA
[04:42:27] [94/459] GTCP
[04:42:28] [95/459] AKFC
[04:42:28] [96/459] INCS
[04:42:29] [97/459] SMCK
[04:42:30] [98/459] BRUN
[04:42:31] [99/459] RPPC
[04:42:32] [100/459] PAYD
[04:42:33] [101/459] SVVT
[04:42:34] [102/459] RNCC
[04:42:35] [103/459] PCRC
[04:42:36] [104/459] PMRM
[04:42:37] [105/459] CCRP
[04:42:38] [106/459] INCR
[04:42:39] [107/459] ZTMP
[04:42:40] [108/459] MCNR
[04:42:41] [109/459] INRP
[04:42:42] [110/459] STRC
[04:42:43] [111/459] RATI
[04:42:44] [112/459] PBTR
[04:42:45] [113/459] CMHP
[04:42:46] [114/459] ZECJ
[04:42:47] [115/459] CCCB
[04:42:48] [116/459] BWCB
[04:42:49] [117/459] CCAT
[04:42:50] [118/459] KGCM
[04:42:51] [119/459] INPT
[04:42:52] [120/459] FNCO
[04:42:53] [121/459] SRMJ
[04:42:54] [122/459] PFSC
[04:42:54] [123/459] PBMC
[04:42:55] [124/459] KARP
[04:42:56] [125/459] KOVI
[04:42:57] [126/459] ACXL
[04:42:58] [127/459] GKCC
[04:42:59] [128/459] ASCC
[04:43:00] [129/459] SETC
[04:43:01] [130/459] KACC
[04:43:02] [131/459] KAVE
[04:43:03] [132/459] CNTC
[04:43:04] [133/459] MEEN
[04:43:05] [134/459] BMRV
[04:43:06] [135/459] SVAM
[04:43:06] [136/459] VTBP
[04:43:07] [137/459] VCKN
[04:43:08] [138/459] SGTK
[04:43:09] [139/459] RCGS
[04:43:10] [140/459] RCCB
[04:43:11] [141/459] RKSR
[04:43:12] [142/459] RKCU
[04:43:13] [143/459] GIBH
[04:43:14] [144/459] CXBS
[04:43:16] [145/459] GGCB
[04:43:17] [146/459] SCPB
[04:43:18] [147/459] AKTB
[04:43:19] [148/459] SRBU
[04:43:19] [149/459] CSSA
[04:43:20] [150/459] MYAN
[04:43:21] [151/459] EXCA
[04:43:22] [152/459] CKSA
[04:43:22] [153/459] JTNM
[04:43:23] [154/459] CXKT
[04:43:24] [155/459] NCLM
[04:43:24] [156/459] JAAD
[04:43:26] [157/459] RDCR
[04:43:27] [158/459] MEER
[04:43:28] [159/459] SIBT
[04:43:29] [160/459] PVVB
[04:43:30] [161/459] FNPN
[04:43:30] [162/459] CRPX
[04:43:31] [163/459] STET
[04:43:32] [164/459] METE
[04:43:33] [165/459] BJML
[04:43:34] [166/459] MAVT
[04:43:34] [167/459] MSRM
[04:43:35] [168/459] TJMP
[04:43:36] [169/459] MHCK
[04:43:37] [170/459] SVGP
[04:43:38] [171/459] KRRC
[04:43:39] [172/459] IMCH
[04:43:40] [173/459] CMCS
[04:43:40] [174/459] SGND
[04:43:41] [175/459] RNAT
[04:43:42] [176/459] PRTN
[04:43:44] [177/459] MPTN
[04:43:44] [178/459] ARCC
[04:43:45] [179/459] NTTE
[04:43:46] [180/459] ABND
[04:43:47] [181/459] KCSN
[04:43:48] [182/459] KCSA
[04:43:49] [183/459] DCKT
[04:43:50] [184/459] MBBR
[04:43:50] [185/459] RAMU
[04:43:51] [186/459] RACW
[04:43:52] [187/459] MCHP
[04:43:53] [188/459] TMHM
[04:43:54] [189/459] STXH
[04:43:55] [190/459] AGSG
[04:43:56] [191/459] SIRA
[04:43:57] [192/459] RCAN
[04:43:58] [193/459] CWTB
[04:43:59] [194/459] VTYM
[04:43:59] [195/459] RRPP
[04:44:00] [196/459] ASMR
[04:44:01] [197/459] RONO
[04:44:02] [198/459] MEMR
[04:44:03] [199/459] CTMR
[04:44:04] [200/459] PMTT
[04:44:05] [201/459] PSLX
[04:44:06] [202/459] IPPL
[04:44:06] [203/459] MMSG
[04:44:07] [204/459] INEL
[04:44:09] [205/459] COAC
[04:44:10] [206/459] WVLK
[04:44:11] [207/459] PPXL
[04:44:12] [208/459] PSML
[04:44:13] [209/459] FNLK
[04:44:15] [210/459] ILUM
[04:44:16] [211/459] ILCM
[04:44:17] [212/459] MSNL
[04:44:18] [213/459] VINB
[04:44:19] [214/459] SALW
[04:44:20] [215/459] PRTB
[04:44:20] [216/459] NCIL
[04:44:21] [217/459] PSUL
[04:44:22] [218/459] SCLK
[04:44:23] [219/459] ADDC
[04:44:24] [220/459] OACL
[04:44:24] [221/459] OOCF
[04:44:25] [222/459] GPMF
[04:44:26] [223/459] SSDG
[04:44:28] [224/459] SKRS
[04:44:29] [225/459] NTTP
[04:44:30] [226/459] SLTP
[04:44:31] [227/459] JTLC
[04:44:31] [228/459] POON
[04:44:32] [229/459] CCPC
[04:44:33] [230/459] DCKC
[04:44:34] [231/459] CPRT
[04:44:35] [232/459] EYHZ
[04:44:35] [233/459] ARBL
[04:44:36] [234/459] SBTB
[04:44:37] [235/459] MMCK
[04:44:38] [236/459] PLMR
[04:44:39] [237/459] BIJH
[04:44:40] [238/459] SDRT
[04:44:41] [239/459] PRDC
[04:44:41] [240/459] OMJA
[04:44:42] [241/459] VKCR
[04:44:43] [242/459] ATRT
[04:44:44] [243/459] WVRP
[04:44:45] [244/459] MVRP
[04:44:46] [245/459] FCAX
[04:44:46] [246/459] CTLC
[04:44:47] [247/459] JCHB
[04:44:48] [248/459] SELP
[04:44:49] [249/459] VCPG
[04:44:50] [250/459] ASCX
[04:44:51] [251/459] EOCS
[04:44:52] [252/459] RCPH
[04:44:53] [253/459] RJTM
[04:44:54] [254/459] SGMD
[04:44:55] [255/459] SVJT
[04:44:55] [256/459] SPPO
[04:44:56] [257/459] MNRL
[04:44:57] [258/459] KNOX
[04:44:58] [259/459] GIER
[04:44:59] [260/459] PJMS
[04:44:59] [261/459] UNSP
[04:45:00] [262/459] JETP
[04:45:01] [263/459] VTWA
[04:45:02] [264/459] SCJI
[04:45:03] [265/459] CBZZ
[04:45:04] [266/459] SDCJ
[04:45:05] [267/459] RRCC
[04:45:05] [268/459] VNKG
[04:45:06] [269/459] LKTO
[04:45:07] [270/459] PJRM
[04:45:08] [271/459] NVRM
[04:45:09] [272/459] SJCS
[04:45:10] [273/459] VIGK
[04:45:11] [274/459] ANST
[04:45:12] [275/459] JTTS
[04:45:12] [276/459] NTST
[04:45:13] [277/459] PREB
[04:45:14] [278/459] TSCZ
[04:45:15] [279/459] CDCM
[04:45:16] [280/459] ELYE
[04:45:17] [281/459] INBS
[04:45:17] [282/459] SMGC
[04:45:18] [283/459] UTMP
[04:45:19] [284/459] INTA
[04:45:20] [285/459] OMPT
[04:45:21] [286/459] SCIR
[04:45:22] [287/459] GCKJ
[04:45:23] [288/459] INOG
[04:45:24] [289/459] SMGB
[04:45:24] [290/459] MCSG
[04:45:25] [291/459] STKG
[04:45:26] [292/459] TTKG
[04:45:27] [293/459] SRTR
[04:45:28] [294/459] ETTR
[04:45:29] [295/459] GGGZ
[04:45:30] [296/459] IPGM
[04:45:30] [297/459] FCDH
[04:45:31] [298/459] DESB
[04:45:32] [299/459] VNTP
[04:45:33] [300/459] ANNT
[04:45:34] [301/459] SLTI
[04:45:34] [302/459] MAJU
[04:45:35] [303/459] JCXP
[04:45:36] [304/459] HARK
[04:45:37] [305/459] JPCJ
[04:45:37] [306/459] RXBD
[04:45:39] [307/459] PTKJ
[04:45:40] [308/459] CMTU
[04:45:41] [309/459] SWOR
[04:45:42] [310/459] JMEX
[04:45:42] [311/459] DTPT
[04:45:43] [312/459] VGMM
[04:45:44] [313/459] VCSG
[04:45:45] [314/459] CVCG
[04:45:46] [315/459] TNTT
[04:45:46] [316/459] SHRM
[04:45:47] [317/459] CGKD
[04:45:48] [318/459] EKCM
[04:45:49] [319/459] SDCX
[04:45:50] [320/459] SBTE
[04:45:51] [321/459] STKJ
[04:45:52] [322/459] TPCE
[04:45:53] [323/459] JTNP
[04:45:53] [324/459] LPCH
[04:45:55] [325/459] CPUO
[04:45:56] [326/459] APSU
[04:45:56] [327/459] RTHC
[04:45:57] [328/459] PTBU
[04:45:58] [329/459] CUCC
[04:45:59] [330/459] CPSA
[04:45:59] [331/459] SUAY
[04:46:00] [332/459] AYAA
[04:46:01] [333/459] MUCH
[04:46:02] [334/459] PCIN
[04:46:03] [335/459] JRRM
[04:46:04] [336/459] KATS
[04:46:04] [337/459] MHFF
[04:46:05] [338/459] ESYM
[04:46:06] [339/459] STYV
[04:46:07] [340/459] SDKG
[04:46:08] [341/459] SMTI
[04:46:09] [342/459] NYCS
[04:46:09] [343/459] MTBG
[04:46:10] [344/459] RHCA
[04:46:11] [345/459] PCKH
[04:46:12] [346/459] ARCR
[04:46:13] [347/459] NCMB
[04:46:14] [348/459] SHYC
[04:46:14] [349/459] LACK
[04:46:15] [350/459] MTCM
[04:46:16] [351/459] RRBN
[04:46:18] [352/459] MYDC
[04:46:19] [353/459] STCS
[04:46:20] [354/459] CONN
[04:46:21] [355/459] SIPS
[04:46:21] [356/459] SMMX
[04:46:22] [357/459] SCBY
[04:46:23] [358/459] SUAP
[04:46:24] [359/459] RSMK
[04:46:25] [360/459] STKP
[04:46:25] [361/459] CIPC
[04:46:26] [362/459] KKCI
[04:46:28] [363/459] CTNK
[04:46:29] [364/459] MMTZ
[04:46:29] [365/459] DCCO
[04:46:31] [366/459] VNMN
[04:46:32] [367/459] RLCN
[04:46:33] [368/459] CMMS
[04:46:34] [369/459] AYOU
[04:46:35] [370/459] SSCN
[04:46:36] [371/459] SMXN
[04:46:36] [372/459] ASSK
[04:46:37] [373/459] VCKM
[04:46:39] [374/459] PCPH
[04:46:40] [375/459] PADM
[04:46:40] [376/459] IESA
[04:46:41] [377/459] VCSP
[04:46:42] [378/459] AEST
[04:46:44] [379/459] VTNR
[04:46:44] [380/459] GTTA
[04:46:45] [381/459] CMMM
[04:46:47] [382/459] AHKT
[04:46:48] [383/459] SIJI
[04:46:49] [384/459] VCEI
[04:46:49] [385/459] SAKR
[04:46:50] [386/459] VSMT
[04:46:51] [387/459] SSCT
[04:46:52] [388/459] USTR
[04:46:53] [389/459] MTKT
[04:46:54] [390/459] TGMP
[04:46:55] [391/459] SIVC
[04:46:56] [392/459] KICT
[04:46:56] [393/459] DAMD
[04:46:57] [394/459] CNPT
[04:46:58] [395/459] RVTT
[04:46:59] [396/459] SNCM
[04:47:00] [397/459] GHTE
[04:47:00] [398/459] PPAM
[04:47:01] [399/459] PVAA
[04:47:02] [400/459] CPAO
[04:47:03] [401/459] HAMD
[04:47:03] [402/459] RCCA
[04:47:05] [403/459] MPCH
[04:47:07] [404/459] ARED
[04:47:07] [405/459] RRCV
[04:47:08] [406/459] MTRB
[04:47:09] [407/459] CKUA
[04:47:10] [408/459] ABMP
[04:47:11] [409/459] RCWA
[04:47:12] [410/459] CGAR
[04:47:12] [411/459] METH
[04:47:13] [412/459] WAGA
[04:47:14] [413/459] MCMA
[04:47:15] [414/459] CSMP
[04:47:16] [415/459] RCNK
[04:47:17] [416/459] PSTM
[04:47:18] [417/459] CSEP
[04:47:19] [418/459] AMGD
[04:47:20] [419/459] CSTE
[04:47:22] [420/459] CONS
[04:47:23] [421/459] APPX
[04:47:23] [422/459] MABC
[04:47:24] [423/459] CXST
[04:47:25] [424/459] MATN
[04:47:26] [425/459] MACZ
[04:47:27] [426/459] MASA
[04:47:28] [427/459] MBSX
[04:47:28] [428/459] CSST
[04:47:29] [429/459] APCL
[04:47:31] [430/459] CGOS
[04:47:33] [431/459] CPEC
[04:47:33] [432/459] MCCP
[04:47:34] [433/459] BSSO
[04:47:35] [434/459] SJKA
[04:47:36] [435/459] CGBO
[04:47:37] [436/459] MVSK
[04:47:38] [437/459] HVCA
[04:47:38] [438/459] NAMD
[04:47:39] [439/459] DEVI
[04:47:40] [440/459] SCSV
[04:47:41] [441/459] PSMA
[04:47:42] [442/459] CLDJ
[04:47:43] [443/459] NMAD
[04:47:44] [444/459] CGMO
[04:47:44] [445/459] MCNA
[04:47:45] [446/459] OCBN
[04:47:46] [447/459] CPEM
[04:47:47] [448/459] CPSM
[04:47:47] [449/459] RCAD
[04:47:48] [450/459] CPMU
[04:47:49] [451/459] DICD
[04:47:50] [452/459] CHOE
[04:47:51] [453/459] PDJM
[04:47:52] [454/459] SSTU
[04:47:52] [455/459] VNRN
[04:47:53] [456/459] PVLG
[04:47:54] [457/459] SWBL
[04:47:56] [458/459] SCAB
[04:47:56] [459/459] RDDA
[04:47:57] 🧹 Deduping shows
[04:47:57] ✅ DONE | Shows=1959 | Movies=66
[08:24:04] 🚀 SCRIPT STARTED
[08:24:04] [1/459] MCCZ
[08:24:04] 🧠 New identity created
[08:24:05] [2/459] FRPU
[08:24:06] [3/459] SKSI
[08:24:07] [4/459] SSCK
[08:24:09] [5/459] SRDC
[08:24:10] [6/459] RSCZ
[08:24:11] [7/459] PRVT
[08:24:11] [8/459] GAGJ
[08:24:12] [9/459] SMHG
[08:24:13] [10/459] JTST
[08:24:14] [11/459] MYTH
[08:24:15] [12/459] JPCC
[08:24:16] [13/459] ACDC
[08:24:17] [14/459] SVFP
[08:24:18] [15/459] SFCM
[08:24:19] [16/459] RUPK
[08:24:20] [17/459] NTCR
[08:24:20] [18/459] RTCH
[08:24:21] [19/459] SCMH
[08:24:22] [20/459] SVYM
[08:24:23] [21/459] SPYM
[08:24:24] [22/459] SMMF
[08:24:25] [23/459] CLLB
[08:24:26] [24/459] FMCB
[08:24:26] [25/459] BBTC
[08:24:27] [26/459] NTHS
[08:24:28] [27/459] PKKJ
[08:24:29] [28/459] MTJA
[08:24:30] [29/459] PMSJ
[08:24:31] [30/459] JMJU
[08:24:32] [31/459] SRAD
[08:24:32] [32/459] MJMC
[08:24:33] [33/459] DFRM
[08:24:34] [34/459] PMRS
[08:24:35] [35/459] RKPP
[08:24:36] [36/459] BMBK
[08:24:37] [37/459] NEWS
[08:24:37] [38/459] SALB
[08:24:38] [39/459] SCPW
[08:24:39] [40/459] RAYL
[08:24:40] [41/459] CMGJ
[08:24:40] [42/459] JRCR
[08:24:41] [43/459] SRTB
[08:24:42] [44/459] ETPB
[08:24:43] [45/459] MXBN
[08:24:44] [46/459] TOPE
[08:24:44] [47/459] SNLJ
[08:24:45] [48/459] CDDP
[08:24:46] [49/459] APCX
[08:24:47] [50/459] TALP
[08:24:47] [51/459] RRMP
[08:24:48] [52/459] MAHB
[08:24:49] [53/459] MTKR
[08:24:50] [54/459] KSKL
[08:24:51] [55/459] RJLT
[08:24:51] [56/459] ATAS
[08:24:52] [57/459] AMHR
[08:24:53] [58/459] RSRM
[08:24:54] [59/459] GCAT
[08:24:55] [60/459] SMML
[08:24:55] [61/459] ACCD
[08:24:56] [62/459] VYDA
[08:24:57] [63/459] MSKT
[08:24:58] [64/459] AVDM
[08:24:59] [65/459] ASMH
[08:25:00] [66/459] VTMB
[08:25:00] [67/459] WVMB
[08:25:01] [68/459] PPMN
[08:25:02] [69/459] MTMD
[08:25:03] [70/459] SMMO
[08:25:04] [71/459] DLPB
[08:25:05] [72/459] AKMD
[08:25:06] [73/459] SHRR
[08:25:07] [74/459] ASCO
[08:25:08] [75/459] CZVX
[08:25:08] [76/459] GCBB
[08:25:09] [77/459] ATBM
[08:25:10] [78/459] TCGM
[08:25:11] [79/459] UMSE
[08:25:12] [80/459] NKCL
[08:25:13] [81/459] BTLR
[08:25:14] [82/459] GOCL
[08:25:14] [83/459] MIRN
[08:25:15] [84/459] THEC
[08:25:16] [85/459] SPPB
[08:25:18] [86/459] PMMM
[08:25:19] [87/459] GGMC
[08:25:20] [88/459] AVSR
[08:25:20] [89/459] RDMH
[08:25:21] [90/459] JSRS
[08:25:22] [91/459] VKGP
[08:25:23] [92/459] ACRT
[08:25:24] [93/459] GCBA
[08:25:25] [94/459] GTCP
[08:25:26] [95/459] AKFC
[08:25:27] [96/459] INCS
[08:25:28] [97/459] SMCK
[08:25:29] [98/459] BRUN
[08:25:29] [99/459] RPPC
[08:25:30] [100/459] PAYD
[08:25:31] [101/459] SVVT
[08:25:32] [102/459] RNCC
[08:25:33] [103/459] PCRC
[08:25:33] [104/459] PMRM
[08:25:35] [105/459] CCRP
[08:25:36] [106/459] INCR
[08:25:36] [107/459] ZTMP
[08:25:37] [108/459] MCNR
[08:25:38] [109/459] INRP
[08:25:39] [110/459] STRC
[08:25:40] [111/459] RATI
[08:25:41] [112/459] PBTR
[08:25:41] [113/459] CMHP
[08:25:42] [114/459] ZECJ
[08:25:43] [115/459] CCCB
[08:25:44] [116/459] BWCB
[08:25:45] [117/459] CCAT
[08:25:47] [118/459] KGCM
[08:25:48] [119/459] INPT
[08:25:49] [120/459] FNCO
[08:25:49] [121/459] SRMJ
[08:25:50] [122/459] PFSC
[08:25:51] [123/459] PBMC
[08:25:52] [124/459] KARP
[08:25:52] [125/459] KOVI
[08:25:54] [126/459] ACXL
[08:25:54] [127/459] GKCC
[08:25:55] [128/459] ASCC
[08:25:56] [129/459] SETC
[08:25:57] [130/459] KACC
[08:25:58] [131/459] KAVE
[08:25:59] [132/459] CNTC
[08:26:00] [133/459] MEEN
[08:26:01] [134/459] BMRV
[08:26:01] [135/459] SVAM
[08:26:02] [136/459] VTBP
[08:26:03] [137/459] VCKN
[08:26:04] [138/459] SGTK
[08:26:05] [139/459] RCGS
[08:26:06] [140/459] RCCB
[08:26:07] [141/459] RKSR
[08:26:08] [142/459] RKCU
[08:26:09] [143/459] GIBH
[08:26:10] [144/459] CXBS
[08:26:12] [145/459] GGCB
[08:26:13] [146/459] SCPB
[08:26:14] [147/459] AKTB
[08:26:15] [148/459] SRBU
[08:26:15] [149/459] CSSA
[08:26:16] [150/459] MYAN
[08:26:17] [151/459] EXCA
[08:26:18] [152/459] CKSA
[08:26:19] [153/459] JTNM
[08:26:20] [154/459] CXKT
[08:26:21] [155/459] NCLM
[08:26:21] [156/459] JAAD
[08:26:22] [157/459] RDCR
[08:26:23] [158/459] MEER
[08:26:24] [159/459] SIBT
[08:26:25] [160/459] PVVB
[08:26:26] [161/459] FNPN
[08:26:27] [162/459] CRPX
[08:26:27] [163/459] STET
[08:26:28] [164/459] METE
[08:26:29] [165/459] BJML
[08:26:30] [166/459] MAVT
[08:26:31] [167/459] MSRM
[08:26:31] [168/459] TJMP
[08:26:32] [169/459] MHCK
[08:26:33] [170/459] SVGP
[08:26:34] [171/459] KRRC
[08:26:35] [172/459] IMCH
[08:26:35] [173/459] CMCS
[08:26:36] [174/459] SGND
[08:26:37] [175/459] RNAT
[08:26:38] [176/459] PRTN
[08:26:39] [177/459] MPTN
[08:26:40] [178/459] ARCC
[08:26:41] [179/459] NTTE
[08:26:42] [180/459] ABND
[08:26:43] [181/459] KCSN
[08:26:44] [182/459] KCSA
[08:26:45] [183/459] DCKT
[08:26:46] [184/459] MBBR
[08:26:47] [185/459] RAMU
[08:26:48] [186/459] RACW
[08:26:49] [187/459] MCHP
[08:26:50] [188/459] TMHM
[08:26:52] [189/459] STXH
[08:26:52] [190/459] AGSG
[08:26:53] [191/459] SIRA
[08:26:54] [192/459] RCAN
[08:26:55] [193/459] CWTB
[08:26:56] [194/459] VTYM
[08:26:57] [195/459] RRPP
[08:26:58] [196/459] ASMR
[08:26:58] [197/459] RONO
[08:26:59] [198/459] MEMR
[08:27:00] [199/459] CTMR
[08:27:00] [200/459] PMTT
[08:27:01] [201/459] PSLX
[08:27:03] [202/459] IPPL
[08:27:04] [203/459] MMSG
[08:27:05] [204/459] INEL
[08:27:06] [205/459] COAC
[08:27:07] [206/459] WVLK
[08:27:09] [207/459] PPXL
[08:27:09] [208/459] PSML
[08:27:10] [209/459] FNLK
[08:27:11] [210/459] ILUM
[08:27:12] [211/459] ILCM
[08:27:13] [212/459] MSNL
[08:27:14] [213/459] VINB
[08:27:14] [214/459] SALW
[08:27:15] [215/459] PRTB
[08:27:16] [216/459] NCIL
[08:27:17] [217/459] PSUL
[08:27:18] [218/459] SCLK
[08:27:19] [219/459] ADDC
[08:27:19] [220/459] OACL
[08:27:20] [221/459] OOCF
[08:27:21] [222/459] GPMF
[08:27:22] [223/459] SSDG
[08:27:22] [224/459] SKRS
[08:27:23] [225/459] NTTP
[08:27:24] [226/459] SLTP
[08:27:25] [227/459] JTLC
[08:27:26] [228/459] POON
[08:27:27] [229/459] CCPC
[08:27:28] [230/459] DCKC
[08:27:29] [231/459] CPRT
[08:27:29] [232/459] EYHZ
[08:27:30] [233/459] ARBL
[08:27:31] [234/459] SBTB
[08:27:32] [235/459] MMCK
[08:27:33] [236/459] PLMR
[08:27:34] [237/459] BIJH
[08:27:35] [238/459] SDRT
[08:27:35] [239/459] PRDC
[08:27:36] [240/459] OMJA
[08:27:37] [241/459] VKCR
[08:27:38] [242/459] ATRT
[08:27:39] [243/459] WVRP
[08:27:40] [244/459] MVRP
[08:27:41] [245/459] FCAX
[08:27:42] [246/459] CTLC
[08:27:43] [247/459] JCHB
[08:27:44] [248/459] SELP
[08:27:45] [249/459] VCPG
[08:27:46] [250/459] ASCX
[08:27:46] [251/459] EOCS
[08:27:47] [252/459] RCPH
[08:27:48] [253/459] RJTM
[08:27:49] [254/459] SGMD
[08:27:50] [255/459] SVJT
[08:27:51] [256/459] SPPO
[08:27:52] [257/459] MNRL
[08:27:52] [258/459] KNOX
[08:27:53] [259/459] GIER
[08:27:54] [260/459] PJMS
[08:27:55] [261/459] UNSP
[08:27:56] [262/459] JETP
[08:27:56] [263/459] VTWA
[08:27:57] [264/459] SCJI
[08:27:58] [265/459] CBZZ
[08:27:59] [266/459] SDCJ
[08:28:00] [267/459] RRCC
[08:28:01] [268/459] VNKG
[08:28:01] [269/459] LKTO
[08:28:02] [270/459] PJRM
[08:28:03] [271/459] NVRM
[08:28:04] [272/459] SJCS
[08:28:05] [273/459] VIGK
[08:28:06] [274/459] ANST
[08:28:07] [275/459] JTTS
[08:28:08] [276/459] NTST
[08:28:09] [277/459] PREB
[08:28:09] [278/459] TSCZ
[08:28:11] [279/459] CDCM
[08:28:12] [280/459] ELYE
[08:28:13] [281/459] INBS
[08:28:14] [282/459] SMGC
[08:28:15] [283/459] UTMP
[08:28:16] [284/459] INTA
[08:28:17] [285/459] OMPT
[08:28:18] [286/459] SCIR
[08:28:19] [287/459] GCKJ
[08:28:19] [288/459] INOG
[08:28:20] [289/459] SMGB
[08:28:21] [290/459] MCSG
[08:28:22] [291/459] STKG
[08:28:22] [292/459] TTKG
[08:28:23] [293/459] SRTR
[08:28:24] [294/459] ETTR
[08:28:24] [295/459] GGGZ
[08:28:25] [296/459] IPGM
[08:28:26] [297/459] FCDH
[08:28:27] [298/459] DESB
[08:28:27] [299/459] VNTP
[08:28:28] [300/459] ANNT
[08:28:29] [301/459] SLTI
[08:28:30] [302/459] MAJU
[08:28:31] [303/459] JCXP
[08:28:31] [304/459] HARK
[08:28:33] [305/459] JPCJ
[08:28:34] [306/459] RXBD
[08:28:34] [307/459] PTKJ
[08:28:35] [308/459] CMTU
[08:28:36] [309/459] SWOR
[08:28:37] [310/459] JMEX
[08:28:38] [311/459] DTPT
[08:28:39] [312/459] VGMM
[08:28:40] [313/459] VCSG
[08:28:41] [314/459] CVCG
[08:28:42] [315/459] TNTT
[08:28:43] [316/459] SHRM
[08:28:44] [317/459] CGKD
[08:28:44] [318/459] EKCM
[08:28:45] [319/459] SDCX
[08:28:46] [320/459] SBTE
[08:28:47] [321/459] STKJ
[08:28:48] [322/459] TPCE
[08:28:49] [323/459] JTNP
[08:28:50] [324/459] LPCH
[08:28:51] [325/459] CPUO
[08:28:52] [326/459] APSU
[08:28:53] [327/459] RTHC
[08:28:54] [328/459] PTBU
[08:28:55] [329/459] CUCC
[08:28:56] [330/459] CPSA
[08:28:57] [331/459] SUAY
[08:28:57] [332/459] AYAA
[08:28:58] [333/459] MUCH
[08:28:59] [334/459] PCIN
[08:29:00] [335/459] JRRM
[08:29:01] [336/459] KATS
[08:29:01] [337/459] MHFF
[08:29:02] [338/459] ESYM
[08:29:03] [339/459] STYV
[08:29:04] [340/459] SDKG
[08:29:05] [341/459] SMTI
[08:29:06] [342/459] NYCS
[08:29:07] [343/459] MTBG
[08:29:08] [344/459] RHCA
[08:29:09] [345/459] PCKH
[08:29:10] [346/459] ARCR
[08:29:10] [347/459] NCMB
[08:29:12] [348/459] SHYC
[08:29:13] [349/459] LACK
[08:29:14] [350/459] MTCM
[08:29:16] [351/459] RRBN
[08:29:16] [352/459] MYDC
[08:29:17] [353/459] STCS
[08:29:18] [354/459] CONN
[08:29:19] [355/459] SIPS
[08:29:20] [356/459] SMMX
[08:29:21] [357/459] SCBY
[08:29:22] [358/459] SUAP
[08:29:23] [359/459] RSMK
[08:29:24] [360/459] STKP
[08:29:24] [361/459] CIPC
[08:29:25] [362/459] KKCI
[08:29:26] [363/459] CTNK
[08:29:28] [364/459] MMTZ
[08:29:29] [365/459] DCCO
[08:29:31] [366/459] VNMN
[08:29:32] [367/459] RLCN
[08:29:32] [368/459] CMMS
[08:29:33] [369/459] AYOU
[08:29:34] [370/459] SSCN
[08:29:35] [371/459] SMXN
[08:29:35] [372/459] ASSK
[08:29:37] [373/459] VCKM
[08:29:38] [374/459] PCPH
[08:29:39] [375/459] PADM
[08:29:39] [376/459] IESA
[08:29:40] [377/459] VCSP
[08:29:41] [378/459] AEST
[08:29:42] [379/459] VTNR
[08:29:43] [380/459] GTTA
[08:29:44] [381/459] CMMM
[08:29:45] [382/459] AHKT
[08:29:45] [383/459] SIJI
[08:29:46] [384/459] VCEI
[08:29:47] [385/459] SAKR
[08:29:48] [386/459] VSMT
[08:29:49] [387/459] SSCT
[08:29:50] [388/459] USTR
[08:29:51] [389/459] MTKT
[08:29:52] [390/459] TGMP
[08:29:53] [391/459] SIVC
[08:29:54] [392/459] KICT
[08:29:55] [393/459] DAMD
[08:29:56] [394/459] CNPT
[08:29:57] [395/459] RVTT
[08:29:58] [396/459] SNCM
[08:29:58] [397/459] GHTE
[08:30:00] [398/459] PPAM
[08:30:01] [399/459] PVAA
[08:30:01] [400/459] CPAO
[08:30:02] [401/459] HAMD
[08:30:03] [402/459] RCCA
[08:30:04] [403/459] MPCH
[08:30:05] [404/459] ARED
[08:30:05] [405/459] RRCV
[08:30:06] [406/459] MTRB
[08:30:07] [407/459] CKUA
[08:30:08] [408/459] ABMP
[08:30:09] [409/459] RCWA
[08:30:10] [410/459] CGAR
[08:30:12] [411/459] METH
[08:30:13] [412/459] WAGA
[08:30:14] [413/459] MCMA
[08:30:15] [414/459] CSMP
[08:30:16] [415/459] RCNK
[08:30:17] [416/459] PSTM
[08:30:17] [417/459] CSEP
[08:30:18] [418/459] AMGD
[08:30:19] [419/459] CSTE
[08:30:20] [420/459] CONS
[08:30:21] [421/459] APPX
[08:30:21] [422/459] MABC
[08:30:22] [423/459] CXST
[08:30:23] [424/459] MATN
[08:30:24] [425/459] MACZ
[08:30:25] [426/459] MASA
[08:30:26] [427/459] MBSX
[08:30:27] [428/459] CSST
[08:30:28] [429/459] APCL
[08:30:29] [430/459] CGOS
[08:30:30] [431/459] CPEC
[08:30:31] [432/459] MCCP
[08:30:32] [433/459] BSSO
[08:30:32] [434/459] SJKA
[08:30:33] [435/459] CGBO
[08:30:34] [436/459] MVSK
[08:30:35] [437/459] HVCA
[08:30:36] [438/459] NAMD
[08:30:37] [439/459] DEVI
[08:30:37] [440/459] SCSV
[08:30:38] [441/459] PSMA
[08:30:39] [442/459] CLDJ
[08:30:40] [443/459] NMAD
[08:30:41] [444/459] CGMO
[08:30:42] [445/459] MCNA
[08:30:43] [446/459] OCBN
[08:30:44] [447/459] CPEM
[08:30:44] [448/459] CPSM
[08:30:45] [449/459] RCAD
[08:30:46] [450/459] CPMU
[08:30:47] [451/459] DICD
[08:30:48] [452/459] CHOE
[08:30:49] [453/459] PDJM
[08:30:50] [454/459] SSTU
[08:30:50] [455/459] VNRN
[08:30:51] [456/459] PVLG
[08:30:52] [457/459] SWBL
[08:30:53] [458/459] SCAB
[08:30:53] [459/459] RDDA
[08:30:54] 🧹 Deduping shows
[08:30:54] ✅ DONE | Shows=1996 | Movies=66
