[02:39:21] 🚀 SCRIPT STARTED
[02:39:21] [1/324] GCTA
[02:39:21] 🧠 New identity created
[02:39:23] [2/324] TOPN
[02:39:24] [3/324] MCUS
[02:39:25] [4/324] SHRL
[02:39:26] [5/324] UPTP
[02:39:27] [6/324] TMMP
[02:39:28] [7/324] DNRP
[02:39:29] [8/324] SRLT
[02:39:30] [9/324] RCNS
[02:39:31] [10/324] DCBH
[02:39:32] [11/324] NAGJ
[02:39:33] [12/324] JVRC
[02:39:34] [13/324] KRJG
[02:39:35] [14/324] SRTJ
[02:39:35] [15/324] CMXM
[02:39:36] [16/324] STMI
[02:39:37] [17/324] SLST
[02:39:38] [18/324] DTCN
[02:39:39] [19/324] STYN
[02:39:40] [20/324] SZVR
[02:39:41] [21/324] SRKO
[02:39:42] [22/324] JTGT
[02:39:43] [23/324] SVFD
[02:39:44] [24/324] SISD
[02:39:45] [25/324] ABDD
[02:39:45] [26/324] DRCA
[02:39:47] [27/324] AVCS
[02:39:48] [28/324] MVKH
[02:39:49] [29/324] ACPR
[02:39:50] [30/324] STIP
[02:39:51] [31/324] MTRA
[02:39:53] [32/324] RMKH
[02:39:54] [33/324] NKRL
[02:39:55] [34/324] PCWN
[02:39:55] [35/324] BLMT
[02:39:57] [36/324] GDPG
[02:39:58] [37/324] SRMX
[02:40:00] [38/324] JACP
[02:40:01] [39/324] CPSH
[02:40:02] [40/324] MCCD
[02:40:03] [41/324] ECGH
[02:40:04] [42/324] MKCK
[02:40:04] [43/324] SRMM
[02:40:05] [44/324] SKYR
[02:40:07] [45/324] PCKC
[02:40:07] [46/324] JCMA
[02:40:08] [47/324] BSMP
[02:40:09] [48/324] VSPA
[02:40:10] [49/324] DJYA
[02:40:11] [50/324] DIMP
[02:40:12] [51/324] FXDR
[02:40:13] [52/324] SSRC
[02:40:14] [53/324] STHP
[02:40:14] [54/324] CPPD
[02:40:16] [55/324] FCLK
[02:40:17] [56/324] SCPP
[02:40:18] [57/324] DCMJ
[02:40:19] [58/324] RCCR
[02:40:20] [59/324] INMT
[02:40:21] [60/324] LXTK
[02:40:22] [61/324] SRYK
[02:40:22] [62/324] SGDK
[02:40:23] [63/324] PPKA
[02:40:24] [64/324] SPKA
[02:40:26] [65/324] CGHH
[02:40:27] [66/324] DCJN
[02:40:28] [67/324] SRKV
[02:40:29] [68/324] SAJC
[02:40:30] [69/324] SUSR
[02:40:31] [70/324] STYG
[02:40:31] [71/324] NTKP
[02:40:32] [72/324] AKTG
[02:40:33] [73/324] CGCM
[02:40:34] [74/324] TULC
[02:40:35] [75/324] NYYZ
[02:40:36] [76/324] NYBW
[02:40:37] [77/324] MACB
[02:40:38] [78/324] SLVT
[02:40:39] [79/324] SANA
[02:40:40] [80/324] ACMR
[02:40:41] [81/324] CPKN
[02:40:42] [82/324] DLGK
[02:40:43] [83/324] CWCK
[02:40:44] [84/324] FDDH
[02:40:44] [85/324] MMMD
[02:40:45] [86/324] CMEH
[02:40:46] [87/324] GGGV
[02:40:47] [88/324] SPJL
[02:40:49] [89/324] RCCD
[02:40:50] [90/324] STTZ
[02:40:50] [91/324] BTCF
[02:40:51] [92/324] TSTZ
[02:40:52] [93/324] IPMM
[02:40:53] [94/324] PMPW
[02:40:54] [95/324] PCMZ
[02:40:55] [96/324] ESEM
[02:40:56] [97/324] PIPO
[02:40:56] [98/324] MATK
[02:40:57] [99/324] PGHM
[02:40:58] [100/324] CTSR
[02:40:59] [101/324] CYKR
[02:41:00] [102/324] MSCM
[02:41:01] [103/324] RFNP
[02:41:02] [104/324] PDCP
[02:41:03] [105/324] NPSE
[02:41:03] [106/324] MKML
[02:41:04] [107/324] FTDP
[02:41:05] [108/324] MMXA
[02:41:06] [109/324] CEPO
[02:41:07] [110/324] CMVP
[02:41:09] [111/324] SGTH
[02:41:10] [112/324] SAYN
[02:41:10] [113/324] URVS
[02:41:11] [114/324] VJTN
[02:41:12] [115/324] BBYK
[02:41:13] [116/324] SHBO
[02:41:14] [117/324] VCMR
[02:41:15] [118/324] MACT
[02:41:16] [119/324] JMNP
[02:41:17] [120/324] VICS
[02:41:18] [121/324] VCDA
[02:41:19] [122/324] GCMM
[02:41:19] [123/324] INVS
[02:41:20] [124/324] SCGM
[02:41:21] [125/324] PCDA
[02:41:22] [126/324] KDCT
[02:41:23] [127/324] JACS
[02:41:23] [128/324] GMMC
[02:41:24] [129/324] AICM
[02:41:25] [130/324] TJCM
[02:41:26] [131/324] RMTI
[02:41:27] [132/324] SHAC
[02:41:28] [133/324] APJC
[02:41:28] [134/324] GCTG
[02:41:29] [135/324] SSMC
[02:41:31] [136/324] THRM
[02:41:32] [137/324] RBCT
[02:41:33] [138/324] DIKT
[02:41:35] [139/324] MIDL
[02:41:35] [140/324] VCSN
[02:41:36] [141/324] SKTG
[02:41:37] [142/324] SMWC
[02:41:38] [143/324] MNKH
[02:41:39] [144/324] PIAT
[02:41:41] [145/324] LTTP
[02:41:42] [146/324] PTPU
[02:41:43] [147/324] ACMG
[02:41:43] [148/324] SHMM
[02:41:44] [149/324] MCMN
[02:41:45] [150/324] GLDC
[02:41:46] [151/324] HOUT
[02:41:47] [152/324] SVRP
[02:41:48] [153/324] PVDN
[02:41:49] [154/324] SCPY
[02:41:49] [155/324] DTPY
[02:41:51] [156/324] GKCS
[02:41:52] [157/324] NCAM
[02:41:53] [158/324] BSRM
[02:41:54] [159/324] RCLC
[02:41:54] [160/324] SKKD
[02:41:55] [161/324] ACHU
[02:41:56] [162/324] RSCF
[02:41:58] [163/324] IMSH
[02:41:59] [164/324] MACX
[02:42:01] [165/324] HMMW
[02:42:01] [166/324] JTCP
[02:42:02] [167/324] SREN
[02:42:03] [168/324] PJRR
[02:42:04] [169/324] INAC
[02:42:04] [170/324] BMCA
[02:42:05] [171/324] SHCB
[02:42:06] [172/324] GABA
[02:42:07] [173/324] SBCT
[02:42:08] [174/324] GCMA
[02:42:09] [175/324] MYTK
[02:42:10] [176/324] INZS
[02:42:11] [177/324] RMIK
[02:42:11] [178/324] NYCH
[02:42:12] [179/324] RAVE
[02:42:13] [180/324] PSXM
[02:42:14] [181/324] MCGP
[02:42:15] [182/324] PDDK
[02:42:16] [183/324] SPCK
[02:42:16] [184/324] MCRL
[02:42:17] [185/324] MHKT
[02:42:18] [186/324] ANRR
[02:42:19] [187/324] SAPK
[02:42:20] [188/324] NCUK
[02:42:21] [189/324] JUGA
[02:42:22] [190/324] DBSC
[02:42:23] [191/324] LALK
[02:42:23] [192/324] GUCK
[02:42:24] [193/324] STSG
[02:42:25] [194/324] PPPZ
[02:42:26] [195/324] CNCY
[02:42:27] [196/324] MTAR
[02:42:27] [197/324] VNKD
[02:42:28] [198/324] KMAJ
[02:42:29] [199/324] ACXK
[02:42:30] [200/324] UTKC
[02:42:31] [201/324] PBLK
[02:42:32] [202/324] ACBX
[02:42:32] [203/324] PTGM
[02:42:33] [204/324] BTDA
[02:42:34] [205/324] PJMB
[02:42:35] [206/324] TPDA
[02:42:36] [207/324] AMOE
[02:42:36] [208/324] PRHT
[02:42:37] [209/324] PRTA
[02:42:38] [210/324] STAM
[02:42:39] [211/324] MSAA
[02:42:40] [212/324] SDLU
[02:42:41] [213/324] RCHH
[02:42:42] [214/324] KANT
[02:42:43] [215/324] FCRT
[02:42:44] [216/324] DNKM
[02:42:45] [217/324] RYCP
[02:42:46] [218/324] MYRP
[02:42:47] [219/324] PPAK
[02:42:48] [220/324] NVPK
[02:42:49] [221/324] PRMC
[02:42:50] [222/324] JBCS
[02:42:50] [223/324] GXCK
[02:42:52] [224/324] USKO
[02:42:53] [225/324] GTEM
[02:42:54] [226/324] SMBU
[02:42:54] [227/324] VETC
[02:42:56] [228/324] LCDA
[02:42:58] [229/324] MTVT
[02:42:59] [230/324] PYCP
[02:43:00] [231/324] PNSC
[02:43:00] [232/324] PPCC
[02:43:01] [233/324] TGRT
[02:43:02] [234/324] JYOT
[02:43:03] [235/324] SRCZ
[02:43:04] [236/324] SJTE
[02:43:05] [237/324] DESC
[02:43:06] [238/324] JHVN
[02:43:07] [239/324] IPSG
[02:43:08] [240/324] IPCM
[02:43:09] [241/324] PDRS
[02:43:11] [242/324] ANCV
[02:43:12] [243/324] CMVV
[02:43:13] [244/324] SHYP
[02:43:14] [245/324] DNCS
[02:43:15] [246/324] GAJK
[02:43:16] [247/324] AKTN
[02:43:17] [248/324] KAYA
[02:43:18] [249/324] SBRC
[02:43:19] [250/324] CHTP
[02:43:20] [251/324] SHRT
[02:43:21] [252/324] BCKU
[02:43:22] [253/324] FCPS
[02:43:22] [254/324] ARDD
[02:43:24] [255/324] CPCM
[02:43:25] [256/324] CGSM
[02:43:26] [257/324] PSMP
[02:43:27] [258/324] SDAL
[02:43:28] [259/324] RTNB
[02:43:29] [260/324] LMCR
[02:43:31] [261/324] CIMA
[02:43:32] [262/324] RNAS
[02:43:32] [263/324] LITH
[02:43:33] [264/324] PBOX
[02:43:34] [265/324] FRTS
[02:43:35] [266/324] RKIC
[02:43:36] [267/324] PTAI
[02:43:37] [268/324] GCIC
[02:43:38] [269/324] FNAS
[02:43:39] [270/324] SCAR
[02:43:40] [271/324] MTCA
[02:43:40] [272/324] SCTS
[02:43:41] [273/324] SYCS
[02:43:42] [274/324] RDMS
[02:43:43] [275/324] KAMP
[02:43:44] [276/324] ERSD
[02:43:45] [277/324] MJMJ
[02:43:45] [278/324] SRCJ
[02:43:46] [279/324] SCXE
[02:43:48] [280/324] SVFR
[02:43:50] [281/324] BHCS
[02:43:51] [282/324] IMCC
[02:43:52] [283/324] PCBO
[02:43:54] [284/324] PRVN
[02:43:55] [285/324] AUPM
[02:43:56] [286/324] INBW
[02:43:57] [287/324] SVCW
[02:43:57] [288/324] RKCF
[02:43:58] [289/324] UVBH
[02:43:59] [290/324] DNCY
[02:44:00] [291/324] ABCN
[02:44:01] [292/324] PRUR
[02:44:02] [293/324] PFMR
[02:44:04] [294/324] RKCN
[02:44:05] [295/324] CFEA
[02:44:05] [296/324] SDBG
[02:44:06] [297/324] SNAR
[02:44:07] [298/324] YISI
[02:44:08] [299/324] JCFF
[02:44:09] [300/324] VTRK
[02:44:10] [301/324] PCLZ
[02:44:11] [302/324] DIMY
[02:44:12] [303/324] BBTS
[02:44:13] [304/324] GATH
[02:44:14] [305/324] GTMN
[02:44:16] [306/324] VTMH
[02:44:16] [307/324] CCKP
[02:44:17] [308/324] GPKA
[02:44:19] [309/324] MHCL
[02:44:20] [310/324] ATCL
[02:44:21] [311/324] SBCK
[02:44:21] [312/324] AMMR
[02:44:22] [313/324] MADC
[02:44:23] [314/324] TMMA
[02:44:24] [315/324] CACC
[02:44:25] [316/324] CHAL
[02:44:26] [317/324] DURG
[02:44:27] [318/324] GMKU
[02:44:28] [319/324] GECA
[02:44:29] [320/324] KYRR
[02:44:30] [321/324] KSDE
[02:44:31] [322/324] LMCI
[02:44:32] [323/324] NKCP
[02:44:33] [324/324] BGTC
[02:44:33] 🧹 Deduping shows
[02:44:33] ✅ DONE | Shows=1427 | Movies=62
