[02:41:00] 🚀 SCRIPT STARTED
[02:41:00] [1/459] NECA
[02:41:00] 🧠 New identity created
[02:41:01] [2/459] BJLC
[02:41:02] [3/459] BASU
[02:41:03] [4/459] RUPI
[02:41:04] [5/459] LCBK
[02:41:05] [6/459] PMAC
[02:41:06] [7/459] AMLC
[02:41:06] [8/459] LICL
[02:41:07] [9/459] UDMM
[02:41:08] [10/459] STBZ
[02:41:09] [11/459] UUBT
[02:41:10] [12/459] SJKC
[02:41:11] [13/459] TUAL
[02:41:12] [14/459] MRSE
[02:41:13] [15/459] RMRK
[02:41:13] [16/459] TTKP
[02:41:14] [17/459] KTKO
[02:41:15] [18/459] SDBK
[02:41:16] [19/459] MCPR
[02:41:18] [20/459] CHTI
[02:41:19] [21/459] GCCP
[02:41:19] [22/459] SRMY
[02:41:20] [23/459] NYST
[02:41:21] [24/459] NYAG
[02:41:22] [25/459] SBMT
[02:41:23] [26/459] INGA
[02:41:24] [27/459] WSIC
[02:41:24] [28/459] SCSS
[02:41:25] [29/459] COPG
[02:41:26] [30/459] RCGR
[02:41:27] [31/459] TCZA
[02:41:28] [32/459] CNLP
[02:41:29] [33/459] CLKN
[02:41:29] [34/459] LHDF
[02:41:30] [35/459] ELKC
[02:41:31] [36/459] VCEM
[02:41:33] [37/459] SSZA
[02:41:33] [38/459] KRMT
[02:41:34] [39/459] LCMV
[02:41:35] [40/459] AYCZ
[02:41:36] [41/459] CUMS
[02:41:37] [42/459] BOCK
[02:41:38] [43/459] PNMR
[02:41:39] [44/459] PJCP
[02:41:41] [45/459] JDDD
[02:41:41] [46/459] STMS
[02:41:42] [47/459] FLMB
[02:41:43] [48/459] PKCM
[02:41:44] [49/459] SPPR
[02:41:45] [50/459] EYLH
[02:41:46] [51/459] RJCC
[02:41:46] [52/459] MMPS
[02:41:48] [53/459] SHMX
[02:41:49] [54/459] CCNL
[02:41:49] [55/459] RCNV
[02:41:50] [56/459] MAAG
[02:41:51] [57/459] LXCM
[02:41:52] [58/459] RCNI
[02:41:53] [59/459] SNNI
[02:41:54] [60/459] LALC
[02:41:55] [61/459] SOCN
[02:41:56] [62/459] JHTP
[02:41:56] [63/459] PITP
[02:41:57] [64/459] CCKW
[02:41:58] [65/459] MCMC
[02:41:59] [66/459] DEES
[02:42:00] [67/459] SABT
[02:42:01] [68/459] VSPP
[02:42:01] [69/459] ABCT
[02:42:02] [70/459] JVTB
[02:42:03] [71/459] VCBD
[02:42:04] [72/459] RMGG
[02:42:04] [73/459] RNMH
[02:42:05] [74/459] SPGL
[02:42:06] [75/459] JTTR
[02:42:07] [76/459] SICS
[02:42:08] [77/459] SRMI
[02:42:09] [78/459] SSIJ
[02:42:10] [79/459] KFMT
[02:42:11] [80/459] VBIT
[02:42:12] [81/459] JKCT
[02:42:13] [82/459] GCGP
[02:42:14] [83/459] GDCS
[02:42:15] [84/459] TRBA
[02:42:15] [85/459] QUST
[02:42:16] [86/459] VSHM
[02:42:17] [87/459] SDCP
[02:42:19] [88/459] SNVS
[02:42:20] [89/459] NYTO
[02:42:21] [90/459] URWC
[02:42:22] [91/459] GTWH
[02:42:23] [92/459] PFCM
[02:42:24] [93/459] KRTA
[02:42:24] [94/459] AXMC
[02:42:26] [95/459] EVMC
[02:42:27] [96/459] HGSM
[02:42:27] [97/459] ACVM
[02:42:28] [98/459] PSKL
[02:42:29] [99/459] RDMP
[02:42:30] [100/459] RHGH
[02:42:31] [101/459] OMCM
[02:42:31] [102/459] DCCP
[02:42:32] [103/459] MCPB
[02:42:33] [104/459] ALCI
[02:42:34] [105/459] BLMX
[02:42:34] [106/459] BTMV
[02:42:36] [107/459] FVPN
[02:42:37] [108/459] CMAR
[02:42:37] [109/459] CEIM
[02:42:38] [110/459] CMVA
[02:42:39] [111/459] CPIV
[02:42:40] [112/459] CNPE
[02:42:41] [113/459] COLV
[02:42:42] [114/459] DNNV
[02:42:43] [115/459] HCAD
[02:42:43] [116/459] TAKA
[02:42:44] [117/459] INVD
[02:42:45] [118/459] IRMM
[02:42:47] [119/459] INSE
[02:42:48] [120/459] MRSW
[02:42:49] [121/459] MCVD
[02:42:49] [122/459] MCSO
[02:42:50] [123/459] PEVM
[02:42:51] [124/459] PVNL
[02:42:51] [125/459] PTCV
[02:42:52] [126/459] PRTC
[02:42:53] [127/459] RCVA
[02:42:55] [128/459] MTBN
[02:42:56] [129/459] LUCP
[02:42:57] [130/459] FMPT
[02:42:58] [131/459] JLSL
[02:42:59] [132/459] SBHA
[02:43:00] [133/459] SHRC
[02:43:00] [134/459] AVPS
[02:43:01] [135/459] STPM
[02:43:02] [136/459] ATRD
[02:43:03] [137/459] VTED
[02:43:04] [138/459] ACAI
[02:43:05] [139/459] SMAE
[02:43:05] [140/459] VMAT
[02:43:06] [141/459] LKCT
[02:43:07] [142/459] JTVK
[02:43:08] [143/459] PRTY
[02:43:10] [144/459] GETT
[02:43:10] [145/459] ESAP
[02:43:12] [146/459] NCPM
[02:43:13] [147/459] PCPA
[02:43:13] [148/459] MMOM
[02:43:14] [149/459] PHUP
[02:43:15] [150/459] CCPI
[02:43:16] [151/459] CNTD
[02:43:17] [152/459] NLJR
[02:43:18] [153/459] SRNG
[02:43:19] [154/459] MHAL
[02:43:20] [155/459] PNSM
[02:43:21] [156/459] DRMY
[02:43:22] [157/459] CCMU
[02:43:23] [158/459] SCMY
[02:43:24] [159/459] PVSY
[02:43:24] [160/459] SDLM
[02:43:25] [161/459] ICCM
[02:43:26] [162/459] PYSU
[02:43:27] [163/459] GATM
[02:43:28] [164/459] WOTM
[02:43:28] [165/459] RKTS
[02:43:29] [166/459] PMTY
[02:43:30] [167/459] LYMS
[02:43:31] [168/459] TGCA
[02:43:32] [169/459] DSTA
[02:43:33] [170/459] CNGE
[02:43:34] [171/459] VSTG
[02:43:35] [172/459] GTCK
[02:43:35] [173/459] TGNT
[02:43:36] [174/459] ASLC
[02:43:37] [175/459] SSST
[02:43:38] [176/459] KBTT
[02:43:39] [177/459] HKCP
[02:43:39] [178/459] SWLC
[02:43:41] [179/459] RTND
[02:43:42] [180/459] PKKT
[02:43:43] [181/459] HSTK
[02:43:45] [182/459] SPTT
[02:43:46] [183/459] IMPM
[02:43:47] [184/459] SCMV
[02:43:47] [185/459] SPCT
[02:43:49] [186/459] JBCA
[02:43:50] [187/459] ATTR
[02:43:51] [188/459] SPMT
[02:43:51] [189/459] LCTM
[02:43:52] [190/459] SCVL
[02:43:53] [191/459] SCVT
[02:43:54] [192/459] KRIC
[02:43:55] [193/459] CTMG
[02:43:55] [194/459] ACNC
[02:43:56] [195/459] DMCK
[02:43:57] [196/459] KMTV
[02:43:58] [197/459] PFCJ
[02:43:58] [198/459] VNMD
[02:43:59] [199/459] VPCZ
[02:44:00] [200/459] SRYR
[02:44:01] [201/459] SYTR
[02:44:02] [202/459] GATR
[02:44:03] [203/459] URTR
[02:44:03] [204/459] MKSM
[02:44:04] [205/459] VSMH
[02:44:05] [206/459] SKRJ
[02:44:06] [207/459] SSJR
[02:44:08] [208/459] SVSM
[02:44:08] [209/459] RUCM
[02:44:09] [210/459] PRKN
[02:44:10] [211/459] RROH
[02:44:11] [212/459] SCTN
[02:44:11] [213/459] RTDM
[02:44:12] [214/459] ASRM
[02:44:13] [215/459] SKMD
[02:44:14] [216/459] SUTD
[02:44:15] [217/459] SADM
[02:44:15] [218/459] WCNR
[02:44:16] [219/459] CNED
[02:44:18] [220/459] MPDB
[02:44:18] [221/459] KTBH
[02:44:19] [222/459] IDRM
[02:44:20] [223/459] PJJT
[02:44:21] [224/459] PFCV
[02:44:22] [225/459] AACT
[02:44:23] [226/459] AAAD
[02:44:24] [227/459] ANES
[02:44:25] [228/459] MNCA
[02:44:25] [229/459] RMGU
[02:44:26] [230/459] DLCN
[02:44:27] [231/459] LJWT
[02:44:28] [232/459] MCBG
[02:44:29] [233/459] MYBG
[02:44:29] [234/459] GCCA
[02:44:30] [235/459] GCGA
[02:44:31] [236/459] ECGN
[02:44:32] [237/459] PRAB
[02:44:33] [238/459] PNMP
[02:44:34] [239/459] GCPT
[02:44:35] [240/459] ROYN
[02:44:36] [241/459] VATM
[02:44:36] [242/459] KSNT
[02:44:37] [243/459] ACTC
[02:44:38] [244/459] PLTD
[02:44:39] [245/459] SKMK
[02:44:40] [246/459] CMTT
[02:44:41] [247/459] SMXP
[02:44:41] [248/459] SCMX
[02:44:42] [249/459] ACXN
[02:44:43] [250/459] ASWT
[02:44:45] [251/459] VVVL
[02:44:46] [252/459] NAGO
[02:44:47] [253/459] SNCN
[02:44:47] [254/459] MCKP
[02:44:48] [255/459] SAMO
[02:44:49] [256/459] JBTV
[02:44:50] [257/459] DCVV
[02:44:51] [258/459] KMSV
[02:44:52] [259/459] KDCN
[02:44:53] [260/459] CNCP
[02:44:54] [261/459] HAMC
[02:44:54] [262/459] CCVZ
[02:44:55] [263/459] NCCK
[02:44:56] [264/459] MCHR
[02:44:57] [265/459] SCHT
[02:44:58] [266/459] ESSH
[02:44:59] [267/459] CUJC
[02:44:59] [268/459] PECP
[02:45:00] [269/459] PMMI
[02:45:01] [270/459] PCCH
[02:45:02] [271/459] PRPM
[02:45:03] [272/459] PVKL
[02:45:04] [273/459] CBSM
[02:45:05] [274/459] PVCZ
[02:45:05] [275/459] PCVV
[02:45:06] [276/459] CTMJ
[02:45:07] [277/459] RCPS
[02:45:08] [278/459] PCIT
[02:45:09] [279/459] FNCH
[02:45:10] [280/459] INZD
[02:45:11] [281/459] INPC
[02:45:12] [282/459] LCZP
[02:45:12] [283/459] SMCB
[02:45:14] [284/459] PTSB
[02:45:15] [285/459] TPSI
[02:45:16] [286/459] KHMJ
[02:45:16] [287/459] RCCJ
[02:45:18] [288/459] NCJA
[02:45:19] [289/459] NCJN
[02:45:20] [290/459] BTDP
[02:45:21] [291/459] PADY
[02:45:22] [292/459] NYBH
[02:45:23] [293/459] MTBR
[02:45:24] [294/459] KRBC
[02:45:25] [295/459] DKTI
[02:45:25] [296/459] ANAN
[02:45:26] [297/459] INBP
[02:45:27] [298/459] PATB
[02:45:28] [299/459] RGNT
[02:45:29] [300/459] CGPM
[02:45:30] [301/459] INTN
[02:45:31] [302/459] MCMP
[02:45:31] [303/459] ASRG
[02:45:32] [304/459] CXJD
[02:45:33] [305/459] SPCP
[02:45:34] [306/459] CSTP
[02:45:35] [307/459] PKVC
[02:45:37] [308/459] ESCP
[02:45:38] [309/459] CAEP
[02:45:38] [310/459] CCSP
[02:45:40] [311/459] KTPC
[02:45:41] [312/459] DACA
[02:45:42] [313/459] NVKY
[02:45:43] [314/459] PTIN
[02:45:44] [315/459] SCIN
[02:45:45] [316/459] MCTY
[02:45:45] [317/459] PCMX
[02:45:46] [318/459] INIC
[02:45:47] [319/459] MMZM
[02:45:48] [320/459] SSLP
[02:45:48] [321/459] DTDT
[02:45:49] [322/459] FFCX
[02:45:50] [323/459] RCMM
[02:45:51] [324/459] KYID
[02:45:51] [325/459] CSCI
[02:45:52] [326/459] FCMC
[02:45:53] [327/459] MMXI
[02:45:54] [328/459] ASTC
[02:45:55] [329/459] CMRA
[02:45:56] [330/459] DICI
[02:45:57] [331/459] KDIN
[02:45:58] [332/459] PRFI
[02:45:59] [333/459] SVFC
[02:45:59] [334/459] UCPL
[02:46:00] [335/459] COOC
[02:46:01] [336/459] SCAL
[02:46:02] [337/459] SVFF
[02:46:03] [338/459] VCMG
[02:46:04] [339/459] UUCT
[02:46:05] [340/459] GCSE
[02:46:06] [341/459] SUSC
[02:46:07] [342/459] MISC
[02:46:08] [343/459] RMBL
[02:46:09] [344/459] CMXN
[02:46:10] [345/459] PVBK
[02:46:10] [346/459] HHCG
[02:46:11] [347/459] SCAG
[02:46:12] [348/459] CNPR
[02:46:14] [349/459] CSER
[02:46:14] [350/459] HLWD
[02:46:15] [351/459] BOLY
[02:46:16] [352/459] SSPG
[02:46:17] [353/459] MUPX
[02:46:18] [354/459] HAMR
[02:46:19] [355/459] SDNC
[02:46:19] [356/459] RTEN
[02:46:20] [357/459] SDTD
[02:46:21] [358/459] KAWS
[02:46:23] [359/459] CMZX
[02:46:24] [360/459] DCDD
[02:46:25] [361/459] ALSN
[02:46:26] [362/459] IMXS
[02:46:26] [363/459] PVFF
[02:46:27] [364/459] PVOO
[02:46:29] [365/459] CFBS
[02:46:30] [366/459] PVER
[02:46:30] [367/459] PPNX
[02:46:31] [368/459] CNRM
[02:46:32] [369/459] PVWW
[02:46:33] [370/459] INMB
[02:46:33] [371/459] CPJR
[02:46:34] [372/459] INRZ
[02:46:35] [373/459] PMSR
[02:46:36] [374/459] GPGM
[02:46:37] [375/459] PGWB
[02:46:37] [376/459] PMBR
[02:46:38] [377/459] GPAM
[02:46:39] [378/459] INBC
[02:46:40] [379/459] PZVK
[02:46:40] [380/459] CPEB
[02:46:41] [381/459] FMLB
[02:46:42] [382/459] INBG
[02:46:43] [383/459] GPBR
[02:46:44] [384/459] PAAS
[02:46:45] [385/459] VTBR
[02:46:46] [386/459] GPMY
[02:46:47] [387/459] GYBU
[02:46:48] [388/459] INBJ
[02:46:48] [389/459] LKTH
[02:46:49] [390/459] NSBR
[02:46:50] [391/459] PDRD
[02:46:51] [392/459] VRBL
[02:46:51] [393/459] VTGB
[02:46:53] [394/459] VTSK
[02:46:54] [395/459] BKDV
[02:46:55] [396/459] SVTB
[02:46:56] [397/459] MLDT
[02:46:56] [398/459] NRBL
[02:46:58] [399/459] SLTR
[02:46:58] [400/459] VNKA
[02:46:59] [401/459] TDCA
[02:47:00] [402/459] INBM
[02:47:01] [403/459] SSNR
[02:47:02] [404/459] BHAC
[02:47:04] [405/459] SDSD
[02:47:04] [406/459] SAMP
[02:47:05] [407/459] RATK
[02:47:06] [408/459] KCBI
[02:47:07] [409/459] URBL
[02:47:08] [410/459] MKBG
[02:47:09] [411/459] ASTB
[02:47:10] [412/459] VBWT
[02:47:11] [413/459] GPSM
[02:47:12] [414/459] ROON
[02:47:12] [415/459] CHTH
[02:47:13] [416/459] SSPA
[02:47:14] [417/459] ANBL
[02:47:15] [418/459] VTBE
[02:47:16] [419/459] SVKT
[02:47:16] [420/459] SVYK
[02:47:17] [421/459] PTBK
[02:47:18] [422/459] RKTB
[02:47:19] [423/459] BALT
[02:47:20] [424/459] STSV
[02:47:21] [425/459] VCCB
[02:47:21] [426/459] SLTB
[02:47:22] [427/459] SBCR
[02:47:23] [428/459] VDCS
[02:47:24] [429/459] MDKI
[02:47:25] [430/459] SMRN
[02:47:26] [431/459] PTBC
[02:47:27] [432/459] RADI
[02:47:28] [433/459] ADCR
[02:47:29] [434/459] SDCS
[02:47:29] [435/459] SRPJ
[02:47:31] [436/459] ARTS
[02:47:32] [437/459] SRHK
[02:47:33] [438/459] SPAY
[02:47:34] [439/459] GPTB
[02:47:35] [440/459] SNNN
[02:47:35] [441/459] BALJ
[02:47:36] [442/459] TRIG
[02:47:37] [443/459] GTYT
[02:47:38] [444/459] ATGN
[02:47:39] [445/459] ANTE
[02:47:40] [446/459] BDCG
[02:47:41] [447/459] VECI
[02:47:42] [448/459] SCPR
[02:47:43] [449/459] RTEA
[02:47:44] [450/459] JSAI
[02:47:45] [451/459] VJTP
[02:47:46] [452/459] GNDS
[02:47:46] [453/459] PAXA
[02:47:47] [454/459] CGGM
[02:47:48] [455/459] ACKZ
[02:47:49] [456/459] EMCC
[02:47:50] [457/459] KLSK
[02:47:50] [458/459] AVCK
[02:47:52] [459/459] JTCK
[02:47:53] 🧹 Deduping shows
[02:47:53] ✅ DONE | Shows=4115 | Movies=84
[04:41:54] 🚀 SCRIPT STARTED
[04:41:54] [1/459] NECA
[04:41:54] 🧠 New identity created
[04:41:55] [2/459] BJLC
[04:41:56] [3/459] BASU
[04:41:57] [4/459] RUPI
[04:41:58] [5/459] LCBK
[04:41:58] [6/459] PMAC
[04:41:59] [7/459] AMLC
[04:42:00] [8/459] LICL
[04:42:01] [9/459] UDMM
[04:42:02] [10/459] STBZ
[04:42:03] [11/459] UUBT
[04:42:04] [12/459] SJKC
[04:42:05] [13/459] TUAL
[04:42:06] [14/459] MRSE
[04:42:07] [15/459] RMRK
[04:42:07] [16/459] TTKP
[04:42:09] [17/459] KTKO
[04:42:10] [18/459] SDBK
[04:42:11] [19/459] MCPR
[04:42:11] [20/459] CHTI
[04:42:12] [21/459] GCCP
[04:42:13] [22/459] SRMY
[04:42:14] [23/459] NYST
[04:42:15] [24/459] NYAG
[04:42:16] [25/459] SBMT
[04:42:17] [26/459] INGA
[04:42:18] [27/459] WSIC
[04:42:19] [28/459] SCSS
[04:42:20] [29/459] COPG
[04:42:20] [30/459] RCGR
[04:42:21] [31/459] TCZA
[04:42:22] [32/459] CNLP
[04:42:23] [33/459] CLKN
[04:42:24] [34/459] LHDF
[04:42:25] [35/459] ELKC
[04:42:26] [36/459] VCEM
[04:42:26] [37/459] SSZA
[04:42:27] [38/459] KRMT
[04:42:28] [39/459] LCMV
[04:42:29] [40/459] AYCZ
[04:42:30] [41/459] CUMS
[04:42:31] [42/459] BOCK
[04:42:31] [43/459] PNMR
[04:42:32] [44/459] PJCP
[04:42:33] [45/459] JDDD
[04:42:34] [46/459] STMS
[04:42:35] [47/459] FLMB
[04:42:36] [48/459] PKCM
[04:42:36] [49/459] SPPR
[04:42:37] [50/459] EYLH
[04:42:38] [51/459] RJCC
[04:42:40] [52/459] MMPS
[04:42:40] [53/459] SHMX
[04:42:41] [54/459] CCNL
[04:42:42] [55/459] RCNV
[04:42:43] [56/459] MAAG
[04:42:44] [57/459] LXCM
[04:42:45] [58/459] RCNI
[04:42:45] [59/459] SNNI
[04:42:46] [60/459] LALC
[04:42:47] [61/459] SOCN
[04:42:48] [62/459] JHTP
[04:42:49] [63/459] PITP
[04:42:50] [64/459] CCKW
[04:42:51] [65/459] MCMC
[04:42:52] [66/459] DEES
[04:42:53] [67/459] SABT
[04:42:54] [68/459] VSPP
[04:42:55] [69/459] ABCT
[04:42:56] [70/459] JVTB
[04:42:56] [71/459] VCBD
[04:42:58] [72/459] RMGG
[04:42:59] [73/459] RNMH
[04:43:00] [74/459] SPGL
[04:43:00] [75/459] JTTR
[04:43:02] [76/459] SICS
[04:43:02] [77/459] SRMI
[04:43:03] [78/459] SSIJ
[04:43:04] [79/459] KFMT
[04:43:05] [80/459] VBIT
[04:43:06] [81/459] JKCT
[04:43:07] [82/459] GCGP
[04:43:08] [83/459] GDCS
[04:43:09] [84/459] TRBA
[04:43:10] [85/459] QUST
[04:43:11] [86/459] VSHM
[04:43:11] [87/459] SDCP
[04:43:12] [88/459] SNVS
[04:43:13] [89/459] NYTO
[04:43:14] [90/459] URWC
[04:43:15] [91/459] GTWH
[04:43:16] [92/459] PFCM
[04:43:17] [93/459] KRTA
[04:43:17] [94/459] AXMC
[04:43:18] [95/459] EVMC
[04:43:19] [96/459] HGSM
[04:43:20] [97/459] ACVM
[04:43:21] [98/459] PSKL
[04:43:22] [99/459] RDMP
[04:43:23] [100/459] RHGH
[04:43:23] [101/459] OMCM
[04:43:24] [102/459] DCCP
[04:43:25] [103/459] MCPB
[04:43:26] [104/459] ALCI
[04:43:27] [105/459] BLMX
[04:43:28] [106/459] BTMV
[04:43:28] [107/459] FVPN
[04:43:29] [108/459] CMAR
[04:43:30] [109/459] CEIM
[04:43:31] [110/459] CMVA
[04:43:32] [111/459] CPIV
[04:43:32] [112/459] CNPE
[04:43:33] [113/459] COLV
[04:43:34] [114/459] DNNV
[04:43:35] [115/459] HCAD
[04:43:36] [116/459] TAKA
[04:43:36] [117/459] INVD
[04:43:37] [118/459] IRMM
[04:43:38] [119/459] INSE
[04:43:39] [120/459] MRSW
[04:43:40] [121/459] MCVD
[04:43:42] [122/459] MCSO
[04:43:43] [123/459] PEVM
[04:43:44] [124/459] PVNL
[04:43:45] [125/459] PTCV
[04:43:46] [126/459] PRTC
[04:43:47] [127/459] RCVA
[04:43:48] [128/459] MTBN
[04:43:49] [129/459] LUCP
[04:43:49] [130/459] FMPT
[04:43:50] [131/459] JLSL
[04:43:51] [132/459] SBHA
[04:43:52] [133/459] SHRC
[04:43:53] [134/459] AVPS
[04:43:54] [135/459] STPM
[04:43:54] [136/459] ATRD
[04:43:55] [137/459] VTED
[04:43:57] [138/459] ACAI
[04:43:58] [139/459] SMAE
[04:43:59] [140/459] VMAT
[04:43:59] [141/459] LKCT
[04:44:00] [142/459] JTVK
[04:44:01] [143/459] PRTY
[04:44:03] [144/459] GETT
[04:44:03] [145/459] ESAP
[04:44:04] [146/459] NCPM
[04:44:05] [147/459] PCPA
[04:44:06] [148/459] MMOM
[04:44:06] [149/459] PHUP
[04:44:07] [150/459] CCPI
[04:44:08] [151/459] CNTD
[04:44:09] [152/459] NLJR
[04:44:10] [153/459] SRNG
[04:44:11] [154/459] MHAL
[04:44:11] [155/459] PNSM
[04:44:12] [156/459] DRMY
[04:44:13] [157/459] CCMU
[04:44:14] [158/459] SCMY
[04:44:15] [159/459] PVSY
[04:44:16] [160/459] SDLM
[04:44:16] [161/459] ICCM
[04:44:18] [162/459] PYSU
[04:44:18] [163/459] GATM
[04:44:20] [164/459] WOTM
[04:44:21] [165/459] RKTS
[04:44:22] [166/459] PMTY
[04:44:23] [167/459] LYMS
[04:44:24] [168/459] TGCA
[04:44:24] [169/459] DSTA
[04:44:25] [170/459] CNGE
[04:44:26] [171/459] VSTG
[04:44:27] [172/459] GTCK
[04:44:28] [173/459] TGNT
[04:44:28] [174/459] ASLC
[04:44:29] [175/459] SSST
[04:44:30] [176/459] KBTT
[04:44:31] [177/459] HKCP
[04:44:31] [178/459] SWLC
[04:44:32] [179/459] RTND
[04:44:33] [180/459] PKKT
[04:44:34] [181/459] HSTK
[04:44:35] [182/459] SPTT
[04:44:35] [183/459] IMPM
[04:44:36] [184/459] SCMV
[04:44:37] [185/459] SPCT
[04:44:37] [186/459] JBCA
[04:44:38] [187/459] ATTR
[04:44:39] [188/459] SPMT
[04:44:40] [189/459] LCTM
[04:44:41] [190/459] SCVL
[04:44:42] [191/459] SCVT
[04:44:43] [192/459] KRIC
[04:44:43] [193/459] CTMG
[04:44:45] [194/459] ACNC
[04:44:46] [195/459] DMCK
[04:44:47] [196/459] KMTV
[04:44:47] [197/459] PFCJ
[04:44:48] [198/459] VNMD
[04:44:49] [199/459] VPCZ
[04:44:50] [200/459] SRYR
[04:44:50] [201/459] SYTR
[04:44:51] [202/459] GATR
[04:44:52] [203/459] URTR
[04:44:53] [204/459] MKSM
[04:44:54] [205/459] VSMH
[04:44:55] [206/459] SKRJ
[04:44:55] [207/459] SSJR
[04:44:56] [208/459] SVSM
[04:44:57] [209/459] RUCM
[04:44:58] [210/459] PRKN
[04:44:59] [211/459] RROH
[04:45:00] [212/459] SCTN
[04:45:01] [213/459] RTDM
[04:45:02] [214/459] ASRM
[04:45:02] [215/459] SKMD
[04:45:04] [216/459] SUTD
[04:45:05] [217/459] SADM
[04:45:06] [218/459] WCNR
[04:45:07] [219/459] CNED
[04:45:07] [220/459] MPDB
[04:45:08] [221/459] KTBH
[04:45:09] [222/459] IDRM
[04:45:10] [223/459] PJJT
[04:45:11] [224/459] PFCV
[04:45:12] [225/459] AACT
[04:45:13] [226/459] AAAD
[04:45:14] [227/459] ANES
[04:45:14] [228/459] MNCA
[04:45:15] [229/459] RMGU
[04:45:16] [230/459] DLCN
[04:45:17] [231/459] LJWT
[04:45:18] [232/459] MCBG
[04:45:19] [233/459] MYBG
[04:45:19] [234/459] GCCA
[04:45:20] [235/459] GCGA
[04:45:21] [236/459] ECGN
[04:45:22] [237/459] PRAB
[04:45:23] [238/459] PNMP
[04:45:24] [239/459] GCPT
[04:45:24] [240/459] ROYN
[04:45:25] [241/459] VATM
[04:45:26] [242/459] KSNT
[04:45:27] [243/459] ACTC
[04:45:28] [244/459] PLTD
[04:45:29] [245/459] SKMK
[04:45:30] [246/459] CMTT
[04:45:31] [247/459] SMXP
[04:45:32] [248/459] SCMX
[04:45:32] [249/459] ACXN
[04:45:33] [250/459] ASWT
[04:45:34] [251/459] VVVL
[04:45:35] [252/459] NAGO
[04:45:36] [253/459] SNCN
[04:45:37] [254/459] MCKP
[04:45:37] [255/459] SAMO
[04:45:38] [256/459] JBTV
[04:45:39] [257/459] DCVV
[04:45:40] [258/459] KMSV
[04:45:41] [259/459] KDCN
[04:45:42] [260/459] CNCP
[04:45:42] [261/459] HAMC
[04:45:43] [262/459] CCVZ
[04:45:44] [263/459] NCCK
[04:45:45] [264/459] MCHR
[04:45:47] [265/459] SCHT
[04:45:48] [266/459] ESSH
[04:45:48] [267/459] CUJC
[04:45:49] [268/459] PECP
[04:45:50] [269/459] PMMI
[04:45:50] [270/459] PCCH
[04:45:51] [271/459] PRPM
[04:45:52] [272/459] PVKL
[04:45:53] [273/459] CBSM
[04:45:54] [274/459] PVCZ
[04:45:55] [275/459] PCVV
[04:45:55] [276/459] CTMJ
[04:45:56] [277/459] RCPS
[04:45:57] [278/459] PCIT
[04:45:58] [279/459] FNCH
[04:45:59] [280/459] INZD
[04:45:59] [281/459] INPC
[04:46:00] [282/459] LCZP
[04:46:01] [283/459] SMCB
[04:46:02] [284/459] PTSB
[04:46:03] [285/459] TPSI
[04:46:04] [286/459] KHMJ
[04:46:05] [287/459] RCCJ
[04:46:05] [288/459] NCJA
[04:46:06] [289/459] NCJN
[04:46:07] [290/459] BTDP
[04:46:08] [291/459] PADY
[04:46:09] [292/459] NYBH
[04:46:11] [293/459] MTBR
[04:46:11] [294/459] KRBC
[04:46:13] [295/459] DKTI
[04:46:14] [296/459] ANAN
[04:46:15] [297/459] INBP
[04:46:15] [298/459] PATB
[04:46:16] [299/459] RGNT
[04:46:17] [300/459] CGPM
[04:46:18] [301/459] INTN
[04:46:19] [302/459] MCMP
[04:46:20] [303/459] ASRG
[04:46:21] [304/459] CXJD
[04:46:22] [305/459] SPCP
[04:46:23] [306/459] CSTP
[04:46:24] [307/459] PKVC
[04:46:25] [308/459] ESCP
[04:46:26] [309/459] CAEP
[04:46:27] [310/459] CCSP
[04:46:27] [311/459] KTPC
[04:46:28] [312/459] DACA
[04:46:29] [313/459] NVKY
[04:46:30] [314/459] PTIN
[04:46:31] [315/459] SCIN
[04:46:32] [316/459] MCTY
[04:46:34] [317/459] PCMX
[04:46:34] [318/459] INIC
[04:46:35] [319/459] MMZM
[04:46:36] [320/459] SSLP
[04:46:37] [321/459] DTDT
[04:46:38] [322/459] FFCX
[04:46:39] [323/459] RCMM
[04:46:40] [324/459] KYID
[04:46:40] [325/459] CSCI
[04:46:41] [326/459] FCMC
[04:46:42] [327/459] MMXI
[04:46:43] [328/459] ASTC
[04:46:44] [329/459] CMRA
[04:46:45] [330/459] DICI
[04:46:45] [331/459] KDIN
[04:46:46] [332/459] PRFI
[04:46:47] [333/459] SVFC
[04:46:48] [334/459] UCPL
[04:46:49] [335/459] COOC
[04:46:50] [336/459] SCAL
[04:46:50] [337/459] SVFF
[04:46:51] [338/459] VCMG
[04:46:52] [339/459] UUCT
[04:46:53] [340/459] GCSE
[04:46:53] [341/459] SUSC
[04:46:55] [342/459] MISC
[04:46:55] [343/459] RMBL
[04:46:56] [344/459] CMXN
[04:46:57] [345/459] PVBK
[04:46:58] [346/459] HHCG
[04:46:59] [347/459] SCAG
[04:47:00] [348/459] CNPR
[04:47:00] [349/459] CSER
[04:47:01] [350/459] HLWD
[04:47:02] [351/459] BOLY
[04:47:03] [352/459] SSPG
[04:47:03] [353/459] MUPX
[04:47:04] [354/459] HAMR
[04:47:05] [355/459] SDNC
[04:47:06] [356/459] RTEN
[04:47:07] [357/459] SDTD
[04:47:07] [358/459] KAWS
[04:47:08] [359/459] CMZX
[04:47:09] [360/459] DCDD
[04:47:10] [361/459] ALSN
[04:47:11] [362/459] IMXS
[04:47:12] [363/459] PVFF
[04:47:13] [364/459] PVOO
[04:47:14] [365/459] CFBS
[04:47:15] [366/459] PVER
[04:47:16] [367/459] PPNX
[04:47:16] [368/459] CNRM
[04:47:17] [369/459] PVWW
[04:47:18] [370/459] INMB
[04:47:19] [371/459] CPJR
[04:47:20] [372/459] INRZ
[04:47:21] [373/459] PMSR
[04:47:22] [374/459] GPGM
[04:47:23] [375/459] PGWB
[04:47:24] [376/459] PMBR
[04:47:24] [377/459] GPAM
[04:47:25] [378/459] INBC
[04:47:26] [379/459] PZVK
[04:47:27] [380/459] CPEB
[04:47:28] [381/459] FMLB
[04:47:29] [382/459] INBG
[04:47:30] [383/459] GPBR
[04:47:31] [384/459] PAAS
[04:47:31] [385/459] VTBR
[04:47:33] [386/459] GPMY
[04:47:35] [387/459] GYBU
[04:47:36] [388/459] INBJ
[04:47:37] [389/459] LKTH
[04:47:38] [390/459] NSBR
[04:47:38] [391/459] PDRD
[04:47:39] [392/459] VRBL
[04:47:40] [393/459] VTGB
[04:47:41] [394/459] VTSK
[04:47:41] [395/459] BKDV
[04:47:42] [396/459] SVTB
[04:47:43] [397/459] MLDT
[04:47:44] [398/459] NRBL
[04:47:45] [399/459] SLTR
[04:47:46] [400/459] VNKA
[04:47:47] [401/459] TDCA
[04:47:48] [402/459] INBM
[04:47:49] [403/459] SSNR
[04:47:49] [404/459] BHAC
[04:47:50] [405/459] SDSD
[04:47:52] [406/459] SAMP
[04:47:53] [407/459] RATK
[04:47:54] [408/459] KCBI
[04:47:54] [409/459] URBL
[04:47:55] [410/459] MKBG
[04:47:56] [411/459] ASTB
[04:47:57] [412/459] VBWT
[04:47:58] [413/459] GPSM
[04:47:58] [414/459] ROON
[04:47:59] [415/459] CHTH
[04:48:00] [416/459] SSPA
[04:48:01] [417/459] ANBL
[04:48:02] [418/459] VTBE
[04:48:03] [419/459] SVKT
[04:48:04] [420/459] SVYK
[04:48:05] [421/459] PTBK
[04:48:05] [422/459] RKTB
[04:48:06] [423/459] BALT
[04:48:07] [424/459] STSV
[04:48:08] [425/459] VCCB
[04:48:09] [426/459] SLTB
[04:48:10] [427/459] SBCR
[04:48:11] [428/459] VDCS
[04:48:12] [429/459] MDKI
[04:48:13] [430/459] SMRN
[04:48:14] [431/459] PTBC
[04:48:15] [432/459] RADI
[04:48:16] [433/459] ADCR
[04:48:17] [434/459] SDCS
[04:48:18] [435/459] SRPJ
[04:48:18] [436/459] ARTS
[04:48:19] [437/459] SRHK
[04:48:20] [438/459] SPAY
[04:48:21] [439/459] GPTB
[04:48:21] [440/459] SNNN
[04:48:22] [441/459] BALJ
[04:48:23] [442/459] TRIG
[04:48:24] [443/459] GTYT
[04:48:25] [444/459] ATGN
[04:48:26] [445/459] ANTE
[04:48:26] [446/459] BDCG
[04:48:27] [447/459] VECI
[04:48:28] [448/459] SCPR
[04:48:29] [449/459] RTEA
[04:48:29] [450/459] JSAI
[04:48:30] [451/459] VJTP
[04:48:31] [452/459] GNDS
[04:48:32] [453/459] PAXA
[04:48:33] [454/459] CGGM
[04:48:34] [455/459] ACKZ
[04:48:34] [456/459] EMCC
[04:48:35] [457/459] KLSK
[04:48:36] [458/459] AVCK
[04:48:37] [459/459] JTCK
[04:48:38] 🧹 Deduping shows
[04:48:38] ✅ DONE | Shows=4115 | Movies=84
