[00:42:36] 🚀 BMS DAILY TRACKER STARTED
[00:42:36] [1/459] MCCZ
[00:42:36] 🧠 New identity
[00:42:37] [2/459] FRPU
[00:42:38] [3/459] SKSI
[00:42:39] [4/459] SSCK
[00:42:39] [5/459] SRDC
[00:42:41] [6/459] RSCZ
[00:42:42] [7/459] PRVT
[00:42:43] [8/459] GAGJ
[00:42:44] [9/459] SMHG
[00:42:45] [10/459] JTST
[00:42:45] [11/459] MYTH
[00:42:46] [12/459] JPCC
[00:42:47] [13/459] ACDC
[00:42:48] [14/459] SVFP
[00:42:49] [15/459] SFCM
[00:42:50] [16/459] RUPK
[00:42:51] [17/459] NTCR
[00:42:51] [18/459] RTCH
[00:42:52] [19/459] SCMH
[00:42:53] [20/459] SVYM
[00:42:54] [21/459] SPYM
[00:42:55] [22/459] SMMF
[00:42:56] [23/459] CLLB
[00:42:57] [24/459] FMCB
[00:42:58] [25/459] BBTC
[00:42:59] [26/459] NTHS
[00:42:59] [27/459] PKKJ
[00:43:00] [28/459] MTJA
[00:43:01] [29/459] PMSJ
[00:43:02] [30/459] JMJU
[00:43:03] [31/459] SRAD
[00:43:04] [32/459] MJMC
[00:43:04] [33/459] DFRM
[00:43:05] [34/459] PMRS
[00:43:06] [35/459] RKPP
[00:43:07] [36/459] BMBK
[00:43:08] [37/459] NEWS
[00:43:08] [38/459] SALB
[00:43:09] [39/459] SCPW
[00:43:10] [40/459] RAYL
[00:43:11] [41/459] CMGJ
[00:43:11] [42/459] JRCR
[00:43:12] [43/459] SRTB
[00:43:13] [44/459] ETPB
[00:43:14] [45/459] MXBN
[00:43:15] [46/459] TOPE
[00:43:15] [47/459] SNLJ
[00:43:16] [48/459] CDDP
[00:43:17] [49/459] APCX
[00:43:19] [50/459] TALP
[00:43:20] [51/459] RRMP
[00:43:20] [52/459] MAHB
[00:43:21] [53/459] MTKR
[00:43:22] [54/459] KSKL
[00:43:23] [55/459] RJLT
[00:43:24] [56/459] ATAS
[00:43:25] [57/459] AMHR
[00:43:26] [58/459] RSRM
[00:43:26] [59/459] GCAT
[00:43:27] [60/459] SMML
[00:43:28] [61/459] ACCD
[00:43:29] [62/459] VYDA
[00:43:30] [63/459] MSKT
[00:43:31] [64/459] AVDM
[00:43:31] [65/459] ASMH
[00:43:32] [66/459] VTMB
[00:43:33] [67/459] WVMB
[00:43:35] [68/459] PPMN
[00:43:36] [69/459] MTMD
[00:43:36] [70/459] SMMO
[00:43:37] [71/459] DLPB
[00:43:38] [72/459] AKMD
[00:43:39] [73/459] SHRR
[00:43:40] [74/459] ASCO
[00:43:41] [75/459] CZVX
[00:43:42] [76/459] GCBB
[00:43:43] [77/459] ATBM
[00:43:44] [78/459] TCGM
[00:43:45] [79/459] UMSE
[00:43:46] [80/459] NKCL
[00:43:47] [81/459] BTLR
[00:43:47] [82/459] GOCL
[00:43:48] [83/459] MIRN
[00:43:50] [84/459] THEC
[00:43:50] [85/459] SPPB
[00:43:51] [86/459] PMMM
[00:43:52] [87/459] GGMC
[00:43:53] [88/459] AVSR
[00:43:54] [89/459] RDMH
[00:43:55] [90/459] JSRS
[00:43:56] [91/459] VKGP
[00:43:57] [92/459] ACRT
[00:43:58] [93/459] GCBA
[00:43:58] [94/459] GTCP
[00:43:59] [95/459] AKFC
[00:44:00] [96/459] INCS
[00:44:01] [97/459] SMCK
[00:44:02] [98/459] BRUN
[00:44:03] [99/459] RPPC
[00:44:03] [100/459] PAYD
[00:44:04] [101/459] SVVT
[00:44:06] [102/459] RNCC
[00:44:07] [103/459] PCRC
[00:44:08] [104/459] PMRM
[00:44:08] [105/459] CCRP
[00:44:09] [106/459] INCR
[00:44:10] [107/459] ZTMP
[00:44:11] [108/459] MCNR
[00:44:12] [109/459] INRP
[00:44:13] [110/459] STRC
[00:44:13] [111/459] RATI
[00:44:14] [112/459] PBTR
[00:44:15] [113/459] CMHP
[00:44:16] [114/459] ZECJ
[00:44:17] [115/459] CCCB
[00:44:17] [116/459] BWCB
[00:44:18] [117/459] CCAT
[00:44:19] [118/459] KGCM
[00:44:20] [119/459] INPT
[00:44:20] [120/459] FNCO
[00:44:21] [121/459] SRMJ
[00:44:22] [122/459] PFSC
[00:44:23] [123/459] PBMC
[00:44:24] [124/459] KARP
[00:44:25] [125/459] KOVI
[00:44:25] [126/459] ACXL
[00:44:26] [127/459] GKCC
[00:44:27] [128/459] ASCC
[00:44:28] [129/459] SETC
[00:44:29] [130/459] KACC
[00:44:30] [131/459] KAVE
[00:44:30] [132/459] CNTC
[00:44:31] [133/459] MEEN
[00:44:32] [134/459] BMRV
[00:44:33] [135/459] SVAM
[00:44:34] [136/459] VTBP
[00:44:35] [137/459] VCKN
[00:44:35] [138/459] SGTK
[00:44:36] [139/459] RCGS
[00:44:37] [140/459] RCCB
[00:44:38] [141/459] RKSR
[00:44:39] [142/459] RKCU
[00:44:40] [143/459] GIBH
[00:44:41] [144/459] CXBS
[00:44:42] [145/459] GGCB
[00:44:43] [146/459] SCPB
[00:44:44] [147/459] AKTB
[00:44:45] [148/459] SRBU
[00:44:45] [149/459] CSSA
[00:44:46] [150/459] MYAN
[00:44:48] [151/459] EXCA
[00:44:49] [152/459] CKSA
[00:44:49] [153/459] JTNM
[00:44:50] [154/459] CXKT
[00:44:51] [155/459] NCLM
[00:44:52] [156/459] JAAD
[00:44:53] [157/459] RDCR
[00:44:54] [158/459] MEER
[00:44:55] [159/459] SIBT
[00:44:55] [160/459] PVVB
[00:44:56] [161/459] FNPN
[00:44:57] [162/459] CRPX
[00:44:58] [163/459] STET
[00:44:59] [164/459] METE
[00:45:00] [165/459] BJML
[00:45:01] [166/459] MAVT
[00:45:01] [167/459] MSRM
[00:45:02] [168/459] TJMP
[00:45:03] [169/459] MHCK
[00:45:04] [170/459] SVGP
[00:45:05] [171/459] KRRC
[00:45:05] [172/459] IMCH
[00:45:06] [173/459] CMCS
[00:45:07] [174/459] SGND
[00:45:07] [175/459] RNAT
[00:45:08] [176/459] PRTN
[00:45:09] [177/459] MPTN
[00:45:10] [178/459] ARCC
[00:45:11] [179/459] NTTE
[00:45:12] [180/459] ABND
[00:45:12] [181/459] KCSN
[00:45:13] [182/459] KCSA
[00:45:15] [183/459] DCKT
[00:45:16] [184/459] MBBR
[00:45:17] [185/459] RAMU
[00:45:18] [186/459] RACW
[00:45:19] [187/459] MCHP
[00:45:20] [188/459] TMHM
[00:45:21] [189/459] STXH
[00:45:22] [190/459] AGSG
[00:45:23] [191/459] SIRA
[00:45:23] [192/459] RCAN
[00:45:24] [193/459] CWTB
[00:45:25] [194/459] VTYM
[00:45:26] [195/459] RRPP
[00:45:27] [196/459] ASMR
[00:45:28] [197/459] RONO
[00:45:28] [198/459] MEMR
[00:45:29] [199/459] CTMR
[00:45:30] [200/459] PMTT
[00:45:31] [201/459] PSLX
[00:45:32] [202/459] IPPL
[00:45:33] [203/459] MMSG
[00:45:35] [204/459] INEL
[00:45:37] [205/459] COAC
[00:45:37] [206/459] WVLK
[00:45:38] [207/459] PPXL
[00:45:39] [208/459] PSML
[00:45:40] [209/459] FNLK
[00:45:41] [210/459] ILUM
[00:45:42] [211/459] ILCM
[00:45:43] [212/459] MSNL
[00:45:44] [213/459] VINB
[00:45:45] [214/459] SALW
[00:45:46] [215/459] PRTB
[00:45:47] [216/459] NCIL
[00:45:48] [217/459] PSUL
[00:45:49] [218/459] SCLK
[00:45:49] [219/459] ADDC
[00:45:50] [220/459] OACL
[00:45:51] [221/459] OOCF
[00:45:52] [222/459] GPMF
[00:45:53] [223/459] SSDG
[00:45:53] [224/459] SKRS
[00:45:55] [225/459] NTTP
[00:45:56] [226/459] SLTP
[00:45:56] [227/459] JTLC
[00:45:57] [228/459] POON
[00:45:58] [229/459] CCPC
[00:45:59] [230/459] DCKC
[00:46:00] [231/459] CPRT
[00:46:01] [232/459] EYHZ
[00:46:02] [233/459] ARBL
[00:46:02] [234/459] SBTB
[00:46:03] [235/459] MMCK
[00:46:05] [236/459] PLMR
[00:46:05] [237/459] BIJH
[00:46:06] [238/459] SDRT
[00:46:07] [239/459] PRDC
[00:46:08] [240/459] OMJA
[00:46:09] [241/459] VKCR
[00:46:10] [242/459] ATRT
[00:46:11] [243/459] WVRP
[00:46:11] [244/459] MVRP
[00:46:12] [245/459] FCAX
[00:46:13] [246/459] CTLC
[00:46:14] [247/459] JCHB
[00:46:15] [248/459] SELP
[00:46:16] [249/459] VCPG
[00:46:16] [250/459] ASCX
[00:46:17] [251/459] EOCS
[00:46:18] [252/459] RCPH
[00:46:20] [253/459] RJTM
[00:46:21] [254/459] SGMD
[00:46:22] [255/459] SVJT
[00:46:23] [256/459] SPPO
[00:46:23] [257/459] MNRL
[00:46:24] [258/459] KNOX
[00:46:25] [259/459] GIER
[00:46:26] [260/459] PJMS
[00:46:27] [261/459] UNSP
[00:46:28] [262/459] JETP
[00:46:29] [263/459] VTWA
[00:46:30] [264/459] SCJI
[00:46:31] [265/459] CBZZ
[00:46:31] [266/459] SDCJ
[00:46:32] [267/459] RRCC
[00:46:33] [268/459] VNKG
[00:46:34] [269/459] LKTO
[00:46:35] [270/459] PJRM
[00:46:35] [271/459] NVRM
[00:46:36] [272/459] SJCS
[00:46:37] [273/459] VIGK
[00:46:38] [274/459] ANST
[00:46:39] [275/459] JTTS
[00:46:39] [276/459] NTST
[00:46:41] [277/459] PREB
[00:46:42] [278/459] TSCZ
[00:46:43] [279/459] CDCM
[00:46:43] [280/459] ELYE
[00:46:44] [281/459] INBS
[00:46:45] [282/459] SMGC
[00:46:47] [283/459] UTMP
[00:46:48] [284/459] INTA
[00:46:48] [285/459] OMPT
[00:46:49] [286/459] SCIR
[00:46:50] [287/459] GCKJ
[00:46:51] [288/459] INOG
[00:46:51] [289/459] SMGB
[00:46:52] [290/459] MCSG
[00:46:53] [291/459] STKG
[00:46:54] [292/459] TTKG
[00:46:55] [293/459] SRTR
[00:46:56] [294/459] ETTR
[00:46:57] [295/459] GGGZ
[00:46:57] [296/459] IPGM
[00:46:58] [297/459] FCDH
[00:46:59] [298/459] DESB
[00:47:00] [299/459] VNTP
[00:47:01] [300/459] ANNT
[00:47:02] [301/459] SLTI
[00:47:02] [302/459] MAJU
[00:47:03] [303/459] JCXP
[00:47:04] [304/459] HARK
[00:47:05] [305/459] JPCJ
[00:47:06] [306/459] RXBD
[00:47:07] [307/459] PTKJ
[00:47:08] [308/459] CMTU
[00:47:09] [309/459] SWOR
[00:47:10] [310/459] JMEX
[00:47:11] [311/459] DTPT
[00:47:12] [312/459] VGMM
[00:47:12] [313/459] VCSG
[00:47:13] [314/459] CVCG
[00:47:14] [315/459] TNTT
[00:47:15] [316/459] SHRM
[00:47:15] [317/459] CGKD
[00:47:16] [318/459] EKCM
[00:47:17] [319/459] SDCX
[00:47:18] [320/459] SBTE
[00:47:19] [321/459] STKJ
[00:47:20] [322/459] TPCE
[00:47:21] [323/459] JTNP
[00:47:22] [324/459] LPCH
[00:47:23] [325/459] CPUO
[00:47:24] [326/459] APSU
[00:47:25] [327/459] RTHC
[00:47:26] [328/459] PTBU
[00:47:26] [329/459] CUCC
[00:47:27] [330/459] CPSA
[00:47:28] [331/459] SUAY
[00:47:29] [332/459] AYAA
[00:47:30] [333/459] MUCH
[00:47:32] [334/459] PCIN
[00:47:33] [335/459] JRRM
[00:47:34] [336/459] KATS
[00:47:35] [337/459] MHFF
[00:47:36] [338/459] ESYM
[00:47:36] [339/459] STYV
[00:47:37] [340/459] SDKG
[00:47:38] [341/459] SMTI
[00:47:39] [342/459] NYCS
[00:47:40] [343/459] MTBG
[00:47:41] [344/459] RHCA
[00:47:42] [345/459] PCKH
[00:47:43] [346/459] ARCR
[00:47:44] [347/459] NCMB
[00:47:44] [348/459] SHYC
[00:47:45] [349/459] LACK
[00:47:46] [350/459] MTCM
[00:47:47] [351/459] RRBN
[00:47:47] [352/459] MYDC
[00:47:48] [353/459] STCS
[00:47:50] [354/459] CONN
[00:47:51] [355/459] SIPS
[00:47:52] [356/459] SMMX
[00:47:52] [357/459] SCBY
[00:47:53] [358/459] SUAP
[00:47:55] [359/459] RSMK
[00:47:56] [360/459] STKP
[00:47:56] [361/459] CIPC
[00:47:57] [362/459] KKCI
[00:47:58] [363/459] CTNK
[00:47:59] [364/459] MMTZ
[00:48:00] [365/459] DCCO
[00:48:00] [366/459] VNMN
[00:48:01] [367/459] RLCN
[00:48:02] [368/459] CMMS
[00:48:03] [369/459] AYOU
[00:48:04] [370/459] SSCN
[00:48:04] [371/459] SMXN
[00:48:05] [372/459] ASSK
[00:48:06] [373/459] VCKM
[00:48:07] [374/459] PCPH
[00:48:08] [375/459] PADM
[00:48:09] [376/459] IESA
[00:48:10] [377/459] VCSP
[00:48:10] [378/459] AEST
[00:48:11] [379/459] VTNR
[00:48:12] [380/459] GTTA
[00:48:13] [381/459] CMMM
[00:48:14] [382/459] AHKT
[00:48:15] [383/459] SIJI
[00:48:16] [384/459] VCEI
[00:48:16] [385/459] SAKR
[00:48:18] [386/459] VSMT
[00:48:19] [387/459] SSCT
[00:48:20] [388/459] USTR
[00:48:20] [389/459] MTKT
[00:48:21] [390/459] TGMP
[00:48:22] [391/459] SIVC
[00:48:23] [392/459] KICT
[00:48:24] [393/459] DAMD
[00:48:24] [394/459] CNPT
[00:48:25] [395/459] RVTT
[00:48:26] [396/459] SNCM
[00:48:27] [397/459] GHTE
[00:48:28] [398/459] PPAM
[00:48:28] [399/459] PVAA
[00:48:29] [400/459] CPAO
[00:48:30] [401/459] HAMD
[00:48:32] [402/459] RCCA
[00:48:33] [403/459] MPCH
[00:48:34] [404/459] ARED
[00:48:34] [405/459] RRCV
[00:48:35] [406/459] MTRB
[00:48:36] [407/459] CKUA
[00:48:37] [408/459] ABMP
[00:48:37] [409/459] RCWA
[00:48:38] [410/459] CGAR
[00:48:40] [411/459] METH
[00:48:40] [412/459] WAGA
[00:48:42] [413/459] MCMA
[00:48:43] [414/459] CSMP
[00:48:44] [415/459] RCNK
[00:48:45] [416/459] PSTM
[00:48:46] [417/459] CSEP
[00:48:47] [418/459] AMGD
[00:48:48] [419/459] CSTE
[00:48:48] [420/459] CONS
[00:48:50] [421/459] APPX
[00:48:51] [422/459] MABC
[00:48:53] [423/459] CXST
[00:48:53] [424/459] MATN
[00:48:54] [425/459] MACZ
[00:48:55] [426/459] MASA
[00:48:56] [427/459] MBSX
[00:48:57] [428/459] CSST
[00:48:57] [429/459] APCL
[00:48:58] [430/459] CGOS
[00:48:59] [431/459] CPEC
[00:49:00] [432/459] MCCP
[00:49:01] [433/459] BSSO
[00:49:02] [434/459] SJKA
[00:49:03] [435/459] CGBO
[00:49:04] [436/459] MVSK
[00:49:05] [437/459] HVCA
[00:49:06] [438/459] NAMD
[00:49:07] [439/459] DEVI
[00:49:08] [440/459] SCSV
[00:49:09] [441/459] PSMA
[00:49:09] [442/459] CLDJ
[00:49:10] [443/459] NMAD
[00:49:11] [444/459] CGMO
[00:49:12] [445/459] MCNA
[00:49:13] [446/459] OCBN
[00:49:14] [447/459] CPEM
[00:49:15] [448/459] CPSM
[00:49:15] [449/459] RCAD
[00:49:17] [450/459] CPMU
[00:49:17] [451/459] DICD
[00:49:18] [452/459] CHOE
[00:49:19] [453/459] PDJM
[00:49:20] [454/459] SSTU
[00:49:20] [455/459] VNRN
[00:49:21] [456/459] PVLG
[00:49:22] [457/459] SWBL
[00:49:23] [458/459] SCAB
[00:49:24] [459/459] RDDA
[00:49:24] ✅ DONE | Shows=0 | Movies=0
