[16:12:16] 🚀 SCRIPT STARTED
[16:12:16] [1/445] TGMR
[16:12:16] 🧠 New identity created
[16:12:17] [2/445] CXKR
[16:12:18] [3/445] SROP
[16:12:18] [4/445] GTSV
[16:12:19] [5/445] SNTY
[16:12:20] [6/445] SMYY
[16:12:21] [7/445] CNCS
[16:12:22] [8/445] CSTM
[16:12:23] [9/445] NUCD
[16:12:24] [10/445] SHCZ
[16:12:25] [11/445] NJCT
[16:12:26] [12/445] COPC
[16:12:27] [13/445] STVV
[16:12:28] [14/445] SKRN
[16:12:29] [15/445] APPZ
[16:12:30] [16/445] YMGN
[16:12:30] [17/445] SVTU
[16:12:31] [18/445] GTAD
[16:12:32] [19/445] PSUS
[16:12:33] [20/445] SMCD
[16:12:35] [21/445] CMCM
[16:12:35] [22/445] SYCT
[16:12:36] [23/445] STLY
[16:12:37] [24/445] CMHU
[16:12:38] [25/445] CMSA
[16:12:39] [26/445] CLCU
[16:12:39] [27/445] PPNT
[16:12:40] [28/445] JTAB
[16:12:41] [29/445] BUUC
[16:12:42] [30/445] BSVK
[16:12:43] [31/445] VVVQ
[16:12:44] [32/445] TKMU
[16:12:45] [33/445] ESYL
[16:12:45] [34/445] ACHP
[16:12:46] [35/445] BTKD
[16:12:47] [36/445] DESA
[16:12:48] [37/445] GBCT
[16:12:49] [38/445] BLLD
[16:12:50] [39/445] SKNT
[16:12:51] [40/445] SSTE
[16:12:51] [41/445] VJMR
[16:12:52] [42/445] NTPU
[16:12:53] [43/445] RDKN
[16:12:53] [44/445] ADGC
[16:12:54] [45/445] VRBP
[16:12:55] [46/445] NMNA
[16:12:56] [47/445] CMMX
[16:12:57] [48/445] PTKO
[16:12:58] [49/445] RBML
[16:12:59] [50/445] SAIC
[16:12:59] [51/445] SVTJ
[16:13:00] [52/445] MRTE
[16:13:01] [53/445] RBTP
[16:13:02] [54/445] NLPS
[16:13:03] [55/445] GTNA
[16:13:04] [56/445] DGGC
[16:13:06] [57/445] SMCR
[16:13:07] [58/445] SCGD
[16:13:08] [59/445] SRRJ
[16:13:09] [60/445] CNRY
[16:13:10] [61/445] KTDI
[16:13:11] [62/445] SNJL
[16:13:12] [63/445] RKMD
[16:13:13] [64/445] SMDC
[16:13:13] [65/445] TADG
[16:13:14] [66/445] MCGS
[16:13:15] [67/445] PETK
[16:13:16] [68/445] CHAG
[16:13:17] [69/445] KSTL
[16:13:18] [70/445] AADS
[16:13:19] [71/445] NTHZ
[16:13:20] [72/445] HCKI
[16:13:21] [73/445] SSEF
[16:13:21] [74/445] MCGX
[16:13:22] [75/445] ERRA
[16:13:23] [76/445] SDTW
[16:13:24] [77/445] RMPK
[16:13:25] [78/445] PTHK
[16:13:25] [79/445] PXCS
[16:13:26] [80/445] SVLU
[16:13:28] [81/445] STAH
[16:13:28] [82/445] JRGF
[16:13:29] [83/445] CDOK
[16:13:30] [84/445] CMSG
[16:13:31] [85/445] APTD
[16:13:32] [86/445] KMPG
[16:13:33] [87/445] MUTJ
[16:13:34] [88/445] VCCI
[16:13:34] [89/445] URBE
[16:13:35] [90/445] TCTS
[16:13:36] [91/445] STSN
[16:13:36] [92/445] AKCH
[16:13:37] [93/445] APSC
[16:13:38] [94/445] VLTB
[16:13:38] [95/445] SANU
[16:13:39] [96/445] AXAM
[16:13:40] [97/445] MGMG
[16:13:41] [98/445] HTBY
[16:13:42] [99/445] MMZS
[16:13:43] [100/445] SUDR
[16:13:44] [101/445] CCAD
[16:13:45] [102/445] SKKC
[16:13:45] [103/445] RMCD
[16:13:46] [104/445] SBCQ
[16:13:47] [105/445] DCCT
[16:13:48] [106/445] VTKP
[16:13:49] [107/445] MLAM
[16:13:50] [108/445] SAVT
[16:13:51] [109/445] GEPL
[16:13:52] [110/445] AMCD
[16:13:53] [111/445] CCXR
[16:13:53] [112/445] GRNG
[16:13:54] [113/445] EBCA
[16:13:55] [114/445] CNVG
[16:13:56] [115/445] MWSS
[16:13:57] [116/445] VBOR
[16:13:57] [117/445] NEEB
[16:13:58] [118/445] SUTH
[16:13:59] [119/445] ANDB
[16:14:00] [120/445] MMXS
[16:14:01] [121/445] CNPD
[16:14:02] [122/445] SDCE
[16:14:03] [123/445] DHCB
[16:14:04] [124/445] ODEN
[16:14:05] [125/445] TNTC
[16:14:06] [126/445] VBKM
[16:14:06] [127/445] RZYM
[16:14:08] [128/445] JEMC
[16:14:09] [129/445] CMAU
[16:14:10] [130/445] SIVP
[16:14:11] [131/445] ATAG
[16:14:12] [132/445] CHTM
[16:14:13] [133/445] AAEE
[16:14:14] [134/445] IWPM
[16:14:15] [135/445] KCMW
[16:14:15] [136/445] MCTD
[16:14:16] [137/445] SPWR
[16:14:17] [138/445] SDPO
[16:14:18] [139/445] PCSK
[16:14:19] [140/445] ACHV
[16:14:19] [141/445] SVLA
[16:14:20] [142/445] PICT
[16:14:21] [143/445] BXDR
[16:14:22] [144/445] SPWA
[16:14:23] [145/445] MCKO
[16:14:23] [146/445] RTHK
[16:14:24] [147/445] CCMF
[16:14:25] [148/445] MRGB
[16:14:25] [149/445] CPLC
[16:14:26] [150/445] RACD
[16:14:27] [151/445] ATKT
[16:14:28] [152/445] SARN
[16:14:29] [153/445] KKUI
[16:14:29] [154/445] RGCM
[16:14:30] [155/445] BRVP
[16:14:31] [156/445] HRSR
[16:14:32] [157/445] GKGM
[16:14:34] [158/445] TTCD
[16:14:34] [159/445] PTTI
[16:14:35] [160/445] MPTT
[16:14:36] [161/445] CVTT
[16:14:37] [162/445] PCXD
[16:14:38] [163/445] GCDC
[16:14:39] [164/445] CCCF
[16:14:40] [165/445] MRAD
[16:14:41] [166/445] CPLK
[16:14:42] [167/445] SATB
[16:14:43] [168/445] SNVG
[16:14:43] [169/445] JMBA
[16:14:44] [170/445] TEJA
[16:14:45] [171/445] STYO
[16:14:46] [172/445] JTBP
[16:14:47] [173/445] KRGD
[16:14:47] [174/445] SLJJ
[16:14:48] [175/445] SPTJ
[16:14:49] [176/445] SWJG
[16:14:49] [177/445] LKRT
[16:14:50] [178/445] KCKA
[16:14:51] [179/445] SNCR
[16:14:52] [180/445] SMKL
[16:14:53] [181/445] GCFA
[16:14:53] [182/445] DDCK
[16:14:54] [183/445] NCHJ
[16:14:55] [184/445] RDMA
[16:14:56] [185/445] SVSV
[16:14:57] [186/445] SCJG
[16:14:58] [187/445] VKLP
[16:14:59] [188/445] NWCC
[16:14:59] [189/445] VKNS
[16:15:00] [190/445] SDDP
[16:15:01] [191/445] ACSI
[16:15:02] [192/445] SATG
[16:15:03] [193/445] SCMW
[16:15:03] [194/445] LKTK
[16:15:04] [195/445] VCKV
[16:15:05] [196/445] KKPE
[16:15:06] [197/445] KIGH
[16:15:06] [198/445] SRPM
[16:15:07] [199/445] SCAH
[16:15:08] [200/445] MUTA
[16:15:09] [201/445] SEPU
[16:15:10] [202/445] INOA
[16:15:11] [203/445] BASK
[16:15:12] [204/445] NECB
[16:15:13] [205/445] GTTG
[16:15:14] [206/445] ASSA
[16:15:15] [207/445] ANCL
[16:15:15] [208/445] GCTI
[16:15:16] [209/445] RCTS
[16:15:17] [210/445] ACNL
[16:15:18] [211/445] MYCT
[16:15:19] [212/445] NMHT
[16:15:19] [213/445] MDIT
[16:15:21] [214/445] LATG
[16:15:22] [215/445] SMTY
[16:15:23] [216/445] CVCT
[16:15:23] [217/445] RAMB
[16:15:24] [218/445] TGMS
[16:15:25] [219/445] BHEL
[16:15:26] [220/445] SHCT
[16:15:26] [221/445] SVCT
[16:15:27] [222/445] MRIY
[16:15:28] [223/445] SARO
[16:15:29] [224/445] STCT
[16:15:30] [225/445] JKKC
[16:15:31] [226/445] PLTT
[16:15:31] [227/445] SRNT
[16:15:32] [228/445] YAST
[16:15:34] [229/445] PERL
[16:15:35] [230/445] CICM
[16:15:36] [231/445] MMTR
[16:15:36] [232/445] ABTK
[16:15:37] [233/445] ATYY
[16:15:38] [234/445] ASTK
[16:15:39] [235/445] VVCK
[16:15:39] [236/445] ATKY
[16:15:40] [237/445] GWEK
[16:15:41] [238/445] SVFH
[16:15:42] [239/445] SLTA
[16:15:42] [240/445] AASH
[16:15:43] [241/445] ACXB
[16:15:44] [242/445] SMTX
[16:15:45] [243/445] AZDH
[16:15:46] [244/445] CMMH
[16:15:47] [245/445] SCSZ
[16:15:48] [246/445] SCKP
[16:15:49] [247/445] NXTM
[16:15:50] [248/445] NWCS
[16:15:50] [249/445] CXMH
[16:15:51] [250/445] PCMA
[16:15:52] [251/445] SGCM
[16:15:53] [252/445] SDTU
[16:15:54] [253/445] MMVI
[16:15:55] [254/445] JKCM
[16:15:56] [255/445] VCMM
[16:15:56] [256/445] SYEE
[16:15:57] [257/445] VASD
[16:15:58] [258/445] BDRB
[16:15:59] [259/445] LASM
[16:16:00] [260/445] DCRL
[16:16:01] [261/445] DVPM
[16:16:02] [262/445] SBMJ
[16:16:03] [263/445] CBMU
[16:16:04] [264/445] IUBS
[16:16:04] [265/445] INAP
[16:16:05] [266/445] SRRC
[16:16:06] [267/445] SAGR
[16:16:07] [268/445] CPMJ
[16:16:08] [269/445] ATJL
[16:16:09] [270/445] NNTD
[16:16:10] [271/445] JHCJ
[16:16:10] [272/445] CMMP
[16:16:11] [273/445] RSDR
[16:16:12] [274/445] AMTI
[16:16:13] [275/445] NYSG
[16:16:13] [276/445] AVSG
[16:16:14] [277/445] SYTP
[16:16:15] [278/445] LARC
[16:16:16] [279/445] RJTP
[16:16:17] [280/445] LAKC
[16:16:17] [281/445] MCXE
[16:16:18] [282/445] CCZC
[16:16:19] [283/445] AVCH
[16:16:20] [284/445] CMBE
[16:16:21] [285/445] MRRC
[16:16:21] [286/445] PCPY
[16:16:22] [287/445] SRMH
[16:16:23] [288/445] SVGS
[16:16:24] [289/445] PCSE
[16:16:25] [290/445] SVFT
[16:16:26] [291/445] TNZP
[16:16:26] [292/445] ICTP
[16:16:27] [293/445] ACTZ
[16:16:28] [294/445] GTUR
[16:16:29] [295/445] MAFC
[16:16:30] [296/445] MINL
[16:16:31] [297/445] MRCL
[16:16:32] [298/445] RCRP
[16:16:33] [299/445] RFFG
[16:16:33] [300/445] RMAS
[16:16:34] [301/445] INVR
[16:16:35] [302/445] RMAR
[16:16:36] [303/445] CNIS
[16:16:37] [304/445] RHRJ
[16:16:38] [305/445] INXR
[16:16:38] [306/445] VALT
[16:16:39] [307/445] LCSH
[16:16:40] [308/445] CMVS
[16:16:41] [309/445] CNMS
[16:16:41] [310/445] ROOG
[16:16:42] [311/445] ISRM
[16:16:43] [312/445] RCRM
[16:16:44] [313/445] ACJA
[16:16:45] [314/445] RCVS
[16:16:46] [315/445] CPUS
[16:16:47] [316/445] TGCS
[16:16:48] [317/445] RKCJ
[16:16:49] [318/445] MKSB
[16:16:50] [319/445] TCSJ
[16:16:50] [320/445] RMGP
[16:16:51] [321/445] CLLP
[16:16:52] [322/445] RCMV
[16:16:53] [323/445] CCKS
[16:16:54] [324/445] RSRP
[16:16:54] [325/445] APLP
[16:16:56] [326/445] CNVS
[16:16:56] [327/445] RMVY
[16:16:57] [328/445] PGBD
[16:16:58] [329/445] KLMS
[16:16:58] [330/445] RUST
[16:16:59] [331/445] MASM
[16:17:00] [332/445] BACS
[16:17:01] [333/445] BWST
[16:17:02] [334/445] RRFH
[16:17:02] [335/445] SJTM
[16:17:03] [336/445] BEMR
[16:17:04] [337/445] MCGR
[16:17:05] [338/445] SDSK
[16:17:06] [339/445] VBOL
[16:17:07] [340/445] RMGM
[16:17:08] [341/445] NOPL
[16:17:08] [342/445] MKJK
[16:17:10] [343/445] CVRN
[16:17:11] [344/445] MMEN
[16:17:12] [345/445] AMNG
[16:17:13] [346/445] INTM
[16:17:13] [347/445] SLCZ
[16:17:14] [348/445] AMJN
[16:17:15] [349/445] ACJN
[16:17:16] [350/445] AMKN
[16:17:17] [351/445] BTCN
[16:17:18] [352/445] AMBT
[16:17:18] [353/445] PACN
[16:17:19] [354/445] LCNS
[16:17:20] [355/445] PPKC
[16:17:21] [356/445] JYYN
[16:17:22] [357/445] JTNR
[16:17:22] [358/445] GTEE
[16:17:23] [359/445] SRNM
[16:17:24] [360/445] SDTC
[16:17:25] [361/445] VPCA
[16:17:26] [362/445] VLRA
[16:17:29] [363/445] SHKR
[16:17:29] [364/445] SBKD
[16:17:30] [365/445] SAAD
[16:17:31] [366/445] JTGN
[16:17:32] [367/445] SLAM
[16:17:33] [368/445] VTPM
[16:17:34] [369/445] ANPT
[16:17:35] [370/445] PUNB
[16:17:36] [371/445] CPKT
[16:17:37] [372/445] CNWE
[16:17:38] [373/445] ECPP
[16:17:39] [374/445] CPAR
[16:17:40] [375/445] ESBW
[16:17:41] [376/445] PKPU
[16:17:41] [377/445] CPRP
[16:17:42] [378/445] RAHU
[16:17:43] [379/445] RHMN
[16:17:44] [380/445] FMJP
[16:17:44] [381/445] CTMP
[16:17:45] [382/445] INPN
[16:17:46] [383/445] STTG
[16:17:47] [384/445] CTRD
[16:17:47] [385/445] PUVB
[16:17:49] [386/445] ESVP
[16:17:50] [387/445] CPFT
[16:17:50] [388/445] LCPC
[16:17:51] [389/445] VBCT
[16:17:52] [390/445] FSCW
[16:17:53] [391/445] VCMP
[16:17:54] [392/445] ASHC
[16:17:54] [393/445] VLCX
[16:17:55] [394/445] SHEV
[16:17:57] [395/445] APCO
[16:17:57] [396/445] SILC
[16:17:58] [397/445] SNMR
[16:17:59] [398/445] KYBO
[16:18:00] [399/445] SATK
[16:18:01] [400/445] SSCS
[16:18:02] [401/445] CLSB
[16:18:03] [402/445] KMJR
[16:18:04] [403/445] FSCK
[16:18:04] [404/445] NNKA
[16:18:05] [405/445] CLMK
[16:18:06] [406/445] DMPZ
[16:18:06] [407/445] INQM
[16:18:07] [408/445] CAML
[16:18:08] [409/445] INRK
[16:18:09] [410/445] IMKN
[16:18:10] [411/445] SVNR
[16:18:11] [412/445] INSL
[16:18:11] [413/445] MSMA
[16:18:12] [414/445] MCKK
[16:18:13] [415/445] FCHP
[16:18:15] [416/445] SFCR
[16:18:16] [417/445] NACK
[16:18:17] [418/445] PVAK
[16:18:18] [419/445] INER
[16:18:18] [420/445] RDBK
[16:18:20] [421/445] SVFN
[16:18:21] [422/445] IFRM
[16:18:22] [423/445] ATCK
[16:18:22] [424/445] ASKO
[16:18:23] [425/445] STKT
[16:18:24] [426/445] SVFB
[16:18:25] [427/445] INKS
[16:18:25] [428/445] PCRA
[16:18:26] [429/445] ATJA
[16:18:27] [430/445] IMJN
[16:18:28] [431/445] INHD
[16:18:29] [432/445] BARA
[16:18:31] [433/445] MCSL
[16:18:31] [434/445] RTOY
[16:18:32] [435/445] MENO
[16:18:33] [436/445] PUDM
[16:18:34] [437/445] PRCN
[16:18:35] [438/445] JMJR
[16:18:35] [439/445] SSGK
[16:18:36] [440/445] SSRL
[16:18:37] [441/445] JYKL
[16:18:39] [442/445] ACNB
[16:18:39] [443/445] SONP
[16:18:40] [444/445] EMCI
[16:18:41] [445/445] MRJH
[16:18:42] 🧹 Deduping shows
[16:18:42] ✅ DONE | Shows=849 | Movies=48
