[16:12:16] 🚀 SCRIPT STARTED
[16:12:16] [1/459] FNDB
[16:12:16] 🧠 New identity created
[16:12:17] [2/459] AMBH
[16:12:18] [3/459] PRHN
[16:12:19] [4/459] ACPM
[16:12:20] [5/459] PVFS
[16:12:20] [6/459] AACN
[16:12:21] [7/459] ACAS
[16:12:23] [8/459] CTNR
[16:12:23] [9/459] MMAH
[16:12:24] [10/459] CPMH
[16:12:25] [11/459] IGMH
[16:12:26] [12/459] ABCS
[16:12:27] [13/459] CMMA
[16:12:28] [14/459] GPRH
[16:12:29] [15/459] PNNG
[16:12:29] [16/459] AMCA
[16:12:30] [17/459] ISTN
[16:12:32] [18/459] PIIC
[16:12:33] [19/459] AHMH
[16:12:34] [20/459] ASHN
[16:12:35] [21/459] INHY
[16:12:36] [22/459] SRMO
[16:12:37] [23/459] PIMH
[16:12:38] [24/459] PVTS
[16:12:38] [25/459] MMCA
[16:12:39] [26/459] AKYJ
[16:12:40] [27/459] BRKH
[16:12:41] [28/459] MAHM
[16:12:41] [29/459] CPHY
[16:12:42] [30/459] PVTP
[16:12:43] [31/459] SMMR
[16:12:44] [32/459] PVHM
[16:12:44] [33/459] SNDY
[16:12:45] [34/459] GOKU
[16:12:46] [35/459] ACEV
[16:12:47] [36/459] PVUM
[16:12:49] [37/459] VSWA
[16:12:49] [38/459] IPRS
[16:12:50] [39/459] ASGN
[16:12:51] [40/459] BKMV
[16:12:52] [41/459] PVYH
[16:12:53] [42/459] INKM
[16:12:54] [43/459] ARJU
[16:12:55] [44/459] JJPP
[16:12:55] [45/459] SSRM
[16:12:56] [46/459] HMHD
[16:12:57] [47/459] SNKH
[16:12:58] [48/459] ACHI
[16:12:58] [49/459] MRAA
[16:12:59] [50/459] INMH
[16:13:00] [51/459] ARMH
[16:13:02] [52/459] DVRR
[16:13:02] [53/459] SUDA
[16:13:03] [54/459] MCSS
[16:13:04] [55/459] VRKC
[16:13:05] [56/459] PRCX
[16:13:06] [57/459] ASJY
[16:13:07] [58/459] MTHY
[16:13:08] [59/459] SRCM
[16:13:09] [60/459] TVHY
[16:13:10] [61/459] STHD
[16:13:11] [62/459] CPCL
[16:13:11] [63/459] PSMJ
[16:13:12] [64/459] MRGT
[16:13:13] [65/459] ARYH
[16:13:14] [66/459] VTRB
[16:13:15] [67/459] SCHC
[16:13:16] [68/459] MRRG
[16:13:16] [69/459] SPCB
[16:13:17] [70/459] AMCM
[16:13:18] [71/459] IVNM
[16:13:19] [72/459] TRHY
[16:13:20] [73/459] PTTH
[16:13:21] [74/459] RKMH
[16:13:22] [75/459] PRCS
[16:13:22] [76/459] VAJA
[16:13:23] [77/459] BJNG
[16:13:24] [78/459] SCVM
[16:13:25] [79/459] GNHB
[16:13:26] [80/459] TLUR
[16:13:27] [81/459] UKCC
[16:13:28] [82/459] SRKR
[16:13:29] [83/459] RMKN
[16:13:30] [84/459] SLRT
[16:13:30] [85/459] LKMT
[16:13:31] [86/459] SSRJ
[16:13:32] [87/459] SPHT
[16:13:33] [88/459] ANTT
[16:13:34] [89/459] SRCH
[16:13:35] [90/459] SRCA
[16:13:36] [91/459] ARTH
[16:13:37] [92/459] MCBH
[16:13:38] [93/459] SNIB
[16:13:39] [94/459] SART
[16:13:39] [95/459] SKTA
[16:13:40] [96/459] YAKT
[16:13:41] [97/459] MLCK
[16:13:42] [98/459] ANTS
[16:13:43] [99/459] DGCA
[16:13:44] [100/459] SGMP
[16:13:45] [101/459] ASWN
[16:13:46] [102/459] KFVU
[16:13:46] [103/459] POOR
[16:13:47] [104/459] GKDN
[16:13:49] [105/459] EOSE
[16:13:50] [106/459] GTTT
[16:13:51] [107/459] ARRO
[16:13:51] [108/459] CMMK
[16:13:53] [109/459] MSCN
[16:13:54] [110/459] GDKH
[16:13:54] [111/459] DLMT
[16:13:55] [112/459] PVMF
[16:13:56] [113/459] CPCK
[16:13:57] [114/459] VMHE
[16:13:58] [115/459] PVLC
[16:13:58] [116/459] PCVB
[16:13:59] [117/459] SNYK
[16:14:00] [118/459] KTEK
[16:14:00] [119/459] PCNM
[16:14:01] [120/459] NTTR
[16:14:02] [121/459] CPSK
[16:14:04] [122/459] JMMA
[16:14:05] [123/459] GCFK
[16:14:06] [124/459] MYCA
[16:14:07] [125/459] KSNP
[16:14:07] [126/459] PMCE
[16:14:08] [127/459] SCKI
[16:14:10] [128/459] FSMA
[16:14:10] [129/459] CETA
[16:14:12] [130/459] MCIK
[16:14:13] [131/459] MYCR
[16:14:13] [132/459] EVMP
[16:14:14] [133/459] SSGT
[16:14:15] [134/459] KCTK
[16:14:16] [135/459] ZTKC
[16:14:17] [136/459] MMTA
[16:14:17] [137/459] MAJT
[16:14:18] [138/459] ACPK
[16:14:20] [139/459] JMAX
[16:14:21] [140/459] SETK
[16:14:22] [141/459] CAIS
[16:14:23] [142/459] AGCD
[16:14:23] [143/459] URCL
[16:14:24] [144/459] VTDS
[16:14:25] [145/459] JCNM
[16:14:26] [146/459] KCAM
[16:14:27] [147/459] ADCU
[16:14:27] [148/459] GXYN
[16:14:28] [149/459] SMJG
[16:14:29] [150/459] EYCJ
[16:14:31] [151/459] CCEJ
[16:14:32] [152/459] MARS
[16:14:32] [153/459] CPVJ
[16:14:33] [154/459] INVP
[16:14:34] [155/459] CPOV
[16:14:35] [156/459] VIJK
[16:14:36] [157/459] LAIM
[16:14:37] [158/459] STHV
[16:14:38] [159/459] SVLJ
[16:14:39] [160/459] ATVJ
[16:14:41] [161/459] JTSC
[16:14:42] [162/459] RMTV
[16:14:42] [163/459] MGGG
[16:14:43] [164/459] SWTH
[16:14:44] [165/459] INVJ
[16:14:45] [166/459] PRSV
[16:14:46] [167/459] JATV
[16:14:47] [168/459] RCVD
[16:14:48] [169/459] BDMA
[16:14:49] [170/459] BLJI
[16:14:50] [171/459] SWOT
[16:14:51] [172/459] SWRN
[16:14:52] [173/459] TVRA
[16:14:53] [174/459] VCSV
[16:14:54] [175/459] NVRN
[16:14:54] [176/459] SIKC
[16:14:55] [177/459] VAKR
[16:14:57] [178/459] SYLN
[16:14:58] [179/459] KLJL
[16:14:59] [180/459] LKMY
[16:14:59] [181/459] VSLY
[16:15:00] [182/459] CIKO
[16:15:01] [183/459] GPBG
[16:15:02] [184/459] CECM
[16:15:03] [185/459] SLKB
[16:15:03] [186/459] MTBO
[16:15:04] [187/459] SSHB
[16:15:05] [188/459] VPCS
[16:15:06] [189/459] RCSR
[16:15:07] [190/459] RJRM
[16:15:07] [191/459] KPPB
[16:15:08] [192/459] SEDC
[16:15:09] [193/459] SCAI
[16:15:10] [194/459] RMTR
[16:15:11] [195/459] ASST
[16:15:12] [196/459] GCAK
[16:15:13] [197/459] ANNK
[16:15:14] [198/459] KDDF
[16:15:15] [199/459] NRDP
[16:15:16] [200/459] PLAK
[16:15:17] [201/459] GCMC
[16:15:18] [202/459] ALPY
[16:15:19] [203/459] SICE
[16:15:20] [204/459] SISR
[16:15:21] [205/459] SRPZ
[16:15:23] [206/459] SRSW
[16:15:24] [207/459] SUYA
[16:15:25] [208/459] AMMT
[16:15:26] [209/459] BHCU
[16:15:26] [210/459] KLPA
[16:15:27] [211/459] NVKH
[16:15:28] [212/459] JMRC
[16:15:29] [213/459] KTTT
[16:15:31] [214/459] MAGH
[16:15:31] [215/459] MMMX
[16:15:32] [216/459] SALJ
[16:15:33] [217/459] GTJA
[16:15:34] [218/459] MAHT
[16:15:35] [219/459] SSNN
[16:15:35] [220/459] ARRP
[16:15:36] [221/459] ATNS
[16:15:37] [222/459] SKDT
[16:15:38] [223/459] ACAT
[16:15:39] [224/459] APRC
[16:15:40] [225/459] SWAG
[16:15:41] [226/459] SDPT
[16:15:42] [227/459] STPS
[16:15:43] [228/459] WWCZ
[16:15:43] [229/459] LLCH
[16:15:44] [230/459] MZHA
[16:15:45] [231/459] CRJG
[16:15:46] [232/459] JGTK
[16:15:47] [233/459] KCSR
[16:15:48] [234/459] CHTL
[16:15:49] [235/459] EDSR
[16:15:49] [236/459] CSWO
[16:15:50] [237/459] CPVM
[16:15:51] [238/459] MXBY
[16:15:52] [239/459] FMMA
[16:15:53] [240/459] POVI
[16:15:54] [241/459] MTHB
[16:15:55] [242/459] INRC
[16:15:56] [243/459] PIPP
[16:15:57] [244/459] BMXC
[16:15:57] [245/459] PCMM
[16:15:58] [246/459] PMKM
[16:15:59] [247/459] GATY
[16:16:00] [248/459] IMCM
[16:16:00] [249/459] POPE
[16:16:02] [250/459] MTCR
[16:16:03] [251/459] PVAE
[16:16:04] [252/459] PVMI
[16:16:04] [253/459] CPNM
[16:16:05] [254/459] FMRL
[16:16:06] [255/459] MCIW
[16:16:08] [256/459] MXBO
[16:16:09] [257/459] FMKY
[16:16:10] [258/459] FMDA
[16:16:10] [259/459] THAB
[16:16:11] [260/459] PRCW
[16:16:12] [261/459] PITI
[16:16:13] [262/459] MCFF
[16:16:14] [263/459] PDDV
[16:16:15] [264/459] MCRM
[16:16:15] [265/459] KKMB
[16:16:16] [266/459] INKO
[16:16:17] [267/459] PLXP
[16:16:18] [268/459] MMHA
[16:16:19] [269/459] FMVS
[16:16:20] [270/459] POLM
[16:16:21] [271/459] STER
[16:16:22] [272/459] PVWJ
[16:16:23] [273/459] IMJW
[16:16:25] [274/459] FNAN
[16:16:25] [275/459] CAGL
[16:16:26] [276/459] IPBG
[16:16:27] [277/459] SMFV
[16:16:28] [278/459] MMMR
[16:16:29] [279/459] MMWM
[16:16:29] [280/459] FNCM
[16:16:30] [281/459] MDVA
[16:16:31] [282/459] MMET
[16:16:32] [283/459] MIDO
[16:16:32] [284/459] INNP
[16:16:34] [285/459] MIFU
[16:16:35] [286/459] MMSZ
[16:16:36] [287/459] BMXA
[16:16:37] [288/459] MCAA
[16:16:38] [289/459] SCVP
[16:16:39] [290/459] PLUS
[16:16:40] [291/459] MUCK
[16:16:41] [292/459] MTMA
[16:16:41] [293/459] HPVR
[16:16:42] [294/459] PMPK
[16:16:43] [295/459] MAJB
[16:16:44] [296/459] CTRR
[16:16:45] [297/459] MCTG
[16:16:46] [298/459] MACE
[16:16:47] [299/459] AAAS
[16:16:48] [300/459] CPVV
[16:16:49] [301/459] RCHG
[16:16:50] [302/459] MCNE
[16:16:51] [303/459] EMNC
[16:16:52] [304/459] MCAN
[16:16:53] [305/459] TCDM
[16:16:55] [306/459] IRGT
[16:16:56] [307/459] GCMG
[16:16:57] [308/459] MXSN
[16:16:58] [309/459] MXCK
[16:16:59] [310/459] MCRC
[16:16:59] [311/459] RSMI
[16:17:00] [312/459] WAML
[16:17:02] [313/459] MTSC
[16:17:03] [314/459] FMDR
[16:17:04] [315/459] LEPV
[16:17:05] [316/459] MTGD
[16:17:05] [317/459] IMOB
[16:17:06] [318/459] CLMM
[16:17:07] [319/459] PZCD
[16:17:08] [320/459] GOCS
[16:17:09] [321/459] KCMA
[16:17:10] [322/459] CCMP
[16:17:11] [323/459] MTSU
[16:17:12] [324/459] SNGL
[16:17:14] [325/459] MMMC
[16:17:14] [326/459] MMAA
[16:17:16] [327/459] GCDM
[16:17:17] [328/459] KTMV
[16:17:18] [329/459] AETE
[16:17:19] [330/459] OMCS
[16:17:20] [331/459] GDCD
[16:17:20] [332/459] NYMD
[16:17:21] [333/459] RNCV
[16:17:23] [334/459] KKMT
[16:17:24] [335/459] GDTH
[16:17:25] [336/459] KMMV
[16:17:26] [337/459] NHCG
[16:17:27] [338/459] PJDW
[16:17:27] [339/459] MMCV
[16:17:28] [340/459] FQSA
[16:17:29] [341/459] KURL
[16:17:30] [342/459] NNNX
[16:17:31] [343/459] AMAU
[16:17:32] [344/459] VVVM
[16:17:33] [345/459] VECU
[16:17:33] [346/459] WCVR
[16:17:34] [347/459] MTGG
[16:17:35] [348/459] SGTG
[16:17:36] [349/459] MNTG
[16:17:37] [350/459] JDDG
[16:17:37] [351/459] MBTK
[16:17:39] [352/459] SGCD
[16:17:41] [353/459] MCTC
[16:17:42] [354/459] JTPC
[16:17:44] [355/459] SDKT
[16:17:45] [356/459] KRCC
[16:17:46] [357/459] RMMD
[16:17:47] [358/459] AAME
[16:17:48] [359/459] TMWC
[16:17:48] [360/459] NRWY
[16:17:50] [361/459] CITD
[16:17:51] [362/459] VERD
[16:17:52] [363/459] MKSK
[16:17:53] [364/459] STSM
[16:17:54] [365/459] MJDG
[16:17:55] [366/459] RKPM
[16:17:55] [367/459] SSCE
[16:17:56] [368/459] VMAE
[16:17:57] [369/459] SBRU
[16:17:58] [370/459] AMBC
[16:17:59] [371/459] AMLU
[16:18:00] [372/459] INVZ
[16:18:01] [373/459] LGTV
[16:18:02] [374/459] SVAD
[16:18:03] [375/459] SMSA
[16:18:04] [376/459] SPCZ
[16:18:04] [377/459] GTCX
[16:18:05] [378/459] SCSL
[16:18:06] [379/459] SAHU
[16:18:07] [380/459] NCDA
[16:18:08] [381/459] SCCG
[16:18:09] [382/459] VKTL
[16:18:10] [383/459] PUUJ
[16:18:10] [384/459] STEJ
[16:18:11] [385/459] RJAL
[16:18:12] [386/459] ACJC
[16:18:13] [387/459] VTHC
[16:18:14] [388/459] ARVB
[16:18:15] [389/459] AUBB
[16:18:16] [390/459] GDBR
[16:18:17] [391/459] PVND
[16:18:18] [392/459] BGRJ
[16:18:19] [393/459] RJMM
[16:18:20] [394/459] MCSA
[16:18:20] [395/459] BODA
[16:18:21] [396/459] JAGG
[16:18:22] [397/459] SCGA
[16:18:23] [398/459] LRCM
[16:18:24] [399/459] CPCN
[16:18:24] [400/459] SSTF
[16:18:25] [401/459] SRXP
[16:18:26] [402/459] CNFX
[16:18:27] [403/459] ANDI
[16:18:27] [404/459] SYEW
[16:18:28] [405/459] RCRE
[16:18:29] [406/459] SCRW
[16:18:30] [407/459] MBKR
[16:18:31] [408/459] ASNT
[16:18:33] [409/459] JTMT
[16:18:34] [410/459] SHAY
[16:18:35] [411/459] VRTH
[16:18:36] [412/459] SPTI
[16:18:37] [413/459] DPTD
[16:18:37] [414/459] TGSN
[16:18:38] [415/459] RCWV
[16:18:39] [416/459] OCUR
[16:18:40] [417/459] KSTC
[16:18:41] [418/459] SANI
[16:18:42] [419/459] MLCA
[16:18:43] [420/459] EGCA
[16:18:44] [421/459] SYSN
[16:18:44] [422/459] PKTA
[16:18:45] [423/459] PRCC
[16:18:46] [424/459] KSTR
[16:18:47] [425/459] SNTP
[16:18:48] [426/459] RCHA
[16:18:48] [427/459] SEEA
[16:18:49] [428/459] ALAT
[16:18:50] [429/459] AATV
[16:18:51] [430/459] RJTE
[16:18:52] [431/459] AAPP
[16:18:52] [432/459] PMMH
[16:18:53] [433/459] INRJ
[16:18:54] [434/459] SARB
[16:18:55] [435/459] PCJL
[16:18:56] [436/459] PFJJ
[16:18:57] [437/459] GRDC
[16:18:58] [438/459] BCBA
[16:18:59] [439/459] VIXL
[16:19:00] [440/459] CSTL
[16:19:01] [441/459] MTDK
[16:19:02] [442/459] TDAC
[16:19:03] [443/459] GTDN
[16:19:03] [444/459] TTDE
[16:19:04] [445/459] ASTS
[16:19:05] [446/459] CPNS
[16:19:07] [447/459] PVVW
[16:19:08] [448/459] USEB
[16:19:09] [449/459] DTYN
[16:19:10] [450/459] PVLE
[16:19:11] [451/459] CIPS
[16:19:12] [452/459] PAEG
[16:19:13] [453/459] PTCW
[16:19:15] [454/459] G3SR
[16:19:16] [455/459] PGND
[16:19:16] [456/459] INVM
[16:19:17] [457/459] SPIA
[16:19:18] [458/459] PCSN
[16:19:19] [459/459] PPGV
[16:19:20] 🧹 Deduping shows
[16:19:20] ✅ DONE | Shows=1385 | Movies=41
[22:24:12] 🚀 SCRIPT STARTED
[22:24:12] [1/459] FNDB
[22:24:12] 🧠 New identity created
[22:24:13] [2/459] AMBH
[22:24:14] [3/459] PRHN
[22:24:15] [4/459] ACPM
[22:24:16] [5/459] PVFS
[22:24:17] [6/459] AACN
[22:24:17] [7/459] ACAS
[22:24:18] [8/459] CTNR
[22:24:19] [9/459] MMAH
[22:24:20] [10/459] CPMH
[22:24:21] [11/459] IGMH
[22:24:22] [12/459] ABCS
[22:24:23] [13/459] CMMA
[22:24:24] [14/459] GPRH
[22:24:25] [15/459] PNNG
[22:24:25] [16/459] AMCA
[22:24:26] [17/459] ISTN
[22:24:27] [18/459] PIIC
[22:24:28] [19/459] AHMH
[22:24:29] [20/459] ASHN
[22:24:30] [21/459] INHY
[22:24:31] [22/459] SRMO
[22:24:31] [23/459] PIMH
[22:24:32] [24/459] PVTS
[22:24:33] [25/459] MMCA
[22:24:34] [26/459] AKYJ
[22:24:35] [27/459] BRKH
[22:24:36] [28/459] MAHM
[22:24:36] [29/459] CPHY
[22:24:37] [30/459] PVTP
[22:24:38] [31/459] SMMR
[22:24:39] [32/459] PVHM
[22:24:40] [33/459] SNDY
[22:24:40] [34/459] GOKU
[22:24:41] [35/459] ACEV
[22:24:42] [36/459] PVUM
[22:24:43] [37/459] VSWA
[22:24:44] [38/459] IPRS
[22:24:45] [39/459] ASGN
[22:24:46] [40/459] BKMV
[22:24:47] [41/459] PVYH
[22:24:48] [42/459] INKM
[22:24:49] [43/459] ARJU
[22:24:49] [44/459] JJPP
[22:24:50] [45/459] SSRM
[22:24:51] [46/459] HMHD
[22:24:52] [47/459] SNKH
[22:24:53] [48/459] ACHI
[22:24:54] [49/459] MRAA
[22:24:55] [50/459] INMH
[22:24:56] [51/459] ARMH
[22:24:57] [52/459] DVRR
[22:24:57] [53/459] SUDA
[22:24:58] [54/459] MCSS
[22:25:00] [55/459] VRKC
[22:25:01] [56/459] PRCX
[22:25:02] [57/459] ASJY
[22:25:02] [58/459] MTHY
[22:25:03] [59/459] SRCM
[22:25:05] [60/459] TVHY
[22:25:06] [61/459] STHD
[22:25:07] [62/459] CPCL
[22:25:08] [63/459] PSMJ
[22:25:09] [64/459] MRGT
[22:25:09] [65/459] ARYH
[22:25:10] [66/459] VTRB
[22:25:11] [67/459] SCHC
[22:25:12] [68/459] MRRG
[22:25:13] [69/459] SPCB
[22:25:13] [70/459] AMCM
[22:25:14] [71/459] IVNM
[22:25:15] [72/459] TRHY
[22:25:16] [73/459] PTTH
[22:25:17] [74/459] RKMH
[22:25:18] [75/459] PRCS
[22:25:19] [76/459] VAJA
[22:25:20] [77/459] BJNG
[22:25:20] [78/459] SCVM
[22:25:21] [79/459] GNHB
[22:25:22] [80/459] TLUR
[22:25:23] [81/459] UKCC
[22:25:24] [82/459] SRKR
[22:25:25] [83/459] RMKN
[22:25:25] [84/459] SLRT
[22:25:26] [85/459] LKMT
[22:25:27] [86/459] SSRJ
[22:25:28] [87/459] SPHT
[22:25:28] [88/459] ANTT
[22:25:29] [89/459] SRCH
[22:25:30] [90/459] SRCA
[22:25:31] [91/459] ARTH
[22:25:32] [92/459] MCBH
[22:25:33] [93/459] SNIB
[22:25:34] [94/459] SART
[22:25:34] [95/459] SKTA
[22:25:36] [96/459] YAKT
[22:25:38] [97/459] MLCK
[22:25:38] [98/459] ANTS
[22:25:39] [99/459] DGCA
[22:25:40] [100/459] SGMP
[22:25:40] [101/459] ASWN
[22:25:41] [102/459] KFVU
[22:25:42] [103/459] POOR
[22:25:43] [104/459] GKDN
[22:25:44] [105/459] EOSE
[22:25:45] [106/459] GTTT
[22:25:46] [107/459] ARRO
[22:25:47] [108/459] CMMK
[22:25:47] [109/459] MSCN
[22:25:48] [110/459] GDKH
[22:25:49] [111/459] DLMT
[22:25:51] [112/459] PVMF
[22:25:51] [113/459] CPCK
[22:25:52] [114/459] VMHE
[22:25:54] [115/459] PVLC
[22:25:54] [116/459] PCVB
[22:25:55] [117/459] SNYK
[22:25:56] [118/459] KTEK
[22:25:57] [119/459] PCNM
[22:25:58] [120/459] NTTR
[22:25:59] [121/459] CPSK
[22:26:00] [122/459] JMMA
[22:26:01] [123/459] GCFK
[22:26:01] [124/459] MYCA
[22:26:02] [125/459] KSNP
[22:26:03] [126/459] PMCE
[22:26:04] [127/459] SCKI
[22:26:05] [128/459] FSMA
[22:26:05] [129/459] CETA
[22:26:06] [130/459] MCIK
[22:26:07] [131/459] MYCR
[22:26:08] [132/459] EVMP
[22:26:09] [133/459] SSGT
[22:26:10] [134/459] KCTK
[22:26:11] [135/459] ZTKC
[22:26:12] [136/459] MMTA
[22:26:13] [137/459] MAJT
[22:26:14] [138/459] ACPK
[22:26:14] [139/459] JMAX
[22:26:15] [140/459] SETK
[22:26:16] [141/459] CAIS
[22:26:17] [142/459] AGCD
[22:26:18] [143/459] URCL
[22:26:19] [144/459] VTDS
[22:26:20] [145/459] JCNM
[22:26:21] [146/459] KCAM
[22:26:22] [147/459] ADCU
[22:26:22] [148/459] GXYN
[22:26:23] [149/459] SMJG
[22:26:24] [150/459] EYCJ
[22:26:25] [151/459] CCEJ
[22:26:27] [152/459] MARS
[22:26:28] [153/459] CPVJ
[22:26:28] [154/459] INVP
[22:26:29] [155/459] CPOV
[22:26:30] [156/459] VIJK
[22:26:31] [157/459] LAIM
[22:26:32] [158/459] STHV
[22:26:32] [159/459] SVLJ
[22:26:33] [160/459] ATVJ
[22:26:34] [161/459] JTSC
[22:26:35] [162/459] RMTV
[22:26:36] [163/459] MGGG
[22:26:37] [164/459] SWTH
[22:26:38] [165/459] INVJ
[22:26:39] [166/459] PRSV
[22:26:41] [167/459] JATV
[22:26:41] [168/459] RCVD
[22:26:42] [169/459] BDMA
[22:26:43] [170/459] BLJI
[22:26:45] [171/459] SWOT
[22:26:45] [172/459] SWRN
[22:26:46] [173/459] TVRA
[22:26:48] [174/459] VCSV
[22:26:49] [175/459] NVRN
[22:26:50] [176/459] SIKC
[22:26:51] [177/459] VAKR
[22:26:52] [178/459] SYLN
[22:26:53] [179/459] KLJL
[22:26:54] [180/459] LKMY
[22:26:55] [181/459] VSLY
[22:26:55] [182/459] CIKO
[22:26:56] [183/459] GPBG
[22:26:57] [184/459] CECM
[22:26:58] [185/459] SLKB
[22:26:59] [186/459] MTBO
[22:26:59] [187/459] SSHB
[22:27:00] [188/459] VPCS
[22:27:01] [189/459] RCSR
[22:27:02] [190/459] RJRM
[22:27:03] [191/459] KPPB
[22:27:04] [192/459] SEDC
[22:27:05] [193/459] SCAI
[22:27:06] [194/459] RMTR
[22:27:07] [195/459] ASST
[22:27:08] [196/459] GCAK
[22:27:09] [197/459] ANNK
[22:27:10] [198/459] KDDF
[22:27:11] [199/459] NRDP
[22:27:12] [200/459] PLAK
[22:27:14] [201/459] GCMC
[22:27:14] [202/459] ALPY
[22:27:15] [203/459] SICE
[22:27:16] [204/459] SISR
[22:27:17] [205/459] SRPZ
[22:27:17] [206/459] SRSW
[22:27:18] [207/459] SUYA
[22:27:19] [208/459] AMMT
[22:27:20] [209/459] BHCU
[22:27:21] [210/459] KLPA
[22:27:22] [211/459] NVKH
[22:27:22] [212/459] JMRC
[22:27:23] [213/459] KTTT
[22:27:24] [214/459] MAGH
[22:27:25] [215/459] MMMX
[22:27:26] [216/459] SALJ
[22:27:27] [217/459] GTJA
[22:27:27] [218/459] MAHT
[22:27:28] [219/459] SSNN
[22:27:29] [220/459] ARRP
[22:27:30] [221/459] ATNS
[22:27:31] [222/459] SKDT
[22:27:32] [223/459] ACAT
[22:27:32] [224/459] APRC
[22:27:33] [225/459] SWAG
[22:27:35] [226/459] SDPT
[22:27:36] [227/459] STPS
[22:27:36] [228/459] WWCZ
[22:27:37] [229/459] LLCH
[22:27:38] [230/459] MZHA
[22:27:39] [231/459] CRJG
[22:27:40] [232/459] JGTK
[22:27:41] [233/459] KCSR
[22:27:41] [234/459] CHTL
[22:27:42] [235/459] EDSR
[22:27:43] [236/459] CSWO
[22:27:44] [237/459] CPVM
[22:27:45] [238/459] MXBY
[22:27:46] [239/459] FMMA
[22:27:47] [240/459] POVI
[22:27:47] [241/459] MTHB
[22:27:48] [242/459] INRC
[22:27:49] [243/459] PIPP
[22:27:49] [244/459] BMXC
[22:27:51] [245/459] PCMM
[22:27:52] [246/459] PMKM
[22:27:52] [247/459] GATY
[22:27:53] [248/459] IMCM
[22:27:54] [249/459] POPE
[22:27:55] [250/459] MTCR
[22:27:55] [251/459] PVAE
[22:27:56] [252/459] PVMI
[22:27:57] [253/459] CPNM
[22:27:58] [254/459] FMRL
[22:27:59] [255/459] MCIW
[22:28:00] [256/459] MXBO
[22:28:01] [257/459] FMKY
[22:28:02] [258/459] FMDA
[22:28:02] [259/459] THAB
[22:28:03] [260/459] PRCW
[22:28:04] [261/459] PITI
[22:28:05] [262/459] MCFF
[22:28:06] [263/459] PDDV
[22:28:07] [264/459] MCRM
[22:28:07] [265/459] KKMB
[22:28:09] [266/459] INKO
[22:28:09] [267/459] PLXP
[22:28:10] [268/459] MMHA
[22:28:11] [269/459] FMVS
[22:28:12] [270/459] POLM
[22:28:13] [271/459] STER
[22:28:14] [272/459] PVWJ
[22:28:14] [273/459] IMJW
[22:28:15] [274/459] FNAN
[22:28:16] [275/459] CAGL
[22:28:17] [276/459] IPBG
[22:28:18] [277/459] SMFV
[22:28:19] [278/459] MMMR
[22:28:19] [279/459] MMWM
[22:28:20] [280/459] FNCM
[22:28:21] [281/459] MDVA
[22:28:22] [282/459] MMET
[22:28:23] [283/459] MIDO
[22:28:24] [284/459] INNP
[22:28:25] [285/459] MIFU
[22:28:26] [286/459] MMSZ
[22:28:27] [287/459] BMXA
[22:28:27] [288/459] MCAA
[22:28:28] [289/459] SCVP
[22:28:29] [290/459] PLUS
[22:28:30] [291/459] MUCK
[22:28:31] [292/459] MTMA
[22:28:32] [293/459] HPVR
[22:28:32] [294/459] PMPK
[22:28:33] [295/459] MAJB
[22:28:34] [296/459] CTRR
[22:28:35] [297/459] MCTG
[22:28:36] [298/459] MACE
[22:28:37] [299/459] AAAS
[22:28:38] [300/459] CPVV
[22:28:39] [301/459] RCHG
[22:28:39] [302/459] MCNE
[22:28:40] [303/459] EMNC
[22:28:41] [304/459] MCAN
[22:28:43] [305/459] TCDM
[22:28:44] [306/459] IRGT
[22:28:45] [307/459] GCMG
[22:28:46] [308/459] MXSN
[22:28:47] [309/459] MXCK
[22:28:48] [310/459] MCRC
[22:28:49] [311/459] RSMI
[22:28:49] [312/459] WAML
[22:28:50] [313/459] MTSC
[22:28:51] [314/459] FMDR
[22:28:52] [315/459] LEPV
[22:28:53] [316/459] MTGD
[22:28:54] [317/459] IMOB
[22:28:55] [318/459] CLMM
[22:28:56] [319/459] PZCD
[22:28:57] [320/459] GOCS
[22:28:58] [321/459] KCMA
[22:28:59] [322/459] CCMP
[22:29:00] [323/459] MTSU
[22:29:01] [324/459] SNGL
[22:29:02] [325/459] MMMC
[22:29:02] [326/459] MMAA
[22:29:03] [327/459] GCDM
[22:29:04] [328/459] KTMV
[22:29:05] [329/459] AETE
[22:29:06] [330/459] OMCS
[22:29:07] [331/459] GDCD
[22:29:07] [332/459] NYMD
[22:29:08] [333/459] RNCV
[22:29:09] [334/459] KKMT
[22:29:10] [335/459] GDTH
[22:29:11] [336/459] KMMV
[22:29:11] [337/459] NHCG
[22:29:12] [338/459] PJDW
[22:29:13] [339/459] MMCV
[22:29:14] [340/459] FQSA
[22:29:15] [341/459] KURL
[22:29:16] [342/459] NNNX
[22:29:16] [343/459] AMAU
[22:29:17] [344/459] VVVM
[22:29:18] [345/459] VECU
[22:29:19] [346/459] WCVR
[22:29:20] [347/459] MTGG
[22:29:20] [348/459] SGTG
[22:29:21] [349/459] MNTG
[22:29:22] [350/459] JDDG
[22:29:23] [351/459] MBTK
[22:29:24] [352/459] SGCD
[22:29:25] [353/459] MCTC
[22:29:26] [354/459] JTPC
[22:29:27] [355/459] SDKT
[22:29:28] [356/459] KRCC
[22:29:29] [357/459] RMMD
[22:29:30] [358/459] AAME
[22:29:31] [359/459] TMWC
[22:29:31] [360/459] NRWY
[22:29:32] [361/459] CITD
[22:29:33] [362/459] VERD
[22:29:34] [363/459] MKSK
[22:29:35] [364/459] STSM
[22:29:36] [365/459] MJDG
[22:29:36] [366/459] RKPM
[22:29:37] [367/459] SSCE
[22:29:38] [368/459] VMAE
[22:29:39] [369/459] SBRU
[22:29:40] [370/459] AMBC
[22:29:41] [371/459] AMLU
[22:29:42] [372/459] INVZ
[22:29:43] [373/459] LGTV
[22:29:44] [374/459] SVAD
[22:29:45] [375/459] SMSA
[22:29:45] [376/459] SPCZ
[22:29:46] [377/459] GTCX
[22:29:47] [378/459] SCSL
[22:29:48] [379/459] SAHU
[22:29:49] [380/459] NCDA
[22:29:50] [381/459] SCCG
[22:29:51] [382/459] VKTL
[22:29:52] [383/459] PUUJ
[22:29:53] [384/459] STEJ
[22:29:54] [385/459] RJAL
[22:29:56] [386/459] ACJC
[22:29:57] [387/459] VTHC
[22:29:57] [388/459] ARVB
[22:29:58] [389/459] AUBB
[22:29:59] [390/459] GDBR
[22:30:00] [391/459] PVND
[22:30:00] [392/459] BGRJ
[22:30:01] [393/459] RJMM
[22:30:02] [394/459] MCSA
[22:30:03] [395/459] BODA
[22:30:04] [396/459] JAGG
[22:30:04] [397/459] SCGA
[22:30:05] [398/459] LRCM
[22:30:06] [399/459] CPCN
[22:30:07] [400/459] SSTF
[22:30:08] [401/459] SRXP
[22:30:09] [402/459] CNFX
[22:30:10] [403/459] ANDI
[22:30:11] [404/459] SYEW
[22:30:11] [405/459] RCRE
[22:30:12] [406/459] SCRW
[22:30:13] [407/459] MBKR
[22:30:14] [408/459] ASNT
[22:30:15] [409/459] JTMT
[22:30:15] [410/459] SHAY
[22:30:16] [411/459] VRTH
[22:30:18] [412/459] SPTI
[22:30:19] [413/459] DPTD
[22:30:20] [414/459] TGSN
[22:30:20] [415/459] RCWV
[22:30:21] [416/459] OCUR
[22:30:22] [417/459] KSTC
[22:30:23] [418/459] SANI
[22:30:23] [419/459] MLCA
[22:30:25] [420/459] EGCA
[22:30:25] [421/459] SYSN
[22:30:26] [422/459] PKTA
[22:30:28] [423/459] PRCC
[22:30:29] [424/459] KSTR
[22:30:29] [425/459] SNTP
[22:30:30] [426/459] RCHA
[22:30:32] [427/459] SEEA
[22:30:32] [428/459] ALAT
[22:30:33] [429/459] AATV
[22:30:34] [430/459] RJTE
[22:30:35] [431/459] AAPP
[22:30:36] [432/459] PMMH
[22:30:36] [433/459] INRJ
[22:30:37] [434/459] SARB
[22:30:38] [435/459] PCJL
[22:30:39] [436/459] PFJJ
[22:30:40] [437/459] GRDC
[22:30:40] [438/459] BCBA
[22:30:41] [439/459] VIXL
[22:30:42] [440/459] CSTL
[22:30:43] [441/459] MTDK
[22:30:44] [442/459] TDAC
[22:30:45] [443/459] GTDN
[22:30:46] [444/459] TTDE
[22:30:47] [445/459] ASTS
[22:30:47] [446/459] CPNS
[22:30:48] [447/459] PVVW
[22:30:49] [448/459] USEB
[22:30:50] [449/459] DTYN
[22:30:51] [450/459] PVLE
[22:30:52] [451/459] CIPS
[22:30:53] [452/459] PAEG
[22:30:54] [453/459] PTCW
[22:30:55] [454/459] G3SR
[22:30:56] [455/459] PGND
[22:30:57] [456/459] INVM
[22:30:58] [457/459] SPIA
[22:30:59] [458/459] PCSN
[22:31:00] [459/459] PPGV
[22:31:01] 🧹 Deduping shows
[22:31:01] ✅ DONE | Shows=1465 | Movies=44
