[16:12:15] 🚀 SCRIPT STARTED
[16:12:15] [1/324] GCTA
[16:12:15] 🧠 New identity created
[16:12:16] [2/324] TOPN
[16:12:17] [3/324] MCUS
[16:12:18] [4/324] SHRL
[16:12:19] [5/324] UPTP
[16:12:20] [6/324] TMMP
[16:12:21] [7/324] DNRP
[16:12:22] [8/324] SRLT
[16:12:23] [9/324] RCNS
[16:12:24] [10/324] DCBH
[16:12:25] [11/324] NAGJ
[16:12:26] [12/324] JVRC
[16:12:27] [13/324] KRJG
[16:12:28] [14/324] SRTJ
[16:12:28] [15/324] CMXM
[16:12:29] [16/324] STMI
[16:12:30] [17/324] SLST
[16:12:31] [18/324] DTCN
[16:12:32] [19/324] STYN
[16:12:33] [20/324] SZVR
[16:12:34] [21/324] SRKO
[16:12:35] [22/324] JTGT
[16:12:35] [23/324] SVFD
[16:12:36] [24/324] SISD
[16:12:37] [25/324] ABDD
[16:12:38] [26/324] DRCA
[16:12:39] [27/324] AVCS
[16:12:40] [28/324] MVKH
[16:12:41] [29/324] ACPR
[16:12:42] [30/324] STIP
[16:12:42] [31/324] MTRA
[16:12:43] [32/324] RMKH
[16:12:44] [33/324] NKRL
[16:12:45] [34/324] PCWN
[16:12:46] [35/324] BLMT
[16:12:47] [36/324] GDPG
[16:12:48] [37/324] SRMX
[16:12:48] [38/324] JACP
[16:12:50] [39/324] CPSH
[16:12:51] [40/324] MCCD
[16:12:51] [41/324] ECGH
[16:12:52] [42/324] MKCK
[16:12:53] [43/324] SRMM
[16:12:54] [44/324] SKYR
[16:12:55] [45/324] PCKC
[16:12:56] [46/324] JCMA
[16:12:57] [47/324] BSMP
[16:12:58] [48/324] VSPA
[16:12:59] [49/324] DJYA
[16:13:00] [50/324] DIMP
[16:13:01] [51/324] FXDR
[16:13:02] [52/324] SSRC
[16:13:02] [53/324] STHP
[16:13:03] [54/324] CPPD
[16:13:04] [55/324] FCLK
[16:13:06] [56/324] SCPP
[16:13:06] [57/324] DCMJ
[16:13:07] [58/324] RCCR
[16:13:08] [59/324] INMT
[16:13:09] [60/324] LXTK
[16:13:10] [61/324] SRYK
[16:13:11] [62/324] SGDK
[16:13:13] [63/324] PPKA
[16:13:13] [64/324] SPKA
[16:13:14] [65/324] CGHH
[16:13:16] [66/324] DCJN
[16:13:17] [67/324] SRKV
[16:13:17] [68/324] SAJC
[16:13:18] [69/324] SUSR
[16:13:19] [70/324] STYG
[16:13:20] [71/324] NTKP
[16:13:20] [72/324] AKTG
[16:13:21] [73/324] CGCM
[16:13:22] [74/324] TULC
[16:13:23] [75/324] NYYZ
[16:13:24] [76/324] NYBW
[16:13:25] [77/324] MACB
[16:13:26] [78/324] SLVT
[16:13:27] [79/324] SANA
[16:13:27] [80/324] ACMR
[16:13:28] [81/324] CPKN
[16:13:29] [82/324] DLGK
[16:13:30] [83/324] CWCK
[16:13:31] [84/324] FDDH
[16:13:31] [85/324] MMMD
[16:13:32] [86/324] CMEH
[16:13:34] [87/324] GGGV
[16:13:35] [88/324] SPJL
[16:13:36] [89/324] RCCD
[16:13:37] [90/324] STTZ
[16:13:37] [91/324] BTCF
[16:13:38] [92/324] TSTZ
[16:13:39] [93/324] IPMM
[16:13:40] [94/324] PMPW
[16:13:42] [95/324] PCMZ
[16:13:43] [96/324] ESEM
[16:13:43] [97/324] PIPO
[16:13:44] [98/324] MATK
[16:13:45] [99/324] PGHM
[16:13:46] [100/324] CTSR
[16:13:47] [101/324] CYKR
[16:13:47] [102/324] MSCM
[16:13:48] [103/324] RFNP
[16:13:49] [104/324] PDCP
[16:13:50] [105/324] NPSE
[16:13:51] [106/324] MKML
[16:13:52] [107/324] FTDP
[16:13:53] [108/324] MMXA
[16:13:54] [109/324] CEPO
[16:13:54] [110/324] CMVP
[16:13:55] [111/324] SGTH
[16:13:56] [112/324] SAYN
[16:13:57] [113/324] URVS
[16:13:58] [114/324] VJTN
[16:13:59] [115/324] BBYK
[16:13:59] [116/324] SHBO
[16:14:00] [117/324] VCMR
[16:14:01] [118/324] MACT
[16:14:02] [119/324] JMNP
[16:14:03] [120/324] VICS
[16:14:04] [121/324] VCDA
[16:14:05] [122/324] GCMM
[16:14:06] [123/324] INVS
[16:14:07] [124/324] SCGM
[16:14:08] [125/324] PCDA
[16:14:09] [126/324] KDCT
[16:14:10] [127/324] JACS
[16:14:11] [128/324] GMMC
[16:14:12] [129/324] AICM
[16:14:12] [130/324] TJCM
[16:14:14] [131/324] RMTI
[16:14:15] [132/324] SHAC
[16:14:16] [133/324] APJC
[16:14:17] [134/324] GCTG
[16:14:17] [135/324] SSMC
[16:14:18] [136/324] THRM
[16:14:19] [137/324] RBCT
[16:14:20] [138/324] DIKT
[16:14:21] [139/324] MIDL
[16:14:22] [140/324] VCSN
[16:14:22] [141/324] SKTG
[16:14:23] [142/324] SMWC
[16:14:24] [143/324] MNKH
[16:14:24] [144/324] PIAT
[16:14:25] [145/324] LTTP
[16:14:27] [146/324] PTPU
[16:14:28] [147/324] ACMG
[16:14:29] [148/324] SHMM
[16:14:30] [149/324] MCMN
[16:14:31] [150/324] GLDC
[16:14:32] [151/324] HOUT
[16:14:33] [152/324] SVRP
[16:14:34] [153/324] PVDN
[16:14:35] [154/324] SCPY
[16:14:36] [155/324] DTPY
[16:14:36] [156/324] GKCS
[16:14:37] [157/324] NCAM
[16:14:38] [158/324] BSRM
[16:14:39] [159/324] RCLC
[16:14:39] [160/324] SKKD
[16:14:40] [161/324] ACHU
[16:14:41] [162/324] RSCF
[16:14:42] [163/324] IMSH
[16:14:43] [164/324] MACX
[16:14:44] [165/324] HMMW
[16:14:45] [166/324] JTCP
[16:14:45] [167/324] SREN
[16:14:46] [168/324] PJRR
[16:14:47] [169/324] INAC
[16:14:48] [170/324] BMCA
[16:14:49] [171/324] SHCB
[16:14:49] [172/324] GABA
[16:14:50] [173/324] SBCT
[16:14:51] [174/324] GCMA
[16:14:52] [175/324] MYTK
[16:14:53] [176/324] INZS
[16:14:53] [177/324] RMIK
[16:14:54] [178/324] NYCH
[16:14:55] [179/324] RAVE
[16:14:56] [180/324] PSXM
[16:14:57] [181/324] MCGP
[16:14:58] [182/324] PDDK
[16:14:59] [183/324] SPCK
[16:14:59] [184/324] MCRL
[16:15:00] [185/324] MHKT
[16:15:01] [186/324] ANRR
[16:15:02] [187/324] SAPK
[16:15:03] [188/324] NCUK
[16:15:04] [189/324] JUGA
[16:15:05] [190/324] DBSC
[16:15:05] [191/324] LALK
[16:15:06] [192/324] GUCK
[16:15:07] [193/324] STSG
[16:15:09] [194/324] PPPZ
[16:15:10] [195/324] CNCY
[16:15:11] [196/324] MTAR
[16:15:12] [197/324] VNKD
[16:15:13] [198/324] KMAJ
[16:15:14] [199/324] ACXK
[16:15:15] [200/324] UTKC
[16:15:16] [201/324] PBLK
[16:15:16] [202/324] ACBX
[16:15:17] [203/324] PTGM
[16:15:18] [204/324] BTDA
[16:15:19] [205/324] PJMB
[16:15:20] [206/324] TPDA
[16:15:21] [207/324] AMOE
[16:15:21] [208/324] PRHT
[16:15:22] [209/324] PRTA
[16:15:23] [210/324] STAM
[16:15:24] [211/324] MSAA
[16:15:25] [212/324] SDLU
[16:15:26] [213/324] RCHH
[16:15:28] [214/324] KANT
[16:15:29] [215/324] FCRT
[16:15:31] [216/324] DNKM
[16:15:31] [217/324] RYCP
[16:15:32] [218/324] MYRP
[16:15:33] [219/324] PPAK
[16:15:34] [220/324] NVPK
[16:15:35] [221/324] PRMC
[16:15:37] [222/324] JBCS
[16:15:39] [223/324] GXCK
[16:15:39] [224/324] USKO
[16:15:40] [225/324] GTEM
[16:15:41] [226/324] SMBU
[16:15:42] [227/324] VETC
[16:15:43] [228/324] LCDA
[16:15:44] [229/324] MTVT
[16:15:44] [230/324] PYCP
[16:15:45] [231/324] PNSC
[16:15:46] [232/324] PPCC
[16:15:47] [233/324] TGRT
[16:15:48] [234/324] JYOT
[16:15:49] [235/324] SRCZ
[16:15:50] [236/324] SJTE
[16:15:51] [237/324] DESC
[16:15:52] [238/324] JHVN
[16:15:53] [239/324] IPSG
[16:15:54] [240/324] IPCM
[16:15:55] [241/324] PDRS
[16:15:56] [242/324] ANCV
[16:15:56] [243/324] CMVV
[16:15:57] [244/324] SHYP
[16:15:58] [245/324] DNCS
[16:15:59] [246/324] GAJK
[16:16:00] [247/324] AKTN
[16:16:02] [248/324] KAYA
[16:16:03] [249/324] SBRC
[16:16:04] [250/324] CHTP
[16:16:05] [251/324] SHRT
[16:16:06] [252/324] BCKU
[16:16:08] [253/324] FCPS
[16:16:09] [254/324] ARDD
[16:16:10] [255/324] CPCM
[16:16:11] [256/324] CGSM
[16:16:13] [257/324] PSMP
[16:16:14] [258/324] SDAL
[16:16:15] [259/324] RTNB
[16:16:16] [260/324] LMCR
[16:16:16] [261/324] CIMA
[16:16:17] [262/324] RNAS
[16:16:18] [263/324] LITH
[16:16:19] [264/324] PBOX
[16:16:20] [265/324] FRTS
[16:16:21] [266/324] RKIC
[16:16:21] [267/324] PTAI
[16:16:22] [268/324] GCIC
[16:16:23] [269/324] FNAS
[16:16:24] [270/324] SCAR
[16:16:25] [271/324] MTCA
[16:16:26] [272/324] SCTS
[16:16:27] [273/324] SYCS
[16:16:27] [274/324] RDMS
[16:16:28] [275/324] KAMP
[16:16:29] [276/324] ERSD
[16:16:30] [277/324] MJMJ
[16:16:31] [278/324] SRCJ
[16:16:32] [279/324] SCXE
[16:16:32] [280/324] SVFR
[16:16:33] [281/324] BHCS
[16:16:34] [282/324] IMCC
[16:16:35] [283/324] PCBO
[16:16:36] [284/324] PRVN
[16:16:37] [285/324] AUPM
[16:16:38] [286/324] INBW
[16:16:38] [287/324] SVCW
[16:16:39] [288/324] RKCF
[16:16:40] [289/324] UVBH
[16:16:41] [290/324] DNCY
[16:16:41] [291/324] ABCN
[16:16:43] [292/324] PRUR
[16:16:44] [293/324] PFMR
[16:16:45] [294/324] RKCN
[16:16:46] [295/324] CFEA
[16:16:47] [296/324] SDBG
[16:16:47] [297/324] SNAR
[16:16:48] [298/324] YISI
[16:16:50] [299/324] JCFF
[16:16:51] [300/324] VTRK
[16:16:53] [301/324] PCLZ
[16:16:54] [302/324] DIMY
[16:16:55] [303/324] BBTS
[16:16:56] [304/324] GATH
[16:16:57] [305/324] GTMN
[16:16:58] [306/324] VTMH
[16:16:59] [307/324] CCKP
[16:17:00] [308/324] GPKA
[16:17:00] [309/324] MHCL
[16:17:01] [310/324] ATCL
[16:17:02] [311/324] SBCK
[16:17:03] [312/324] AMMR
[16:17:04] [313/324] MADC
[16:17:05] [314/324] TMMA
[16:17:07] [315/324] CACC
[16:17:08] [316/324] CHAL
[16:17:10] [317/324] DURG
[16:17:11] [318/324] GMKU
[16:17:12] [319/324] GECA
[16:17:12] [320/324] KYRR
[16:17:13] [321/324] KSDE
[16:17:14] [322/324] LMCI
[16:17:15] [323/324] NKCP
[16:17:16] [324/324] BGTC
[16:17:17] 🧹 Deduping shows
[16:17:17] ✅ DONE | Shows=779 | Movies=44
