[18:58:03] 🚀 SCRIPT STARTED
[18:58:03] [1/445] TGMR
[18:58:03] 🧠 New identity created
[18:58:04] [2/445] CXKR
[18:58:05] [3/445] SROP
[18:58:06] [4/445] GTSV
[18:58:07] [5/445] SNTY
[18:58:09] [6/445] SMYY
[18:58:10] [7/445] CNCS
[18:58:10] [8/445] CSTM
[18:58:11] [9/445] NUCD
[18:58:12] [10/445] SHCZ
[18:58:13] [11/445] NJCT
[18:58:14] [12/445] COPC
[18:58:15] [13/445] STVV
[18:58:15] [14/445] SKRN
[18:58:17] [15/445] APPZ
[18:58:18] [16/445] YMGN
[18:58:19] [17/445] SVTU
[18:58:20] [18/445] GTAD
[18:58:21] [19/445] PSUS
[18:58:22] [20/445] SMCD
[18:58:23] [21/445] CMCM
[18:58:24] [22/445] SYCT
[18:58:25] [23/445] STLY
[18:58:26] [24/445] CMHU
[18:58:27] [25/445] CMSA
[18:58:28] [26/445] CLCU
[18:58:29] [27/445] PPNT
[18:58:30] [28/445] JTAB
[18:58:31] [29/445] BUUC
[18:58:31] [30/445] BSVK
[18:58:32] [31/445] VVVQ
[18:58:34] [32/445] TKMU
[18:58:35] [33/445] ESYL
[18:58:36] [34/445] ACHP
[18:58:37] [35/445] BTKD
[18:58:38] [36/445] DESA
[18:58:38] [37/445] GBCT
[18:58:39] [38/445] BLLD
[18:58:40] [39/445] SKNT
[18:58:41] [40/445] SSTE
[18:58:42] [41/445] VJMR
[18:58:43] [42/445] NTPU
[18:58:44] [43/445] RDKN
[18:58:45] [44/445] ADGC
[18:58:46] [45/445] VRBP
[18:58:47] [46/445] NMNA
[18:58:48] [47/445] CMMX
[18:58:48] [48/445] PTKO
[18:58:50] [49/445] RBML
[18:58:51] [50/445] SAIC
[18:58:51] [51/445] SVTJ
[18:58:52] [52/445] MRTE
[18:58:53] [53/445] RBTP
[18:58:55] [54/445] NLPS
[18:58:56] [55/445] GTNA
[18:58:57] [56/445] DGGC
[18:58:58] [57/445] SMCR
[18:58:59] [58/445] SCGD
[18:58:59] [59/445] SRRJ
[18:59:00] [60/445] CNRY
[18:59:01] [61/445] KTDI
[18:59:02] [62/445] SNJL
[18:59:03] [63/445] RKMD
[18:59:04] [64/445] SMDC
[18:59:05] [65/445] TADG
[18:59:06] [66/445] MCGS
[18:59:07] [67/445] PETK
[18:59:08] [68/445] CHAG
[18:59:09] [69/445] KSTL
[18:59:10] [70/445] AADS
[18:59:11] [71/445] NTHZ
[18:59:11] [72/445] HCKI
[18:59:12] [73/445] SSEF
[18:59:13] [74/445] MCGX
[18:59:14] [75/445] ERRA
[18:59:15] [76/445] SDTW
[18:59:17] [77/445] RMPK
[18:59:17] [78/445] PTHK
[18:59:18] [79/445] PXCS
[18:59:19] [80/445] SVLU
[18:59:20] [81/445] STAH
[18:59:21] [82/445] JRGF
[18:59:22] [83/445] CDOK
[18:59:23] [84/445] CMSG
[18:59:24] [85/445] APTD
[18:59:26] [86/445] KMPG
[18:59:27] [87/445] MUTJ
[18:59:28] [88/445] VCCI
[18:59:29] [89/445] URBE
[18:59:30] [90/445] TCTS
[18:59:31] [91/445] STSN
[18:59:32] [92/445] AKCH
[18:59:32] [93/445] APSC
[18:59:33] [94/445] VLTB
[18:59:34] [95/445] SANU
[18:59:35] [96/445] AXAM
[18:59:36] [97/445] MGMG
[18:59:37] [98/445] HTBY
[18:59:38] [99/445] MMZS
[18:59:39] [100/445] SUDR
[18:59:39] [101/445] CCAD
[18:59:40] [102/445] SKKC
[18:59:41] [103/445] RMCD
[18:59:42] [104/445] SBCQ
[18:59:43] [105/445] DCCT
[18:59:44] [106/445] VTKP
[18:59:45] [107/445] MLAM
[18:59:45] [108/445] SAVT
[18:59:46] [109/445] GEPL
[18:59:47] [110/445] AMCD
[18:59:48] [111/445] CCXR
[18:59:49] [112/445] GRNG
[18:59:50] [113/445] EBCA
[18:59:51] [114/445] CNVG
[18:59:52] [115/445] MWSS
[18:59:53] [116/445] VBOR
[18:59:53] [117/445] NEEB
[18:59:54] [118/445] SUTH
[18:59:55] [119/445] ANDB
[18:59:57] [120/445] MMXS
[18:59:58] [121/445] CNPD
[18:59:58] [122/445] SDCE
[18:59:59] [123/445] DHCB
[19:00:00] [124/445] ODEN
[19:00:01] [125/445] TNTC
[19:00:02] [126/445] VBKM
[19:00:03] [127/445] RZYM
[19:00:04] [128/445] JEMC
[19:00:05] [129/445] CMAU
[19:00:06] [130/445] SIVP
[19:00:07] [131/445] ATAG
[19:00:08] [132/445] CHTM
[19:00:08] [133/445] AAEE
[19:00:10] [134/445] IWPM
[19:00:13] [135/445] KCMW
[19:00:13] [136/445] MCTD
[19:00:14] [137/445] SPWR
[19:00:15] [138/445] SDPO
[19:00:16] [139/445] PCSK
[19:00:17] [140/445] ACHV
[19:00:17] [141/445] SVLA
[19:00:18] [142/445] PICT
[19:00:19] [143/445] BXDR
[19:00:20] [144/445] SPWA
[19:00:21] [145/445] MCKO
[19:00:21] [146/445] RTHK
[19:00:22] [147/445] CCMF
[19:00:23] [148/445] MRGB
[19:00:24] [149/445] CPLC
[19:00:25] [150/445] RACD
[19:00:26] [151/445] ATKT
[19:00:27] [152/445] SARN
[19:00:28] [153/445] KKUI
[19:00:29] [154/445] RGCM
[19:00:29] [155/445] BRVP
[19:00:30] [156/445] HRSR
[19:00:31] [157/445] GKGM
[19:00:32] [158/445] TTCD
[19:00:33] [159/445] PTTI
[19:00:34] [160/445] MPTT
[19:00:34] [161/445] CVTT
[19:00:35] [162/445] PCXD
[19:00:36] [163/445] GCDC
[19:00:37] [164/445] CCCF
[19:00:37] [165/445] MRAD
[19:00:38] [166/445] CPLK
[19:00:39] [167/445] SATB
[19:00:40] [168/445] SNVG
[19:00:41] [169/445] JMBA
[19:00:42] [170/445] TEJA
[19:00:42] [171/445] STYO
[19:00:43] [172/445] JTBP
[19:00:44] [173/445] KRGD
[19:00:45] [174/445] SLJJ
[19:00:46] [175/445] SPTJ
[19:00:46] [176/445] SWJG
[19:00:47] [177/445] LKRT
[19:00:48] [178/445] KCKA
[19:00:49] [179/445] SNCR
[19:00:51] [180/445] SMKL
[19:00:52] [181/445] GCFA
[19:00:52] [182/445] DDCK
[19:00:53] [183/445] NCHJ
[19:00:54] [184/445] RDMA
[19:00:56] [185/445] SVSV
[19:00:57] [186/445] SCJG
[19:00:58] [187/445] VKLP
[19:00:59] [188/445] NWCC
[19:01:00] [189/445] VKNS
[19:01:01] [190/445] SDDP
[19:01:02] [191/445] ACSI
[19:01:02] [192/445] SATG
[19:01:03] [193/445] SCMW
[19:01:04] [194/445] LKTK
[19:01:05] [195/445] VCKV
[19:01:05] [196/445] KKPE
[19:01:06] [197/445] KIGH
[19:01:07] [198/445] SRPM
[19:01:08] [199/445] SCAH
[19:01:08] [200/445] MUTA
[19:01:10] [201/445] SEPU
[19:01:10] [202/445] INOA
[19:01:11] [203/445] BASK
[19:01:12] [204/445] NECB
[19:01:13] [205/445] GTTG
[19:01:14] [206/445] ASSA
[19:01:15] [207/445] ANCL
[19:01:16] [208/445] GCTI
[19:01:16] [209/445] RCTS
[19:01:17] [210/445] ACNL
[19:01:18] [211/445] MYCT
[19:01:19] [212/445] NMHT
[19:01:20] [213/445] MDIT
[19:01:21] [214/445] LATG
[19:01:21] [215/445] SMTY
[19:01:22] [216/445] CVCT
[19:01:23] [217/445] RAMB
[19:01:23] [218/445] TGMS
[19:01:24] [219/445] BHEL
[19:01:25] [220/445] SHCT
[19:01:26] [221/445] SVCT
[19:01:29] [222/445] MRIY
[19:01:29] [223/445] SARO
[19:01:30] [224/445] STCT
[19:01:31] [225/445] JKKC
[19:01:32] [226/445] PLTT
[19:01:33] [227/445] SRNT
[19:01:34] [228/445] YAST
[19:01:35] [229/445] PERL
[19:01:36] [230/445] CICM
[19:01:36] [231/445] MMTR
[19:01:37] [232/445] ABTK
[19:01:38] [233/445] ATYY
[19:01:39] [234/445] ASTK
[19:01:40] [235/445] VVCK
[19:01:40] [236/445] ATKY
[19:01:41] [237/445] GWEK
[19:01:42] [238/445] SVFH
[19:01:43] [239/445] SLTA
[19:01:44] [240/445] AASH
[19:01:45] [241/445] ACXB
[19:01:45] [242/445] SMTX
[19:01:46] [243/445] AZDH
[19:01:47] [244/445] CMMH
[19:01:48] [245/445] SCSZ
[19:01:49] [246/445] SCKP
[19:01:50] [247/445] NXTM
[19:01:51] [248/445] NWCS
[19:01:52] [249/445] CXMH
[19:01:53] [250/445] PCMA
[19:01:54] [251/445] SGCM
[19:01:55] [252/445] SDTU
[19:01:57] [253/445] MMVI
[19:01:58] [254/445] JKCM
[19:01:58] [255/445] VCMM
[19:01:59] [256/445] SYEE
[19:02:01] [257/445] VASD
[19:02:01] [258/445] BDRB
[19:02:02] [259/445] LASM
[19:02:03] [260/445] DCRL
[19:02:04] [261/445] DVPM
[19:02:05] [262/445] SBMJ
[19:02:06] [263/445] CBMU
[19:02:07] [264/445] IUBS
[19:02:08] [265/445] INAP
[19:02:09] [266/445] SRRC
[19:02:10] [267/445] SAGR
[19:02:11] [268/445] CPMJ
[19:02:12] [269/445] ATJL
[19:02:13] [270/445] NNTD
[19:02:15] [271/445] JHCJ
[19:02:15] [272/445] CMMP
[19:02:16] [273/445] RSDR
[19:02:17] [274/445] AMTI
[19:02:18] [275/445] NYSG
[19:02:19] [276/445] AVSG
[19:02:20] [277/445] SYTP
[19:02:20] [278/445] LARC
[19:02:21] [279/445] RJTP
[19:02:22] [280/445] LAKC
[19:02:23] [281/445] MCXE
[19:02:24] [282/445] CCZC
[19:02:25] [283/445] AVCH
[19:02:26] [284/445] CMBE
[19:02:27] [285/445] MRRC
[19:02:28] [286/445] PCPY
[19:02:29] [287/445] SRMH
[19:02:30] [288/445] SVGS
[19:02:31] [289/445] PCSE
[19:02:32] [290/445] SVFT
[19:02:33] [291/445] TNZP
[19:02:34] [292/445] ICTP
[19:02:35] [293/445] ACTZ
[19:02:35] [294/445] GTUR
[19:02:36] [295/445] MAFC
[19:02:37] [296/445] MINL
[19:02:38] [297/445] MRCL
[19:02:39] [298/445] RCRP
[19:02:40] [299/445] RFFG
[19:02:41] [300/445] RMAS
[19:02:41] [301/445] INVR
[19:02:42] [302/445] RMAR
[19:02:43] [303/445] CNIS
[19:02:44] [304/445] RHRJ
[19:02:45] [305/445] INXR
[19:02:46] [306/445] VALT
[19:02:46] [307/445] LCSH
[19:02:47] [308/445] CMVS
[19:02:48] [309/445] CNMS
[19:02:49] [310/445] ROOG
[19:02:50] [311/445] ISRM
[19:02:51] [312/445] RCRM
[19:02:52] [313/445] ACJA
[19:02:53] [314/445] RCVS
[19:02:54] [315/445] CPUS
[19:02:54] [316/445] TGCS
[19:02:55] [317/445] RKCJ
[19:02:56] [318/445] MKSB
[19:02:57] [319/445] TCSJ
[19:02:58] [320/445] RMGP
[19:02:59] [321/445] CLLP
[19:03:00] [322/445] RCMV
[19:03:01] [323/445] CCKS
[19:03:02] [324/445] RSRP
[19:03:03] [325/445] APLP
[19:03:03] [326/445] CNVS
[19:03:04] [327/445] RMVY
[19:03:05] [328/445] PGBD
[19:03:06] [329/445] KLMS
[19:03:07] [330/445] RUST
[19:03:07] [331/445] MASM
[19:03:09] [332/445] BACS
[19:03:10] [333/445] BWST
[19:03:10] [334/445] RRFH
[19:03:11] [335/445] SJTM
[19:03:12] [336/445] BEMR
[19:03:13] [337/445] MCGR
[19:03:14] [338/445] SDSK
[19:03:15] [339/445] VBOL
[19:03:16] [340/445] RMGM
[19:03:17] [341/445] NOPL
[19:03:17] [342/445] MKJK
[19:03:18] [343/445] CVRN
[19:03:19] [344/445] MMEN
[19:03:20] [345/445] AMNG
[19:03:21] [346/445] INTM
[19:03:22] [347/445] SLCZ
[19:03:23] [348/445] AMJN
[19:03:23] [349/445] ACJN
[19:03:24] [350/445] AMKN
[19:03:25] [351/445] BTCN
[19:03:25] [352/445] AMBT
[19:03:26] [353/445] PACN
[19:03:27] [354/445] LCNS
[19:03:28] [355/445] PPKC
[19:03:29] [356/445] JYYN
[19:03:30] [357/445] JTNR
[19:03:31] [358/445] GTEE
[19:03:31] [359/445] SRNM
[19:03:32] [360/445] SDTC
[19:03:33] [361/445] VPCA
[19:03:34] [362/445] VLRA
[19:03:35] [363/445] SHKR
[19:03:36] [364/445] SBKD
[19:03:37] [365/445] SAAD
[19:03:37] [366/445] JTGN
[19:03:38] [367/445] SLAM
[19:03:39] [368/445] VTPM
[19:03:40] [369/445] ANPT
[19:03:41] [370/445] PUNB
[19:03:42] [371/445] CPKT
[19:03:44] [372/445] CNWE
[19:03:45] [373/445] ECPP
[19:03:46] [374/445] CPAR
[19:03:46] [375/445] ESBW
[19:03:47] [376/445] PKPU
[19:03:48] [377/445] CPRP
[19:03:49] [378/445] RAHU
[19:03:49] [379/445] RHMN
[19:03:50] [380/445] FMJP
[19:03:51] [381/445] CTMP
[19:03:52] [382/445] INPN
[19:03:52] [383/445] STTG
[19:03:53] [384/445] CTRD
[19:03:54] [385/445] PUVB
[19:03:56] [386/445] ESVP
[19:03:56] [387/445] CPFT
[19:03:57] [388/445] LCPC
[19:03:58] [389/445] VBCT
[19:03:59] [390/445] FSCW
[19:04:01] [391/445] VCMP
[19:04:02] [392/445] ASHC
[19:04:02] [393/445] VLCX
[19:04:03] [394/445] SHEV
[19:04:04] [395/445] APCO
[19:04:05] [396/445] SILC
[19:04:06] [397/445] SNMR
[19:04:06] [398/445] KYBO
[19:04:07] [399/445] SATK
[19:04:08] [400/445] SSCS
[19:04:09] [401/445] CLSB
[19:04:10] [402/445] KMJR
[19:04:11] [403/445] FSCK
[19:04:12] [404/445] NNKA
[19:04:12] [405/445] CLMK
[19:04:13] [406/445] DMPZ
[19:04:14] [407/445] INQM
[19:04:15] [408/445] CAML
[19:04:16] [409/445] INRK
[19:04:17] [410/445] IMKN
[19:04:18] [411/445] SVNR
[19:04:19] [412/445] INSL
[19:04:19] [413/445] MSMA
[19:04:20] [414/445] MCKK
[19:04:21] [415/445] FCHP
[19:04:22] [416/445] SFCR
[19:04:22] [417/445] NACK
[19:04:23] [418/445] PVAK
[19:04:24] [419/445] INER
[19:04:25] [420/445] RDBK
[19:04:26] [421/445] SVFN
[19:04:27] [422/445] IFRM
[19:04:27] [423/445] ATCK
[19:04:28] [424/445] ASKO
[19:04:29] [425/445] STKT
[19:04:30] [426/445] SVFB
[19:04:31] [427/445] INKS
[19:04:31] [428/445] PCRA
[19:04:32] [429/445] ATJA
[19:04:33] [430/445] IMJN
[19:04:34] [431/445] INHD
[19:04:35] [432/445] BARA
[19:04:35] [433/445] MCSL
[19:04:36] [434/445] RTOY
[19:04:37] [435/445] MENO
[19:04:38] [436/445] PUDM
[19:04:39] [437/445] PRCN
[19:04:39] [438/445] JMJR
[19:04:41] [439/445] SSGK
[19:04:42] [440/445] SSRL
[19:04:42] [441/445] JYKL
[19:04:43] [442/445] ACNB
[19:04:44] [443/445] SONP
[19:04:45] [444/445] EMCI
[19:04:46] [445/445] MRJH
[19:04:47] 🧹 Deduping shows
[19:04:47] ✅ DONE | Shows=164 | Movies=15
[22:21:57] 🚀 SCRIPT STARTED
[22:21:57] [1/445] TGMR
[22:21:57] 🧠 New identity created
[22:21:58] [2/445] CXKR
[22:21:59] [3/445] SROP
[22:22:00] [4/445] GTSV
[22:22:01] [5/445] SNTY
[22:22:02] [6/445] SMYY
[22:22:03] [7/445] CNCS
[22:22:03] [8/445] CSTM
[22:22:04] [9/445] NUCD
[22:22:05] [10/445] SHCZ
[22:22:06] [11/445] NJCT
[22:22:07] [12/445] COPC
[22:22:08] [13/445] STVV
[22:22:09] [14/445] SKRN
[22:22:10] [15/445] APPZ
[22:22:10] [16/445] YMGN
[22:22:11] [17/445] SVTU
[22:22:12] [18/445] GTAD
[22:22:13] [19/445] PSUS
[22:22:14] [20/445] SMCD
[22:22:15] [21/445] CMCM
[22:22:16] [22/445] SYCT
[22:22:17] [23/445] STLY
[22:22:18] [24/445] CMHU
[22:22:19] [25/445] CMSA
[22:22:20] [26/445] CLCU
[22:22:21] [27/445] PPNT
[22:22:22] [28/445] JTAB
[22:22:23] [29/445] BUUC
[22:22:24] [30/445] BSVK
[22:22:25] [31/445] VVVQ
[22:22:26] [32/445] TKMU
[22:22:27] [33/445] ESYL
[22:22:27] [34/445] ACHP
[22:22:28] [35/445] BTKD
[22:22:29] [36/445] DESA
[22:22:30] [37/445] GBCT
[22:22:31] [38/445] BLLD
[22:22:31] [39/445] SKNT
[22:22:32] [40/445] SSTE
[22:22:33] [41/445] VJMR
[22:22:35] [42/445] NTPU
[22:22:36] [43/445] RDKN
[22:22:37] [44/445] ADGC
[22:22:38] [45/445] VRBP
[22:22:39] [46/445] NMNA
[22:22:40] [47/445] CMMX
[22:22:41] [48/445] PTKO
[22:22:43] [49/445] RBML
[22:22:43] [50/445] SAIC
[22:22:44] [51/445] SVTJ
[22:22:45] [52/445] MRTE
[22:22:46] [53/445] RBTP
[22:22:47] [54/445] NLPS
[22:22:48] [55/445] GTNA
[22:22:49] [56/445] DGGC
[22:22:51] [57/445] SMCR
[22:22:52] [58/445] SCGD
[22:22:53] [59/445] SRRJ
[22:22:53] [60/445] CNRY
[22:22:54] [61/445] KTDI
[22:22:56] [62/445] SNJL
[22:22:56] [63/445] RKMD
[22:22:57] [64/445] SMDC
[22:22:58] [65/445] TADG
[22:22:59] [66/445] MCGS
[22:23:00] [67/445] PETK
[22:23:01] [68/445] CHAG
[22:23:01] [69/445] KSTL
[22:23:02] [70/445] AADS
[22:23:03] [71/445] NTHZ
[22:23:04] [72/445] HCKI
[22:23:05] [73/445] SSEF
[22:23:06] [74/445] MCGX
[22:23:07] [75/445] ERRA
[22:23:08] [76/445] SDTW
[22:23:09] [77/445] RMPK
[22:23:10] [78/445] PTHK
[22:23:11] [79/445] PXCS
[22:23:12] [80/445] SVLU
[22:23:13] [81/445] STAH
[22:23:14] [82/445] JRGF
[22:23:14] [83/445] CDOK
[22:23:15] [84/445] CMSG
[22:23:16] [85/445] APTD
[22:23:17] [86/445] KMPG
[22:23:18] [87/445] MUTJ
[22:23:18] [88/445] VCCI
[22:23:19] [89/445] URBE
[22:23:20] [90/445] TCTS
[22:23:21] [91/445] STSN
[22:23:22] [92/445] AKCH
[22:23:24] [93/445] APSC
[22:23:25] [94/445] VLTB
[22:23:25] [95/445] SANU
[22:23:27] [96/445] AXAM
[22:23:28] [97/445] MGMG
[22:23:29] [98/445] HTBY
[22:23:30] [99/445] MMZS
[22:23:30] [100/445] SUDR
[22:23:31] [101/445] CCAD
[22:23:32] [102/445] SKKC
[22:23:34] [103/445] RMCD
[22:23:35] [104/445] SBCQ
[22:23:36] [105/445] DCCT
[22:23:37] [106/445] VTKP
[22:23:38] [107/445] MLAM
[22:23:39] [108/445] SAVT
[22:23:40] [109/445] GEPL
[22:23:41] [110/445] AMCD
[22:23:41] [111/445] CCXR
[22:23:42] [112/445] GRNG
[22:23:43] [113/445] EBCA
[22:23:44] [114/445] CNVG
[22:23:45] [115/445] MWSS
[22:23:46] [116/445] VBOR
[22:23:46] [117/445] NEEB
[22:23:47] [118/445] SUTH
[22:23:48] [119/445] ANDB
[22:23:49] [120/445] MMXS
[22:23:49] [121/445] CNPD
[22:23:50] [122/445] SDCE
[22:23:51] [123/445] DHCB
[22:23:52] [124/445] ODEN
[22:23:53] [125/445] TNTC
[22:23:54] [126/445] VBKM
[22:23:54] [127/445] RZYM
[22:23:55] [128/445] JEMC
[22:23:56] [129/445] CMAU
[22:23:57] [130/445] SIVP
[22:23:57] [131/445] ATAG
[22:23:58] [132/445] CHTM
[22:23:59] [133/445] AAEE
[22:24:00] [134/445] IWPM
[22:24:01] [135/445] KCMW
[22:24:01] [136/445] MCTD
[22:24:02] [137/445] SPWR
[22:24:03] [138/445] SDPO
[22:24:04] [139/445] PCSK
[22:24:05] [140/445] ACHV
[22:24:06] [141/445] SVLA
[22:24:07] [142/445] PICT
[22:24:08] [143/445] BXDR
[22:24:09] [144/445] SPWA
[22:24:09] [145/445] MCKO
[22:24:10] [146/445] RTHK
[22:24:11] [147/445] CCMF
[22:24:13] [148/445] MRGB
[22:24:14] [149/445] CPLC
[22:24:15] [150/445] RACD
[22:24:16] [151/445] ATKT
[22:24:17] [152/445] SARN
[22:24:18] [153/445] KKUI
[22:24:19] [154/445] RGCM
[22:24:20] [155/445] BRVP
[22:24:20] [156/445] HRSR
[22:24:21] [157/445] GKGM
[22:24:22] [158/445] TTCD
[22:24:23] [159/445] PTTI
[22:24:24] [160/445] MPTT
[22:24:24] [161/445] CVTT
[22:24:25] [162/445] PCXD
[22:24:26] [163/445] GCDC
[22:24:27] [164/445] CCCF
[22:24:28] [165/445] MRAD
[22:24:28] [166/445] CPLK
[22:24:29] [167/445] SATB
[22:24:30] [168/445] SNVG
[22:24:30] [169/445] JMBA
[22:24:31] [170/445] TEJA
[22:24:32] [171/445] STYO
[22:24:33] [172/445] JTBP
[22:24:33] [173/445] KRGD
[22:24:34] [174/445] SLJJ
[22:24:35] [175/445] SPTJ
[22:24:36] [176/445] SWJG
[22:24:37] [177/445] LKRT
[22:24:38] [178/445] KCKA
[22:24:39] [179/445] SNCR
[22:24:40] [180/445] SMKL
[22:24:41] [181/445] GCFA
[22:24:42] [182/445] DDCK
[22:24:43] [183/445] NCHJ
[22:24:44] [184/445] RDMA
[22:24:45] [185/445] SVSV
[22:24:46] [186/445] SCJG
[22:24:47] [187/445] VKLP
[22:24:48] [188/445] NWCC
[22:24:49] [189/445] VKNS
[22:24:50] [190/445] SDDP
[22:24:51] [191/445] ACSI
[22:24:52] [192/445] SATG
[22:24:53] [193/445] SCMW
[22:24:54] [194/445] LKTK
[22:24:55] [195/445] VCKV
[22:24:56] [196/445] KKPE
[22:24:56] [197/445] KIGH
[22:24:57] [198/445] SRPM
[22:24:58] [199/445] SCAH
[22:25:00] [200/445] MUTA
[22:25:01] [201/445] SEPU
[22:25:02] [202/445] INOA
[22:25:02] [203/445] BASK
[22:25:03] [204/445] NECB
[22:25:05] [205/445] GTTG
[22:25:06] [206/445] ASSA
[22:25:07] [207/445] ANCL
[22:25:08] [208/445] GCTI
[22:25:08] [209/445] RCTS
[22:25:09] [210/445] ACNL
[22:25:10] [211/445] MYCT
[22:25:11] [212/445] NMHT
[22:25:12] [213/445] MDIT
[22:25:13] [214/445] LATG
[22:25:14] [215/445] SMTY
[22:25:15] [216/445] CVCT
[22:25:15] [217/445] RAMB
[22:25:16] [218/445] TGMS
[22:25:17] [219/445] BHEL
[22:25:18] [220/445] SHCT
[22:25:19] [221/445] SVCT
[22:25:20] [222/445] MRIY
[22:25:21] [223/445] SARO
[22:25:22] [224/445] STCT
[22:25:22] [225/445] JKKC
[22:25:23] [226/445] PLTT
[22:25:24] [227/445] SRNT
[22:25:25] [228/445] YAST
[22:25:26] [229/445] PERL
[22:25:26] [230/445] CICM
[22:25:27] [231/445] MMTR
[22:25:28] [232/445] ABTK
[22:25:29] [233/445] ATYY
[22:25:30] [234/445] ASTK
[22:25:31] [235/445] VVCK
[22:25:32] [236/445] ATKY
[22:25:33] [237/445] GWEK
[22:25:34] [238/445] SVFH
[22:25:35] [239/445] SLTA
[22:25:36] [240/445] AASH
[22:25:36] [241/445] ACXB
[22:25:37] [242/445] SMTX
[22:25:38] [243/445] AZDH
[22:25:39] [244/445] CMMH
[22:25:40] [245/445] SCSZ
[22:25:40] [246/445] SCKP
[22:25:41] [247/445] NXTM
[22:25:42] [248/445] NWCS
[22:25:43] [249/445] CXMH
[22:25:44] [250/445] PCMA
[22:25:44] [251/445] SGCM
[22:25:46] [252/445] SDTU
[22:25:47] [253/445] MMVI
[22:25:48] [254/445] JKCM
[22:25:49] [255/445] VCMM
[22:25:50] [256/445] SYEE
[22:25:51] [257/445] VASD
[22:25:51] [258/445] BDRB
[22:25:52] [259/445] LASM
[22:25:53] [260/445] DCRL
[22:25:54] [261/445] DVPM
[22:25:55] [262/445] SBMJ
[22:25:55] [263/445] CBMU
[22:25:56] [264/445] IUBS
[22:25:57] [265/445] INAP
[22:25:58] [266/445] SRRC
[22:25:58] [267/445] SAGR
[22:25:59] [268/445] CPMJ
[22:26:00] [269/445] ATJL
[22:26:01] [270/445] NNTD
[22:26:02] [271/445] JHCJ
[22:26:03] [272/445] CMMP
[22:26:04] [273/445] RSDR
[22:26:04] [274/445] AMTI
[22:26:05] [275/445] NYSG
[22:26:06] [276/445] AVSG
[22:26:07] [277/445] SYTP
[22:26:08] [278/445] LARC
[22:26:09] [279/445] RJTP
[22:26:10] [280/445] LAKC
[22:26:10] [281/445] MCXE
[22:26:11] [282/445] CCZC
[22:26:12] [283/445] AVCH
[22:26:13] [284/445] CMBE
[22:26:14] [285/445] MRRC
[22:26:15] [286/445] PCPY
[22:26:15] [287/445] SRMH
[22:26:16] [288/445] SVGS
[22:26:17] [289/445] PCSE
[22:26:18] [290/445] SVFT
[22:26:19] [291/445] TNZP
[22:26:20] [292/445] ICTP
[22:26:21] [293/445] ACTZ
[22:26:22] [294/445] GTUR
[22:26:23] [295/445] MAFC
[22:26:23] [296/445] MINL
[22:26:24] [297/445] MRCL
[22:26:25] [298/445] RCRP
[22:26:26] [299/445] RFFG
[22:26:27] [300/445] RMAS
[22:26:28] [301/445] INVR
[22:26:29] [302/445] RMAR
[22:26:29] [303/445] CNIS
[22:26:30] [304/445] RHRJ
[22:26:31] [305/445] INXR
[22:26:32] [306/445] VALT
[22:26:33] [307/445] LCSH
[22:26:34] [308/445] CMVS
[22:26:35] [309/445] CNMS
[22:26:35] [310/445] ROOG
[22:26:36] [311/445] ISRM
[22:26:37] [312/445] RCRM
[22:26:38] [313/445] ACJA
[22:26:39] [314/445] RCVS
[22:26:39] [315/445] CPUS
[22:26:40] [316/445] TGCS
[22:26:41] [317/445] RKCJ
[22:26:42] [318/445] MKSB
[22:26:43] [319/445] TCSJ
[22:26:43] [320/445] RMGP
[22:26:44] [321/445] CLLP
[22:26:45] [322/445] RCMV
[22:26:47] [323/445] CCKS
[22:26:47] [324/445] RSRP
[22:26:48] [325/445] APLP
[22:26:49] [326/445] CNVS
[22:26:50] [327/445] RMVY
[22:26:51] [328/445] PGBD
[22:26:51] [329/445] KLMS
[22:26:52] [330/445] RUST
[22:26:53] [331/445] MASM
[22:26:54] [332/445] BACS
[22:26:55] [333/445] BWST
[22:26:56] [334/445] RRFH
[22:26:56] [335/445] SJTM
[22:26:57] [336/445] BEMR
[22:26:58] [337/445] MCGR
[22:26:59] [338/445] SDSK
[22:27:00] [339/445] VBOL
[22:27:01] [340/445] RMGM
[22:27:01] [341/445] NOPL
[22:27:03] [342/445] MKJK
[22:27:04] [343/445] CVRN
[22:27:04] [344/445] MMEN
[22:27:05] [345/445] AMNG
[22:27:06] [346/445] INTM
[22:27:07] [347/445] SLCZ
[22:27:08] [348/445] AMJN
[22:27:09] [349/445] ACJN
[22:27:10] [350/445] AMKN
[22:27:11] [351/445] BTCN
[22:27:12] [352/445] AMBT
[22:27:12] [353/445] PACN
[22:27:13] [354/445] LCNS
[22:27:14] [355/445] PPKC
[22:27:15] [356/445] JYYN
[22:27:15] [357/445] JTNR
[22:27:17] [358/445] GTEE
[22:27:17] [359/445] SRNM
[22:27:18] [360/445] SDTC
[22:27:19] [361/445] VPCA
[22:27:20] [362/445] VLRA
[22:27:21] [363/445] SHKR
[22:27:22] [364/445] SBKD
[22:27:22] [365/445] SAAD
[22:27:23] [366/445] JTGN
[22:27:24] [367/445] SLAM
[22:27:24] [368/445] VTPM
[22:27:25] [369/445] ANPT
[22:27:26] [370/445] PUNB
[22:27:27] [371/445] CPKT
[22:27:28] [372/445] CNWE
[22:27:29] [373/445] ECPP
[22:27:29] [374/445] CPAR
[22:27:30] [375/445] ESBW
[22:27:31] [376/445] PKPU
[22:27:32] [377/445] CPRP
[22:27:33] [378/445] RAHU
[22:27:33] [379/445] RHMN
[22:27:34] [380/445] FMJP
[22:27:35] [381/445] CTMP
[22:27:36] [382/445] INPN
[22:27:36] [383/445] STTG
[22:27:37] [384/445] CTRD
[22:27:38] [385/445] PUVB
[22:27:39] [386/445] ESVP
[22:27:41] [387/445] CPFT
[22:27:42] [388/445] LCPC
[22:27:42] [389/445] VBCT
[22:27:43] [390/445] FSCW
[22:27:44] [391/445] VCMP
[22:27:45] [392/445] ASHC
[22:27:46] [393/445] VLCX
[22:27:47] [394/445] SHEV
[22:27:48] [395/445] APCO
[22:27:49] [396/445] SILC
[22:27:50] [397/445] SNMR
[22:27:51] [398/445] KYBO
[22:27:52] [399/445] SATK
[22:27:53] [400/445] SSCS
[22:27:54] [401/445] CLSB
[22:27:55] [402/445] KMJR
[22:27:56] [403/445] FSCK
[22:27:58] [404/445] NNKA
[22:27:59] [405/445] CLMK
[22:27:59] [406/445] DMPZ
[22:28:00] [407/445] INQM
[22:28:01] [408/445] CAML
[22:28:02] [409/445] INRK
[22:28:02] [410/445] IMKN
[22:28:03] [411/445] SVNR
[22:28:04] [412/445] INSL
[22:28:05] [413/445] MSMA
[22:28:06] [414/445] MCKK
[22:28:07] [415/445] FCHP
[22:28:08] [416/445] SFCR
[22:28:09] [417/445] NACK
[22:28:10] [418/445] PVAK
[22:28:11] [419/445] INER
[22:28:12] [420/445] RDBK
[22:28:12] [421/445] SVFN
[22:28:13] [422/445] IFRM
[22:28:14] [423/445] ATCK
[22:28:15] [424/445] ASKO
[22:28:16] [425/445] STKT
[22:28:17] [426/445] SVFB
[22:28:18] [427/445] INKS
[22:28:19] [428/445] PCRA
[22:28:19] [429/445] ATJA
[22:28:20] [430/445] IMJN
[22:28:21] [431/445] INHD
[22:28:22] [432/445] BARA
[22:28:23] [433/445] MCSL
[22:28:23] [434/445] RTOY
[22:28:24] [435/445] MENO
[22:28:25] [436/445] PUDM
[22:28:26] [437/445] PRCN
[22:28:27] [438/445] JMJR
[22:28:28] [439/445] SSGK
[22:28:29] [440/445] SSRL
[22:28:29] [441/445] JYKL
[22:28:30] [442/445] ACNB
[22:28:31] [443/445] SONP
[22:28:32] [444/445] EMCI
[22:28:32] [445/445] MRJH
[22:28:33] 🧹 Deduping shows
[22:28:33] ✅ DONE | Shows=169 | Movies=15
[03:49:56] 🚀 SCRIPT STARTED
[03:49:56] [1/445] TGMR
[03:49:56] 🧠 New identity created
[03:49:57] [2/445] CXKR
[03:49:58] [3/445] SROP
[03:49:59] [4/445] GTSV
[03:49:59] [5/445] SNTY
[03:50:00] [6/445] SMYY
[03:50:01] [7/445] CNCS
[03:50:02] [8/445] CSTM
[03:50:03] [9/445] NUCD
[03:50:04] [10/445] SHCZ
[03:50:04] [11/445] NJCT
[03:50:05] [12/445] COPC
[03:50:06] [13/445] STVV
[03:50:07] [14/445] SKRN
[03:50:08] [15/445] APPZ
[03:50:08] [16/445] YMGN
[03:50:09] [17/445] SVTU
[03:50:10] [18/445] GTAD
[03:50:11] [19/445] PSUS
[03:50:12] [20/445] SMCD
[03:50:13] [21/445] CMCM
[03:50:13] [22/445] SYCT
[03:50:14] [23/445] STLY
[03:50:16] [24/445] CMHU
[03:50:17] [25/445] CMSA
[03:50:17] [26/445] CLCU
[03:50:18] [27/445] PPNT
[03:50:19] [28/445] JTAB
[03:50:20] [29/445] BUUC
[03:50:21] [30/445] BSVK
[03:50:22] [31/445] VVVQ
[03:50:22] [32/445] TKMU
[03:50:23] [33/445] ESYL
[03:50:24] [34/445] ACHP
[03:50:25] [35/445] BTKD
[03:50:26] [36/445] DESA
[03:50:27] [37/445] GBCT
[03:50:28] [38/445] BLLD
[03:50:29] [39/445] SKNT
[03:50:29] [40/445] SSTE
[03:50:30] [41/445] VJMR
[03:50:31] [42/445] NTPU
[03:50:32] [43/445] RDKN
[03:50:33] [44/445] ADGC
[03:50:34] [45/445] VRBP
[03:50:35] [46/445] NMNA
[03:50:35] [47/445] CMMX
[03:50:36] [48/445] PTKO
[03:50:37] [49/445] RBML
[03:50:38] [50/445] SAIC
[03:50:39] [51/445] SVTJ
[03:50:39] [52/445] MRTE
[03:50:40] [53/445] RBTP
[03:50:41] [54/445] NLPS
[03:50:42] [55/445] GTNA
[03:50:43] [56/445] DGGC
[03:50:44] [57/445] SMCR
[03:50:45] [58/445] SCGD
[03:50:45] [59/445] SRRJ
[03:50:46] [60/445] CNRY
[03:50:47] [61/445] KTDI
[03:50:48] [62/445] SNJL
[03:50:48] [63/445] RKMD
[03:50:49] [64/445] SMDC
[03:50:50] [65/445] TADG
[03:50:51] [66/445] MCGS
[03:50:52] [67/445] PETK
[03:50:53] [68/445] CHAG
[03:50:53] [69/445] KSTL
[03:50:54] [70/445] AADS
[03:50:55] [71/445] NTHZ
[03:50:56] [72/445] HCKI
[03:50:56] [73/445] SSEF
[03:50:57] [74/445] MCGX
[03:50:58] [75/445] ERRA
[03:50:59] [76/445] SDTW
[03:51:00] [77/445] RMPK
[03:51:01] [78/445] PTHK
[03:51:02] [79/445] PXCS
[03:51:03] [80/445] SVLU
[03:51:04] [81/445] STAH
[03:51:05] [82/445] JRGF
[03:51:06] [83/445] CDOK
[03:51:07] [84/445] CMSG
[03:51:08] [85/445] APTD
[03:51:09] [86/445] KMPG
[03:51:10] [87/445] MUTJ
[03:51:11] [88/445] VCCI
[03:51:11] [89/445] URBE
[03:51:12] [90/445] TCTS
[03:51:13] [91/445] STSN
[03:51:14] [92/445] AKCH
[03:51:15] [93/445] APSC
[03:51:16] [94/445] VLTB
[03:51:16] [95/445] SANU
[03:51:17] [96/445] AXAM
[03:51:18] [97/445] MGMG
[03:51:19] [98/445] HTBY
[03:51:20] [99/445] MMZS
[03:51:21] [100/445] SUDR
[03:51:23] [101/445] CCAD
[03:51:23] [102/445] SKKC
[03:51:25] [103/445] RMCD
[03:51:26] [104/445] SBCQ
[03:51:27] [105/445] DCCT
[03:51:28] [106/445] VTKP
[03:51:29] [107/445] MLAM
[03:51:30] [108/445] SAVT
[03:51:30] [109/445] GEPL
[03:51:31] [110/445] AMCD
[03:51:32] [111/445] CCXR
[03:51:33] [112/445] GRNG
[03:51:34] [113/445] EBCA
[03:51:34] [114/445] CNVG
[03:51:35] [115/445] MWSS
[03:51:36] [116/445] VBOR
[03:51:37] [117/445] NEEB
[03:51:38] [118/445] SUTH
[03:51:39] [119/445] ANDB
[03:51:40] [120/445] MMXS
[03:51:41] [121/445] CNPD
[03:51:43] [122/445] SDCE
[03:51:43] [123/445] DHCB
[03:51:44] [124/445] ODEN
[03:51:45] [125/445] TNTC
[03:51:46] [126/445] VBKM
[03:51:46] [127/445] RZYM
[03:51:48] [128/445] JEMC
[03:51:49] [129/445] CMAU
[03:51:50] [130/445] SIVP
[03:51:51] [131/445] ATAG
[03:51:52] [132/445] CHTM
[03:51:53] [133/445] AAEE
[03:51:54] [134/445] IWPM
[03:51:54] [135/445] KCMW
[03:51:55] [136/445] MCTD
[03:51:56] [137/445] SPWR
[03:51:57] [138/445] SDPO
[03:51:58] [139/445] PCSK
[03:51:58] [140/445] ACHV
[03:51:59] [141/445] SVLA
[03:52:00] [142/445] PICT
[03:52:01] [143/445] BXDR
[03:52:02] [144/445] SPWA
[03:52:03] [145/445] MCKO
[03:52:03] [146/445] RTHK
[03:52:04] [147/445] CCMF
[03:52:05] [148/445] MRGB
[03:52:06] [149/445] CPLC
[03:52:07] [150/445] RACD
[03:52:08] [151/445] ATKT
[03:52:09] [152/445] SARN
[03:52:10] [153/445] KKUI
[03:52:11] [154/445] RGCM
[03:52:12] [155/445] BRVP
[03:52:13] [156/445] HRSR
[03:52:13] [157/445] GKGM
[03:52:15] [158/445] TTCD
[03:52:15] [159/445] PTTI
[03:52:16] [160/445] MPTT
[03:52:17] [161/445] CVTT
[03:52:18] [162/445] PCXD
[03:52:19] [163/445] GCDC
[03:52:20] [164/445] CCCF
[03:52:21] [165/445] MRAD
[03:52:21] [166/445] CPLK
[03:52:22] [167/445] SATB
[03:52:23] [168/445] SNVG
[03:52:24] [169/445] JMBA
[03:52:24] [170/445] TEJA
[03:52:25] [171/445] STYO
[03:52:26] [172/445] JTBP
[03:52:27] [173/445] KRGD
[03:52:27] [174/445] SLJJ
[03:52:28] [175/445] SPTJ
[03:52:29] [176/445] SWJG
[03:52:30] [177/445] LKRT
[03:52:32] [178/445] KCKA
[03:52:33] [179/445] SNCR
[03:52:33] [180/445] SMKL
[03:52:34] [181/445] GCFA
[03:52:35] [182/445] DDCK
[03:52:36] [183/445] NCHJ
[03:52:37] [184/445] RDMA
[03:52:37] [185/445] SVSV
[03:52:38] [186/445] SCJG
[03:52:39] [187/445] VKLP
[03:52:40] [188/445] NWCC
[03:52:41] [189/445] VKNS
[03:52:42] [190/445] SDDP
[03:52:44] [191/445] ACSI
[03:52:44] [192/445] SATG
[03:52:45] [193/445] SCMW
[03:52:46] [194/445] LKTK
[03:52:47] [195/445] VCKV
[03:52:48] [196/445] KKPE
[03:52:49] [197/445] KIGH
[03:52:49] [198/445] SRPM
[03:52:50] [199/445] SCAH
[03:52:51] [200/445] MUTA
[03:52:52] [201/445] SEPU
[03:52:53] [202/445] INOA
[03:52:54] [203/445] BASK
[03:52:54] [204/445] NECB
[03:52:55] [205/445] GTTG
[03:52:56] [206/445] ASSA
[03:52:57] [207/445] ANCL
[03:52:58] [208/445] GCTI
[03:52:58] [209/445] RCTS
[03:52:59] [210/445] ACNL
[03:53:00] [211/445] MYCT
[03:53:01] [212/445] NMHT
[03:53:02] [213/445] MDIT
[03:53:03] [214/445] LATG
[03:53:03] [215/445] SMTY
[03:53:04] [216/445] CVCT
[03:53:05] [217/445] RAMB
[03:53:06] [218/445] TGMS
[03:53:07] [219/445] BHEL
[03:53:08] [220/445] SHCT
[03:53:08] [221/445] SVCT
[03:53:09] [222/445] MRIY
[03:53:10] [223/445] SARO
[03:53:11] [224/445] STCT
[03:53:11] [225/445] JKKC
[03:53:12] [226/445] PLTT
[03:53:13] [227/445] SRNT
[03:53:15] [228/445] YAST
[03:53:15] [229/445] PERL
[03:53:16] [230/445] CICM
[03:53:17] [231/445] MMTR
[03:53:18] [232/445] ABTK
[03:53:19] [233/445] ATYY
[03:53:20] [234/445] ASTK
[03:53:21] [235/445] VVCK
[03:53:22] [236/445] ATKY
[03:53:23] [237/445] GWEK
[03:53:24] [238/445] SVFH
[03:53:25] [239/445] SLTA
[03:53:26] [240/445] AASH
[03:53:27] [241/445] ACXB
[03:53:28] [242/445] SMTX
[03:53:29] [243/445] AZDH
[03:53:29] [244/445] CMMH
[03:53:30] [245/445] SCSZ
[03:53:31] [246/445] SCKP
[03:53:32] [247/445] NXTM
[03:53:32] [248/445] NWCS
[03:53:33] [249/445] CXMH
[03:53:34] [250/445] PCMA
[03:53:35] [251/445] SGCM
[03:53:35] [252/445] SDTU
[03:53:36] [253/445] MMVI
[03:53:37] [254/445] JKCM
[03:53:38] [255/445] VCMM
[03:53:39] [256/445] SYEE
[03:53:40] [257/445] VASD
[03:53:41] [258/445] BDRB
[03:53:41] [259/445] LASM
[03:53:42] [260/445] DCRL
[03:53:43] [261/445] DVPM
[03:53:43] [262/445] SBMJ
[03:53:44] [263/445] CBMU
[03:53:45] [264/445] IUBS
[03:53:46] [265/445] INAP
[03:53:47] [266/445] SRRC
[03:53:48] [267/445] SAGR
[03:53:48] [268/445] CPMJ
[03:53:49] [269/445] ATJL
[03:53:50] [270/445] NNTD
[03:53:51] [271/445] JHCJ
[03:53:52] [272/445] CMMP
[03:53:53] [273/445] RSDR
[03:53:53] [274/445] AMTI
[03:53:54] [275/445] NYSG
[03:53:55] [276/445] AVSG
[03:53:55] [277/445] SYTP
[03:53:56] [278/445] LARC
[03:53:57] [279/445] RJTP
[03:53:58] [280/445] LAKC
[03:53:59] [281/445] MCXE
[03:54:00] [282/445] CCZC
[03:54:01] [283/445] AVCH
[03:54:03] [284/445] CMBE
[03:54:04] [285/445] MRRC
[03:54:04] [286/445] PCPY
[03:54:06] [287/445] SRMH
[03:54:07] [288/445] SVGS
[03:54:08] [289/445] PCSE
[03:54:09] [290/445] SVFT
[03:54:10] [291/445] TNZP
[03:54:11] [292/445] ICTP
[03:54:12] [293/445] ACTZ
[03:54:12] [294/445] GTUR
[03:54:14] [295/445] MAFC
[03:54:15] [296/445] MINL
[03:54:15] [297/445] MRCL
[03:54:17] [298/445] RCRP
[03:54:18] [299/445] RFFG
[03:54:19] [300/445] RMAS
[03:54:20] [301/445] INVR
[03:54:21] [302/445] RMAR
[03:54:21] [303/445] CNIS
[03:54:22] [304/445] RHRJ
[03:54:23] [305/445] INXR
[03:54:24] [306/445] VALT
[03:54:24] [307/445] LCSH
[03:54:25] [308/445] CMVS
[03:54:26] [309/445] CNMS
[03:54:27] [310/445] ROOG
[03:54:29] [311/445] ISRM
[03:54:29] [312/445] RCRM
[03:54:30] [313/445] ACJA
[03:54:31] [314/445] RCVS
[03:54:32] [315/445] CPUS
[03:54:33] [316/445] TGCS
[03:54:35] [317/445] RKCJ
[03:54:35] [318/445] MKSB
[03:54:36] [319/445] TCSJ
[03:54:37] [320/445] RMGP
[03:54:38] [321/445] CLLP
[03:54:39] [322/445] RCMV
[03:54:39] [323/445] CCKS
[03:54:40] [324/445] RSRP
[03:54:41] [325/445] APLP
[03:54:42] [326/445] CNVS
[03:54:43] [327/445] RMVY
[03:54:44] [328/445] PGBD
[03:54:45] [329/445] KLMS
[03:54:46] [330/445] RUST
[03:54:47] [331/445] MASM
[03:54:47] [332/445] BACS
[03:54:49] [333/445] BWST
[03:54:49] [334/445] RRFH
[03:54:50] [335/445] SJTM
[03:54:52] [336/445] BEMR
[03:54:53] [337/445] MCGR
[03:54:54] [338/445] SDSK
[03:54:54] [339/445] VBOL
[03:54:55] [340/445] RMGM
[03:54:56] [341/445] NOPL
[03:54:57] [342/445] MKJK
[03:54:58] [343/445] CVRN
[03:54:59] [344/445] MMEN
[03:55:00] [345/445] AMNG
[03:55:00] [346/445] INTM
[03:55:01] [347/445] SLCZ
[03:55:02] [348/445] AMJN
[03:55:04] [349/445] ACJN
[03:55:04] [350/445] AMKN
[03:55:05] [351/445] BTCN
[03:55:06] [352/445] AMBT
[03:55:07] [353/445] PACN
[03:55:08] [354/445] LCNS
[03:55:09] [355/445] PPKC
[03:55:09] [356/445] JYYN
[03:55:10] [357/445] JTNR
[03:55:12] [358/445] GTEE
[03:55:13] [359/445] SRNM
[03:55:13] [360/445] SDTC
[03:55:15] [361/445] VPCA
[03:55:16] [362/445] VLRA
[03:55:17] [363/445] SHKR
[03:55:18] [364/445] SBKD
[03:55:19] [365/445] SAAD
[03:55:19] [366/445] JTGN
[03:55:20] [367/445] SLAM
[03:55:21] [368/445] VTPM
[03:55:22] [369/445] ANPT
[03:55:22] [370/445] PUNB
[03:55:23] [371/445] CPKT
[03:55:24] [372/445] CNWE
[03:55:25] [373/445] ECPP
[03:55:26] [374/445] CPAR
[03:55:27] [375/445] ESBW
[03:55:28] [376/445] PKPU
[03:55:29] [377/445] CPRP
[03:55:29] [378/445] RAHU
[03:55:30] [379/445] RHMN
[03:55:31] [380/445] FMJP
[03:55:32] [381/445] CTMP
[03:55:33] [382/445] INPN
[03:55:34] [383/445] STTG
[03:55:35] [384/445] CTRD
[03:55:36] [385/445] PUVB
[03:55:37] [386/445] ESVP
[03:55:38] [387/445] CPFT
[03:55:39] [388/445] LCPC
[03:55:40] [389/445] VBCT
[03:55:40] [390/445] FSCW
[03:55:41] [391/445] VCMP
[03:55:42] [392/445] ASHC
[03:55:43] [393/445] VLCX
[03:55:44] [394/445] SHEV
[03:55:46] [395/445] APCO
[03:55:46] [396/445] SILC
[03:55:47] [397/445] SNMR
[03:55:48] [398/445] KYBO
[03:55:49] [399/445] SATK
[03:55:50] [400/445] SSCS
[03:55:50] [401/445] CLSB
[03:55:51] [402/445] KMJR
[03:55:52] [403/445] FSCK
[03:55:53] [404/445] NNKA
[03:55:55] [405/445] CLMK
[03:55:55] [406/445] DMPZ
[03:55:56] [407/445] INQM
[03:55:57] [408/445] CAML
[03:55:58] [409/445] INRK
[03:56:00] [410/445] IMKN
[03:56:01] [411/445] SVNR
[03:56:01] [412/445] INSL
[03:56:02] [413/445] MSMA
[03:56:04] [414/445] MCKK
[03:56:04] [415/445] FCHP
[03:56:05] [416/445] SFCR
[03:56:06] [417/445] NACK
[03:56:07] [418/445] PVAK
[03:56:09] [419/445] INER
[03:56:09] [420/445] RDBK
[03:56:10] [421/445] SVFN
[03:56:11] [422/445] IFRM
[03:56:12] [423/445] ATCK
[03:56:13] [424/445] ASKO
[03:56:14] [425/445] STKT
[03:56:16] [426/445] SVFB
[03:56:17] [427/445] INKS
[03:56:18] [428/445] PCRA
[03:56:19] [429/445] ATJA
[03:56:19] [430/445] IMJN
[03:56:20] [431/445] INHD
[03:56:21] [432/445] BARA
[03:56:22] [433/445] MCSL
[03:56:23] [434/445] RTOY
[03:56:24] [435/445] MENO
[03:56:25] [436/445] PUDM
[03:56:26] [437/445] PRCN
[03:56:27] [438/445] JMJR
[03:56:28] [439/445] SSGK
[03:56:29] [440/445] SSRL
[03:56:30] [441/445] JYKL
[03:56:31] [442/445] ACNB
[03:56:32] [443/445] SONP
[03:56:33] [444/445] EMCI
[03:56:34] [445/445] MRJH
[03:56:35] 🧹 Deduping shows
[03:56:35] ✅ DONE | Shows=169 | Movies=15
