[18:58:05] 🚀 SCRIPT STARTED
[18:58:05] [1/459] FNDB
[18:58:05] 🧠 New identity created
[18:58:05] [2/459] AMBH
[18:58:06] [3/459] PRHN
[18:58:08] [4/459] ACPM
[18:58:09] [5/459] PVFS
[18:58:10] [6/459] AACN
[18:58:11] [7/459] ACAS
[18:58:12] [8/459] CTNR
[18:58:13] [9/459] MMAH
[18:58:13] [10/459] CPMH
[18:58:14] [11/459] IGMH
[18:58:15] [12/459] ABCS
[18:58:16] [13/459] CMMA
[18:58:17] [14/459] GPRH
[18:58:18] [15/459] PNNG
[18:58:19] [16/459] AMCA
[18:58:20] [17/459] ISTN
[18:58:21] [18/459] PIIC
[18:58:21] [19/459] AHMH
[18:58:22] [20/459] ASHN
[18:58:23] [21/459] INHY
[18:58:24] [22/459] SRMO
[18:58:24] [23/459] PIMH
[18:58:25] [24/459] PVTS
[18:58:26] [25/459] MMCA
[18:58:27] [26/459] AKYJ
[18:58:28] [27/459] BRKH
[18:58:29] [28/459] MAHM
[18:58:30] [29/459] CPHY
[18:58:31] [30/459] PVTP
[18:58:32] [31/459] SMMR
[18:58:33] [32/459] PVHM
[18:58:34] [33/459] SNDY
[18:58:35] [34/459] GOKU
[18:58:35] [35/459] ACEV
[18:58:36] [36/459] PVUM
[18:58:37] [37/459] VSWA
[18:58:38] [38/459] IPRS
[18:58:39] [39/459] ASGN
[18:58:40] [40/459] BKMV
[18:58:41] [41/459] PVYH
[18:58:42] [42/459] INKM
[18:58:43] [43/459] ARJU
[18:58:43] [44/459] JJPP
[18:58:44] [45/459] SSRM
[18:58:45] [46/459] HMHD
[18:58:46] [47/459] SNKH
[18:58:46] [48/459] ACHI
[18:58:47] [49/459] MRAA
[18:58:48] [50/459] INMH
[18:58:49] [51/459] ARMH
[18:58:49] [52/459] DVRR
[18:58:50] [53/459] SUDA
[18:58:51] [54/459] MCSS
[18:58:52] [55/459] VRKC
[18:58:53] [56/459] PRCX
[18:58:54] [57/459] ASJY
[18:58:55] [58/459] MTHY
[18:58:55] [59/459] SRCM
[18:58:56] [60/459] TVHY
[18:58:57] [61/459] STHD
[18:58:58] [62/459] CPCL
[18:58:59] [63/459] PSMJ
[18:58:59] [64/459] MRGT
[18:59:00] [65/459] ARYH
[18:59:01] [66/459] VTRB
[18:59:02] [67/459] SCHC
[18:59:04] [68/459] MRRG
[18:59:05] [69/459] SPCB
[18:59:06] [70/459] AMCM
[18:59:07] [71/459] IVNM
[18:59:08] [72/459] TRHY
[18:59:08] [73/459] PTTH
[18:59:09] [74/459] RKMH
[18:59:10] [75/459] PRCS
[18:59:11] [76/459] VAJA
[18:59:12] [77/459] BJNG
[18:59:13] [78/459] SCVM
[18:59:14] [79/459] GNHB
[18:59:14] [80/459] TLUR
[18:59:15] [81/459] UKCC
[18:59:17] [82/459] SRKR
[18:59:18] [83/459] RMKN
[18:59:18] [84/459] SLRT
[18:59:19] [85/459] LKMT
[18:59:20] [86/459] SSRJ
[18:59:21] [87/459] SPHT
[18:59:22] [88/459] ANTT
[18:59:23] [89/459] SRCH
[18:59:24] [90/459] SRCA
[18:59:25] [91/459] ARTH
[18:59:26] [92/459] MCBH
[18:59:26] [93/459] SNIB
[18:59:27] [94/459] SART
[18:59:28] [95/459] SKTA
[18:59:29] [96/459] YAKT
[18:59:30] [97/459] MLCK
[18:59:31] [98/459] ANTS
[18:59:31] [99/459] DGCA
[18:59:32] [100/459] SGMP
[18:59:33] [101/459] ASWN
[18:59:34] [102/459] KFVU
[18:59:35] [103/459] POOR
[18:59:36] [104/459] GKDN
[18:59:37] [105/459] EOSE
[18:59:37] [106/459] GTTT
[18:59:39] [107/459] ARRO
[18:59:40] [108/459] CMMK
[18:59:40] [109/459] MSCN
[18:59:41] [110/459] GDKH
[18:59:42] [111/459] DLMT
[18:59:43] [112/459] PVMF
[18:59:44] [113/459] CPCK
[18:59:45] [114/459] VMHE
[18:59:45] [115/459] PVLC
[18:59:46] [116/459] PCVB
[18:59:48] [117/459] SNYK
[18:59:49] [118/459] KTEK
[18:59:50] [119/459] PCNM
[18:59:51] [120/459] NTTR
[18:59:52] [121/459] CPSK
[18:59:52] [122/459] JMMA
[18:59:53] [123/459] GCFK
[18:59:55] [124/459] MYCA
[18:59:55] [125/459] KSNP
[18:59:56] [126/459] PMCE
[18:59:57] [127/459] SCKI
[18:59:58] [128/459] FSMA
[18:59:59] [129/459] CETA
[18:59:59] [130/459] MCIK
[19:00:01] [131/459] MYCR
[19:00:02] [132/459] EVMP
[19:00:02] [133/459] SSGT
[19:00:03] [134/459] KCTK
[19:00:04] [135/459] ZTKC
[19:00:05] [136/459] MMTA
[19:00:06] [137/459] MAJT
[19:00:07] [138/459] ACPK
[19:00:09] [139/459] JMAX
[19:00:10] [140/459] SETK
[19:00:11] [141/459] CAIS
[19:00:12] [142/459] AGCD
[19:00:13] [143/459] URCL
[19:00:14] [144/459] VTDS
[19:00:15] [145/459] JCNM
[19:00:16] [146/459] KCAM
[19:00:17] [147/459] ADCU
[19:00:18] [148/459] GXYN
[19:00:18] [149/459] SMJG
[19:00:19] [150/459] EYCJ
[19:00:20] [151/459] CCEJ
[19:00:21] [152/459] MARS
[19:00:21] [153/459] CPVJ
[19:00:22] [154/459] INVP
[19:00:23] [155/459] CPOV
[19:00:24] [156/459] VIJK
[19:00:26] [157/459] LAIM
[19:00:26] [158/459] STHV
[19:00:27] [159/459] SVLJ
[19:00:28] [160/459] ATVJ
[19:00:30] [161/459] JTSC
[19:00:31] [162/459] RMTV
[19:00:32] [163/459] MGGG
[19:00:32] [164/459] SWTH
[19:00:33] [165/459] INVJ
[19:00:34] [166/459] PRSV
[19:00:35] [167/459] JATV
[19:00:36] [168/459] RCVD
[19:00:37] [169/459] BDMA
[19:00:38] [170/459] BLJI
[19:00:39] [171/459] SWOT
[19:00:39] [172/459] SWRN
[19:00:41] [173/459] TVRA
[19:00:42] [174/459] VCSV
[19:00:43] [175/459] NVRN
[19:00:44] [176/459] SIKC
[19:00:45] [177/459] VAKR
[19:00:46] [178/459] SYLN
[19:00:47] [179/459] KLJL
[19:00:48] [180/459] LKMY
[19:00:50] [181/459] VSLY
[19:00:51] [182/459] CIKO
[19:00:52] [183/459] GPBG
[19:00:52] [184/459] CECM
[19:00:53] [185/459] SLKB
[19:00:54] [186/459] MTBO
[19:00:55] [187/459] SSHB
[19:00:56] [188/459] VPCS
[19:00:56] [189/459] RCSR
[19:00:58] [190/459] RJRM
[19:00:59] [191/459] KPPB
[19:01:00] [192/459] SEDC
[19:01:01] [193/459] SCAI
[19:01:02] [194/459] RMTR
[19:01:04] [195/459] ASST
[19:01:05] [196/459] GCAK
[19:01:06] [197/459] ANNK
[19:01:06] [198/459] KDDF
[19:01:07] [199/459] NRDP
[19:01:08] [200/459] PLAK
[19:01:09] [201/459] GCMC
[19:01:10] [202/459] ALPY
[19:01:11] [203/459] SICE
[19:01:12] [204/459] SISR
[19:01:13] [205/459] SRPZ
[19:01:14] [206/459] SRSW
[19:01:15] [207/459] SUYA
[19:01:16] [208/459] AMMT
[19:01:17] [209/459] BHCU
[19:01:19] [210/459] KLPA
[19:01:19] [211/459] NVKH
[19:01:21] [212/459] JMRC
[19:01:22] [213/459] KTTT
[19:01:22] [214/459] MAGH
[19:01:24] [215/459] MMMX
[19:01:24] [216/459] SALJ
[19:01:25] [217/459] GTJA
[19:01:26] [218/459] MAHT
[19:01:27] [219/459] SSNN
[19:01:27] [220/459] ARRP
[19:01:28] [221/459] ATNS
[19:01:29] [222/459] SKDT
[19:01:30] [223/459] ACAT
[19:01:30] [224/459] APRC
[19:01:31] [225/459] SWAG
[19:01:32] [226/459] SDPT
[19:01:33] [227/459] STPS
[19:01:34] [228/459] WWCZ
[19:01:35] [229/459] LLCH
[19:01:36] [230/459] MZHA
[19:01:36] [231/459] CRJG
[19:01:37] [232/459] JGTK
[19:01:38] [233/459] KCSR
[19:01:40] [234/459] CHTL
[19:01:41] [235/459] EDSR
[19:01:41] [236/459] CSWO
[19:01:43] [237/459] CPVM
[19:01:44] [238/459] MXBY
[19:01:45] [239/459] FMMA
[19:01:46] [240/459] POVI
[19:01:47] [241/459] MTHB
[19:01:48] [242/459] INRC
[19:01:48] [243/459] PIPP
[19:01:49] [244/459] BMXC
[19:01:51] [245/459] PCMM
[19:01:51] [246/459] PMKM
[19:01:52] [247/459] GATY
[19:01:54] [248/459] IMCM
[19:01:54] [249/459] POPE
[19:01:56] [250/459] MTCR
[19:01:57] [251/459] PVAE
[19:01:57] [252/459] PVMI
[19:01:58] [253/459] CPNM
[19:01:59] [254/459] FMRL
[19:02:00] [255/459] MCIW
[19:02:01] [256/459] MXBO
[19:02:01] [257/459] FMKY
[19:02:02] [258/459] FMDA
[19:02:03] [259/459] THAB
[19:02:04] [260/459] PRCW
[19:02:05] [261/459] PITI
[19:02:06] [262/459] MCFF
[19:02:06] [263/459] PDDV
[19:02:07] [264/459] MCRM
[19:02:08] [265/459] KKMB
[19:02:09] [266/459] INKO
[19:02:09] [267/459] PLXP
[19:02:10] [268/459] MMHA
[19:02:11] [269/459] FMVS
[19:02:12] [270/459] POLM
[19:02:13] [271/459] STER
[19:02:14] [272/459] PVWJ
[19:02:15] [273/459] IMJW
[19:02:16] [274/459] FNAN
[19:02:17] [275/459] CAGL
[19:02:18] [276/459] IPBG
[19:02:19] [277/459] SMFV
[19:02:19] [278/459] MMMR
[19:02:20] [279/459] MMWM
[19:02:22] [280/459] FNCM
[19:02:23] [281/459] MDVA
[19:02:23] [282/459] MMET
[19:02:24] [283/459] MIDO
[19:02:26] [284/459] INNP
[19:02:26] [285/459] MIFU
[19:02:27] [286/459] MMSZ
[19:02:28] [287/459] BMXA
[19:02:29] [288/459] MCAA
[19:02:30] [289/459] SCVP
[19:02:30] [290/459] PLUS
[19:02:32] [291/459] MUCK
[19:02:33] [292/459] MTMA
[19:02:34] [293/459] HPVR
[19:02:36] [294/459] PMPK
[19:02:36] [295/459] MAJB
[19:02:37] [296/459] CTRR
[19:02:38] [297/459] MCTG
[19:02:39] [298/459] MACE
[19:02:40] [299/459] AAAS
[19:02:41] [300/459] CPVV
[19:02:42] [301/459] RCHG
[19:02:43] [302/459] MCNE
[19:02:44] [303/459] EMNC
[19:02:45] [304/459] MCAN
[19:02:46] [305/459] TCDM
[19:02:47] [306/459] IRGT
[19:02:47] [307/459] GCMG
[19:02:48] [308/459] MXSN
[19:02:49] [309/459] MXCK
[19:02:50] [310/459] MCRC
[19:02:52] [311/459] RSMI
[19:02:52] [312/459] WAML
[19:02:53] [313/459] MTSC
[19:02:54] [314/459] FMDR
[19:02:55] [315/459] LEPV
[19:02:56] [316/459] MTGD
[19:02:57] [317/459] IMOB
[19:02:58] [318/459] CLMM
[19:02:59] [319/459] PZCD
[19:03:00] [320/459] GOCS
[19:03:01] [321/459] KCMA
[19:03:02] [322/459] CCMP
[19:03:03] [323/459] MTSU
[19:03:04] [324/459] SNGL
[19:03:05] [325/459] MMMC
[19:03:05] [326/459] MMAA
[19:03:08] [327/459] GCDM
[19:03:09] [328/459] KTMV
[19:03:10] [329/459] AETE
[19:03:11] [330/459] OMCS
[19:03:13] [331/459] GDCD
[19:03:14] [332/459] NYMD
[19:03:14] [333/459] RNCV
[19:03:15] [334/459] KKMT
[19:03:16] [335/459] GDTH
[19:03:18] [336/459] KMMV
[19:03:19] [337/459] NHCG
[19:03:19] [338/459] PJDW
[19:03:21] [339/459] MMCV
[19:03:22] [340/459] FQSA
[19:03:23] [341/459] KURL
[19:03:24] [342/459] NNNX
[19:03:24] [343/459] AMAU
[19:03:25] [344/459] VVVM
[19:03:26] [345/459] VECU
[19:03:27] [346/459] WCVR
[19:03:28] [347/459] MTGG
[19:03:29] [348/459] SGTG
[19:03:29] [349/459] MNTG
[19:03:30] [350/459] JDDG
[19:03:31] [351/459] MBTK
[19:03:32] [352/459] SGCD
[19:03:33] [353/459] MCTC
[19:03:34] [354/459] JTPC
[19:03:35] [355/459] SDKT
[19:03:36] [356/459] KRCC
[19:03:37] [357/459] RMMD
[19:03:37] [358/459] AAME
[19:03:38] [359/459] TMWC
[19:03:39] [360/459] NRWY
[19:03:40] [361/459] CITD
[19:03:41] [362/459] VERD
[19:03:42] [363/459] MKSK
[19:03:42] [364/459] STSM
[19:03:43] [365/459] MJDG
[19:03:44] [366/459] RKPM
[19:03:46] [367/459] SSCE
[19:03:47] [368/459] VMAE
[19:03:48] [369/459] SBRU
[19:03:49] [370/459] AMBC
[19:03:50] [371/459] AMLU
[19:03:50] [372/459] INVZ
[19:03:51] [373/459] LGTV
[19:03:52] [374/459] SVAD
[19:03:53] [375/459] SMSA
[19:03:54] [376/459] SPCZ
[19:03:55] [377/459] GTCX
[19:03:56] [378/459] SCSL
[19:03:57] [379/459] SAHU
[19:03:58] [380/459] NCDA
[19:03:59] [381/459] SCCG
[19:03:59] [382/459] VKTL
[19:04:00] [383/459] PUUJ
[19:04:01] [384/459] STEJ
[19:04:02] [385/459] RJAL
[19:04:03] [386/459] ACJC
[19:04:03] [387/459] VTHC
[19:04:04] [388/459] ARVB
[19:04:05] [389/459] AUBB
[19:04:06] [390/459] GDBR
[19:04:07] [391/459] PVND
[19:04:08] [392/459] BGRJ
[19:04:09] [393/459] RJMM
[19:04:09] [394/459] MCSA
[19:04:11] [395/459] BODA
[19:04:11] [396/459] JAGG
[19:04:12] [397/459] SCGA
[19:04:13] [398/459] LRCM
[19:04:14] [399/459] CPCN
[19:04:15] [400/459] SSTF
[19:04:16] [401/459] SRXP
[19:04:17] [402/459] CNFX
[19:04:17] [403/459] ANDI
[19:04:18] [404/459] SYEW
[19:04:19] [405/459] RCRE
[19:04:20] [406/459] SCRW
[19:04:21] [407/459] MBKR
[19:04:22] [408/459] ASNT
[19:04:22] [409/459] JTMT
[19:04:23] [410/459] SHAY
[19:04:25] [411/459] VRTH
[19:04:25] [412/459] SPTI
[19:04:26] [413/459] DPTD
[19:04:27] [414/459] TGSN
[19:04:28] [415/459] RCWV
[19:04:28] [416/459] OCUR
[19:04:29] [417/459] KSTC
[19:04:30] [418/459] SANI
[19:04:30] [419/459] MLCA
[19:04:31] [420/459] EGCA
[19:04:33] [421/459] SYSN
[19:04:34] [422/459] PKTA
[19:04:35] [423/459] PRCC
[19:04:35] [424/459] KSTR
[19:04:36] [425/459] SNTP
[19:04:37] [426/459] RCHA
[19:04:38] [427/459] SEEA
[19:04:39] [428/459] ALAT
[19:04:40] [429/459] AATV
[19:04:40] [430/459] RJTE
[19:04:41] [431/459] AAPP
[19:04:42] [432/459] PMMH
[19:04:46] [433/459] INRJ
[19:04:47] [434/459] SARB
[19:04:48] [435/459] PCJL
[19:04:49] [436/459] PFJJ
[19:04:50] [437/459] GRDC
[19:04:51] [438/459] BCBA
[19:04:52] [439/459] VIXL
[19:04:52] [440/459] CSTL
[19:04:53] [441/459] MTDK
[19:04:54] [442/459] TDAC
[19:04:55] [443/459] GTDN
[19:04:56] [444/459] TTDE
[19:04:57] [445/459] ASTS
[19:04:58] [446/459] CPNS
[19:04:59] [447/459] PVVW
[19:05:00] [448/459] USEB
[19:05:00] [449/459] DTYN
[19:05:01] [450/459] PVLE
[19:05:02] [451/459] CIPS
[19:05:03] [452/459] PAEG
[19:05:04] [453/459] PTCW
[19:05:05] [454/459] G3SR
[19:05:06] [455/459] PGND
[19:05:07] [456/459] INVM
[19:05:08] [457/459] SPIA
[19:05:08] [458/459] PCSN
[19:05:09] [459/459] PPGV
[19:05:10] 🧹 Deduping shows
[19:05:10] ✅ DONE | Shows=316 | Movies=17
