[18:58:05] 🚀 SCRIPT STARTED
[18:58:05] [1/459] MCCZ
[18:58:05] 🧠 New identity created
[18:58:06] [2/459] FRPU
[18:58:07] [3/459] SKSI
[18:58:08] [4/459] SSCK
[18:58:08] [5/459] SRDC
[18:58:09] [6/459] RSCZ
[18:58:10] [7/459] PRVT
[18:58:11] [8/459] GAGJ
[18:58:12] [9/459] SMHG
[18:58:13] [10/459] JTST
[18:58:14] [11/459] MYTH
[18:58:15] [12/459] JPCC
[18:58:15] [13/459] ACDC
[18:58:16] [14/459] SVFP
[18:58:17] [15/459] SFCM
[18:58:18] [16/459] RUPK
[18:58:19] [17/459] NTCR
[18:58:20] [18/459] RTCH
[18:58:20] [19/459] SCMH
[18:58:21] [20/459] SVYM
[18:58:22] [21/459] SPYM
[18:58:23] [22/459] SMMF
[18:58:24] [23/459] CLLB
[18:58:24] [24/459] FMCB
[18:58:25] [25/459] BBTC
[18:58:26] [26/459] NTHS
[18:58:28] [27/459] PKKJ
[18:58:29] [28/459] MTJA
[18:58:31] [29/459] PMSJ
[18:58:32] [30/459] JMJU
[18:58:33] [31/459] SRAD
[18:58:33] [32/459] MJMC
[18:58:34] [33/459] DFRM
[18:58:35] [34/459] PMRS
[18:58:36] [35/459] RKPP
[18:58:37] [36/459] BMBK
[18:58:38] [37/459] NEWS
[18:58:39] [38/459] SALB
[18:58:40] [39/459] SCPW
[18:58:41] [40/459] RAYL
[18:58:42] [41/459] CMGJ
[18:58:43] [42/459] JRCR
[18:58:44] [43/459] SRTB
[18:58:45] [44/459] ETPB
[18:58:46] [45/459] MXBN
[18:58:46] [46/459] TOPE
[18:58:47] [47/459] SNLJ
[18:58:48] [48/459] CDDP
[18:58:49] [49/459] APCX
[18:58:50] [50/459] TALP
[18:58:51] [51/459] RRMP
[18:58:52] [52/459] MAHB
[18:58:52] [53/459] MTKR
[18:58:53] [54/459] KSKL
[18:58:54] [55/459] RJLT
[18:58:55] [56/459] ATAS
[18:58:56] [57/459] AMHR
[18:58:58] [58/459] RSRM
[18:58:59] [59/459] GCAT
[18:59:00] [60/459] SMML
[18:59:01] [61/459] ACCD
[18:59:01] [62/459] VYDA
[18:59:02] [63/459] MSKT
[18:59:03] [64/459] AVDM
[18:59:04] [65/459] ASMH
[18:59:05] [66/459] VTMB
[18:59:06] [67/459] WVMB
[18:59:07] [68/459] PPMN
[18:59:08] [69/459] MTMD
[18:59:09] [70/459] SMMO
[18:59:10] [71/459] DLPB
[18:59:10] [72/459] AKMD
[18:59:11] [73/459] SHRR
[18:59:12] [74/459] ASCO
[18:59:13] [75/459] CZVX
[18:59:14] [76/459] GCBB
[18:59:15] [77/459] ATBM
[18:59:16] [78/459] TCGM
[18:59:17] [79/459] UMSE
[18:59:18] [80/459] NKCL
[18:59:19] [81/459] BTLR
[18:59:19] [82/459] GOCL
[18:59:20] [83/459] MIRN
[18:59:21] [84/459] THEC
[18:59:22] [85/459] SPPB
[18:59:23] [86/459] PMMM
[18:59:24] [87/459] GGMC
[18:59:25] [88/459] AVSR
[18:59:26] [89/459] RDMH
[18:59:26] [90/459] JSRS
[18:59:29] [91/459] VKGP
[18:59:30] [92/459] ACRT
[18:59:31] [93/459] GCBA
[18:59:33] [94/459] GTCP
[18:59:34] [95/459] AKFC
[18:59:35] [96/459] INCS
[18:59:36] [97/459] SMCK
[18:59:37] [98/459] BRUN
[18:59:38] [99/459] RPPC
[18:59:38] [100/459] PAYD
[18:59:39] [101/459] SVVT
[18:59:40] [102/459] RNCC
[18:59:41] [103/459] PCRC
[18:59:42] [104/459] PMRM
[18:59:43] [105/459] CCRP
[18:59:44] [106/459] INCR
[18:59:45] [107/459] ZTMP
[18:59:46] [108/459] MCNR
[18:59:47] [109/459] INRP
[18:59:48] [110/459] STRC
[18:59:49] [111/459] RATI
[18:59:49] [112/459] PBTR
[18:59:51] [113/459] CMHP
[18:59:52] [114/459] ZECJ
[18:59:52] [115/459] CCCB
[18:59:53] [116/459] BWCB
[18:59:54] [117/459] CCAT
[18:59:55] [118/459] KGCM
[18:59:56] [119/459] INPT
[18:59:57] [120/459] FNCO
[18:59:57] [121/459] SRMJ
[18:59:58] [122/459] PFSC
[18:59:59] [123/459] PBMC
[19:00:00] [124/459] KARP
[19:00:01] [125/459] KOVI
[19:00:01] [126/459] ACXL
[19:00:03] [127/459] GKCC
[19:00:04] [128/459] ASCC
[19:00:05] [129/459] SETC
[19:00:06] [130/459] KACC
[19:00:06] [131/459] KAVE
[19:00:07] [132/459] CNTC
[19:00:08] [133/459] MEEN
[19:00:09] [134/459] BMRV
[19:00:10] [135/459] SVAM
[19:00:11] [136/459] VTBP
[19:00:11] [137/459] VCKN
[19:00:12] [138/459] SGTK
[19:00:13] [139/459] RCGS
[19:00:14] [140/459] RCCB
[19:00:15] [141/459] RKSR
[19:00:16] [142/459] RKCU
[19:00:17] [143/459] GIBH
[19:00:18] [144/459] CXBS
[19:00:19] [145/459] GGCB
[19:00:20] [146/459] SCPB
[19:00:21] [147/459] AKTB
[19:00:22] [148/459] SRBU
[19:00:22] [149/459] CSSA
[19:00:23] [150/459] MYAN
[19:00:24] [151/459] EXCA
[19:00:25] [152/459] CKSA
[19:00:26] [153/459] JTNM
[19:00:26] [154/459] CXKT
[19:00:27] [155/459] NCLM
[19:00:28] [156/459] JAAD
[19:00:29] [157/459] RDCR
[19:00:29] [158/459] MEER
[19:00:30] [159/459] SIBT
[19:00:31] [160/459] PVVB
[19:00:32] [161/459] FNPN
[19:00:34] [162/459] CRPX
[19:00:34] [163/459] STET
[19:00:35] [164/459] METE
[19:00:36] [165/459] BJML
[19:00:37] [166/459] MAVT
[19:00:38] [167/459] MSRM
[19:00:39] [168/459] TJMP
[19:00:39] [169/459] MHCK
[19:00:40] [170/459] SVGP
[19:00:41] [171/459] KRRC
[19:00:44] [172/459] IMCH
[19:00:45] [173/459] CMCS
[19:00:46] [174/459] SGND
[19:00:46] [175/459] RNAT
[19:00:48] [176/459] PRTN
[19:00:49] [177/459] MPTN
[19:00:49] [178/459] ARCC
[19:00:50] [179/459] NTTE
[19:00:52] [180/459] ABND
[19:00:52] [181/459] KCSN
[19:00:53] [182/459] KCSA
[19:00:54] [183/459] DCKT
[19:00:55] [184/459] MBBR
[19:00:56] [185/459] RAMU
[19:00:57] [186/459] RACW
[19:00:58] [187/459] MCHP
[19:00:58] [188/459] TMHM
[19:00:59] [189/459] STXH
[19:01:00] [190/459] AGSG
[19:01:01] [191/459] SIRA
[19:01:02] [192/459] RCAN
[19:01:03] [193/459] CWTB
[19:01:04] [194/459] VTYM
[19:01:05] [195/459] RRPP
[19:01:05] [196/459] ASMR
[19:01:06] [197/459] RONO
[19:01:07] [198/459] MEMR
[19:01:08] [199/459] CTMR
[19:01:08] [200/459] PMTT
[19:01:09] [201/459] PSLX
[19:01:10] [202/459] IPPL
[19:01:11] [203/459] MMSG
[19:01:11] [204/459] INEL
[19:01:12] [205/459] COAC
[19:01:13] [206/459] WVLK
[19:01:14] [207/459] PPXL
[19:01:15] [208/459] PSML
[19:01:16] [209/459] FNLK
[19:01:17] [210/459] ILUM
[19:01:18] [211/459] ILCM
[19:01:19] [212/459] MSNL
[19:01:20] [213/459] VINB
[19:01:20] [214/459] SALW
[19:01:21] [215/459] PRTB
[19:01:22] [216/459] NCIL
[19:01:23] [217/459] PSUL
[19:01:25] [218/459] SCLK
[19:01:26] [219/459] ADDC
[19:01:27] [220/459] OACL
[19:01:27] [221/459] OOCF
[19:01:28] [222/459] GPMF
[19:01:29] [223/459] SSDG
[19:01:30] [224/459] SKRS
[19:01:31] [225/459] NTTP
[19:01:32] [226/459] SLTP
[19:01:33] [227/459] JTLC
[19:01:34] [228/459] POON
[19:01:35] [229/459] CCPC
[19:01:36] [230/459] DCKC
[19:01:37] [231/459] CPRT
[19:01:38] [232/459] EYHZ
[19:01:39] [233/459] ARBL
[19:01:40] [234/459] SBTB
[19:01:40] [235/459] MMCK
[19:01:41] [236/459] PLMR
[19:01:42] [237/459] BIJH
[19:01:43] [238/459] SDRT
[19:01:44] [239/459] PRDC
[19:01:45] [240/459] OMJA
[19:01:45] [241/459] VKCR
[19:01:46] [242/459] ATRT
[19:01:47] [243/459] WVRP
[19:01:48] [244/459] MVRP
[19:01:49] [245/459] FCAX
[19:01:50] [246/459] CTLC
[19:01:50] [247/459] JCHB
[19:01:52] [248/459] SELP
[19:01:52] [249/459] VCPG
[19:01:53] [250/459] ASCX
[19:01:54] [251/459] EOCS
[19:01:55] [252/459] RCPH
[19:01:56] [253/459] RJTM
[19:01:56] [254/459] SGMD
[19:01:57] [255/459] SVJT
[19:01:58] [256/459] SPPO
[19:01:59] [257/459] MNRL
[19:01:59] [258/459] KNOX
[19:02:00] [259/459] GIER
[19:02:01] [260/459] PJMS
[19:02:02] [261/459] UNSP
[19:02:03] [262/459] JETP
[19:02:04] [263/459] VTWA
[19:02:04] [264/459] SCJI
[19:02:05] [265/459] CBZZ
[19:02:07] [266/459] SDCJ
[19:02:07] [267/459] RRCC
[19:02:08] [268/459] VNKG
[19:02:09] [269/459] LKTO
[19:02:10] [270/459] PJRM
[19:02:10] [271/459] NVRM
[19:02:11] [272/459] SJCS
[19:02:12] [273/459] VIGK
[19:02:13] [274/459] ANST
[19:02:13] [275/459] JTTS
[19:02:14] [276/459] NTST
[19:02:15] [277/459] PREB
[19:02:16] [278/459] TSCZ
[19:02:17] [279/459] CDCM
[19:02:18] [280/459] ELYE
[19:02:19] [281/459] INBS
[19:02:19] [282/459] SMGC
[19:02:20] [283/459] UTMP
[19:02:21] [284/459] INTA
[19:02:22] [285/459] OMPT
[19:02:23] [286/459] SCIR
[19:02:23] [287/459] GCKJ
[19:02:24] [288/459] INOG
[19:02:25] [289/459] SMGB
[19:02:27] [290/459] MCSG
[19:02:27] [291/459] STKG
[19:02:28] [292/459] TTKG
[19:02:29] [293/459] SRTR
[19:02:31] [294/459] ETTR
[19:02:31] [295/459] GGGZ
[19:02:32] [296/459] IPGM
[19:02:33] [297/459] FCDH
[19:02:34] [298/459] DESB
[19:02:34] [299/459] VNTP
[19:02:35] [300/459] ANNT
[19:02:36] [301/459] SLTI
[19:02:37] [302/459] MAJU
[19:02:38] [303/459] JCXP
[19:02:38] [304/459] HARK
[19:02:39] [305/459] JPCJ
[19:02:40] [306/459] RXBD
[19:02:41] [307/459] PTKJ
[19:02:42] [308/459] CMTU
[19:02:42] [309/459] SWOR
[19:02:43] [310/459] JMEX
[19:02:44] [311/459] DTPT
[19:02:45] [312/459] VGMM
[19:02:46] [313/459] VCSG
[19:02:46] [314/459] CVCG
[19:02:47] [315/459] TNTT
[19:02:48] [316/459] SHRM
[19:02:49] [317/459] CGKD
[19:02:50] [318/459] EKCM
[19:02:50] [319/459] SDCX
[19:02:51] [320/459] SBTE
[19:02:52] [321/459] STKJ
[19:02:53] [322/459] TPCE
[19:02:55] [323/459] JTNP
[19:02:56] [324/459] LPCH
[19:02:56] [325/459] CPUO
[19:02:57] [326/459] APSU
[19:02:58] [327/459] RTHC
[19:02:59] [328/459] PTBU
[19:03:00] [329/459] CUCC
[19:03:01] [330/459] CPSA
[19:03:02] [331/459] SUAY
[19:03:03] [332/459] AYAA
[19:03:03] [333/459] MUCH
[19:03:04] [334/459] PCIN
[19:03:05] [335/459] JRRM
[19:03:05] [336/459] KATS
[19:03:06] [337/459] MHFF
[19:03:07] [338/459] ESYM
[19:03:08] [339/459] STYV
[19:03:09] [340/459] SDKG
[19:03:10] [341/459] SMTI
[19:03:11] [342/459] NYCS
[19:03:12] [343/459] MTBG
[19:03:13] [344/459] RHCA
[19:03:14] [345/459] PCKH
[19:03:15] [346/459] ARCR
[19:03:16] [347/459] NCMB
[19:03:17] [348/459] SHYC
[19:03:18] [349/459] LACK
[19:03:19] [350/459] MTCM
[19:03:20] [351/459] RRBN
[19:03:20] [352/459] MYDC
[19:03:21] [353/459] STCS
[19:03:22] [354/459] CONN
[19:03:23] [355/459] SIPS
[19:03:23] [356/459] SMMX
[19:03:24] [357/459] SCBY
[19:03:25] [358/459] SUAP
[19:03:26] [359/459] RSMK
[19:03:27] [360/459] STKP
[19:03:28] [361/459] CIPC
[19:03:29] [362/459] KKCI
[19:03:29] [363/459] CTNK
[19:03:30] [364/459] MMTZ
[19:03:31] [365/459] DCCO
[19:03:32] [366/459] VNMN
[19:03:33] [367/459] RLCN
[19:03:34] [368/459] CMMS
[19:03:35] [369/459] AYOU
[19:03:35] [370/459] SSCN
[19:03:36] [371/459] SMXN
[19:03:37] [372/459] ASSK
[19:03:38] [373/459] VCKM
[19:03:38] [374/459] PCPH
[19:03:39] [375/459] PADM
[19:03:40] [376/459] IESA
[19:03:41] [377/459] VCSP
[19:03:42] [378/459] AEST
[19:03:42] [379/459] VTNR
[19:03:43] [380/459] GTTA
[19:03:44] [381/459] CMMM
[19:03:45] [382/459] AHKT
[19:03:46] [383/459] SIJI
[19:03:47] [384/459] VCEI
[19:03:48] [385/459] SAKR
[19:03:49] [386/459] VSMT
[19:03:50] [387/459] SSCT
[19:03:51] [388/459] USTR
[19:03:52] [389/459] MTKT
[19:03:52] [390/459] TGMP
[19:03:54] [391/459] SIVC
[19:03:55] [392/459] KICT
[19:03:56] [393/459] DAMD
[19:03:57] [394/459] CNPT
[19:03:58] [395/459] RVTT
[19:03:58] [396/459] SNCM
[19:03:59] [397/459] GHTE
[19:04:00] [398/459] PPAM
[19:04:01] [399/459] PVAA
[19:04:02] [400/459] CPAO
[19:04:03] [401/459] HAMD
[19:04:03] [402/459] RCCA
[19:04:04] [403/459] MPCH
[19:04:05] [404/459] ARED
[19:04:07] [405/459] RRCV
[19:04:08] [406/459] MTRB
[19:04:08] [407/459] CKUA
[19:04:09] [408/459] ABMP
[19:04:10] [409/459] RCWA
[19:04:11] [410/459] CGAR
[19:04:11] [411/459] METH
[19:04:12] [412/459] WAGA
[19:04:13] [413/459] MCMA
[19:04:14] [414/459] CSMP
[19:04:15] [415/459] RCNK
[19:04:16] [416/459] PSTM
[19:04:17] [417/459] CSEP
[19:04:18] [418/459] AMGD
[19:04:18] [419/459] CSTE
[19:04:19] [420/459] CONS
[19:04:21] [421/459] APPX
[19:04:22] [422/459] MABC
[19:04:22] [423/459] CXST
[19:04:23] [424/459] MATN
[19:04:24] [425/459] MACZ
[19:04:25] [426/459] MASA
[19:04:25] [427/459] MBSX
[19:04:26] [428/459] CSST
[19:04:27] [429/459] APCL
[19:04:28] [430/459] CGOS
[19:04:28] [431/459] CPEC
[19:04:30] [432/459] MCCP
[19:04:31] [433/459] BSSO
[19:04:32] [434/459] SJKA
[19:04:32] [435/459] CGBO
[19:04:33] [436/459] MVSK
[19:04:34] [437/459] HVCA
[19:04:35] [438/459] NAMD
[19:04:36] [439/459] DEVI
[19:04:37] [440/459] SCSV
[19:04:38] [441/459] PSMA
[19:04:38] [442/459] CLDJ
[19:04:39] [443/459] NMAD
[19:04:41] [444/459] CGMO
[19:04:42] [445/459] MCNA
[19:04:42] [446/459] OCBN
[19:04:44] [447/459] CPEM
[19:04:45] [448/459] CPSM
[19:04:45] [449/459] RCAD
[19:04:46] [450/459] CPMU
[19:04:47] [451/459] DICD
[19:04:48] [452/459] CHOE
[19:04:48] [453/459] PDJM
[19:04:49] [454/459] SSTU
[19:04:51] [455/459] VNRN
[19:04:52] [456/459] PVLG
[19:04:53] [457/459] SWBL
[19:04:53] [458/459] SCAB
[19:04:54] [459/459] RDDA
[19:04:55] 🧹 Deduping shows
[19:04:55] ✅ DONE | Shows=220 | Movies=16
