[18:58:08] 🚀 SCRIPT STARTED
[18:58:08] [1/296] CDCA
[18:58:08] 🧠 New identity created
[18:58:09] [2/296] MNSR
[18:58:10] [3/296] CSSL
[18:58:12] [4/296] BGGM
[18:58:12] [5/296] MANT
[18:58:13] [6/296] SOOY
[18:58:15] [7/296] VPPK
[18:58:16] [8/296] MYHJ
[18:58:18] [9/296] KSCK
[18:58:19] [10/296] KATK
[18:58:20] [11/296] RTRT
[18:58:21] [12/296] SSTT
[18:58:21] [13/296] SSTV
[18:58:22] [14/296] LACM
[18:58:23] [15/296] SGMG
[18:58:24] [16/296] KACX
[18:58:25] [17/296] GVCP
[18:58:25] [18/296] CSNC
[18:58:26] [19/296] SXCB
[18:58:27] [20/296] BAHS
[18:58:29] [21/296] PCBI
[18:58:31] [22/296] PSSM
[18:58:31] [23/296] RCOK
[18:58:32] [24/296] SCPF
[18:58:33] [25/296] SSAS
[18:58:34] [26/296] EVMM
[18:58:35] [27/296] SYCB
[18:58:36] [28/296] GCKI
[18:58:37] [29/296] IAET
[18:58:37] [30/296] DDTD
[18:58:38] [31/296] GMDH
[18:58:39] [32/296] STLE
[18:58:41] [33/296] JTRA
[18:58:42] [34/296] RPPA
[18:58:43] [35/296] ARUT
[18:58:44] [36/296] JTVM
[18:58:45] [37/296] SWRH
[18:58:46] [38/296] DCPC
[18:58:46] [39/296] RAPR
[18:58:47] [40/296] GCRT
[18:58:48] [41/296] ATUN
[18:58:49] [42/296] LTRM
[18:58:49] [43/296] TASR
[18:58:50] [44/296] RLLC
[18:58:52] [45/296] MABI
[18:58:53] [46/296] SVHB
[18:58:54] [47/296] NVTB
[18:58:55] [48/296] KCKG
[18:58:56] [49/296] SSRN
[18:58:57] [50/296] VDDC
[18:58:58] [51/296] GKTK
[18:58:59] [52/296] YFSN
[18:59:00] [53/296] GCSG
[18:59:00] [54/296] ESSM
[18:59:01] [55/296] KRIH
[18:59:03] [56/296] GCDS
[18:59:04] [57/296] CCSH
[18:59:05] [58/296] ACSK
[18:59:06] [59/296] APRK
[18:59:08] [60/296] ADKM
[18:59:09] [61/296] SRDM
[18:59:10] [62/296] RMOG
[18:59:11] [63/296] SJMY
[18:59:13] [64/296] PGGC
[18:59:13] [65/296] INGM
[18:59:14] [66/296] LSCB
[18:59:15] [67/296] STAD
[18:59:16] [68/296] MCCR
[18:59:17] [69/296] ABCC
[18:59:18] [70/296] RKCC
[18:59:19] [71/296] RTCR
[18:59:20] [72/296] GGBC
[18:59:21] [73/296] GCSD
[18:59:22] [74/296] LPTY
[18:59:22] [75/296] MCFD
[18:59:23] [76/296] HENN
[18:59:24] [77/296] SMKU
[18:59:25] [78/296] TNZC
[18:59:26] [79/296] DRCD
[18:59:27] [80/296] DLCD
[18:59:28] [81/296] RCDA
[18:59:30] [82/296] COSM
[18:59:31] [83/296] MCMJ
[18:59:32] [84/296] CSTR
[18:59:33] [85/296] CVDK
[18:59:33] [86/296] INRR
[18:59:34] [87/296] RJRT
[18:59:36] [88/296] IRMR
[18:59:37] [89/296] SRCF
[18:59:38] [90/296] GRCR
[18:59:39] [91/296] SURC
[18:59:40] [92/296] NMNH
[18:59:40] [93/296] SVBL
[18:59:41] [94/296] KACI
[18:59:42] [95/296] TDGO
[18:59:44] [96/296] KTBR
[18:59:45] [97/296] PMAD
[18:59:45] [98/296] CCPN
[18:59:46] [99/296] SBTK
[18:59:47] [100/296] LMDK
[18:59:48] [101/296] PGDA
[18:59:49] [102/296] SRML
[18:59:50] [103/296] EVCK
[18:59:51] [104/296] RTTK
[18:59:51] [105/296] SRTU
[18:59:53] [106/296] VRSA
[18:59:54] [107/296] VARS
[18:59:55] [108/296] DSCZ
[18:59:56] [109/296] GAGA
[18:59:57] [110/296] SARV
[18:59:58] [111/296] SEEG
[18:59:58] [112/296] GLCA
[19:00:01] [113/296] APAS
[19:00:01] [114/296] VCIA
[19:00:02] [115/296] SJTA
[19:00:03] [116/296] SABM
[19:00:04] [117/296] PPAG
[19:00:05] [118/296] RVCA
[19:00:05] [119/296] CCIA
[19:00:06] [120/296] HTAG
[19:00:07] [121/296] SMBI
[19:00:08] [122/296] MCJR
[19:00:09] [123/296] CCJR
[19:00:11] [124/296] SINF
[19:00:11] [125/296] CPLX
[19:00:12] [126/296] KKTJ
[19:00:14] [127/296] GDBW
[19:00:16] [128/296] CSUB
[19:00:17] [129/296] DABA
[19:00:18] [130/296] TITR
[19:00:19] [131/296] NYCR
[19:00:20] [132/296] RTRY
[19:00:22] [133/296] JTJL
[19:00:23] [134/296] SJCP
[19:00:24] [135/296] KCCA
[19:00:25] [136/296] MLPG
[19:00:26] [137/296] VRCK
[19:00:27] [138/296] SRIN
[19:00:28] [139/296] CXMK
[19:00:29] [140/296] SKAD
[19:00:30] [141/296] AVTR
[19:00:31] [142/296] PTAJ
[19:00:32] [143/296] SCNK
[19:00:33] [144/296] STTI
[19:00:33] [145/296] KACR
[19:00:34] [146/296] SSDX
[19:00:35] [147/296] VRTJ
[19:00:36] [148/296] RAJD
[19:00:37] [149/296] SCIP
[19:00:38] [150/296] RJSL
[19:00:40] [151/296] ARRS
[19:00:41] [152/296] ASMS
[19:00:41] [153/296] RDTS
[19:00:43] [154/296] DVMY
[19:00:44] [155/296] RASA
[19:00:46] [156/296] INOM
[19:00:46] [157/296] SPRS
[19:00:47] [158/296] SGCS
[19:00:48] [159/296] SALM
[19:00:49] [160/296] PKHC
[19:00:50] [161/296] RCSV
[19:00:51] [162/296] CPKC
[19:00:52] [163/296] AACD
[19:00:53] [164/296] GGCV
[19:00:53] [165/296] SMKD
[19:00:54] [166/296] NBCH
[19:00:56] [167/296] AMCB
[19:00:57] [168/296] OPCN
[19:00:58] [169/296] DCIN
[19:00:59] [170/296] INGW
[19:00:59] [171/296] PKKW
[19:01:00] [172/296] FNGW
[19:01:01] [173/296] GCGD
[19:01:02] [174/296] MSTW
[19:01:03] [175/296] KCCG
[19:01:04] [176/296] MRSS
[19:01:06] [177/296] CLCF
[19:01:06] [178/296] EETS
[19:01:07] [179/296] AATR
[19:01:08] [180/296] CMMN
[19:01:09] [181/296] SCCJ
[19:01:09] [182/296] CDTK
[19:01:10] [183/296] AICP
[19:01:11] [184/296] FNBP
[19:01:12] [185/296] CBPB
[19:01:13] [186/296] CPAS
[19:01:14] [187/296] MAPM
[19:01:15] [188/296] PASD
[19:01:16] [189/296] JCMN
[19:01:17] [190/296] MALB
[19:01:18] [191/296] SACG
[19:01:18] [192/296] DDRX
[19:01:20] [193/296] DDXB
[19:01:21] [194/296] RAMC
[19:01:22] [195/296] SANC
[19:01:23] [196/296] BCBP
[19:01:23] [197/296] ALPC
[19:01:24] [198/296] RBAC
[19:01:25] [199/296] RAJL
[19:01:26] [200/296] MPDX
[19:01:27] [201/296] MUSC
[19:01:29] [202/296] VKMK
[19:01:30] [203/296] SKCG
[19:01:31] [204/296] ANCN
[19:01:32] [205/296] MMCJ
[19:01:33] [206/296] DCAK
[19:01:34] [207/296] SCKG
[19:01:35] [208/296] LMCK
[19:01:36] [209/296] CKKX
[19:01:37] [210/296] ANKU
[19:01:37] [211/296] CSMD
[19:01:38] [212/296] MKMP
[19:01:39] [213/296] SVBG
[19:01:40] [214/296] ROOP
[19:01:41] [215/296] GDMT
[19:01:42] [216/296] FPPF
[19:01:44] [217/296] SFUU
[19:01:44] [218/296] ANCB
[19:01:45] [219/296] SMMC
[19:01:46] [220/296] UGKT
[19:01:47] [221/296] JVRM
[19:01:48] [222/296] BATG
[19:01:49] [223/296] RATE
[19:01:51] [224/296] SKME
[19:01:52] [225/296] LMTP
[19:01:52] [226/296] TCBD
[19:01:53] [227/296] ESBD
[19:01:54] [228/296] GDCU
[19:01:55] [229/296] SNKT
[19:01:56] [230/296] SRNK
[19:01:57] [231/296] SMED
[19:01:58] [232/296] CSQS
[19:01:59] [233/296] ALCS
[19:02:00] [234/296] KCKN
[19:02:01] [235/296] VCCL
[19:02:02] [236/296] MCDA
[19:02:03] [237/296] SHMI
[19:02:04] [238/296] SKHA
[19:02:05] [239/296] SVFK
[19:02:07] [240/296] INVB
[19:02:08] [241/296] MELD
[19:02:08] [242/296] JTYS
[19:02:09] [243/296] INCM
[19:02:10] [244/296] MCDV
[19:02:11] [245/296] KSGK
[19:02:12] [246/296] ICMG
[19:02:13] [247/296] CSCV
[19:02:14] [248/296] STMD
[19:02:15] [249/296] STTR
[19:02:15] [250/296] INVC
[19:02:16] [251/296] JTBL
[19:02:17] [252/296] SRVV
[19:02:18] [253/296] MAVC
[19:02:19] [254/296] SRPP
[19:02:20] [255/296] JGDM
[19:02:21] [256/296] MBSJ
[19:02:22] [257/296] SSLL
[19:02:23] [258/296] SLKP
[19:02:24] [259/296] NSRV
[19:02:25] [260/296] UTDV
[19:02:26] [261/296] KICM
[19:02:27] [262/296] KCMD
[19:02:28] [263/296] TTPP
[19:02:29] [264/296] KMPV
[19:02:30] [265/296] SKTV
[19:02:30] [266/296] STCV
[19:02:31] [267/296] SRDA
[19:02:32] [268/296] JTSX
[19:02:33] [269/296] STBV
[19:02:34] [270/296] APVZ
[19:02:35] [271/296] GSTV
[19:02:36] [272/296] NMVS
[19:02:37] [273/296] SKRT
[19:02:38] [274/296] RMDV
[19:02:39] [275/296] RATG
[19:02:40] [276/296] SJYV
[19:02:41] [277/296] NDGP
[19:02:42] [278/296] SNDG
[19:02:43] [279/296] INSR
[19:02:45] [280/296] INSO
[19:02:46] [281/296] CCSI
[19:02:48] [282/296] RASM
[19:02:49] [283/296] NEWC
[19:02:49] [284/296] VSHL
[19:02:50] [285/296] BISW
[19:02:51] [286/296] GCNG
[19:02:52] [287/296] CWSC
[19:02:53] [288/296] SKAN
[19:02:54] [289/296] SEHP
[19:02:54] [290/296] CCOA
[19:02:56] [291/296] MCAJ
[19:02:56] [292/296] ACDE
[19:02:57] [293/296] AACM
[19:02:59] [294/296] JJCK
[19:03:00] [295/296] RCMO
[19:03:01] [296/296] GDAW
[19:03:02] 🧹 Deduping shows
[19:03:02] ✅ DONE | Shows=67 | Movies=11
[22:22:00] 🚀 SCRIPT STARTED
[22:22:00] [1/296] CDCA
[22:22:00] 🧠 New identity created
[22:22:01] [2/296] MNSR
[22:22:02] [3/296] CSSL
[22:22:03] [4/296] BGGM
[22:22:03] [5/296] MANT
[22:22:04] [6/296] SOOY
[22:22:05] [7/296] VPPK
[22:22:06] [8/296] MYHJ
[22:22:07] [9/296] KSCK
[22:22:08] [10/296] KATK
[22:22:09] [11/296] RTRT
[22:22:09] [12/296] SSTT
[22:22:10] [13/296] SSTV
[22:22:11] [14/296] LACM
[22:22:12] [15/296] SGMG
[22:22:13] [16/296] KACX
[22:22:14] [17/296] GVCP
[22:22:15] [18/296] CSNC
[22:22:16] [19/296] SXCB
[22:22:17] [20/296] BAHS
[22:22:18] [21/296] PCBI
[22:22:18] [22/296] PSSM
[22:22:19] [23/296] RCOK
[22:22:21] [24/296] SCPF
[22:22:22] [25/296] SSAS
[22:22:23] [26/296] EVMM
[22:22:25] [27/296] SYCB
[22:22:25] [28/296] GCKI
[22:22:26] [29/296] IAET
[22:22:27] [30/296] DDTD
[22:22:28] [31/296] GMDH
[22:22:29] [32/296] STLE
[22:22:30] [33/296] JTRA
[22:22:31] [34/296] RPPA
[22:22:32] [35/296] ARUT
[22:22:32] [36/296] JTVM
[22:22:33] [37/296] SWRH
[22:22:35] [38/296] DCPC
[22:22:36] [39/296] RAPR
[22:22:37] [40/296] GCRT
[22:22:37] [41/296] ATUN
[22:22:38] [42/296] LTRM
[22:22:39] [43/296] TASR
[22:22:40] [44/296] RLLC
[22:22:41] [45/296] MABI
[22:22:42] [46/296] SVHB
[22:22:42] [47/296] NVTB
[22:22:43] [48/296] KCKG
[22:22:44] [49/296] SSRN
[22:22:45] [50/296] VDDC
[22:22:46] [51/296] GKTK
[22:22:47] [52/296] YFSN
[22:22:47] [53/296] GCSG
[22:22:48] [54/296] ESSM
[22:22:49] [55/296] KRIH
[22:22:50] [56/296] GCDS
[22:22:52] [57/296] CCSH
[22:22:53] [58/296] ACSK
[22:22:53] [59/296] APRK
[22:22:54] [60/296] ADKM
[22:22:55] [61/296] SRDM
[22:22:56] [62/296] RMOG
[22:22:57] [63/296] SJMY
[22:22:58] [64/296] PGGC
[22:22:58] [65/296] INGM
[22:22:59] [66/296] LSCB
[22:23:00] [67/296] STAD
[22:23:01] [68/296] MCCR
[22:23:02] [69/296] ABCC
[22:23:02] [70/296] RKCC
[22:23:03] [71/296] RTCR
[22:23:04] [72/296] GGBC
[22:23:05] [73/296] GCSD
[22:23:07] [74/296] LPTY
[22:23:08] [75/296] MCFD
[22:23:09] [76/296] HENN
[22:23:11] [77/296] SMKU
[22:23:12] [78/296] TNZC
[22:23:13] [79/296] DRCD
[22:23:14] [80/296] DLCD
[22:23:15] [81/296] RCDA
[22:23:16] [82/296] COSM
[22:23:18] [83/296] MCMJ
[22:23:19] [84/296] CSTR
[22:23:20] [85/296] CVDK
[22:23:20] [86/296] INRR
[22:23:21] [87/296] RJRT
[22:23:22] [88/296] IRMR
[22:23:23] [89/296] SRCF
[22:23:24] [90/296] GRCR
[22:23:25] [91/296] SURC
[22:23:26] [92/296] NMNH
[22:23:27] [93/296] SVBL
[22:23:28] [94/296] KACI
[22:23:29] [95/296] TDGO
[22:23:29] [96/296] KTBR
[22:23:30] [97/296] PMAD
[22:23:31] [98/296] CCPN
[22:23:32] [99/296] SBTK
[22:23:33] [100/296] LMDK
[22:23:34] [101/296] PGDA
[22:23:34] [102/296] SRML
[22:23:35] [103/296] EVCK
[22:23:36] [104/296] RTTK
[22:23:38] [105/296] SRTU
[22:23:39] [106/296] VRSA
[22:23:41] [107/296] VARS
[22:23:42] [108/296] DSCZ
[22:23:43] [109/296] GAGA
[22:23:44] [110/296] SARV
[22:23:45] [111/296] SEEG
[22:23:45] [112/296] GLCA
[22:23:46] [113/296] APAS
[22:23:47] [114/296] VCIA
[22:23:48] [115/296] SJTA
[22:23:49] [116/296] SABM
[22:23:49] [117/296] PPAG
[22:23:50] [118/296] RVCA
[22:23:51] [119/296] CCIA
[22:23:52] [120/296] HTAG
[22:23:53] [121/296] SMBI
[22:23:54] [122/296] MCJR
[22:23:54] [123/296] CCJR
[22:23:55] [124/296] SINF
[22:23:56] [125/296] CPLX
[22:23:57] [126/296] KKTJ
[22:23:58] [127/296] GDBW
[22:23:58] [128/296] CSUB
[22:23:59] [129/296] DABA
[22:24:00] [130/296] TITR
[22:24:02] [131/296] NYCR
[22:24:03] [132/296] RTRY
[22:24:04] [133/296] JTJL
[22:24:05] [134/296] SJCP
[22:24:06] [135/296] KCCA
[22:24:07] [136/296] MLPG
[22:24:08] [137/296] VRCK
[22:24:09] [138/296] SRIN
[22:24:11] [139/296] CXMK
[22:24:11] [140/296] SKAD
[22:24:13] [141/296] AVTR
[22:24:14] [142/296] PTAJ
[22:24:14] [143/296] SCNK
[22:24:15] [144/296] STTI
[22:24:16] [145/296] KACR
[22:24:17] [146/296] SSDX
[22:24:18] [147/296] VRTJ
[22:24:18] [148/296] RAJD
[22:24:19] [149/296] SCIP
[22:24:20] [150/296] RJSL
[22:24:21] [151/296] ARRS
[22:24:23] [152/296] ASMS
[22:24:23] [153/296] RDTS
[22:24:24] [154/296] DVMY
[22:24:25] [155/296] RASA
[22:24:26] [156/296] INOM
[22:24:27] [157/296] SPRS
[22:24:28] [158/296] SGCS
[22:24:29] [159/296] SALM
[22:24:29] [160/296] PKHC
[22:24:30] [161/296] RCSV
[22:24:31] [162/296] CPKC
[22:24:32] [163/296] AACD
[22:24:33] [164/296] GGCV
[22:24:33] [165/296] SMKD
[22:24:34] [166/296] NBCH
[22:24:35] [167/296] AMCB
[22:24:36] [168/296] OPCN
[22:24:37] [169/296] DCIN
[22:24:38] [170/296] INGW
[22:24:39] [171/296] PKKW
[22:24:39] [172/296] FNGW
[22:24:40] [173/296] GCGD
[22:24:41] [174/296] MSTW
[22:24:42] [175/296] KCCG
[22:24:43] [176/296] MRSS
[22:24:44] [177/296] CLCF
[22:24:45] [178/296] EETS
[22:24:45] [179/296] AATR
[22:24:46] [180/296] CMMN
[22:24:47] [181/296] SCCJ
[22:24:47] [182/296] CDTK
[22:24:48] [183/296] AICP
[22:24:49] [184/296] FNBP
[22:24:50] [185/296] CBPB
[22:24:51] [186/296] CPAS
[22:24:51] [187/296] MAPM
[22:24:52] [188/296] PASD
[22:24:54] [189/296] JCMN
[22:24:55] [190/296] MALB
[22:24:56] [191/296] SACG
[22:24:57] [192/296] DDRX
[22:24:57] [193/296] DDXB
[22:24:58] [194/296] RAMC
[22:24:59] [195/296] SANC
[22:25:00] [196/296] BCBP
[22:25:01] [197/296] ALPC
[22:25:01] [198/296] RBAC
[22:25:02] [199/296] RAJL
[22:25:03] [200/296] MPDX
[22:25:04] [201/296] MUSC
[22:25:05] [202/296] VKMK
[22:25:05] [203/296] SKCG
[22:25:06] [204/296] ANCN
[22:25:07] [205/296] MMCJ
[22:25:08] [206/296] DCAK
[22:25:09] [207/296] SCKG
[22:25:10] [208/296] LMCK
[22:25:12] [209/296] CKKX
[22:25:12] [210/296] ANKU
[22:25:13] [211/296] CSMD
[22:25:14] [212/296] MKMP
[22:25:15] [213/296] SVBG
[22:25:16] [214/296] ROOP
[22:25:18] [215/296] GDMT
[22:25:19] [216/296] FPPF
[22:25:20] [217/296] SFUU
[22:25:21] [218/296] ANCB
[22:25:22] [219/296] SMMC
[22:25:22] [220/296] UGKT
[22:25:23] [221/296] JVRM
[22:25:24] [222/296] BATG
[22:25:25] [223/296] RATE
[22:25:27] [224/296] SKME
[22:25:28] [225/296] LMTP
[22:25:29] [226/296] TCBD
[22:25:30] [227/296] ESBD
[22:25:31] [228/296] GDCU
[22:25:32] [229/296] SNKT
[22:25:33] [230/296] SRNK
[22:25:35] [231/296] SMED
[22:25:35] [232/296] CSQS
[22:25:36] [233/296] ALCS
[22:25:37] [234/296] KCKN
[22:25:38] [235/296] VCCL
[22:25:39] [236/296] MCDA
[22:25:40] [237/296] SHMI
[22:25:41] [238/296] SKHA
[22:25:41] [239/296] SVFK
[22:25:42] [240/296] INVB
[22:25:43] [241/296] MELD
[22:25:44] [242/296] JTYS
[22:25:45] [243/296] INCM
[22:25:45] [244/296] MCDV
[22:25:46] [245/296] KSGK
[22:25:47] [246/296] ICMG
[22:25:48] [247/296] CSCV
[22:25:49] [248/296] STMD
[22:25:51] [249/296] STTR
[22:25:52] [250/296] INVC
[22:25:52] [251/296] JTBL
[22:25:53] [252/296] SRVV
[22:25:55] [253/296] MAVC
[22:25:55] [254/296] SRPP
[22:25:57] [255/296] JGDM
[22:25:58] [256/296] MBSJ
[22:25:59] [257/296] SSLL
[22:26:00] [258/296] SLKP
[22:26:00] [259/296] NSRV
[22:26:01] [260/296] UTDV
[22:26:02] [261/296] KICM
[22:26:03] [262/296] KCMD
[22:26:04] [263/296] TTPP
[22:26:05] [264/296] KMPV
[22:26:06] [265/296] SKTV
[22:26:07] [266/296] STCV
[22:26:08] [267/296] SRDA
[22:26:08] [268/296] JTSX
[22:26:09] [269/296] STBV
[22:26:10] [270/296] APVZ
[22:26:11] [271/296] GSTV
[22:26:12] [272/296] NMVS
[22:26:14] [273/296] SKRT
[22:26:15] [274/296] RMDV
[22:26:15] [275/296] RATG
[22:26:16] [276/296] SJYV
[22:26:17] [277/296] NDGP
[22:26:18] [278/296] SNDG
[22:26:19] [279/296] INSR
[22:26:20] [280/296] INSO
[22:26:21] [281/296] CCSI
[22:26:22] [282/296] RASM
[22:26:23] [283/296] NEWC
[22:26:24] [284/296] VSHL
[22:26:24] [285/296] BISW
[22:26:25] [286/296] GCNG
[22:26:26] [287/296] CWSC
[22:26:27] [288/296] SKAN
[22:26:28] [289/296] SEHP
[22:26:29] [290/296] CCOA
[22:26:30] [291/296] MCAJ
[22:26:30] [292/296] ACDE
[22:26:31] [293/296] AACM
[22:26:32] [294/296] JJCK
[22:26:33] [295/296] RCMO
[22:26:34] [296/296] GDAW
[22:26:35] 🧹 Deduping shows
[22:26:35] ✅ DONE | Shows=58 | Movies=10
