[04:49:07] 🚀 SCRIPT STARTED
[04:49:07] [1/445] TGMR
[04:49:07] 🧠 New identity created
[04:49:08] [2/445] CXKR
[04:49:09] [3/445] SROP
[04:49:10] [4/445] GTSV
[04:49:12] [5/445] SNTY
[04:49:13] [6/445] SMYY
[04:49:14] [7/445] CNCS
[04:49:14] [8/445] CSTM
[04:49:15] [9/445] NUCD
[04:49:17] [10/445] SHCZ
[04:49:18] [11/445] NJCT
[04:49:19] [12/445] COPC
[04:49:19] [13/445] STVV
[04:49:20] [14/445] SKRN
[04:49:21] [15/445] APPZ
[04:49:22] [16/445] YMGN
[04:49:23] [17/445] SVTU
[04:49:24] [18/445] GTAD
[04:49:25] [19/445] PSUS
[04:49:25] [20/445] SMCD
[04:49:26] [21/445] CMCM
[04:49:27] [22/445] SYCT
[04:49:28] [23/445] STLY
[04:49:30] [24/445] CMHU
[04:49:31] [25/445] CMSA
[04:49:31] [26/445] CLCU
[04:49:32] [27/445] PPNT
[04:49:33] [28/445] JTAB
[04:49:34] [29/445] BUUC
[04:49:35] [30/445] BSVK
[04:49:36] [31/445] VVVQ
[04:49:36] [32/445] TKMU
[04:49:37] [33/445] ESYL
[04:49:39] [34/445] ACHP
[04:49:39] [35/445] BTKD
[04:49:40] [36/445] DESA
[04:49:41] [37/445] GBCT
[04:49:42] [38/445] BLLD
[04:49:43] [39/445] SKNT
[04:49:44] [40/445] SSTE
[04:49:44] [41/445] VJMR
[04:49:45] [42/445] NTPU
[04:49:46] [43/445] RDKN
[04:49:47] [44/445] ADGC
[04:49:48] [45/445] VRBP
[04:49:48] [46/445] NMNA
[04:49:49] [47/445] CMMX
[04:49:50] [48/445] PTKO
[04:49:51] [49/445] RBML
[04:49:52] [50/445] SAIC
[04:49:52] [51/445] SVTJ
[04:49:53] [52/445] MRTE
[04:49:54] [53/445] RBTP
[04:49:55] [54/445] NLPS
[04:49:56] [55/445] GTNA
[04:49:57] [56/445] DGGC
[04:49:58] [57/445] SMCR
[04:49:58] [58/445] SCGD
[04:49:59] [59/445] SRRJ
[04:50:00] [60/445] CNRY
[04:50:00] [61/445] KTDI
[04:50:01] [62/445] SNJL
[04:50:02] [63/445] RKMD
[04:50:03] [64/445] SMDC
[04:50:04] [65/445] TADG
[04:50:05] [66/445] MCGS
[04:50:06] [67/445] PETK
[04:50:07] [68/445] CHAG
[04:50:08] [69/445] KSTL
[04:50:09] [70/445] AADS
[04:50:10] [71/445] NTHZ
[04:50:10] [72/445] HCKI
[04:50:11] [73/445] SSEF
[04:50:12] [74/445] MCGX
[04:50:13] [75/445] ERRA
[04:50:14] [76/445] SDTW
[04:50:15] [77/445] RMPK
[04:50:15] [78/445] PTHK
[04:50:16] [79/445] PXCS
[04:50:17] [80/445] SVLU
[04:50:18] [81/445] STAH
[04:50:19] [82/445] JRGF
[04:50:20] [83/445] CDOK
[04:50:21] [84/445] CMSG
[04:50:22] [85/445] APTD
[04:50:23] [86/445] KMPG
[04:50:24] [87/445] MUTJ
[04:50:25] [88/445] VCCI
[04:50:25] [89/445] URBE
[04:50:26] [90/445] TCTS
[04:50:27] [91/445] STSN
[04:50:28] [92/445] AKCH
[04:50:29] [93/445] APSC
[04:50:29] [94/445] VLTB
[04:50:30] [95/445] SANU
[04:50:31] [96/445] AXAM
[04:50:32] [97/445] MGMG
[04:50:33] [98/445] HTBY
[04:50:34] [99/445] MMZS
[04:50:34] [100/445] SUDR
[04:50:35] [101/445] CCAD
[04:50:37] [102/445] SKKC
[04:50:37] [103/445] RMCD
[04:50:38] [104/445] SBCQ
[04:50:39] [105/445] DCCT
[04:50:40] [106/445] VTKP
[04:50:41] [107/445] MLAM
[04:50:42] [108/445] SAVT
[04:50:44] [109/445] GEPL
[04:50:44] [110/445] AMCD
[04:50:45] [111/445] CCXR
[04:50:46] [112/445] GRNG
[04:50:47] [113/445] EBCA
[04:50:48] [114/445] CNVG
[04:50:49] [115/445] MWSS
[04:50:50] [116/445] VBOR
[04:50:50] [117/445] NEEB
[04:50:51] [118/445] SUTH
[04:50:52] [119/445] ANDB
[04:50:53] [120/445] MMXS
[04:50:54] [121/445] CNPD
[04:50:54] [122/445] SDCE
[04:50:55] [123/445] DHCB
[04:50:56] [124/445] ODEN
[04:50:57] [125/445] TNTC
[04:50:58] [126/445] VBKM
[04:50:59] [127/445] RZYM
[04:51:00] [128/445] JEMC
[04:51:00] [129/445] CMAU
[04:51:01] [130/445] SIVP
[04:51:02] [131/445] ATAG
[04:51:03] [132/445] CHTM
[04:51:03] [133/445] AAEE
[04:51:04] [134/445] IWPM
[04:51:05] [135/445] KCMW
[04:51:06] [136/445] MCTD
[04:51:07] [137/445] SPWR
[04:51:08] [138/445] SDPO
[04:51:08] [139/445] PCSK
[04:51:09] [140/445] ACHV
[04:51:10] [141/445] SVLA
[04:51:10] [142/445] PICT
[04:51:11] [143/445] BXDR
[04:51:12] [144/445] SPWA
[04:51:13] [145/445] MCKO
[04:51:15] [146/445] RTHK
[04:51:15] [147/445] CCMF
[04:51:16] [148/445] MRGB
[04:51:18] [149/445] CPLC
[04:51:19] [150/445] RACD
[04:51:19] [151/445] ATKT
[04:51:20] [152/445] SARN
[04:51:21] [153/445] KKUI
[04:51:21] [154/445] RGCM
[04:51:22] [155/445] BRVP
[04:51:23] [156/445] HRSR
[04:51:24] [157/445] GKGM
[04:51:25] [158/445] TTCD
[04:51:26] [159/445] PTTI
[04:51:26] [160/445] MPTT
[04:51:27] [161/445] CVTT
[04:51:28] [162/445] PCXD
[04:51:29] [163/445] GCDC
[04:51:30] [164/445] CCCF
[04:51:31] [165/445] MRAD
[04:51:32] [166/445] CPLK
[04:51:34] [167/445] SATB
[04:51:35] [168/445] SNVG
[04:51:36] [169/445] JMBA
[04:51:36] [170/445] TEJA
[04:51:37] [171/445] STYO
[04:51:38] [172/445] JTBP
[04:51:39] [173/445] KRGD
[04:51:40] [174/445] SLJJ
[04:51:42] [175/445] SPTJ
[04:51:43] [176/445] SWJG
[04:51:43] [177/445] LKRT
[04:51:44] [178/445] KCKA
[04:51:46] [179/445] SNCR
[04:51:47] [180/445] SMKL
[04:51:48] [181/445] GCFA
[04:51:49] [182/445] DDCK
[04:51:50] [183/445] NCHJ
[04:51:51] [184/445] RDMA
[04:51:52] [185/445] SVSV
[04:51:52] [186/445] SCJG
[04:51:53] [187/445] VKLP
[04:51:54] [188/445] NWCC
[04:51:55] [189/445] VKNS
[04:51:56] [190/445] SDDP
[04:51:57] [191/445] ACSI
[04:51:58] [192/445] SATG
[04:51:59] [193/445] SCMW
[04:51:59] [194/445] LKTK
[04:52:00] [195/445] VCKV
[04:52:01] [196/445] KKPE
[04:52:02] [197/445] KIGH
[04:52:03] [198/445] SRPM
[04:52:04] [199/445] SCAH
[04:52:05] [200/445] MUTA
[04:52:06] [201/445] SEPU
[04:52:06] [202/445] INOA
[04:52:07] [203/445] BASK
[04:52:08] [204/445] NECB
[04:52:09] [205/445] GTTG
[04:52:10] [206/445] ASSA
[04:52:10] [207/445] ANCL
[04:52:11] [208/445] GCTI
[04:52:12] [209/445] RCTS
[04:52:13] [210/445] ACNL
[04:52:14] [211/445] MYCT
[04:52:15] [212/445] NMHT
[04:52:15] [213/445] MDIT
[04:52:16] [214/445] LATG
[04:52:17] [215/445] SMTY
[04:52:18] [216/445] CVCT
[04:52:19] [217/445] RAMB
[04:52:19] [218/445] TGMS
[04:52:21] [219/445] BHEL
[04:52:22] [220/445] SHCT
[04:52:22] [221/445] SVCT
[04:52:23] [222/445] MRIY
[04:52:24] [223/445] SARO
[04:52:25] [224/445] STCT
[04:52:27] [225/445] JKKC
[04:52:28] [226/445] PLTT
[04:52:29] [227/445] SRNT
[04:52:30] [228/445] YAST
[04:52:31] [229/445] PERL
[04:52:32] [230/445] CICM
[04:52:33] [231/445] MMTR
[04:52:34] [232/445] ABTK
[04:52:35] [233/445] ATYY
[04:52:36] [234/445] ASTK
[04:52:37] [235/445] VVCK
[04:52:38] [236/445] ATKY
[04:52:38] [237/445] GWEK
[04:52:39] [238/445] SVFH
[04:52:40] [239/445] SLTA
[04:52:41] [240/445] AASH
[04:52:42] [241/445] ACXB
[04:52:42] [242/445] SMTX
[04:52:43] [243/445] AZDH
[04:52:44] [244/445] CMMH
[04:52:45] [245/445] SCSZ
[04:52:45] [246/445] SCKP
[04:52:46] [247/445] NXTM
[04:52:47] [248/445] NWCS
[04:52:48] [249/445] CXMH
[04:52:49] [250/445] PCMA
[04:52:50] [251/445] SGCM
[04:52:50] [252/445] SDTU
[04:52:51] [253/445] MMVI
[04:52:52] [254/445] JKCM
[04:52:53] [255/445] VCMM
[04:52:53] [256/445] SYEE
[04:52:54] [257/445] VASD
[04:52:55] [258/445] BDRB
[04:52:56] [259/445] LASM
[04:52:57] [260/445] DCRL
[04:52:59] [261/445] DVPM
[04:52:59] [262/445] SBMJ
[04:53:00] [263/445] CBMU
[04:53:01] [264/445] IUBS
[04:53:02] [265/445] INAP
[04:53:03] [266/445] SRRC
[04:53:04] [267/445] SAGR
[04:53:05] [268/445] CPMJ
[04:53:06] [269/445] ATJL
[04:53:06] [270/445] NNTD
[04:53:08] [271/445] JHCJ
[04:53:09] [272/445] CMMP
[04:53:10] [273/445] RSDR
[04:53:11] [274/445] AMTI
[04:53:12] [275/445] NYSG
[04:53:13] [276/445] AVSG
[04:53:14] [277/445] SYTP
[04:53:14] [278/445] LARC
[04:53:15] [279/445] RJTP
[04:53:16] [280/445] LAKC
[04:53:17] [281/445] MCXE
[04:53:18] [282/445] CCZC
[04:53:18] [283/445] AVCH
[04:53:19] [284/445] CMBE
[04:53:21] [285/445] MRRC
[04:53:22] [286/445] PCPY
[04:53:23] [287/445] SRMH
[04:53:24] [288/445] SVGS
[04:53:24] [289/445] PCSE
[04:53:25] [290/445] SVFT
[04:53:26] [291/445] TNZP
[04:53:27] [292/445] ICTP
[04:53:28] [293/445] ACTZ
[04:53:29] [294/445] GTUR
[04:53:30] [295/445] MAFC
[04:53:31] [296/445] MINL
[04:53:32] [297/445] MRCL
[04:53:33] [298/445] RCRP
[04:53:34] [299/445] RFFG
[04:53:35] [300/445] RMAS
[04:53:35] [301/445] INVR
[04:53:36] [302/445] RMAR
[04:53:37] [303/445] CNIS
[04:53:38] [304/445] RHRJ
[04:53:39] [305/445] INXR
[04:53:40] [306/445] VALT
[04:53:41] [307/445] LCSH
[04:53:42] [308/445] CMVS
[04:53:43] [309/445] CNMS
[04:53:43] [310/445] ROOG
[04:53:44] [311/445] ISRM
[04:53:45] [312/445] RCRM
[04:53:46] [313/445] ACJA
[04:53:47] [314/445] RCVS
[04:53:48] [315/445] CPUS
[04:53:48] [316/445] TGCS
[04:53:49] [317/445] RKCJ
[04:53:51] [318/445] MKSB
[04:53:51] [319/445] TCSJ
[04:53:52] [320/445] RMGP
[04:53:53] [321/445] CLLP
[04:53:53] [322/445] RCMV
[04:53:54] [323/445] CCKS
[04:53:55] [324/445] RSRP
[04:53:56] [325/445] APLP
[04:53:57] [326/445] CNVS
[04:53:58] [327/445] RMVY
[04:53:59] [328/445] PGBD
[04:54:00] [329/445] KLMS
[04:54:01] [330/445] RUST
[04:54:01] [331/445] MASM
[04:54:02] [332/445] BACS
[04:54:03] [333/445] BWST
[04:54:04] [334/445] RRFH
[04:54:05] [335/445] SJTM
[04:54:06] [336/445] BEMR
[04:54:06] [337/445] MCGR
[04:54:08] [338/445] SDSK
[04:54:09] [339/445] VBOL
[04:54:09] [340/445] RMGM
[04:54:10] [341/445] NOPL
[04:54:11] [342/445] MKJK
[04:54:12] [343/445] CVRN
[04:54:13] [344/445] MMEN
[04:54:14] [345/445] AMNG
[04:54:14] [346/445] INTM
[04:54:16] [347/445] SLCZ
[04:54:17] [348/445] AMJN
[04:54:18] [349/445] ACJN
[04:54:18] [350/445] AMKN
[04:54:19] [351/445] BTCN
[04:54:20] [352/445] AMBT
[04:54:21] [353/445] PACN
[04:54:22] [354/445] LCNS
[04:54:22] [355/445] PPKC
[04:54:23] [356/445] JYYN
[04:54:24] [357/445] JTNR
[04:54:25] [358/445] GTEE
[04:54:26] [359/445] SRNM
[04:54:26] [360/445] SDTC
[04:54:27] [361/445] VPCA
[04:54:28] [362/445] VLRA
[04:54:29] [363/445] SHKR
[04:54:30] [364/445] SBKD
[04:54:30] [365/445] SAAD
[04:54:31] [366/445] JTGN
[04:54:32] [367/445] SLAM
[04:54:33] [368/445] VTPM
[04:54:34] [369/445] ANPT
[04:54:34] [370/445] PUNB
[04:54:35] [371/445] CPKT
[04:54:36] [372/445] CNWE
[04:54:37] [373/445] ECPP
[04:54:37] [374/445] CPAR
[04:54:38] [375/445] ESBW
[04:54:39] [376/445] PKPU
[04:54:40] [377/445] CPRP
[04:54:40] [378/445] RAHU
[04:54:41] [379/445] RHMN
[04:54:43] [380/445] FMJP
[04:54:44] [381/445] CTMP
[04:54:44] [382/445] INPN
[04:54:45] [383/445] STTG
[04:54:46] [384/445] CTRD
[04:54:47] [385/445] PUVB
[04:54:48] [386/445] ESVP
[04:54:48] [387/445] CPFT
[04:54:49] [388/445] LCPC
[04:54:50] [389/445] VBCT
[04:54:51] [390/445] FSCW
[04:54:52] [391/445] VCMP
[04:54:53] [392/445] ASHC
[04:54:54] [393/445] VLCX
[04:54:54] [394/445] SHEV
[04:54:55] [395/445] APCO
[04:54:57] [396/445] SILC
[04:54:57] [397/445] SNMR
[04:54:58] [398/445] KYBO
[04:54:59] [399/445] SATK
[04:55:00] [400/445] SSCS
[04:55:01] [401/445] CLSB
[04:55:02] [402/445] KMJR
[04:55:03] [403/445] FSCK
[04:55:04] [404/445] NNKA
[04:55:05] [405/445] CLMK
[04:55:05] [406/445] DMPZ
[04:55:06] [407/445] INQM
[04:55:07] [408/445] CAML
[04:55:08] [409/445] INRK
[04:55:09] [410/445] IMKN
[04:55:10] [411/445] SVNR
[04:55:10] [412/445] INSL
[04:55:11] [413/445] MSMA
[04:55:12] [414/445] MCKK
[04:55:13] [415/445] FCHP
[04:55:13] [416/445] SFCR
[04:55:15] [417/445] NACK
[04:55:15] [418/445] PVAK
[04:55:16] [419/445] INER
[04:55:17] [420/445] RDBK
[04:55:18] [421/445] SVFN
[04:55:18] [422/445] IFRM
[04:55:19] [423/445] ATCK
[04:55:20] [424/445] ASKO
[04:55:20] [425/445] STKT
[04:55:21] [426/445] SVFB
[04:55:23] [427/445] INKS
[04:55:24] [428/445] PCRA
[04:55:25] [429/445] ATJA
[04:55:26] [430/445] IMJN
[04:55:27] [431/445] INHD
[04:55:28] [432/445] BARA
[04:55:29] [433/445] MCSL
[04:55:30] [434/445] RTOY
[04:55:31] [435/445] MENO
[04:55:32] [436/445] PUDM
[04:55:32] [437/445] PRCN
[04:55:33] [438/445] JMJR
[04:55:34] [439/445] SSGK
[04:55:34] [440/445] SSRL
[04:55:35] [441/445] JYKL
[04:55:36] [442/445] ACNB
[04:55:37] [443/445] SONP
[04:55:37] [444/445] EMCI
[04:55:38] [445/445] MRJH
[04:55:39] 🧹 Deduping shows
[04:55:39] ✅ DONE | Shows=165 | Movies=15
