[04:49:11] 🚀 SCRIPT STARTED
[04:49:11] [1/459] NECA
[04:49:11] 🧠 New identity created
[04:49:13] [2/459] BJLC
[04:49:14] [3/459] BASU
[04:49:15] [4/459] RUPI
[04:49:16] [5/459] LCBK
[04:49:17] [6/459] PMAC
[04:49:17] [7/459] AMLC
[04:49:18] [8/459] LICL
[04:49:19] [9/459] UDMM
[04:49:20] [10/459] STBZ
[04:49:21] [11/459] UUBT
[04:49:22] [12/459] SJKC
[04:49:23] [13/459] TUAL
[04:49:24] [14/459] MRSE
[04:49:25] [15/459] RMRK
[04:49:25] [16/459] TTKP
[04:49:26] [17/459] KTKO
[04:49:27] [18/459] SDBK
[04:49:28] [19/459] MCPR
[04:49:29] [20/459] CHTI
[04:49:30] [21/459] GCCP
[04:49:32] [22/459] SRMY
[04:49:33] [23/459] NYST
[04:49:34] [24/459] NYAG
[04:49:35] [25/459] SBMT
[04:49:35] [26/459] INGA
[04:49:36] [27/459] WSIC
[04:49:37] [28/459] SCSS
[04:49:38] [29/459] COPG
[04:49:38] [30/459] RCGR
[04:49:39] [31/459] TCZA
[04:49:40] [32/459] CNLP
[04:49:41] [33/459] CLKN
[04:49:42] [34/459] LHDF
[04:49:43] [35/459] ELKC
[04:49:44] [36/459] VCEM
[04:49:44] [37/459] SSZA
[04:49:45] [38/459] KRMT
[04:49:46] [39/459] LCMV
[04:49:48] [40/459] AYCZ
[04:49:49] [41/459] CUMS
[04:49:50] [42/459] BOCK
[04:49:51] [43/459] PNMR
[04:49:51] [44/459] PJCP
[04:49:52] [45/459] JDDD
[04:49:53] [46/459] STMS
[04:49:54] [47/459] FLMB
[04:49:55] [48/459] PKCM
[04:49:56] [49/459] SPPR
[04:49:57] [50/459] EYLH
[04:49:57] [51/459] RJCC
[04:49:59] [52/459] MMPS
[04:50:00] [53/459] SHMX
[04:50:01] [54/459] CCNL
[04:50:02] [55/459] RCNV
[04:50:02] [56/459] MAAG
[04:50:03] [57/459] LXCM
[04:50:04] [58/459] RCNI
[04:50:06] [59/459] SNNI
[04:50:06] [60/459] LALC
[04:50:07] [61/459] SOCN
[04:50:08] [62/459] JHTP
[04:50:09] [63/459] PITP
[04:50:10] [64/459] CCKW
[04:50:11] [65/459] MCMC
[04:50:12] [66/459] DEES
[04:50:13] [67/459] SABT
[04:50:14] [68/459] VSPP
[04:50:15] [69/459] ABCT
[04:50:15] [70/459] JVTB
[04:50:16] [71/459] VCBD
[04:50:17] [72/459] RMGG
[04:50:18] [73/459] RNMH
[04:50:19] [74/459] SPGL
[04:50:21] [75/459] JTTR
[04:50:21] [76/459] SICS
[04:50:22] [77/459] SRMI
[04:50:23] [78/459] SSIJ
[04:50:24] [79/459] KFMT
[04:50:25] [80/459] VBIT
[04:50:26] [81/459] JKCT
[04:50:27] [82/459] GCGP
[04:50:28] [83/459] GDCS
[04:50:29] [84/459] TRBA
[04:50:31] [85/459] QUST
[04:50:33] [86/459] VSHM
[04:50:34] [87/459] SDCP
[04:50:35] [88/459] SNVS
[04:50:36] [89/459] NYTO
[04:50:37] [90/459] URWC
[04:50:38] [91/459] GTWH
[04:50:39] [92/459] PFCM
[04:50:40] [93/459] KRTA
[04:50:41] [94/459] AXMC
[04:50:41] [95/459] EVMC
[04:50:42] [96/459] HGSM
[04:50:43] [97/459] ACVM
[04:50:44] [98/459] PSKL
[04:50:44] [99/459] RDMP
[04:50:45] [100/459] RHGH
[04:50:46] [101/459] OMCM
[04:50:47] [102/459] DCCP
[04:50:48] [103/459] MCPB
[04:50:49] [104/459] ALCI
[04:50:49] [105/459] BLMX
[04:50:51] [106/459] BTMV
[04:50:52] [107/459] FVPN
[04:50:53] [108/459] CMAR
[04:50:54] [109/459] CEIM
[04:50:55] [110/459] CMVA
[04:50:56] [111/459] CPIV
[04:50:57] [112/459] CNPE
[04:50:58] [113/459] COLV
[04:50:59] [114/459] DNNV
[04:51:00] [115/459] HCAD
[04:51:01] [116/459] TAKA
[04:51:03] [117/459] INVD
[04:51:04] [118/459] IRMM
[04:51:04] [119/459] INSE
[04:51:05] [120/459] MRSW
[04:51:06] [121/459] MCVD
[04:51:07] [122/459] MCSO
[04:51:08] [123/459] PEVM
[04:51:09] [124/459] PVNL
[04:51:10] [125/459] PTCV
[04:51:11] [126/459] PRTC
[04:51:12] [127/459] RCVA
[04:51:13] [128/459] MTBN
[04:51:13] [129/459] LUCP
[04:51:15] [130/459] FMPT
[04:51:16] [131/459] JLSL
[04:51:17] [132/459] SBHA
[04:51:17] [133/459] SHRC
[04:51:18] [134/459] AVPS
[04:51:19] [135/459] STPM
[04:51:20] [136/459] ATRD
[04:51:21] [137/459] VTED
[04:51:21] [138/459] ACAI
[04:51:23] [139/459] SMAE
[04:51:24] [140/459] VMAT
[04:51:25] [141/459] LKCT
[04:51:25] [142/459] JTVK
[04:51:27] [143/459] PRTY
[04:51:28] [144/459] GETT
[04:51:29] [145/459] ESAP
[04:51:30] [146/459] NCPM
[04:51:31] [147/459] PCPA
[04:51:31] [148/459] MMOM
[04:51:32] [149/459] PHUP
[04:51:33] [150/459] CCPI
[04:51:34] [151/459] CNTD
[04:51:34] [152/459] NLJR
[04:51:35] [153/459] SRNG
[04:51:36] [154/459] MHAL
[04:51:37] [155/459] PNSM
[04:51:38] [156/459] DRMY
[04:51:39] [157/459] CCMU
[04:51:40] [158/459] SCMY
[04:51:41] [159/459] PVSY
[04:51:42] [160/459] SDLM
[04:51:43] [161/459] ICCM
[04:51:44] [162/459] PYSU
[04:51:45] [163/459] GATM
[04:51:45] [164/459] WOTM
[04:51:46] [165/459] RKTS
[04:51:47] [166/459] PMTY
[04:51:48] [167/459] LYMS
[04:51:49] [168/459] TGCA
[04:51:50] [169/459] DSTA
[04:51:50] [170/459] CNGE
[04:51:51] [171/459] VSTG
[04:51:52] [172/459] GTCK
[04:51:54] [173/459] TGNT
[04:51:55] [174/459] ASLC
[04:51:56] [175/459] SSST
[04:51:58] [176/459] KBTT
[04:51:58] [177/459] HKCP
[04:52:00] [178/459] SWLC
[04:52:01] [179/459] RTND
[04:52:02] [180/459] PKKT
[04:52:03] [181/459] HSTK
[04:52:04] [182/459] SPTT
[04:52:05] [183/459] IMPM
[04:52:05] [184/459] SCMV
[04:52:06] [185/459] SPCT
[04:52:08] [186/459] JBCA
[04:52:09] [187/459] ATTR
[04:52:10] [188/459] SPMT
[04:52:11] [189/459] LCTM
[04:52:12] [190/459] SCVL
[04:52:13] [191/459] SCVT
[04:52:14] [192/459] KRIC
[04:52:15] [193/459] CTMG
[04:52:16] [194/459] ACNC
[04:52:17] [195/459] DMCK
[04:52:18] [196/459] KMTV
[04:52:19] [197/459] PFCJ
[04:52:20] [198/459] VNMD
[04:52:21] [199/459] VPCZ
[04:52:22] [200/459] SRYR
[04:52:22] [201/459] SYTR
[04:52:23] [202/459] GATR
[04:52:24] [203/459] URTR
[04:52:25] [204/459] MKSM
[04:52:26] [205/459] VSMH
[04:52:27] [206/459] SKRJ
[04:52:28] [207/459] SSJR
[04:52:28] [208/459] SVSM
[04:52:29] [209/459] RUCM
[04:52:30] [210/459] PRKN
[04:52:31] [211/459] RROH
[04:52:32] [212/459] SCTN
[04:52:33] [213/459] RTDM
[04:52:34] [214/459] ASRM
[04:52:34] [215/459] SKMD
[04:52:35] [216/459] SUTD
[04:52:36] [217/459] SADM
[04:52:37] [218/459] WCNR
[04:52:38] [219/459] CNED
[04:52:39] [220/459] MPDB
[04:52:39] [221/459] KTBH
[04:52:40] [222/459] IDRM
[04:52:41] [223/459] PJJT
[04:52:42] [224/459] PFCV
[04:52:43] [225/459] AACT
[04:52:44] [226/459] AAAD
[04:52:44] [227/459] ANES
[04:52:45] [228/459] MNCA
[04:52:46] [229/459] RMGU
[04:52:47] [230/459] DLCN
[04:52:48] [231/459] LJWT
[04:52:49] [232/459] MCBG
[04:52:50] [233/459] MYBG
[04:52:51] [234/459] GCCA
[04:52:51] [235/459] GCGA
[04:52:52] [236/459] ECGN
[04:52:53] [237/459] PRAB
[04:52:54] [238/459] PNMP
[04:52:54] [239/459] GCPT
[04:52:55] [240/459] ROYN
[04:52:56] [241/459] VATM
[04:52:57] [242/459] KSNT
[04:52:58] [243/459] ACTC
[04:52:59] [244/459] PLTD
[04:53:00] [245/459] SKMK
[04:53:01] [246/459] CMTT
[04:53:01] [247/459] SMXP
[04:53:02] [248/459] SCMX
[04:53:04] [249/459] ACXN
[04:53:05] [250/459] ASWT
[04:53:06] [251/459] VVVL
[04:53:06] [252/459] NAGO
[04:53:07] [253/459] SNCN
[04:53:08] [254/459] MCKP
[04:53:09] [255/459] SAMO
[04:53:10] [256/459] JBTV
[04:53:11] [257/459] DCVV
[04:53:11] [258/459] KMSV
[04:53:13] [259/459] KDCN
[04:53:14] [260/459] CNCP
[04:53:15] [261/459] HAMC
[04:53:15] [262/459] CCVZ
[04:53:16] [263/459] NCCK
[04:53:17] [264/459] MCHR
[04:53:18] [265/459] SCHT
[04:53:19] [266/459] ESSH
[04:53:20] [267/459] CUJC
[04:53:20] [268/459] PECP
[04:53:21] [269/459] PMMI
[04:53:22] [270/459] PCCH
[04:53:23] [271/459] PRPM
[04:53:24] [272/459] PVKL
[04:53:25] [273/459] CBSM
[04:53:26] [274/459] PVCZ
[04:53:27] [275/459] PCVV
[04:53:27] [276/459] CTMJ
[04:53:28] [277/459] RCPS
[04:53:29] [278/459] PCIT
[04:53:30] [279/459] FNCH
[04:53:31] [280/459] INZD
[04:53:32] [281/459] INPC
[04:53:33] [282/459] LCZP
[04:53:34] [283/459] SMCB
[04:53:34] [284/459] PTSB
[04:53:35] [285/459] TPSI
[04:53:36] [286/459] KHMJ
[04:53:37] [287/459] RCCJ
[04:53:38] [288/459] NCJA
[04:53:39] [289/459] NCJN
[04:53:40] [290/459] BTDP
[04:53:40] [291/459] PADY
[04:53:41] [292/459] NYBH
[04:53:43] [293/459] MTBR
[04:53:44] [294/459] KRBC
[04:53:46] [295/459] DKTI
[04:53:47] [296/459] ANAN
[04:53:48] [297/459] INBP
[04:53:49] [298/459] PATB
[04:53:50] [299/459] RGNT
[04:53:50] [300/459] CGPM
[04:53:51] [301/459] INTN
[04:53:52] [302/459] MCMP
[04:53:53] [303/459] ASRG
[04:53:54] [304/459] CXJD
[04:53:55] [305/459] SPCP
[04:53:56] [306/459] CSTP
[04:53:57] [307/459] PKVC
[04:53:58] [308/459] ESCP
[04:53:58] [309/459] CAEP
[04:54:00] [310/459] CCSP
[04:54:01] [311/459] KTPC
[04:54:02] [312/459] DACA
[04:54:03] [313/459] NVKY
[04:54:04] [314/459] PTIN
[04:54:05] [315/459] SCIN
[04:54:05] [316/459] MCTY
[04:54:06] [317/459] PCMX
[04:54:07] [318/459] INIC
[04:54:08] [319/459] MMZM
[04:54:09] [320/459] SSLP
[04:54:10] [321/459] DTDT
[04:54:11] [322/459] FFCX
[04:54:12] [323/459] RCMM
[04:54:13] [324/459] KYID
[04:54:14] [325/459] CSCI
[04:54:15] [326/459] FCMC
[04:54:16] [327/459] MMXI
[04:54:17] [328/459] ASTC
[04:54:18] [329/459] CMRA
[04:54:19] [330/459] DICI
[04:54:19] [331/459] KDIN
[04:54:20] [332/459] PRFI
[04:54:21] [333/459] SVFC
[04:54:22] [334/459] UCPL
[04:54:23] [335/459] COOC
[04:54:24] [336/459] SCAL
[04:54:24] [337/459] SVFF
[04:54:25] [338/459] VCMG
[04:54:26] [339/459] UUCT
[04:54:27] [340/459] GCSE
[04:54:28] [341/459] SUSC
[04:54:29] [342/459] MISC
[04:54:30] [343/459] RMBL
[04:54:30] [344/459] CMXN
[04:54:31] [345/459] PVBK
[04:54:32] [346/459] HHCG
[04:54:33] [347/459] SCAG
[04:54:34] [348/459] CNPR
[04:54:34] [349/459] CSER
[04:54:35] [350/459] HLWD
[04:54:36] [351/459] BOLY
[04:54:37] [352/459] SSPG
[04:54:39] [353/459] MUPX
[04:54:40] [354/459] HAMR
[04:54:40] [355/459] SDNC
[04:54:41] [356/459] RTEN
[04:54:42] [357/459] SDTD
[04:54:43] [358/459] KAWS
[04:54:44] [359/459] CMZX
[04:54:45] [360/459] DCDD
[04:54:46] [361/459] ALSN
[04:54:47] [362/459] IMXS
[04:54:48] [363/459] PVFF
[04:54:48] [364/459] PVOO
[04:54:49] [365/459] CFBS
[04:54:50] [366/459] PVER
[04:54:51] [367/459] PPNX
[04:54:52] [368/459] CNRM
[04:54:52] [369/459] PVWW
[04:54:54] [370/459] INMB
[04:54:55] [371/459] CPJR
[04:54:55] [372/459] INRZ
[04:54:56] [373/459] PMSR
[04:54:57] [374/459] GPGM
[04:54:58] [375/459] PGWB
[04:54:59] [376/459] PMBR
[04:55:00] [377/459] GPAM
[04:55:01] [378/459] INBC
[04:55:02] [379/459] PZVK
[04:55:02] [380/459] CPEB
[04:55:03] [381/459] FMLB
[04:55:04] [382/459] INBG
[04:55:06] [383/459] GPBR
[04:55:07] [384/459] PAAS
[04:55:07] [385/459] VTBR
[04:55:08] [386/459] GPMY
[04:55:09] [387/459] GYBU
[04:55:10] [388/459] INBJ
[04:55:11] [389/459] LKTH
[04:55:11] [390/459] NSBR
[04:55:12] [391/459] PDRD
[04:55:13] [392/459] VRBL
[04:55:14] [393/459] VTGB
[04:55:15] [394/459] VTSK
[04:55:16] [395/459] BKDV
[04:55:17] [396/459] SVTB
[04:55:17] [397/459] MLDT
[04:55:18] [398/459] NRBL
[04:55:19] [399/459] SLTR
[04:55:20] [400/459] VNKA
[04:55:22] [401/459] TDCA
[04:55:23] [402/459] INBM
[04:55:23] [403/459] SSNR
[04:55:25] [404/459] BHAC
[04:55:26] [405/459] SDSD
[04:55:27] [406/459] SAMP
[04:55:28] [407/459] RATK
[04:55:29] [408/459] KCBI
[04:55:30] [409/459] URBL
[04:55:31] [410/459] MKBG
[04:55:32] [411/459] ASTB
[04:55:33] [412/459] VBWT
[04:55:34] [413/459] GPSM
[04:55:35] [414/459] ROON
[04:55:36] [415/459] CHTH
[04:55:37] [416/459] SSPA
[04:55:38] [417/459] ANBL
[04:55:38] [418/459] VTBE
[04:55:39] [419/459] SVKT
[04:55:40] [420/459] SVYK
[04:55:41] [421/459] PTBK
[04:55:41] [422/459] RKTB
[04:55:42] [423/459] BALT
[04:55:43] [424/459] STSV
[04:55:44] [425/459] VCCB
[04:55:45] [426/459] SLTB
[04:55:45] [427/459] SBCR
[04:55:46] [428/459] VDCS
[04:55:47] [429/459] MDKI
[04:55:48] [430/459] SMRN
[04:55:48] [431/459] PTBC
[04:55:49] [432/459] RADI
[04:55:50] [433/459] ADCR
[04:55:51] [434/459] SDCS
[04:55:52] [435/459] SRPJ
[04:55:52] [436/459] ARTS
[04:55:53] [437/459] SRHK
[04:55:54] [438/459] SPAY
[04:55:55] [439/459] GPTB
[04:55:55] [440/459] SNNN
[04:55:56] [441/459] BALJ
[04:55:57] [442/459] TRIG
[04:55:58] [443/459] GTYT
[04:55:58] [444/459] ATGN
[04:55:59] [445/459] ANTE
[04:56:00] [446/459] BDCG
[04:56:02] [447/459] VECI
[04:56:02] [448/459] SCPR
[04:56:03] [449/459] RTEA
[04:56:04] [450/459] JSAI
[04:56:05] [451/459] VJTP
[04:56:06] [452/459] GNDS
[04:56:07] [453/459] PAXA
[04:56:08] [454/459] CGGM
[04:56:08] [455/459] ACKZ
[04:56:09] [456/459] EMCC
[04:56:10] [457/459] KLSK
[04:56:11] [458/459] AVCK
[04:56:12] [459/459] JTCK
[04:56:13] 🧹 Deduping shows
[04:56:13] ✅ DONE | Shows=198 | Movies=24
[12:02:52] 🚀 SCRIPT STARTED
[12:02:52] [1/459] NECA
[12:02:52] 🧠 New identity created
[12:02:53] [2/459] BJLC
[12:02:54] [3/459] BASU
[12:02:56] [4/459] RUPI
[12:02:57] [5/459] LCBK
[12:02:59] [6/459] PMAC
[12:03:00] [7/459] AMLC
[12:03:01] [8/459] LICL
[12:03:02] [9/459] UDMM
[12:03:03] [10/459] STBZ
[12:03:05] [11/459] UUBT
[12:03:07] [12/459] SJKC
[12:03:08] [13/459] TUAL
[12:03:09] [14/459] MRSE
[12:03:11] [15/459] RMRK
[12:03:12] [16/459] TTKP
[12:03:14] [17/459] KTKO
[12:03:15] [18/459] SDBK
[12:03:16] [19/459] MCPR
[12:03:16] [20/459] CHTI
[12:03:18] [21/459] GCCP
[12:03:19] [22/459] SRMY
[12:03:21] [23/459] NYST
[12:03:21] [24/459] NYAG
[12:03:23] [25/459] SBMT
[12:03:24] [26/459] INGA
[12:03:25] [27/459] WSIC
[12:03:27] [28/459] SCSS
[12:03:28] [29/459] COPG
[12:03:30] [30/459] RCGR
[12:03:32] [31/459] TCZA
[12:03:34] [32/459] CNLP
[12:03:35] [33/459] CLKN
[12:03:37] [34/459] LHDF
[12:03:37] [35/459] ELKC
[12:03:39] [36/459] VCEM
[12:03:40] [37/459] SSZA
[12:03:42] [38/459] KRMT
[12:03:43] [39/459] LCMV
[12:03:44] [40/459] AYCZ
[12:03:46] [41/459] CUMS
[12:03:47] [42/459] BOCK
[12:03:49] [43/459] PNMR
[12:03:50] [44/459] PJCP
[12:03:51] [45/459] JDDD
[12:03:52] [46/459] STMS
[12:03:54] [47/459] FLMB
[12:03:55] [48/459] PKCM
[12:03:56] [49/459] SPPR
[12:03:57] [50/459] EYLH
[12:03:59] [51/459] RJCC
[12:04:00] [52/459] MMPS
[12:04:01] [53/459] SHMX
[12:04:02] [54/459] CCNL
[12:04:02] [55/459] RCNV
[12:04:04] [56/459] MAAG
[12:04:05] [57/459] LXCM
[12:04:06] [58/459] RCNI
[12:04:07] [59/459] SNNI
[12:04:08] [60/459] LALC
[12:04:10] [61/459] SOCN
[12:04:11] [62/459] JHTP
[12:04:12] [63/459] PITP
[12:04:13] [64/459] CCKW
[12:04:14] [65/459] MCMC
[12:04:15] [66/459] DEES
[12:04:17] [67/459] SABT
[12:04:18] [68/459] VSPP
[12:04:18] [69/459] ABCT
[12:04:20] [70/459] JVTB
[12:04:22] [71/459] VCBD
[12:04:23] [72/459] RMGG
[12:04:25] [73/459] RNMH
[12:04:27] [74/459] SPGL
[12:04:29] [75/459] JTTR
[12:04:31] [76/459] SICS
[12:04:31] [77/459] SRMI
[12:04:32] [78/459] SSIJ
[12:04:33] [79/459] KFMT
[12:04:35] [80/459] VBIT
[12:04:35] [81/459] JKCT
[12:04:37] [82/459] GCGP
[12:04:38] [83/459] GDCS
[12:04:39] [84/459] TRBA
[12:04:39] [85/459] QUST
[12:04:41] [86/459] VSHM
[12:04:43] [87/459] SDCP
[12:04:44] [88/459] SNVS
[12:04:45] [89/459] NYTO
[12:04:45] [90/459] URWC
[12:04:46] [91/459] GTWH
[12:04:48] [92/459] PFCM
[12:04:49] [93/459] KRTA
[12:04:50] [94/459] AXMC
[12:04:52] [95/459] EVMC
[12:04:54] [96/459] HGSM
[12:04:55] [97/459] ACVM
[12:04:56] [98/459] PSKL
[12:04:57] [99/459] RDMP
[12:04:58] [100/459] RHGH
[12:05:00] [101/459] OMCM
[12:05:01] [102/459] DCCP
[12:05:02] [103/459] MCPB
[12:05:03] [104/459] ALCI
[12:05:04] [105/459] BLMX
[12:05:06] [106/459] BTMV
[12:05:07] [107/459] FVPN
[12:05:08] [108/459] CMAR
[12:05:10] [109/459] CEIM
[12:05:11] [110/459] CMVA
[12:05:12] [111/459] CPIV
[12:05:14] [112/459] CNPE
[12:05:15] [113/459] COLV
[12:05:16] [114/459] DNNV
[12:05:17] [115/459] HCAD
[12:05:18] [116/459] TAKA
[12:05:20] [117/459] INVD
[12:05:21] [118/459] IRMM
[12:05:22] [119/459] INSE
[12:05:24] [120/459] MRSW
[12:05:24] [121/459] MCVD
[12:05:25] [122/459] MCSO
[12:05:27] [123/459] PEVM
[12:05:28] [124/459] PVNL
[12:05:29] [125/459] PTCV
[12:05:30] [126/459] PRTC
[12:05:32] [127/459] RCVA
[12:05:33] [128/459] MTBN
[12:05:34] [129/459] LUCP
[12:05:35] [130/459] FMPT
[12:05:36] [131/459] JLSL
[12:05:37] [132/459] SBHA
[12:05:38] [133/459] SHRC
[12:05:39] [134/459] AVPS
[12:05:41] [135/459] STPM
[12:05:42] [136/459] ATRD
[12:05:44] [137/459] VTED
[12:05:46] [138/459] ACAI
[12:05:46] [139/459] SMAE
[12:05:48] [140/459] VMAT
[12:05:50] [141/459] LKCT
[12:05:51] [142/459] JTVK
[12:05:53] [143/459] PRTY
[12:05:54] [144/459] GETT
[12:05:56] [145/459] ESAP
[12:05:57] [146/459] NCPM
[12:05:58] [147/459] PCPA
[12:06:00] [148/459] MMOM
[12:06:02] [149/459] PHUP
[12:06:03] [150/459] CCPI
[12:06:05] [151/459] CNTD
[12:06:06] [152/459] NLJR
[12:06:08] [153/459] SRNG
[12:06:09] [154/459] MHAL
[12:06:10] [155/459] PNSM
[12:06:11] [156/459] DRMY
[12:06:12] [157/459] CCMU
[12:06:13] [158/459] SCMY
[12:06:14] [159/459] PVSY
[12:06:15] [160/459] SDLM
[12:06:16] [161/459] ICCM
[12:06:18] [162/459] PYSU
[12:06:19] [163/459] GATM
[12:06:20] [164/459] WOTM
[12:06:22] [165/459] RKTS
[12:06:23] [166/459] PMTY
[12:06:25] [167/459] LYMS
[12:06:25] [168/459] TGCA
[12:06:26] [169/459] DSTA
[12:06:28] [170/459] CNGE
[12:06:30] [171/459] VSTG
[12:06:31] [172/459] GTCK
[12:06:32] [173/459] TGNT
[12:06:33] [174/459] ASLC
[12:06:35] [175/459] SSST
[12:06:36] [176/459] KBTT
[12:06:38] [177/459] HKCP
[12:06:39] [178/459] SWLC
[12:06:40] [179/459] RTND
[12:06:42] [180/459] PKKT
[12:06:43] [181/459] HSTK
[12:06:44] [182/459] SPTT
[12:06:45] [183/459] IMPM
[12:06:46] [184/459] SCMV
[12:06:48] [185/459] SPCT
[12:06:49] [186/459] JBCA
[12:06:50] [187/459] ATTR
[12:06:51] [188/459] SPMT
[12:06:52] [189/459] LCTM
[12:06:53] [190/459] SCVL
[12:06:54] [191/459] SCVT
[12:06:56] [192/459] KRIC
[12:06:58] [193/459] CTMG
[12:06:59] [194/459] ACNC
[12:07:01] [195/459] DMCK
[12:07:02] [196/459] KMTV
[12:07:04] [197/459] PFCJ
[12:07:05] [198/459] VNMD
[12:07:06] [199/459] VPCZ
[12:07:07] [200/459] SRYR
[12:07:08] [201/459] SYTR
[12:07:10] [202/459] GATR
[12:07:11] [203/459] URTR
[12:07:12] [204/459] MKSM
[12:07:13] [205/459] VSMH
[12:07:14] [206/459] SKRJ
[12:07:16] [207/459] SSJR
[12:07:17] [208/459] SVSM
[12:07:19] [209/459] RUCM
[12:07:20] [210/459] PRKN
[12:07:21] [211/459] RROH
[12:07:22] [212/459] SCTN
[12:07:23] [213/459] RTDM
[12:07:25] [214/459] ASRM
[12:07:27] [215/459] SKMD
[12:07:28] [216/459] SUTD
[12:07:28] [217/459] SADM
[12:07:29] [218/459] WCNR
[12:07:30] [219/459] CNED
[12:07:32] [220/459] MPDB
[12:07:33] [221/459] KTBH
[12:07:33] [222/459] IDRM
[12:07:35] [223/459] PJJT
[12:07:37] [224/459] PFCV
[12:07:38] [225/459] AACT
[12:07:39] [226/459] AAAD
[12:07:40] [227/459] ANES
[12:07:42] [228/459] MNCA
[12:07:43] [229/459] RMGU
[12:07:44] [230/459] DLCN
[12:07:45] [231/459] LJWT
[12:07:46] [232/459] MCBG
[12:07:47] [233/459] MYBG
[12:07:48] [234/459] GCCA
[12:07:49] [235/459] GCGA
[12:07:50] [236/459] ECGN
[12:07:51] [237/459] PRAB
[12:07:52] [238/459] PNMP
[12:07:54] [239/459] GCPT
[12:07:55] [240/459] ROYN
[12:07:57] [241/459] VATM
[12:07:58] [242/459] KSNT
[12:07:59] [243/459] ACTC
[12:08:01] [244/459] PLTD
[12:08:02] [245/459] SKMK
[12:08:03] [246/459] CMTT
[12:08:05] [247/459] SMXP
[12:08:06] [248/459] SCMX
[12:08:08] [249/459] ACXN
[12:08:09] [250/459] ASWT
[12:08:10] [251/459] VVVL
[12:08:10] [252/459] NAGO
[12:08:12] [253/459] SNCN
[12:08:14] [254/459] MCKP
[12:08:14] [255/459] SAMO
[12:08:16] [256/459] JBTV
[12:08:17] [257/459] DCVV
[12:08:19] [258/459] KMSV
[12:08:19] [259/459] KDCN
[12:08:20] [260/459] CNCP
[12:08:22] [261/459] HAMC
[12:08:23] [262/459] CCVZ
[12:08:24] [263/459] NCCK
[12:08:26] [264/459] MCHR
[12:08:26] [265/459] SCHT
[12:08:27] [266/459] ESSH
[12:08:28] [267/459] CUJC
[12:08:29] [268/459] PECP
[12:08:30] [269/459] PMMI
[12:08:31] [270/459] PCCH
[12:08:32] [271/459] PRPM
[12:08:33] [272/459] PVKL
[12:08:35] [273/459] CBSM
[12:08:36] [274/459] PVCZ
[12:08:37] [275/459] PCVV
[12:08:38] [276/459] CTMJ
[12:08:40] [277/459] RCPS
[12:08:42] [278/459] PCIT
[12:08:43] [279/459] FNCH
[12:08:45] [280/459] INZD
[12:08:46] [281/459] INPC
[12:08:48] [282/459] LCZP
[12:08:50] [283/459] SMCB
[12:08:51] [284/459] PTSB
[12:08:52] [285/459] TPSI
[12:08:53] [286/459] KHMJ
[12:08:55] [287/459] RCCJ
[12:08:55] [288/459] NCJA
[12:08:57] [289/459] NCJN
[12:08:59] [290/459] BTDP
[12:09:00] [291/459] PADY
[12:09:01] [292/459] NYBH
[12:09:03] [293/459] MTBR
[12:09:04] [294/459] KRBC
[12:09:06] [295/459] DKTI
[12:09:07] [296/459] ANAN
[12:09:08] [297/459] INBP
[12:09:08] [298/459] PATB
[12:09:10] [299/459] RGNT
[12:09:12] [300/459] CGPM
[12:09:13] [301/459] INTN
[12:09:15] [302/459] MCMP
[12:09:17] [303/459] ASRG
[12:09:18] [304/459] CXJD
[12:09:20] [305/459] SPCP
[12:09:22] [306/459] CSTP
[12:09:22] [307/459] PKVC
[12:09:24] [308/459] ESCP
[12:09:25] [309/459] CAEP
[12:09:27] [310/459] CCSP
[12:09:28] [311/459] KTPC
[12:09:30] [312/459] DACA
[12:09:32] [313/459] NVKY
[12:09:33] [314/459] PTIN
[12:09:34] [315/459] SCIN
[12:09:35] [316/459] MCTY
[12:09:37] [317/459] PCMX
[12:09:38] [318/459] INIC
[12:09:39] [319/459] MMZM
[12:09:40] [320/459] SSLP
[12:09:41] [321/459] DTDT
[12:09:42] [322/459] FFCX
[12:09:43] [323/459] RCMM
[12:09:44] [324/459] KYID
[12:09:45] [325/459] CSCI
[12:09:47] [326/459] FCMC
[12:09:48] [327/459] MMXI
[12:09:49] [328/459] ASTC
[12:09:50] [329/459] CMRA
[12:09:51] [330/459] DICI
[12:09:52] [331/459] KDIN
[12:09:53] [332/459] PRFI
[12:09:55] [333/459] SVFC
[12:09:56] [334/459] UCPL
[12:09:58] [335/459] COOC
[12:09:59] [336/459] SCAL
[12:10:01] [337/459] SVFF
[12:10:02] [338/459] VCMG
[12:10:04] [339/459] UUCT
[12:10:06] [340/459] GCSE
[12:10:07] [341/459] SUSC
[12:10:08] [342/459] MISC
[12:10:09] [343/459] RMBL
[12:10:11] [344/459] CMXN
[12:10:12] [345/459] PVBK
[12:10:13] [346/459] HHCG
[12:10:14] [347/459] SCAG
[12:10:16] [348/459] CNPR
[12:10:17] [349/459] CSER
[12:10:18] [350/459] HLWD
[12:10:20] [351/459] BOLY
[12:10:21] [352/459] SSPG
[12:10:23] [353/459] MUPX
[12:10:24] [354/459] HAMR
[12:10:25] [355/459] SDNC
[12:10:27] [356/459] RTEN
[12:10:28] [357/459] SDTD
[12:10:29] [358/459] KAWS
[12:10:31] [359/459] CMZX
[12:10:33] [360/459] DCDD
[12:10:33] [361/459] ALSN
[12:10:35] [362/459] IMXS
[12:10:35] [363/459] PVFF
[12:10:37] [364/459] PVOO
[12:10:38] [365/459] CFBS
[12:10:39] [366/459] PVER
[12:10:40] [367/459] PPNX
[12:10:42] [368/459] CNRM
[12:10:43] [369/459] PVWW
[12:10:44] [370/459] INMB
[12:10:46] [371/459] CPJR
[12:10:47] [372/459] INRZ
[12:10:48] [373/459] PMSR
[12:10:50] [374/459] GPGM
[12:10:52] [375/459] PGWB
[12:10:54] [376/459] PMBR
[12:10:55] [377/459] GPAM
[12:10:56] [378/459] INBC
[12:10:58] [379/459] PZVK
[12:10:59] [380/459] CPEB
[12:11:01] [381/459] FMLB
[12:11:02] [382/459] INBG
[12:11:03] [383/459] GPBR
[12:11:05] [384/459] PAAS
[12:11:05] [385/459] VTBR
[12:11:07] [386/459] GPMY
[12:11:09] [387/459] GYBU
[12:11:11] [388/459] INBJ
[12:11:11] [389/459] LKTH
[12:11:13] [390/459] NSBR
[12:11:15] [391/459] PDRD
[12:11:16] [392/459] VRBL
[12:11:16] [393/459] VTGB
[12:11:18] [394/459] VTSK
[12:11:20] [395/459] BKDV
[12:11:21] [396/459] SVTB
[12:11:21] [397/459] MLDT
[12:11:23] [398/459] NRBL
[12:11:25] [399/459] SLTR
[12:11:26] [400/459] VNKA
[12:11:27] [401/459] TDCA
[12:11:28] [402/459] INBM
[12:11:29] [403/459] SSNR
[12:11:31] [404/459] BHAC
[12:11:32] [405/459] SDSD
[12:11:32] [406/459] SAMP
[12:11:34] [407/459] RATK
[12:11:35] [408/459] KCBI
[12:11:37] [409/459] URBL
[12:11:39] [410/459] MKBG
[12:11:40] [411/459] ASTB
[12:11:41] [412/459] VBWT
[12:11:42] [413/459] GPSM
[12:11:44] [414/459] ROON
[12:11:46] [415/459] CHTH
[12:11:47] [416/459] SSPA
[12:11:48] [417/459] ANBL
[12:11:50] [418/459] VTBE
[12:11:52] [419/459] SVKT
[12:11:53] [420/459] SVYK
[12:11:54] [421/459] PTBK
[12:11:55] [422/459] RKTB
[12:11:56] [423/459] BALT
[12:11:57] [424/459] STSV
[12:11:58] [425/459] VCCB
[12:11:59] [426/459] SLTB
[12:12:01] [427/459] SBCR
[12:12:02] [428/459] VDCS
[12:12:03] [429/459] MDKI
[12:12:04] [430/459] SMRN
[12:12:06] [431/459] PTBC
[12:12:08] [432/459] RADI
[12:12:10] [433/459] ADCR
[12:12:11] [434/459] SDCS
[12:12:12] [435/459] SRPJ
[12:12:13] [436/459] ARTS
[12:12:14] [437/459] SRHK
[12:12:16] [438/459] SPAY
[12:12:17] [439/459] GPTB
[12:12:18] [440/459] SNNN
[12:12:20] [441/459] BALJ
[12:12:22] [442/459] TRIG
[12:12:22] [443/459] GTYT
[12:12:24] [444/459] ATGN
[12:12:26] [445/459] ANTE
[12:12:28] [446/459] BDCG
[12:12:29] [447/459] VECI
[12:12:30] [448/459] SCPR
[12:12:31] [449/459] RTEA
[12:12:33] [450/459] JSAI
[12:12:33] [451/459] VJTP
[12:12:34] [452/459] GNDS
[12:12:36] [453/459] PAXA
[12:12:38] [454/459] CGGM
[12:12:39] [455/459] ACKZ
[12:12:41] [456/459] EMCC
[12:12:42] [457/459] KLSK
[12:12:43] [458/459] AVCK
[12:12:45] [459/459] JTCK
[12:12:46] 🧹 Deduping shows
[12:12:46] ✅ DONE | Shows=236 | Movies=26
[19:05:57] 🚀 SCRIPT STARTED
[19:05:57] [1/459] NECA
[19:05:57] 🧠 New identity created
[19:05:58] [2/459] BJLC
[19:05:59] [3/459] BASU
[19:06:00] [4/459] RUPI
[19:06:01] [5/459] LCBK
[19:06:01] [6/459] PMAC
[19:06:02] [7/459] AMLC
[19:06:03] [8/459] LICL
[19:06:04] [9/459] UDMM
[19:06:05] [10/459] STBZ
[19:06:06] [11/459] UUBT
[19:06:08] [12/459] SJKC
[19:06:09] [13/459] TUAL
[19:06:10] [14/459] MRSE
[19:06:10] [15/459] RMRK
[19:06:11] [16/459] TTKP
[19:06:12] [17/459] KTKO
[19:06:13] [18/459] SDBK
[19:06:13] [19/459] MCPR
[19:06:14] [20/459] CHTI
[19:06:15] [21/459] GCCP
[19:06:16] [22/459] SRMY
[19:06:17] [23/459] NYST
[19:06:18] [24/459] NYAG
[19:06:19] [25/459] SBMT
[19:06:20] [26/459] INGA
[19:06:20] [27/459] WSIC
[19:06:21] [28/459] SCSS
[19:06:22] [29/459] COPG
[19:06:23] [30/459] RCGR
[19:06:23] [31/459] TCZA
[19:06:24] [32/459] CNLP
[19:06:26] [33/459] CLKN
[19:06:26] [34/459] LHDF
[19:06:27] [35/459] ELKC
[19:06:28] [36/459] VCEM
[19:06:29] [37/459] SSZA
[19:06:30] [38/459] KRMT
[19:06:30] [39/459] LCMV
[19:06:31] [40/459] AYCZ
[19:06:32] [41/459] CUMS
[19:06:33] [42/459] BOCK
[19:06:34] [43/459] PNMR
[19:06:34] [44/459] PJCP
[19:06:35] [45/459] JDDD
[19:06:36] [46/459] STMS
[19:06:37] [47/459] FLMB
[19:06:38] [48/459] PKCM
[19:06:39] [49/459] SPPR
[19:06:40] [50/459] EYLH
[19:06:41] [51/459] RJCC
[19:06:42] [52/459] MMPS
[19:06:43] [53/459] SHMX
[19:06:44] [54/459] CCNL
[19:06:44] [55/459] RCNV
[19:06:46] [56/459] MAAG
[19:06:47] [57/459] LXCM
[19:06:48] [58/459] RCNI
[19:06:49] [59/459] SNNI
[19:06:49] [60/459] LALC
[19:06:50] [61/459] SOCN
[19:06:51] [62/459] JHTP
[19:06:52] [63/459] PITP
[19:06:52] [64/459] CCKW
[19:06:53] [65/459] MCMC
[19:06:54] [66/459] DEES
[19:06:55] [67/459] SABT
[19:06:56] [68/459] VSPP
[19:06:57] [69/459] ABCT
[19:06:57] [70/459] JVTB
[19:06:58] [71/459] VCBD
[19:06:59] [72/459] RMGG
[19:07:01] [73/459] RNMH
[19:07:01] [74/459] SPGL
[19:07:02] [75/459] JTTR
[19:07:04] [76/459] SICS
[19:07:05] [77/459] SRMI
[19:07:06] [78/459] SSIJ
[19:07:07] [79/459] KFMT
[19:07:08] [80/459] VBIT
[19:07:09] [81/459] JKCT
[19:07:10] [82/459] GCGP
[19:07:10] [83/459] GDCS
[19:07:11] [84/459] TRBA
[19:07:12] [85/459] QUST
[19:07:13] [86/459] VSHM
[19:07:13] [87/459] SDCP
[19:07:14] [88/459] SNVS
[19:07:15] [89/459] NYTO
[19:07:16] [90/459] URWC
[19:07:17] [91/459] GTWH
[19:07:18] [92/459] PFCM
[19:07:19] [93/459] KRTA
[19:07:20] [94/459] AXMC
[19:07:22] [95/459] EVMC
[19:07:22] [96/459] HGSM
[19:07:23] [97/459] ACVM
[19:07:24] [98/459] PSKL
[19:07:25] [99/459] RDMP
[19:07:25] [100/459] RHGH
[19:07:26] [101/459] OMCM
[19:07:27] [102/459] DCCP
[19:07:28] [103/459] MCPB
[19:07:29] [104/459] ALCI
[19:07:30] [105/459] BLMX
[19:07:31] [106/459] BTMV
[19:07:32] [107/459] FVPN
[19:07:32] [108/459] CMAR
[19:07:33] [109/459] CEIM
[19:07:34] [110/459] CMVA
[19:07:35] [111/459] CPIV
[19:07:35] [112/459] CNPE
[19:07:36] [113/459] COLV
[19:07:37] [114/459] DNNV
[19:07:38] [115/459] HCAD
[19:07:39] [116/459] TAKA
[19:07:40] [117/459] INVD
[19:07:41] [118/459] IRMM
[19:07:41] [119/459] INSE
[19:07:42] [120/459] MRSW
[19:07:43] [121/459] MCVD
[19:07:44] [122/459] MCSO
[19:07:45] [123/459] PEVM
[19:07:46] [124/459] PVNL
[19:07:47] [125/459] PTCV
[19:07:47] [126/459] PRTC
[19:07:48] [127/459] RCVA
[19:07:49] [128/459] MTBN
[19:07:50] [129/459] LUCP
[19:07:51] [130/459] FMPT
[19:07:51] [131/459] JLSL
[19:07:52] [132/459] SBHA
[19:07:53] [133/459] SHRC
[19:07:54] [134/459] AVPS
[19:07:55] [135/459] STPM
[19:07:55] [136/459] ATRD
[19:07:56] [137/459] VTED
[19:07:57] [138/459] ACAI
[19:07:58] [139/459] SMAE
[19:07:59] [140/459] VMAT
[19:08:00] [141/459] LKCT
[19:08:00] [142/459] JTVK
[19:08:01] [143/459] PRTY
[19:08:02] [144/459] GETT
[19:08:03] [145/459] ESAP
[19:08:03] [146/459] NCPM
[19:08:05] [147/459] PCPA
[19:08:05] [148/459] MMOM
[19:08:06] [149/459] PHUP
[19:08:07] [150/459] CCPI
[19:08:08] [151/459] CNTD
[19:08:09] [152/459] NLJR
[19:08:09] [153/459] SRNG
[19:08:10] [154/459] MHAL
[19:08:11] [155/459] PNSM
[19:08:12] [156/459] DRMY
[19:08:12] [157/459] CCMU
[19:08:13] [158/459] SCMY
[19:08:14] [159/459] PVSY
[19:08:15] [160/459] SDLM
[19:08:16] [161/459] ICCM
[19:08:16] [162/459] PYSU
[19:08:17] [163/459] GATM
[19:08:18] [164/459] WOTM
[19:08:19] [165/459] RKTS
[19:08:20] [166/459] PMTY
[19:08:20] [167/459] LYMS
[19:08:21] [168/459] TGCA
[19:08:22] [169/459] DSTA
[19:08:23] [170/459] CNGE
[19:08:24] [171/459] VSTG
[19:08:24] [172/459] GTCK
[19:08:25] [173/459] TGNT
[19:08:26] [174/459] ASLC
[19:08:27] [175/459] SSST
[19:08:28] [176/459] KBTT
[19:08:29] [177/459] HKCP
[19:08:29] [178/459] SWLC
[19:08:30] [179/459] RTND
[19:08:31] [180/459] PKKT
[19:08:31] [181/459] HSTK
[19:08:32] [182/459] SPTT
[19:08:33] [183/459] IMPM
[19:08:34] [184/459] SCMV
[19:08:35] [185/459] SPCT
[19:08:36] [186/459] JBCA
[19:08:37] [187/459] ATTR
[19:08:38] [188/459] SPMT
[19:08:39] [189/459] LCTM
[19:08:40] [190/459] SCVL
[19:08:41] [191/459] SCVT
[19:08:42] [192/459] KRIC
[19:08:42] [193/459] CTMG
[19:08:43] [194/459] ACNC
[19:08:45] [195/459] DMCK
[19:08:46] [196/459] KMTV
[19:08:47] [197/459] PFCJ
[19:08:48] [198/459] VNMD
[19:08:48] [199/459] VPCZ
[19:08:49] [200/459] SRYR
[19:08:50] [201/459] SYTR
[19:08:51] [202/459] GATR
[19:08:51] [203/459] URTR
[19:08:52] [204/459] MKSM
[19:08:53] [205/459] VSMH
[19:08:54] [206/459] SKRJ
[19:08:54] [207/459] SSJR
[19:08:55] [208/459] SVSM
[19:08:56] [209/459] RUCM
[19:08:56] [210/459] PRKN
[19:08:57] [211/459] RROH
[19:08:58] [212/459] SCTN
[19:08:59] [213/459] RTDM
[19:08:59] [214/459] ASRM
[19:09:00] [215/459] SKMD
[19:09:02] [216/459] SUTD
[19:09:03] [217/459] SADM
[19:09:03] [218/459] WCNR
[19:09:04] [219/459] CNED
[19:09:05] [220/459] MPDB
[19:09:06] [221/459] KTBH
[19:09:06] [222/459] IDRM
[19:09:07] [223/459] PJJT
[19:09:08] [224/459] PFCV
[19:09:09] [225/459] AACT
[19:09:10] [226/459] AAAD
[19:09:11] [227/459] ANES
[19:09:11] [228/459] MNCA
[19:09:12] [229/459] RMGU
[19:09:13] [230/459] DLCN
[19:09:14] [231/459] LJWT
[19:09:14] [232/459] MCBG
[19:09:15] [233/459] MYBG
[19:09:16] [234/459] GCCA
[19:09:17] [235/459] GCGA
[19:09:18] [236/459] ECGN
[19:09:19] [237/459] PRAB
[19:09:20] [238/459] PNMP
[19:09:21] [239/459] GCPT
[19:09:22] [240/459] ROYN
[19:09:23] [241/459] VATM
[19:09:24] [242/459] KSNT
[19:09:25] [243/459] ACTC
[19:09:25] [244/459] PLTD
[19:09:26] [245/459] SKMK
[19:09:27] [246/459] CMTT
[19:09:28] [247/459] SMXP
[19:09:28] [248/459] SCMX
[19:09:29] [249/459] ACXN
[19:09:30] [250/459] ASWT
[19:09:31] [251/459] VVVL
[19:09:32] [252/459] NAGO
[19:09:33] [253/459] SNCN
[19:09:34] [254/459] MCKP
[19:09:35] [255/459] SAMO
[19:09:36] [256/459] JBTV
[19:09:37] [257/459] DCVV
[19:09:38] [258/459] KMSV
[19:09:38] [259/459] KDCN
[19:09:39] [260/459] CNCP
[19:09:40] [261/459] HAMC
[19:09:41] [262/459] CCVZ
[19:09:42] [263/459] NCCK
[19:09:42] [264/459] MCHR
[19:09:43] [265/459] SCHT
[19:09:44] [266/459] ESSH
[19:09:45] [267/459] CUJC
[19:09:46] [268/459] PECP
[19:09:47] [269/459] PMMI
[19:09:48] [270/459] PCCH
[19:09:48] [271/459] PRPM
[19:09:49] [272/459] PVKL
[19:09:50] [273/459] CBSM
[19:09:50] [274/459] PVCZ
[19:09:51] [275/459] PCVV
[19:09:52] [276/459] CTMJ
[19:09:53] [277/459] RCPS
[19:09:55] [278/459] PCIT
[19:09:55] [279/459] FNCH
[19:09:56] [280/459] INZD
[19:09:57] [281/459] INPC
[19:09:58] [282/459] LCZP
[19:09:58] [283/459] SMCB
[19:09:59] [284/459] PTSB
[19:10:00] [285/459] TPSI
[19:10:01] [286/459] KHMJ
[19:10:01] [287/459] RCCJ
[19:10:02] [288/459] NCJA
[19:10:03] [289/459] NCJN
[19:10:04] [290/459] BTDP
[19:10:05] [291/459] PADY
[19:10:05] [292/459] NYBH
[19:10:06] [293/459] MTBR
[19:10:07] [294/459] KRBC
[19:10:09] [295/459] DKTI
[19:10:09] [296/459] ANAN
[19:10:10] [297/459] INBP
[19:10:11] [298/459] PATB
[19:10:12] [299/459] RGNT
[19:10:12] [300/459] CGPM
[19:10:13] [301/459] INTN
[19:10:14] [302/459] MCMP
[19:10:15] [303/459] ASRG
[19:10:17] [304/459] CXJD
[19:10:17] [305/459] SPCP
[19:10:18] [306/459] CSTP
[19:10:19] [307/459] PKVC
[19:10:20] [308/459] ESCP
[19:10:20] [309/459] CAEP
[19:10:21] [310/459] CCSP
[19:10:22] [311/459] KTPC
[19:10:23] [312/459] DACA
[19:10:24] [313/459] NVKY
[19:10:24] [314/459] PTIN
[19:10:25] [315/459] SCIN
[19:10:26] [316/459] MCTY
[19:10:27] [317/459] PCMX
[19:10:28] [318/459] INIC
[19:10:29] [319/459] MMZM
[19:10:30] [320/459] SSLP
[19:10:30] [321/459] DTDT
[19:10:31] [322/459] FFCX
[19:10:32] [323/459] RCMM
[19:10:33] [324/459] KYID
[19:10:33] [325/459] CSCI
[19:10:34] [326/459] FCMC
[19:10:35] [327/459] MMXI
[19:10:36] [328/459] ASTC
[19:10:37] [329/459] CMRA
[19:10:38] [330/459] DICI
[19:10:39] [331/459] KDIN
[19:10:40] [332/459] PRFI
[19:10:41] [333/459] SVFC
[19:10:42] [334/459] UCPL
[19:10:43] [335/459] COOC
[19:10:43] [336/459] SCAL
[19:10:44] [337/459] SVFF
[19:10:45] [338/459] VCMG
[19:10:46] [339/459] UUCT
[19:10:47] [340/459] GCSE
[19:10:47] [341/459] SUSC
[19:10:48] [342/459] MISC
[19:10:49] [343/459] RMBL
[19:10:50] [344/459] CMXN
[19:10:50] [345/459] PVBK
[19:10:51] [346/459] HHCG
[19:10:52] [347/459] SCAG
[19:10:53] [348/459] CNPR
[19:10:54] [349/459] CSER
[19:10:54] [350/459] HLWD
[19:10:55] [351/459] BOLY
[19:10:56] [352/459] SSPG
[19:10:57] [353/459] MUPX
[19:10:58] [354/459] HAMR
[19:10:59] [355/459] SDNC
[19:10:59] [356/459] RTEN
[19:11:00] [357/459] SDTD
[19:11:01] [358/459] KAWS
[19:11:02] [359/459] CMZX
[19:11:03] [360/459] DCDD
[19:11:04] [361/459] ALSN
[19:11:04] [362/459] IMXS
[19:11:05] [363/459] PVFF
[19:11:06] [364/459] PVOO
[19:11:07] [365/459] CFBS
[19:11:08] [366/459] PVER
[19:11:08] [367/459] PPNX
[19:11:09] [368/459] CNRM
[19:11:10] [369/459] PVWW
[19:11:11] [370/459] INMB
[19:11:12] [371/459] CPJR
[19:11:13] [372/459] INRZ
[19:11:14] [373/459] PMSR
[19:11:15] [374/459] GPGM
[19:11:17] [375/459] PGWB
[19:11:17] [376/459] PMBR
[19:11:19] [377/459] GPAM
[19:11:20] [378/459] INBC
[19:11:20] [379/459] PZVK
[19:11:22] [380/459] CPEB
[19:11:22] [381/459] FMLB
[19:11:23] [382/459] INBG
[19:11:24] [383/459] GPBR
[19:11:25] [384/459] PAAS
[19:11:26] [385/459] VTBR
[19:11:27] [386/459] GPMY
[19:11:28] [387/459] GYBU
[19:11:29] [388/459] INBJ
[19:11:30] [389/459] LKTH
[19:11:30] [390/459] NSBR
[19:11:32] [391/459] PDRD
[19:11:33] [392/459] VRBL
[19:11:35] [393/459] VTGB
[19:11:36] [394/459] VTSK
[19:11:37] [395/459] BKDV
[19:11:38] [396/459] SVTB
[19:11:38] [397/459] MLDT
[19:11:40] [398/459] NRBL
[19:11:41] [399/459] SLTR
[19:11:41] [400/459] VNKA
[19:11:42] [401/459] TDCA
[19:11:43] [402/459] INBM
[19:11:44] [403/459] SSNR
[19:11:46] [404/459] BHAC
[19:11:46] [405/459] SDSD
[19:11:48] [406/459] SAMP
[19:11:49] [407/459] RATK
[19:11:50] [408/459] KCBI
[19:11:51] [409/459] URBL
[19:11:52] [410/459] MKBG
[19:11:53] [411/459] ASTB
[19:11:54] [412/459] VBWT
[19:11:55] [413/459] GPSM
[19:11:56] [414/459] ROON
[19:11:57] [415/459] CHTH
[19:11:58] [416/459] SSPA
[19:11:59] [417/459] ANBL
[19:12:00] [418/459] VTBE
[19:12:01] [419/459] SVKT
[19:12:02] [420/459] SVYK
[19:12:02] [421/459] PTBK
[19:12:03] [422/459] RKTB
[19:12:04] [423/459] BALT
[19:12:05] [424/459] STSV
[19:12:05] [425/459] VCCB
[19:12:06] [426/459] SLTB
[19:12:07] [427/459] SBCR
[19:12:09] [428/459] VDCS
[19:12:09] [429/459] MDKI
[19:12:10] [430/459] SMRN
[19:12:11] [431/459] PTBC
[19:12:12] [432/459] RADI
[19:12:13] [433/459] ADCR
[19:12:14] [434/459] SDCS
[19:12:15] [435/459] SRPJ
[19:12:16] [436/459] ARTS
[19:12:17] [437/459] SRHK
[19:12:18] [438/459] SPAY
[19:12:20] [439/459] GPTB
[19:12:20] [440/459] SNNN
[19:12:21] [441/459] BALJ
[19:12:22] [442/459] TRIG
[19:12:23] [443/459] GTYT
[19:12:23] [444/459] ATGN
[19:12:24] [445/459] ANTE
[19:12:25] [446/459] BDCG
[19:12:26] [447/459] VECI
[19:12:27] [448/459] SCPR
[19:12:28] [449/459] RTEA
[19:12:29] [450/459] JSAI
[19:12:30] [451/459] VJTP
[19:12:31] [452/459] GNDS
[19:12:31] [453/459] PAXA
[19:12:32] [454/459] CGGM
[19:12:33] [455/459] ACKZ
[19:12:34] [456/459] EMCC
[19:12:35] [457/459] KLSK
[19:12:35] [458/459] AVCK
[19:12:36] [459/459] JTCK
[19:12:37] 🧹 Deduping shows
[19:12:37] ✅ DONE | Shows=525 | Movies=41
[21:56:47] 🚀 SCRIPT STARTED
[21:56:47] [1/459] NECA
[21:56:47] 🧠 New identity created
[21:56:48] [2/459] BJLC
[21:56:49] [3/459] BASU
[21:56:50] [4/459] RUPI
[21:56:51] [5/459] LCBK
[21:56:53] [6/459] PMAC
[21:56:53] [7/459] AMLC
[21:56:54] [8/459] LICL
[21:56:55] [9/459] UDMM
[21:56:56] [10/459] STBZ
[21:56:57] [11/459] UUBT
[21:56:58] [12/459] SJKC
[21:56:59] [13/459] TUAL
[21:57:00] [14/459] MRSE
[21:57:01] [15/459] RMRK
[21:57:01] [16/459] TTKP
[21:57:02] [17/459] KTKO
[21:57:03] [18/459] SDBK
[21:57:04] [19/459] MCPR
[21:57:05] [20/459] CHTI
[21:57:06] [21/459] GCCP
[21:57:06] [22/459] SRMY
[21:57:07] [23/459] NYST
[21:57:08] [24/459] NYAG
[21:57:09] [25/459] SBMT
[21:57:11] [26/459] INGA
[21:57:12] [27/459] WSIC
[21:57:12] [28/459] SCSS
[21:57:13] [29/459] COPG
[21:57:14] [30/459] RCGR
[21:57:15] [31/459] TCZA
[21:57:16] [32/459] CNLP
[21:57:16] [33/459] CLKN
[21:57:17] [34/459] LHDF
[21:57:19] [35/459] ELKC
[21:57:19] [36/459] VCEM
[21:57:20] [37/459] SSZA
[21:57:21] [38/459] KRMT
[21:57:22] [39/459] LCMV
[21:57:23] [40/459] AYCZ
[21:57:24] [41/459] CUMS
[21:57:26] [42/459] BOCK
[21:57:26] [43/459] PNMR
[21:57:27] [44/459] PJCP
[21:57:28] [45/459] JDDD
[21:57:29] [46/459] STMS
[21:57:30] [47/459] FLMB
[21:57:31] [48/459] PKCM
[21:57:32] [49/459] SPPR
[21:57:33] [50/459] EYLH
[21:57:33] [51/459] RJCC
[21:57:34] [52/459] MMPS
[21:57:36] [53/459] SHMX
[21:57:36] [54/459] CCNL
[21:57:37] [55/459] RCNV
[21:57:38] [56/459] MAAG
[21:57:39] [57/459] LXCM
[21:57:39] [58/459] RCNI
[21:57:40] [59/459] SNNI
[21:57:41] [60/459] LALC
[21:57:41] [61/459] SOCN
[21:57:42] [62/459] JHTP
[21:57:44] [63/459] PITP
[21:57:45] [64/459] CCKW
[21:57:47] [65/459] MCMC
[21:57:47] [66/459] DEES
[21:57:48] [67/459] SABT
[21:57:49] [68/459] VSPP
[21:57:50] [69/459] ABCT
[21:57:51] [70/459] JVTB
[21:57:52] [71/459] VCBD
[21:57:54] [72/459] RMGG
[21:57:55] [73/459] RNMH
[21:57:56] [74/459] SPGL
[21:57:56] [75/459] JTTR
[21:57:57] [76/459] SICS
[21:57:58] [77/459] SRMI
[21:57:59] [78/459] SSIJ
[21:57:59] [79/459] KFMT
[21:58:00] [80/459] VBIT
[21:58:01] [81/459] JKCT
[21:58:02] [82/459] GCGP
[21:58:03] [83/459] GDCS
[21:58:04] [84/459] TRBA
[21:58:05] [85/459] QUST
[21:58:06] [86/459] VSHM
[21:58:06] [87/459] SDCP
[21:58:07] [88/459] SNVS
[21:58:08] [89/459] NYTO
[21:58:09] [90/459] URWC
[21:58:09] [91/459] GTWH
[21:58:11] [92/459] PFCM
[21:58:12] [93/459] KRTA
[21:58:14] [94/459] AXMC
[21:58:15] [95/459] EVMC
[21:58:15] [96/459] HGSM
[21:58:16] [97/459] ACVM
[21:58:18] [98/459] PSKL
[21:58:19] [99/459] RDMP
[21:58:19] [100/459] RHGH
[21:58:21] [101/459] OMCM
[21:58:22] [102/459] DCCP
[21:58:22] [103/459] MCPB
[21:58:24] [104/459] ALCI
[21:58:25] [105/459] BLMX
[21:58:26] [106/459] BTMV
[21:58:26] [107/459] FVPN
[21:58:27] [108/459] CMAR
[21:58:28] [109/459] CEIM
[21:58:29] [110/459] CMVA
[21:58:30] [111/459] CPIV
[21:58:31] [112/459] CNPE
[21:58:32] [113/459] COLV
[21:58:32] [114/459] DNNV
[21:58:33] [115/459] HCAD
[21:58:34] [116/459] TAKA
[21:58:35] [117/459] INVD
[21:58:36] [118/459] IRMM
[21:58:36] [119/459] INSE
[21:58:37] [120/459] MRSW
[21:58:38] [121/459] MCVD
[21:58:39] [122/459] MCSO
[21:58:40] [123/459] PEVM
[21:58:40] [124/459] PVNL
[21:58:41] [125/459] PTCV
[21:58:42] [126/459] PRTC
[21:58:43] [127/459] RCVA
[21:58:43] [128/459] MTBN
[21:58:44] [129/459] LUCP
[21:58:45] [130/459] FMPT
[21:58:46] [131/459] JLSL
[21:58:47] [132/459] SBHA
[21:58:48] [133/459] SHRC
[21:58:49] [134/459] AVPS
[21:58:50] [135/459] STPM
[21:58:50] [136/459] ATRD
[21:58:51] [137/459] VTED
[21:58:52] [138/459] ACAI
[21:58:53] [139/459] SMAE
[21:58:54] [140/459] VMAT
[21:58:54] [141/459] LKCT
[21:58:55] [142/459] JTVK
[21:58:56] [143/459] PRTY
[21:58:57] [144/459] GETT
[21:58:58] [145/459] ESAP
[21:59:00] [146/459] NCPM
[21:59:01] [147/459] PCPA
[21:59:02] [148/459] MMOM
[21:59:03] [149/459] PHUP
[21:59:04] [150/459] CCPI
[21:59:05] [151/459] CNTD
[21:59:06] [152/459] NLJR
[21:59:07] [153/459] SRNG
[21:59:08] [154/459] MHAL
[21:59:10] [155/459] PNSM
[21:59:10] [156/459] DRMY
[21:59:11] [157/459] CCMU
[21:59:12] [158/459] SCMY
[21:59:12] [159/459] PVSY
[21:59:13] [160/459] SDLM
[21:59:14] [161/459] ICCM
[21:59:15] [162/459] PYSU
[21:59:16] [163/459] GATM
[21:59:17] [164/459] WOTM
[21:59:18] [165/459] RKTS
[21:59:18] [166/459] PMTY
[21:59:19] [167/459] LYMS
[21:59:20] [168/459] TGCA
[21:59:21] [169/459] DSTA
[21:59:22] [170/459] CNGE
[21:59:22] [171/459] VSTG
[21:59:23] [172/459] GTCK
[21:59:24] [173/459] TGNT
[21:59:25] [174/459] ASLC
[21:59:26] [175/459] SSST
[21:59:27] [176/459] KBTT
[21:59:28] [177/459] HKCP
[21:59:30] [178/459] SWLC
[21:59:31] [179/459] RTND
[21:59:32] [180/459] PKKT
[21:59:33] [181/459] HSTK
[21:59:34] [182/459] SPTT
[21:59:35] [183/459] IMPM
[21:59:36] [184/459] SCMV
[21:59:37] [185/459] SPCT
[21:59:38] [186/459] JBCA
[21:59:38] [187/459] ATTR
[21:59:39] [188/459] SPMT
[21:59:40] [189/459] LCTM
[21:59:41] [190/459] SCVL
[21:59:42] [191/459] SCVT
[21:59:43] [192/459] KRIC
[21:59:43] [193/459] CTMG
[21:59:44] [194/459] ACNC
[21:59:45] [195/459] DMCK
[21:59:47] [196/459] KMTV
[21:59:48] [197/459] PFCJ
[21:59:49] [198/459] VNMD
[21:59:51] [199/459] VPCZ
[21:59:53] [200/459] SRYR
[21:59:53] [201/459] SYTR
[21:59:54] [202/459] GATR
[21:59:55] [203/459] URTR
[21:59:57] [204/459] MKSM
[21:59:58] [205/459] VSMH
[21:59:59] [206/459] SKRJ
[22:00:00] [207/459] SSJR
[22:00:01] [208/459] SVSM
[22:00:01] [209/459] RUCM
[22:00:03] [210/459] PRKN
[22:00:04] [211/459] RROH
[22:00:04] [212/459] SCTN
[22:00:05] [213/459] RTDM
[22:00:06] [214/459] ASRM
[22:00:07] [215/459] SKMD
[22:00:07] [216/459] SUTD
[22:00:08] [217/459] SADM
[22:00:09] [218/459] WCNR
[22:00:11] [219/459] CNED
[22:00:11] [220/459] MPDB
[22:00:12] [221/459] KTBH
[22:00:13] [222/459] IDRM
[22:00:13] [223/459] PJJT
[22:00:14] [224/459] PFCV
[22:00:15] [225/459] AACT
[22:00:16] [226/459] AAAD
[22:00:17] [227/459] ANES
[22:00:18] [228/459] MNCA
[22:00:19] [229/459] RMGU
[22:00:20] [230/459] DLCN
[22:00:21] [231/459] LJWT
[22:00:22] [232/459] MCBG
[22:00:22] [233/459] MYBG
[22:00:23] [234/459] GCCA
[22:00:24] [235/459] GCGA
[22:00:25] [236/459] ECGN
[22:00:26] [237/459] PRAB
[22:00:26] [238/459] PNMP
[22:00:28] [239/459] GCPT
[22:00:29] [240/459] ROYN
[22:00:30] [241/459] VATM
[22:00:30] [242/459] KSNT
[22:00:31] [243/459] ACTC
[22:00:32] [244/459] PLTD
[22:00:33] [245/459] SKMK
[22:00:34] [246/459] CMTT
[22:00:35] [247/459] SMXP
[22:00:35] [248/459] SCMX
[22:00:36] [249/459] ACXN
[22:00:37] [250/459] ASWT
[22:00:38] [251/459] VVVL
[22:00:39] [252/459] NAGO
[22:00:40] [253/459] SNCN
[22:00:41] [254/459] MCKP
[22:00:42] [255/459] SAMO
[22:00:43] [256/459] JBTV
[22:00:44] [257/459] DCVV
[22:00:45] [258/459] KMSV
[22:00:46] [259/459] KDCN
[22:00:47] [260/459] CNCP
[22:00:48] [261/459] HAMC
[22:00:48] [262/459] CCVZ
[22:00:49] [263/459] NCCK
[22:00:50] [264/459] MCHR
[22:00:51] [265/459] SCHT
[22:00:52] [266/459] ESSH
[22:00:53] [267/459] CUJC
[22:00:54] [268/459] PECP
[22:00:55] [269/459] PMMI
[22:00:56] [270/459] PCCH
[22:00:57] [271/459] PRPM
[22:00:58] [272/459] PVKL
[22:00:59] [273/459] CBSM
[22:01:01] [274/459] PVCZ
[22:01:01] [275/459] PCVV
[22:01:02] [276/459] CTMJ
[22:01:04] [277/459] RCPS
[22:01:05] [278/459] PCIT
[22:01:06] [279/459] FNCH
[22:01:06] [280/459] INZD
[22:01:07] [281/459] INPC
[22:01:08] [282/459] LCZP
[22:01:09] [283/459] SMCB
[22:01:09] [284/459] PTSB
[22:01:10] [285/459] TPSI
[22:01:11] [286/459] KHMJ
[22:01:12] [287/459] RCCJ
[22:01:14] [288/459] NCJA
[22:01:15] [289/459] NCJN
[22:01:16] [290/459] BTDP
[22:01:17] [291/459] PADY
[22:01:18] [292/459] NYBH
[22:01:19] [293/459] MTBR
[22:01:20] [294/459] KRBC
[22:01:21] [295/459] DKTI
[22:01:21] [296/459] ANAN
[22:01:22] [297/459] INBP
[22:01:23] [298/459] PATB
[22:01:25] [299/459] RGNT
[22:01:25] [300/459] CGPM
[22:01:26] [301/459] INTN
[22:01:28] [302/459] MCMP
[22:01:28] [303/459] ASRG
[22:01:29] [304/459] CXJD
[22:01:30] [305/459] SPCP
[22:01:31] [306/459] CSTP
[22:01:32] [307/459] PKVC
[22:01:34] [308/459] ESCP
[22:01:36] [309/459] CAEP
[22:01:36] [310/459] CCSP
[22:01:37] [311/459] KTPC
[22:01:38] [312/459] DACA
[22:01:40] [313/459] NVKY
[22:01:40] [314/459] PTIN
[22:01:42] [315/459] SCIN
[22:01:43] [316/459] MCTY
[22:01:44] [317/459] PCMX
[22:01:44] [318/459] INIC
[22:01:45] [319/459] MMZM
[22:01:46] [320/459] SSLP
[22:01:47] [321/459] DTDT
[22:01:48] [322/459] FFCX
[22:01:49] [323/459] RCMM
[22:01:50] [324/459] KYID
[22:01:51] [325/459] CSCI
[22:01:52] [326/459] FCMC
[22:01:52] [327/459] MMXI
[22:01:53] [328/459] ASTC
[22:01:54] [329/459] CMRA
[22:01:55] [330/459] DICI
[22:01:56] [331/459] KDIN
[22:01:57] [332/459] PRFI
[22:01:57] [333/459] SVFC
[22:01:58] [334/459] UCPL
[22:01:59] [335/459] COOC
[22:02:00] [336/459] SCAL
[22:02:01] [337/459] SVFF
[22:02:03] [338/459] VCMG
[22:02:04] [339/459] UUCT
[22:02:04] [340/459] GCSE
[22:02:05] [341/459] SUSC
[22:02:06] [342/459] MISC
[22:02:07] [343/459] RMBL
[22:02:08] [344/459] CMXN
[22:02:08] [345/459] PVBK
[22:02:09] [346/459] HHCG
[22:02:10] [347/459] SCAG
[22:02:11] [348/459] CNPR
[22:02:12] [349/459] CSER
[22:02:13] [350/459] HLWD
[22:02:14] [351/459] BOLY
[22:02:14] [352/459] SSPG
[22:02:15] [353/459] MUPX
[22:02:16] [354/459] HAMR
[22:02:17] [355/459] SDNC
[22:02:19] [356/459] RTEN
[22:02:19] [357/459] SDTD
[22:02:20] [358/459] KAWS
[22:02:21] [359/459] CMZX
[22:02:22] [360/459] DCDD
[22:02:23] [361/459] ALSN
[22:02:23] [362/459] IMXS
[22:02:24] [363/459] PVFF
[22:02:25] [364/459] PVOO
[22:02:26] [365/459] CFBS
[22:02:27] [366/459] PVER
[22:02:27] [367/459] PPNX
[22:02:28] [368/459] CNRM
[22:02:29] [369/459] PVWW
[22:02:30] [370/459] INMB
[22:02:31] [371/459] CPJR
[22:02:32] [372/459] INRZ
[22:02:33] [373/459] PMSR
[22:02:34] [374/459] GPGM
[22:02:35] [375/459] PGWB
[22:02:36] [376/459] PMBR
[22:02:37] [377/459] GPAM
[22:02:37] [378/459] INBC
[22:02:38] [379/459] PZVK
[22:02:39] [380/459] CPEB
[22:02:41] [381/459] FMLB
[22:02:42] [382/459] INBG
[22:02:43] [383/459] GPBR
[22:02:44] [384/459] PAAS
[22:02:45] [385/459] VTBR
[22:02:46] [386/459] GPMY
[22:02:47] [387/459] GYBU
[22:02:48] [388/459] INBJ
[22:02:49] [389/459] LKTH
[22:02:50] [390/459] NSBR
[22:02:51] [391/459] PDRD
[22:02:51] [392/459] VRBL
[22:02:52] [393/459] VTGB
[22:02:53] [394/459] VTSK
[22:02:54] [395/459] BKDV
[22:02:54] [396/459] SVTB
[22:02:55] [397/459] MLDT
[22:02:56] [398/459] NRBL
[22:02:58] [399/459] SLTR
[22:02:59] [400/459] VNKA
[22:03:00] [401/459] TDCA
[22:03:00] [402/459] INBM
[22:03:01] [403/459] SSNR
[22:03:02] [404/459] BHAC
[22:03:03] [405/459] SDSD
[22:03:04] [406/459] SAMP
[22:03:05] [407/459] RATK
[22:03:05] [408/459] KCBI
[22:03:06] [409/459] URBL
[22:03:07] [410/459] MKBG
[22:03:08] [411/459] ASTB
[22:03:10] [412/459] VBWT
[22:03:11] [413/459] GPSM
[22:03:11] [414/459] ROON
[22:03:12] [415/459] CHTH
[22:03:13] [416/459] SSPA
[22:03:14] [417/459] ANBL
[22:03:15] [418/459] VTBE
[22:03:16] [419/459] SVKT
[22:03:16] [420/459] SVYK
[22:03:17] [421/459] PTBK
[22:03:18] [422/459] RKTB
[22:03:19] [423/459] BALT
[22:03:19] [424/459] STSV
[22:03:20] [425/459] VCCB
[22:03:21] [426/459] SLTB
[22:03:22] [427/459] SBCR
[22:03:22] [428/459] VDCS
[22:03:23] [429/459] MDKI
[22:03:24] [430/459] SMRN
[22:03:25] [431/459] PTBC
[22:03:26] [432/459] RADI
[22:03:26] [433/459] ADCR
[22:03:27] [434/459] SDCS
[22:03:28] [435/459] SRPJ
[22:03:29] [436/459] ARTS
[22:03:30] [437/459] SRHK
[22:03:31] [438/459] SPAY
[22:03:31] [439/459] GPTB
[22:03:32] [440/459] SNNN
[22:03:33] [441/459] BALJ
[22:03:34] [442/459] TRIG
[22:03:35] [443/459] GTYT
[22:03:35] [444/459] ATGN
[22:03:36] [445/459] ANTE
[22:03:37] [446/459] BDCG
[22:03:38] [447/459] VECI
[22:03:38] [448/459] SCPR
[22:03:39] [449/459] RTEA
[22:03:40] [450/459] JSAI
[22:03:41] [451/459] VJTP
[22:03:42] [452/459] GNDS
[22:03:43] [453/459] PAXA
[22:03:44] [454/459] CGGM
[22:03:45] [455/459] ACKZ
[22:03:46] [456/459] EMCC
[22:03:46] [457/459] KLSK
[22:03:47] [458/459] AVCK
[22:03:48] [459/459] JTCK
[22:03:49] 🧹 Deduping shows
[22:03:49] ✅ DONE | Shows=609 | Movies=41
