[04:49:14] 🚀 SCRIPT STARTED
[04:49:14] [1/459] MBDC
[04:49:14] 🧠 New identity created
[04:49:15] [2/459] CHKM
[04:49:16] [3/459] JTKZ
[04:49:17] [4/459] CMCT
[04:49:18] [5/459] ASHO
[04:49:19] [6/459] ECDG
[04:49:19] [7/459] SPAT
[04:49:20] [8/459] HILC
[04:49:21] [9/459] SPPH
[04:49:22] [10/459] SBHN
[04:49:23] [11/459] RRCA
[04:49:24] [12/459] APAA
[04:49:25] [13/459] RAME
[04:49:26] [14/459] TMMS
[04:49:27] [15/459] BATK
[04:49:28] [16/459] LKOP
[04:49:29] [17/459] AMTT
[04:49:30] [18/459] PTGK
[04:49:31] [19/459] ANRS
[04:49:31] [20/459] VWBW
[04:49:32] [21/459] SVFG
[04:49:33] [22/459] STAT
[04:49:34] [23/459] GDCV
[04:49:35] [24/459] VEBI
[04:49:36] [25/459] VDSS
[04:49:36] [26/459] NTHV
[04:49:37] [27/459] AOCH
[04:49:38] [28/459] KASR
[04:49:39] [29/459] AYCS
[04:49:40] [30/459] SHAI
[04:49:40] [31/459] SKPE
[04:49:41] [32/459] SBTA
[04:49:42] [33/459] RTTD
[04:49:42] [34/459] CCJD
[04:49:43] [35/459] RSJJ
[04:49:44] [36/459] RKND
[04:49:45] [37/459] SVTX
[04:49:47] [38/459] BAKM
[04:49:48] [39/459] SVDC
[04:49:48] [40/459] MNCV
[04:49:49] [41/459] SJGC
[04:49:50] [42/459] MTPK
[04:49:51] [43/459] GATP
[04:49:52] [44/459] ABTS
[04:49:52] [45/459] ABDE
[04:49:53] [46/459] RCNM
[04:49:54] [47/459] KTHV
[04:49:56] [48/459] MDGJ
[04:49:57] [49/459] SMLM
[04:49:58] [50/459] JTMA
[04:49:59] [51/459] ACKP
[04:50:00] [52/459] SRTA
[04:50:01] [53/459] STAY
[04:50:02] [54/459] MAVO
[04:50:03] [55/459] APTS
[04:50:03] [56/459] OMEA
[04:50:04] [57/459] TTFD
[04:50:05] [58/459] MJCU
[04:50:06] [59/459] CXTE
[04:50:06] [60/459] CTPX
[04:50:07] [61/459] ASSL
[04:50:08] [62/459] CMVB
[04:50:09] [63/459] VPUR
[04:50:10] [64/459] JJDA
[04:50:11] [65/459] INBL
[04:50:12] [66/459] BIKB
[04:50:13] [67/459] NTBB
[04:50:13] [68/459] GLOB
[04:50:14] [69/459] SNTB
[04:50:15] [70/459] CHGV
[04:50:16] [71/459] SSBZ
[04:50:16] [72/459] PRDB
[04:50:17] [73/459] ISMT
[04:50:18] [74/459] MCSD
[04:50:19] [75/459] JBTT
[04:50:20] [76/459] GEKR
[04:50:20] [77/459] PVUN
[04:50:21] [78/459] NRTB
[04:50:22] [79/459] PRAA
[04:50:23] [80/459] PCBL
[04:50:24] [81/459] PTCM
[04:50:25] [82/459] KHNN
[04:50:25] [83/459] OMJE
[04:50:27] [84/459] STGN
[04:50:27] [85/459] RPMS
[04:50:28] [86/459] NWAD
[04:50:30] [87/459] BLCK
[04:50:31] [88/459] SVAA
[04:50:32] [89/459] URVM
[04:50:33] [90/459] ANTM
[04:50:34] [91/459] VJYM
[04:50:36] [92/459] MAZZ
[04:50:38] [93/459] CSHM
[04:50:39] [94/459] WGMH
[04:50:39] [95/459] SALN
[04:50:40] [96/459] BRTP
[04:50:41] [97/459] SVTA
[04:50:42] [98/459] SBTP
[04:50:43] [99/459] VLSS
[04:50:44] [100/459] SRJA
[04:50:45] [101/459] ANCG
[04:50:45] [102/459] CGGC
[04:50:46] [103/459] CRJA
[04:50:48] [104/459] USCR
[04:50:49] [105/459] MMEF
[04:50:49] [106/459] JCRJ
[04:50:50] [107/459] ADCM
[04:50:51] [108/459] BMYK
[04:50:52] [109/459] KICS
[04:50:53] [110/459] MBBT
[04:50:53] [111/459] MACK
[04:50:54] [112/459] CLDR
[04:50:55] [113/459] JYCR
[04:50:56] [114/459] DCRP
[04:50:57] [115/459] RAHT
[04:50:57] [116/459] CSSM
[04:50:59] [117/459] ATPK
[04:51:00] [118/459] KLRT
[04:51:01] [119/459] SRDD
[04:51:02] [120/459] CKMC
[04:51:02] [121/459] KRVM
[04:51:03] [122/459] AKCP
[04:51:04] [123/459] CNCV
[04:51:05] [124/459] PACT
[04:51:06] [125/459] NATP
[04:51:06] [126/459] PCPK
[04:51:07] [127/459] SMHO
[04:51:08] [128/459] CWTK
[04:51:09] [129/459] RVKZ
[04:51:10] [130/459] ASPD
[04:51:11] [131/459] VTKZ
[04:51:12] [132/459] LCSO
[04:51:13] [133/459] PRDY
[04:51:14] [134/459] RCAP
[04:51:15] [135/459] RGAR
[04:51:16] [136/459] RCAC
[04:51:16] [137/459] PMOD
[04:51:17] [138/459] PVCN
[04:51:18] [139/459] SCRZ
[04:51:19] [140/459] PVPC
[04:51:20] [141/459] STID
[04:51:21] [142/459] NEDD
[04:51:21] [143/459] BNBA
[04:51:22] [144/459] NTCD
[04:51:23] [145/459] OCDE
[04:51:24] [146/459] CCDU
[04:51:25] [147/459] CRXH
[04:51:27] [148/459] VLVT
[04:51:28] [149/459] CICI
[04:51:29] [150/459] SUCB
[04:51:30] [151/459] TCBP
[04:51:31] [152/459] SCCY
[04:51:31] [153/459] LXCY
[04:51:32] [154/459] NCMD
[04:51:33] [155/459] PHCS
[04:51:34] [156/459] DUXR
[04:51:35] [157/459] VNKS
[04:51:36] [158/459] SEDP
[04:51:36] [159/459] SVEN
[04:51:37] [160/459] SRKM
[04:51:38] [161/459] JTLT
[04:51:39] [162/459] SVSS
[04:51:40] [163/459] AMDE
[04:51:41] [164/459] WVRN
[04:51:42] [165/459] ISMG
[04:51:43] [166/459] WVKS
[04:51:43] [167/459] USCG
[04:51:45] [168/459] IOTG
[04:51:46] [169/459] RRJM
[04:51:47] [170/459] EDMP
[04:51:48] [171/459] SCGZ
[04:51:48] [172/459] GMGX
[04:51:50] [173/459] OMTP
[04:51:51] [174/459] MITD
[04:51:52] [175/459] SMMD
[04:51:53] [176/459] STML
[04:51:54] [177/459] MCFS
[04:51:55] [178/459] FPKA
[04:51:56] [179/459] OMLR
[04:51:57] [180/459] KKSC
[04:51:59] [181/459] RVMA
[04:51:59] [182/459] SCLL
[04:52:00] [183/459] SCDK
[04:52:01] [184/459] SXMI
[04:52:02] [185/459] SHDN
[04:52:02] [186/459] PAAD
[04:52:03] [187/459] UUCB
[04:52:04] [188/459] JHOL
[04:52:05] [189/459] SGWT
[04:52:06] [190/459] SRII
[04:52:07] [191/459] SGCK
[04:52:08] [192/459] SVVB
[04:52:09] [193/459] DMHA
[04:52:09] [194/459] PPNL
[04:52:10] [195/459] CPNL
[04:52:11] [196/459] WVLD
[04:52:12] [197/459] PSLV
[04:52:13] [198/459] VTTL
[04:52:14] [199/459] NPAD
[04:52:15] [200/459] PVCS
[04:52:15] [201/459] MCHL
[04:52:17] [202/459] PPLL
[04:52:18] [203/459] MALO
[04:52:18] [204/459] SWBH
[04:52:19] [205/459] PUGB
[04:52:21] [206/459] INBB
[04:52:21] [207/459] INNS
[04:52:22] [208/459] MCPT
[04:52:24] [209/459] SCMI
[04:52:25] [210/459] OCON
[04:52:25] [211/459] SCSM
[04:52:26] [212/459] RJVN
[04:52:27] [213/459] AMDK
[04:52:28] [214/459] ISMR
[04:52:29] [215/459] SMTD
[04:52:29] [216/459] VTDD
[04:52:30] [217/459] PDDZ
[04:52:31] [218/459] PCCK
[04:52:32] [219/459] INAM
[04:52:33] [220/459] FNKT
[04:52:34] [221/459] GDKA
[04:52:34] [222/459] MAYU
[04:52:35] [223/459] TCGU
[04:52:36] [224/459] KDCA
[04:52:37] [225/459] DOMY
[04:52:38] [226/459] PDDD
[04:52:39] [227/459] BJTS
[04:52:39] [228/459] VTCA
[04:52:40] [229/459] SBTM
[04:52:41] [230/459] SEET
[04:52:42] [231/459] SSTJ
[04:52:43] [232/459] SVNT
[04:52:44] [233/459] PPPR
[04:52:45] [234/459] PVYS
[04:52:46] [235/459] IOSE
[04:52:46] [236/459] ACTV
[04:52:47] [237/459] APVE
[04:52:48] [238/459] TCCL
[04:52:49] [239/459] SCMO
[04:52:50] [240/459] SAUM
[04:52:50] [241/459] KCJS
[04:52:51] [242/459] NJCJ
[04:52:52] [243/459] NECF
[04:52:53] [244/459] CCGW
[04:52:53] [245/459] CCMG
[04:52:54] [246/459] NYRG
[04:52:55] [247/459] NCSQ
[04:52:56] [248/459] GRCG
[04:52:57] [249/459] CCBT
[04:52:58] [250/459] ACGA
[04:52:59] [251/459] INAG
[04:52:59] [252/459] FUCG
[04:53:00] [253/459] AICF
[04:53:01] [254/459] GRGA
[04:53:02] [255/459] GDCN
[04:53:03] [256/459] RRCG
[04:53:04] [257/459] SDCH
[04:53:06] [258/459] WVJM
[04:53:06] [259/459] JCCZ
[04:53:07] [260/459] CNCL
[04:53:08] [261/459] TMLV
[04:53:09] [262/459] MEMB
[04:53:10] [263/459] SGTD
[04:53:12] [264/459] CONX
[04:53:12] [265/459] CCMH
[04:53:13] [266/459] ACMC
[04:53:14] [267/459] DTPD
[04:53:15] [268/459] POJA
[04:53:16] [269/459] FNBH
[04:53:17] [270/459] CGCB
[04:53:18] [271/459] RACN
[04:53:18] [272/459] JTSM
[04:53:19] [273/459] SCDN
[04:53:20] [274/459] AACK
[04:53:21] [275/459] RMCE
[04:53:22] [276/459] BSGB
[04:53:23] [277/459] MRCB
[04:53:25] [278/459] SRVR
[04:53:26] [279/459] VTKK
[04:53:26] [280/459] AMST
[04:53:27] [281/459] APCY
[04:53:28] [282/459] LMHO
[04:53:29] [283/459] MTZH
[04:53:30] [284/459] AMZB
[04:53:31] [285/459] SUVT
[04:53:31] [286/459] RCIP
[04:53:32] [287/459] KESR
[04:53:33] [288/459] SNKC
[04:53:34] [289/459] SCED
[04:53:35] [290/459] DVCA
[04:53:36] [291/459] VCDT
[04:53:37] [292/459] RRDI
[04:53:37] [293/459] DFCH
[04:53:38] [294/459] INSC
[04:53:39] [295/459] RGTR
[04:53:40] [296/459] FMOT
[04:53:41] [297/459] SCPM
[04:53:41] [298/459] GCDT
[04:53:42] [299/459] BRKT
[04:53:43] [300/459] DEMP
[04:53:44] [301/459] SRLC
[04:53:45] [302/459] KSTT
[04:53:47] [303/459] SMMT
[04:53:48] [304/459] SILM
[04:53:49] [305/459] JCVM
[04:53:49] [306/459] KCSV
[04:53:50] [307/459] MHLK
[04:53:52] [308/459] SLVL
[04:53:53] [309/459] RJKP
[04:53:53] [310/459] BBPC
[04:53:54] [311/459] MXCB
[04:53:55] [312/459] TCPK
[04:53:56] [313/459] RTBR
[04:53:57] [314/459] GAUT
[04:53:58] [315/459] DVCF
[04:53:59] [316/459] JTSB
[04:53:59] [317/459] SBLS
[04:54:00] [318/459] UDAY
[04:54:01] [319/459] PTNP
[04:54:02] [320/459] DMKT
[04:54:04] [321/459] NTDT
[04:54:04] [322/459] SHDJ
[04:54:05] [323/459] OTNC
[04:54:06] [324/459] RNTW
[04:54:07] [325/459] GCMI
[04:54:09] [326/459] CRCM
[04:54:09] [327/459] NNCZ
[04:54:10] [328/459] OEMO
[04:54:11] [329/459] PVJM
[04:54:12] [330/459] CPJI
[04:54:14] [331/459] RMCJ
[04:54:14] [332/459] CNWJ
[04:54:15] [333/459] EPJM
[04:54:17] [334/459] FNJJ
[04:54:17] [335/459] GCMJ
[04:54:18] [336/459] INPS
[04:54:19] [337/459] BICJ
[04:54:20] [338/459] ISTJ
[04:54:21] [339/459] INJC
[04:54:21] [340/459] GLXJ
[04:54:22] [341/459] INEM
[04:54:23] [342/459] JTMN
[04:54:24] [343/459] FRCJ
[04:54:25] [344/459] DDJP
[04:54:26] [345/459] INJV
[04:54:26] [346/459] GOLC
[04:54:27] [347/459] KOCI
[04:54:29] [348/459] FSTD
[04:54:30] [349/459] PACJ
[04:54:31] [350/459] GMCN
[04:54:32] [351/459] MMDJ
[04:54:32] [352/459] GODH
[04:54:33] [353/459] SKYN
[04:54:34] [354/459] NCTH
[04:54:34] [355/459] SKVZ
[04:54:35] [356/459] SVML
[04:54:36] [357/459] ACVZ
[04:54:37] [358/459] SURA
[04:54:38] [359/459] RTRB
[04:54:38] [360/459] LLCT
[04:54:39] [361/459] ATTS
[04:54:40] [362/459] JYCM
[04:54:41] [363/459] CTKR
[04:54:41] [364/459] LCKR
[04:54:42] [365/459] NYCV
[04:54:43] [366/459] NYOH
[04:54:44] [367/459] NOVX
[04:54:45] [368/459] MRGK
[04:54:46] [369/459] MOON
[04:54:47] [370/459] SBUC
[04:54:48] [371/459] GSVA
[04:54:49] [372/459] VIAK
[04:54:50] [373/459] SMVZ
[04:54:51] [374/459] MATE
[04:54:52] [375/459] RDCN
[04:54:53] [376/459] ASBL
[04:54:53] [377/459] ASVS
[04:54:54] [378/459] ASSR
[04:54:55] [379/459] SSKN
[04:54:56] [380/459] DRPV
[04:54:57] [381/459] MRHT
[04:54:58] [382/459] BSCN
[04:54:59] [383/459] RKNX
[04:54:59] [384/459] MSMC
[04:55:00] [385/459] MSCJ
[04:55:01] [386/459] BTBJ
[04:55:03] [387/459] MJCC
[04:55:04] [388/459] IOMM
[04:55:05] [389/459] ADGR
[04:55:05] [390/459] MYCP
[04:55:06] [391/459] IGCM
[04:55:07] [392/459] PGRK
[04:55:08] [393/459] VPGO
[04:55:09] [394/459] KOMS
[04:55:09] [395/459] URGG
[04:55:10] [396/459] GOST
[04:55:11] [397/459] LACT
[04:55:12] [398/459] BWCM
[04:55:12] [399/459] NCCW
[04:55:13] [400/459] SKYC
[04:55:15] [401/459] CCPM
[04:55:16] [402/459] VCBT
[04:55:18] [403/459] SDKR
[04:55:19] [404/459] CTYB
[04:55:20] [405/459] SHCX
[04:55:20] [406/459] RCUN
[04:55:21] [407/459] CNRA
[04:55:22] [408/459] RFCA
[04:55:23] [409/459] RDCU
[04:55:24] [410/459] SARK
[04:55:25] [411/459] SPPP
[04:55:26] [412/459] ADMB
[04:55:27] [413/459] JYOE
[04:55:29] [414/459] SRMD
[04:55:30] [415/459] RJDH
[04:55:30] [416/459] SSTD
[04:55:31] [417/459] AACV
[04:55:32] [418/459] PPVD
[04:55:33] [419/459] STCP
[04:55:34] [420/459] ANJR
[04:55:36] [421/459] ANLS
[04:55:36] [422/459] BIJO
[04:55:37] [423/459] AVAB
[04:55:38] [424/459] SPMD
[04:55:39] [425/459] SVJL
[04:55:39] [426/459] SDDJ
[04:55:40] [427/459] SLTU
[04:55:41] [428/459] SAKA
[04:55:42] [429/459] PMAM
[04:55:43] [430/459] FNAM
[04:55:44] [431/459] ACAM
[04:55:44] [432/459] SCMM
[04:55:45] [433/459] PMAK
[04:55:46] [434/459] NYSA
[04:55:47] [435/459] FCPA
[04:55:48] [436/459] GDAN
[04:55:50] [437/459] RSCA
[04:55:50] [438/459] DMAN
[04:55:51] [439/459] DZCM
[04:55:52] [440/459] NSGL
[04:55:53] [441/459] CCPP
[04:55:54] [442/459] PSMG
[04:55:55] [443/459] GSER
[04:55:56] [444/459] FCCT
[04:55:56] [445/459] FCTB
[04:55:57] [446/459] LCNK
[04:55:58] [447/459] SKTY
[04:55:59] [448/459] INAA
[04:55:59] [449/459] RCWN
[04:56:00] [450/459] VAIS
[04:56:01] [451/459] CVMN
[04:56:02] [452/459] INTS
[04:56:02] [453/459] FRGS
[04:56:03] [454/459] DTCK
[04:56:04] [455/459] MCMH
[04:56:05] [456/459] ECRR
[04:56:06] [457/459] RLLP
[04:56:07] [458/459] CCSN
[04:56:07] [459/459] CCBA
[04:56:08] 🧹 Deduping shows
[04:56:08] ✅ DONE | Shows=109 | Movies=14
