[04:49:05] 🚀 SCRIPT STARTED
[04:49:05] [1/296] CDCA
[04:49:05] 🧠 New identity created
[04:49:06] [2/296] MNSR
[04:49:06] [3/296] CSSL
[04:49:07] [4/296] BGGM
[04:49:09] [5/296] MANT
[04:49:09] [6/296] SOOY
[04:49:10] [7/296] VPPK
[04:49:11] [8/296] MYHJ
[04:49:12] [9/296] KSCK
[04:49:13] [10/296] KATK
[04:49:14] [11/296] RTRT
[04:49:15] [12/296] SSTT
[04:49:16] [13/296] SSTV
[04:49:17] [14/296] LACM
[04:49:18] [15/296] SGMG
[04:49:18] [16/296] KACX
[04:49:19] [17/296] GVCP
[04:49:20] [18/296] CSNC
[04:49:21] [19/296] SXCB
[04:49:21] [20/296] BAHS
[04:49:22] [21/296] PCBI
[04:49:23] [22/296] PSSM
[04:49:23] [23/296] RCOK
[04:49:24] [24/296] SCPF
[04:49:25] [25/296] SSAS
[04:49:26] [26/296] EVMM
[04:49:28] [27/296] SYCB
[04:49:29] [28/296] GCKI
[04:49:29] [29/296] IAET
[04:49:30] [30/296] DDTD
[04:49:31] [31/296] GMDH
[04:49:32] [32/296] STLE
[04:49:33] [33/296] JTRA
[04:49:34] [34/296] RPPA
[04:49:35] [35/296] ARUT
[04:49:36] [36/296] JTVM
[04:49:38] [37/296] SWRH
[04:49:40] [38/296] DCPC
[04:49:41] [39/296] RAPR
[04:49:42] [40/296] GCRT
[04:49:43] [41/296] ATUN
[04:49:43] [42/296] LTRM
[04:49:44] [43/296] TASR
[04:49:45] [44/296] RLLC
[04:49:46] [45/296] MABI
[04:49:47] [46/296] SVHB
[04:49:49] [47/296] NVTB
[04:49:50] [48/296] KCKG
[04:49:51] [49/296] SSRN
[04:49:52] [50/296] VDDC
[04:49:53] [51/296] GKTK
[04:49:54] [52/296] YFSN
[04:49:55] [53/296] GCSG
[04:49:56] [54/296] ESSM
[04:49:56] [55/296] KRIH
[04:49:57] [56/296] GCDS
[04:49:58] [57/296] CCSH
[04:50:00] [58/296] ACSK
[04:50:00] [59/296] APRK
[04:50:01] [60/296] ADKM
[04:50:02] [61/296] SRDM
[04:50:03] [62/296] RMOG
[04:50:04] [63/296] SJMY
[04:50:05] [64/296] PGGC
[04:50:05] [65/296] INGM
[04:50:06] [66/296] LSCB
[04:50:07] [67/296] STAD
[04:50:07] [68/296] MCCR
[04:50:08] [69/296] ABCC
[04:50:09] [70/296] RKCC
[04:50:10] [71/296] RTCR
[04:50:11] [72/296] GGBC
[04:50:12] [73/296] GCSD
[04:50:12] [74/296] LPTY
[04:50:13] [75/296] MCFD
[04:50:14] [76/296] HENN
[04:50:15] [77/296] SMKU
[04:50:16] [78/296] TNZC
[04:50:17] [79/296] DRCD
[04:50:17] [80/296] DLCD
[04:50:18] [81/296] RCDA
[04:50:19] [82/296] COSM
[04:50:20] [83/296] MCMJ
[04:50:22] [84/296] CSTR
[04:50:23] [85/296] CVDK
[04:50:24] [86/296] INRR
[04:50:25] [87/296] RJRT
[04:50:27] [88/296] IRMR
[04:50:29] [89/296] SRCF
[04:50:30] [90/296] GRCR
[04:50:32] [91/296] SURC
[04:50:32] [92/296] NMNH
[04:50:33] [93/296] SVBL
[04:50:34] [94/296] KACI
[04:50:36] [95/296] TDGO
[04:50:36] [96/296] KTBR
[04:50:38] [97/296] PMAD
[04:50:39] [98/296] CCPN
[04:50:40] [99/296] SBTK
[04:50:41] [100/296] LMDK
[04:50:41] [101/296] PGDA
[04:50:42] [102/296] SRML
[04:50:43] [103/296] EVCK
[04:50:44] [104/296] RTTK
[04:50:44] [105/296] SRTU
[04:50:45] [106/296] VRSA
[04:50:46] [107/296] VARS
[04:50:47] [108/296] DSCZ
[04:50:49] [109/296] GAGA
[04:50:50] [110/296] SARV
[04:50:51] [111/296] SEEG
[04:50:52] [112/296] GLCA
[04:50:53] [113/296] APAS
[04:50:55] [114/296] VCIA
[04:50:56] [115/296] SJTA
[04:50:56] [116/296] SABM
[04:50:57] [117/296] PPAG
[04:50:58] [118/296] RVCA
[04:50:59] [119/296] CCIA
[04:51:00] [120/296] HTAG
[04:51:01] [121/296] SMBI
[04:51:01] [122/296] MCJR
[04:51:03] [123/296] CCJR
[04:51:04] [124/296] SINF
[04:51:05] [125/296] CPLX
[04:51:05] [126/296] KKTJ
[04:51:07] [127/296] GDBW
[04:51:08] [128/296] CSUB
[04:51:09] [129/296] DABA
[04:51:09] [130/296] TITR
[04:51:10] [131/296] NYCR
[04:51:11] [132/296] RTRY
[04:51:13] [133/296] JTJL
[04:51:14] [134/296] SJCP
[04:51:15] [135/296] KCCA
[04:51:16] [136/296] MLPG
[04:51:18] [137/296] VRCK
[04:51:18] [138/296] SRIN
[04:51:19] [139/296] CXMK
[04:51:21] [140/296] SKAD
[04:51:22] [141/296] AVTR
[04:51:23] [142/296] PTAJ
[04:51:23] [143/296] SCNK
[04:51:24] [144/296] STTI
[04:51:25] [145/296] KACR
[04:51:26] [146/296] SSDX
[04:51:27] [147/296] VRTJ
[04:51:27] [148/296] RAJD
[04:51:28] [149/296] SCIP
[04:51:30] [150/296] RJSL
[04:51:31] [151/296] ARRS
[04:51:32] [152/296] ASMS
[04:51:33] [153/296] RDTS
[04:51:34] [154/296] DVMY
[04:51:34] [155/296] RASA
[04:51:35] [156/296] INOM
[04:51:36] [157/296] SPRS
[04:51:37] [158/296] SGCS
[04:51:37] [159/296] SALM
[04:51:39] [160/296] PKHC
[04:51:40] [161/296] RCSV
[04:51:41] [162/296] CPKC
[04:51:41] [163/296] AACD
[04:51:42] [164/296] GGCV
[04:51:44] [165/296] SMKD
[04:51:45] [166/296] NBCH
[04:51:46] [167/296] AMCB
[04:51:46] [168/296] OPCN
[04:51:47] [169/296] DCIN
[04:51:48] [170/296] INGW
[04:51:49] [171/296] PKKW
[04:51:50] [172/296] FNGW
[04:51:50] [173/296] GCGD
[04:51:51] [174/296] MSTW
[04:51:52] [175/296] KCCG
[04:51:53] [176/296] MRSS
[04:51:54] [177/296] CLCF
[04:51:54] [178/296] EETS
[04:51:55] [179/296] AATR
[04:51:56] [180/296] CMMN
[04:51:57] [181/296] SCCJ
[04:51:57] [182/296] CDTK
[04:51:58] [183/296] AICP
[04:51:59] [184/296] FNBP
[04:52:00] [185/296] CBPB
[04:52:01] [186/296] CPAS
[04:52:01] [187/296] MAPM
[04:52:02] [188/296] PASD
[04:52:03] [189/296] JCMN
[04:52:04] [190/296] MALB
[04:52:05] [191/296] SACG
[04:52:06] [192/296] DDRX
[04:52:07] [193/296] DDXB
[04:52:08] [194/296] RAMC
[04:52:08] [195/296] SANC
[04:52:09] [196/296] BCBP
[04:52:10] [197/296] ALPC
[04:52:11] [198/296] RBAC
[04:52:12] [199/296] RAJL
[04:52:13] [200/296] MPDX
[04:52:13] [201/296] MUSC
[04:52:14] [202/296] VKMK
[04:52:15] [203/296] SKCG
[04:52:16] [204/296] ANCN
[04:52:16] [205/296] MMCJ
[04:52:17] [206/296] DCAK
[04:52:18] [207/296] SCKG
[04:52:19] [208/296] LMCK
[04:52:20] [209/296] CKKX
[04:52:20] [210/296] ANKU
[04:52:21] [211/296] CSMD
[04:52:22] [212/296] MKMP
[04:52:24] [213/296] SVBG
[04:52:24] [214/296] ROOP
[04:52:25] [215/296] GDMT
[04:52:26] [216/296] FPPF
[04:52:27] [217/296] SFUU
[04:52:28] [218/296] ANCB
[04:52:29] [219/296] SMMC
[04:52:30] [220/296] UGKT
[04:52:31] [221/296] JVRM
[04:52:32] [222/296] BATG
[04:52:33] [223/296] RATE
[04:52:34] [224/296] SKME
[04:52:35] [225/296] LMTP
[04:52:36] [226/296] TCBD
[04:52:37] [227/296] ESBD
[04:52:37] [228/296] GDCU
[04:52:38] [229/296] SNKT
[04:52:39] [230/296] SRNK
[04:52:40] [231/296] SMED
[04:52:41] [232/296] CSQS
[04:52:42] [233/296] ALCS
[04:52:44] [234/296] KCKN
[04:52:44] [235/296] VCCL
[04:52:45] [236/296] MCDA
[04:52:46] [237/296] SHMI
[04:52:47] [238/296] SKHA
[04:52:48] [239/296] SVFK
[04:52:48] [240/296] INVB
[04:52:49] [241/296] MELD
[04:52:50] [242/296] JTYS
[04:52:52] [243/296] INCM
[04:52:52] [244/296] MCDV
[04:52:53] [245/296] KSGK
[04:52:54] [246/296] ICMG
[04:52:55] [247/296] CSCV
[04:52:56] [248/296] STMD
[04:52:56] [249/296] STTR
[04:52:57] [250/296] INVC
[04:52:58] [251/296] JTBL
[04:52:59] [252/296] SRVV
[04:53:00] [253/296] MAVC
[04:53:01] [254/296] SRPP
[04:53:02] [255/296] JGDM
[04:53:03] [256/296] MBSJ
[04:53:04] [257/296] SSLL
[04:53:04] [258/296] SLKP
[04:53:05] [259/296] NSRV
[04:53:06] [260/296] UTDV
[04:53:07] [261/296] KICM
[04:53:08] [262/296] KCMD
[04:53:08] [263/296] TTPP
[04:53:09] [264/296] KMPV
[04:53:10] [265/296] SKTV
[04:53:11] [266/296] STCV
[04:53:12] [267/296] SRDA
[04:53:12] [268/296] JTSX
[04:53:13] [269/296] STBV
[04:53:14] [270/296] APVZ
[04:53:15] [271/296] GSTV
[04:53:16] [272/296] NMVS
[04:53:16] [273/296] SKRT
[04:53:17] [274/296] RMDV
[04:53:18] [275/296] RATG
[04:53:19] [276/296] SJYV
[04:53:20] [277/296] NDGP
[04:53:20] [278/296] SNDG
[04:53:21] [279/296] INSR
[04:53:22] [280/296] INSO
[04:53:23] [281/296] CCSI
[04:53:23] [282/296] RASM
[04:53:24] [283/296] NEWC
[04:53:25] [284/296] VSHL
[04:53:26] [285/296] BISW
[04:53:26] [286/296] GCNG
[04:53:27] [287/296] CWSC
[04:53:28] [288/296] SKAN
[04:53:29] [289/296] SEHP
[04:53:30] [290/296] CCOA
[04:53:32] [291/296] MCAJ
[04:53:34] [292/296] ACDE
[04:53:34] [293/296] AACM
[04:53:35] [294/296] JJCK
[04:53:36] [295/296] RCMO
[04:53:37] [296/296] GDAW
[04:53:38] 🧹 Deduping shows
[04:53:38] ✅ DONE | Shows=58 | Movies=10
