[00:40:43] 🚀 BMS DAILY TRACKER STARTED
[00:40:43] [1/459] MBDC
[00:40:43] 🧠 New identity
[00:40:45] [2/459] CHKM
[00:40:46] [3/459] JTKZ
[00:40:47] [4/459] CMCT
[00:40:48] [5/459] ASHO
[00:40:49] [6/459] ECDG
[00:40:50] [7/459] SPAT
[00:40:51] [8/459] HILC
[00:40:52] [9/459] SPPH
[00:40:53] [10/459] SBHN
[00:40:54] [11/459] RRCA
[00:40:55] [12/459] APAA
[00:40:55] [13/459] RAME
[00:40:56] [14/459] TMMS
[00:40:57] [15/459] BATK
[00:40:58] [16/459] LKOP
[00:41:00] [17/459] AMTT
[00:41:01] [18/459] PTGK
[00:41:02] [19/459] ANRS
[00:41:04] [20/459] VWBW
[00:41:04] [21/459] SVFG
[00:41:05] [22/459] STAT
[00:41:06] [23/459] GDCV
[00:41:07] [24/459] VEBI
[00:41:08] [25/459] VDSS
[00:41:08] [26/459] NTHV
[00:41:09] [27/459] AOCH
[00:41:10] [28/459] KASR
[00:41:11] [29/459] AYCS
[00:41:12] [30/459] SHAI
[00:41:13] [31/459] SKPE
[00:41:14] [32/459] SBTA
[00:41:14] [33/459] RTTD
[00:41:15] [34/459] CCJD
[00:41:17] [35/459] RSJJ
[00:41:18] [36/459] RKND
[00:41:18] [37/459] SVTX
[00:41:19] [38/459] BAKM
[00:41:20] [39/459] SVDC
[00:41:21] [40/459] MNCV
[00:41:22] [41/459] SJGC
[00:41:23] [42/459] MTPK
[00:41:24] [43/459] GATP
[00:41:24] [44/459] ABTS
[00:41:25] [45/459] ABDE
[00:41:26] [46/459] RCNM
[00:41:27] [47/459] KTHV
[00:41:28] [48/459] MDGJ
[00:41:29] [49/459] SMLM
[00:41:30] [50/459] JTMA
[00:41:30] [51/459] ACKP
[00:41:31] [52/459] SRTA
[00:41:32] [53/459] STAY
[00:41:33] [54/459] MAVO
[00:41:34] [55/459] APTS
[00:41:35] [56/459] OMEA
[00:41:36] [57/459] TTFD
[00:41:37] [58/459] MJCU
[00:41:38] [59/459] CXTE
[00:41:38] [60/459] CTPX
[00:41:39] [61/459] ASSL
[00:41:40] [62/459] CMVB
[00:41:41] [63/459] VPUR
[00:41:41] [64/459] JJDA
[00:41:42] [65/459] INBL
[00:41:43] [66/459] BIKB
[00:41:44] [67/459] NTBB
[00:41:45] [68/459] GLOB
[00:41:45] [69/459] SNTB
[00:41:47] [70/459] CHGV
[00:41:49] [71/459] SSBZ
[00:41:50] [72/459] PRDB
[00:41:51] [73/459] ISMT
[00:41:52] [74/459] MCSD
[00:41:53] [75/459] JBTT
[00:41:53] [76/459] GEKR
[00:41:54] [77/459] PVUN
[00:41:55] [78/459] NRTB
[00:41:56] [79/459] PRAA
[00:41:57] [80/459] PCBL
[00:41:57] [81/459] PTCM
[00:41:59] [82/459] KHNN
[00:42:00] [83/459] OMJE
[00:42:01] [84/459] STGN
[00:42:02] [85/459] RPMS
[00:42:03] [86/459] NWAD
[00:42:03] [87/459] BLCK
[00:42:04] [88/459] SVAA
[00:42:05] [89/459] URVM
[00:42:06] [90/459] ANTM
[00:42:07] [91/459] VJYM
[00:42:07] [92/459] MAZZ
[00:42:08] [93/459] CSHM
[00:42:09] [94/459] WGMH
[00:42:11] [95/459] SALN
[00:42:12] [96/459] BRTP
[00:42:13] [97/459] SVTA
[00:42:14] [98/459] SBTP
[00:42:15] [99/459] VLSS
[00:42:16] [100/459] SRJA
[00:42:17] [101/459] ANCG
[00:42:17] [102/459] CGGC
[00:42:18] [103/459] CRJA
[00:42:19] [104/459] USCR
[00:42:20] [105/459] MMEF
[00:42:21] [106/459] JCRJ
[00:42:22] [107/459] ADCM
[00:42:23] [108/459] BMYK
[00:42:23] [109/459] KICS
[00:42:25] [110/459] MBBT
[00:42:26] [111/459] MACK
[00:42:26] [112/459] CLDR
[00:42:27] [113/459] JYCR
[00:42:28] [114/459] DCRP
[00:42:29] [115/459] RAHT
[00:42:30] [116/459] CSSM
[00:42:31] [117/459] ATPK
[00:42:33] [118/459] KLRT
[00:42:34] [119/459] SRDD
[00:42:34] [120/459] CKMC
[00:42:35] [121/459] KRVM
[00:42:36] [122/459] AKCP
[00:42:37] [123/459] CNCV
[00:42:38] [124/459] PACT
[00:42:38] [125/459] NATP
[00:42:39] [126/459] PCPK
[00:42:40] [127/459] SMHO
[00:42:41] [128/459] CWTK
[00:42:42] [129/459] RVKZ
[00:42:43] [130/459] ASPD
[00:42:43] [131/459] VTKZ
[00:42:44] [132/459] LCSO
[00:42:45] [133/459] PRDY
[00:42:46] [134/459] RCAP
[00:42:47] [135/459] RGAR
[00:42:48] [136/459] RCAC
[00:42:48] [137/459] PMOD
[00:42:49] [138/459] PVCN
[00:42:50] [139/459] SCRZ
[00:42:51] [140/459] PVPC
[00:42:52] [141/459] STID
[00:42:52] [142/459] NEDD
[00:42:53] [143/459] BNBA
[00:42:54] [144/459] NTCD
[00:42:55] [145/459] OCDE
[00:42:56] [146/459] CCDU
[00:42:57] [147/459] CRXH
[00:42:57] [148/459] VLVT
[00:42:58] [149/459] CICI
[00:42:59] [150/459] SUCB
[00:43:00] [151/459] TCBP
[00:43:01] [152/459] SCCY
[00:43:01] [153/459] LXCY
[00:43:02] [154/459] NCMD
[00:43:03] [155/459] PHCS
[00:43:04] [156/459] DUXR
[00:43:05] [157/459] VNKS
[00:43:05] [158/459] SEDP
[00:43:06] [159/459] SVEN
[00:43:07] [160/459] SRKM
[00:43:08] [161/459] JTLT
[00:43:09] [162/459] SVSS
[00:43:09] [163/459] AMDE
[00:43:10] [164/459] WVRN
[00:43:11] [165/459] ISMG
[00:43:12] [166/459] WVKS
[00:43:14] [167/459] USCG
[00:43:14] [168/459] IOTG
[00:43:15] [169/459] RRJM
[00:43:16] [170/459] EDMP
[00:43:17] [171/459] SCGZ
[00:43:18] [172/459] GMGX
[00:43:18] [173/459] OMTP
[00:43:19] [174/459] MITD
[00:43:20] [175/459] SMMD
[00:43:21] [176/459] STML
[00:43:22] [177/459] MCFS
[00:43:23] [178/459] FPKA
[00:43:24] [179/459] OMLR
[00:43:24] [180/459] KKSC
[00:43:25] [181/459] RVMA
[00:43:27] [182/459] SCLL
[00:43:28] [183/459] SCDK
[00:43:29] [184/459] SXMI
[00:43:29] [185/459] SHDN
[00:43:30] [186/459] PAAD
[00:43:31] [187/459] UUCB
[00:43:32] [188/459] JHOL
[00:43:33] [189/459] SGWT
[00:43:34] [190/459] SRII
[00:43:35] [191/459] SGCK
[00:43:36] [192/459] SVVB
[00:43:37] [193/459] DMHA
[00:43:38] [194/459] PPNL
[00:43:39] [195/459] CPNL
[00:43:40] [196/459] WVLD
[00:43:40] [197/459] PSLV
[00:43:41] [198/459] VTTL
[00:43:42] [199/459] NPAD
[00:43:43] [200/459] PVCS
[00:43:44] [201/459] MCHL
[00:43:45] [202/459] PPLL
[00:43:45] [203/459] MALO
[00:43:46] [204/459] SWBH
[00:43:47] [205/459] PUGB
[00:43:48] [206/459] INBB
[00:43:49] [207/459] INNS
[00:43:50] [208/459] MCPT
[00:43:51] [209/459] SCMI
[00:43:52] [210/459] OCON
[00:43:52] [211/459] SCSM
[00:43:53] [212/459] RJVN
[00:43:54] [213/459] AMDK
[00:43:55] [214/459] ISMR
[00:43:56] [215/459] SMTD
[00:43:57] [216/459] VTDD
[00:43:57] [217/459] PDDZ
[00:43:59] [218/459] PCCK
[00:44:01] [219/459] INAM
[00:44:02] [220/459] FNKT
[00:44:03] [221/459] GDKA
[00:44:04] [222/459] MAYU
[00:44:05] [223/459] TCGU
[00:44:05] [224/459] KDCA
[00:44:06] [225/459] DOMY
[00:44:07] [226/459] PDDD
[00:44:08] [227/459] BJTS
[00:44:09] [228/459] VTCA
[00:44:10] [229/459] SBTM
[00:44:11] [230/459] SEET
[00:44:12] [231/459] SSTJ
[00:44:14] [232/459] SVNT
[00:44:15] [233/459] PPPR
[00:44:16] [234/459] PVYS
[00:44:16] [235/459] IOSE
[00:44:17] [236/459] ACTV
[00:44:18] [237/459] APVE
[00:44:19] [238/459] TCCL
[00:44:20] [239/459] SCMO
[00:44:20] [240/459] SAUM
[00:44:21] [241/459] KCJS
[00:44:23] [242/459] NJCJ
[00:44:24] [243/459] NECF
[00:44:24] [244/459] CCGW
[00:44:25] [245/459] CCMG
[00:44:26] [246/459] NYRG
[00:44:27] [247/459] NCSQ
[00:44:28] [248/459] GRCG
[00:44:29] [249/459] CCBT
[00:44:30] [250/459] ACGA
[00:44:31] [251/459] INAG
[00:44:32] [252/459] FUCG
[00:44:33] [253/459] AICF
[00:44:35] [254/459] GRGA
[00:44:35] [255/459] GDCN
[00:44:36] [256/459] RRCG
[00:44:37] [257/459] SDCH
[00:44:37] [258/459] WVJM
[00:44:38] [259/459] JCCZ
[00:44:39] [260/459] CNCL
[00:44:40] [261/459] TMLV
[00:44:41] [262/459] MEMB
[00:44:41] [263/459] SGTD
[00:44:42] [264/459] CONX
[00:44:43] [265/459] CCMH
[00:44:44] [266/459] ACMC
[00:44:45] [267/459] DTPD
[00:44:46] [268/459] POJA
[00:44:46] [269/459] FNBH
[00:44:47] [270/459] CGCB
[00:44:48] [271/459] RACN
[00:44:50] [272/459] JTSM
[00:44:51] [273/459] SCDN
[00:44:52] [274/459] AACK
[00:44:53] [275/459] RMCE
[00:44:54] [276/459] BSGB
[00:44:55] [277/459] MRCB
[00:44:55] [278/459] SRVR
[00:44:56] [279/459] VTKK
[00:44:57] [280/459] AMST
[00:44:58] [281/459] APCY
[00:44:59] [282/459] LMHO
[00:45:00] [283/459] MTZH
[00:45:01] [284/459] AMZB
[00:45:02] [285/459] SUVT
[00:45:02] [286/459] RCIP
[00:45:03] [287/459] KESR
[00:45:04] [288/459] SNKC
[00:45:05] [289/459] SCED
[00:45:06] [290/459] DVCA
[00:45:06] [291/459] VCDT
[00:45:07] [292/459] RRDI
[00:45:08] [293/459] DFCH
[00:45:09] [294/459] INSC
[00:45:10] [295/459] RGTR
[00:45:11] [296/459] FMOT
[00:45:11] [297/459] SCPM
[00:45:12] [298/459] GCDT
[00:45:13] [299/459] BRKT
[00:45:15] [300/459] DEMP
[00:45:15] [301/459] SRLC
[00:45:16] [302/459] KSTT
[00:45:17] [303/459] SMMT
[00:45:18] [304/459] SILM
[00:45:19] [305/459] JCVM
[00:45:20] [306/459] KCSV
[00:45:21] [307/459] MHLK
[00:45:22] [308/459] SLVL
[00:45:23] [309/459] RJKP
[00:45:23] [310/459] BBPC
[00:45:24] [311/459] MXCB
[00:45:25] [312/459] TCPK
[00:45:26] [313/459] RTBR
[00:45:27] [314/459] GAUT
[00:45:28] [315/459] DVCF
[00:45:29] [316/459] JTSB
[00:45:30] [317/459] SBLS
[00:45:31] [318/459] UDAY
[00:45:31] [319/459] PTNP
[00:45:32] [320/459] DMKT
[00:45:33] [321/459] NTDT
[00:45:34] [322/459] SHDJ
[00:45:35] [323/459] OTNC
[00:45:35] [324/459] RNTW
[00:45:36] [325/459] GCMI
[00:45:37] [326/459] CRCM
[00:45:38] [327/459] NNCZ
[00:45:39] [328/459] OEMO
[00:45:39] [329/459] PVJM
[00:45:40] [330/459] CPJI
[00:45:41] [331/459] RMCJ
[00:45:42] [332/459] CNWJ
[00:45:43] [333/459] EPJM
[00:45:44] [334/459] FNJJ
[00:45:44] [335/459] GCMJ
[00:45:46] [336/459] INPS
[00:45:47] [337/459] BICJ
[00:45:48] [338/459] ISTJ
[00:45:49] [339/459] INJC
[00:45:50] [340/459] GLXJ
[00:45:50] [341/459] INEM
[00:45:51] [342/459] JTMN
[00:45:52] [343/459] FRCJ
[00:45:53] [344/459] DDJP
[00:45:54] [345/459] INJV
[00:45:54] [346/459] GOLC
[00:45:55] [347/459] KOCI
[00:45:56] [348/459] FSTD
[00:45:57] [349/459] PACJ
[00:45:58] [350/459] GMCN
[00:45:58] [351/459] MMDJ
[00:45:59] [352/459] GODH
[00:46:00] [353/459] SKYN
[00:46:00] [354/459] NCTH
[00:46:01] [355/459] SKVZ
[00:46:02] [356/459] SVML
[00:46:03] [357/459] ACVZ
[00:46:04] [358/459] SURA
[00:46:04] [359/459] RTRB
[00:46:05] [360/459] LLCT
[00:46:06] [361/459] ATTS
[00:46:07] [362/459] JYCM
[00:46:08] [363/459] CTKR
[00:46:09] [364/459] LCKR
[00:46:10] [365/459] NYCV
[00:46:10] [366/459] NYOH
[00:46:11] [367/459] NOVX
[00:46:12] [368/459] MRGK
[00:46:13] [369/459] MOON
[00:46:14] [370/459] SBUC
[00:46:15] [371/459] GSVA
[00:46:16] [372/459] VIAK
[00:46:17] [373/459] SMVZ
[00:46:18] [374/459] MATE
[00:46:18] [375/459] RDCN
[00:46:19] [376/459] ASBL
[00:46:20] [377/459] ASVS
[00:46:21] [378/459] ASSR
[00:46:22] [379/459] SSKN
[00:46:22] [380/459] DRPV
[00:46:23] [381/459] MRHT
[00:46:25] [382/459] BSCN
[00:46:25] [383/459] RKNX
[00:46:26] [384/459] MSMC
[00:46:27] [385/459] MSCJ
[00:46:28] [386/459] BTBJ
[00:46:29] [387/459] MJCC
[00:46:30] [388/459] IOMM
[00:46:31] [389/459] ADGR
[00:46:31] [390/459] MYCP
[00:46:32] [391/459] IGCM
[00:46:33] [392/459] PGRK
[00:46:34] [393/459] VPGO
[00:46:34] [394/459] KOMS
[00:46:35] [395/459] URGG
[00:46:36] [396/459] GOST
[00:46:37] [397/459] LACT
[00:46:38] [398/459] BWCM
[00:46:39] [399/459] NCCW
[00:46:40] [400/459] SKYC
[00:46:41] [401/459] CCPM
[00:46:42] [402/459] VCBT
[00:46:42] [403/459] SDKR
[00:46:43] [404/459] CTYB
[00:46:45] [405/459] SHCX
[00:46:45] [406/459] RCUN
[00:46:46] [407/459] CNRA
[00:46:48] [408/459] RFCA
[00:46:48] [409/459] RDCU
[00:46:49] [410/459] SARK
[00:46:50] [411/459] SPPP
[00:46:51] [412/459] ADMB
[00:46:52] [413/459] JYOE
[00:46:52] [414/459] SRMD
[00:46:54] [415/459] RJDH
[00:46:54] [416/459] SSTD
[00:46:55] [417/459] AACV
[00:46:57] [418/459] PPVD
[00:46:57] [419/459] STCP
[00:46:58] [420/459] ANJR
[00:46:59] [421/459] ANLS
[00:47:01] [422/459] BIJO
[00:47:02] [423/459] AVAB
[00:47:03] [424/459] SPMD
[00:47:04] [425/459] SVJL
[00:47:05] [426/459] SDDJ
[00:47:06] [427/459] SLTU
[00:47:07] [428/459] SAKA
[00:47:08] [429/459] PMAM
[00:47:09] [430/459] FNAM
[00:47:10] [431/459] ACAM
[00:47:11] [432/459] SCMM
[00:47:12] [433/459] PMAK
[00:47:13] [434/459] NYSA
[00:47:13] [435/459] FCPA
[00:47:15] [436/459] GDAN
[00:47:16] [437/459] RSCA
[00:47:17] [438/459] DMAN
[00:47:18] [439/459] DZCM
[00:47:19] [440/459] NSGL
[00:47:19] [441/459] CCPP
[00:47:20] [442/459] PSMG
[00:47:21] [443/459] GSER
[00:47:23] [444/459] FCCT
[00:47:24] [445/459] FCTB
[00:47:24] [446/459] LCNK
[00:47:25] [447/459] SKTY
[00:47:26] [448/459] INAA
[00:47:27] [449/459] RCWN
[00:47:27] [450/459] VAIS
[00:47:28] [451/459] CVMN
[00:47:29] [452/459] INTS
[00:47:30] [453/459] FRGS
[00:47:31] [454/459] DTCK
[00:47:32] [455/459] MCMH
[00:47:33] [456/459] ECRR
[00:47:34] [457/459] RLLP
[00:47:34] [458/459] CCSN
[00:47:35] [459/459] CCBA
[00:47:36] ✅ DONE | Shows=0 | Movies=0
[01:44:01] 🚀 BMS DAILY TRACKER STARTED
[01:44:01] [1/459] MBDC
[01:44:01] 🧠 New identity
[01:44:02] [2/459] CHKM
[01:44:03] [3/459] JTKZ
[01:44:04] [4/459] CMCT
[01:44:05] [5/459] ASHO
[01:44:06] [6/459] ECDG
[01:44:07] [7/459] SPAT
[01:44:08] [8/459] HILC
[01:44:08] [9/459] SPPH
[01:44:09] [10/459] SBHN
[01:44:10] [11/459] RRCA
[01:44:11] [12/459] APAA
[01:44:12] [13/459] RAME
[01:44:13] [14/459] TMMS
[01:44:14] [15/459] BATK
[01:44:16] [16/459] LKOP
[01:44:16] [17/459] AMTT
[01:44:17] [18/459] PTGK
[01:44:18] [19/459] ANRS
[01:44:20] [20/459] VWBW
[01:44:20] [21/459] SVFG
[01:44:21] [22/459] STAT
[01:44:22] [23/459] GDCV
[01:44:23] [24/459] VEBI
[01:44:25] [25/459] VDSS
[01:44:26] [26/459] NTHV
[01:44:26] [27/459] AOCH
[01:44:27] [28/459] KASR
[01:44:28] [29/459] AYCS
[01:44:30] [30/459] SHAI
[01:44:31] [31/459] SKPE
[01:44:32] [32/459] SBTA
[01:44:33] [33/459] RTTD
[01:44:34] [34/459] CCJD
[01:44:34] [35/459] RSJJ
[01:44:35] [36/459] RKND
[01:44:36] [37/459] SVTX
[01:44:37] [38/459] BAKM
[01:44:38] [39/459] SVDC
[01:44:39] [40/459] MNCV
[01:44:40] [41/459] SJGC
[01:44:40] [42/459] MTPK
[01:44:42] [43/459] GATP
[01:44:43] [44/459] ABTS
[01:44:44] [45/459] ABDE
[01:44:45] [46/459] RCNM
[01:44:46] [47/459] KTHV
[01:44:47] [48/459] MDGJ
[01:44:48] [49/459] SMLM
[01:44:48] [50/459] JTMA
[01:44:49] [51/459] ACKP
[01:44:50] [52/459] SRTA
[01:44:51] [53/459] STAY
[01:44:52] [54/459] MAVO
[01:44:53] [55/459] APTS
[01:44:53] [56/459] OMEA
[01:44:54] [57/459] TTFD
[01:44:55] [58/459] MJCU
[01:44:56] [59/459] CXTE
[01:44:58] [60/459] CTPX
[01:44:59] [61/459] ASSL
[01:45:00] [62/459] CMVB
[01:45:01] [63/459] VPUR
[01:45:02] [64/459] JJDA
[01:45:03] [65/459] INBL
[01:45:04] [66/459] BIKB
[01:45:05] [67/459] NTBB
[01:45:06] [68/459] GLOB
[01:45:07] [69/459] SNTB
[01:45:07] [70/459] CHGV
[01:45:08] [71/459] SSBZ
[01:45:10] [72/459] PRDB
[01:45:12] [73/459] ISMT
[01:45:13] [74/459] MCSD
[01:45:14] [75/459] JBTT
[01:45:14] [76/459] GEKR
[01:45:16] [77/459] PVUN
[01:45:17] [78/459] NRTB
[01:45:18] [79/459] PRAA
[01:45:19] [80/459] PCBL
[01:45:19] [81/459] PTCM
[01:45:20] [82/459] KHNN
[01:45:21] [83/459] OMJE
[01:45:22] [84/459] STGN
[01:45:23] [85/459] RPMS
[01:45:24] [86/459] NWAD
[01:45:24] [87/459] BLCK
[01:45:25] [88/459] SVAA
[01:45:26] [89/459] URVM
[01:45:28] [90/459] ANTM
[01:45:29] [91/459] VJYM
[01:45:30] [92/459] MAZZ
[01:45:31] [93/459] CSHM
[01:45:31] [94/459] WGMH
[01:45:32] [95/459] SALN
[01:45:34] [96/459] BRTP
[01:45:35] [97/459] SVTA
[01:45:36] [98/459] SBTP
[01:45:36] [99/459] VLSS
[01:45:37] [100/459] SRJA
[01:45:38] [101/459] ANCG
[01:45:39] [102/459] CGGC
[01:45:40] [103/459] CRJA
[01:45:41] [104/459] USCR
[01:45:41] [105/459] MMEF
[01:45:42] [106/459] JCRJ
[01:45:43] [107/459] ADCM
[01:45:44] [108/459] BMYK
[01:45:45] [109/459] KICS
[01:45:45] [110/459] MBBT
[01:45:46] [111/459] MACK
[01:45:47] [112/459] CLDR
[01:45:48] [113/459] JYCR
[01:45:49] [114/459] DCRP
[01:45:50] [115/459] RAHT
[01:45:51] [116/459] CSSM
[01:45:51] [117/459] ATPK
[01:45:52] [118/459] KLRT
[01:45:53] [119/459] SRDD
[01:45:54] [120/459] CKMC
[01:45:54] [121/459] KRVM
[01:45:55] [122/459] AKCP
[01:45:56] [123/459] CNCV
[01:45:57] [124/459] PACT
[01:45:58] [125/459] NATP
[01:45:59] [126/459] PCPK
[01:46:00] [127/459] SMHO
[01:46:00] [128/459] CWTK
[01:46:02] [129/459] RVKZ
[01:46:03] [130/459] ASPD
[01:46:04] [131/459] VTKZ
[01:46:05] [132/459] LCSO
[01:46:06] [133/459] PRDY
[01:46:07] [134/459] RCAP
[01:46:08] [135/459] RGAR
[01:46:09] [136/459] RCAC
[01:46:10] [137/459] PMOD
[01:46:11] [138/459] PVCN
[01:46:12] [139/459] SCRZ
[01:46:12] [140/459] PVPC
[01:46:13] [141/459] STID
[01:46:14] [142/459] NEDD
[01:46:15] [143/459] BNBA
[01:46:16] [144/459] NTCD
[01:46:16] [145/459] OCDE
[01:46:17] [146/459] CCDU
[01:46:18] [147/459] CRXH
[01:46:19] [148/459] VLVT
[01:46:20] [149/459] CICI
[01:46:21] [150/459] SUCB
[01:46:21] [151/459] TCBP
[01:46:22] [152/459] SCCY
[01:46:23] [153/459] LXCY
[01:46:24] [154/459] NCMD
[01:46:25] [155/459] PHCS
[01:46:26] [156/459] DUXR
[01:46:26] [157/459] VNKS
[01:46:27] [158/459] SEDP
[01:46:28] [159/459] SVEN
[01:46:29] [160/459] SRKM
[01:46:30] [161/459] JTLT
[01:46:31] [162/459] SVSS
[01:46:32] [163/459] AMDE
[01:46:33] [164/459] WVRN
[01:46:34] [165/459] ISMG
[01:46:35] [166/459] WVKS
[01:46:36] [167/459] USCG
[01:46:36] [168/459] IOTG
[01:46:37] [169/459] RRJM
[01:46:38] [170/459] EDMP
[01:46:39] [171/459] SCGZ
[01:46:40] [172/459] GMGX
[01:46:41] [173/459] OMTP
[01:46:42] [174/459] MITD
[01:46:43] [175/459] SMMD
[01:46:44] [176/459] STML
[01:46:45] [177/459] MCFS
[01:46:46] [178/459] FPKA
[01:46:47] [179/459] OMLR
[01:46:47] [180/459] KKSC
[01:46:48] [181/459] RVMA
[01:46:49] [182/459] SCLL
[01:46:51] [183/459] SCDK
[01:46:52] [184/459] SXMI
[01:46:53] [185/459] SHDN
[01:46:54] [186/459] PAAD
[01:46:54] [187/459] UUCB
[01:46:55] [188/459] JHOL
[01:46:56] [189/459] SGWT
[01:46:57] [190/459] SRII
[01:46:58] [191/459] SGCK
[01:46:59] [192/459] SVVB
[01:47:00] [193/459] DMHA
[01:47:01] [194/459] PPNL
[01:47:02] [195/459] CPNL
[01:47:02] [196/459] WVLD
[01:47:03] [197/459] PSLV
[01:47:04] [198/459] VTTL
[01:47:05] [199/459] NPAD
[01:47:06] [200/459] PVCS
[01:47:06] [201/459] MCHL
[01:47:07] [202/459] PPLL
[01:47:08] [203/459] MALO
[01:47:09] [204/459] SWBH
[01:47:09] [205/459] PUGB
[01:47:10] [206/459] INBB
[01:47:11] [207/459] INNS
[01:47:12] [208/459] MCPT
[01:47:13] [209/459] SCMI
[01:47:14] [210/459] OCON
[01:47:15] [211/459] SCSM
[01:47:15] [212/459] RJVN
[01:47:16] [213/459] AMDK
[01:47:17] [214/459] ISMR
[01:47:18] [215/459] SMTD
[01:47:19] [216/459] VTDD
[01:47:20] [217/459] PDDZ
[01:47:21] [218/459] PCCK
[01:47:22] [219/459] INAM
[01:47:23] [220/459] FNKT
[01:47:23] [221/459] GDKA
[01:47:24] [222/459] MAYU
[01:47:26] [223/459] TCGU
[01:47:27] [224/459] KDCA
[01:47:28] [225/459] DOMY
[01:47:29] [226/459] PDDD
[01:47:29] [227/459] BJTS
[01:47:30] [228/459] VTCA
[01:47:31] [229/459] SBTM
[01:47:32] [230/459] SEET
[01:47:33] [231/459] SSTJ
[01:47:33] [232/459] SVNT
[01:47:34] [233/459] PPPR
[01:47:35] [234/459] PVYS
[01:47:36] [235/459] IOSE
[01:47:36] [236/459] ACTV
[01:47:37] [237/459] APVE
[01:47:38] [238/459] TCCL
[01:47:39] [239/459] SCMO
[01:47:40] [240/459] SAUM
[01:47:41] [241/459] KCJS
[01:47:41] [242/459] NJCJ
[01:47:42] [243/459] NECF
[01:47:43] [244/459] CCGW
[01:47:44] [245/459] CCMG
[01:47:45] [246/459] NYRG
[01:47:46] [247/459] NCSQ
[01:47:48] [248/459] GRCG
[01:47:49] [249/459] CCBT
[01:47:50] [250/459] ACGA
[01:47:50] [251/459] INAG
[01:47:51] [252/459] FUCG
[01:47:52] [253/459] AICF
[01:47:53] [254/459] GRGA
[01:47:54] [255/459] GDCN
[01:47:55] [256/459] RRCG
[01:47:55] [257/459] SDCH
[01:47:56] [258/459] WVJM
[01:47:57] [259/459] JCCZ
[01:47:58] [260/459] CNCL
[01:47:59] [261/459] TMLV
[01:47:59] [262/459] MEMB
[01:48:00] [263/459] SGTD
[01:48:01] [264/459] CONX
[01:48:02] [265/459] CCMH
[01:48:03] [266/459] ACMC
[01:48:04] [267/459] DTPD
[01:48:04] [268/459] POJA
[01:48:05] [269/459] FNBH
[01:48:06] [270/459] CGCB
[01:48:07] [271/459] RACN
[01:48:08] [272/459] JTSM
[01:48:09] [273/459] SCDN
[01:48:10] [274/459] AACK
[01:48:10] [275/459] RMCE
[01:48:11] [276/459] BSGB
[01:48:13] [277/459] MRCB
[01:48:14] [278/459] SRVR
[01:48:15] [279/459] VTKK
[01:48:15] [280/459] AMST
[01:48:16] [281/459] APCY
[01:48:17] [282/459] LMHO
[01:48:18] [283/459] MTZH
[01:48:19] [284/459] AMZB
[01:48:19] [285/459] SUVT
[01:48:21] [286/459] RCIP
[01:48:22] [287/459] KESR
[01:48:23] [288/459] SNKC
[01:48:24] [289/459] SCED
[01:48:24] [290/459] DVCA
[01:48:25] [291/459] VCDT
[01:48:26] [292/459] RRDI
[01:48:27] [293/459] DFCH
[01:48:28] [294/459] INSC
[01:48:29] [295/459] RGTR
[01:48:30] [296/459] FMOT
[01:48:30] [297/459] SCPM
[01:48:31] [298/459] GCDT
[01:48:32] [299/459] BRKT
[01:48:33] [300/459] DEMP
[01:48:35] [301/459] SRLC
[01:48:35] [302/459] KSTT
[01:48:36] [303/459] SMMT
[01:48:37] [304/459] SILM
[01:48:38] [305/459] JCVM
[01:48:39] [306/459] KCSV
[01:48:40] [307/459] MHLK
[01:48:42] [308/459] SLVL
[01:48:43] [309/459] RJKP
[01:48:44] [310/459] BBPC
[01:48:45] [311/459] MXCB
[01:48:46] [312/459] TCPK
[01:48:47] [313/459] RTBR
[01:48:48] [314/459] GAUT
[01:48:48] [315/459] DVCF
[01:48:49] [316/459] JTSB
[01:48:50] [317/459] SBLS
[01:48:51] [318/459] UDAY
[01:48:53] [319/459] PTNP
[01:48:53] [320/459] DMKT
[01:48:54] [321/459] NTDT
[01:48:55] [322/459] SHDJ
[01:48:56] [323/459] OTNC
[01:48:57] [324/459] RNTW
[01:48:58] [325/459] GCMI
[01:48:59] [326/459] CRCM
[01:49:00] [327/459] NNCZ
[01:49:01] [328/459] OEMO
[01:49:02] [329/459] PVJM
[01:49:03] [330/459] CPJI
[01:49:04] [331/459] RMCJ
[01:49:04] [332/459] CNWJ
[01:49:05] [333/459] EPJM
[01:49:06] [334/459] FNJJ
[01:49:07] [335/459] GCMJ
[01:49:07] [336/459] INPS
[01:49:08] [337/459] BICJ
[01:49:09] [338/459] ISTJ
[01:49:09] [339/459] INJC
[01:49:10] [340/459] GLXJ
[01:49:11] [341/459] INEM
[01:49:12] [342/459] JTMN
[01:49:14] [343/459] FRCJ
[01:49:15] [344/459] DDJP
[01:49:16] [345/459] INJV
[01:49:16] [346/459] GOLC
[01:49:17] [347/459] KOCI
[01:49:18] [348/459] FSTD
[01:49:20] [349/459] PACJ
[01:49:21] [350/459] GMCN
[01:49:22] [351/459] MMDJ
[01:49:23] [352/459] GODH
[01:49:24] [353/459] SKYN
[01:49:25] [354/459] NCTH
[01:49:26] [355/459] SKVZ
[01:49:27] [356/459] SVML
[01:49:27] [357/459] ACVZ
[01:49:28] [358/459] SURA
[01:49:29] [359/459] RTRB
[01:49:30] [360/459] LLCT
[01:49:31] [361/459] ATTS
[01:49:31] [362/459] JYCM
[01:49:32] [363/459] CTKR
[01:49:33] [364/459] LCKR
[01:49:34] [365/459] NYCV
[01:49:35] [366/459] NYOH
[01:49:36] [367/459] NOVX
[01:49:37] [368/459] MRGK
[01:49:38] [369/459] MOON
[01:49:39] [370/459] SBUC
[01:49:40] [371/459] GSVA
[01:49:40] [372/459] VIAK
[01:49:41] [373/459] SMVZ
[01:49:43] [374/459] MATE
[01:49:44] [375/459] RDCN
[01:49:44] [376/459] ASBL
[01:49:45] [377/459] ASVS
[01:49:46] [378/459] ASSR
[01:49:47] [379/459] SSKN
[01:49:48] [380/459] DRPV
[01:49:49] [381/459] MRHT
[01:49:49] [382/459] BSCN
[01:49:50] [383/459] RKNX
[01:49:51] [384/459] MSMC
[01:49:52] [385/459] MSCJ
[01:49:53] [386/459] BTBJ
[01:49:54] [387/459] MJCC
[01:49:55] [388/459] IOMM
[01:49:56] [389/459] ADGR
[01:49:57] [390/459] MYCP
[01:49:57] [391/459] IGCM
[01:49:58] [392/459] PGRK
[01:49:59] [393/459] VPGO
[01:50:00] [394/459] KOMS
[01:50:01] [395/459] URGG
[01:50:02] [396/459] GOST
[01:50:03] [397/459] LACT
[01:50:04] [398/459] BWCM
[01:50:04] [399/459] NCCW
[01:50:05] [400/459] SKYC
[01:50:06] [401/459] CCPM
[01:50:07] [402/459] VCBT
[01:50:08] [403/459] SDKR
[01:50:09] [404/459] CTYB
[01:50:09] [405/459] SHCX
[01:50:11] [406/459] RCUN
[01:50:12] [407/459] CNRA
[01:50:12] [408/459] RFCA
[01:50:13] [409/459] RDCU
[01:50:15] [410/459] SARK
[01:50:16] [411/459] SPPP
[01:50:17] [412/459] ADMB
[01:50:18] [413/459] JYOE
[01:50:19] [414/459] SRMD
[01:50:20] [415/459] RJDH
[01:50:21] [416/459] SSTD
[01:50:22] [417/459] AACV
[01:50:23] [418/459] PPVD
[01:50:24] [419/459] STCP
[01:50:26] [420/459] ANJR
[01:50:27] [421/459] ANLS
[01:50:28] [422/459] BIJO
[01:50:29] [423/459] AVAB
[01:50:29] [424/459] SPMD
[01:50:30] [425/459] SVJL
[01:50:31] [426/459] SDDJ
[01:50:31] [427/459] SLTU
[01:50:32] [428/459] SAKA
[01:50:33] [429/459] PMAM
[01:50:34] [430/459] FNAM
[01:50:35] [431/459] ACAM
[01:50:36] [432/459] SCMM
[01:50:37] [433/459] PMAK
[01:50:37] [434/459] NYSA
[01:50:39] [435/459] FCPA
[01:50:40] [436/459] GDAN
[01:50:40] [437/459] RSCA
[01:50:41] [438/459] DMAN
[01:50:42] [439/459] DZCM
[01:50:43] [440/459] NSGL
[01:50:44] [441/459] CCPP
[01:50:44] [442/459] PSMG
[01:50:45] [443/459] GSER
[01:50:46] [444/459] FCCT
[01:50:47] [445/459] FCTB
[01:50:48] [446/459] LCNK
[01:50:49] [447/459] SKTY
[01:50:50] [448/459] INAA
[01:50:51] [449/459] RCWN
[01:50:52] [450/459] VAIS
[01:50:52] [451/459] CVMN
[01:50:53] [452/459] INTS
[01:50:54] [453/459] FRGS
[01:50:55] [454/459] DTCK
[01:50:56] [455/459] MCMH
[01:50:56] [456/459] ECRR
[01:50:57] [457/459] RLLP
[01:50:58] [458/459] CCSN
[01:50:59] [459/459] CCBA
[01:51:00] ✅ DONE | Shows=0 | Movies=0
