[00:40:43] 🚀 BMS DAILY TRACKER STARTED
[00:40:43] [1/324] GCTA
[00:40:43] 🧠 New identity
[00:40:44] [2/324] TOPN
[00:40:45] [3/324] MCUS
[00:40:46] [4/324] SHRL
[00:40:47] [5/324] UPTP
[00:40:47] [6/324] TMMP
[00:40:48] [7/324] DNRP
[00:40:49] [8/324] SRLT
[00:40:50] [9/324] RCNS
[00:40:51] [10/324] DCBH
[00:40:51] [11/324] NAGJ
[00:40:53] [12/324] JVRC
[00:40:53] [13/324] KRJG
[00:40:54] [14/324] SRTJ
[00:40:55] [15/324] CMXM
[00:40:56] [16/324] STMI
[00:40:57] [17/324] SLST
[00:40:57] [18/324] DTCN
[00:40:58] [19/324] STYN
[00:40:59] [20/324] SZVR
[00:40:59] [21/324] SRKO
[00:41:00] [22/324] JTGT
[00:41:02] [23/324] SVFD
[00:41:03] [24/324] SISD
[00:41:04] [25/324] ABDD
[00:41:05] [26/324] DRCA
[00:41:06] [27/324] AVCS
[00:41:06] [28/324] MVKH
[00:41:07] [29/324] ACPR
[00:41:08] [30/324] STIP
[00:41:09] [31/324] MTRA
[00:41:09] [32/324] RMKH
[00:41:10] [33/324] NKRL
[00:41:11] [34/324] PCWN
[00:41:12] [35/324] BLMT
[00:41:13] [36/324] GDPG
[00:41:14] [37/324] SRMX
[00:41:15] [38/324] JACP
[00:41:16] [39/324] CPSH
[00:41:17] [40/324] MCCD
[00:41:18] [41/324] ECGH
[00:41:18] [42/324] MKCK
[00:41:19] [43/324] SRMM
[00:41:20] [44/324] SKYR
[00:41:21] [45/324] PCKC
[00:41:22] [46/324] JCMA
[00:41:23] [47/324] BSMP
[00:41:23] [48/324] VSPA
[00:41:24] [49/324] DJYA
[00:41:25] [50/324] DIMP
[00:41:26] [51/324] FXDR
[00:41:27] [52/324] SSRC
[00:41:28] [53/324] STHP
[00:41:28] [54/324] CPPD
[00:41:29] [55/324] FCLK
[00:41:30] [56/324] SCPP
[00:41:31] [57/324] DCMJ
[00:41:32] [58/324] RCCR
[00:41:32] [59/324] INMT
[00:41:33] [60/324] LXTK
[00:41:34] [61/324] SRYK
[00:41:35] [62/324] SGDK
[00:41:35] [63/324] PPKA
[00:41:36] [64/324] SPKA
[00:41:37] [65/324] CGHH
[00:41:39] [66/324] DCJN
[00:41:39] [67/324] SRKV
[00:41:40] [68/324] SAJC
[00:41:41] [69/324] SUSR
[00:41:42] [70/324] STYG
[00:41:43] [71/324] NTKP
[00:41:44] [72/324] AKTG
[00:41:45] [73/324] CGCM
[00:41:46] [74/324] TULC
[00:41:46] [75/324] NYYZ
[00:41:48] [76/324] NYBW
[00:41:49] [77/324] MACB
[00:41:50] [78/324] SLVT
[00:41:51] [79/324] SANA
[00:41:52] [80/324] ACMR
[00:41:53] [81/324] CPKN
[00:41:54] [82/324] DLGK
[00:41:54] [83/324] CWCK
[00:41:55] [84/324] FDDH
[00:41:56] [85/324] MMMD
[00:41:57] [86/324] CMEH
[00:41:58] [87/324] GGGV
[00:41:59] [88/324] SPJL
[00:42:00] [89/324] RCCD
[00:42:00] [90/324] STTZ
[00:42:01] [91/324] BTCF
[00:42:02] [92/324] TSTZ
[00:42:03] [93/324] IPMM
[00:42:03] [94/324] PMPW
[00:42:04] [95/324] PCMZ
[00:42:05] [96/324] ESEM
[00:42:06] [97/324] PIPO
[00:42:07] [98/324] MATK
[00:42:08] [99/324] PGHM
[00:42:09] [100/324] CTSR
[00:42:10] [101/324] CYKR
[00:42:11] [102/324] MSCM
[00:42:11] [103/324] RFNP
[00:42:13] [104/324] PDCP
[00:42:14] [105/324] NPSE
[00:42:14] [106/324] MKML
[00:42:15] [107/324] FTDP
[00:42:16] [108/324] MMXA
[00:42:17] [109/324] CEPO
[00:42:18] [110/324] CMVP
[00:42:18] [111/324] SGTH
[00:42:19] [112/324] SAYN
[00:42:20] [113/324] URVS
[00:42:21] [114/324] VJTN
[00:42:22] [115/324] BBYK
[00:42:23] [116/324] SHBO
[00:42:24] [117/324] VCMR
[00:42:24] [118/324] MACT
[00:42:25] [119/324] JMNP
[00:42:26] [120/324] VICS
[00:42:26] [121/324] VCDA
[00:42:27] [122/324] GCMM
[00:42:29] [123/324] INVS
[00:42:31] [124/324] SCGM
[00:42:32] [125/324] PCDA
[00:42:32] [126/324] KDCT
[00:42:33] [127/324] JACS
[00:42:34] [128/324] GMMC
[00:42:35] [129/324] AICM
[00:42:36] [130/324] TJCM
[00:42:36] [131/324] RMTI
[00:42:37] [132/324] SHAC
[00:42:38] [133/324] APJC
[00:42:39] [134/324] GCTG
[00:42:40] [135/324] SSMC
[00:42:40] [136/324] THRM
[00:42:41] [137/324] RBCT
[00:42:42] [138/324] DIKT
[00:42:43] [139/324] MIDL
[00:42:44] [140/324] VCSN
[00:42:44] [141/324] SKTG
[00:42:45] [142/324] SMWC
[00:42:46] [143/324] MNKH
[00:42:47] [144/324] PIAT
[00:42:48] [145/324] LTTP
[00:42:49] [146/324] PTPU
[00:42:49] [147/324] ACMG
[00:42:50] [148/324] SHMM
[00:42:51] [149/324] MCMN
[00:42:52] [150/324] GLDC
[00:42:53] [151/324] HOUT
[00:42:53] [152/324] SVRP
[00:42:54] [153/324] PVDN
[00:42:55] [154/324] SCPY
[00:42:56] [155/324] DTPY
[00:42:56] [156/324] GKCS
[00:42:58] [157/324] NCAM
[00:42:59] [158/324] BSRM
[00:43:00] [159/324] RCLC
[00:43:01] [160/324] SKKD
[00:43:01] [161/324] ACHU
[00:43:02] [162/324] RSCF
[00:43:04] [163/324] IMSH
[00:43:04] [164/324] MACX
[00:43:05] [165/324] HMMW
[00:43:07] [166/324] JTCP
[00:43:07] [167/324] SREN
[00:43:08] [168/324] PJRR
[00:43:09] [169/324] INAC
[00:43:10] [170/324] BMCA
[00:43:11] [171/324] SHCB
[00:43:12] [172/324] GABA
[00:43:12] [173/324] SBCT
[00:43:13] [174/324] GCMA
[00:43:14] [175/324] MYTK
[00:43:14] [176/324] INZS
[00:43:16] [177/324] RMIK
[00:43:17] [178/324] NYCH
[00:43:18] [179/324] RAVE
[00:43:18] [180/324] PSXM
[00:43:19] [181/324] MCGP
[00:43:20] [182/324] PDDK
[00:43:21] [183/324] SPCK
[00:43:21] [184/324] MCRL
[00:43:22] [185/324] MHKT
[00:43:23] [186/324] ANRR
[00:43:24] [187/324] SAPK
[00:43:25] [188/324] NCUK
[00:43:26] [189/324] JUGA
[00:43:26] [190/324] DBSC
[00:43:27] [191/324] LALK
[00:43:28] [192/324] GUCK
[00:43:29] [193/324] STSG
[00:43:30] [194/324] PPPZ
[00:43:30] [195/324] CNCY
[00:43:31] [196/324] MTAR
[00:43:32] [197/324] VNKD
[00:43:34] [198/324] KMAJ
[00:43:34] [199/324] ACXK
[00:43:35] [200/324] UTKC
[00:43:36] [201/324] PBLK
[00:43:37] [202/324] ACBX
[00:43:38] [203/324] PTGM
[00:43:38] [204/324] BTDA
[00:43:39] [205/324] PJMB
[00:43:40] [206/324] TPDA
[00:43:40] [207/324] AMOE
[00:43:42] [208/324] PRHT
[00:43:44] [209/324] PRTA
[00:43:44] [210/324] STAM
[00:43:45] [211/324] MSAA
[00:43:46] [212/324] SDLU
[00:43:47] [213/324] RCHH
[00:43:48] [214/324] KANT
[00:43:49] [215/324] FCRT
[00:43:49] [216/324] DNKM
[00:43:50] [217/324] RYCP
[00:43:51] [218/324] MYRP
[00:43:52] [219/324] PPAK
[00:43:53] [220/324] NVPK
[00:43:54] [221/324] PRMC
[00:43:55] [222/324] JBCS
[00:43:56] [223/324] GXCK
[00:43:57] [224/324] USKO
[00:43:58] [225/324] GTEM
[00:43:58] [226/324] SMBU
[00:43:59] [227/324] VETC
[00:44:00] [228/324] LCDA
[00:44:01] [229/324] MTVT
[00:44:02] [230/324] PYCP
[00:44:03] [231/324] PNSC
[00:44:04] [232/324] PPCC
[00:44:05] [233/324] TGRT
[00:44:06] [234/324] JYOT
[00:44:07] [235/324] SRCZ
[00:44:07] [236/324] SJTE
[00:44:08] [237/324] DESC
[00:44:09] [238/324] JHVN
[00:44:10] [239/324] IPSG
[00:44:11] [240/324] IPCM
[00:44:11] [241/324] PDRS
[00:44:12] [242/324] ANCV
[00:44:13] [243/324] CMVV
[00:44:14] [244/324] SHYP
[00:44:14] [245/324] DNCS
[00:44:15] [246/324] GAJK
[00:44:16] [247/324] AKTN
[00:44:18] [248/324] KAYA
[00:44:18] [249/324] SBRC
[00:44:19] [250/324] CHTP
[00:44:20] [251/324] SHRT
[00:44:21] [252/324] BCKU
[00:44:22] [253/324] FCPS
[00:44:24] [254/324] ARDD
[00:44:25] [255/324] CPCM
[00:44:26] [256/324] CGSM
[00:44:26] [257/324] PSMP
[00:44:27] [258/324] SDAL
[00:44:28] [259/324] RTNB
[00:44:29] [260/324] LMCR
[00:44:30] [261/324] CIMA
[00:44:31] [262/324] RNAS
[00:44:32] [263/324] LITH
[00:44:34] [264/324] PBOX
[00:44:34] [265/324] FRTS
[00:44:35] [266/324] RKIC
[00:44:36] [267/324] PTAI
[00:44:37] [268/324] GCIC
[00:44:38] [269/324] FNAS
[00:44:38] [270/324] SCAR
[00:44:39] [271/324] MTCA
[00:44:40] [272/324] SCTS
[00:44:41] [273/324] SYCS
[00:44:42] [274/324] RDMS
[00:44:43] [275/324] KAMP
[00:44:44] [276/324] ERSD
[00:44:45] [277/324] MJMJ
[00:44:46] [278/324] SRCJ
[00:44:46] [279/324] SCXE
[00:44:47] [280/324] SVFR
[00:44:48] [281/324] BHCS
[00:44:49] [282/324] IMCC
[00:44:50] [283/324] PCBO
[00:44:51] [284/324] PRVN
[00:44:51] [285/324] AUPM
[00:44:52] [286/324] INBW
[00:44:53] [287/324] SVCW
[00:44:54] [288/324] RKCF
[00:44:55] [289/324] UVBH
[00:44:56] [290/324] DNCY
[00:44:57] [291/324] ABCN
[00:44:57] [292/324] PRUR
[00:44:58] [293/324] PFMR
[00:44:59] [294/324] RKCN
[00:45:01] [295/324] CFEA
[00:45:02] [296/324] SDBG
[00:45:03] [297/324] SNAR
[00:45:04] [298/324] YISI
[00:45:05] [299/324] JCFF
[00:45:05] [300/324] VTRK
[00:45:07] [301/324] PCLZ
[00:45:08] [302/324] DIMY
[00:45:09] [303/324] BBTS
[00:45:10] [304/324] GATH
[00:45:10] [305/324] GTMN
[00:45:11] [306/324] VTMH
[00:45:12] [307/324] CCKP
[00:45:12] [308/324] GPKA
[00:45:14] [309/324] MHCL
[00:45:15] [310/324] ATCL
[00:45:15] [311/324] SBCK
[00:45:16] [312/324] AMMR
[00:45:17] [313/324] MADC
[00:45:18] [314/324] TMMA
[00:45:19] [315/324] CACC
[00:45:20] [316/324] CHAL
[00:45:21] [317/324] DURG
[00:45:21] [318/324] GMKU
[00:45:22] [319/324] GECA
[00:45:23] [320/324] KYRR
[00:45:24] [321/324] KSDE
[00:45:25] [322/324] LMCI
[00:45:26] [323/324] NKCP
[00:45:26] [324/324] BGTC
[00:45:27] ✅ DONE | Shows=0 | Movies=0
[01:44:01] 🚀 BMS DAILY TRACKER STARTED
[01:44:01] [1/324] GCTA
[01:44:01] 🧠 New identity
[01:44:02] [2/324] TOPN
[01:44:03] [3/324] MCUS
[01:44:04] [4/324] SHRL
[01:44:05] [5/324] UPTP
[01:44:07] [6/324] TMMP
[01:44:08] [7/324] DNRP
[01:44:09] [8/324] SRLT
[01:44:10] [9/324] RCNS
[01:44:11] [10/324] DCBH
[01:44:12] [11/324] NAGJ
[01:44:13] [12/324] JVRC
[01:44:13] [13/324] KRJG
[01:44:14] [14/324] SRTJ
[01:44:15] [15/324] CMXM
[01:44:16] [16/324] STMI
[01:44:17] [17/324] SLST
[01:44:18] [18/324] DTCN
[01:44:19] [19/324] STYN
[01:44:20] [20/324] SZVR
[01:44:21] [21/324] SRKO
[01:44:22] [22/324] JTGT
[01:44:23] [23/324] SVFD
[01:44:23] [24/324] SISD
[01:44:24] [25/324] ABDD
[01:44:25] [26/324] DRCA
[01:44:26] [27/324] AVCS
[01:44:27] [28/324] MVKH
[01:44:28] [29/324] ACPR
[01:44:28] [30/324] STIP
[01:44:29] [31/324] MTRA
[01:44:30] [32/324] RMKH
[01:44:31] [33/324] NKRL
[01:44:32] [34/324] PCWN
[01:44:32] [35/324] BLMT
[01:44:33] [36/324] GDPG
[01:44:34] [37/324] SRMX
[01:44:35] [38/324] JACP
[01:44:36] [39/324] CPSH
[01:44:38] [40/324] MCCD
[01:44:38] [41/324] ECGH
[01:44:39] [42/324] MKCK
[01:44:40] [43/324] SRMM
[01:44:41] [44/324] SKYR
[01:44:42] [45/324] PCKC
[01:44:44] [46/324] JCMA
[01:44:44] [47/324] BSMP
[01:44:46] [48/324] VSPA
[01:44:46] [49/324] DJYA
[01:44:47] [50/324] DIMP
[01:44:48] [51/324] FXDR
[01:44:49] [52/324] SSRC
[01:44:50] [53/324] STHP
[01:44:51] [54/324] CPPD
[01:44:51] [55/324] FCLK
[01:44:52] [56/324] SCPP
[01:44:53] [57/324] DCMJ
[01:44:54] [58/324] RCCR
[01:44:55] [59/324] INMT
[01:44:55] [60/324] LXTK
[01:44:57] [61/324] SRYK
[01:44:58] [62/324] SGDK
[01:44:59] [63/324] PPKA
[01:44:59] [64/324] SPKA
[01:45:00] [65/324] CGHH
[01:45:01] [66/324] DCJN
[01:45:02] [67/324] SRKV
[01:45:03] [68/324] SAJC
[01:45:04] [69/324] SUSR
[01:45:05] [70/324] STYG
[01:45:06] [71/324] NTKP
[01:45:07] [72/324] AKTG
[01:45:08] [73/324] CGCM
[01:45:08] [74/324] TULC
[01:45:09] [75/324] NYYZ
[01:45:10] [76/324] NYBW
[01:45:11] [77/324] MACB
[01:45:12] [78/324] SLVT
[01:45:13] [79/324] SANA
[01:45:14] [80/324] ACMR
[01:45:14] [81/324] CPKN
[01:45:15] [82/324] DLGK
[01:45:16] [83/324] CWCK
[01:45:17] [84/324] FDDH
[01:45:19] [85/324] MMMD
[01:45:19] [86/324] CMEH
[01:45:21] [87/324] GGGV
[01:45:22] [88/324] SPJL
[01:45:23] [89/324] RCCD
[01:45:24] [90/324] STTZ
[01:45:24] [91/324] BTCF
[01:45:26] [92/324] TSTZ
[01:45:27] [93/324] IPMM
[01:45:28] [94/324] PMPW
[01:45:29] [95/324] PCMZ
[01:45:30] [96/324] ESEM
[01:45:31] [97/324] PIPO
[01:45:31] [98/324] MATK
[01:45:32] [99/324] PGHM
[01:45:33] [100/324] CTSR
[01:45:34] [101/324] CYKR
[01:45:34] [102/324] MSCM
[01:45:35] [103/324] RFNP
[01:45:36] [104/324] PDCP
[01:45:37] [105/324] NPSE
[01:45:38] [106/324] MKML
[01:45:39] [107/324] FTDP
[01:45:40] [108/324] MMXA
[01:45:40] [109/324] CEPO
[01:45:41] [110/324] CMVP
[01:45:43] [111/324] SGTH
[01:45:44] [112/324] SAYN
[01:45:45] [113/324] URVS
[01:45:47] [114/324] VJTN
[01:45:48] [115/324] BBYK
[01:45:49] [116/324] SHBO
[01:45:50] [117/324] VCMR
[01:45:51] [118/324] MACT
[01:45:52] [119/324] JMNP
[01:45:53] [120/324] VICS
[01:45:54] [121/324] VCDA
[01:45:55] [122/324] GCMM
[01:45:55] [123/324] INVS
[01:45:56] [124/324] SCGM
[01:45:57] [125/324] PCDA
[01:45:58] [126/324] KDCT
[01:45:59] [127/324] JACS
[01:45:59] [128/324] GMMC
[01:46:00] [129/324] AICM
[01:46:01] [130/324] TJCM
[01:46:02] [131/324] RMTI
[01:46:03] [132/324] SHAC
[01:46:05] [133/324] APJC
[01:46:06] [134/324] GCTG
[01:46:07] [135/324] SSMC
[01:46:08] [136/324] THRM
[01:46:09] [137/324] RBCT
[01:46:09] [138/324] DIKT
[01:46:10] [139/324] MIDL
[01:46:11] [140/324] VCSN
[01:46:12] [141/324] SKTG
[01:46:13] [142/324] SMWC
[01:46:14] [143/324] MNKH
[01:46:14] [144/324] PIAT
[01:46:15] [145/324] LTTP
[01:46:16] [146/324] PTPU
[01:46:17] [147/324] ACMG
[01:46:18] [148/324] SHMM
[01:46:19] [149/324] MCMN
[01:46:20] [150/324] GLDC
[01:46:20] [151/324] HOUT
[01:46:21] [152/324] SVRP
[01:46:22] [153/324] PVDN
[01:46:23] [154/324] SCPY
[01:46:23] [155/324] DTPY
[01:46:24] [156/324] GKCS
[01:46:25] [157/324] NCAM
[01:46:26] [158/324] BSRM
[01:46:27] [159/324] RCLC
[01:46:27] [160/324] SKKD
[01:46:28] [161/324] ACHU
[01:46:29] [162/324] RSCF
[01:46:30] [163/324] IMSH
[01:46:31] [164/324] MACX
[01:46:31] [165/324] HMMW
[01:46:32] [166/324] JTCP
[01:46:34] [167/324] SREN
[01:46:35] [168/324] PJRR
[01:46:36] [169/324] INAC
[01:46:37] [170/324] BMCA
[01:46:38] [171/324] SHCB
[01:46:39] [172/324] GABA
[01:46:40] [173/324] SBCT
[01:46:41] [174/324] GCMA
[01:46:42] [175/324] MYTK
[01:46:42] [176/324] INZS
[01:46:43] [177/324] RMIK
[01:46:44] [178/324] NYCH
[01:46:45] [179/324] RAVE
[01:46:46] [180/324] PSXM
[01:46:46] [181/324] MCGP
[01:46:47] [182/324] PDDK
[01:46:48] [183/324] SPCK
[01:46:49] [184/324] MCRL
[01:46:50] [185/324] MHKT
[01:46:51] [186/324] ANRR
[01:46:51] [187/324] SAPK
[01:46:52] [188/324] NCUK
[01:46:53] [189/324] JUGA
[01:46:54] [190/324] DBSC
[01:46:54] [191/324] LALK
[01:46:55] [192/324] GUCK
[01:46:56] [193/324] STSG
[01:46:57] [194/324] PPPZ
[01:46:58] [195/324] CNCY
[01:46:58] [196/324] MTAR
[01:46:59] [197/324] VNKD
[01:47:00] [198/324] KMAJ
[01:47:01] [199/324] ACXK
[01:47:02] [200/324] UTKC
[01:47:03] [201/324] PBLK
[01:47:03] [202/324] ACBX
[01:47:04] [203/324] PTGM
[01:47:05] [204/324] BTDA
[01:47:06] [205/324] PJMB
[01:47:06] [206/324] TPDA
[01:47:07] [207/324] AMOE
[01:47:08] [208/324] PRHT
[01:47:09] [209/324] PRTA
[01:47:10] [210/324] STAM
[01:47:11] [211/324] MSAA
[01:47:13] [212/324] SDLU
[01:47:13] [213/324] RCHH
[01:47:14] [214/324] KANT
[01:47:15] [215/324] FCRT
[01:47:16] [216/324] DNKM
[01:47:16] [217/324] RYCP
[01:47:17] [218/324] MYRP
[01:47:18] [219/324] PPAK
[01:47:19] [220/324] NVPK
[01:47:19] [221/324] PRMC
[01:47:20] [222/324] JBCS
[01:47:21] [223/324] GXCK
[01:47:22] [224/324] USKO
[01:47:23] [225/324] GTEM
[01:47:24] [226/324] SMBU
[01:47:25] [227/324] VETC
[01:47:25] [228/324] LCDA
[01:47:26] [229/324] MTVT
[01:47:27] [230/324] PYCP
[01:47:28] [231/324] PNSC
[01:47:29] [232/324] PPCC
[01:47:30] [233/324] TGRT
[01:47:31] [234/324] JYOT
[01:47:32] [235/324] SRCZ
[01:47:33] [236/324] SJTE
[01:47:34] [237/324] DESC
[01:47:35] [238/324] JHVN
[01:47:36] [239/324] IPSG
[01:47:37] [240/324] IPCM
[01:47:38] [241/324] PDRS
[01:47:39] [242/324] ANCV
[01:47:40] [243/324] CMVV
[01:47:40] [244/324] SHYP
[01:47:41] [245/324] DNCS
[01:47:42] [246/324] GAJK
[01:47:43] [247/324] AKTN
[01:47:43] [248/324] KAYA
[01:47:44] [249/324] SBRC
[01:47:45] [250/324] CHTP
[01:47:46] [251/324] SHRT
[01:47:47] [252/324] BCKU
[01:47:48] [253/324] FCPS
[01:47:48] [254/324] ARDD
[01:47:49] [255/324] CPCM
[01:47:51] [256/324] CGSM
[01:47:51] [257/324] PSMP
[01:47:52] [258/324] SDAL
[01:47:53] [259/324] RTNB
[01:47:55] [260/324] LMCR
[01:47:55] [261/324] CIMA
[01:47:57] [262/324] RNAS
[01:47:57] [263/324] LITH
[01:47:58] [264/324] PBOX
[01:47:59] [265/324] FRTS
[01:48:00] [266/324] RKIC
[01:48:01] [267/324] PTAI
[01:48:02] [268/324] GCIC
[01:48:04] [269/324] FNAS
[01:48:05] [270/324] SCAR
[01:48:06] [271/324] MTCA
[01:48:07] [272/324] SCTS
[01:48:07] [273/324] SYCS
[01:48:08] [274/324] RDMS
[01:48:09] [275/324] KAMP
[01:48:10] [276/324] ERSD
[01:48:11] [277/324] MJMJ
[01:48:11] [278/324] SRCJ
[01:48:12] [279/324] SCXE
[01:48:13] [280/324] SVFR
[01:48:15] [281/324] BHCS
[01:48:15] [282/324] IMCC
[01:48:16] [283/324] PCBO
[01:48:17] [284/324] PRVN
[01:48:18] [285/324] AUPM
[01:48:19] [286/324] INBW
[01:48:20] [287/324] SVCW
[01:48:21] [288/324] RKCF
[01:48:22] [289/324] UVBH
[01:48:23] [290/324] DNCY
[01:48:24] [291/324] ABCN
[01:48:24] [292/324] PRUR
[01:48:25] [293/324] PFMR
[01:48:26] [294/324] RKCN
[01:48:27] [295/324] CFEA
[01:48:28] [296/324] SDBG
[01:48:29] [297/324] SNAR
[01:48:30] [298/324] YISI
[01:48:31] [299/324] JCFF
[01:48:32] [300/324] VTRK
[01:48:33] [301/324] PCLZ
[01:48:34] [302/324] DIMY
[01:48:35] [303/324] BBTS
[01:48:35] [304/324] GATH
[01:48:36] [305/324] GTMN
[01:48:37] [306/324] VTMH
[01:48:38] [307/324] CCKP
[01:48:39] [308/324] GPKA
[01:48:41] [309/324] MHCL
[01:48:42] [310/324] ATCL
[01:48:43] [311/324] SBCK
[01:48:44] [312/324] AMMR
[01:48:45] [313/324] MADC
[01:48:46] [314/324] TMMA
[01:48:47] [315/324] CACC
[01:48:48] [316/324] CHAL
[01:48:48] [317/324] DURG
[01:48:49] [318/324] GMKU
[01:48:50] [319/324] GECA
[01:48:51] [320/324] KYRR
[01:48:52] [321/324] KSDE
[01:48:53] [322/324] LMCI
[01:48:54] [323/324] NKCP
[01:48:55] [324/324] BGTC
[01:48:56] ✅ DONE | Shows=0 | Movies=0
