[00:40:48] 🚀 BMS DAILY TRACKER STARTED
[00:40:48] [1/459] NECA
[00:40:48] 🧠 New identity
[00:40:49] [2/459] BJLC
[00:40:49] [3/459] BASU
[00:40:51] [4/459] RUPI
[00:40:52] [5/459] LCBK
[00:40:53] [6/459] PMAC
[00:40:54] [7/459] AMLC
[00:40:55] [8/459] LICL
[00:40:55] [9/459] UDMM
[00:40:56] [10/459] STBZ
[00:40:57] [11/459] UUBT
[00:40:58] [12/459] SJKC
[00:40:58] [13/459] TUAL
[00:40:59] [14/459] MRSE
[00:41:00] [15/459] RMRK
[00:41:01] [16/459] TTKP
[00:41:02] [17/459] KTKO
[00:41:03] [18/459] SDBK
[00:41:04] [19/459] MCPR
[00:41:04] [20/459] CHTI
[00:41:05] [21/459] GCCP
[00:41:07] [22/459] SRMY
[00:41:07] [23/459] NYST
[00:41:08] [24/459] NYAG
[00:41:09] [25/459] SBMT
[00:41:10] [26/459] INGA
[00:41:11] [27/459] WSIC
[00:41:12] [28/459] SCSS
[00:41:13] [29/459] COPG
[00:41:13] [30/459] RCGR
[00:41:14] [31/459] TCZA
[00:41:15] [32/459] CNLP
[00:41:16] [33/459] CLKN
[00:41:16] [34/459] LHDF
[00:41:17] [35/459] ELKC
[00:41:18] [36/459] VCEM
[00:41:19] [37/459] SSZA
[00:41:20] [38/459] KRMT
[00:41:20] [39/459] LCMV
[00:41:21] [40/459] AYCZ
[00:41:22] [41/459] CUMS
[00:41:23] [42/459] BOCK
[00:41:25] [43/459] PNMR
[00:41:26] [44/459] PJCP
[00:41:26] [45/459] JDDD
[00:41:27] [46/459] STMS
[00:41:28] [47/459] FLMB
[00:41:28] [48/459] PKCM
[00:41:29] [49/459] SPPR
[00:41:30] [50/459] EYLH
[00:41:31] [51/459] RJCC
[00:41:32] [52/459] MMPS
[00:41:33] [53/459] SHMX
[00:41:34] [54/459] CCNL
[00:41:35] [55/459] RCNV
[00:41:36] [56/459] MAAG
[00:41:36] [57/459] LXCM
[00:41:38] [58/459] RCNI
[00:41:39] [59/459] SNNI
[00:41:41] [60/459] LALC
[00:41:42] [61/459] SOCN
[00:41:43] [62/459] JHTP
[00:41:43] [63/459] PITP
[00:41:44] [64/459] CCKW
[00:41:45] [65/459] MCMC
[00:41:46] [66/459] DEES
[00:41:47] [67/459] SABT
[00:41:48] [68/459] VSPP
[00:41:49] [69/459] ABCT
[00:41:49] [70/459] JVTB
[00:41:50] [71/459] VCBD
[00:41:51] [72/459] RMGG
[00:41:51] [73/459] RNMH
[00:41:52] [74/459] SPGL
[00:41:53] [75/459] JTTR
[00:41:54] [76/459] SICS
[00:41:55] [77/459] SRMI
[00:41:56] [78/459] SSIJ
[00:41:57] [79/459] KFMT
[00:41:58] [80/459] VBIT
[00:41:59] [81/459] JKCT
[00:42:00] [82/459] GCGP
[00:42:00] [83/459] GDCS
[00:42:01] [84/459] TRBA
[00:42:02] [85/459] QUST
[00:42:03] [86/459] VSHM
[00:42:04] [87/459] SDCP
[00:42:04] [88/459] SNVS
[00:42:05] [89/459] NYTO
[00:42:06] [90/459] URWC
[00:42:07] [91/459] GTWH
[00:42:08] [92/459] PFCM
[00:42:08] [93/459] KRTA
[00:42:10] [94/459] AXMC
[00:42:11] [95/459] EVMC
[00:42:12] [96/459] HGSM
[00:42:13] [97/459] ACVM
[00:42:14] [98/459] PSKL
[00:42:15] [99/459] RDMP
[00:42:15] [100/459] RHGH
[00:42:17] [101/459] OMCM
[00:42:18] [102/459] DCCP
[00:42:19] [103/459] MCPB
[00:42:20] [104/459] ALCI
[00:42:21] [105/459] BLMX
[00:42:22] [106/459] BTMV
[00:42:23] [107/459] FVPN
[00:42:24] [108/459] CMAR
[00:42:25] [109/459] CEIM
[00:42:26] [110/459] CMVA
[00:42:27] [111/459] CPIV
[00:42:27] [112/459] CNPE
[00:42:28] [113/459] COLV
[00:42:29] [114/459] DNNV
[00:42:30] [115/459] HCAD
[00:42:31] [116/459] TAKA
[00:42:32] [117/459] INVD
[00:42:33] [118/459] IRMM
[00:42:33] [119/459] INSE
[00:42:34] [120/459] MRSW
[00:42:35] [121/459] MCVD
[00:42:36] [122/459] MCSO
[00:42:37] [123/459] PEVM
[00:42:38] [124/459] PVNL
[00:42:39] [125/459] PTCV
[00:42:40] [126/459] PRTC
[00:42:40] [127/459] RCVA
[00:42:41] [128/459] MTBN
[00:42:42] [129/459] LUCP
[00:42:43] [130/459] FMPT
[00:42:44] [131/459] JLSL
[00:42:45] [132/459] SBHA
[00:42:46] [133/459] SHRC
[00:42:47] [134/459] AVPS
[00:42:48] [135/459] STPM
[00:42:48] [136/459] ATRD
[00:42:49] [137/459] VTED
[00:42:50] [138/459] ACAI
[00:42:51] [139/459] SMAE
[00:42:52] [140/459] VMAT
[00:42:53] [141/459] LKCT
[00:42:53] [142/459] JTVK
[00:42:54] [143/459] PRTY
[00:42:55] [144/459] GETT
[00:42:56] [145/459] ESAP
[00:42:56] [146/459] NCPM
[00:42:58] [147/459] PCPA
[00:42:59] [148/459] MMOM
[00:43:00] [149/459] PHUP
[00:43:01] [150/459] CCPI
[00:43:01] [151/459] CNTD
[00:43:03] [152/459] NLJR
[00:43:04] [153/459] SRNG
[00:43:05] [154/459] MHAL
[00:43:06] [155/459] PNSM
[00:43:06] [156/459] DRMY
[00:43:08] [157/459] CCMU
[00:43:09] [158/459] SCMY
[00:43:09] [159/459] PVSY
[00:43:10] [160/459] SDLM
[00:43:11] [161/459] ICCM
[00:43:12] [162/459] PYSU
[00:43:13] [163/459] GATM
[00:43:13] [164/459] WOTM
[00:43:14] [165/459] RKTS
[00:43:15] [166/459] PMTY
[00:43:16] [167/459] LYMS
[00:43:17] [168/459] TGCA
[00:43:17] [169/459] DSTA
[00:43:18] [170/459] CNGE
[00:43:19] [171/459] VSTG
[00:43:20] [172/459] GTCK
[00:43:21] [173/459] TGNT
[00:43:22] [174/459] ASLC
[00:43:23] [175/459] SSST
[00:43:24] [176/459] KBTT
[00:43:25] [177/459] HKCP
[00:43:26] [178/459] SWLC
[00:43:27] [179/459] RTND
[00:43:27] [180/459] PKKT
[00:43:28] [181/459] HSTK
[00:43:30] [182/459] SPTT
[00:43:31] [183/459] IMPM
[00:43:32] [184/459] SCMV
[00:43:32] [185/459] SPCT
[00:43:33] [186/459] JBCA
[00:43:34] [187/459] ATTR
[00:43:35] [188/459] SPMT
[00:43:36] [189/459] LCTM
[00:43:37] [190/459] SCVL
[00:43:38] [191/459] SCVT
[00:43:39] [192/459] KRIC
[00:43:40] [193/459] CTMG
[00:43:41] [194/459] ACNC
[00:43:43] [195/459] DMCK
[00:43:44] [196/459] KMTV
[00:43:44] [197/459] PFCJ
[00:43:45] [198/459] VNMD
[00:43:46] [199/459] VPCZ
[00:43:47] [200/459] SRYR
[00:43:48] [201/459] SYTR
[00:43:49] [202/459] GATR
[00:43:49] [203/459] URTR
[00:43:50] [204/459] MKSM
[00:43:51] [205/459] VSMH
[00:43:52] [206/459] SKRJ
[00:43:54] [207/459] SSJR
[00:43:55] [208/459] SVSM
[00:43:55] [209/459] RUCM
[00:43:56] [210/459] PRKN
[00:43:57] [211/459] RROH
[00:43:58] [212/459] SCTN
[00:43:59] [213/459] RTDM
[00:44:00] [214/459] ASRM
[00:44:01] [215/459] SKMD
[00:44:02] [216/459] SUTD
[00:44:03] [217/459] SADM
[00:44:04] [218/459] WCNR
[00:44:06] [219/459] CNED
[00:44:06] [220/459] MPDB
[00:44:07] [221/459] KTBH
[00:44:08] [222/459] IDRM
[00:44:09] [223/459] PJJT
[00:44:10] [224/459] PFCV
[00:44:11] [225/459] AACT
[00:44:11] [226/459] AAAD
[00:44:12] [227/459] ANES
[00:44:13] [228/459] MNCA
[00:44:14] [229/459] RMGU
[00:44:15] [230/459] DLCN
[00:44:15] [231/459] LJWT
[00:44:17] [232/459] MCBG
[00:44:18] [233/459] MYBG
[00:44:19] [234/459] GCCA
[00:44:20] [235/459] GCGA
[00:44:21] [236/459] ECGN
[00:44:22] [237/459] PRAB
[00:44:23] [238/459] PNMP
[00:44:25] [239/459] GCPT
[00:44:25] [240/459] ROYN
[00:44:27] [241/459] VATM
[00:44:28] [242/459] KSNT
[00:44:29] [243/459] ACTC
[00:44:29] [244/459] PLTD
[00:44:30] [245/459] SKMK
[00:44:31] [246/459] CMTT
[00:44:32] [247/459] SMXP
[00:44:33] [248/459] SCMX
[00:44:34] [249/459] ACXN
[00:44:35] [250/459] ASWT
[00:44:35] [251/459] VVVL
[00:44:37] [252/459] NAGO
[00:44:38] [253/459] SNCN
[00:44:39] [254/459] MCKP
[00:44:40] [255/459] SAMO
[00:44:40] [256/459] JBTV
[00:44:41] [257/459] DCVV
[00:44:42] [258/459] KMSV
[00:44:43] [259/459] KDCN
[00:44:44] [260/459] CNCP
[00:44:45] [261/459] HAMC
[00:44:46] [262/459] CCVZ
[00:44:47] [263/459] NCCK
[00:44:47] [264/459] MCHR
[00:44:48] [265/459] SCHT
[00:44:49] [266/459] ESSH
[00:44:50] [267/459] CUJC
[00:44:51] [268/459] PECP
[00:44:51] [269/459] PMMI
[00:44:53] [270/459] PCCH
[00:44:54] [271/459] PRPM
[00:44:54] [272/459] PVKL
[00:44:55] [273/459] CBSM
[00:44:56] [274/459] PVCZ
[00:44:57] [275/459] PCVV
[00:44:57] [276/459] CTMJ
[00:44:58] [277/459] RCPS
[00:44:59] [278/459] PCIT
[00:45:00] [279/459] FNCH
[00:45:01] [280/459] INZD
[00:45:01] [281/459] INPC
[00:45:03] [282/459] LCZP
[00:45:04] [283/459] SMCB
[00:45:05] [284/459] PTSB
[00:45:07] [285/459] TPSI
[00:45:08] [286/459] KHMJ
[00:45:09] [287/459] RCCJ
[00:45:10] [288/459] NCJA
[00:45:11] [289/459] NCJN
[00:45:12] [290/459] BTDP
[00:45:13] [291/459] PADY
[00:45:14] [292/459] NYBH
[00:45:15] [293/459] MTBR
[00:45:15] [294/459] KRBC
[00:45:16] [295/459] DKTI
[00:45:17] [296/459] ANAN
[00:45:18] [297/459] INBP
[00:45:19] [298/459] PATB
[00:45:20] [299/459] RGNT
[00:45:21] [300/459] CGPM
[00:45:22] [301/459] INTN
[00:45:22] [302/459] MCMP
[00:45:23] [303/459] ASRG
[00:45:25] [304/459] CXJD
[00:45:26] [305/459] SPCP
[00:45:26] [306/459] CSTP
[00:45:27] [307/459] PKVC
[00:45:28] [308/459] ESCP
[00:45:29] [309/459] CAEP
[00:45:30] [310/459] CCSP
[00:45:30] [311/459] KTPC
[00:45:31] [312/459] DACA
[00:45:33] [313/459] NVKY
[00:45:33] [314/459] PTIN
[00:45:34] [315/459] SCIN
[00:45:35] [316/459] MCTY
[00:45:36] [317/459] PCMX
[00:45:37] [318/459] INIC
[00:45:38] [319/459] MMZM
[00:45:39] [320/459] SSLP
[00:45:40] [321/459] DTDT
[00:45:40] [322/459] FFCX
[00:45:41] [323/459] RCMM
[00:45:42] [324/459] KYID
[00:45:43] [325/459] CSCI
[00:45:44] [326/459] FCMC
[00:45:45] [327/459] MMXI
[00:45:46] [328/459] ASTC
[00:45:46] [329/459] CMRA
[00:45:47] [330/459] DICI
[00:45:48] [331/459] KDIN
[00:45:48] [332/459] PRFI
[00:45:49] [333/459] SVFC
[00:45:51] [334/459] UCPL
[00:45:51] [335/459] COOC
[00:45:52] [336/459] SCAL
[00:45:53] [337/459] SVFF
[00:45:54] [338/459] VCMG
[00:45:55] [339/459] UUCT
[00:45:56] [340/459] GCSE
[00:45:57] [341/459] SUSC
[00:45:57] [342/459] MISC
[00:45:58] [343/459] RMBL
[00:45:59] [344/459] CMXN
[00:46:00] [345/459] PVBK
[00:46:01] [346/459] HHCG
[00:46:02] [347/459] SCAG
[00:46:03] [348/459] CNPR
[00:46:04] [349/459] CSER
[00:46:05] [350/459] HLWD
[00:46:05] [351/459] BOLY
[00:46:06] [352/459] SSPG
[00:46:07] [353/459] MUPX
[00:46:08] [354/459] HAMR
[00:46:09] [355/459] SDNC
[00:46:09] [356/459] RTEN
[00:46:10] [357/459] SDTD
[00:46:11] [358/459] KAWS
[00:46:12] [359/459] CMZX
[00:46:13] [360/459] DCDD
[00:46:14] [361/459] ALSN
[00:46:15] [362/459] IMXS
[00:46:15] [363/459] PVFF
[00:46:17] [364/459] PVOO
[00:46:18] [365/459] CFBS
[00:46:19] [366/459] PVER
[00:46:19] [367/459] PPNX
[00:46:20] [368/459] CNRM
[00:46:21] [369/459] PVWW
[00:46:23] [370/459] INMB
[00:46:24] [371/459] CPJR
[00:46:25] [372/459] INRZ
[00:46:26] [373/459] PMSR
[00:46:27] [374/459] GPGM
[00:46:28] [375/459] PGWB
[00:46:29] [376/459] PMBR
[00:46:30] [377/459] GPAM
[00:46:30] [378/459] INBC
[00:46:32] [379/459] PZVK
[00:46:33] [380/459] CPEB
[00:46:34] [381/459] FMLB
[00:46:35] [382/459] INBG
[00:46:36] [383/459] GPBR
[00:46:38] [384/459] PAAS
[00:46:39] [385/459] VTBR
[00:46:40] [386/459] GPMY
[00:46:41] [387/459] GYBU
[00:46:42] [388/459] INBJ
[00:46:43] [389/459] LKTH
[00:46:43] [390/459] NSBR
[00:46:45] [391/459] PDRD
[00:46:46] [392/459] VRBL
[00:46:47] [393/459] VTGB
[00:46:48] [394/459] VTSK
[00:46:48] [395/459] BKDV
[00:46:49] [396/459] SVTB
[00:46:50] [397/459] MLDT
[00:46:51] [398/459] NRBL
[00:46:52] [399/459] SLTR
[00:46:52] [400/459] VNKA
[00:46:53] [401/459] TDCA
[00:46:54] [402/459] INBM
[00:46:55] [403/459] SSNR
[00:46:56] [404/459] BHAC
[00:46:57] [405/459] SDSD
[00:46:58] [406/459] SAMP
[00:47:00] [407/459] RATK
[00:47:01] [408/459] KCBI
[00:47:01] [409/459] URBL
[00:47:02] [410/459] MKBG
[00:47:04] [411/459] ASTB
[00:47:05] [412/459] VBWT
[00:47:06] [413/459] GPSM
[00:47:07] [414/459] ROON
[00:47:08] [415/459] CHTH
[00:47:08] [416/459] SSPA
[00:47:09] [417/459] ANBL
[00:47:11] [418/459] VTBE
[00:47:12] [419/459] SVKT
[00:47:13] [420/459] SVYK
[00:47:14] [421/459] PTBK
[00:47:16] [422/459] RKTB
[00:47:16] [423/459] BALT
[00:47:17] [424/459] STSV
[00:47:18] [425/459] VCCB
[00:47:19] [426/459] SLTB
[00:47:20] [427/459] SBCR
[00:47:20] [428/459] VDCS
[00:47:21] [429/459] MDKI
[00:47:22] [430/459] SMRN
[00:47:23] [431/459] PTBC
[00:47:24] [432/459] RADI
[00:47:26] [433/459] ADCR
[00:47:26] [434/459] SDCS
[00:47:27] [435/459] SRPJ
[00:47:29] [436/459] ARTS
[00:47:30] [437/459] SRHK
[00:47:30] [438/459] SPAY
[00:47:31] [439/459] GPTB
[00:47:32] [440/459] SNNN
[00:47:33] [441/459] BALJ
[00:47:34] [442/459] TRIG
[00:47:34] [443/459] GTYT
[00:47:35] [444/459] ATGN
[00:47:37] [445/459] ANTE
[00:47:38] [446/459] BDCG
[00:47:39] [447/459] VECI
[00:47:40] [448/459] SCPR
[00:47:41] [449/459] RTEA
[00:47:42] [450/459] JSAI
[00:47:43] [451/459] VJTP
[00:47:45] [452/459] GNDS
[00:47:46] [453/459] PAXA
[00:47:46] [454/459] CGGM
[00:47:48] [455/459] ACKZ
[00:47:49] [456/459] EMCC
[00:47:50] [457/459] KLSK
[00:47:50] [458/459] AVCK
[00:47:51] [459/459] JTCK
[00:47:52] ✅ DONE | Shows=0 | Movies=0
[01:43:57] 🚀 BMS DAILY TRACKER STARTED
[01:43:57] [1/459] NECA
[01:43:57] 🧠 New identity
[01:43:58] [2/459] BJLC
[01:43:59] [3/459] BASU
[01:44:00] [4/459] RUPI
[01:44:01] [5/459] LCBK
[01:44:01] [6/459] PMAC
[01:44:02] [7/459] AMLC
[01:44:03] [8/459] LICL
[01:44:05] [9/459] UDMM
[01:44:06] [10/459] STBZ
[01:44:07] [11/459] UUBT
[01:44:08] [12/459] SJKC
[01:44:09] [13/459] TUAL
[01:44:10] [14/459] MRSE
[01:44:11] [15/459] RMRK
[01:44:11] [16/459] TTKP
[01:44:12] [17/459] KTKO
[01:44:13] [18/459] SDBK
[01:44:14] [19/459] MCPR
[01:44:15] [20/459] CHTI
[01:44:16] [21/459] GCCP
[01:44:17] [22/459] SRMY
[01:44:18] [23/459] NYST
[01:44:18] [24/459] NYAG
[01:44:19] [25/459] SBMT
[01:44:20] [26/459] INGA
[01:44:21] [27/459] WSIC
[01:44:21] [28/459] SCSS
[01:44:22] [29/459] COPG
[01:44:23] [30/459] RCGR
[01:44:24] [31/459] TCZA
[01:44:25] [32/459] CNLP
[01:44:25] [33/459] CLKN
[01:44:26] [34/459] LHDF
[01:44:27] [35/459] ELKC
[01:44:28] [36/459] VCEM
[01:44:28] [37/459] SSZA
[01:44:29] [38/459] KRMT
[01:44:30] [39/459] LCMV
[01:44:31] [40/459] AYCZ
[01:44:31] [41/459] CUMS
[01:44:32] [42/459] BOCK
[01:44:33] [43/459] PNMR
[01:44:34] [44/459] PJCP
[01:44:35] [45/459] JDDD
[01:44:36] [46/459] STMS
[01:44:37] [47/459] FLMB
[01:44:38] [48/459] PKCM
[01:44:39] [49/459] SPPR
[01:44:39] [50/459] EYLH
[01:44:40] [51/459] RJCC
[01:44:41] [52/459] MMPS
[01:44:42] [53/459] SHMX
[01:44:44] [54/459] CCNL
[01:44:45] [55/459] RCNV
[01:44:45] [56/459] MAAG
[01:44:46] [57/459] LXCM
[01:44:47] [58/459] RCNI
[01:44:48] [59/459] SNNI
[01:44:49] [60/459] LALC
[01:44:51] [61/459] SOCN
[01:44:51] [62/459] JHTP
[01:44:52] [63/459] PITP
[01:44:53] [64/459] CCKW
[01:44:54] [65/459] MCMC
[01:44:55] [66/459] DEES
[01:44:56] [67/459] SABT
[01:44:58] [68/459] VSPP
[01:44:59] [69/459] ABCT
[01:45:00] [70/459] JVTB
[01:45:01] [71/459] VCBD
[01:45:02] [72/459] RMGG
[01:45:03] [73/459] RNMH
[01:45:04] [74/459] SPGL
[01:45:05] [75/459] JTTR
[01:45:05] [76/459] SICS
[01:45:06] [77/459] SRMI
[01:45:07] [78/459] SSIJ
[01:45:08] [79/459] KFMT
[01:45:09] [80/459] VBIT
[01:45:09] [81/459] JKCT
[01:45:10] [82/459] GCGP
[01:45:11] [83/459] GDCS
[01:45:12] [84/459] TRBA
[01:45:12] [85/459] QUST
[01:45:13] [86/459] VSHM
[01:45:14] [87/459] SDCP
[01:45:16] [88/459] SNVS
[01:45:17] [89/459] NYTO
[01:45:18] [90/459] URWC
[01:45:19] [91/459] GTWH
[01:45:19] [92/459] PFCM
[01:45:20] [93/459] KRTA
[01:45:21] [94/459] AXMC
[01:45:22] [95/459] EVMC
[01:45:23] [96/459] HGSM
[01:45:23] [97/459] ACVM
[01:45:24] [98/459] PSKL
[01:45:25] [99/459] RDMP
[01:45:26] [100/459] RHGH
[01:45:27] [101/459] OMCM
[01:45:28] [102/459] DCCP
[01:45:29] [103/459] MCPB
[01:45:30] [104/459] ALCI
[01:45:30] [105/459] BLMX
[01:45:32] [106/459] BTMV
[01:45:33] [107/459] FVPN
[01:45:34] [108/459] CMAR
[01:45:35] [109/459] CEIM
[01:45:36] [110/459] CMVA
[01:45:36] [111/459] CPIV
[01:45:37] [112/459] CNPE
[01:45:38] [113/459] COLV
[01:45:39] [114/459] DNNV
[01:45:40] [115/459] HCAD
[01:45:41] [116/459] TAKA
[01:45:43] [117/459] INVD
[01:45:43] [118/459] IRMM
[01:45:44] [119/459] INSE
[01:45:45] [120/459] MRSW
[01:45:46] [121/459] MCVD
[01:45:47] [122/459] MCSO
[01:45:48] [123/459] PEVM
[01:45:48] [124/459] PVNL
[01:45:49] [125/459] PTCV
[01:45:50] [126/459] PRTC
[01:45:51] [127/459] RCVA
[01:45:52] [128/459] MTBN
[01:45:53] [129/459] LUCP
[01:45:54] [130/459] FMPT
[01:45:55] [131/459] JLSL
[01:45:56] [132/459] SBHA
[01:45:56] [133/459] SHRC
[01:45:57] [134/459] AVPS
[01:45:58] [135/459] STPM
[01:45:59] [136/459] ATRD
[01:46:00] [137/459] VTED
[01:46:01] [138/459] ACAI
[01:46:02] [139/459] SMAE
[01:46:02] [140/459] VMAT
[01:46:03] [141/459] LKCT
[01:46:04] [142/459] JTVK
[01:46:05] [143/459] PRTY
[01:46:06] [144/459] GETT
[01:46:06] [145/459] ESAP
[01:46:08] [146/459] NCPM
[01:46:09] [147/459] PCPA
[01:46:09] [148/459] MMOM
[01:46:10] [149/459] PHUP
[01:46:11] [150/459] CCPI
[01:46:12] [151/459] CNTD
[01:46:13] [152/459] NLJR
[01:46:15] [153/459] SRNG
[01:46:15] [154/459] MHAL
[01:46:16] [155/459] PNSM
[01:46:17] [156/459] DRMY
[01:46:18] [157/459] CCMU
[01:46:18] [158/459] SCMY
[01:46:19] [159/459] PVSY
[01:46:20] [160/459] SDLM
[01:46:21] [161/459] ICCM
[01:46:22] [162/459] PYSU
[01:46:22] [163/459] GATM
[01:46:23] [164/459] WOTM
[01:46:24] [165/459] RKTS
[01:46:25] [166/459] PMTY
[01:46:26] [167/459] LYMS
[01:46:27] [168/459] TGCA
[01:46:27] [169/459] DSTA
[01:46:28] [170/459] CNGE
[01:46:29] [171/459] VSTG
[01:46:30] [172/459] GTCK
[01:46:31] [173/459] TGNT
[01:46:32] [174/459] ASLC
[01:46:33] [175/459] SSST
[01:46:34] [176/459] KBTT
[01:46:34] [177/459] HKCP
[01:46:35] [178/459] SWLC
[01:46:36] [179/459] RTND
[01:46:37] [180/459] PKKT
[01:46:38] [181/459] HSTK
[01:46:39] [182/459] SPTT
[01:46:40] [183/459] IMPM
[01:46:41] [184/459] SCMV
[01:46:42] [185/459] SPCT
[01:46:42] [186/459] JBCA
[01:46:43] [187/459] ATTR
[01:46:44] [188/459] SPMT
[01:46:46] [189/459] LCTM
[01:46:47] [190/459] SCVL
[01:46:48] [191/459] SCVT
[01:46:48] [192/459] KRIC
[01:46:49] [193/459] CTMG
[01:46:50] [194/459] ACNC
[01:46:51] [195/459] DMCK
[01:46:52] [196/459] KMTV
[01:46:52] [197/459] PFCJ
[01:46:53] [198/459] VNMD
[01:46:54] [199/459] VPCZ
[01:46:55] [200/459] SRYR
[01:46:56] [201/459] SYTR
[01:46:56] [202/459] GATR
[01:46:57] [203/459] URTR
[01:46:58] [204/459] MKSM
[01:46:59] [205/459] VSMH
[01:47:00] [206/459] SKRJ
[01:47:01] [207/459] SSJR
[01:47:01] [208/459] SVSM
[01:47:02] [209/459] RUCM
[01:47:03] [210/459] PRKN
[01:47:04] [211/459] RROH
[01:47:05] [212/459] SCTN
[01:47:06] [213/459] RTDM
[01:47:07] [214/459] ASRM
[01:47:08] [215/459] SKMD
[01:47:09] [216/459] SUTD
[01:47:09] [217/459] SADM
[01:47:10] [218/459] WCNR
[01:47:12] [219/459] CNED
[01:47:13] [220/459] MPDB
[01:47:15] [221/459] KTBH
[01:47:15] [222/459] IDRM
[01:47:16] [223/459] PJJT
[01:47:17] [224/459] PFCV
[01:47:18] [225/459] AACT
[01:47:19] [226/459] AAAD
[01:47:19] [227/459] ANES
[01:47:21] [228/459] MNCA
[01:47:22] [229/459] RMGU
[01:47:23] [230/459] DLCN
[01:47:23] [231/459] LJWT
[01:47:24] [232/459] MCBG
[01:47:25] [233/459] MYBG
[01:47:26] [234/459] GCCA
[01:47:26] [235/459] GCGA
[01:47:27] [236/459] ECGN
[01:47:28] [237/459] PRAB
[01:47:29] [238/459] PNMP
[01:47:30] [239/459] GCPT
[01:47:31] [240/459] ROYN
[01:47:31] [241/459] VATM
[01:47:32] [242/459] KSNT
[01:47:33] [243/459] ACTC
[01:47:33] [244/459] PLTD
[01:47:34] [245/459] SKMK
[01:47:35] [246/459] CMTT
[01:47:36] [247/459] SMXP
[01:47:37] [248/459] SCMX
[01:47:37] [249/459] ACXN
[01:47:39] [250/459] ASWT
[01:47:40] [251/459] VVVL
[01:47:41] [252/459] NAGO
[01:47:42] [253/459] SNCN
[01:47:43] [254/459] MCKP
[01:47:43] [255/459] SAMO
[01:47:44] [256/459] JBTV
[01:47:45] [257/459] DCVV
[01:47:46] [258/459] KMSV
[01:47:47] [259/459] KDCN
[01:47:47] [260/459] CNCP
[01:47:48] [261/459] HAMC
[01:47:49] [262/459] CCVZ
[01:47:50] [263/459] NCCK
[01:47:51] [264/459] MCHR
[01:47:51] [265/459] SCHT
[01:47:52] [266/459] ESSH
[01:47:53] [267/459] CUJC
[01:47:54] [268/459] PECP
[01:47:55] [269/459] PMMI
[01:47:55] [270/459] PCCH
[01:47:56] [271/459] PRPM
[01:47:57] [272/459] PVKL
[01:47:58] [273/459] CBSM
[01:47:59] [274/459] PVCZ
[01:48:00] [275/459] PCVV
[01:48:00] [276/459] CTMJ
[01:48:01] [277/459] RCPS
[01:48:03] [278/459] PCIT
[01:48:04] [279/459] FNCH
[01:48:05] [280/459] INZD
[01:48:05] [281/459] INPC
[01:48:06] [282/459] LCZP
[01:48:07] [283/459] SMCB
[01:48:08] [284/459] PTSB
[01:48:09] [285/459] TPSI
[01:48:09] [286/459] KHMJ
[01:48:10] [287/459] RCCJ
[01:48:11] [288/459] NCJA
[01:48:12] [289/459] NCJN
[01:48:13] [290/459] BTDP
[01:48:14] [291/459] PADY
[01:48:15] [292/459] NYBH
[01:48:15] [293/459] MTBR
[01:48:16] [294/459] KRBC
[01:48:17] [295/459] DKTI
[01:48:19] [296/459] ANAN
[01:48:20] [297/459] INBP
[01:48:20] [298/459] PATB
[01:48:21] [299/459] RGNT
[01:48:22] [300/459] CGPM
[01:48:23] [301/459] INTN
[01:48:24] [302/459] MCMP
[01:48:24] [303/459] ASRG
[01:48:25] [304/459] CXJD
[01:48:26] [305/459] SPCP
[01:48:27] [306/459] CSTP
[01:48:28] [307/459] PKVC
[01:48:28] [308/459] ESCP
[01:48:29] [309/459] CAEP
[01:48:30] [310/459] CCSP
[01:48:31] [311/459] KTPC
[01:48:32] [312/459] DACA
[01:48:33] [313/459] NVKY
[01:48:33] [314/459] PTIN
[01:48:34] [315/459] SCIN
[01:48:35] [316/459] MCTY
[01:48:36] [317/459] PCMX
[01:48:37] [318/459] INIC
[01:48:37] [319/459] MMZM
[01:48:38] [320/459] SSLP
[01:48:40] [321/459] DTDT
[01:48:41] [322/459] FFCX
[01:48:42] [323/459] RCMM
[01:48:44] [324/459] KYID
[01:48:44] [325/459] CSCI
[01:48:45] [326/459] FCMC
[01:48:46] [327/459] MMXI
[01:48:47] [328/459] ASTC
[01:48:48] [329/459] CMRA
[01:48:49] [330/459] DICI
[01:48:50] [331/459] KDIN
[01:48:52] [332/459] PRFI
[01:48:53] [333/459] SVFC
[01:48:53] [334/459] UCPL
[01:48:54] [335/459] COOC
[01:48:55] [336/459] SCAL
[01:48:55] [337/459] SVFF
[01:48:56] [338/459] VCMG
[01:48:58] [339/459] UUCT
[01:48:58] [340/459] GCSE
[01:48:59] [341/459] SUSC
[01:49:00] [342/459] MISC
[01:49:01] [343/459] RMBL
[01:49:02] [344/459] CMXN
[01:49:03] [345/459] PVBK
[01:49:03] [346/459] HHCG
[01:49:04] [347/459] SCAG
[01:49:05] [348/459] CNPR
[01:49:06] [349/459] CSER
[01:49:06] [350/459] HLWD
[01:49:07] [351/459] BOLY
[01:49:09] [352/459] SSPG
[01:49:10] [353/459] MUPX
[01:49:11] [354/459] HAMR
[01:49:11] [355/459] SDNC
[01:49:13] [356/459] RTEN
[01:49:14] [357/459] SDTD
[01:49:15] [358/459] KAWS
[01:49:16] [359/459] CMZX
[01:49:17] [360/459] DCDD
[01:49:18] [361/459] ALSN
[01:49:19] [362/459] IMXS
[01:49:21] [363/459] PVFF
[01:49:22] [364/459] PVOO
[01:49:22] [365/459] CFBS
[01:49:23] [366/459] PVER
[01:49:25] [367/459] PPNX
[01:49:26] [368/459] CNRM
[01:49:26] [369/459] PVWW
[01:49:27] [370/459] INMB
[01:49:28] [371/459] CPJR
[01:49:29] [372/459] INRZ
[01:49:30] [373/459] PMSR
[01:49:30] [374/459] GPGM
[01:49:31] [375/459] PGWB
[01:49:32] [376/459] PMBR
[01:49:33] [377/459] GPAM
[01:49:34] [378/459] INBC
[01:49:34] [379/459] PZVK
[01:49:35] [380/459] CPEB
[01:49:36] [381/459] FMLB
[01:49:37] [382/459] INBG
[01:49:38] [383/459] GPBR
[01:49:39] [384/459] PAAS
[01:49:40] [385/459] VTBR
[01:49:40] [386/459] GPMY
[01:49:41] [387/459] GYBU
[01:49:42] [388/459] INBJ
[01:49:43] [389/459] LKTH
[01:49:43] [390/459] NSBR
[01:49:44] [391/459] PDRD
[01:49:45] [392/459] VRBL
[01:49:46] [393/459] VTGB
[01:49:47] [394/459] VTSK
[01:49:48] [395/459] BKDV
[01:49:49] [396/459] SVTB
[01:49:49] [397/459] MLDT
[01:49:50] [398/459] NRBL
[01:49:52] [399/459] SLTR
[01:49:53] [400/459] VNKA
[01:49:54] [401/459] TDCA
[01:49:55] [402/459] INBM
[01:49:55] [403/459] SSNR
[01:49:56] [404/459] BHAC
[01:49:57] [405/459] SDSD
[01:49:58] [406/459] SAMP
[01:49:58] [407/459] RATK
[01:49:59] [408/459] KCBI
[01:50:00] [409/459] URBL
[01:50:01] [410/459] MKBG
[01:50:02] [411/459] ASTB
[01:50:02] [412/459] VBWT
[01:50:03] [413/459] GPSM
[01:50:04] [414/459] ROON
[01:50:05] [415/459] CHTH
[01:50:07] [416/459] SSPA
[01:50:09] [417/459] ANBL
[01:50:10] [418/459] VTBE
[01:50:11] [419/459] SVKT
[01:50:12] [420/459] SVYK
[01:50:13] [421/459] PTBK
[01:50:14] [422/459] RKTB
[01:50:14] [423/459] BALT
[01:50:15] [424/459] STSV
[01:50:16] [425/459] VCCB
[01:50:18] [426/459] SLTB
[01:50:18] [427/459] SBCR
[01:50:20] [428/459] VDCS
[01:50:21] [429/459] MDKI
[01:50:22] [430/459] SMRN
[01:50:22] [431/459] PTBC
[01:50:23] [432/459] RADI
[01:50:24] [433/459] ADCR
[01:50:25] [434/459] SDCS
[01:50:26] [435/459] SRPJ
[01:50:27] [436/459] ARTS
[01:50:28] [437/459] SRHK
[01:50:29] [438/459] SPAY
[01:50:30] [439/459] GPTB
[01:50:31] [440/459] SNNN
[01:50:32] [441/459] BALJ
[01:50:33] [442/459] TRIG
[01:50:34] [443/459] GTYT
[01:50:34] [444/459] ATGN
[01:50:35] [445/459] ANTE
[01:50:36] [446/459] BDCG
[01:50:38] [447/459] VECI
[01:50:39] [448/459] SCPR
[01:50:39] [449/459] RTEA
[01:50:40] [450/459] JSAI
[01:50:41] [451/459] VJTP
[01:50:42] [452/459] GNDS
[01:50:44] [453/459] PAXA
[01:50:45] [454/459] CGGM
[01:50:45] [455/459] ACKZ
[01:50:46] [456/459] EMCC
[01:50:47] [457/459] KLSK
[01:50:48] [458/459] AVCK
[01:50:49] [459/459] JTCK
[01:50:49] ✅ DONE | Shows=0 | Movies=0
[02:41:47] 🚀 BMS DAILY TRACKER STARTED
[02:41:47] [1/459] NECA
[02:41:47] 🧠 New identity
[02:41:48] [2/459] BJLC
[02:41:49] [3/459] BASU
[02:41:49] [4/459] RUPI
[02:41:50] [5/459] LCBK
[02:41:51] [6/459] PMAC
[02:41:52] [7/459] AMLC
[02:41:52] [8/459] LICL
[02:41:53] [9/459] UDMM
[02:41:54] [10/459] STBZ
[02:41:56] [11/459] UUBT
[02:41:57] [12/459] SJKC
[02:41:57] [13/459] TUAL
[02:41:58] [14/459] MRSE
[02:41:59] [15/459] RMRK
[02:42:00] [16/459] TTKP
[02:42:01] [17/459] KTKO
[02:42:01] [18/459] SDBK
[02:42:02] [19/459] MCPR
[02:42:03] [20/459] CHTI
[02:42:04] [21/459] GCCP
[02:42:05] [22/459] SRMY
[02:42:06] [23/459] NYST
[02:42:07] [24/459] NYAG
[02:42:07] [25/459] SBMT
[02:42:09] [26/459] INGA
[02:42:10] [27/459] WSIC
[02:42:11] [28/459] SCSS
[02:42:12] [29/459] COPG
[02:42:13] [30/459] RCGR
[02:42:14] [31/459] TCZA
[02:42:15] [32/459] CNLP
[02:42:16] [33/459] CLKN
[02:42:16] [34/459] LHDF
[02:42:17] [35/459] ELKC
[02:42:18] [36/459] VCEM
[02:42:19] [37/459] SSZA
[02:42:19] [38/459] KRMT
[02:42:20] [39/459] LCMV
[02:42:21] [40/459] AYCZ
[02:42:22] [41/459] CUMS
[02:42:23] [42/459] BOCK
[02:42:24] [43/459] PNMR
[02:42:24] [44/459] PJCP
[02:42:25] [45/459] JDDD
[02:42:26] [46/459] STMS
[02:42:27] [47/459] FLMB
[02:42:28] [48/459] PKCM
[02:42:29] [49/459] SPPR
[02:42:29] [50/459] EYLH
[02:42:30] [51/459] RJCC
[02:42:31] [52/459] MMPS
[02:42:32] [53/459] SHMX
[02:42:33] [54/459] CCNL
[02:42:34] [55/459] RCNV
[02:42:34] [56/459] MAAG
[02:42:35] [57/459] LXCM
[02:42:36] [58/459] RCNI
[02:42:37] [59/459] SNNI
[02:42:38] [60/459] LALC
[02:42:39] [61/459] SOCN
[02:42:39] [62/459] JHTP
[02:42:40] [63/459] PITP
[02:42:41] [64/459] CCKW
[02:42:42] [65/459] MCMC
[02:42:43] [66/459] DEES
[02:42:43] [67/459] SABT
[02:42:44] [68/459] VSPP
[02:42:45] [69/459] ABCT
[02:42:46] [70/459] JVTB
[02:42:47] [71/459] VCBD
[02:42:48] [72/459] RMGG
[02:42:49] [73/459] RNMH
[02:42:50] [74/459] SPGL
[02:42:51] [75/459] JTTR
[02:42:52] [76/459] SICS
[02:42:52] [77/459] SRMI
[02:42:53] [78/459] SSIJ
[02:42:54] [79/459] KFMT
[02:42:55] [80/459] VBIT
[02:42:55] [81/459] JKCT
[02:42:56] [82/459] GCGP
[02:42:57] [83/459] GDCS
[02:42:58] [84/459] TRBA
[02:42:59] [85/459] QUST
[02:43:00] [86/459] VSHM
[02:43:01] [87/459] SDCP
[02:43:02] [88/459] SNVS
[02:43:03] [89/459] NYTO
[02:43:04] [90/459] URWC
[02:43:04] [91/459] GTWH
[02:43:05] [92/459] PFCM
[02:43:06] [93/459] KRTA
[02:43:07] [94/459] AXMC
[02:43:08] [95/459] EVMC
[02:43:10] [96/459] HGSM
[02:43:11] [97/459] ACVM
[02:43:11] [98/459] PSKL
[02:43:12] [99/459] RDMP
[02:43:14] [100/459] RHGH
[02:43:15] [101/459] OMCM
[02:43:16] [102/459] DCCP
[02:43:16] [103/459] MCPB
[02:43:17] [104/459] ALCI
[02:43:18] [105/459] BLMX
[02:43:19] [106/459] BTMV
[02:43:20] [107/459] FVPN
[02:43:20] [108/459] CMAR
[02:43:21] [109/459] CEIM
[02:43:22] [110/459] CMVA
[02:43:23] [111/459] CPIV
[02:43:25] [112/459] CNPE
[02:43:26] [113/459] COLV
[02:43:27] [114/459] DNNV
[02:43:28] [115/459] HCAD
[02:43:28] [116/459] TAKA
[02:43:29] [117/459] INVD
[02:43:30] [118/459] IRMM
[02:43:31] [119/459] INSE
[02:43:32] [120/459] MRSW
[02:43:33] [121/459] MCVD
[02:43:33] [122/459] MCSO
[02:43:34] [123/459] PEVM
[02:43:35] [124/459] PVNL
[02:43:36] [125/459] PTCV
[02:43:36] [126/459] PRTC
[02:43:37] [127/459] RCVA
[02:43:38] [128/459] MTBN
[02:43:39] [129/459] LUCP
[02:43:40] [130/459] FMPT
[02:43:41] [131/459] JLSL
[02:43:42] [132/459] SBHA
[02:43:43] [133/459] SHRC
[02:43:44] [134/459] AVPS
[02:43:44] [135/459] STPM
[02:43:45] [136/459] ATRD
[02:43:46] [137/459] VTED
[02:43:47] [138/459] ACAI
[02:43:48] [139/459] SMAE
[02:43:48] [140/459] VMAT
[02:43:49] [141/459] LKCT
[02:43:50] [142/459] JTVK
[02:43:51] [143/459] PRTY
[02:43:52] [144/459] GETT
[02:43:52] [145/459] ESAP
[02:43:53] [146/459] NCPM
[02:43:54] [147/459] PCPA
[02:43:55] [148/459] MMOM
[02:43:55] [149/459] PHUP
[02:43:56] [150/459] CCPI
[02:43:58] [151/459] CNTD
[02:43:59] [152/459] NLJR
[02:43:59] [153/459] SRNG
[02:44:00] [154/459] MHAL
[02:44:01] [155/459] PNSM
[02:44:02] [156/459] DRMY
[02:44:02] [157/459] CCMU
[02:44:03] [158/459] SCMY
[02:44:05] [159/459] PVSY
[02:44:06] [160/459] SDLM
[02:44:08] [161/459] ICCM
[02:44:08] [162/459] PYSU
[02:44:09] [163/459] GATM
[02:44:10] [164/459] WOTM
[02:44:11] [165/459] RKTS
[02:44:13] [166/459] PMTY
[02:44:13] [167/459] LYMS
[02:44:14] [168/459] TGCA
[02:44:15] [169/459] DSTA
[02:44:16] [170/459] CNGE
[02:44:17] [171/459] VSTG
[02:44:18] [172/459] GTCK
[02:44:19] [173/459] TGNT
[02:44:20] [174/459] ASLC
[02:44:21] [175/459] SSST
[02:44:22] [176/459] KBTT
[02:44:22] [177/459] HKCP
[02:44:23] [178/459] SWLC
[02:44:24] [179/459] RTND
[02:44:25] [180/459] PKKT
[02:44:26] [181/459] HSTK
[02:44:26] [182/459] SPTT
[02:44:27] [183/459] IMPM
[02:44:28] [184/459] SCMV
[02:44:29] [185/459] SPCT
[02:44:30] [186/459] JBCA
[02:44:31] [187/459] ATTR
[02:44:32] [188/459] SPMT
[02:44:32] [189/459] LCTM
[02:44:33] [190/459] SCVL
[02:44:34] [191/459] SCVT
[02:44:35] [192/459] KRIC
[02:44:36] [193/459] CTMG
[02:44:36] [194/459] ACNC
[02:44:37] [195/459] DMCK
[02:44:39] [196/459] KMTV
[02:44:39] [197/459] PFCJ
[02:44:40] [198/459] VNMD
[02:44:41] [199/459] VPCZ
[02:44:42] [200/459] SRYR
[02:44:43] [201/459] SYTR
[02:44:43] [202/459] GATR
[02:44:44] [203/459] URTR
[02:44:45] [204/459] MKSM
[02:44:46] [205/459] VSMH
[02:44:47] [206/459] SKRJ
[02:44:47] [207/459] SSJR
[02:44:48] [208/459] SVSM
[02:44:49] [209/459] RUCM
[02:44:50] [210/459] PRKN
[02:44:51] [211/459] RROH
[02:44:52] [212/459] SCTN
[02:44:52] [213/459] RTDM
[02:44:53] [214/459] ASRM
[02:44:54] [215/459] SKMD
[02:44:55] [216/459] SUTD
[02:44:56] [217/459] SADM
[02:44:57] [218/459] WCNR
[02:44:58] [219/459] CNED
[02:44:59] [220/459] MPDB
[02:44:59] [221/459] KTBH
[02:45:00] [222/459] IDRM
[02:45:01] [223/459] PJJT
[02:45:02] [224/459] PFCV
[02:45:02] [225/459] AACT
[02:45:03] [226/459] AAAD
[02:45:04] [227/459] ANES
[02:45:05] [228/459] MNCA
[02:45:06] [229/459] RMGU
[02:45:06] [230/459] DLCN
[02:45:08] [231/459] LJWT
[02:45:09] [232/459] MCBG
[02:45:10] [233/459] MYBG
[02:45:10] [234/459] GCCA
[02:45:12] [235/459] GCGA
[02:45:13] [236/459] ECGN
[02:45:14] [237/459] PRAB
[02:45:15] [238/459] PNMP
[02:45:16] [239/459] GCPT
[02:45:16] [240/459] ROYN
[02:45:17] [241/459] VATM
[02:45:18] [242/459] KSNT
[02:45:19] [243/459] ACTC
[02:45:19] [244/459] PLTD
[02:45:20] [245/459] SKMK
[02:45:21] [246/459] CMTT
[02:45:22] [247/459] SMXP
[02:45:23] [248/459] SCMX
[02:45:24] [249/459] ACXN
[02:45:25] [250/459] ASWT
[02:45:26] [251/459] VVVL
[02:45:26] [252/459] NAGO
[02:45:27] [253/459] SNCN
[02:45:28] [254/459] MCKP
[02:45:29] [255/459] SAMO
[02:45:30] [256/459] JBTV
[02:45:30] [257/459] DCVV
[02:45:31] [258/459] KMSV
[02:45:33] [259/459] KDCN
[02:45:34] [260/459] CNCP
[02:45:35] [261/459] HAMC
[02:45:35] [262/459] CCVZ
[02:45:36] [263/459] NCCK
[02:45:37] [264/459] MCHR
[02:45:39] [265/459] SCHT
[02:45:40] [266/459] ESSH
[02:45:40] [267/459] CUJC
[02:45:41] [268/459] PECP
[02:45:42] [269/459] PMMI
[02:45:43] [270/459] PCCH
[02:45:43] [271/459] PRPM
[02:45:44] [272/459] PVKL
[02:45:45] [273/459] CBSM
[02:45:47] [274/459] PVCZ
[02:45:48] [275/459] PCVV
[02:45:48] [276/459] CTMJ
[02:45:49] [277/459] RCPS
[02:45:51] [278/459] PCIT
[02:45:52] [279/459] FNCH
[02:45:54] [280/459] INZD
[02:45:55] [281/459] INPC
[02:45:56] [282/459] LCZP
[02:45:56] [283/459] SMCB
[02:45:57] [284/459] PTSB
[02:45:59] [285/459] TPSI
[02:46:00] [286/459] KHMJ
[02:46:01] [287/459] RCCJ
[02:46:02] [288/459] NCJA
[02:46:02] [289/459] NCJN
[02:46:03] [290/459] BTDP
[02:46:04] [291/459] PADY
[02:46:05] [292/459] NYBH
[02:46:06] [293/459] MTBR
[02:46:07] [294/459] KRBC
[02:46:07] [295/459] DKTI
[02:46:08] [296/459] ANAN
[02:46:09] [297/459] INBP
[02:46:10] [298/459] PATB
[02:46:11] [299/459] RGNT
[02:46:12] [300/459] CGPM
[02:46:13] [301/459] INTN
[02:46:14] [302/459] MCMP
[02:46:15] [303/459] ASRG
[02:46:16] [304/459] CXJD
[02:46:17] [305/459] SPCP
[02:46:18] [306/459] CSTP
[02:46:19] [307/459] PKVC
[02:46:20] [308/459] ESCP
[02:46:21] [309/459] CAEP
[02:46:22] [310/459] CCSP
[02:46:23] [311/459] KTPC
[02:46:23] [312/459] DACA
[02:46:24] [313/459] NVKY
[02:46:25] [314/459] PTIN
[02:46:26] [315/459] SCIN
[02:46:27] [316/459] MCTY
[02:46:28] [317/459] PCMX
[02:46:28] [318/459] INIC
[02:46:29] [319/459] MMZM
[02:46:31] [320/459] SSLP
[02:46:32] [321/459] DTDT
[02:46:33] [322/459] FFCX
[02:46:34] [323/459] RCMM
[02:46:34] [324/459] KYID
[02:46:35] [325/459] CSCI
[02:46:36] [326/459] FCMC
[02:46:36] [327/459] MMXI
[02:46:37] [328/459] ASTC
[02:46:38] [329/459] CMRA
[02:46:39] [330/459] DICI
[02:46:39] [331/459] KDIN
[02:46:40] [332/459] PRFI
[02:46:41] [333/459] SVFC
[02:46:42] [334/459] UCPL
[02:46:43] [335/459] COOC
[02:46:44] [336/459] SCAL
[02:46:45] [337/459] SVFF
[02:46:46] [338/459] VCMG
[02:46:46] [339/459] UUCT
[02:46:47] [340/459] GCSE
[02:46:48] [341/459] SUSC
[02:46:49] [342/459] MISC
[02:46:50] [343/459] RMBL
[02:46:51] [344/459] CMXN
[02:46:52] [345/459] PVBK
[02:46:52] [346/459] HHCG
[02:46:53] [347/459] SCAG
[02:46:54] [348/459] CNPR
[02:46:55] [349/459] CSER
[02:46:55] [350/459] HLWD
[02:46:56] [351/459] BOLY
[02:46:57] [352/459] SSPG
[02:46:58] [353/459] MUPX
[02:46:59] [354/459] HAMR
[02:46:59] [355/459] SDNC
[02:47:00] [356/459] RTEN
[02:47:01] [357/459] SDTD
[02:47:01] [358/459] KAWS
[02:47:02] [359/459] CMZX
[02:47:03] [360/459] DCDD
[02:47:04] [361/459] ALSN
[02:47:04] [362/459] IMXS
[02:47:05] [363/459] PVFF
[02:47:06] [364/459] PVOO
[02:47:08] [365/459] CFBS
[02:47:09] [366/459] PVER
[02:47:09] [367/459] PPNX
[02:47:11] [368/459] CNRM
[02:47:12] [369/459] PVWW
[02:47:13] [370/459] INMB
[02:47:14] [371/459] CPJR
[02:47:14] [372/459] INRZ
[02:47:15] [373/459] PMSR
[02:47:16] [374/459] GPGM
[02:47:17] [375/459] PGWB
[02:47:17] [376/459] PMBR
[02:47:18] [377/459] GPAM
[02:47:19] [378/459] INBC
[02:47:20] [379/459] PZVK
[02:47:20] [380/459] CPEB
[02:47:21] [381/459] FMLB
[02:47:22] [382/459] INBG
[02:47:23] [383/459] GPBR
[02:47:24] [384/459] PAAS
[02:47:25] [385/459] VTBR
[02:47:26] [386/459] GPMY
[02:47:26] [387/459] GYBU
[02:47:28] [388/459] INBJ
[02:47:29] [389/459] LKTH
[02:47:30] [390/459] NSBR
[02:47:31] [391/459] PDRD
[02:47:32] [392/459] VRBL
[02:47:32] [393/459] VTGB
[02:47:33] [394/459] VTSK
[02:47:34] [395/459] BKDV
[02:47:35] [396/459] SVTB
[02:47:35] [397/459] MLDT
[02:47:36] [398/459] NRBL
[02:47:38] [399/459] SLTR
[02:47:39] [400/459] VNKA
[02:47:39] [401/459] TDCA
[02:47:40] [402/459] INBM
[02:47:41] [403/459] SSNR
[02:47:42] [404/459] BHAC
[02:47:42] [405/459] SDSD
[02:47:43] [406/459] SAMP
[02:47:44] [407/459] RATK
[02:47:45] [408/459] KCBI
[02:47:45] [409/459] URBL
[02:47:46] [410/459] MKBG
[02:47:47] [411/459] ASTB
[02:47:48] [412/459] VBWT
[02:47:50] [413/459] GPSM
[02:47:50] [414/459] ROON
[02:47:51] [415/459] CHTH
[02:47:52] [416/459] SSPA
[02:47:53] [417/459] ANBL
[02:47:54] [418/459] VTBE
[02:47:55] [419/459] SVKT
[02:47:56] [420/459] SVYK
[02:47:56] [421/459] PTBK
[02:47:57] [422/459] RKTB
[02:47:58] [423/459] BALT
[02:47:59] [424/459] STSV
[02:47:59] [425/459] VCCB
[02:48:00] [426/459] SLTB
[02:48:01] [427/459] SBCR
[02:48:01] [428/459] VDCS
[02:48:02] [429/459] MDKI
[02:48:03] [430/459] SMRN
[02:48:04] [431/459] PTBC
[02:48:05] [432/459] RADI
[02:48:06] [433/459] ADCR
[02:48:07] [434/459] SDCS
[02:48:08] [435/459] SRPJ
[02:48:09] [436/459] ARTS
[02:48:09] [437/459] SRHK
[02:48:10] [438/459] SPAY
[02:48:12] [439/459] GPTB
[02:48:13] [440/459] SNNN
[02:48:13] 🔄 Identity reset
[02:48:13] ❌ SNNN | ConnectionError
[02:48:13] [441/459] BALJ
[02:48:13] 🧠 New identity
[02:48:14] [442/459] TRIG
[02:48:15] [443/459] GTYT
[02:48:16] [444/459] ATGN
[02:48:17] [445/459] ANTE
[02:48:19] [446/459] BDCG
[02:48:19] [447/459] VECI
[02:48:20] [448/459] SCPR
[02:48:21] [449/459] RTEA
[02:48:22] [450/459] JSAI
[02:48:23] [451/459] VJTP
[02:48:24] [452/459] GNDS
[02:48:24] [453/459] PAXA
[02:48:25] [454/459] CGGM
[02:48:26] [455/459] ACKZ
[02:48:27] [456/459] EMCC
[02:48:28] [457/459] KLSK
[02:48:29] [458/459] AVCK
[02:48:30] [459/459] JTCK
[02:48:30] ✅ DONE | Shows=2 | Movies=1
[03:42:58] 🚀 BMS DAILY TRACKER STARTED
[03:42:58] [1/459] NECA
[03:42:58] 🧠 New identity
[03:42:59] [2/459] BJLC
[03:43:00] [3/459] BASU
[03:43:01] [4/459] RUPI
[03:43:02] [5/459] LCBK
[03:43:02] [6/459] PMAC
[03:43:03] [7/459] AMLC
[03:43:04] [8/459] LICL
[03:43:05] [9/459] UDMM
[03:43:06] [10/459] STBZ
[03:43:07] [11/459] UUBT
[03:43:07] [12/459] SJKC
[03:43:08] [13/459] TUAL
[03:43:09] [14/459] MRSE
[03:43:10] [15/459] RMRK
[03:43:11] [16/459] TTKP
[03:43:12] [17/459] KTKO
[03:43:13] [18/459] SDBK
[03:43:13] [19/459] MCPR
[03:43:14] [20/459] CHTI
[03:43:15] [21/459] GCCP
[03:43:16] [22/459] SRMY
[03:43:17] [23/459] NYST
[03:43:18] [24/459] NYAG
[03:43:19] [25/459] SBMT
[03:43:20] [26/459] INGA
[03:43:22] [27/459] WSIC
[03:43:22] [28/459] SCSS
[03:43:23] [29/459] COPG
[03:43:24] [30/459] RCGR
[03:43:25] [31/459] TCZA
[03:43:26] [32/459] CNLP
[03:43:27] [33/459] CLKN
[03:43:28] [34/459] LHDF
[03:43:29] [35/459] ELKC
[03:43:30] [36/459] VCEM
[03:43:31] [37/459] SSZA
[03:43:32] [38/459] KRMT
[03:43:32] [39/459] LCMV
[03:43:33] [40/459] AYCZ
[03:43:34] [41/459] CUMS
[03:43:35] [42/459] BOCK
[03:43:36] [43/459] PNMR
[03:43:36] [44/459] PJCP
[03:43:37] [45/459] JDDD
[03:43:38] [46/459] STMS
[03:43:39] [47/459] FLMB
[03:43:40] [48/459] PKCM
[03:43:41] [49/459] SPPR
[03:43:42] [50/459] EYLH
[03:43:42] [51/459] RJCC
[03:43:43] [52/459] MMPS
[03:43:44] [53/459] SHMX
[03:43:45] [54/459] CCNL
[03:43:46] [55/459] RCNV
[03:43:47] [56/459] MAAG
[03:43:47] [57/459] LXCM
[03:43:48] [58/459] RCNI
[03:43:49] [59/459] SNNI
[03:43:50] [60/459] LALC
[03:43:51] [61/459] SOCN
[03:43:51] [62/459] JHTP
[03:43:52] [63/459] PITP
[03:43:53] [64/459] CCKW
[03:43:54] [65/459] MCMC
[03:43:55] [66/459] DEES
[03:43:56] [67/459] SABT
[03:43:58] [68/459] VSPP
[03:43:58] [69/459] ABCT
[03:44:00] [70/459] JVTB
[03:44:01] [71/459] VCBD
[03:44:02] [72/459] RMGG
[03:44:03] [73/459] RNMH
[03:44:05] [74/459] SPGL
[03:44:06] [75/459] JTTR
[03:44:07] [76/459] SICS
[03:44:08] [77/459] SRMI
[03:44:09] [78/459] SSIJ
[03:44:09] [79/459] KFMT
[03:44:10] [80/459] VBIT
[03:44:11] [81/459] JKCT
[03:44:12] [82/459] GCGP
[03:44:14] [83/459] GDCS
[03:44:14] [84/459] TRBA
[03:44:15] [85/459] QUST
[03:44:16] [86/459] VSHM
[03:44:16] [87/459] SDCP
[03:44:17] [88/459] SNVS
[03:44:18] [89/459] NYTO
[03:44:20] [90/459] URWC
[03:44:20] [91/459] GTWH
[03:44:21] [92/459] PFCM
[03:44:22] [93/459] KRTA
[03:44:23] [94/459] AXMC
[03:44:24] [95/459] EVMC
[03:44:24] [96/459] HGSM
[03:44:25] [97/459] ACVM
[03:44:26] [98/459] PSKL
[03:44:28] [99/459] RDMP
[03:44:30] [100/459] RHGH
[03:44:30] [101/459] OMCM
[03:44:32] [102/459] DCCP
[03:44:33] [103/459] MCPB
[03:44:33] [104/459] ALCI
[03:44:34] [105/459] BLMX
[03:44:35] [106/459] BTMV
[03:44:36] [107/459] FVPN
[03:44:37] [108/459] CMAR
[03:44:38] [109/459] CEIM
[03:44:38] [110/459] CMVA
[03:44:39] [111/459] CPIV
[03:44:40] [112/459] CNPE
[03:44:41] [113/459] COLV
[03:44:41] [114/459] DNNV
[03:44:42] [115/459] HCAD
[03:44:43] [116/459] TAKA
[03:44:44] [117/459] INVD
[03:44:45] [118/459] IRMM
[03:44:45] [119/459] INSE
[03:44:46] [120/459] MRSW
[03:44:47] [121/459] MCVD
[03:44:48] [122/459] MCSO
[03:44:49] [123/459] PEVM
[03:44:50] [124/459] PVNL
[03:44:52] [125/459] PTCV
[03:44:53] [126/459] PRTC
[03:44:54] [127/459] RCVA
[03:44:54] [128/459] MTBN
[03:44:55] [129/459] LUCP
[03:44:56] [130/459] FMPT
[03:44:56] [131/459] JLSL
[03:44:57] [132/459] SBHA
[03:44:58] [133/459] SHRC
[03:44:59] [134/459] AVPS
[03:45:00] [135/459] STPM
[03:45:01] [136/459] ATRD
[03:45:02] [137/459] VTED
[03:45:03] [138/459] ACAI
[03:45:04] [139/459] SMAE
[03:45:05] [140/459] VMAT
[03:45:05] [141/459] LKCT
[03:45:06] [142/459] JTVK
[03:45:07] [143/459] PRTY
[03:45:08] [144/459] GETT
[03:45:09] [145/459] ESAP
[03:45:10] [146/459] NCPM
[03:45:10] [147/459] PCPA
[03:45:11] [148/459] MMOM
[03:45:12] [149/459] PHUP
[03:45:12] [150/459] CCPI
[03:45:13] [151/459] CNTD
[03:45:14] [152/459] NLJR
[03:45:15] [153/459] SRNG
[03:45:16] [154/459] MHAL
[03:45:17] [155/459] PNSM
[03:45:18] [156/459] DRMY
[03:45:18] [157/459] CCMU
[03:45:19] [158/459] SCMY
[03:45:20] [159/459] PVSY
[03:45:21] [160/459] SDLM
[03:45:22] [161/459] ICCM
[03:45:23] [162/459] PYSU
[03:45:23] [163/459] GATM
[03:45:24] [164/459] WOTM
[03:45:25] [165/459] RKTS
[03:45:26] [166/459] PMTY
[03:45:26] [167/459] LYMS
[03:45:27] [168/459] TGCA
[03:45:28] [169/459] DSTA
[03:45:29] [170/459] CNGE
[03:45:29] [171/459] VSTG
[03:45:30] [172/459] GTCK
[03:45:31] [173/459] TGNT
[03:45:32] [174/459] ASLC
[03:45:32] [175/459] SSST
[03:45:33] [176/459] KBTT
[03:45:34] [177/459] HKCP
[03:45:35] [178/459] SWLC
[03:45:36] [179/459] RTND
[03:45:37] [180/459] PKKT
[03:45:37] [181/459] HSTK
[03:45:38] [182/459] SPTT
[03:45:39] [183/459] IMPM
[03:45:40] [184/459] SCMV
[03:45:40] [185/459] SPCT
[03:45:41] [186/459] JBCA
[03:45:42] [187/459] ATTR
[03:45:43] [188/459] SPMT
[03:45:44] [189/459] LCTM
[03:45:45] [190/459] SCVL
[03:45:45] [191/459] SCVT
[03:45:47] [192/459] KRIC
[03:45:48] [193/459] CTMG
[03:45:49] [194/459] ACNC
[03:45:49] [195/459] DMCK
[03:45:50] [196/459] KMTV
[03:45:51] [197/459] PFCJ
[03:45:52] [198/459] VNMD
[03:45:53] [199/459] VPCZ
[03:45:53] [200/459] SRYR
[03:45:54] [201/459] SYTR
[03:45:55] [202/459] GATR
[03:45:56] [203/459] URTR
[03:45:57] [204/459] MKSM
[03:45:58] [205/459] VSMH
[03:45:58] [206/459] SKRJ
[03:45:59] [207/459] SSJR
[03:46:00] [208/459] SVSM
[03:46:02] [209/459] RUCM
[03:46:02] [210/459] PRKN
[03:46:03] [211/459] RROH
[03:46:04] [212/459] SCTN
[03:46:05] [213/459] RTDM
[03:46:06] [214/459] ASRM
[03:46:07] [215/459] SKMD
[03:46:08] [216/459] SUTD
[03:46:08] [217/459] SADM
[03:46:09] [218/459] WCNR
[03:46:10] [219/459] CNED
[03:46:11] [220/459] MPDB
[03:46:12] [221/459] KTBH
[03:46:12] [222/459] IDRM
[03:46:13] [223/459] PJJT
[03:46:14] [224/459] PFCV
[03:46:15] [225/459] AACT
[03:46:16] [226/459] AAAD
[03:46:16] [227/459] ANES
[03:46:17] [228/459] MNCA
[03:46:18] [229/459] RMGU
[03:46:19] [230/459] DLCN
[03:46:20] [231/459] LJWT
[03:46:21] [232/459] MCBG
[03:46:21] [233/459] MYBG
[03:46:22] [234/459] GCCA
[03:46:24] [235/459] GCGA
[03:46:25] [236/459] ECGN
[03:46:26] [237/459] PRAB
[03:46:27] [238/459] PNMP
[03:46:28] [239/459] GCPT
[03:46:28] [240/459] ROYN
[03:46:29] [241/459] VATM
[03:46:30] [242/459] KSNT
[03:46:31] [243/459] ACTC
[03:46:31] [244/459] PLTD
[03:46:32] [245/459] SKMK
[03:46:33] [246/459] CMTT
[03:46:34] [247/459] SMXP
[03:46:35] [248/459] SCMX
[03:46:35] [249/459] ACXN
[03:46:37] [250/459] ASWT
[03:46:39] [251/459] VVVL
[03:46:39] [252/459] NAGO
[03:46:40] [253/459] SNCN
[03:46:41] [254/459] MCKP
[03:46:42] [255/459] SAMO
[03:46:43] [256/459] JBTV
[03:46:44] [257/459] DCVV
[03:46:45] [258/459] KMSV
[03:46:47] [259/459] KDCN
[03:46:47] [260/459] CNCP
[03:46:48] [261/459] HAMC
[03:46:49] [262/459] CCVZ
[03:46:50] [263/459] NCCK
[03:46:51] [264/459] MCHR
[03:46:51] [265/459] SCHT
[03:46:52] [266/459] ESSH
[03:46:53] [267/459] CUJC
[03:46:54] [268/459] PECP
[03:46:54] [269/459] PMMI
[03:46:55] [270/459] PCCH
[03:46:56] [271/459] PRPM
[03:46:57] [272/459] PVKL
[03:46:58] [273/459] CBSM
[03:46:59] [274/459] PVCZ
[03:46:59] [275/459] PCVV
[03:47:00] [276/459] CTMJ
[03:47:01] [277/459] RCPS
[03:47:03] [278/459] PCIT
[03:47:03] [279/459] FNCH
[03:47:04] [280/459] INZD
[03:47:05] [281/459] INPC
[03:47:06] [282/459] LCZP
[03:47:06] [283/459] SMCB
[03:47:07] [284/459] PTSB
[03:47:08] [285/459] TPSI
[03:47:09] [286/459] KHMJ
[03:47:10] [287/459] RCCJ
[03:47:11] [288/459] NCJA
[03:47:11] [289/459] NCJN
[03:47:12] [290/459] BTDP
[03:47:13] [291/459] PADY
[03:47:14] [292/459] NYBH
[03:47:15] [293/459] MTBR
[03:47:15] [294/459] KRBC
[03:47:16] [295/459] DKTI
[03:47:17] [296/459] ANAN
[03:47:18] [297/459] INBP
[03:47:19] [298/459] PATB
[03:47:20] [299/459] RGNT
[03:47:20] [300/459] CGPM
[03:47:21] [301/459] INTN
[03:47:22] [302/459] MCMP
[03:47:23] [303/459] ASRG
[03:47:24] [304/459] CXJD
[03:47:25] [305/459] SPCP
[03:47:25] [306/459] CSTP
[03:47:26] [307/459] PKVC
[03:47:28] [308/459] ESCP
[03:47:29] [309/459] CAEP
[03:47:30] [310/459] CCSP
[03:47:30] [311/459] KTPC
[03:47:31] [312/459] DACA
[03:47:32] [313/459] NVKY
[03:47:34] [314/459] PTIN
[03:47:35] [315/459] SCIN
[03:47:36] [316/459] MCTY
[03:47:38] [317/459] PCMX
[03:47:39] [318/459] INIC
[03:47:39] [319/459] MMZM
[03:47:41] [320/459] SSLP
[03:47:41] [321/459] DTDT
[03:47:42] [322/459] FFCX
[03:47:43] [323/459] RCMM
[03:47:44] [324/459] KYID
[03:47:45] [325/459] CSCI
[03:47:46] [326/459] FCMC
[03:47:48] [327/459] MMXI
[03:47:49] [328/459] ASTC
[03:47:50] [329/459] CMRA
[03:47:50] [330/459] DICI
[03:47:51] [331/459] KDIN
[03:47:52] [332/459] PRFI
[03:47:53] [333/459] SVFC
[03:47:54] [334/459] UCPL
[03:47:55] [335/459] COOC
[03:47:56] [336/459] SCAL
[03:47:57] [337/459] SVFF
[03:47:58] [338/459] VCMG
[03:47:58] [339/459] UUCT
[03:48:00] [340/459] GCSE
[03:48:01] [341/459] SUSC
[03:48:01] [342/459] MISC
[03:48:02] [343/459] RMBL
[03:48:03] [344/459] CMXN
[03:48:04] [345/459] PVBK
[03:48:05] [346/459] HHCG
[03:48:05] [347/459] SCAG
[03:48:07] [348/459] CNPR
[03:48:08] [349/459] CSER
[03:48:09] [350/459] HLWD
[03:48:10] [351/459] BOLY
[03:48:11] [352/459] SSPG
[03:48:11] [353/459] MUPX
[03:48:12] [354/459] HAMR
[03:48:13] [355/459] SDNC
[03:48:14] [356/459] RTEN
[03:48:15] [357/459] SDTD
[03:48:16] [358/459] KAWS
[03:48:16] [359/459] CMZX
[03:48:17] [360/459] DCDD
[03:48:18] [361/459] ALSN
[03:48:18] [362/459] IMXS
[03:48:19] [363/459] PVFF
[03:48:20] [364/459] PVOO
[03:48:21] [365/459] CFBS
[03:48:22] [366/459] PVER
[03:48:22] [367/459] PPNX
[03:48:23] [368/459] CNRM
[03:48:24] [369/459] PVWW
[03:48:25] [370/459] INMB
[03:48:26] [371/459] CPJR
[03:48:26] [372/459] INRZ
[03:48:28] [373/459] PMSR
[03:48:29] [374/459] GPGM
[03:48:30] [375/459] PGWB
[03:48:30] [376/459] PMBR
[03:48:31] [377/459] GPAM
[03:48:32] [378/459] INBC
[03:48:33] [379/459] PZVK
[03:48:34] [380/459] CPEB
[03:48:34] [381/459] FMLB
[03:48:35] [382/459] INBG
[03:48:36] [383/459] GPBR
[03:48:37] [384/459] PAAS
[03:48:38] [385/459] VTBR
[03:48:39] [386/459] GPMY
[03:48:39] [387/459] GYBU
[03:48:40] [388/459] INBJ
[03:48:41] [389/459] LKTH
[03:48:42] [390/459] NSBR
[03:48:43] [391/459] PDRD
[03:48:44] [392/459] VRBL
[03:48:44] [393/459] VTGB
[03:48:45] [394/459] VTSK
[03:48:46] [395/459] BKDV
[03:48:48] [396/459] SVTB
[03:48:48] [397/459] MLDT
[03:48:49] [398/459] NRBL
[03:48:50] [399/459] SLTR
[03:48:50] [400/459] VNKA
[03:48:51] [401/459] TDCA
[03:48:52] [402/459] INBM
[03:48:54] [403/459] SSNR
[03:48:55] [404/459] BHAC
[03:48:56] [405/459] SDSD
[03:48:56] [406/459] SAMP
[03:48:57] [407/459] RATK
[03:48:58] [408/459] KCBI
[03:49:00] [409/459] URBL
[03:49:01] [410/459] MKBG
[03:49:01] [411/459] ASTB
[03:49:03] [412/459] VBWT
[03:49:04] [413/459] GPSM
[03:49:05] [414/459] ROON
[03:49:06] [415/459] CHTH
[03:49:06] [416/459] SSPA
[03:49:07] [417/459] ANBL
[03:49:09] [418/459] VTBE
[03:49:10] [419/459] SVKT
[03:49:10] [420/459] SVYK
[03:49:11] [421/459] PTBK
[03:49:12] [422/459] RKTB
[03:49:13] [423/459] BALT
[03:49:14] [424/459] STSV
[03:49:15] [425/459] VCCB
[03:49:15] [426/459] SLTB
[03:49:16] [427/459] SBCR
[03:49:17] [428/459] VDCS
[03:49:18] [429/459] MDKI
[03:49:19] [430/459] SMRN
[03:49:19] [431/459] PTBC
[03:49:20] [432/459] RADI
[03:49:21] [433/459] ADCR
[03:49:22] [434/459] SDCS
[03:49:23] [435/459] SRPJ
[03:49:23] [436/459] ARTS
[03:49:24] [437/459] SRHK
[03:49:25] [438/459] SPAY
[03:49:26] [439/459] GPTB
[03:49:26] [440/459] SNNN
[03:49:27] [441/459] BALJ
[03:49:28] [442/459] TRIG
[03:49:29] [443/459] GTYT
[03:49:30] [444/459] ATGN
[03:49:31] [445/459] ANTE
[03:49:32] [446/459] BDCG
[03:49:33] [447/459] VECI
[03:49:34] [448/459] SCPR
[03:49:35] [449/459] RTEA
[03:49:35] [450/459] JSAI
[03:49:37] [451/459] VJTP
[03:49:38] [452/459] GNDS
[03:49:39] [453/459] PAXA
[03:49:40] [454/459] CGGM
[03:49:41] [455/459] ACKZ
[03:49:42] [456/459] EMCC
[03:49:43] [457/459] KLSK
[03:49:44] [458/459] AVCK
[03:49:44] [459/459] JTCK
[03:49:45] ✅ DONE | Shows=98 | Movies=4
[04:42:34] 🚀 BMS DAILY TRACKER STARTED
[04:42:34] [1/459] NECA
[04:42:34] 🧠 New identity
[04:42:36] [2/459] BJLC
[04:42:37] [3/459] BASU
[04:42:38] [4/459] RUPI
[04:42:39] [5/459] LCBK
[04:42:40] [6/459] PMAC
[04:42:41] [7/459] AMLC
[04:42:42] [8/459] LICL
[04:42:42] [9/459] UDMM
[04:42:43] [10/459] STBZ
[04:42:44] [11/459] UUBT
[04:42:45] [12/459] SJKC
[04:42:45] [13/459] TUAL
[04:42:46] [14/459] MRSE
[04:42:47] [15/459] RMRK
[04:42:49] [16/459] TTKP
[04:42:50] [17/459] KTKO
[04:42:51] [18/459] SDBK
[04:42:52] [19/459] MCPR
[04:42:53] [20/459] CHTI
[04:42:54] [21/459] GCCP
[04:42:55] [22/459] SRMY
[04:42:56] [23/459] NYST
[04:42:57] [24/459] NYAG
[04:42:57] [25/459] SBMT
[04:42:58] [26/459] INGA
[04:42:59] [27/459] WSIC
[04:43:00] [28/459] SCSS
[04:43:01] [29/459] COPG
[04:43:02] [30/459] RCGR
[04:43:03] [31/459] TCZA
[04:43:04] [32/459] CNLP
[04:43:04] [33/459] CLKN
[04:43:05] [34/459] LHDF
[04:43:07] [35/459] ELKC
[04:43:08] [36/459] VCEM
[04:43:09] [37/459] SSZA
[04:43:09] [38/459] KRMT
[04:43:10] [39/459] LCMV
[04:43:11] [40/459] AYCZ
[04:43:12] [41/459] CUMS
[04:43:13] [42/459] BOCK
[04:43:13] [43/459] PNMR
[04:43:14] [44/459] PJCP
[04:43:15] [45/459] JDDD
[04:43:16] [46/459] STMS
[04:43:16] [47/459] FLMB
[04:43:17] [48/459] PKCM
[04:43:18] [49/459] SPPR
[04:43:19] [50/459] EYLH
[04:43:20] [51/459] RJCC
[04:43:21] [52/459] MMPS
[04:43:22] [53/459] SHMX
[04:43:22] [54/459] CCNL
[04:43:23] [55/459] RCNV
[04:43:24] [56/459] MAAG
[04:43:25] [57/459] LXCM
[04:43:25] [58/459] RCNI
[04:43:26] [59/459] SNNI
[04:43:27] [60/459] LALC
[04:43:28] [61/459] SOCN
[04:43:29] [62/459] JHTP
[04:43:30] [63/459] PITP
[04:43:31] [64/459] CCKW
[04:43:32] [65/459] MCMC
[04:43:32] [66/459] DEES
[04:43:33] [67/459] SABT
[04:43:34] [68/459] VSPP
[04:43:35] [69/459] ABCT
[04:43:36] [70/459] JVTB
[04:43:37] [71/459] VCBD
[04:43:38] [72/459] RMGG
[04:43:39] [73/459] RNMH
[04:43:39] [74/459] SPGL
[04:43:41] [75/459] JTTR
[04:43:42] [76/459] SICS
[04:43:43] [77/459] SRMI
[04:43:44] [78/459] SSIJ
[04:43:45] [79/459] KFMT
[04:43:46] [80/459] VBIT
[04:43:47] [81/459] JKCT
[04:43:48] [82/459] GCGP
[04:43:48] [83/459] GDCS
[04:43:49] [84/459] TRBA
[04:43:51] [85/459] QUST
[04:43:52] [86/459] VSHM
[04:43:53] [87/459] SDCP
[04:43:53] [88/459] SNVS
[04:43:54] [89/459] NYTO
[04:43:55] [90/459] URWC
[04:43:56] [91/459] GTWH
[04:43:57] [92/459] PFCM
[04:43:58] [93/459] KRTA
[04:43:59] [94/459] AXMC
[04:43:59] [95/459] EVMC
[04:44:00] [96/459] HGSM
[04:44:01] [97/459] ACVM
[04:44:02] [98/459] PSKL
[04:44:03] [99/459] RDMP
[04:44:03] [100/459] RHGH
[04:44:04] [101/459] OMCM
[04:44:05] [102/459] DCCP
[04:44:05] [103/459] MCPB
[04:44:06] [104/459] ALCI
[04:44:07] [105/459] BLMX
[04:44:08] [106/459] BTMV
[04:44:09] [107/459] FVPN
[04:44:10] [108/459] CMAR
[04:44:10] [109/459] CEIM
[04:44:11] [110/459] CMVA
[04:44:12] [111/459] CPIV
[04:44:13] [112/459] CNPE
[04:44:14] [113/459] COLV
[04:44:15] [114/459] DNNV
[04:44:16] [115/459] HCAD
[04:44:16] [116/459] TAKA
[04:44:17] [117/459] INVD
[04:44:18] [118/459] IRMM
[04:44:19] [119/459] INSE
[04:44:20] [120/459] MRSW
[04:44:20] [121/459] MCVD
[04:44:21] [122/459] MCSO
[04:44:22] [123/459] PEVM
[04:44:23] [124/459] PVNL
[04:44:24] [125/459] PTCV
[04:44:25] [126/459] PRTC
[04:44:25] [127/459] RCVA
[04:44:26] [128/459] MTBN
[04:44:27] [129/459] LUCP
[04:44:28] [130/459] FMPT
[04:44:29] [131/459] JLSL
[04:44:30] [132/459] SBHA
[04:44:30] [133/459] SHRC
[04:44:31] [134/459] AVPS
[04:44:32] [135/459] STPM
[04:44:33] [136/459] ATRD
[04:44:34] [137/459] VTED
[04:44:35] [138/459] ACAI
[04:44:36] [139/459] SMAE
[04:44:37] [140/459] VMAT
[04:44:37] [141/459] LKCT
[04:44:38] [142/459] JTVK
[04:44:39] [143/459] PRTY
[04:44:40] [144/459] GETT
[04:44:41] [145/459] ESAP
[04:44:42] [146/459] NCPM
[04:44:42] [147/459] PCPA
[04:44:43] [148/459] MMOM
[04:44:44] [149/459] PHUP
[04:44:45] [150/459] CCPI
[04:44:46] [151/459] CNTD
[04:44:46] [152/459] NLJR
[04:44:47] [153/459] SRNG
[04:44:47] [154/459] MHAL
[04:44:48] [155/459] PNSM
[04:44:49] [156/459] DRMY
[04:44:50] [157/459] CCMU
[04:44:50] [158/459] SCMY
[04:44:51] [159/459] PVSY
[04:44:52] [160/459] SDLM
[04:44:53] [161/459] ICCM
[04:44:54] [162/459] PYSU
[04:44:54] [163/459] GATM
[04:44:55] [164/459] WOTM
[04:44:56] [165/459] RKTS
[04:44:57] [166/459] PMTY
[04:44:58] [167/459] LYMS
[04:44:59] [168/459] TGCA
[04:45:00] [169/459] DSTA
[04:45:00] [170/459] CNGE
[04:45:01] [171/459] VSTG
[04:45:02] [172/459] GTCK
[04:45:03] [173/459] TGNT
[04:45:04] [174/459] ASLC
[04:45:05] [175/459] SSST
[04:45:05] [176/459] KBTT
[04:45:06] [177/459] HKCP
[04:45:07] [178/459] SWLC
[04:45:08] [179/459] RTND
[04:45:09] [180/459] PKKT
[04:45:10] [181/459] HSTK
[04:45:10] [182/459] SPTT
[04:45:11] [183/459] IMPM
[04:45:12] [184/459] SCMV
[04:45:13] [185/459] SPCT
[04:45:13] [186/459] JBCA
[04:45:15] [187/459] ATTR
[04:45:16] [188/459] SPMT
[04:45:16] [189/459] LCTM
[04:45:17] [190/459] SCVL
[04:45:18] [191/459] SCVT
[04:45:19] [192/459] KRIC
[04:45:19] [193/459] CTMG
[04:45:20] [194/459] ACNC
[04:45:21] [195/459] DMCK
[04:45:21] [196/459] KMTV
[04:45:22] [197/459] PFCJ
[04:45:23] [198/459] VNMD
[04:45:25] [199/459] VPCZ
[04:45:25] [200/459] SRYR
[04:45:26] [201/459] SYTR
[04:45:28] [202/459] GATR
[04:45:28] [203/459] URTR
[04:45:29] [204/459] MKSM
[04:45:30] [205/459] VSMH
[04:45:31] [206/459] SKRJ
[04:45:32] [207/459] SSJR
[04:45:32] [208/459] SVSM
[04:45:33] [209/459] RUCM
[04:45:34] [210/459] PRKN
[04:45:35] [211/459] RROH
[04:45:36] [212/459] SCTN
[04:45:37] [213/459] RTDM
[04:45:38] [214/459] ASRM
[04:45:39] [215/459] SKMD
[04:45:40] [216/459] SUTD
[04:45:41] [217/459] SADM
[04:45:42] [218/459] WCNR
[04:45:43] [219/459] CNED
[04:45:44] [220/459] MPDB
[04:45:45] [221/459] KTBH
[04:45:46] [222/459] IDRM
[04:45:47] [223/459] PJJT
[04:45:47] [224/459] PFCV
[04:45:48] [225/459] AACT
[04:45:50] [226/459] AAAD
[04:45:51] [227/459] ANES
[04:45:52] [228/459] MNCA
[04:45:53] [229/459] RMGU
[04:45:54] [230/459] DLCN
[04:45:55] [231/459] LJWT
[04:45:56] [232/459] MCBG
[04:45:56] [233/459] MYBG
[04:45:57] [234/459] GCCA
[04:45:58] [235/459] GCGA
[04:45:59] [236/459] ECGN
[04:46:00] [237/459] PRAB
[04:46:01] [238/459] PNMP
[04:46:02] [239/459] GCPT
[04:46:03] [240/459] ROYN
[04:46:04] [241/459] VATM
[04:46:04] [242/459] KSNT
[04:46:05] [243/459] ACTC
[04:46:06] [244/459] PLTD
[04:46:07] [245/459] SKMK
[04:46:08] [246/459] CMTT
[04:46:09] [247/459] SMXP
[04:46:10] [248/459] SCMX
[04:46:10] [249/459] ACXN
[04:46:11] [250/459] ASWT
[04:46:12] [251/459] VVVL
[04:46:13] [252/459] NAGO
[04:46:14] [253/459] SNCN
[04:46:15] [254/459] MCKP
[04:46:16] [255/459] SAMO
[04:46:18] [256/459] JBTV
[04:46:19] [257/459] DCVV
[04:46:19] [258/459] KMSV
[04:46:20] [259/459] KDCN
[04:46:21] [260/459] CNCP
[04:46:22] [261/459] HAMC
[04:46:24] [262/459] CCVZ
[04:46:25] [263/459] NCCK
[04:46:25] [264/459] MCHR
[04:46:26] [265/459] SCHT
[04:46:27] [266/459] ESSH
[04:46:27] [267/459] CUJC
[04:46:29] [268/459] PECP
[04:46:30] [269/459] PMMI
[04:46:30] [270/459] PCCH
[04:46:31] [271/459] PRPM
[04:46:32] [272/459] PVKL
[04:46:33] [273/459] CBSM
[04:46:34] [274/459] PVCZ
[04:46:35] [275/459] PCVV
[04:46:35] [276/459] CTMJ
[04:46:36] [277/459] RCPS
[04:46:37] [278/459] PCIT
[04:46:38] [279/459] FNCH
[04:46:39] [280/459] INZD
[04:46:39] [281/459] INPC
[04:46:40] [282/459] LCZP
[04:46:41] [283/459] SMCB
[04:46:42] [284/459] PTSB
[04:46:43] [285/459] TPSI
[04:46:44] [286/459] KHMJ
[04:46:45] [287/459] RCCJ
[04:46:45] [288/459] NCJA
[04:46:46] [289/459] NCJN
[04:46:47] [290/459] BTDP
[04:46:48] [291/459] PADY
[04:46:49] [292/459] NYBH
[04:46:50] [293/459] MTBR
[04:46:51] [294/459] KRBC
[04:46:52] [295/459] DKTI
[04:46:53] [296/459] ANAN
[04:46:53] [297/459] INBP
[04:46:55] [298/459] PATB
[04:46:56] [299/459] RGNT
[04:46:57] [300/459] CGPM
[04:46:58] [301/459] INTN
[04:46:59] [302/459] MCMP
[04:46:59] [303/459] ASRG
[04:47:00] [304/459] CXJD
[04:47:01] [305/459] SPCP
[04:47:02] [306/459] CSTP
[04:47:02] [307/459] PKVC
[04:47:03] [308/459] ESCP
[04:47:04] [309/459] CAEP
[04:47:05] [310/459] CCSP
[04:47:06] [311/459] KTPC
[04:47:06] [312/459] DACA
[04:47:07] [313/459] NVKY
[04:47:08] [314/459] PTIN
[04:47:09] [315/459] SCIN
[04:47:10] [316/459] MCTY
[04:47:10] [317/459] PCMX
[04:47:11] [318/459] INIC
[04:47:12] [319/459] MMZM
[04:47:13] [320/459] SSLP
[04:47:14] [321/459] DTDT
[04:47:15] [322/459] FFCX
[04:47:16] [323/459] RCMM
[04:47:17] [324/459] KYID
[04:47:18] [325/459] CSCI
[04:47:19] [326/459] FCMC
[04:47:19] [327/459] MMXI
[04:47:20] [328/459] ASTC
[04:47:21] [329/459] CMRA
[04:47:22] [330/459] DICI
[04:47:23] [331/459] KDIN
[04:47:24] [332/459] PRFI
[04:47:24] [333/459] SVFC
[04:47:25] [334/459] UCPL
[04:47:26] [335/459] COOC
[04:47:27] [336/459] SCAL
[04:47:27] [337/459] SVFF
[04:47:28] [338/459] VCMG
[04:47:29] [339/459] UUCT
[04:47:30] [340/459] GCSE
[04:47:31] [341/459] SUSC
[04:47:32] [342/459] MISC
[04:47:33] [343/459] RMBL
[04:47:34] [344/459] CMXN
[04:47:35] [345/459] PVBK
[04:47:36] [346/459] HHCG
[04:47:37] [347/459] SCAG
[04:47:38] [348/459] CNPR
[04:47:39] [349/459] CSER
[04:47:41] [350/459] HLWD
[04:47:41] [351/459] BOLY
[04:47:42] [352/459] SSPG
[04:47:43] [353/459] MUPX
[04:47:44] [354/459] HAMR
[04:47:45] [355/459] SDNC
[04:47:45] [356/459] RTEN
[04:47:46] [357/459] SDTD
[04:47:47] [358/459] KAWS
[04:47:48] [359/459] CMZX
[04:47:48] [360/459] DCDD
[04:47:49] [361/459] ALSN
[04:47:50] [362/459] IMXS
[04:47:51] [363/459] PVFF
[04:47:52] [364/459] PVOO
[04:47:52] [365/459] CFBS
[04:47:53] [366/459] PVER
[04:47:54] [367/459] PPNX
[04:47:56] [368/459] CNRM
[04:47:56] [369/459] PVWW
[04:47:57] [370/459] INMB
[04:47:59] [371/459] CPJR
[04:48:00] [372/459] INRZ
[04:48:00] [373/459] PMSR
[04:48:01] [374/459] GPGM
[04:48:02] [375/459] PGWB
[04:48:03] [376/459] PMBR
[04:48:04] [377/459] GPAM
[04:48:05] [378/459] INBC
[04:48:06] [379/459] PZVK
[04:48:07] [380/459] CPEB
[04:48:08] [381/459] FMLB
[04:48:09] [382/459] INBG
[04:48:09] [383/459] GPBR
[04:48:11] [384/459] PAAS
[04:48:12] [385/459] VTBR
[04:48:13] [386/459] GPMY
[04:48:13] [387/459] GYBU
[04:48:14] [388/459] INBJ
[04:48:15] [389/459] LKTH
[04:48:16] [390/459] NSBR
[04:48:17] [391/459] PDRD
[04:48:18] [392/459] VRBL
[04:48:19] [393/459] VTGB
[04:48:19] [394/459] VTSK
[04:48:20] [395/459] BKDV
[04:48:21] [396/459] SVTB
[04:48:22] [397/459] MLDT
[04:48:22] [398/459] NRBL
[04:48:23] [399/459] SLTR
[04:48:24] [400/459] VNKA
[04:48:25] [401/459] TDCA
[04:48:26] [402/459] INBM
[04:48:27] [403/459] SSNR
[04:48:28] [404/459] BHAC
[04:48:28] [405/459] SDSD
[04:48:29] [406/459] SAMP
[04:48:31] [407/459] RATK
[04:48:32] [408/459] KCBI
[04:48:32] [409/459] URBL
[04:48:33] [410/459] MKBG
[04:48:34] [411/459] ASTB
[04:48:35] [412/459] VBWT
[04:48:35] [413/459] GPSM
[04:48:36] [414/459] ROON
[04:48:37] [415/459] CHTH
[04:48:38] [416/459] SSPA
[04:48:38] [417/459] ANBL
[04:48:39] [418/459] VTBE
[04:48:40] [419/459] SVKT
[04:48:41] [420/459] SVYK
[04:48:42] [421/459] PTBK
[04:48:43] [422/459] RKTB
[04:48:43] [423/459] BALT
[04:48:45] [424/459] STSV
[04:48:46] [425/459] VCCB
[04:48:48] [426/459] SLTB
[04:48:48] [427/459] SBCR
[04:48:49] [428/459] VDCS
[04:48:50] [429/459] MDKI
[04:48:51] [430/459] SMRN
[04:48:52] [431/459] PTBC
[04:48:52] [432/459] RADI
[04:48:53] [433/459] ADCR
[04:48:54] [434/459] SDCS
[04:48:55] [435/459] SRPJ
[04:48:56] [436/459] ARTS
[04:48:57] [437/459] SRHK
[04:48:58] [438/459] SPAY
[04:48:59] [439/459] GPTB
[04:48:59] [440/459] SNNN
[04:49:00] [441/459] BALJ
[04:49:01] [442/459] TRIG
[04:49:02] [443/459] GTYT
[04:49:03] [444/459] ATGN
[04:49:04] [445/459] ANTE
[04:49:04] [446/459] BDCG
[04:49:05] [447/459] VECI
[04:49:06] [448/459] SCPR
[04:49:07] [449/459] RTEA
[04:49:08] [450/459] JSAI
[04:49:08] [451/459] VJTP
[04:49:09] [452/459] GNDS
[04:49:10] [453/459] PAXA
[04:49:11] [454/459] CGGM
[04:49:12] [455/459] ACKZ
[04:49:13] [456/459] EMCC
[04:49:14] [457/459] KLSK
[04:49:14] [458/459] AVCK
[04:49:16] [459/459] JTCK
[04:49:17] ✅ DONE | Shows=140 | Movies=8
[06:29:26] 🚀 BMS DAILY TRACKER STARTED
[06:29:26] [1/459] NECA
[06:29:26] 🧠 New identity
[06:29:27] [2/459] BJLC
[06:29:28] [3/459] BASU
[06:29:29] [4/459] RUPI
[06:29:30] [5/459] LCBK
[06:29:31] [6/459] PMAC
[06:29:31] [7/459] AMLC
[06:29:32] [8/459] LICL
[06:29:33] [9/459] UDMM
[06:29:34] [10/459] STBZ
[06:29:35] [11/459] UUBT
[06:29:36] [12/459] SJKC
[06:29:36] [13/459] TUAL
[06:29:37] [14/459] MRSE
[06:29:38] [15/459] RMRK
[06:29:39] [16/459] TTKP
[06:29:40] [17/459] KTKO
[06:29:41] [18/459] SDBK
[06:29:42] [19/459] MCPR
[06:29:43] [20/459] CHTI
[06:29:44] [21/459] GCCP
[06:29:44] [22/459] SRMY
[06:29:45] [23/459] NYST
[06:29:46] [24/459] NYAG
[06:29:48] [25/459] SBMT
[06:29:48] [26/459] INGA
[06:29:49] [27/459] WSIC
[06:29:50] [28/459] SCSS
[06:29:51] [29/459] COPG
[06:29:52] [30/459] RCGR
[06:29:53] [31/459] TCZA
[06:29:54] [32/459] CNLP
[06:29:55] [33/459] CLKN
[06:29:56] [34/459] LHDF
[06:29:57] [35/459] ELKC
[06:29:58] [36/459] VCEM
[06:29:59] [37/459] SSZA
[06:30:00] [38/459] KRMT
[06:30:01] [39/459] LCMV
[06:30:02] [40/459] AYCZ
[06:30:03] [41/459] CUMS
[06:30:04] [42/459] BOCK
[06:30:05] [43/459] PNMR
[06:30:06] [44/459] PJCP
[06:30:07] [45/459] JDDD
[06:30:08] [46/459] STMS
[06:30:09] [47/459] FLMB
[06:30:10] [48/459] PKCM
[06:30:11] [49/459] SPPR
[06:30:12] [50/459] EYLH
[06:30:12] [51/459] RJCC
[06:30:13] [52/459] MMPS
[06:30:14] [53/459] SHMX
[06:30:15] [54/459] CCNL
[06:30:16] [55/459] RCNV
[06:30:17] [56/459] MAAG
[06:30:18] [57/459] LXCM
[06:30:19] [58/459] RCNI
[06:30:19] [59/459] SNNI
[06:30:20] [60/459] LALC
[06:30:21] [61/459] SOCN
[06:30:23] [62/459] JHTP
[06:30:24] [63/459] PITP
[06:30:25] [64/459] CCKW
[06:30:26] [65/459] MCMC
[06:30:27] [66/459] DEES
[06:30:28] [67/459] SABT
[06:30:29] [68/459] VSPP
[06:30:30] [69/459] ABCT
[06:30:31] [70/459] JVTB
[06:30:32] [71/459] VCBD
[06:30:32] [72/459] RMGG
[06:30:33] [73/459] RNMH
[06:30:34] [74/459] SPGL
[06:30:35] [75/459] JTTR
[06:30:36] [76/459] SICS
[06:30:37] [77/459] SRMI
[06:30:38] [78/459] SSIJ
[06:30:39] [79/459] KFMT
[06:30:39] [80/459] VBIT
[06:30:40] [81/459] JKCT
[06:30:41] [82/459] GCGP
[06:30:42] [83/459] GDCS
[06:30:43] [84/459] TRBA
[06:30:44] [85/459] QUST
[06:30:44] [86/459] VSHM
[06:30:45] [87/459] SDCP
[06:30:46] [88/459] SNVS
[06:30:47] [89/459] NYTO
[06:30:48] [90/459] URWC
[06:30:49] [91/459] GTWH
[06:30:50] [92/459] PFCM
[06:30:51] [93/459] KRTA
[06:30:52] [94/459] AXMC
[06:30:53] [95/459] EVMC
[06:30:54] [96/459] HGSM
[06:30:55] [97/459] ACVM
[06:30:56] [98/459] PSKL
[06:30:57] [99/459] RDMP
[06:30:57] [100/459] RHGH
[06:30:58] [101/459] OMCM
[06:31:00] [102/459] DCCP
[06:31:01] [103/459] MCPB
[06:31:02] [104/459] ALCI
[06:31:03] [105/459] BLMX
[06:31:04] [106/459] BTMV
[06:31:05] [107/459] FVPN
[06:31:05] [108/459] CMAR
[06:31:06] [109/459] CEIM
[06:31:07] [110/459] CMVA
[06:31:09] [111/459] CPIV
[06:31:09] [112/459] CNPE
[06:31:10] [113/459] COLV
[06:31:12] [114/459] DNNV
[06:31:13] [115/459] HCAD
[06:31:13] [116/459] TAKA
[06:31:14] [117/459] INVD
[06:31:15] [118/459] IRMM
[06:31:16] [119/459] INSE
[06:31:16] [120/459] MRSW
[06:31:17] [121/459] MCVD
[06:31:18] [122/459] MCSO
[06:31:19] [123/459] PEVM
[06:31:20] [124/459] PVNL
[06:31:21] [125/459] PTCV
[06:31:22] [126/459] PRTC
[06:31:23] [127/459] RCVA
[06:31:23] [128/459] MTBN
[06:31:24] [129/459] LUCP
[06:31:25] [130/459] FMPT
[06:31:26] [131/459] JLSL
[06:31:27] [132/459] SBHA
[06:31:28] [133/459] SHRC
[06:31:28] [134/459] AVPS
[06:31:29] [135/459] STPM
[06:31:30] [136/459] ATRD
[06:31:31] [137/459] VTED
[06:31:32] [138/459] ACAI
[06:31:32] [139/459] SMAE
[06:31:33] [140/459] VMAT
[06:31:34] [141/459] LKCT
[06:31:35] [142/459] JTVK
[06:31:36] [143/459] PRTY
[06:31:37] [144/459] GETT
[06:31:38] [145/459] ESAP
[06:31:39] [146/459] NCPM
[06:31:40] [147/459] PCPA
[06:31:42] [148/459] MMOM
[06:31:43] [149/459] PHUP
[06:31:44] [150/459] CCPI
[06:31:44] [151/459] CNTD
[06:31:45] [152/459] NLJR
[06:31:46] [153/459] SRNG
[06:31:48] [154/459] MHAL
[06:31:48] [155/459] PNSM
[06:31:49] [156/459] DRMY
[06:31:50] [157/459] CCMU
[06:31:51] [158/459] SCMY
[06:31:52] [159/459] PVSY
[06:31:53] [160/459] SDLM
[06:31:54] [161/459] ICCM
[06:31:56] [162/459] PYSU
[06:31:56] [163/459] GATM
[06:31:57] [164/459] WOTM
[06:31:58] [165/459] RKTS
[06:31:59] [166/459] PMTY
[06:32:00] [167/459] LYMS
[06:32:00] [168/459] TGCA
[06:32:01] [169/459] DSTA
[06:32:02] [170/459] CNGE
[06:32:04] [171/459] VSTG
[06:32:04] [172/459] GTCK
[06:32:05] [173/459] TGNT
[06:32:06] [174/459] ASLC
[06:32:08] [175/459] SSST
[06:32:08] [176/459] KBTT
[06:32:09] [177/459] HKCP
[06:32:10] [178/459] SWLC
[06:32:11] [179/459] RTND
[06:32:12] [180/459] PKKT
[06:32:12] [181/459] HSTK
[06:32:13] [182/459] SPTT
[06:32:14] [183/459] IMPM
[06:32:15] [184/459] SCMV
[06:32:17] [185/459] SPCT
[06:32:17] [186/459] JBCA
[06:32:18] [187/459] ATTR
[06:32:19] [188/459] SPMT
[06:32:20] [189/459] LCTM
[06:32:21] [190/459] SCVL
[06:32:21] [191/459] SCVT
[06:32:22] [192/459] KRIC
[06:32:23] [193/459] CTMG
[06:32:24] [194/459] ACNC
[06:32:25] [195/459] DMCK
[06:32:25] [196/459] KMTV
[06:32:27] [197/459] PFCJ
[06:32:28] [198/459] VNMD
[06:32:29] [199/459] VPCZ
[06:32:29] [200/459] SRYR
[06:32:30] [201/459] SYTR
[06:32:31] [202/459] GATR
[06:32:32] [203/459] URTR
[06:32:32] [204/459] MKSM
[06:32:33] [205/459] VSMH
[06:32:34] [206/459] SKRJ
[06:32:35] [207/459] SSJR
[06:32:36] [208/459] SVSM
[06:32:36] [209/459] RUCM
[06:32:37] [210/459] PRKN
[06:32:38] [211/459] RROH
[06:32:39] [212/459] SCTN
[06:32:40] [213/459] RTDM
[06:32:40] [214/459] ASRM
[06:32:41] [215/459] SKMD
[06:32:42] [216/459] SUTD
[06:32:43] [217/459] SADM
[06:32:44] [218/459] WCNR
[06:32:44] [219/459] CNED
[06:32:45] [220/459] MPDB
[06:32:46] [221/459] KTBH
[06:32:46] [222/459] IDRM
[06:32:47] [223/459] PJJT
[06:32:48] [224/459] PFCV
[06:32:49] [225/459] AACT
[06:32:50] [226/459] AAAD
[06:32:51] [227/459] ANES
[06:32:52] [228/459] MNCA
[06:32:53] [229/459] RMGU
[06:32:54] [230/459] DLCN
[06:32:55] [231/459] LJWT
[06:32:55] [232/459] MCBG
[06:32:56] [233/459] MYBG
[06:32:57] [234/459] GCCA
[06:32:59] [235/459] GCGA
[06:33:00] [236/459] ECGN
[06:33:01] [237/459] PRAB
[06:33:01] [238/459] PNMP
[06:33:03] [239/459] GCPT
[06:33:04] [240/459] ROYN
[06:33:04] [241/459] VATM
[06:33:05] [242/459] KSNT
[06:33:06] [243/459] ACTC
[06:33:08] [244/459] PLTD
[06:33:09] [245/459] SKMK
[06:33:09] [246/459] CMTT
[06:33:10] [247/459] SMXP
[06:33:11] [248/459] SCMX
[06:33:12] [249/459] ACXN
[06:33:13] [250/459] ASWT
[06:33:13] [251/459] VVVL
[06:33:14] [252/459] NAGO
[06:33:15] [253/459] SNCN
[06:33:16] [254/459] MCKP
[06:33:17] [255/459] SAMO
[06:33:18] [256/459] JBTV
[06:33:19] [257/459] DCVV
[06:33:20] [258/459] KMSV
[06:33:21] [259/459] KDCN
[06:33:22] [260/459] CNCP
[06:33:23] [261/459] HAMC
[06:33:24] [262/459] CCVZ
[06:33:25] [263/459] NCCK
[06:33:25] [264/459] MCHR
[06:33:26] [265/459] SCHT
[06:33:27] [266/459] ESSH
[06:33:28] [267/459] CUJC
[06:33:29] [268/459] PECP
[06:33:30] [269/459] PMMI
[06:33:31] [270/459] PCCH
[06:33:32] [271/459] PRPM
[06:33:34] [272/459] PVKL
[06:33:34] [273/459] CBSM
[06:33:35] [274/459] PVCZ
[06:33:36] [275/459] PCVV
[06:33:37] [276/459] CTMJ
[06:33:38] [277/459] RCPS
[06:33:38] [278/459] PCIT
[06:33:39] [279/459] FNCH
[06:33:40] [280/459] INZD
[06:33:41] [281/459] INPC
[06:33:42] [282/459] LCZP
[06:33:43] [283/459] SMCB
[06:33:43] [284/459] PTSB
[06:33:44] [285/459] TPSI
[06:33:45] [286/459] KHMJ
[06:33:46] [287/459] RCCJ
[06:33:46] [288/459] NCJA
[06:33:47] [289/459] NCJN
[06:33:48] [290/459] BTDP
[06:33:49] [291/459] PADY
[06:33:50] [292/459] NYBH
[06:33:51] [293/459] MTBR
[06:33:51] [294/459] KRBC
[06:33:52] [295/459] DKTI
[06:33:53] [296/459] ANAN
[06:33:54] [297/459] INBP
[06:33:55] [298/459] PATB
[06:33:55] [299/459] RGNT
[06:33:57] [300/459] CGPM
[06:33:58] [301/459] INTN
[06:33:59] [302/459] MCMP
[06:34:00] [303/459] ASRG
[06:34:00] [304/459] CXJD
[06:34:02] [305/459] SPCP
[06:34:03] [306/459] CSTP
[06:34:04] [307/459] PKVC
[06:34:04] [308/459] ESCP
[06:34:05] [309/459] CAEP
[06:34:06] [310/459] CCSP
[06:34:07] [311/459] KTPC
[06:34:08] [312/459] DACA
[06:34:08] [313/459] NVKY
[06:34:09] [314/459] PTIN
[06:34:11] [315/459] SCIN
[06:34:11] [316/459] MCTY
[06:34:12] [317/459] PCMX
[06:34:13] [318/459] INIC
[06:34:14] [319/459] MMZM
[06:34:15] [320/459] SSLP
[06:34:16] [321/459] DTDT
[06:34:17] [322/459] FFCX
[06:34:17] [323/459] RCMM
[06:34:18] [324/459] KYID
[06:34:19] [325/459] CSCI
[06:34:20] [326/459] FCMC
[06:34:21] [327/459] MMXI
[06:34:22] [328/459] ASTC
[06:34:23] [329/459] CMRA
[06:34:24] [330/459] DICI
[06:34:25] [331/459] KDIN
[06:34:25] [332/459] PRFI
[06:34:26] [333/459] SVFC
[06:34:27] [334/459] UCPL
[06:34:28] [335/459] COOC
[06:34:29] [336/459] SCAL
[06:34:30] [337/459] SVFF
[06:34:31] [338/459] VCMG
[06:34:32] [339/459] UUCT
[06:34:33] [340/459] GCSE
[06:34:34] [341/459] SUSC
[06:34:35] [342/459] MISC
[06:34:36] [343/459] RMBL
[06:34:37] [344/459] CMXN
[06:34:38] [345/459] PVBK
[06:34:39] [346/459] HHCG
[06:34:39] [347/459] SCAG
[06:34:41] [348/459] CNPR
[06:34:42] [349/459] CSER
[06:34:43] [350/459] HLWD
[06:34:44] [351/459] BOLY
[06:34:44] [352/459] SSPG
[06:34:45] [353/459] MUPX
[06:34:46] [354/459] HAMR
[06:34:47] [355/459] SDNC
[06:34:48] [356/459] RTEN
[06:34:48] [357/459] SDTD
[06:34:49] [358/459] KAWS
[06:34:50] [359/459] CMZX
[06:34:51] [360/459] DCDD
[06:34:52] [361/459] ALSN
[06:34:53] [362/459] IMXS
[06:34:54] [363/459] PVFF
[06:34:55] [364/459] PVOO
[06:34:56] [365/459] CFBS
[06:34:56] [366/459] PVER
[06:34:57] [367/459] PPNX
[06:34:58] [368/459] CNRM
[06:34:59] [369/459] PVWW
[06:35:00] [370/459] INMB
[06:35:01] [371/459] CPJR
[06:35:02] [372/459] INRZ
[06:35:03] [373/459] PMSR
[06:35:04] [374/459] GPGM
[06:35:06] [375/459] PGWB
[06:35:06] [376/459] PMBR
[06:35:07] [377/459] GPAM
[06:35:09] [378/459] INBC
[06:35:09] [379/459] PZVK
[06:35:11] [380/459] CPEB
[06:35:12] [381/459] FMLB
[06:35:13] [382/459] INBG
[06:35:14] [383/459] GPBR
[06:35:14] [384/459] PAAS
[06:35:15] [385/459] VTBR
[06:35:16] [386/459] GPMY
[06:35:17] [387/459] GYBU
[06:35:18] [388/459] INBJ
[06:35:18] [389/459] LKTH
[06:35:19] [390/459] NSBR
[06:35:20] [391/459] PDRD
[06:35:21] [392/459] VRBL
[06:35:22] [393/459] VTGB
[06:35:23] [394/459] VTSK
[06:35:23] [395/459] BKDV
[06:35:24] [396/459] SVTB
[06:35:25] [397/459] MLDT
[06:35:26] [398/459] NRBL
[06:35:26] [399/459] SLTR
[06:35:27] [400/459] VNKA
[06:35:28] [401/459] TDCA
[06:35:29] [402/459] INBM
[06:35:30] [403/459] SSNR
[06:35:30] [404/459] BHAC
[06:35:31] [405/459] SDSD
[06:35:32] [406/459] SAMP
[06:35:33] [407/459] RATK
[06:35:34] [408/459] KCBI
[06:35:34] [409/459] URBL
[06:35:35] [410/459] MKBG
[06:35:36] [411/459] ASTB
[06:35:37] [412/459] VBWT
[06:35:38] [413/459] GPSM
[06:35:39] [414/459] ROON
[06:35:39] [415/459] CHTH
[06:35:40] [416/459] SSPA
[06:35:41] [417/459] ANBL
[06:35:42] [418/459] VTBE
[06:35:43] [419/459] SVKT
[06:35:43] [420/459] SVYK
[06:35:44] [421/459] PTBK
[06:35:45] [422/459] RKTB
[06:35:46] [423/459] BALT
[06:35:47] [424/459] STSV
[06:35:47] [425/459] VCCB
[06:35:49] [426/459] SLTB
[06:35:50] [427/459] SBCR
[06:35:51] [428/459] VDCS
[06:35:51] [429/459] MDKI
[06:35:52] [430/459] SMRN
[06:35:53] [431/459] PTBC
[06:35:54] [432/459] RADI
[06:35:55] [433/459] ADCR
[06:35:56] [434/459] SDCS
[06:35:56] [435/459] SRPJ
[06:35:57] [436/459] ARTS
[06:35:58] [437/459] SRHK
[06:35:59] [438/459] SPAY
[06:35:59] [439/459] GPTB
[06:36:01] [440/459] SNNN
[06:36:02] [441/459] BALJ
[06:36:02] [442/459] TRIG
[06:36:03] [443/459] GTYT
[06:36:04] [444/459] ATGN
[06:36:05] [445/459] ANTE
[06:36:06] [446/459] BDCG
[06:36:07] [447/459] VECI
[06:36:08] [448/459] SCPR
[06:36:09] [449/459] RTEA
[06:36:10] [450/459] JSAI
[06:36:11] [451/459] VJTP
[06:36:12] [452/459] GNDS
[06:36:12] [453/459] PAXA
[06:36:13] [454/459] CGGM
[06:36:14] [455/459] ACKZ
[06:36:15] [456/459] EMCC
[06:36:16] [457/459] KLSK
[06:36:17] [458/459] AVCK
[06:36:17] [459/459] JTCK
[06:36:18] ✅ DONE | Shows=512 | Movies=31
[08:25:33] 🚀 BMS DAILY TRACKER STARTED
[08:25:33] [1/459] NECA
[08:25:33] 🧠 New identity
[08:25:34] [2/459] BJLC
[08:25:35] [3/459] BASU
[08:25:35] [4/459] RUPI
[08:25:36] [5/459] LCBK
[08:25:37] [6/459] PMAC
[08:25:38] [7/459] AMLC
[08:25:39] [8/459] LICL
[08:25:40] [9/459] UDMM
[08:25:41] [10/459] STBZ
[08:25:42] [11/459] UUBT
[08:25:43] [12/459] SJKC
[08:25:44] [13/459] TUAL
[08:25:45] [14/459] MRSE
[08:25:46] [15/459] RMRK
[08:25:47] [16/459] TTKP
[08:25:47] [17/459] KTKO
[08:25:48] [18/459] SDBK
[08:25:50] [19/459] MCPR
[08:25:50] [20/459] CHTI
[08:25:52] [21/459] GCCP
[08:25:53] [22/459] SRMY
[08:25:54] [23/459] NYST
[08:25:55] [24/459] NYAG
[08:25:57] [25/459] SBMT
[08:25:57] [26/459] INGA
[08:25:58] [27/459] WSIC
[08:25:59] [28/459] SCSS
[08:26:00] [29/459] COPG
[08:26:01] [30/459] RCGR
[08:26:01] [31/459] TCZA
[08:26:03] [32/459] CNLP
[08:26:04] [33/459] CLKN
[08:26:05] [34/459] LHDF
[08:26:06] [35/459] ELKC
[08:26:07] [36/459] VCEM
[08:26:08] [37/459] SSZA
[08:26:09] [38/459] KRMT
[08:26:10] [39/459] LCMV
[08:26:11] [40/459] AYCZ
[08:26:11] [41/459] CUMS
[08:26:12] [42/459] BOCK
[08:26:13] [43/459] PNMR
[08:26:14] [44/459] PJCP
[08:26:14] [45/459] JDDD
[08:26:15] [46/459] STMS
[08:26:16] [47/459] FLMB
[08:26:17] [48/459] PKCM
[08:26:18] [49/459] SPPR
[08:26:18] [50/459] EYLH
[08:26:19] [51/459] RJCC
[08:26:20] [52/459] MMPS
[08:26:21] [53/459] SHMX
[08:26:22] [54/459] CCNL
[08:26:22] [55/459] RCNV
[08:26:23] [56/459] MAAG
[08:26:24] [57/459] LXCM
[08:26:25] [58/459] RCNI
[08:26:26] [59/459] SNNI
[08:26:26] [60/459] LALC
[08:26:27] [61/459] SOCN
[08:26:28] [62/459] JHTP
[08:26:29] [63/459] PITP
[08:26:29] [64/459] CCKW
[08:26:30] [65/459] MCMC
[08:26:31] [66/459] DEES
[08:26:32] [67/459] SABT
[08:26:33] [68/459] VSPP
[08:26:34] [69/459] ABCT
[08:26:35] [70/459] JVTB
[08:26:36] [71/459] VCBD
[08:26:37] [72/459] RMGG
[08:26:38] [73/459] RNMH
[08:26:39] [74/459] SPGL
[08:26:39] [75/459] JTTR
[08:26:40] [76/459] SICS
[08:26:42] [77/459] SRMI
[08:26:42] [78/459] SSIJ
[08:26:43] [79/459] KFMT
[08:26:44] [80/459] VBIT
[08:26:45] [81/459] JKCT
[08:26:46] [82/459] GCGP
[08:26:46] [83/459] GDCS
[08:26:47] [84/459] TRBA
[08:26:48] [85/459] QUST
[08:26:49] [86/459] VSHM
[08:26:49] [87/459] SDCP
[08:26:51] [88/459] SNVS
[08:26:52] [89/459] NYTO
[08:26:53] [90/459] URWC
[08:26:53] [91/459] GTWH
[08:26:54] [92/459] PFCM
[08:26:55] [93/459] KRTA
[08:26:56] [94/459] AXMC
[08:26:57] [95/459] EVMC
[08:26:58] [96/459] HGSM
[08:26:59] [97/459] ACVM
[08:27:00] [98/459] PSKL
[08:27:02] [99/459] RDMP
[08:27:03] [100/459] RHGH
[08:27:04] [101/459] OMCM
[08:27:05] [102/459] DCCP
[08:27:05] [103/459] MCPB
[08:27:06] [104/459] ALCI
[08:27:07] [105/459] BLMX
[08:27:08] [106/459] BTMV
[08:27:09] [107/459] FVPN
[08:27:10] [108/459] CMAR
[08:27:11] [109/459] CEIM
[08:27:11] [110/459] CMVA
[08:27:12] [111/459] CPIV
[08:27:13] [112/459] CNPE
[08:27:14] [113/459] COLV
[08:27:15] [114/459] DNNV
[08:27:16] [115/459] HCAD
[08:27:17] [116/459] TAKA
[08:27:18] [117/459] INVD
[08:27:20] [118/459] IRMM
[08:27:20] [119/459] INSE
[08:27:21] [120/459] MRSW
[08:27:22] [121/459] MCVD
[08:27:23] [122/459] MCSO
[08:27:23] [123/459] PEVM
[08:27:24] [124/459] PVNL
[08:27:25] [125/459] PTCV
[08:27:26] [126/459] PRTC
[08:27:27] [127/459] RCVA
[08:27:27] [128/459] MTBN
[08:27:28] [129/459] LUCP
[08:27:29] [130/459] FMPT
[08:27:30] [131/459] JLSL
[08:27:31] [132/459] SBHA
[08:27:32] [133/459] SHRC
[08:27:33] [134/459] AVPS
[08:27:34] [135/459] STPM
[08:27:34] [136/459] ATRD
[08:27:35] [137/459] VTED
[08:27:36] [138/459] ACAI
[08:27:37] [139/459] SMAE
[08:27:38] [140/459] VMAT
[08:27:39] [141/459] LKCT
[08:27:39] [142/459] JTVK
[08:27:40] [143/459] PRTY
[08:27:41] [144/459] GETT
[08:27:42] [145/459] ESAP
[08:27:43] [146/459] NCPM
[08:27:44] [147/459] PCPA
[08:27:45] [148/459] MMOM
[08:27:46] [149/459] PHUP
[08:27:46] [150/459] CCPI
[08:27:47] [151/459] CNTD
[08:27:48] [152/459] NLJR
[08:27:49] [153/459] SRNG
[08:27:50] [154/459] MHAL
[08:27:51] [155/459] PNSM
[08:27:51] [156/459] DRMY
[08:27:52] [157/459] CCMU
[08:27:53] [158/459] SCMY
[08:27:54] [159/459] PVSY
[08:27:55] [160/459] SDLM
[08:27:55] [161/459] ICCM
[08:27:56] [162/459] PYSU
[08:27:57] [163/459] GATM
[08:27:59] [164/459] WOTM
[08:27:59] [165/459] RKTS
[08:28:00] [166/459] PMTY
[08:28:01] [167/459] LYMS
[08:28:02] [168/459] TGCA
[08:28:03] [169/459] DSTA
[08:28:04] [170/459] CNGE
[08:28:05] [171/459] VSTG
[08:28:06] [172/459] GTCK
[08:28:07] [173/459] TGNT
[08:28:08] [174/459] ASLC
[08:28:08] [175/459] SSST
[08:28:09] [176/459] KBTT
[08:28:10] [177/459] HKCP
[08:28:11] [178/459] SWLC
[08:28:11] [179/459] RTND
[08:28:12] [180/459] PKKT
[08:28:13] [181/459] HSTK
[08:28:14] [182/459] SPTT
[08:28:15] [183/459] IMPM
[08:28:17] [184/459] SCMV
[08:28:18] [185/459] SPCT
[08:28:19] [186/459] JBCA
[08:28:19] [187/459] ATTR
[08:28:20] [188/459] SPMT
[08:28:21] [189/459] LCTM
[08:28:22] [190/459] SCVL
[08:28:23] [191/459] SCVT
[08:28:23] [192/459] KRIC
[08:28:24] [193/459] CTMG
[08:28:26] [194/459] ACNC
[08:28:26] [195/459] DMCK
[08:28:27] [196/459] KMTV
[08:28:28] [197/459] PFCJ
[08:28:29] [198/459] VNMD
[08:28:30] [199/459] VPCZ
[08:28:32] [200/459] SRYR
[08:28:33] [201/459] SYTR
[08:28:33] [202/459] GATR
[08:28:34] [203/459] URTR
[08:28:35] [204/459] MKSM
[08:28:36] [205/459] VSMH
[08:28:37] [206/459] SKRJ
[08:28:38] [207/459] SSJR
[08:28:38] [208/459] SVSM
[08:28:39] [209/459] RUCM
[08:28:40] [210/459] PRKN
[08:28:41] [211/459] RROH
[08:28:41] [212/459] SCTN
[08:28:42] [213/459] RTDM
[08:28:43] [214/459] ASRM
[08:28:44] [215/459] SKMD
[08:28:44] [216/459] SUTD
[08:28:45] [217/459] SADM
[08:28:46] [218/459] WCNR
[08:28:47] [219/459] CNED
[08:28:48] [220/459] MPDB
[08:28:48] [221/459] KTBH
[08:28:49] [222/459] IDRM
[08:28:50] [223/459] PJJT
[08:28:50] [224/459] PFCV
[08:28:51] [225/459] AACT
[08:28:52] [226/459] AAAD
[08:28:53] [227/459] ANES
[08:28:54] [228/459] MNCA
[08:28:55] [229/459] RMGU
[08:28:55] [230/459] DLCN
[08:28:56] [231/459] LJWT
[08:28:57] [232/459] MCBG
[08:28:58] [233/459] MYBG
[08:28:59] [234/459] GCCA
[08:29:00] [235/459] GCGA
[08:29:00] [236/459] ECGN
[08:29:01] [237/459] PRAB
[08:29:02] [238/459] PNMP
[08:29:03] [239/459] GCPT
[08:29:03] [240/459] ROYN
[08:29:04] [241/459] VATM
[08:29:05] [242/459] KSNT
[08:29:06] [243/459] ACTC
[08:29:07] [244/459] PLTD
[08:29:08] [245/459] SKMK
[08:29:08] [246/459] CMTT
[08:29:09] [247/459] SMXP
[08:29:10] [248/459] SCMX
[08:29:11] [249/459] ACXN
[08:29:12] [250/459] ASWT
[08:29:13] [251/459] VVVL
[08:29:13] [252/459] NAGO
[08:29:14] [253/459] SNCN
[08:29:15] [254/459] MCKP
[08:29:16] [255/459] SAMO
[08:29:17] [256/459] JBTV
[08:29:18] [257/459] DCVV
[08:29:19] [258/459] KMSV
[08:29:19] [259/459] KDCN
[08:29:20] [260/459] CNCP
[08:29:21] [261/459] HAMC
[08:29:22] [262/459] CCVZ
[08:29:22] [263/459] NCCK
[08:29:23] [264/459] MCHR
[08:29:24] [265/459] SCHT
[08:29:25] [266/459] ESSH
[08:29:26] [267/459] CUJC
[08:29:27] [268/459] PECP
[08:29:27] [269/459] PMMI
[08:29:28] [270/459] PCCH
[08:29:29] [271/459] PRPM
[08:29:30] [272/459] PVKL
[08:29:31] [273/459] CBSM
[08:29:31] [274/459] PVCZ
[08:29:32] [275/459] PCVV
[08:29:33] [276/459] CTMJ
[08:29:34] [277/459] RCPS
[08:29:35] [278/459] PCIT
[08:29:36] [279/459] FNCH
[08:29:36] [280/459] INZD
[08:29:37] [281/459] INPC
[08:29:38] [282/459] LCZP
[08:29:39] [283/459] SMCB
[08:29:39] [284/459] PTSB
[08:29:40] [285/459] TPSI
[08:29:41] [286/459] KHMJ
[08:29:42] [287/459] RCCJ
[08:29:43] [288/459] NCJA
[08:29:44] [289/459] NCJN
[08:29:45] [290/459] BTDP
[08:29:46] [291/459] PADY
[08:29:47] [292/459] NYBH
[08:29:48] [293/459] MTBR
[08:29:49] [294/459] KRBC
[08:29:50] [295/459] DKTI
[08:29:50] [296/459] ANAN
[08:29:51] [297/459] INBP
[08:29:53] [298/459] PATB
[08:29:54] [299/459] RGNT
[08:29:55] [300/459] CGPM
[08:29:55] [301/459] INTN
[08:29:56] [302/459] MCMP
[08:29:57] [303/459] ASRG
[08:29:57] [304/459] CXJD
[08:29:58] [305/459] SPCP
[08:29:59] [306/459] CSTP
[08:30:00] [307/459] PKVC
[08:30:01] [308/459] ESCP
[08:30:02] [309/459] CAEP
[08:30:03] [310/459] CCSP
[08:30:04] [311/459] KTPC
[08:30:05] [312/459] DACA
[08:30:06] [313/459] NVKY
[08:30:06] [314/459] PTIN
[08:30:07] [315/459] SCIN
[08:30:08] [316/459] MCTY
[08:30:09] [317/459] PCMX
[08:30:10] [318/459] INIC
[08:30:11] [319/459] MMZM
[08:30:12] [320/459] SSLP
[08:30:12] [321/459] DTDT
[08:30:13] [322/459] FFCX
[08:30:14] [323/459] RCMM
[08:30:15] [324/459] KYID
[08:30:15] [325/459] CSCI
[08:30:16] [326/459] FCMC
[08:30:17] [327/459] MMXI
[08:30:18] [328/459] ASTC
[08:30:19] [329/459] CMRA
[08:30:20] [330/459] DICI
[08:30:21] [331/459] KDIN
[08:30:22] [332/459] PRFI
[08:30:23] [333/459] SVFC
[08:30:25] [334/459] UCPL
[08:30:26] [335/459] COOC
[08:30:26] [336/459] SCAL
[08:30:27] [337/459] SVFF
[08:30:28] [338/459] VCMG
[08:30:29] [339/459] UUCT
[08:30:30] [340/459] GCSE
[08:30:31] [341/459] SUSC
[08:30:32] [342/459] MISC
[08:30:32] [343/459] RMBL
[08:30:33] [344/459] CMXN
[08:30:34] [345/459] PVBK
[08:30:35] [346/459] HHCG
[08:30:35] [347/459] SCAG
[08:30:36] [348/459] CNPR
[08:30:37] [349/459] CSER
[08:30:38] [350/459] HLWD
[08:30:39] [351/459] BOLY
[08:30:39] [352/459] SSPG
[08:30:40] [353/459] MUPX
[08:30:42] [354/459] HAMR
[08:30:43] [355/459] SDNC
[08:30:43] [356/459] RTEN
[08:30:44] [357/459] SDTD
[08:30:45] [358/459] KAWS
[08:30:46] [359/459] CMZX
[08:30:47] [360/459] DCDD
[08:30:48] [361/459] ALSN
[08:30:50] [362/459] IMXS
[08:30:51] [363/459] PVFF
[08:30:52] [364/459] PVOO
[08:30:53] [365/459] CFBS
[08:30:53] [366/459] PVER
[08:30:54] [367/459] PPNX
[08:30:55] [368/459] CNRM
[08:30:56] [369/459] PVWW
[08:30:56] [370/459] INMB
[08:30:57] [371/459] CPJR
[08:30:58] [372/459] INRZ
[08:30:59] [373/459] PMSR
[08:31:00] [374/459] GPGM
[08:31:00] [375/459] PGWB
[08:31:01] [376/459] PMBR
[08:31:02] [377/459] GPAM
[08:31:03] [378/459] INBC
[08:31:04] [379/459] PZVK
[08:31:04] [380/459] CPEB
[08:31:05] [381/459] FMLB
[08:31:06] [382/459] INBG
[08:31:06] [383/459] GPBR
[08:31:07] [384/459] PAAS
[08:31:08] [385/459] VTBR
[08:31:09] [386/459] GPMY
[08:31:10] [387/459] GYBU
[08:31:11] [388/459] INBJ
[08:31:12] [389/459] LKTH
[08:31:13] [390/459] NSBR
[08:31:14] [391/459] PDRD
[08:31:14] [392/459] VRBL
[08:31:15] [393/459] VTGB
[08:31:16] [394/459] VTSK
[08:31:16] [395/459] BKDV
[08:31:17] [396/459] SVTB
[08:31:18] [397/459] MLDT
[08:31:20] [398/459] NRBL
[08:31:20] [399/459] SLTR
[08:31:21] [400/459] VNKA
[08:31:23] [401/459] TDCA
[08:31:23] [402/459] INBM
[08:31:24] [403/459] SSNR
[08:31:25] [404/459] BHAC
[08:31:26] [405/459] SDSD
[08:31:27] [406/459] SAMP
[08:31:27] [407/459] RATK
[08:31:28] [408/459] KCBI
[08:31:30] [409/459] URBL
[08:31:31] [410/459] MKBG
[08:31:31] [411/459] ASTB
[08:31:32] [412/459] VBWT
[08:31:33] [413/459] GPSM
[08:31:34] [414/459] ROON
[08:31:34] [415/459] CHTH
[08:31:35] [416/459] SSPA
[08:31:36] [417/459] ANBL
[08:31:37] [418/459] VTBE
[08:31:38] [419/459] SVKT
[08:31:38] [420/459] SVYK
[08:31:39] [421/459] PTBK
[08:31:40] [422/459] RKTB
[08:31:41] [423/459] BALT
[08:31:42] [424/459] STSV
[08:31:43] [425/459] VCCB
[08:31:44] [426/459] SLTB
[08:31:45] [427/459] SBCR
[08:31:45] [428/459] VDCS
[08:31:46] [429/459] MDKI
[08:31:47] [430/459] SMRN
[08:31:48] [431/459] PTBC
[08:31:49] [432/459] RADI
[08:31:49] [433/459] ADCR
[08:31:51] [434/459] SDCS
[08:31:52] [435/459] SRPJ
[08:31:53] [436/459] ARTS
[08:31:53] [437/459] SRHK
[08:31:55] [438/459] SPAY
[08:31:56] [439/459] GPTB
[08:31:57] [440/459] SNNN
[08:31:58] [441/459] BALJ
[08:32:00] [442/459] TRIG
[08:32:00] [443/459] GTYT
[08:32:01] [444/459] ATGN
[08:32:02] [445/459] ANTE
[08:32:02] [446/459] BDCG
[08:32:03] [447/459] VECI
[08:32:04] [448/459] SCPR
[08:32:05] [449/459] RTEA
[08:32:06] [450/459] JSAI
[08:32:06] [451/459] VJTP
[08:32:08] [452/459] GNDS
[08:32:09] [453/459] PAXA
[08:32:09] [454/459] CGGM
[08:32:10] [455/459] ACKZ
[08:32:11] [456/459] EMCC
[08:32:12] [457/459] KLSK
[08:32:12] [458/459] AVCK
[08:32:13] [459/459] JTCK
[08:32:14] ✅ DONE | Shows=1161 | Movies=62
