[00:40:15] 🚀 BMS DAILY TRACKER STARTED
[00:40:15] [1/445] TGMR
[00:40:15] 🧠 New identity
[00:40:16] [2/445] CXKR
[00:40:17] [3/445] SROP
[00:40:18] [4/445] GTSV
[00:40:18] [5/445] SNTY
[00:40:19] [6/445] SMYY
[00:40:20] [7/445] CNCS
[00:40:21] [8/445] CSTM
[00:40:22] [9/445] NUCD
[00:40:24] [10/445] SHCZ
[00:40:25] [11/445] NJCT
[00:40:25] [12/445] COPC
[00:40:26] [13/445] STVV
[00:40:27] [14/445] SKRN
[00:40:28] [15/445] APPZ
[00:40:29] [16/445] YMGN
[00:40:29] [17/445] SVTU
[00:40:30] [18/445] GTAD
[00:40:32] [19/445] PSUS
[00:40:33] [20/445] SMCD
[00:40:33] [21/445] CMCM
[00:40:34] [22/445] SYCT
[00:40:35] [23/445] STLY
[00:40:36] [24/445] CMHU
[00:40:37] [25/445] CMSA
[00:40:38] [26/445] CLCU
[00:40:39] [27/445] PPNT
[00:40:40] [28/445] JTAB
[00:40:41] [29/445] BUUC
[00:40:42] [30/445] BSVK
[00:40:42] [31/445] VVVQ
[00:40:43] [32/445] TKMU
[00:40:44] [33/445] ESYL
[00:40:45] [34/445] ACHP
[00:40:47] [35/445] BTKD
[00:40:47] [36/445] DESA
[00:40:48] [37/445] GBCT
[00:40:49] [38/445] BLLD
[00:40:50] [39/445] SKNT
[00:40:51] [40/445] SSTE
[00:40:51] [41/445] VJMR
[00:40:52] [42/445] NTPU
[00:40:53] [43/445] RDKN
[00:40:54] [44/445] ADGC
[00:40:55] [45/445] VRBP
[00:40:55] [46/445] NMNA
[00:40:56] [47/445] CMMX
[00:40:57] [48/445] PTKO
[00:40:58] [49/445] RBML
[00:40:59] [50/445] SAIC
[00:41:00] [51/445] SVTJ
[00:41:01] [52/445] MRTE
[00:41:02] [53/445] RBTP
[00:41:03] [54/445] NLPS
[00:41:03] [55/445] GTNA
[00:41:04] [56/445] DGGC
[00:41:05] [57/445] SMCR
[00:41:06] [58/445] SCGD
[00:41:07] [59/445] SRRJ
[00:41:07] [60/445] CNRY
[00:41:08] [61/445] KTDI
[00:41:10] [62/445] SNJL
[00:41:10] [63/445] RKMD
[00:41:11] [64/445] SMDC
[00:41:12] [65/445] TADG
[00:41:13] [66/445] MCGS
[00:41:14] [67/445] PETK
[00:41:14] [68/445] CHAG
[00:41:15] [69/445] KSTL
[00:41:16] [70/445] AADS
[00:41:17] [71/445] NTHZ
[00:41:18] [72/445] HCKI
[00:41:19] [73/445] SSEF
[00:41:20] [74/445] MCGX
[00:41:21] [75/445] ERRA
[00:41:22] [76/445] SDTW
[00:41:22] [77/445] RMPK
[00:41:24] [78/445] PTHK
[00:41:25] [79/445] PXCS
[00:41:26] [80/445] SVLU
[00:41:26] [81/445] STAH
[00:41:27] [82/445] JRGF
[00:41:28] [83/445] CDOK
[00:41:29] [84/445] CMSG
[00:41:30] [85/445] APTD
[00:41:31] [86/445] KMPG
[00:41:32] [87/445] MUTJ
[00:41:33] [88/445] VCCI
[00:41:33] [89/445] URBE
[00:41:34] [90/445] TCTS
[00:41:35] [91/445] STSN
[00:41:36] [92/445] AKCH
[00:41:36] [93/445] APSC
[00:41:38] [94/445] VLTB
[00:41:39] [95/445] SANU
[00:41:40] [96/445] AXAM
[00:41:41] [97/445] MGMG
[00:41:41] [98/445] HTBY
[00:41:42] [99/445] MMZS
[00:41:43] [100/445] SUDR
[00:41:44] [101/445] CCAD
[00:41:45] [102/445] SKKC
[00:41:46] [103/445] RMCD
[00:41:47] [104/445] SBCQ
[00:41:48] [105/445] DCCT
[00:41:50] [106/445] VTKP
[00:41:51] [107/445] MLAM
[00:41:52] [108/445] SAVT
[00:41:53] [109/445] GEPL
[00:41:54] [110/445] AMCD
[00:41:55] [111/445] CCXR
[00:41:55] [112/445] GRNG
[00:41:56] [113/445] EBCA
[00:41:57] [114/445] CNVG
[00:41:58] [115/445] MWSS
[00:42:00] [116/445] VBOR
[00:42:01] [117/445] NEEB
[00:42:02] [118/445] SUTH
[00:42:03] [119/445] ANDB
[00:42:04] [120/445] MMXS
[00:42:05] [121/445] CNPD
[00:42:05] [122/445] SDCE
[00:42:06] [123/445] DHCB
[00:42:07] [124/445] ODEN
[00:42:08] [125/445] TNTC
[00:42:09] [126/445] VBKM
[00:42:09] [127/445] RZYM
[00:42:10] [128/445] JEMC
[00:42:11] [129/445] CMAU
[00:42:12] [130/445] SIVP
[00:42:13] [131/445] ATAG
[00:42:14] [132/445] CHTM
[00:42:15] [133/445] AAEE
[00:42:16] [134/445] IWPM
[00:42:17] [135/445] KCMW
[00:42:18] [136/445] MCTD
[00:42:19] [137/445] SPWR
[00:42:20] [138/445] SDPO
[00:42:21] [139/445] PCSK
[00:42:22] [140/445] ACHV
[00:42:23] [141/445] SVLA
[00:42:24] [142/445] PICT
[00:42:24] [143/445] BXDR
[00:42:25] [144/445] SPWA
[00:42:26] [145/445] MCKO
[00:42:27] [146/445] RTHK
[00:42:28] [147/445] CCMF
[00:42:29] [148/445] MRGB
[00:42:30] [149/445] CPLC
[00:42:31] [150/445] RACD
[00:42:32] [151/445] ATKT
[00:42:32] [152/445] SARN
[00:42:33] [153/445] KKUI
[00:42:34] [154/445] RGCM
[00:42:35] [155/445] BRVP
[00:42:36] [156/445] HRSR
[00:42:36] [157/445] GKGM
[00:42:37] [158/445] TTCD
[00:42:38] [159/445] PTTI
[00:42:39] [160/445] MPTT
[00:42:40] [161/445] CVTT
[00:42:41] [162/445] PCXD
[00:42:42] [163/445] GCDC
[00:42:43] [164/445] CCCF
[00:42:44] [165/445] MRAD
[00:42:44] [166/445] CPLK
[00:42:46] [167/445] SATB
[00:42:47] [168/445] SNVG
[00:42:47] [169/445] JMBA
[00:42:48] [170/445] TEJA
[00:42:49] [171/445] STYO
[00:42:50] [172/445] JTBP
[00:42:51] [173/445] KRGD
[00:42:52] [174/445] SLJJ
[00:42:52] [175/445] SPTJ
[00:42:53] [176/445] SWJG
[00:42:54] [177/445] LKRT
[00:42:55] [178/445] KCKA
[00:42:56] [179/445] SNCR
[00:42:57] [180/445] SMKL
[00:42:58] [181/445] GCFA
[00:42:59] [182/445] DDCK
[00:42:59] [183/445] NCHJ
[00:43:00] [184/445] RDMA
[00:43:01] [185/445] SVSV
[00:43:02] [186/445] SCJG
[00:43:03] [187/445] VKLP
[00:43:04] [188/445] NWCC
[00:43:04] [189/445] VKNS
[00:43:05] [190/445] SDDP
[00:43:06] [191/445] ACSI
[00:43:07] [192/445] SATG
[00:43:08] [193/445] SCMW
[00:43:09] [194/445] LKTK
[00:43:09] [195/445] VCKV
[00:43:10] [196/445] KKPE
[00:43:11] [197/445] KIGH
[00:43:12] [198/445] SRPM
[00:43:13] [199/445] SCAH
[00:43:15] [200/445] MUTA
[00:43:16] [201/445] SEPU
[00:43:16] [202/445] INOA
[00:43:17] [203/445] BASK
[00:43:18] [204/445] NECB
[00:43:19] [205/445] GTTG
[00:43:20] [206/445] ASSA
[00:43:21] [207/445] ANCL
[00:43:21] [208/445] GCTI
[00:43:22] [209/445] RCTS
[00:43:23] [210/445] ACNL
[00:43:24] [211/445] MYCT
[00:43:25] [212/445] NMHT
[00:43:26] [213/445] MDIT
[00:43:26] [214/445] LATG
[00:43:27] [215/445] SMTY
[00:43:28] [216/445] CVCT
[00:43:30] [217/445] RAMB
[00:43:31] [218/445] TGMS
[00:43:31] [219/445] BHEL
[00:43:32] [220/445] SHCT
[00:43:33] [221/445] SVCT
[00:43:34] [222/445] MRIY
[00:43:35] [223/445] SARO
[00:43:36] [224/445] STCT
[00:43:36] [225/445] JKKC
[00:43:37] [226/445] PLTT
[00:43:38] [227/445] SRNT
[00:43:39] [228/445] YAST
[00:43:40] [229/445] PERL
[00:43:41] [230/445] CICM
[00:43:42] [231/445] MMTR
[00:43:43] [232/445] ABTK
[00:43:44] [233/445] ATYY
[00:43:45] [234/445] ASTK
[00:43:46] [235/445] VVCK
[00:43:47] [236/445] ATKY
[00:43:48] [237/445] GWEK
[00:43:48] [238/445] SVFH
[00:43:50] [239/445] SLTA
[00:43:51] [240/445] AASH
[00:43:52] [241/445] ACXB
[00:43:53] [242/445] SMTX
[00:43:54] [243/445] AZDH
[00:43:55] [244/445] CMMH
[00:43:56] [245/445] SCSZ
[00:43:57] [246/445] SCKP
[00:43:58] [247/445] NXTM
[00:43:59] [248/445] NWCS
[00:44:00] [249/445] CXMH
[00:44:01] [250/445] PCMA
[00:44:01] [251/445] SGCM
[00:44:02] [252/445] SDTU
[00:44:03] [253/445] MMVI
[00:44:04] [254/445] JKCM
[00:44:05] [255/445] VCMM
[00:44:05] [256/445] SYEE
[00:44:07] [257/445] VASD
[00:44:08] [258/445] BDRB
[00:44:09] [259/445] LASM
[00:44:10] [260/445] DCRL
[00:44:11] [261/445] DVPM
[00:44:11] [262/445] SBMJ
[00:44:12] [263/445] CBMU
[00:44:13] [264/445] IUBS
[00:44:14] [265/445] INAP
[00:44:15] [266/445] SRRC
[00:44:16] [267/445] SAGR
[00:44:16] [268/445] CPMJ
[00:44:17] [269/445] ATJL
[00:44:19] [270/445] NNTD
[00:44:20] [271/445] JHCJ
[00:44:21] [272/445] CMMP
[00:44:21] [273/445] RSDR
[00:44:22] [274/445] AMTI
[00:44:23] [275/445] NYSG
[00:44:25] [276/445] AVSG
[00:44:25] [277/445] SYTP
[00:44:26] [278/445] LARC
[00:44:27] [279/445] RJTP
[00:44:28] [280/445] LAKC
[00:44:30] [281/445] MCXE
[00:44:31] [282/445] CCZC
[00:44:32] [283/445] AVCH
[00:44:33] [284/445] CMBE
[00:44:34] [285/445] MRRC
[00:44:34] [286/445] PCPY
[00:44:35] [287/445] SRMH
[00:44:36] [288/445] SVGS
[00:44:36] [289/445] PCSE
[00:44:38] [290/445] SVFT
[00:44:39] [291/445] TNZP
[00:44:40] [292/445] ICTP
[00:44:40] [293/445] ACTZ
[00:44:41] [294/445] GTUR
[00:44:42] [295/445] MAFC
[00:44:44] [296/445] MINL
[00:44:44] [297/445] MRCL
[00:44:45] [298/445] RCRP
[00:44:46] [299/445] RFFG
[00:44:47] [300/445] RMAS
[00:44:48] [301/445] INVR
[00:44:49] [302/445] RMAR
[00:44:49] [303/445] CNIS
[00:44:50] [304/445] RHRJ
[00:44:52] [305/445] INXR
[00:44:53] [306/445] VALT
[00:44:54] [307/445] LCSH
[00:44:54] [308/445] CMVS
[00:44:55] [309/445] CNMS
[00:44:56] [310/445] ROOG
[00:44:57] [311/445] ISRM
[00:44:58] [312/445] RCRM
[00:44:59] [313/445] ACJA
[00:44:59] [314/445] RCVS
[00:45:00] [315/445] CPUS
[00:45:01] [316/445] TGCS
[00:45:02] [317/445] RKCJ
[00:45:03] [318/445] MKSB
[00:45:04] [319/445] TCSJ
[00:45:05] [320/445] RMGP
[00:45:06] [321/445] CLLP
[00:45:07] [322/445] RCMV
[00:45:08] [323/445] CCKS
[00:45:08] [324/445] RSRP
[00:45:09] [325/445] APLP
[00:45:10] [326/445] CNVS
[00:45:12] [327/445] RMVY
[00:45:12] [328/445] PGBD
[00:45:13] [329/445] KLMS
[00:45:14] [330/445] RUST
[00:45:15] [331/445] MASM
[00:45:16] [332/445] BACS
[00:45:17] [333/445] BWST
[00:45:18] [334/445] RRFH
[00:45:18] [335/445] SJTM
[00:45:20] [336/445] BEMR
[00:45:20] [337/445] MCGR
[00:45:21] [338/445] SDSK
[00:45:22] [339/445] VBOL
[00:45:23] [340/445] RMGM
[00:45:24] [341/445] NOPL
[00:45:25] [342/445] MKJK
[00:45:26] [343/445] CVRN
[00:45:27] [344/445] MMEN
[00:45:28] [345/445] AMNG
[00:45:29] [346/445] INTM
[00:45:29] [347/445] SLCZ
[00:45:30] [348/445] AMJN
[00:45:31] [349/445] ACJN
[00:45:33] [350/445] AMKN
[00:45:34] [351/445] BTCN
[00:45:34] [352/445] AMBT
[00:45:35] [353/445] PACN
[00:45:36] [354/445] LCNS
[00:45:37] [355/445] PPKC
[00:45:38] [356/445] JYYN
[00:45:39] [357/445] JTNR
[00:45:39] [358/445] GTEE
[00:45:40] [359/445] SRNM
[00:45:41] [360/445] SDTC
[00:45:42] [361/445] VPCA
[00:45:43] [362/445] VLRA
[00:45:43] [363/445] SHKR
[00:45:44] [364/445] SBKD
[00:45:45] [365/445] SAAD
[00:45:46] [366/445] JTGN
[00:45:47] [367/445] SLAM
[00:45:48] [368/445] VTPM
[00:45:49] [369/445] ANPT
[00:45:50] [370/445] PUNB
[00:45:50] [371/445] CPKT
[00:45:51] [372/445] CNWE
[00:45:52] [373/445] ECPP
[00:45:53] [374/445] CPAR
[00:45:54] [375/445] ESBW
[00:45:55] [376/445] PKPU
[00:45:56] [377/445] CPRP
[00:45:57] [378/445] RAHU
[00:45:57] [379/445] RHMN
[00:45:58] [380/445] FMJP
[00:45:59] [381/445] CTMP
[00:46:00] [382/445] INPN
[00:46:01] [383/445] STTG
[00:46:02] [384/445] CTRD
[00:46:03] [385/445] PUVB
[00:46:04] [386/445] ESVP
[00:46:06] [387/445] CPFT
[00:46:07] [388/445] LCPC
[00:46:07] [389/445] VBCT
[00:46:08] [390/445] FSCW
[00:46:09] [391/445] VCMP
[00:46:10] [392/445] ASHC
[00:46:11] [393/445] VLCX
[00:46:12] [394/445] SHEV
[00:46:12] [395/445] APCO
[00:46:13] [396/445] SILC
[00:46:14] [397/445] SNMR
[00:46:15] [398/445] KYBO
[00:46:15] [399/445] SATK
[00:46:17] [400/445] SSCS
[00:46:18] [401/445] CLSB
[00:46:18] [402/445] KMJR
[00:46:19] [403/445] FSCK
[00:46:20] [404/445] NNKA
[00:46:21] [405/445] CLMK
[00:46:22] [406/445] DMPZ
[00:46:23] [407/445] INQM
[00:46:24] [408/445] CAML
[00:46:24] [409/445] INRK
[00:46:25] [410/445] IMKN
[00:46:26] [411/445] SVNR
[00:46:27] [412/445] INSL
[00:46:28] [413/445] MSMA
[00:46:29] [414/445] MCKK
[00:46:30] [415/445] FCHP
[00:46:31] [416/445] SFCR
[00:46:32] [417/445] NACK
[00:46:33] [418/445] PVAK
[00:46:34] [419/445] INER
[00:46:34] [420/445] RDBK
[00:46:35] [421/445] SVFN
[00:46:36] [422/445] IFRM
[00:46:37] [423/445] ATCK
[00:46:38] [424/445] ASKO
[00:46:38] [425/445] STKT
[00:46:39] [426/445] SVFB
[00:46:40] [427/445] INKS
[00:46:41] [428/445] PCRA
[00:46:42] [429/445] ATJA
[00:46:43] [430/445] IMJN
[00:46:44] [431/445] INHD
[00:46:45] [432/445] BARA
[00:46:46] [433/445] MCSL
[00:46:47] [434/445] RTOY
[00:46:47] [435/445] MENO
[00:46:48] [436/445] PUDM
[00:46:49] [437/445] PRCN
[00:46:50] [438/445] JMJR
[00:46:51] [439/445] SSGK
[00:46:52] [440/445] SSRL
[00:46:53] [441/445] JYKL
[00:46:54] [442/445] ACNB
[00:46:55] [443/445] SONP
[00:46:56] [444/445] EMCI
[00:46:58] [445/445] MRJH
[00:46:59] ✅ DONE | Shows=0 | Movies=0
