[00:40:21] 🚀 BMS DAILY TRACKER STARTED
[00:40:21] [1/459] FNDB
[00:40:21] 🧠 New identity
[00:40:22] [2/459] AMBH
[00:40:22] [3/459] PRHN
[00:40:23] [4/459] ACPM
[00:40:23] [5/459] PVFS
[00:40:24] [6/459] AACN
[00:40:24] [7/459] ACAS
[00:40:25] [8/459] CTNR
[00:40:26] [9/459] MMAH
[00:40:27] [10/459] CPMH
[00:40:27] [11/459] IGMH
[00:40:28] [12/459] ABCS
[00:40:28] [13/459] CMMA
[00:40:29] [14/459] GPRH
[00:40:30] [15/459] PNNG
[00:40:30] [16/459] AMCA
[00:40:31] [17/459] ISTN
[00:40:31] [18/459] PIIC
[00:40:32] [19/459] AHMH
[00:40:32] [20/459] ASHN
[00:40:33] [21/459] INHY
[00:40:34] [22/459] SRMO
[00:40:34] [23/459] PIMH
[00:40:35] [24/459] PVTS
[00:40:36] [25/459] MMCA
[00:40:36] [26/459] AKYJ
[00:40:36] [27/459] BRKH
[00:40:37] [28/459] MAHM
[00:40:38] [29/459] CPHY
[00:40:38] [30/459] PVTP
[00:40:39] [31/459] SMMR
[00:40:39] [32/459] PVHM
[00:40:40] [33/459] SNDY
[00:40:40] [34/459] GOKU
[00:40:41] [35/459] ACEV
[00:40:41] [36/459] PVUM
[00:40:42] [37/459] VSWA
[00:40:42] [38/459] IPRS
[00:40:43] [39/459] ASGN
[00:40:43] [40/459] BKMV
[00:40:44] [41/459] PVYH
[00:40:44] [42/459] INKM
[00:40:45] [43/459] ARJU
[00:40:45] [44/459] JJPP
[00:40:46] [45/459] SSRM
[00:40:46] [46/459] HMHD
[00:40:47] [47/459] SNKH
[00:40:48] [48/459] ACHI
[00:40:49] [49/459] MRAA
[00:40:49] [50/459] INMH
[00:40:50] [51/459] ARMH
[00:40:50] [52/459] DVRR
[00:40:51] [53/459] SUDA
[00:40:51] [54/459] MCSS
[00:40:52] [55/459] VRKC
[00:40:52] [56/459] PRCX
[00:40:53] [57/459] ASJY
[00:40:53] [58/459] MTHY
[00:40:54] [59/459] SRCM
[00:40:54] [60/459] TVHY
[00:40:55] [61/459] STHD
[00:40:55] [62/459] CPCL
[00:40:56] [63/459] PSMJ
[00:40:56] [64/459] MRGT
[00:40:57] [65/459] ARYH
[00:40:57] [66/459] VTRB
[00:40:58] [67/459] SCHC
[00:40:58] [68/459] MRRG
[00:40:59] [69/459] SPCB
[00:40:59] [70/459] AMCM
[00:41:00] [71/459] IVNM
[00:41:00] [72/459] TRHY
[00:41:01] [73/459] PTTH
[00:41:01] [74/459] RKMH
[00:41:02] [75/459] PRCS
[00:41:03] [76/459] VAJA
[00:41:03] [77/459] BJNG
[00:41:04] [78/459] SCVM
[00:41:04] [79/459] GNHB
[00:41:05] [80/459] TLUR
[00:41:05] [81/459] UKCC
[00:41:06] [82/459] SRKR
[00:41:06] [83/459] RMKN
[00:41:07] [84/459] SLRT
[00:41:07] [85/459] LKMT
[00:41:08] [86/459] SSRJ
[00:41:08] [87/459] SPHT
[00:41:09] [88/459] ANTT
[00:41:10] [89/459] SRCH
[00:41:10] [90/459] SRCA
[00:41:11] [91/459] ARTH
[00:41:12] [92/459] MCBH
[00:41:12] [93/459] SNIB
[00:41:13] [94/459] SART
[00:41:14] [95/459] SKTA
[00:41:14] [96/459] YAKT
[00:41:15] [97/459] MLCK
[00:41:15] [98/459] ANTS
[00:41:16] [99/459] DGCA
[00:41:17] [100/459] SGMP
[00:41:17] [101/459] ASWN
[00:41:18] [102/459] KFVU
[00:41:18] [103/459] POOR
[00:41:19] [104/459] GKDN
[00:41:20] [105/459] EOSE
[00:41:20] [106/459] GTTT
[00:41:21] [107/459] ARRO
[00:41:21] [108/459] CMMK
[00:41:22] [109/459] MSCN
[00:41:22] [110/459] GDKH
[00:41:23] [111/459] DLMT
[00:41:24] [112/459] PVMF
[00:41:24] [113/459] CPCK
[00:41:25] [114/459] VMHE
[00:41:25] [115/459] PVLC
[00:41:26] [116/459] PCVB
[00:41:26] [117/459] SNYK
[00:41:27] [118/459] KTEK
[00:41:27] [119/459] PCNM
[00:41:28] [120/459] NTTR
[00:41:28] [121/459] CPSK
[00:41:29] [122/459] JMMA
[00:41:30] [123/459] GCFK
[00:41:30] [124/459] MYCA
[00:41:31] [125/459] KSNP
[00:41:31] [126/459] PMCE
[00:41:32] [127/459] SCKI
[00:41:33] [128/459] FSMA
[00:41:33] [129/459] CETA
[00:41:34] [130/459] MCIK
[00:41:35] [131/459] MYCR
[00:41:36] [132/459] EVMP
[00:41:37] [133/459] SSGT
[00:41:38] [134/459] KCTK
[00:41:39] [135/459] ZTKC
[00:41:40] [136/459] MMTA
[00:41:41] [137/459] MAJT
[00:41:42] [138/459] ACPK
[00:41:44] [139/459] JMAX
[00:41:44] [140/459] SETK
[00:41:45] [141/459] CAIS
[00:41:46] [142/459] AGCD
[00:41:47] [143/459] URCL
[00:41:47] [144/459] VTDS
[00:41:48] [145/459] JCNM
[00:41:49] [146/459] KCAM
[00:41:50] [147/459] ADCU
[00:41:51] [148/459] GXYN
[00:41:52] [149/459] SMJG
[00:41:53] [150/459] EYCJ
[00:41:54] [151/459] CCEJ
[00:41:54] [152/459] MARS
[00:41:55] [153/459] CPVJ
[00:41:56] [154/459] INVP
[00:41:57] [155/459] CPOV
[00:41:58] [156/459] VIJK
[00:41:59] [157/459] LAIM
[00:41:59] [158/459] STHV
[00:42:00] [159/459] SVLJ
[00:42:01] [160/459] ATVJ
[00:42:02] [161/459] JTSC
[00:42:02] [162/459] RMTV
[00:42:03] [163/459] MGGG
[00:42:04] [164/459] SWTH
[00:42:06] [165/459] INVJ
[00:42:06] [166/459] PRSV
[00:42:07] [167/459] JATV
[00:42:08] [168/459] RCVD
[00:42:09] [169/459] BDMA
[00:42:10] [170/459] BLJI
[00:42:11] [171/459] SWOT
[00:42:11] [172/459] SWRN
[00:42:12] [173/459] TVRA
[00:42:13] [174/459] VCSV
[00:42:14] [175/459] NVRN
[00:42:15] [176/459] SIKC
[00:42:15] [177/459] VAKR
[00:42:16] [178/459] SYLN
[00:42:17] [179/459] KLJL
[00:42:18] [180/459] LKMY
[00:42:19] [181/459] VSLY
[00:42:19] [182/459] CIKO
[00:42:20] [183/459] GPBG
[00:42:21] [184/459] CECM
[00:42:22] [185/459] SLKB
[00:42:23] [186/459] MTBO
[00:42:23] [187/459] SSHB
[00:42:24] [188/459] VPCS
[00:42:25] [189/459] RCSR
[00:42:26] [190/459] RJRM
[00:42:27] [191/459] KPPB
[00:42:27] [192/459] SEDC
[00:42:28] [193/459] SCAI
[00:42:29] [194/459] RMTR
[00:42:30] [195/459] ASST
[00:42:30] [196/459] GCAK
[00:42:31] [197/459] ANNK
[00:42:32] [198/459] KDDF
[00:42:33] [199/459] NRDP
[00:42:34] [200/459] PLAK
[00:42:35] [201/459] GCMC
[00:42:35] [202/459] ALPY
[00:42:37] [203/459] SICE
[00:42:37] [204/459] SISR
[00:42:38] [205/459] SRPZ
[00:42:39] [206/459] SRSW
[00:42:40] [207/459] SUYA
[00:42:41] [208/459] AMMT
[00:42:41] [209/459] BHCU
[00:42:42] [210/459] KLPA
[00:42:43] [211/459] NVKH
[00:42:44] [212/459] JMRC
[00:42:44] [213/459] KTTT
[00:42:45] [214/459] MAGH
[00:42:46] [215/459] MMMX
[00:42:47] [216/459] SALJ
[00:42:48] [217/459] GTJA
[00:42:49] [218/459] MAHT
[00:42:50] [219/459] SSNN
[00:42:51] [220/459] ARRP
[00:42:51] [221/459] ATNS
[00:42:52] [222/459] SKDT
[00:42:53] [223/459] ACAT
[00:42:54] [224/459] APRC
[00:42:55] [225/459] SWAG
[00:42:55] [226/459] SDPT
[00:42:56] [227/459] STPS
[00:42:57] [228/459] WWCZ
[00:42:58] [229/459] LLCH
[00:42:58] [230/459] MZHA
[00:42:59] [231/459] CRJG
[00:43:00] [232/459] JGTK
[00:43:01] [233/459] KCSR
[00:43:02] [234/459] CHTL
[00:43:03] [235/459] EDSR
[00:43:03] [236/459] CSWO
[00:43:04] [237/459] CPVM
[00:43:05] [238/459] MXBY
[00:43:06] [239/459] FMMA
[00:43:06] [240/459] POVI
[00:43:07] [241/459] MTHB
[00:43:08] [242/459] INRC
[00:43:09] [243/459] PIPP
[00:43:10] [244/459] BMXC
[00:43:10] [245/459] PCMM
[00:43:11] [246/459] PMKM
[00:43:12] [247/459] GATY
[00:43:13] [248/459] IMCM
[00:43:14] [249/459] POPE
[00:43:15] [250/459] MTCR
[00:43:16] [251/459] PVAE
[00:43:16] [252/459] PVMI
[00:43:17] [253/459] CPNM
[00:43:18] [254/459] FMRL
[00:43:18] [255/459] MCIW
[00:43:20] [256/459] MXBO
[00:43:20] [257/459] FMKY
[00:43:21] [258/459] FMDA
[00:43:22] [259/459] THAB
[00:43:23] [260/459] PRCW
[00:43:23] [261/459] PITI
[00:43:24] [262/459] MCFF
[00:43:25] [263/459] PDDV
[00:43:26] [264/459] MCRM
[00:43:27] [265/459] KKMB
[00:43:27] [266/459] INKO
[00:43:28] [267/459] PLXP
[00:43:29] [268/459] MMHA
[00:43:30] [269/459] FMVS
[00:43:31] [270/459] POLM
[00:43:32] [271/459] STER
[00:43:33] [272/459] PVWJ
[00:43:33] [273/459] IMJW
[00:43:34] [274/459] FNAN
[00:43:35] [275/459] CAGL
[00:43:36] [276/459] IPBG
[00:43:37] [277/459] SMFV
[00:43:38] [278/459] MMMR
[00:43:38] [279/459] MMWM
[00:43:39] [280/459] FNCM
[00:43:40] [281/459] MDVA
[00:43:41] [282/459] MMET
[00:43:42] [283/459] MIDO
[00:43:42] [284/459] INNP
[00:43:43] [285/459] MIFU
[00:43:44] [286/459] MMSZ
[00:43:45] [287/459] BMXA
[00:43:45] [288/459] MCAA
[00:43:47] [289/459] SCVP
[00:43:48] [290/459] PLUS
[00:43:48] [291/459] MUCK
[00:43:49] [292/459] MTMA
[00:43:49] [293/459] HPVR
[00:43:50] [294/459] PMPK
[00:43:51] [295/459] MAJB
[00:43:52] [296/459] CTRR
[00:43:53] [297/459] MCTG
[00:43:53] [298/459] MACE
[00:43:55] [299/459] AAAS
[00:43:56] [300/459] CPVV
[00:43:57] [301/459] RCHG
[00:43:57] [302/459] MCNE
[00:43:59] [303/459] EMNC
[00:44:00] [304/459] MCAN
[00:44:00] [305/459] TCDM
[00:44:01] [306/459] IRGT
[00:44:02] [307/459] GCMG
[00:44:03] [308/459] MXSN
[00:44:04] [309/459] MXCK
[00:44:04] [310/459] MCRC
[00:44:05] [311/459] RSMI
[00:44:06] [312/459] WAML
[00:44:07] [313/459] MTSC
[00:44:07] [314/459] FMDR
[00:44:08] [315/459] LEPV
[00:44:09] [316/459] MTGD
[00:44:11] [317/459] IMOB
[00:44:11] [318/459] CLMM
[00:44:12] [319/459] PZCD
[00:44:12] [320/459] GOCS
[00:44:13] [321/459] KCMA
[00:44:14] [322/459] CCMP
[00:44:15] [323/459] MTSU
[00:44:15] [324/459] SNGL
[00:44:17] [325/459] MMMC
[00:44:18] [326/459] MMAA
[00:44:19] [327/459] GCDM
[00:44:19] [328/459] KTMV
[00:44:21] [329/459] AETE
[00:44:22] [330/459] OMCS
[00:44:22] [331/459] GDCD
[00:44:24] [332/459] NYMD
[00:44:25] [333/459] RNCV
[00:44:25] [334/459] KKMT
[00:44:26] [335/459] GDTH
[00:44:27] [336/459] KMMV
[00:44:27] [337/459] NHCG
[00:44:28] [338/459] PJDW
[00:44:30] [339/459] MMCV
[00:44:30] [340/459] FQSA
[00:44:31] [341/459] KURL
[00:44:31] [342/459] NNNX
[00:44:32] [343/459] AMAU
[00:44:33] [344/459] VVVM
[00:44:33] [345/459] VECU
[00:44:34] [346/459] WCVR
[00:44:35] [347/459] MTGG
[00:44:36] [348/459] SGTG
[00:44:36] [349/459] MNTG
[00:44:37] [350/459] JDDG
[00:44:38] [351/459] MBTK
[00:44:39] [352/459] SGCD
[00:44:39] [353/459] MCTC
[00:44:40] [354/459] JTPC
[00:44:41] [355/459] SDKT
[00:44:42] [356/459] KRCC
[00:44:43] [357/459] RMMD
[00:44:44] [358/459] AAME
[00:44:44] [359/459] TMWC
[00:44:45] [360/459] NRWY
[00:44:46] [361/459] CITD
[00:44:47] [362/459] VERD
[00:44:48] [363/459] MKSK
[00:44:48] [364/459] STSM
[00:44:49] [365/459] MJDG
[00:44:50] [366/459] RKPM
[00:44:51] [367/459] SSCE
[00:44:52] [368/459] VMAE
[00:44:52] [369/459] SBRU
[00:44:53] [370/459] AMBC
[00:44:54] [371/459] AMLU
[00:44:55] [372/459] INVZ
[00:44:56] [373/459] LGTV
[00:44:57] [374/459] SVAD
[00:44:57] [375/459] SMSA
[00:44:58] [376/459] SPCZ
[00:44:59] [377/459] GTCX
[00:45:00] [378/459] SCSL
[00:45:01] [379/459] SAHU
[00:45:02] [380/459] NCDA
[00:45:03] [381/459] SCCG
[00:45:04] [382/459] VKTL
[00:45:05] [383/459] PUUJ
[00:45:06] [384/459] STEJ
[00:45:06] [385/459] RJAL
[00:45:07] [386/459] ACJC
[00:45:08] [387/459] VTHC
[00:45:09] [388/459] ARVB
[00:45:10] [389/459] AUBB
[00:45:10] [390/459] GDBR
[00:45:11] [391/459] PVND
[00:45:12] [392/459] BGRJ
[00:45:13] [393/459] RJMM
[00:45:14] [394/459] MCSA
[00:45:14] [395/459] BODA
[00:45:15] [396/459] JAGG
[00:45:17] [397/459] SCGA
[00:45:17] [398/459] LRCM
[00:45:18] [399/459] CPCN
[00:45:19] [400/459] SSTF
[00:45:19] [401/459] SRXP
[00:45:20] [402/459] CNFX
[00:45:21] [403/459] ANDI
[00:45:22] [404/459] SYEW
[00:45:23] [405/459] RCRE
[00:45:23] [406/459] SCRW
[00:45:24] [407/459] MBKR
[00:45:25] [408/459] ASNT
[00:45:26] [409/459] JTMT
[00:45:26] [410/459] SHAY
[00:45:28] [411/459] VRTH
[00:45:29] [412/459] SPTI
[00:45:30] [413/459] DPTD
[00:45:31] [414/459] TGSN
[00:45:31] [415/459] RCWV
[00:45:32] [416/459] OCUR
[00:45:33] [417/459] KSTC
[00:45:33] [418/459] SANI
[00:45:34] [419/459] MLCA
[00:45:35] [420/459] EGCA
[00:45:36] [421/459] SYSN
[00:45:37] [422/459] PKTA
[00:45:37] [423/459] PRCC
[00:45:38] [424/459] KSTR
[00:45:40] [425/459] SNTP
[00:45:41] [426/459] RCHA
[00:45:41] [427/459] SEEA
[00:45:43] [428/459] ALAT
[00:45:44] [429/459] AATV
[00:45:44] [430/459] RJTE
[00:45:45] [431/459] AAPP
[00:45:46] [432/459] PMMH
[00:45:47] [433/459] INRJ
[00:45:47] [434/459] SARB
[00:45:48] [435/459] PCJL
[00:45:50] [436/459] PFJJ
[00:45:51] [437/459] GRDC
[00:45:51] [438/459] BCBA
[00:45:52] [439/459] VIXL
[00:45:53] [440/459] CSTL
[00:45:54] [441/459] MTDK
[00:45:54] [442/459] TDAC
[00:45:56] [443/459] GTDN
[00:45:56] [444/459] TTDE
[00:45:57] [445/459] ASTS
[00:45:58] [446/459] CPNS
[00:45:59] [447/459] PVVW
[00:45:59] [448/459] USEB
[00:46:00] [449/459] DTYN
[00:46:01] [450/459] PVLE
[00:46:02] [451/459] CIPS
[00:46:03] [452/459] PAEG
[00:46:04] [453/459] PTCW
[00:46:05] [454/459] G3SR
[00:46:06] [455/459] PGND
[00:46:07] [456/459] INVM
[00:46:08] [457/459] SPIA
[00:46:09] [458/459] PCSN
[00:46:09] [459/459] PPGV
[00:46:10] ✅ DONE | Shows=0 | Movies=0
