[00:40:12] 🚀 BMS DAILY TRACKER STARTED
[00:40:12] [1/459] MCCZ
[00:40:12] 🧠 New identity
[00:40:13] [2/459] FRPU
[00:40:13] [3/459] SKSI
[00:40:14] [4/459] SSCK
[00:40:15] [5/459] SRDC
[00:40:15] [6/459] RSCZ
[00:40:16] [7/459] PRVT
[00:40:16] [8/459] GAGJ
[00:40:17] [9/459] SMHG
[00:40:18] [10/459] JTST
[00:40:18] [11/459] MYTH
[00:40:19] [12/459] JPCC
[00:40:19] [13/459] ACDC
[00:40:20] [14/459] SVFP
[00:40:20] [15/459] SFCM
[00:40:21] [16/459] RUPK
[00:40:22] [17/459] NTCR
[00:40:22] [18/459] RTCH
[00:40:23] [19/459] SCMH
[00:40:23] [20/459] SVYM
[00:40:24] [21/459] SPYM
[00:40:25] [22/459] SMMF
[00:40:26] [23/459] CLLB
[00:40:26] [24/459] FMCB
[00:40:27] [25/459] BBTC
[00:40:28] [26/459] NTHS
[00:40:28] [27/459] PKKJ
[00:40:29] [28/459] MTJA
[00:40:29] [29/459] PMSJ
[00:40:30] [30/459] JMJU
[00:40:31] [31/459] SRAD
[00:40:31] [32/459] MJMC
[00:40:32] [33/459] DFRM
[00:40:32] [34/459] PMRS
[00:40:33] [35/459] RKPP
[00:40:33] [36/459] BMBK
[00:40:34] [37/459] NEWS
[00:40:34] [38/459] SALB
[00:40:35] [39/459] SCPW
[00:40:35] [40/459] RAYL
[00:40:36] [41/459] CMGJ
[00:40:37] [42/459] JRCR
[00:40:37] [43/459] SRTB
[00:40:38] [44/459] ETPB
[00:40:39] [45/459] MXBN
[00:40:39] [46/459] TOPE
[00:40:40] [47/459] SNLJ
[00:40:40] [48/459] CDDP
[00:40:41] [49/459] APCX
[00:40:41] [50/459] TALP
[00:40:42] [51/459] RRMP
[00:40:43] [52/459] MAHB
[00:40:43] [53/459] MTKR
[00:40:44] [54/459] KSKL
[00:40:45] [55/459] RJLT
[00:40:45] [56/459] ATAS
[00:40:46] [57/459] AMHR
[00:40:47] [58/459] RSRM
[00:40:47] [59/459] GCAT
[00:40:48] [60/459] SMML
[00:40:48] [61/459] ACCD
[00:40:49] [62/459] VYDA
[00:40:50] [63/459] MSKT
[00:40:50] [64/459] AVDM
[00:40:51] [65/459] ASMH
[00:40:51] [66/459] VTMB
[00:40:52] [67/459] WVMB
[00:40:52] [68/459] PPMN
[00:40:53] [69/459] MTMD
[00:40:54] [70/459] SMMO
[00:40:54] [71/459] DLPB
[00:40:55] [72/459] AKMD
[00:40:56] [73/459] SHRR
[00:40:56] [74/459] ASCO
[00:40:57] [75/459] CZVX
[00:40:57] [76/459] GCBB
[00:40:58] [77/459] ATBM
[00:40:59] [78/459] TCGM
[00:40:59] [79/459] UMSE
[00:41:00] [80/459] NKCL
[00:41:00] [81/459] BTLR
[00:41:01] [82/459] GOCL
[00:41:02] [83/459] MIRN
[00:41:02] [84/459] THEC
[00:41:03] [85/459] SPPB
[00:41:03] [86/459] PMMM
[00:41:04] [87/459] GGMC
[00:41:05] [88/459] AVSR
[00:41:05] [89/459] RDMH
[00:41:06] [90/459] JSRS
[00:41:06] [91/459] VKGP
[00:41:07] [92/459] ACRT
[00:41:08] [93/459] GCBA
[00:41:08] [94/459] GTCP
[00:41:09] [95/459] AKFC
[00:41:09] [96/459] INCS
[00:41:10] [97/459] SMCK
[00:41:11] [98/459] BRUN
[00:41:11] [99/459] RPPC
[00:41:12] [100/459] PAYD
[00:41:13] [101/459] SVVT
[00:41:13] [102/459] RNCC
[00:41:14] [103/459] PCRC
[00:41:15] [104/459] PMRM
[00:41:15] [105/459] CCRP
[00:41:16] [106/459] INCR
[00:41:16] [107/459] ZTMP
[00:41:17] [108/459] MCNR
[00:41:17] [109/459] INRP
[00:41:18] [110/459] STRC
[00:41:18] [111/459] RATI
[00:41:19] [112/459] PBTR
[00:41:20] [113/459] CMHP
[00:41:20] [114/459] ZECJ
[00:41:21] [115/459] CCCB
[00:41:22] [116/459] BWCB
[00:41:22] [117/459] CCAT
[00:41:23] [118/459] KGCM
[00:41:24] [119/459] INPT
[00:41:24] [120/459] FNCO
[00:41:25] [121/459] SRMJ
[00:41:26] [122/459] PFSC
[00:41:27] [123/459] PBMC
[00:41:27] [124/459] KARP
[00:41:28] [125/459] KOVI
[00:41:29] [126/459] ACXL
[00:41:30] [127/459] GKCC
[00:41:31] [128/459] ASCC
[00:41:32] [129/459] SETC
[00:41:33] [130/459] KACC
[00:41:33] [131/459] KAVE
[00:41:34] [132/459] CNTC
[00:41:35] [133/459] MEEN
[00:41:36] [134/459] BMRV
[00:41:37] [135/459] SVAM
[00:41:38] [136/459] VTBP
[00:41:39] [137/459] VCKN
[00:41:39] [138/459] SGTK
[00:41:40] [139/459] RCGS
[00:41:41] [140/459] RCCB
[00:41:42] [141/459] RKSR
[00:41:43] [142/459] RKCU
[00:41:44] [143/459] GIBH
[00:41:44] [144/459] CXBS
[00:41:45] [145/459] GGCB
[00:41:46] [146/459] SCPB
[00:41:47] [147/459] AKTB
[00:41:47] [148/459] SRBU
[00:41:48] [149/459] CSSA
[00:41:49] [150/459] MYAN
[00:41:50] [151/459] EXCA
[00:41:51] [152/459] CKSA
[00:41:52] [153/459] JTNM
[00:41:52] [154/459] CXKT
[00:41:54] [155/459] NCLM
[00:41:54] [156/459] JAAD
[00:41:56] [157/459] RDCR
[00:41:56] [158/459] MEER
[00:41:57] [159/459] SIBT
[00:41:58] [160/459] PVVB
[00:41:58] [161/459] FNPN
[00:41:59] [162/459] CRPX
[00:42:00] [163/459] STET
[00:42:01] [164/459] METE
[00:42:02] [165/459] BJML
[00:42:03] [166/459] MAVT
[00:42:04] [167/459] MSRM
[00:42:04] [168/459] TJMP
[00:42:05] [169/459] MHCK
[00:42:06] [170/459] SVGP
[00:42:07] [171/459] KRRC
[00:42:08] [172/459] IMCH
[00:42:09] [173/459] CMCS
[00:42:10] [174/459] SGND
[00:42:11] [175/459] RNAT
[00:42:12] [176/459] PRTN
[00:42:13] [177/459] MPTN
[00:42:14] [178/459] ARCC
[00:42:15] [179/459] NTTE
[00:42:15] [180/459] ABND
[00:42:17] [181/459] KCSN
[00:42:17] [182/459] KCSA
[00:42:18] [183/459] DCKT
[00:42:20] [184/459] MBBR
[00:42:20] [185/459] RAMU
[00:42:21] [186/459] RACW
[00:42:22] [187/459] MCHP
[00:42:22] [188/459] TMHM
[00:42:23] [189/459] STXH
[00:42:24] [190/459] AGSG
[00:42:25] [191/459] SIRA
[00:42:25] [192/459] RCAN
[00:42:26] [193/459] CWTB
[00:42:27] [194/459] VTYM
[00:42:28] [195/459] RRPP
[00:42:29] [196/459] ASMR
[00:42:30] [197/459] RONO
[00:42:30] [198/459] MEMR
[00:42:31] [199/459] CTMR
[00:42:32] [200/459] PMTT
[00:42:33] [201/459] PSLX
[00:42:33] [202/459] IPPL
[00:42:34] [203/459] MMSG
[00:42:35] [204/459] INEL
[00:42:36] [205/459] COAC
[00:42:37] [206/459] WVLK
[00:42:38] [207/459] PPXL
[00:42:38] [208/459] PSML
[00:42:39] [209/459] FNLK
[00:42:40] [210/459] ILUM
[00:42:41] [211/459] ILCM
[00:42:42] [212/459] MSNL
[00:42:43] [213/459] VINB
[00:42:44] [214/459] SALW
[00:42:45] [215/459] PRTB
[00:42:46] [216/459] NCIL
[00:42:47] [217/459] PSUL
[00:42:47] [218/459] SCLK
[00:42:48] [219/459] ADDC
[00:42:49] [220/459] OACL
[00:42:50] [221/459] OOCF
[00:42:51] [222/459] GPMF
[00:42:52] [223/459] SSDG
[00:42:53] [224/459] SKRS
[00:42:54] [225/459] NTTP
[00:42:55] [226/459] SLTP
[00:42:55] [227/459] JTLC
[00:42:56] [228/459] POON
[00:42:57] [229/459] CCPC
[00:42:58] [230/459] DCKC
[00:42:58] [231/459] CPRT
[00:42:59] [232/459] EYHZ
[00:43:00] [233/459] ARBL
[00:43:01] [234/459] SBTB
[00:43:01] [235/459] MMCK
[00:43:02] [236/459] PLMR
[00:43:03] [237/459] BIJH
[00:43:04] [238/459] SDRT
[00:43:05] [239/459] PRDC
[00:43:06] [240/459] OMJA
[00:43:07] [241/459] VKCR
[00:43:07] [242/459] ATRT
[00:43:08] [243/459] WVRP
[00:43:09] [244/459] MVRP
[00:43:10] [245/459] FCAX
[00:43:11] [246/459] CTLC
[00:43:12] [247/459] JCHB
[00:43:12] [248/459] SELP
[00:43:13] [249/459] VCPG
[00:43:14] [250/459] ASCX
[00:43:14] [251/459] EOCS
[00:43:15] [252/459] RCPH
[00:43:16] [253/459] RJTM
[00:43:17] [254/459] SGMD
[00:43:17] [255/459] SVJT
[00:43:18] [256/459] SPPO
[00:43:19] [257/459] MNRL
[00:43:20] [258/459] KNOX
[00:43:20] [259/459] GIER
[00:43:21] [260/459] PJMS
[00:43:22] [261/459] UNSP
[00:43:23] [262/459] JETP
[00:43:23] [263/459] VTWA
[00:43:25] [264/459] SCJI
[00:43:26] [265/459] CBZZ
[00:43:26] [266/459] SDCJ
[00:43:27] [267/459] RRCC
[00:43:28] [268/459] VNKG
[00:43:29] [269/459] LKTO
[00:43:30] [270/459] PJRM
[00:43:31] [271/459] NVRM
[00:43:31] [272/459] SJCS
[00:43:32] [273/459] VIGK
[00:43:33] [274/459] ANST
[00:43:34] [275/459] JTTS
[00:43:35] [276/459] NTST
[00:43:36] [277/459] PREB
[00:43:37] [278/459] TSCZ
[00:43:38] [279/459] CDCM
[00:43:38] [280/459] ELYE
[00:43:39] [281/459] INBS
[00:43:40] [282/459] SMGC
[00:43:41] [283/459] UTMP
[00:43:42] [284/459] INTA
[00:43:42] [285/459] OMPT
[00:43:43] [286/459] SCIR
[00:43:44] [287/459] GCKJ
[00:43:45] [288/459] INOG
[00:43:46] [289/459] SMGB
[00:43:47] [290/459] MCSG
[00:43:47] [291/459] STKG
[00:43:48] [292/459] TTKG
[00:43:49] [293/459] SRTR
[00:43:49] [294/459] ETTR
[00:43:50] [295/459] GGGZ
[00:43:51] [296/459] IPGM
[00:43:52] [297/459] FCDH
[00:43:53] [298/459] DESB
[00:43:53] [299/459] VNTP
[00:43:54] [300/459] ANNT
[00:43:55] [301/459] SLTI
[00:43:56] [302/459] MAJU
[00:43:57] [303/459] JCXP
[00:43:57] [304/459] HARK
[00:43:58] [305/459] JPCJ
[00:43:59] [306/459] RXBD
[00:44:00] [307/459] PTKJ
[00:44:01] [308/459] CMTU
[00:44:01] [309/459] SWOR
[00:44:02] [310/459] JMEX
[00:44:03] [311/459] DTPT
[00:44:04] [312/459] VGMM
[00:44:04] [313/459] VCSG
[00:44:05] [314/459] CVCG
[00:44:06] [315/459] TNTT
[00:44:07] [316/459] SHRM
[00:44:08] [317/459] CGKD
[00:44:08] [318/459] EKCM
[00:44:09] [319/459] SDCX
[00:44:10] [320/459] SBTE
[00:44:11] [321/459] STKJ
[00:44:12] [322/459] TPCE
[00:44:12] [323/459] JTNP
[00:44:13] [324/459] LPCH
[00:44:14] [325/459] CPUO
[00:44:15] [326/459] APSU
[00:44:16] [327/459] RTHC
[00:44:17] [328/459] PTBU
[00:44:17] [329/459] CUCC
[00:44:18] [330/459] CPSA
[00:44:19] [331/459] SUAY
[00:44:20] [332/459] AYAA
[00:44:21] [333/459] MUCH
[00:44:22] [334/459] PCIN
[00:44:22] [335/459] JRRM
[00:44:24] [336/459] KATS
[00:44:24] [337/459] MHFF
[00:44:25] [338/459] ESYM
[00:44:26] [339/459] STYV
[00:44:26] [340/459] SDKG
[00:44:27] [341/459] SMTI
[00:44:28] [342/459] NYCS
[00:44:29] [343/459] MTBG
[00:44:30] [344/459] RHCA
[00:44:31] [345/459] PCKH
[00:44:31] [346/459] ARCR
[00:44:33] [347/459] NCMB
[00:44:33] [348/459] SHYC
[00:44:34] [349/459] LACK
[00:44:35] [350/459] MTCM
[00:44:36] [351/459] RRBN
[00:44:37] [352/459] MYDC
[00:44:37] [353/459] STCS
[00:44:38] [354/459] CONN
[00:44:40] [355/459] SIPS
[00:44:40] [356/459] SMMX
[00:44:41] [357/459] SCBY
[00:44:42] [358/459] SUAP
[00:44:42] [359/459] RSMK
[00:44:43] [360/459] STKP
[00:44:44] [361/459] CIPC
[00:44:45] [362/459] KKCI
[00:44:46] [363/459] CTNK
[00:44:47] [364/459] MMTZ
[00:44:48] [365/459] DCCO
[00:44:49] [366/459] VNMN
[00:44:49] [367/459] RLCN
[00:44:50] [368/459] CMMS
[00:44:51] [369/459] AYOU
[00:44:51] [370/459] SSCN
[00:44:52] [371/459] SMXN
[00:44:53] [372/459] ASSK
[00:44:54] [373/459] VCKM
[00:44:55] [374/459] PCPH
[00:44:56] [375/459] PADM
[00:44:56] [376/459] IESA
[00:44:57] [377/459] VCSP
[00:44:58] [378/459] AEST
[00:44:59] [379/459] VTNR
[00:44:59] [380/459] GTTA
[00:45:00] [381/459] CMMM
[00:45:02] [382/459] AHKT
[00:45:03] [383/459] SIJI
[00:45:03] [384/459] VCEI
[00:45:04] [385/459] SAKR
[00:45:05] [386/459] VSMT
[00:45:06] [387/459] SSCT
[00:45:07] [388/459] USTR
[00:45:08] [389/459] MTKT
[00:45:09] [390/459] TGMP
[00:45:09] [391/459] SIVC
[00:45:10] [392/459] KICT
[00:45:11] [393/459] DAMD
[00:45:12] [394/459] CNPT
[00:45:13] [395/459] RVTT
[00:45:14] [396/459] SNCM
[00:45:15] [397/459] GHTE
[00:45:16] [398/459] PPAM
[00:45:16] [399/459] PVAA
[00:45:17] [400/459] CPAO
[00:45:18] [401/459] HAMD
[00:45:19] [402/459] RCCA
[00:45:19] [403/459] MPCH
[00:45:20] [404/459] ARED
[00:45:21] [405/459] RRCV
[00:45:22] [406/459] MTRB
[00:45:23] [407/459] CKUA
[00:45:24] [408/459] ABMP
[00:45:24] [409/459] RCWA
[00:45:25] [410/459] CGAR
[00:45:26] [411/459] METH
[00:45:27] [412/459] WAGA
[00:45:28] [413/459] MCMA
[00:45:29] [414/459] CSMP
[00:45:30] [415/459] RCNK
[00:45:31] [416/459] PSTM
[00:45:32] [417/459] CSEP
[00:45:33] [418/459] AMGD
[00:45:34] [419/459] CSTE
[00:45:34] [420/459] CONS
[00:45:35] [421/459] APPX
[00:45:36] [422/459] MABC
[00:45:37] [423/459] CXST
[00:45:38] [424/459] MATN
[00:45:39] [425/459] MACZ
[00:45:40] [426/459] MASA
[00:45:41] [427/459] MBSX
[00:45:42] [428/459] CSST
[00:45:43] [429/459] APCL
[00:45:44] [430/459] CGOS
[00:45:44] [431/459] CPEC
[00:45:45] [432/459] MCCP
[00:45:46] [433/459] BSSO
[00:45:47] [434/459] SJKA
[00:45:48] [435/459] CGBO
[00:45:48] [436/459] MVSK
[00:45:49] [437/459] HVCA
[00:45:50] [438/459] NAMD
[00:45:51] [439/459] DEVI
[00:45:52] [440/459] SCSV
[00:45:53] [441/459] PSMA
[00:45:53] [442/459] CLDJ
[00:45:54] [443/459] NMAD
[00:45:55] [444/459] CGMO
[00:45:55] [445/459] MCNA
[00:45:56] [446/459] OCBN
[00:45:57] [447/459] CPEM
[00:45:58] [448/459] CPSM
[00:45:59] [449/459] RCAD
[00:46:00] [450/459] CPMU
[00:46:00] [451/459] DICD
[00:46:01] [452/459] CHOE
[00:46:02] [453/459] PDJM
[00:46:03] [454/459] SSTU
[00:46:04] [455/459] VNRN
[00:46:05] [456/459] PVLG
[00:46:07] [457/459] SWBL
[00:46:07] [458/459] SCAB
[00:46:08] [459/459] RDDA
[00:46:09] ✅ DONE | Shows=0 | Movies=0
[01:43:49] 🚀 BMS DAILY TRACKER STARTED
[01:43:49] [1/459] MCCZ
[01:43:49] 🧠 New identity
[01:43:50] [2/459] FRPU
[01:43:51] [3/459] SKSI
[01:43:51] [4/459] SSCK
[01:43:52] [5/459] SRDC
[01:43:52] [6/459] RSCZ
[01:43:53] [7/459] PRVT
[01:43:54] [8/459] GAGJ
[01:43:54] [9/459] SMHG
[01:43:55] [10/459] JTST
[01:43:56] [11/459] MYTH
[01:43:56] [12/459] JPCC
[01:43:57] [13/459] ACDC
[01:43:58] [14/459] SVFP
[01:43:59] [15/459] SFCM
[01:43:59] [16/459] RUPK
[01:44:00] [17/459] NTCR
[01:44:01] [18/459] RTCH
[01:44:01] [19/459] SCMH
[01:44:02] [20/459] SVYM
[01:44:02] [21/459] SPYM
[01:44:03] [22/459] SMMF
[01:44:04] [23/459] CLLB
[01:44:04] [24/459] FMCB
[01:44:05] [25/459] BBTC
[01:44:05] [26/459] NTHS
[01:44:06] [27/459] PKKJ
[01:44:07] [28/459] MTJA
[01:44:07] [29/459] PMSJ
[01:44:08] [30/459] JMJU
[01:44:09] [31/459] SRAD
[01:44:09] [32/459] MJMC
[01:44:10] [33/459] DFRM
[01:44:10] [34/459] PMRS
[01:44:11] [35/459] RKPP
[01:44:12] [36/459] BMBK
[01:44:13] [37/459] NEWS
[01:44:13] [38/459] SALB
[01:44:14] [39/459] SCPW
[01:44:15] [40/459] RAYL
[01:44:15] [41/459] CMGJ
[01:44:16] [42/459] JRCR
[01:44:17] [43/459] SRTB
[01:44:17] [44/459] ETPB
[01:44:18] [45/459] MXBN
[01:44:19] [46/459] TOPE
[01:44:19] [47/459] SNLJ
[01:44:20] [48/459] CDDP
[01:44:21] [49/459] APCX
[01:44:21] [50/459] TALP
[01:44:22] [51/459] RRMP
[01:44:22] [52/459] MAHB
[01:44:23] [53/459] MTKR
[01:44:24] [54/459] KSKL
[01:44:24] [55/459] RJLT
[01:44:25] [56/459] ATAS
[01:44:26] [57/459] AMHR
[01:44:26] [58/459] RSRM
[01:44:27] [59/459] GCAT
[01:44:28] [60/459] SMML
[01:44:28] [61/459] ACCD
[01:44:29] [62/459] VYDA
[01:44:29] [63/459] MSKT
[01:44:30] [64/459] AVDM
[01:44:31] [65/459] ASMH
[01:44:31] [66/459] VTMB
[01:44:32] [67/459] WVMB
[01:44:33] [68/459] PPMN
[01:44:34] [69/459] MTMD
[01:44:34] [70/459] SMMO
[01:44:35] [71/459] DLPB
[01:44:35] [72/459] AKMD
[01:44:36] [73/459] SHRR
[01:44:37] [74/459] ASCO
[01:44:37] [75/459] CZVX
[01:44:38] [76/459] GCBB
[01:44:39] [77/459] ATBM
[01:44:39] [78/459] TCGM
[01:44:40] [79/459] UMSE
[01:44:41] [80/459] NKCL
[01:44:41] [81/459] BTLR
[01:44:42] [82/459] GOCL
[01:44:42] [83/459] MIRN
[01:44:43] [84/459] THEC
[01:44:43] [85/459] SPPB
[01:44:44] [86/459] PMMM
[01:44:45] [87/459] GGMC
[01:44:45] [88/459] AVSR
[01:44:46] [89/459] RDMH
[01:44:47] [90/459] JSRS
[01:44:47] [91/459] VKGP
[01:44:48] [92/459] ACRT
[01:44:48] [93/459] GCBA
[01:44:49] [94/459] GTCP
[01:44:50] [95/459] AKFC
[01:44:50] [96/459] INCS
[01:44:51] [97/459] SMCK
[01:44:52] [98/459] BRUN
[01:44:52] [99/459] RPPC
[01:44:53] [100/459] PAYD
[01:44:53] [101/459] SVVT
[01:44:54] [102/459] RNCC
[01:44:54] [103/459] PCRC
[01:44:55] [104/459] PMRM
[01:44:56] [105/459] CCRP
[01:44:57] [106/459] INCR
[01:44:57] [107/459] ZTMP
[01:44:58] [108/459] MCNR
[01:44:59] [109/459] INRP
[01:44:59] [110/459] STRC
[01:44:59] [111/459] RATI
[01:45:00] [112/459] PBTR
[01:45:01] [113/459] CMHP
[01:45:01] [114/459] ZECJ
[01:45:02] [115/459] CCCB
[01:45:02] [116/459] BWCB
[01:45:03] [117/459] CCAT
[01:45:03] [118/459] KGCM
[01:45:04] [119/459] INPT
[01:45:04] [120/459] FNCO
[01:45:05] [121/459] SRMJ
[01:45:06] [122/459] PFSC
[01:45:06] [123/459] PBMC
[01:45:07] [124/459] KARP
[01:45:07] [125/459] KOVI
[01:45:08] [126/459] ACXL
[01:45:09] [127/459] GKCC
[01:45:09] [128/459] ASCC
[01:45:10] [129/459] SETC
[01:45:10] [130/459] KACC
[01:45:11] [131/459] KAVE
[01:45:12] [132/459] CNTC
[01:45:12] [133/459] MEEN
[01:45:13] [134/459] BMRV
[01:45:13] [135/459] SVAM
[01:45:14] [136/459] VTBP
[01:45:14] [137/459] VCKN
[01:45:15] [138/459] SGTK
[01:45:16] [139/459] RCGS
[01:45:16] [140/459] RCCB
[01:45:17] [141/459] RKSR
[01:45:17] [142/459] RKCU
[01:45:18] [143/459] GIBH
[01:45:18] [144/459] CXBS
[01:45:19] [145/459] GGCB
[01:45:20] [146/459] SCPB
[01:45:20] [147/459] AKTB
[01:45:21] [148/459] SRBU
[01:45:22] [149/459] CSSA
[01:45:22] [150/459] MYAN
[01:45:23] [151/459] EXCA
[01:45:23] [152/459] CKSA
[01:45:24] [153/459] JTNM
[01:45:24] [154/459] CXKT
[01:45:25] [155/459] NCLM
[01:45:26] [156/459] JAAD
[01:45:27] [157/459] RDCR
[01:45:27] [158/459] MEER
[01:45:28] [159/459] SIBT
[01:45:29] [160/459] PVVB
[01:45:29] [161/459] FNPN
[01:45:30] [162/459] CRPX
[01:45:30] [163/459] STET
[01:45:31] [164/459] METE
[01:45:32] [165/459] BJML
[01:45:32] [166/459] MAVT
[01:45:33] [167/459] MSRM
[01:45:33] [168/459] TJMP
[01:45:34] [169/459] MHCK
[01:45:34] [170/459] SVGP
[01:45:35] [171/459] KRRC
[01:45:36] [172/459] IMCH
[01:45:36] [173/459] CMCS
[01:45:37] [174/459] SGND
[01:45:38] [175/459] RNAT
[01:45:38] [176/459] PRTN
[01:45:39] [177/459] MPTN
[01:45:39] [178/459] ARCC
[01:45:40] [179/459] NTTE
[01:45:40] [180/459] ABND
[01:45:41] [181/459] KCSN
[01:45:41] [182/459] KCSA
[01:45:42] [183/459] DCKT
[01:45:42] [184/459] MBBR
[01:45:43] [185/459] RAMU
[01:45:43] [186/459] RACW
[01:45:44] [187/459] MCHP
[01:45:44] [188/459] TMHM
[01:45:45] [189/459] STXH
[01:45:46] [190/459] AGSG
[01:45:46] [191/459] SIRA
[01:45:47] [192/459] RCAN
[01:45:48] [193/459] CWTB
[01:45:48] [194/459] VTYM
[01:45:49] [195/459] RRPP
[01:45:49] [196/459] ASMR
[01:45:50] [197/459] RONO
[01:45:51] [198/459] MEMR
[01:45:51] [199/459] CTMR
[01:45:52] [200/459] PMTT
[01:45:53] [201/459] PSLX
[01:45:54] [202/459] IPPL
[01:45:54] [203/459] MMSG
[01:45:55] [204/459] INEL
[01:45:55] [205/459] COAC
[01:45:56] [206/459] WVLK
[01:45:56] [207/459] PPXL
[01:45:57] [208/459] PSML
[01:45:58] [209/459] FNLK
[01:45:58] [210/459] ILUM
[01:45:59] [211/459] ILCM
[01:45:59] [212/459] MSNL
[01:46:00] [213/459] VINB
[01:46:00] [214/459] SALW
[01:46:01] [215/459] PRTB
[01:46:02] [216/459] NCIL
[01:46:02] [217/459] PSUL
[01:46:03] [218/459] SCLK
[01:46:03] [219/459] ADDC
[01:46:04] [220/459] OACL
[01:46:04] [221/459] OOCF
[01:46:05] [222/459] GPMF
[01:46:05] [223/459] SSDG
[01:46:06] [224/459] SKRS
[01:46:07] [225/459] NTTP
[01:46:07] [226/459] SLTP
[01:46:08] [227/459] JTLC
[01:46:09] [228/459] POON
[01:46:09] [229/459] CCPC
[01:46:10] [230/459] DCKC
[01:46:10] [231/459] CPRT
[01:46:11] [232/459] EYHZ
[01:46:12] [233/459] ARBL
[01:46:12] [234/459] SBTB
[01:46:13] [235/459] MMCK
[01:46:13] [236/459] PLMR
[01:46:14] [237/459] BIJH
[01:46:15] [238/459] SDRT
[01:46:16] [239/459] PRDC
[01:46:16] [240/459] OMJA
[01:46:17] [241/459] VKCR
[01:46:17] [242/459] ATRT
[01:46:18] [243/459] WVRP
[01:46:19] [244/459] MVRP
[01:46:19] [245/459] FCAX
[01:46:20] [246/459] CTLC
[01:46:20] [247/459] JCHB
[01:46:21] [248/459] SELP
[01:46:21] [249/459] VCPG
[01:46:22] [250/459] ASCX
[01:46:23] [251/459] EOCS
[01:46:23] [252/459] RCPH
[01:46:24] [253/459] RJTM
[01:46:24] [254/459] SGMD
[01:46:25] [255/459] SVJT
[01:46:26] [256/459] SPPO
[01:46:26] [257/459] MNRL
[01:46:27] [258/459] KNOX
[01:46:27] [259/459] GIER
[01:46:28] [260/459] PJMS
[01:46:29] [261/459] UNSP
[01:46:29] [262/459] JETP
[01:46:30] [263/459] VTWA
[01:46:31] [264/459] SCJI
[01:46:31] [265/459] CBZZ
[01:46:32] [266/459] SDCJ
[01:46:32] [267/459] RRCC
[01:46:33] [268/459] VNKG
[01:46:34] [269/459] LKTO
[01:46:34] [270/459] PJRM
[01:46:35] [271/459] NVRM
[01:46:35] [272/459] SJCS
[01:46:36] [273/459] VIGK
[01:46:37] [274/459] ANST
[01:46:38] [275/459] JTTS
[01:46:38] [276/459] NTST
[01:46:39] [277/459] PREB
[01:46:39] [278/459] TSCZ
[01:46:40] [279/459] CDCM
[01:46:41] [280/459] ELYE
[01:46:41] [281/459] INBS
[01:46:42] [282/459] SMGC
[01:46:43] [283/459] UTMP
[01:46:43] [284/459] INTA
[01:46:44] [285/459] OMPT
[01:46:44] [286/459] SCIR
[01:46:45] [287/459] GCKJ
[01:46:46] [288/459] INOG
[01:46:46] [289/459] SMGB
[01:46:47] [290/459] MCSG
[01:46:47] [291/459] STKG
[01:46:48] [292/459] TTKG
[01:46:48] [293/459] SRTR
[01:46:49] [294/459] ETTR
[01:46:50] [295/459] GGGZ
[01:46:50] [296/459] IPGM
[01:46:51] [297/459] FCDH
[01:46:52] [298/459] DESB
[01:46:52] [299/459] VNTP
[01:46:53] [300/459] ANNT
[01:46:53] [301/459] SLTI
[01:46:54] [302/459] MAJU
[01:46:55] [303/459] JCXP
[01:46:55] [304/459] HARK
[01:46:56] [305/459] JPCJ
[01:46:56] [306/459] RXBD
[01:46:57] [307/459] PTKJ
[01:46:58] [308/459] CMTU
[01:46:58] [309/459] SWOR
[01:46:59] [310/459] JMEX
[01:46:59] [311/459] DTPT
[01:47:00] [312/459] VGMM
[01:47:01] [313/459] VCSG
[01:47:01] [314/459] CVCG
[01:47:02] [315/459] TNTT
[01:47:03] [316/459] SHRM
[01:47:04] [317/459] CGKD
[01:47:04] [318/459] EKCM
[01:47:05] [319/459] SDCX
[01:47:05] [320/459] SBTE
[01:47:06] [321/459] STKJ
[01:47:06] [322/459] TPCE
[01:47:07] [323/459] JTNP
[01:47:07] [324/459] LPCH
[01:47:08] [325/459] CPUO
[01:47:08] [326/459] APSU
[01:47:09] [327/459] RTHC
[01:47:10] [328/459] PTBU
[01:47:10] [329/459] CUCC
[01:47:11] [330/459] CPSA
[01:47:12] [331/459] SUAY
[01:47:12] [332/459] AYAA
[01:47:13] [333/459] MUCH
[01:47:14] [334/459] PCIN
[01:47:14] [335/459] JRRM
[01:47:15] [336/459] KATS
[01:47:16] [337/459] MHFF
[01:47:16] [338/459] ESYM
[01:47:17] [339/459] STYV
[01:47:17] [340/459] SDKG
[01:47:18] [341/459] SMTI
[01:47:18] [342/459] NYCS
[01:47:19] [343/459] MTBG
[01:47:20] [344/459] RHCA
[01:47:20] [345/459] PCKH
[01:47:21] [346/459] ARCR
[01:47:22] [347/459] NCMB
[01:47:22] [348/459] SHYC
[01:47:23] [349/459] LACK
[01:47:24] [350/459] MTCM
[01:47:24] [351/459] RRBN
[01:47:25] [352/459] MYDC
[01:47:26] [353/459] STCS
[01:47:26] [354/459] CONN
[01:47:27] [355/459] SIPS
[01:47:28] [356/459] SMMX
[01:47:28] [357/459] SCBY
[01:47:29] [358/459] SUAP
[01:47:29] [359/459] RSMK
[01:47:30] [360/459] STKP
[01:47:31] [361/459] CIPC
[01:47:31] [362/459] KKCI
[01:47:32] [363/459] CTNK
[01:47:32] [364/459] MMTZ
[01:47:33] [365/459] DCCO
[01:47:33] [366/459] VNMN
[01:47:34] [367/459] RLCN
[01:47:35] [368/459] CMMS
[01:47:36] [369/459] AYOU
[01:47:36] [370/459] SSCN
[01:47:37] [371/459] SMXN
[01:47:38] [372/459] ASSK
[01:47:38] [373/459] VCKM
[01:47:38] [374/459] PCPH
[01:47:39] [375/459] PADM
[01:47:40] [376/459] IESA
[01:47:40] [377/459] VCSP
[01:47:41] [378/459] AEST
[01:47:41] [379/459] VTNR
[01:47:42] [380/459] GTTA
[01:47:42] [381/459] CMMM
[01:47:43] [382/459] AHKT
[01:47:44] [383/459] SIJI
[01:47:44] [384/459] VCEI
[01:47:45] [385/459] SAKR
[01:47:46] [386/459] VSMT
[01:47:47] [387/459] SSCT
[01:47:47] [388/459] USTR
[01:47:48] [389/459] MTKT
[01:47:49] [390/459] TGMP
[01:47:49] [391/459] SIVC
[01:47:50] [392/459] KICT
[01:47:51] [393/459] DAMD
[01:47:52] [394/459] CNPT
[01:47:52] [395/459] RVTT
[01:47:53] [396/459] SNCM
[01:47:54] [397/459] GHTE
[01:47:55] [398/459] PPAM
[01:47:56] [399/459] PVAA
[01:47:57] [400/459] CPAO
[01:47:58] [401/459] HAMD
[01:47:58] [402/459] RCCA
[01:48:00] [403/459] MPCH
[01:48:00] [404/459] ARED
[01:48:01] [405/459] RRCV
[01:48:02] [406/459] MTRB
[01:48:03] [407/459] CKUA
[01:48:04] [408/459] ABMP
[01:48:04] [409/459] RCWA
[01:48:05] [410/459] CGAR
[01:48:06] [411/459] METH
[01:48:08] [412/459] WAGA
[01:48:08] [413/459] MCMA
[01:48:09] [414/459] CSMP
[01:48:10] [415/459] RCNK
[01:48:11] [416/459] PSTM
[01:48:12] [417/459] CSEP
[01:48:13] [418/459] AMGD
[01:48:14] [419/459] CSTE
[01:48:15] [420/459] CONS
[01:48:15] [421/459] APPX
[01:48:16] [422/459] MABC
[01:48:17] [423/459] CXST
[01:48:18] [424/459] MATN
[01:48:19] [425/459] MACZ
[01:48:20] [426/459] MASA
[01:48:20] [427/459] MBSX
[01:48:21] [428/459] CSST
[01:48:22] [429/459] APCL
[01:48:23] [430/459] CGOS
[01:48:24] [431/459] CPEC
[01:48:24] [432/459] MCCP
[01:48:25] [433/459] BSSO
[01:48:26] [434/459] SJKA
[01:48:26] [435/459] CGBO
[01:48:27] [436/459] MVSK
[01:48:28] [437/459] HVCA
[01:48:29] [438/459] NAMD
[01:48:30] [439/459] DEVI
[01:48:31] [440/459] SCSV
[01:48:32] [441/459] PSMA
[01:48:32] [442/459] CLDJ
[01:48:33] [443/459] NMAD
[01:48:34] [444/459] CGMO
[01:48:35] [445/459] MCNA
[01:48:35] [446/459] OCBN
[01:48:36] [447/459] CPEM
[01:48:37] [448/459] CPSM
[01:48:37] [449/459] RCAD
[01:48:38] [450/459] CPMU
[01:48:39] [451/459] DICD
[01:48:40] [452/459] CHOE
[01:48:41] [453/459] PDJM
[01:48:42] [454/459] SSTU
[01:48:43] [455/459] VNRN
[01:48:44] [456/459] PVLG
[01:48:45] [457/459] SWBL
[01:48:45] [458/459] SCAB
[01:48:46] [459/459] RDDA
[01:48:47] ✅ DONE | Shows=0 | Movies=0
