[15:08:53] 🚀 BMS DAILY TRACKER STARTED
[15:08:53] [1/296] CDCA
[15:08:53] 🧠 New identity
[15:08:55] [2/296] MNSR
[15:08:55] [3/296] CSSL
[15:08:56] [4/296] BGGM
[15:08:57] [5/296] MANT
[15:08:58] [6/296] SOOY
[15:08:59] [7/296] VPPK
[15:09:00] [8/296] MYHJ
[15:09:01] [9/296] KSCK
[15:09:02] [10/296] KATK
[15:09:03] [11/296] RTRT
[15:09:03] [12/296] SSTT
[15:09:04] [13/296] SSTV
[15:09:05] [14/296] LACM
[15:09:06] [15/296] SGMG
[15:09:07] [16/296] KACX
[15:09:08] [17/296] GVCP
[15:09:08] [18/296] CSNC
[15:09:09] [19/296] SXCB
[15:09:10] [20/296] BAHS
[15:09:11] [21/296] PCBI
[15:09:12] [22/296] PSSM
[15:09:13] [23/296] RCOK
[15:09:14] [24/296] SCPF
[15:09:15] [25/296] SSAS
[15:09:16] [26/296] EVMM
[15:09:16] [27/296] SYCB
[15:09:17] [28/296] GCKI
[15:09:19] [29/296] IAET
[15:09:20] [30/296] DDTD
[15:09:21] [31/296] GMDH
[15:09:22] [32/296] STLE
[15:09:23] [33/296] JTRA
[15:09:24] [34/296] RPPA
[15:09:25] [35/296] ARUT
[15:09:26] [36/296] JTVM
[15:09:27] [37/296] SWRH
[15:09:28] [38/296] DCPC
[15:09:30] [39/296] RAPR
[15:09:31] [40/296] GCRT
[15:09:32] [41/296] ATUN
[15:09:33] [42/296] LTRM
[15:09:34] [43/296] TASR
[15:09:35] [44/296] RLLC
[15:09:36] [45/296] MABI
[15:09:37] [46/296] SVHB
[15:09:38] [47/296] NVTB
[15:09:39] [48/296] KCKG
[15:09:39] [49/296] SSRN
[15:09:40] [50/296] VDDC
[15:09:41] [51/296] GKTK
[15:09:42] [52/296] YFSN
[15:09:43] [53/296] GCSG
[15:09:44] [54/296] ESSM
[15:09:45] [55/296] KRIH
[15:09:45] [56/296] GCDS
[15:09:47] [57/296] CCSH
[15:09:48] [58/296] ACSK
[15:09:49] [59/296] APRK
[15:09:50] [60/296] ADKM
[15:09:51] [61/296] SRDM
[15:09:52] [62/296] RMOG
[15:09:53] [63/296] SJMY
[15:09:53] [64/296] PGGC
[15:09:55] [65/296] INGM
[15:09:56] [66/296] LSCB
[15:09:57] [67/296] STAD
[15:09:57] [68/296] MCCR
[15:09:58] [69/296] ABCC
[15:09:59] [70/296] RKCC
[15:10:00] [71/296] RTCR
[15:10:01] [72/296] GGBC
[15:10:02] [73/296] GCSD
[15:10:03] [74/296] LPTY
[15:10:04] [75/296] MCFD
[15:10:05] [76/296] HENN
[15:10:06] [77/296] SMKU
[15:10:07] [78/296] TNZC
[15:10:08] [79/296] DRCD
[15:10:09] [80/296] DLCD
[15:10:09] [81/296] RCDA
[15:10:10] [82/296] COSM
[15:10:12] [83/296] MCMJ
[15:10:13] [84/296] CSTR
[15:10:14] [85/296] CVDK
[15:10:15] [86/296] INRR
[15:10:15] [87/296] RJRT
[15:10:16] [88/296] IRMR
[15:10:17] [89/296] SRCF
[15:10:18] [90/296] GRCR
[15:10:19] [91/296] SURC
[15:10:20] [92/296] NMNH
[15:10:21] [93/296] SVBL
[15:10:22] [94/296] KACI
[15:10:23] [95/296] TDGO
[15:10:24] [96/296] KTBR
[15:10:25] [97/296] PMAD
[15:10:26] [98/296] CCPN
[15:10:27] [99/296] SBTK
[15:10:28] [100/296] LMDK
[15:10:29] [101/296] PGDA
[15:10:30] [102/296] SRML
[15:10:31] [103/296] EVCK
[15:10:32] [104/296] RTTK
[15:10:33] [105/296] SRTU
[15:10:34] [106/296] VRSA
[15:10:36] [107/296] VARS
[15:10:37] [108/296] DSCZ
[15:10:38] [109/296] GAGA
[15:10:38] [110/296] SARV
[15:10:39] [111/296] SEEG
[15:10:40] [112/296] GLCA
[15:10:41] [113/296] APAS
[15:10:42] [114/296] VCIA
[15:10:43] [115/296] SJTA
[15:10:43] [116/296] SABM
[15:10:44] [117/296] PPAG
[15:10:45] [118/296] RVCA
[15:10:46] [119/296] CCIA
[15:10:46] [120/296] HTAG
[15:10:47] [121/296] SMBI
[15:10:48] [122/296] MCJR
[15:10:49] [123/296] CCJR
[15:10:51] [124/296] SINF
[15:10:51] [125/296] CPLX
[15:10:52] [126/296] KKTJ
[15:10:53] [127/296] GDBW
[15:10:54] [128/296] CSUB
[15:10:55] [129/296] DABA
[15:10:56] [130/296] TITR
[15:10:58] [131/296] NYCR
[15:10:59] [132/296] RTRY
[15:10:59] [133/296] JTJL
[15:11:00] [134/296] SJCP
[15:11:01] [135/296] KCCA
[15:11:02] [136/296] MLPG
[15:11:03] [137/296] VRCK
[15:11:04] [138/296] SRIN
[15:11:05] [139/296] CXMK
[15:11:06] [140/296] SKAD
[15:11:07] [141/296] AVTR
[15:11:08] [142/296] PTAJ
[15:11:09] [143/296] SCNK
[15:11:09] [144/296] STTI
[15:11:10] [145/296] KACR
[15:11:11] [146/296] SSDX
[15:11:12] [147/296] VRTJ
[15:11:13] [148/296] RAJD
[15:11:14] [149/296] SCIP
[15:11:14] [150/296] RJSL
[15:11:16] [151/296] ARRS
[15:11:17] [152/296] ASMS
[15:11:18] [153/296] RDTS
[15:11:19] [154/296] DVMY
[15:11:20] [155/296] RASA
[15:11:20] [156/296] INOM
[15:11:21] [157/296] SPRS
[15:11:23] [158/296] SGCS
[15:11:24] [159/296] SALM
[15:11:25] [160/296] PKHC
[15:11:26] [161/296] RCSV
[15:11:27] [162/296] CPKC
[15:11:28] [163/296] AACD
[15:11:29] [164/296] GGCV
[15:11:30] [165/296] SMKD
[15:11:31] [166/296] NBCH
[15:11:31] [167/296] AMCB
[15:11:32] [168/296] OPCN
[15:11:33] [169/296] DCIN
[15:11:34] [170/296] INGW
[15:11:35] [171/296] PKKW
[15:11:36] [172/296] FNGW
[15:11:36] [173/296] GCGD
[15:11:37] [174/296] MSTW
[15:11:38] [175/296] KCCG
[15:11:39] [176/296] MRSS
[15:11:40] [177/296] CLCF
[15:11:41] [178/296] EETS
[15:11:42] [179/296] AATR
[15:11:42] [180/296] CMMN
[15:11:43] [181/296] SCCJ
[15:11:44] [182/296] CDTK
[15:11:45] [183/296] AICP
[15:11:46] [184/296] FNBP
[15:11:48] [185/296] CBPB
[15:11:49] [186/296] CPAS
[15:11:50] [187/296] MAPM
[15:11:50] [188/296] PASD
[15:11:51] [189/296] JCMN
[15:11:53] [190/296] MALB
[15:11:54] [191/296] SACG
[15:11:55] [192/296] DDRX
[15:11:56] [193/296] DDXB
[15:11:57] [194/296] RAMC
[15:11:58] [195/296] SANC
[15:12:00] [196/296] BCBP
[15:12:00] [197/296] ALPC
[15:12:01] [198/296] RBAC
[15:12:02] [199/296] RAJL
[15:12:03] [200/296] MPDX
[15:12:04] [201/296] MUSC
[15:12:05] [202/296] VKMK
[15:12:06] [203/296] SKCG
[15:12:07] [204/296] ANCN
[15:12:08] [205/296] MMCJ
[15:12:09] [206/296] DCAK
[15:12:10] [207/296] SCKG
[15:12:11] [208/296] LMCK
[15:12:12] [209/296] CKKX
[15:12:13] [210/296] ANKU
[15:12:14] [211/296] CSMD
[15:12:15] [212/296] MKMP
[15:12:15] [213/296] SVBG
[15:12:17] [214/296] ROOP
[15:12:18] [215/296] GDMT
[15:12:18] [216/296] FPPF
[15:12:19] [217/296] SFUU
[15:12:20] [218/296] ANCB
[15:12:21] [219/296] SMMC
[15:12:22] [220/296] UGKT
[15:12:23] [221/296] JVRM
[15:12:24] [222/296] BATG
[15:12:25] [223/296] RATE
[15:12:26] [224/296] SKME
[15:12:27] [225/296] LMTP
[15:12:28] [226/296] TCBD
[15:12:30] [227/296] ESBD
[15:12:31] [228/296] GDCU
[15:12:31] [229/296] SNKT
[15:12:32] [230/296] SRNK
[15:12:33] [231/296] SMED
[15:12:35] [232/296] CSQS
[15:12:36] [233/296] ALCS
[15:12:37] [234/296] KCKN
[15:12:38] [235/296] VCCL
[15:12:38] [236/296] MCDA
[15:12:39] [237/296] SHMI
[15:12:40] [238/296] SKHA
[15:12:41] [239/296] SVFK
[15:12:42] [240/296] INVB
[15:12:43] [241/296] MELD
[15:12:44] [242/296] JTYS
[15:12:44] [243/296] INCM
[15:12:45] [244/296] MCDV
[15:12:46] [245/296] KSGK
[15:12:47] [246/296] ICMG
[15:12:49] [247/296] CSCV
[15:12:50] [248/296] STMD
[15:12:51] [249/296] STTR
[15:12:51] [250/296] INVC
[15:12:52] [251/296] JTBL
[15:12:53] [252/296] SRVV
[15:12:54] [253/296] MAVC
[15:12:55] [254/296] SRPP
[15:12:55] [255/296] JGDM
[15:12:56] [256/296] MBSJ
[15:12:57] [257/296] SSLL
[15:12:58] [258/296] SLKP
[15:12:59] [259/296] NSRV
[15:13:00] [260/296] UTDV
[15:13:01] [261/296] KICM
[15:13:02] [262/296] KCMD
[15:13:03] [263/296] TTPP
[15:13:03] [264/296] KMPV
[15:13:04] [265/296] SKTV
[15:13:06] [266/296] STCV
[15:13:07] [267/296] SRDA
[15:13:08] [268/296] JTSX
[15:13:08] [269/296] STBV
[15:13:10] [270/296] APVZ
[15:13:11] [271/296] GSTV
[15:13:12] [272/296] NMVS
[15:13:12] [273/296] SKRT
[15:13:14] [274/296] RMDV
[15:13:15] [275/296] RATG
[15:13:16] [276/296] SJYV
[15:13:17] [277/296] NDGP
[15:13:18] [278/296] SNDG
[15:13:19] [279/296] INSR
[15:13:20] [280/296] INSO
[15:13:21] [281/296] CCSI
[15:13:22] [282/296] RASM
[15:13:23] [283/296] NEWC
[15:13:24] [284/296] VSHL
[15:13:25] [285/296] BISW
[15:13:26] [286/296] GCNG
[15:13:28] [287/296] CWSC
[15:13:29] [288/296] SKAN
[15:13:30] [289/296] SEHP
[15:13:30] [290/296] CCOA
[15:13:31] [291/296] MCAJ
[15:13:32] [292/296] ACDE
[15:13:33] [293/296] AACM
[15:13:34] [294/296] JJCK
[15:13:35] [295/296] RCMO
[15:13:36] [296/296] GDAW
[15:13:37] ✅ DONE | Shows=470 | Movies=40
