[15:09:10] 🚀 BMS DAILY TRACKER STARTED
[15:09:10] [1/459] FNDB
[15:09:10] 🧠 New identity
[15:09:11] [2/459] AMBH
[15:09:12] [3/459] PRHN
[15:09:12] [4/459] ACPM
[15:09:13] [5/459] PVFS
[15:09:14] [6/459] AACN
[15:09:16] [7/459] ACAS
[15:09:17] [8/459] CTNR
[15:09:17] [9/459] MMAH
[15:09:18] [10/459] CPMH
[15:09:19] [11/459] IGMH
[15:09:20] [12/459] ABCS
[15:09:21] [13/459] CMMA
[15:09:22] [14/459] GPRH
[15:09:23] [15/459] PNNG
[15:09:23] [16/459] AMCA
[15:09:24] [17/459] ISTN
[15:09:25] [18/459] PIIC
[15:09:27] [19/459] AHMH
[15:09:27] [20/459] ASHN
[15:09:28] [21/459] INHY
[15:09:29] [22/459] SRMO
[15:09:30] [23/459] PIMH
[15:09:31] [24/459] PVTS
[15:09:32] [25/459] MMCA
[15:09:33] [26/459] AKYJ
[15:09:33] [27/459] BRKH
[15:09:34] [28/459] MAHM
[15:09:35] [29/459] CPHY
[15:09:36] [30/459] PVTP
[15:09:37] [31/459] SMMR
[15:09:38] [32/459] PVHM
[15:09:39] [33/459] SNDY
[15:09:40] [34/459] GOKU
[15:09:40] [35/459] ACEV
[15:09:41] [36/459] PVUM
[15:09:42] [37/459] VSWA
[15:09:43] [38/459] IPRS
[15:09:44] [39/459] ASGN
[15:09:45] [40/459] BKMV
[15:09:46] [41/459] PVYH
[15:09:47] [42/459] INKM
[15:09:49] [43/459] ARJU
[15:09:50] [44/459] JJPP
[15:09:51] [45/459] SSRM
[15:09:51] [46/459] HMHD
[15:09:53] [47/459] SNKH
[15:09:54] [48/459] ACHI
[15:09:55] [49/459] MRAA
[15:09:56] [50/459] INMH
[15:09:57] [51/459] ARMH
[15:09:58] [52/459] DVRR
[15:09:59] [53/459] SUDA
[15:09:59] [54/459] MCSS
[15:10:00] [55/459] VRKC
[15:10:01] [56/459] PRCX
[15:10:02] [57/459] ASJY
[15:10:03] [58/459] MTHY
[15:10:03] [59/459] SRCM
[15:10:04] [60/459] TVHY
[15:10:05] [61/459] STHD
[15:10:06] [62/459] CPCL
[15:10:07] [63/459] PSMJ
[15:10:08] [64/459] MRGT
[15:10:09] [65/459] ARYH
[15:10:09] [66/459] VTRB
[15:10:10] [67/459] SCHC
[15:10:11] [68/459] MRRG
[15:10:12] [69/459] SPCB
[15:10:13] [70/459] AMCM
[15:10:13] [71/459] IVNM
[15:10:14] [72/459] TRHY
[15:10:15] [73/459] PTTH
[15:10:16] [74/459] RKMH
[15:10:17] [75/459] PRCS
[15:10:17] [76/459] VAJA
[15:10:18] [77/459] BJNG
[15:10:19] [78/459] SCVM
[15:10:20] [79/459] GNHB
[15:10:21] [80/459] TLUR
[15:10:22] [81/459] UKCC
[15:10:22] [82/459] SRKR
[15:10:23] [83/459] RMKN
[15:10:24] [84/459] SLRT
[15:10:25] [85/459] LKMT
[15:10:26] [86/459] SSRJ
[15:10:26] [87/459] SPHT
[15:10:27] [88/459] ANTT
[15:10:28] [89/459] SRCH
[15:10:29] [90/459] SRCA
[15:10:30] [91/459] ARTH
[15:10:31] [92/459] MCBH
[15:10:33] [93/459] SNIB
[15:10:34] [94/459] SART
[15:10:34] [95/459] SKTA
[15:10:35] [96/459] YAKT
[15:10:36] [97/459] MLCK
[15:10:37] [98/459] ANTS
[15:10:38] [99/459] DGCA
[15:10:39] [100/459] SGMP
[15:10:39] [101/459] ASWN
[15:10:40] [102/459] KFVU
[15:10:41] [103/459] POOR
[15:10:42] [104/459] GKDN
[15:10:43] [105/459] EOSE
[15:10:44] [106/459] GTTT
[15:10:45] [107/459] ARRO
[15:10:46] [108/459] CMMK
[15:10:46] [109/459] MSCN
[15:10:47] [110/459] GDKH
[15:10:48] [111/459] DLMT
[15:10:49] [112/459] PVMF
[15:10:50] [113/459] CPCK
[15:10:51] [114/459] VMHE
[15:10:51] [115/459] PVLC
[15:10:53] [116/459] PCVB
[15:10:54] [117/459] SNYK
[15:10:55] [118/459] KTEK
[15:10:56] [119/459] PCNM
[15:10:57] [120/459] NTTR
[15:10:58] [121/459] CPSK
[15:10:59] [122/459] JMMA
[15:11:00] [123/459] GCFK
[15:11:01] [124/459] MYCA
[15:11:01] [125/459] KSNP
[15:11:02] [126/459] PMCE
[15:11:03] [127/459] SCKI
[15:11:04] [128/459] FSMA
[15:11:05] [129/459] CETA
[15:11:05] [130/459] MCIK
[15:11:06] [131/459] MYCR
[15:11:07] [132/459] EVMP
[15:11:09] [133/459] SSGT
[15:11:10] [134/459] KCTK
[15:11:10] [135/459] ZTKC
[15:11:11] [136/459] MMTA
[15:11:12] [137/459] MAJT
[15:11:13] [138/459] ACPK
[15:11:14] [139/459] JMAX
[15:11:15] [140/459] SETK
[15:11:17] [141/459] CAIS
[15:11:17] [142/459] AGCD
[15:11:18] [143/459] URCL
[15:11:19] [144/459] VTDS
[15:11:20] [145/459] JCNM
[15:11:21] [146/459] KCAM
[15:11:22] [147/459] ADCU
[15:11:23] [148/459] GXYN
[15:11:23] [149/459] SMJG
[15:11:24] [150/459] EYCJ
[15:11:25] [151/459] CCEJ
[15:11:26] [152/459] MARS
[15:11:27] [153/459] CPVJ
[15:11:28] [154/459] INVP
[15:11:28] [155/459] CPOV
[15:11:29] [156/459] VIJK
[15:11:30] [157/459] LAIM
[15:11:30] [158/459] STHV
[15:11:31] [159/459] SVLJ
[15:11:32] [160/459] ATVJ
[15:11:33] [161/459] JTSC
[15:11:34] [162/459] RMTV
[15:11:34] [163/459] MGGG
[15:11:35] [164/459] SWTH
[15:11:36] [165/459] INVJ
[15:11:37] [166/459] PRSV
[15:11:38] [167/459] JATV
[15:11:38] [168/459] RCVD
[15:11:39] [169/459] BDMA
[15:11:40] [170/459] BLJI
[15:11:41] [171/459] SWOT
[15:11:42] [172/459] SWRN
[15:11:43] [173/459] TVRA
[15:11:43] [174/459] VCSV
[15:11:44] [175/459] NVRN
[15:11:45] [176/459] SIKC
[15:11:46] [177/459] VAKR
[15:11:47] [178/459] SYLN
[15:11:48] [179/459] KLJL
[15:11:49] [180/459] LKMY
[15:11:49] [181/459] VSLY
[15:11:50] [182/459] CIKO
[15:11:51] [183/459] GPBG
[15:11:51] [184/459] CECM
[15:11:52] [185/459] SLKB
[15:11:53] [186/459] MTBO
[15:11:54] [187/459] SSHB
[15:11:55] [188/459] VPCS
[15:11:56] [189/459] RCSR
[15:11:57] [190/459] RJRM
[15:11:58] [191/459] KPPB
[15:11:59] [192/459] SEDC
[15:12:00] [193/459] SCAI
[15:12:01] [194/459] RMTR
[15:12:01] [195/459] ASST
[15:12:02] [196/459] GCAK
[15:12:03] [197/459] ANNK
[15:12:04] [198/459] KDDF
[15:12:05] [199/459] NRDP
[15:12:05] [200/459] PLAK
[15:12:06] [201/459] GCMC
[15:12:07] [202/459] ALPY
[15:12:08] [203/459] SICE
[15:12:09] [204/459] SISR
[15:12:10] [205/459] SRPZ
[15:12:11] [206/459] SRSW
[15:12:11] [207/459] SUYA
[15:12:12] [208/459] AMMT
[15:12:13] [209/459] BHCU
[15:12:14] [210/459] KLPA
[15:12:14] [211/459] NVKH
[15:12:15] [212/459] JMRC
[15:12:16] [213/459] KTTT
[15:12:17] [214/459] MAGH
[15:12:18] [215/459] MMMX
[15:12:19] [216/459] SALJ
[15:12:20] [217/459] GTJA
[15:12:21] [218/459] MAHT
[15:12:22] [219/459] SSNN
[15:12:23] [220/459] ARRP
[15:12:23] [221/459] ATNS
[15:12:24] [222/459] SKDT
[15:12:26] [223/459] ACAT
[15:12:27] [224/459] APRC
[15:12:28] [225/459] SWAG
[15:12:29] [226/459] SDPT
[15:12:30] [227/459] STPS
[15:12:31] [228/459] WWCZ
[15:12:32] [229/459] LLCH
[15:12:33] [230/459] MZHA
[15:12:34] [231/459] CRJG
[15:12:35] [232/459] JGTK
[15:12:36] [233/459] KCSR
[15:12:36] [234/459] CHTL
[15:12:37] [235/459] EDSR
[15:12:38] [236/459] CSWO
[15:12:39] [237/459] CPVM
[15:12:40] [238/459] MXBY
[15:12:40] [239/459] FMMA
[15:12:41] [240/459] POVI
[15:12:42] [241/459] MTHB
[15:12:43] [242/459] INRC
[15:12:44] [243/459] PIPP
[15:12:45] [244/459] BMXC
[15:12:45] [245/459] PCMM
[15:12:47] [246/459] PMKM
[15:12:48] [247/459] GATY
[15:12:49] [248/459] IMCM
[15:12:50] [249/459] POPE
[15:12:50] [250/459] MTCR
[15:12:52] [251/459] PVAE
[15:12:53] [252/459] PVMI
[15:12:54] [253/459] CPNM
[15:12:55] [254/459] FMRL
[15:12:55] [255/459] MCIW
[15:12:56] [256/459] MXBO
[15:12:57] [257/459] FMKY
[15:12:59] [258/459] FMDA
[15:13:00] [259/459] THAB
[15:13:00] [260/459] PRCW
[15:13:01] [261/459] PITI
[15:13:02] [262/459] MCFF
[15:13:02] [263/459] PDDV
[15:13:03] [264/459] MCRM
[15:13:04] [265/459] KKMB
[15:13:05] [266/459] INKO
[15:13:06] [267/459] PLXP
[15:13:07] [268/459] MMHA
[15:13:08] [269/459] FMVS
[15:13:08] [270/459] POLM
[15:13:09] [271/459] STER
[15:13:10] [272/459] PVWJ
[15:13:11] [273/459] IMJW
[15:13:12] [274/459] FNAN
[15:13:13] [275/459] CAGL
[15:13:14] [276/459] IPBG
[15:13:15] [277/459] SMFV
[15:13:16] [278/459] MMMR
[15:13:16] [279/459] MMWM
[15:13:17] [280/459] FNCM
[15:13:18] [281/459] MDVA
[15:13:19] [282/459] MMET
[15:13:19] [283/459] MIDO
[15:13:21] [284/459] INNP
[15:13:22] [285/459] MIFU
[15:13:23] [286/459] MMSZ
[15:13:24] [287/459] BMXA
[15:13:24] [288/459] MCAA
[15:13:25] [289/459] SCVP
[15:13:26] [290/459] PLUS
[15:13:27] [291/459] MUCK
[15:13:28] [292/459] MTMA
[15:13:29] [293/459] HPVR
[15:13:29] [294/459] PMPK
[15:13:30] [295/459] MAJB
[15:13:31] [296/459] CTRR
[15:13:32] [297/459] MCTG
[15:13:34] [298/459] MACE
[15:13:35] [299/459] AAAS
[15:13:36] [300/459] CPVV
[15:13:36] [301/459] RCHG
[15:13:37] [302/459] MCNE
[15:13:38] [303/459] EMNC
[15:13:39] [304/459] MCAN
[15:13:40] [305/459] TCDM
[15:13:41] [306/459] IRGT
[15:13:42] [307/459] GCMG
[15:13:43] [308/459] MXSN
[15:13:44] [309/459] MXCK
[15:13:45] [310/459] MCRC
[15:13:45] [311/459] RSMI
[15:13:46] [312/459] WAML
[15:13:47] [313/459] MTSC
[15:13:48] [314/459] FMDR
[15:13:49] [315/459] LEPV
[15:13:50] [316/459] MTGD
[15:13:50] [317/459] IMOB
[15:13:51] [318/459] CLMM
[15:13:52] [319/459] PZCD
[15:13:53] [320/459] GOCS
[15:13:54] [321/459] KCMA
[15:13:55] [322/459] CCMP
[15:13:55] [323/459] MTSU
[15:13:56] [324/459] SNGL
[15:13:57] [325/459] MMMC
[15:13:58] [326/459] MMAA
[15:13:58] [327/459] GCDM
[15:13:59] [328/459] KTMV
[15:14:00] [329/459] AETE
[15:14:02] [330/459] OMCS
[15:14:02] [331/459] GDCD
[15:14:03] [332/459] NYMD
[15:14:04] [333/459] RNCV
[15:14:04] [334/459] KKMT
[15:14:05] [335/459] GDTH
[15:14:06] [336/459] KMMV
[15:14:07] [337/459] NHCG
[15:14:08] [338/459] PJDW
[15:14:09] [339/459] MMCV
[15:14:10] [340/459] FQSA
[15:14:11] [341/459] KURL
[15:14:11] [342/459] NNNX
[15:14:12] [343/459] AMAU
[15:14:13] [344/459] VVVM
[15:14:14] [345/459] VECU
[15:14:15] [346/459] WCVR
[15:14:16] [347/459] MTGG
[15:14:17] [348/459] SGTG
[15:14:17] [349/459] MNTG
[15:14:18] [350/459] JDDG
[15:14:19] [351/459] MBTK
[15:14:20] [352/459] SGCD
[15:14:21] [353/459] MCTC
[15:14:22] [354/459] JTPC
[15:14:24] [355/459] SDKT
[15:14:25] [356/459] KRCC
[15:14:26] [357/459] RMMD
[15:14:26] [358/459] AAME
[15:14:28] [359/459] TMWC
[15:14:29] [360/459] NRWY
[15:14:30] [361/459] CITD
[15:14:31] [362/459] VERD
[15:14:33] [363/459] MKSK
[15:14:34] [364/459] STSM
[15:14:35] [365/459] MJDG
[15:14:36] [366/459] RKPM
[15:14:37] [367/459] SSCE
[15:14:38] [368/459] VMAE
[15:14:39] [369/459] SBRU
[15:14:40] [370/459] AMBC
[15:14:41] [371/459] AMLU
[15:14:42] [372/459] INVZ
[15:14:43] [373/459] LGTV
[15:14:44] [374/459] SVAD
[15:14:45] [375/459] SMSA
[15:14:45] [376/459] SPCZ
[15:14:46] [377/459] GTCX
[15:14:47] [378/459] SCSL
[15:14:48] [379/459] SAHU
[15:14:48] [380/459] NCDA
[15:14:49] [381/459] SCCG
[15:14:50] [382/459] VKTL
[15:14:51] [383/459] PUUJ
[15:14:52] [384/459] STEJ
[15:14:53] [385/459] RJAL
[15:14:53] [386/459] ACJC
[15:14:54] [387/459] VTHC
[15:14:55] [388/459] ARVB
[15:14:56] [389/459] AUBB
[15:14:57] [390/459] GDBR
[15:14:58] [391/459] PVND
[15:14:59] [392/459] BGRJ
[15:14:59] [393/459] RJMM
[15:15:00] [394/459] MCSA
[15:15:01] [395/459] BODA
[15:15:02] [396/459] JAGG
[15:15:03] [397/459] SCGA
[15:15:04] [398/459] LRCM
[15:15:05] [399/459] CPCN
[15:15:05] [400/459] SSTF
[15:15:06] [401/459] SRXP
[15:15:07] [402/459] CNFX
[15:15:08] [403/459] ANDI
[15:15:09] [404/459] SYEW
[15:15:10] [405/459] RCRE
[15:15:10] [406/459] SCRW
[15:15:11] [407/459] MBKR
[15:15:13] [408/459] ASNT
[15:15:13] [409/459] JTMT
[15:15:14] [410/459] SHAY
[15:15:15] [411/459] VRTH
[15:15:16] [412/459] SPTI
[15:15:17] [413/459] DPTD
[15:15:18] [414/459] TGSN
[15:15:20] [415/459] RCWV
[15:15:21] [416/459] OCUR
[15:15:22] [417/459] KSTC
[15:15:23] [418/459] SANI
[15:15:25] [419/459] MLCA
[15:15:25] [420/459] EGCA
[15:15:26] [421/459] SYSN
[15:15:27] [422/459] PKTA
[15:15:28] [423/459] PRCC
[15:15:29] [424/459] KSTR
[15:15:30] [425/459] SNTP
[15:15:32] [426/459] RCHA
[15:15:33] [427/459] SEEA
[15:15:33] [428/459] ALAT
[15:15:34] [429/459] AATV
[15:15:35] [430/459] RJTE
[15:15:35] [431/459] AAPP
[15:15:36] [432/459] PMMH
[15:15:37] [433/459] INRJ
[15:15:38] [434/459] SARB
[15:15:39] [435/459] PCJL
[15:15:40] [436/459] PFJJ
[15:15:40] [437/459] GRDC
[15:15:41] [438/459] BCBA
[15:15:42] [439/459] VIXL
[15:15:43] [440/459] CSTL
[15:15:44] [441/459] MTDK
[15:15:45] [442/459] TDAC
[15:15:46] [443/459] GTDN
[15:15:47] [444/459] TTDE
[15:15:47] [445/459] ASTS
[15:15:48] [446/459] CPNS
[15:15:49] [447/459] PVVW
[15:15:50] [448/459] USEB
[15:15:51] [449/459] DTYN
[15:15:52] [450/459] PVLE
[15:15:53] [451/459] CIPS
[15:15:54] [452/459] PAEG
[15:15:55] [453/459] PTCW
[15:15:55] [454/459] G3SR
[15:15:56] [455/459] PGND
[15:15:58] [456/459] INVM
[15:15:59] [457/459] SPIA
[15:16:00] [458/459] PCSN
[15:16:01] [459/459] PPGV
[15:16:02] ✅ DONE | Shows=1185 | Movies=61
