[15:08:51] 🚀 BMS DAILY TRACKER STARTED
[15:08:51] [1/459] NECA
[15:08:51] 🧠 New identity
[15:08:52] [2/459] BJLC
[15:08:53] [3/459] BASU
[15:08:55] [4/459] RUPI
[15:08:56] [5/459] LCBK
[15:08:57] [6/459] PMAC
[15:08:57] [7/459] AMLC
[15:08:59] [8/459] LICL
[15:09:01] [9/459] UDMM
[15:09:02] [10/459] STBZ
[15:09:03] [11/459] UUBT
[15:09:04] [12/459] SJKC
[15:09:05] [13/459] TUAL
[15:09:06] [14/459] MRSE
[15:09:07] [15/459] RMRK
[15:09:07] [16/459] TTKP
[15:09:08] [17/459] KTKO
[15:09:09] [18/459] SDBK
[15:09:10] [19/459] MCPR
[15:09:11] [20/459] CHTI
[15:09:12] [21/459] GCCP
[15:09:13] [22/459] SRMY
[15:09:14] [23/459] NYST
[15:09:15] [24/459] NYAG
[15:09:16] [25/459] SBMT
[15:09:17] [26/459] INGA
[15:09:18] [27/459] WSIC
[15:09:18] [28/459] SCSS
[15:09:19] [29/459] COPG
[15:09:20] [30/459] RCGR
[15:09:21] [31/459] TCZA
[15:09:21] [32/459] CNLP
[15:09:22] [33/459] CLKN
[15:09:23] [34/459] LHDF
[15:09:24] [35/459] ELKC
[15:09:25] [36/459] VCEM
[15:09:26] [37/459] SSZA
[15:09:27] [38/459] KRMT
[15:09:27] [39/459] LCMV
[15:09:29] [40/459] AYCZ
[15:09:29] [41/459] CUMS
[15:09:30] [42/459] BOCK
[15:09:31] [43/459] PNMR
[15:09:32] [44/459] PJCP
[15:09:33] [45/459] JDDD
[15:09:33] [46/459] STMS
[15:09:34] [47/459] FLMB
[15:09:35] [48/459] PKCM
[15:09:36] [49/459] SPPR
[15:09:37] [50/459] EYLH
[15:09:38] [51/459] RJCC
[15:09:39] [52/459] MMPS
[15:09:40] [53/459] SHMX
[15:09:41] [54/459] CCNL
[15:09:42] [55/459] RCNV
[15:09:42] [56/459] MAAG
[15:09:43] [57/459] LXCM
[15:09:44] [58/459] RCNI
[15:09:45] [59/459] SNNI
[15:09:46] [60/459] LALC
[15:09:47] [61/459] SOCN
[15:09:48] [62/459] JHTP
[15:09:49] [63/459] PITP
[15:09:50] [64/459] CCKW
[15:09:51] [65/459] MCMC
[15:09:52] [66/459] DEES
[15:09:53] [67/459] SABT
[15:09:54] [68/459] VSPP
[15:09:55] [69/459] ABCT
[15:09:56] [70/459] JVTB
[15:09:57] [71/459] VCBD
[15:09:58] [72/459] RMGG
[15:09:59] [73/459] RNMH
[15:10:00] [74/459] SPGL
[15:10:00] [75/459] JTTR
[15:10:01] [76/459] SICS
[15:10:02] [77/459] SRMI
[15:10:03] [78/459] SSIJ
[15:10:04] [79/459] KFMT
[15:10:05] [80/459] VBIT
[15:10:05] [81/459] JKCT
[15:10:06] [82/459] GCGP
[15:10:07] [83/459] GDCS
[15:10:08] [84/459] TRBA
[15:10:09] [85/459] QUST
[15:10:10] [86/459] VSHM
[15:10:10] [87/459] SDCP
[15:10:11] [88/459] SNVS
[15:10:12] [89/459] NYTO
[15:10:13] [90/459] URWC
[15:10:15] [91/459] GTWH
[15:10:16] [92/459] PFCM
[15:10:17] [93/459] KRTA
[15:10:18] [94/459] AXMC
[15:10:19] [95/459] EVMC
[15:10:20] [96/459] HGSM
[15:10:20] [97/459] ACVM
[15:10:21] [98/459] PSKL
[15:10:22] [99/459] RDMP
[15:10:23] [100/459] RHGH
[15:10:24] [101/459] OMCM
[15:10:25] [102/459] DCCP
[15:10:26] [103/459] MCPB
[15:10:27] [104/459] ALCI
[15:10:27] [105/459] BLMX
[15:10:28] [106/459] BTMV
[15:10:29] [107/459] FVPN
[15:10:30] [108/459] CMAR
[15:10:31] [109/459] CEIM
[15:10:32] [110/459] CMVA
[15:10:33] [111/459] CPIV
[15:10:33] [112/459] CNPE
[15:10:34] [113/459] COLV
[15:10:35] [114/459] DNNV
[15:10:36] [115/459] HCAD
[15:10:38] [116/459] TAKA
[15:10:39] [117/459] INVD
[15:10:40] [118/459] IRMM
[15:10:40] [119/459] INSE
[15:10:41] [120/459] MRSW
[15:10:42] [121/459] MCVD
[15:10:43] [122/459] MCSO
[15:10:44] [123/459] PEVM
[15:10:44] [124/459] PVNL
[15:10:45] [125/459] PTCV
[15:10:46] [126/459] PRTC
[15:10:47] [127/459] RCVA
[15:10:48] [128/459] MTBN
[15:10:49] [129/459] LUCP
[15:10:50] [130/459] FMPT
[15:10:51] [131/459] JLSL
[15:10:52] [132/459] SBHA
[15:10:52] [133/459] SHRC
[15:10:53] [134/459] AVPS
[15:10:54] [135/459] STPM
[15:10:55] [136/459] ATRD
[15:10:56] [137/459] VTED
[15:10:57] [138/459] ACAI
[15:10:58] [139/459] SMAE
[15:10:59] [140/459] VMAT
[15:11:01] [141/459] LKCT
[15:11:02] [142/459] JTVK
[15:11:03] [143/459] PRTY
[15:11:03] [144/459] GETT
[15:11:04] [145/459] ESAP
[15:11:06] [146/459] NCPM
[15:11:07] [147/459] PCPA
[15:11:08] [148/459] MMOM
[15:11:09] [149/459] PHUP
[15:11:10] [150/459] CCPI
[15:11:11] [151/459] CNTD
[15:11:11] [152/459] NLJR
[15:11:12] [153/459] SRNG
[15:11:13] [154/459] MHAL
[15:11:14] [155/459] PNSM
[15:11:15] [156/459] DRMY
[15:11:16] [157/459] CCMU
[15:11:17] [158/459] SCMY
[15:11:17] [159/459] PVSY
[15:11:18] [160/459] SDLM
[15:11:19] [161/459] ICCM
[15:11:20] [162/459] PYSU
[15:11:21] [163/459] GATM
[15:11:22] [164/459] WOTM
[15:11:24] [165/459] RKTS
[15:11:25] [166/459] PMTY
[15:11:26] [167/459] LYMS
[15:11:26] [168/459] TGCA
[15:11:27] [169/459] DSTA
[15:11:28] [170/459] CNGE
[15:11:29] [171/459] VSTG
[15:11:30] [172/459] GTCK
[15:11:31] [173/459] TGNT
[15:11:32] [174/459] ASLC
[15:11:34] [175/459] SSST
[15:11:35] [176/459] KBTT
[15:11:36] [177/459] HKCP
[15:11:36] [178/459] SWLC
[15:11:37] [179/459] RTND
[15:11:38] [180/459] PKKT
[15:11:39] [181/459] HSTK
[15:11:40] [182/459] SPTT
[15:11:41] [183/459] IMPM
[15:11:42] [184/459] SCMV
[15:11:43] [185/459] SPCT
[15:11:44] [186/459] JBCA
[15:11:45] [187/459] ATTR
[15:11:46] [188/459] SPMT
[15:11:47] [189/459] LCTM
[15:11:47] [190/459] SCVL
[15:11:48] [191/459] SCVT
[15:11:49] [192/459] KRIC
[15:11:50] [193/459] CTMG
[15:11:50] [194/459] ACNC
[15:11:51] [195/459] DMCK
[15:11:52] [196/459] KMTV
[15:11:54] [197/459] PFCJ
[15:11:55] [198/459] VNMD
[15:11:56] [199/459] VPCZ
[15:11:56] [200/459] SRYR
[15:11:57] [201/459] SYTR
[15:11:58] [202/459] GATR
[15:11:59] [203/459] URTR
[15:12:00] [204/459] MKSM
[15:12:01] [205/459] VSMH
[15:12:02] [206/459] SKRJ
[15:12:03] [207/459] SSJR
[15:12:03] [208/459] SVSM
[15:12:04] [209/459] RUCM
[15:12:05] [210/459] PRKN
[15:12:06] [211/459] RROH
[15:12:07] [212/459] SCTN
[15:12:08] [213/459] RTDM
[15:12:08] [214/459] ASRM
[15:12:09] [215/459] SKMD
[15:12:11] [216/459] SUTD
[15:12:12] [217/459] SADM
[15:12:13] [218/459] WCNR
[15:12:15] [219/459] CNED
[15:12:15] [220/459] MPDB
[15:12:16] [221/459] KTBH
[15:12:18] [222/459] IDRM
[15:12:18] [223/459] PJJT
[15:12:19] [224/459] PFCV
[15:12:20] [225/459] AACT
[15:12:21] [226/459] AAAD
[15:12:22] [227/459] ANES
[15:12:23] [228/459] MNCA
[15:12:23] [229/459] RMGU
[15:12:24] [230/459] DLCN
[15:12:25] [231/459] LJWT
[15:12:26] [232/459] MCBG
[15:12:28] [233/459] MYBG
[15:12:28] [234/459] GCCA
[15:12:29] [235/459] GCGA
[15:12:30] [236/459] ECGN
[15:12:31] [237/459] PRAB
[15:12:32] [238/459] PNMP
[15:12:33] [239/459] GCPT
[15:12:34] [240/459] ROYN
[15:12:35] [241/459] VATM
[15:12:35] [242/459] KSNT
[15:12:36] [243/459] ACTC
[15:12:37] [244/459] PLTD
[15:12:39] [245/459] SKMK
[15:12:40] [246/459] CMTT
[15:12:41] [247/459] SMXP
[15:12:42] [248/459] SCMX
[15:12:43] [249/459] ACXN
[15:12:44] [250/459] ASWT
[15:12:44] [251/459] VVVL
[15:12:46] [252/459] NAGO
[15:12:46] [253/459] SNCN
[15:12:47] [254/459] MCKP
[15:12:48] [255/459] SAMO
[15:12:49] [256/459] JBTV
[15:12:50] [257/459] DCVV
[15:12:51] [258/459] KMSV
[15:12:53] [259/459] KDCN
[15:12:54] [260/459] CNCP
[15:12:54] [261/459] HAMC
[15:12:55] [262/459] CCVZ
[15:12:56] [263/459] NCCK
[15:12:57] [264/459] MCHR
[15:12:58] [265/459] SCHT
[15:12:59] [266/459] ESSH
[15:13:00] [267/459] CUJC
[15:13:01] [268/459] PECP
[15:13:02] [269/459] PMMI
[15:13:03] [270/459] PCCH
[15:13:04] [271/459] PRPM
[15:13:05] [272/459] PVKL
[15:13:05] [273/459] CBSM
[15:13:06] [274/459] PVCZ
[15:13:07] [275/459] PCVV
[15:13:08] [276/459] CTMJ
[15:13:09] [277/459] RCPS
[15:13:10] [278/459] PCIT
[15:13:11] [279/459] FNCH
[15:13:12] [280/459] INZD
[15:13:13] [281/459] INPC
[15:13:13] [282/459] LCZP
[15:13:14] [283/459] SMCB
[15:13:15] [284/459] PTSB
[15:13:16] [285/459] TPSI
[15:13:17] [286/459] KHMJ
[15:13:18] [287/459] RCCJ
[15:13:19] [288/459] NCJA
[15:13:20] [289/459] NCJN
[15:13:21] [290/459] BTDP
[15:13:22] [291/459] PADY
[15:13:22] [292/459] NYBH
[15:13:23] [293/459] MTBR
[15:13:24] [294/459] KRBC
[15:13:25] [295/459] DKTI
[15:13:26] [296/459] ANAN
[15:13:27] [297/459] INBP
[15:13:29] [298/459] PATB
[15:13:30] [299/459] RGNT
[15:13:31] [300/459] CGPM
[15:13:32] [301/459] INTN
[15:13:33] [302/459] MCMP
[15:13:34] [303/459] ASRG
[15:13:35] [304/459] CXJD
[15:13:36] [305/459] SPCP
[15:13:37] [306/459] CSTP
[15:13:38] [307/459] PKVC
[15:13:38] [308/459] ESCP
[15:13:40] [309/459] CAEP
[15:13:41] [310/459] CCSP
[15:13:43] [311/459] KTPC
[15:13:44] [312/459] DACA
[15:13:44] [313/459] NVKY
[15:13:45] [314/459] PTIN
[15:13:46] [315/459] SCIN
[15:13:47] [316/459] MCTY
[15:13:48] [317/459] PCMX
[15:13:49] [318/459] INIC
[15:13:49] [319/459] MMZM
[15:13:50] [320/459] SSLP
[15:13:51] [321/459] DTDT
[15:13:52] [322/459] FFCX
[15:13:53] [323/459] RCMM
[15:13:55] [324/459] KYID
[15:13:56] [325/459] CSCI
[15:13:56] [326/459] FCMC
[15:13:57] [327/459] MMXI
[15:13:58] [328/459] ASTC
[15:13:59] [329/459] CMRA
[15:14:00] [330/459] DICI
[15:14:01] [331/459] KDIN
[15:14:02] [332/459] PRFI
[15:14:03] [333/459] SVFC
[15:14:04] [334/459] UCPL
[15:14:06] [335/459] COOC
[15:14:07] [336/459] SCAL
[15:14:08] [337/459] SVFF
[15:14:09] [338/459] VCMG
[15:14:10] [339/459] UUCT
[15:14:11] [340/459] GCSE
[15:14:12] [341/459] SUSC
[15:14:13] [342/459] MISC
[15:14:14] [343/459] RMBL
[15:14:15] [344/459] CMXN
[15:14:15] [345/459] PVBK
[15:14:16] [346/459] HHCG
[15:14:18] [347/459] SCAG
[15:14:19] [348/459] CNPR
[15:14:20] [349/459] CSER
[15:14:21] [350/459] HLWD
[15:14:21] [351/459] BOLY
[15:14:22] [352/459] SSPG
[15:14:23] [353/459] MUPX
[15:14:24] [354/459] HAMR
[15:14:25] [355/459] SDNC
[15:14:26] [356/459] RTEN
[15:14:26] [357/459] SDTD
[15:14:28] [358/459] KAWS
[15:14:28] [359/459] CMZX
[15:14:29] [360/459] DCDD
[15:14:30] [361/459] ALSN
[15:14:32] [362/459] IMXS
[15:14:33] [363/459] PVFF
[15:14:34] [364/459] PVOO
[15:14:34] [365/459] CFBS
[15:14:35] [366/459] PVER
[15:14:36] [367/459] PPNX
[15:14:37] [368/459] CNRM
[15:14:38] [369/459] PVWW
[15:14:39] [370/459] INMB
[15:14:40] [371/459] CPJR
[15:14:41] [372/459] INRZ
[15:14:42] [373/459] PMSR
[15:14:42] [374/459] GPGM
[15:14:43] [375/459] PGWB
[15:14:44] [376/459] PMBR
[15:14:46] [377/459] GPAM
[15:14:47] [378/459] INBC
[15:14:47] [379/459] PZVK
[15:14:48] [380/459] CPEB
[15:14:50] [381/459] FMLB
[15:14:51] [382/459] INBG
[15:14:52] [383/459] GPBR
[15:14:53] [384/459] PAAS
[15:14:54] [385/459] VTBR
[15:14:54] [386/459] GPMY
[15:14:55] [387/459] GYBU
[15:14:56] [388/459] INBJ
[15:14:57] [389/459] LKTH
[15:14:58] [390/459] NSBR
[15:14:59] [391/459] PDRD
[15:15:00] [392/459] VRBL
[15:15:00] [393/459] VTGB
[15:15:01] [394/459] VTSK
[15:15:02] [395/459] BKDV
[15:15:03] [396/459] SVTB
[15:15:04] [397/459] MLDT
[15:15:05] [398/459] NRBL
[15:15:06] [399/459] SLTR
[15:15:07] [400/459] VNKA
[15:15:07] [401/459] TDCA
[15:15:08] [402/459] INBM
[15:15:09] [403/459] SSNR
[15:15:10] [404/459] BHAC
[15:15:11] [405/459] SDSD
[15:15:11] [406/459] SAMP
[15:15:12] [407/459] RATK
[15:15:13] [408/459] KCBI
[15:15:14] [409/459] URBL
[15:15:15] [410/459] MKBG
[15:15:17] [411/459] ASTB
[15:15:18] [412/459] VBWT
[15:15:19] [413/459] GPSM
[15:15:20] [414/459] ROON
[15:15:21] [415/459] CHTH
[15:15:22] [416/459] SSPA
[15:15:23] [417/459] ANBL
[15:15:24] [418/459] VTBE
[15:15:25] [419/459] SVKT
[15:15:26] [420/459] SVYK
[15:15:27] [421/459] PTBK
[15:15:28] [422/459] RKTB
[15:15:28] [423/459] BALT
[15:15:29] [424/459] STSV
[15:15:30] [425/459] VCCB
[15:15:31] [426/459] SLTB
[15:15:32] [427/459] SBCR
[15:15:32] [428/459] VDCS
[15:15:33] [429/459] MDKI
[15:15:34] [430/459] SMRN
[15:15:35] [431/459] PTBC
[15:15:36] [432/459] RADI
[15:15:37] [433/459] ADCR
[15:15:38] [434/459] SDCS
[15:15:38] [435/459] SRPJ
[15:15:40] [436/459] ARTS
[15:15:41] [437/459] SRHK
[15:15:42] [438/459] SPAY
[15:15:43] [439/459] GPTB
[15:15:44] [440/459] SNNN
[15:15:45] [441/459] BALJ
[15:15:46] [442/459] TRIG
[15:15:47] [443/459] GTYT
[15:15:48] [444/459] ATGN
[15:15:49] [445/459] ANTE
[15:15:50] [446/459] BDCG
[15:15:51] [447/459] VECI
[15:15:52] [448/459] SCPR
[15:15:53] [449/459] RTEA
[15:15:54] [450/459] JSAI
[15:15:55] [451/459] VJTP
[15:15:55] [452/459] GNDS
[15:15:57] [453/459] PAXA
[15:15:59] [454/459] CGGM
[15:16:00] [455/459] ACKZ
[15:16:01] [456/459] EMCC
[15:16:02] [457/459] KLSK
[15:16:03] [458/459] AVCK
[15:16:04] [459/459] JTCK
[15:16:05] ✅ DONE | Shows=1078 | Movies=60
