[15:08:47] 🚀 BMS DAILY TRACKER STARTED
[15:08:47] [1/324] GCTA
[15:08:47] 🧠 New identity
[15:08:48] [2/324] TOPN
[15:08:50] [3/324] MCUS
[15:08:51] [4/324] SHRL
[15:08:52] [5/324] UPTP
[15:08:53] [6/324] TMMP
[15:08:53] [7/324] DNRP
[15:08:54] [8/324] SRLT
[15:08:55] [9/324] RCNS
[15:08:56] [10/324] DCBH
[15:08:56] [11/324] NAGJ
[15:08:57] [12/324] JVRC
[15:08:58] [13/324] KRJG
[15:08:59] [14/324] SRTJ
[15:09:00] [15/324] CMXM
[15:09:01] [16/324] STMI
[15:09:01] [17/324] SLST
[15:09:02] [18/324] DTCN
[15:09:04] [19/324] STYN
[15:09:05] [20/324] SZVR
[15:09:06] [21/324] SRKO
[15:09:07] [22/324] JTGT
[15:09:07] [23/324] SVFD
[15:09:08] [24/324] SISD
[15:09:09] [25/324] ABDD
[15:09:10] [26/324] DRCA
[15:09:11] [27/324] AVCS
[15:09:11] [28/324] MVKH
[15:09:12] [29/324] ACPR
[15:09:13] [30/324] STIP
[15:09:14] [31/324] MTRA
[15:09:15] [32/324] RMKH
[15:09:15] [33/324] NKRL
[15:09:16] [34/324] PCWN
[15:09:17] [35/324] BLMT
[15:09:19] [36/324] GDPG
[15:09:20] [37/324] SRMX
[15:09:20] [38/324] JACP
[15:09:21] [39/324] CPSH
[15:09:22] [40/324] MCCD
[15:09:23] [41/324] ECGH
[15:09:23] [42/324] MKCK
[15:09:24] [43/324] SRMM
[15:09:25] [44/324] SKYR
[15:09:26] [45/324] PCKC
[15:09:27] [46/324] JCMA
[15:09:27] [47/324] BSMP
[15:09:28] [48/324] VSPA
[15:09:30] [49/324] DJYA
[15:09:31] [50/324] DIMP
[15:09:32] [51/324] FXDR
[15:09:32] [52/324] SSRC
[15:09:33] [53/324] STHP
[15:09:34] [54/324] CPPD
[15:09:35] [55/324] FCLK
[15:09:36] [56/324] SCPP
[15:09:37] [57/324] DCMJ
[15:09:38] [58/324] RCCR
[15:09:39] [59/324] INMT
[15:09:40] [60/324] LXTK
[15:09:40] [61/324] SRYK
[15:09:41] [62/324] SGDK
[15:09:42] [63/324] PPKA
[15:09:43] [64/324] SPKA
[15:09:44] [65/324] CGHH
[15:09:44] [66/324] DCJN
[15:09:45] [67/324] SRKV
[15:09:46] [68/324] SAJC
[15:09:47] [69/324] SUSR
[15:09:48] [70/324] STYG
[15:09:48] [71/324] NTKP
[15:09:49] [72/324] AKTG
[15:09:50] [73/324] CGCM
[15:09:51] [74/324] TULC
[15:09:52] [75/324] NYYZ
[15:09:53] [76/324] NYBW
[15:09:54] [77/324] MACB
[15:09:55] [78/324] SLVT
[15:09:55] [79/324] SANA
[15:09:57] [80/324] ACMR
[15:09:58] [81/324] CPKN
[15:09:58] [82/324] DLGK
[15:09:59] [83/324] CWCK
[15:10:00] [84/324] FDDH
[15:10:01] [85/324] MMMD
[15:10:02] [86/324] CMEH
[15:10:03] [87/324] GGGV
[15:10:04] [88/324] SPJL
[15:10:05] [89/324] RCCD
[15:10:06] [90/324] STTZ
[15:10:06] [91/324] BTCF
[15:10:07] [92/324] TSTZ
[15:10:08] [93/324] IPMM
[15:10:09] [94/324] PMPW
[15:10:10] [95/324] PCMZ
[15:10:10] [96/324] ESEM
[15:10:11] [97/324] PIPO
[15:10:12] [98/324] MATK
[15:10:13] [99/324] PGHM
[15:10:14] [100/324] CTSR
[15:10:15] [101/324] CYKR
[15:10:16] [102/324] MSCM
[15:10:16] [103/324] RFNP
[15:10:17] [104/324] PDCP
[15:10:18] [105/324] NPSE
[15:10:19] [106/324] MKML
[15:10:20] [107/324] FTDP
[15:10:21] [108/324] MMXA
[15:10:21] [109/324] CEPO
[15:10:22] [110/324] CMVP
[15:10:24] [111/324] SGTH
[15:10:25] [112/324] SAYN
[15:10:25] [113/324] URVS
[15:10:26] [114/324] VJTN
[15:10:27] [115/324] BBYK
[15:10:28] [116/324] SHBO
[15:10:29] [117/324] VCMR
[15:10:30] [118/324] MACT
[15:10:31] [119/324] JMNP
[15:10:31] [120/324] VICS
[15:10:32] [121/324] VCDA
[15:10:33] [122/324] GCMM
[15:10:34] [123/324] INVS
[15:10:35] [124/324] SCGM
[15:10:36] [125/324] PCDA
[15:10:36] [126/324] KDCT
[15:10:37] [127/324] JACS
[15:10:38] [128/324] GMMC
[15:10:39] [129/324] AICM
[15:10:39] [130/324] TJCM
[15:10:40] [131/324] RMTI
[15:10:41] [132/324] SHAC
[15:10:42] [133/324] APJC
[15:10:43] [134/324] GCTG
[15:10:44] [135/324] SSMC
[15:10:44] [136/324] THRM
[15:10:45] [137/324] RBCT
[15:10:46] [138/324] DIKT
[15:10:47] [139/324] MIDL
[15:10:48] [140/324] VCSN
[15:10:48] [141/324] SKTG
[15:10:49] [142/324] SMWC
[15:10:50] [143/324] MNKH
[15:10:51] [144/324] PIAT
[15:10:51] [145/324] LTTP
[15:10:53] [146/324] PTPU
[15:10:54] [147/324] ACMG
[15:10:55] [148/324] SHMM
[15:10:56] [149/324] MCMN
[15:10:57] [150/324] GLDC
[15:10:58] [151/324] HOUT
[15:10:58] [152/324] SVRP
[15:10:59] [153/324] PVDN
[15:11:00] [154/324] SCPY
[15:11:01] [155/324] DTPY
[15:11:03] [156/324] GKCS
[15:11:04] [157/324] NCAM
[15:11:05] [158/324] BSRM
[15:11:05] [159/324] RCLC
[15:11:06] [160/324] SKKD
[15:11:07] [161/324] ACHU
[15:11:08] [162/324] RSCF
[15:11:09] [163/324] IMSH
[15:11:10] [164/324] MACX
[15:11:11] [165/324] HMMW
[15:11:11] [166/324] JTCP
[15:11:12] [167/324] SREN
[15:11:14] [168/324] PJRR
[15:11:14] [169/324] INAC
[15:11:15] [170/324] BMCA
[15:11:16] [171/324] SHCB
[15:11:17] [172/324] GABA
[15:11:18] [173/324] SBCT
[15:11:19] [174/324] GCMA
[15:11:20] [175/324] MYTK
[15:11:20] [176/324] INZS
[15:11:22] [177/324] RMIK
[15:11:23] [178/324] NYCH
[15:11:24] [179/324] RAVE
[15:11:25] [180/324] PSXM
[15:11:25] [181/324] MCGP
[15:11:26] [182/324] PDDK
[15:11:27] [183/324] SPCK
[15:11:28] [184/324] MCRL
[15:11:29] [185/324] MHKT
[15:11:29] [186/324] ANRR
[15:11:30] [187/324] SAPK
[15:11:31] [188/324] NCUK
[15:11:32] [189/324] JUGA
[15:11:33] [190/324] DBSC
[15:11:34] [191/324] LALK
[15:11:34] [192/324] GUCK
[15:11:35] [193/324] STSG
[15:11:36] [194/324] PPPZ
[15:11:37] [195/324] CNCY
[15:11:37] [196/324] MTAR
[15:11:38] [197/324] VNKD
[15:11:39] [198/324] KMAJ
[15:11:40] [199/324] ACXK
[15:11:42] [200/324] UTKC
[15:11:42] [201/324] PBLK
[15:11:43] [202/324] ACBX
[15:11:44] [203/324] PTGM
[15:11:45] [204/324] BTDA
[15:11:46] [205/324] PJMB
[15:11:47] [206/324] TPDA
[15:11:48] [207/324] AMOE
[15:11:49] [208/324] PRHT
[15:11:50] [209/324] PRTA
[15:11:51] [210/324] STAM
[15:11:52] [211/324] MSAA
[15:11:53] [212/324] SDLU
[15:11:54] [213/324] RCHH
[15:11:55] [214/324] KANT
[15:11:55] [215/324] FCRT
[15:11:57] [216/324] DNKM
[15:11:58] [217/324] RYCP
[15:11:59] [218/324] MYRP
[15:12:00] [219/324] PPAK
[15:12:00] [220/324] NVPK
[15:12:01] [221/324] PRMC
[15:12:02] [222/324] JBCS
[15:12:02] [223/324] GXCK
[15:12:03] [224/324] USKO
[15:12:04] [225/324] GTEM
[15:12:05] [226/324] SMBU
[15:12:05] [227/324] VETC
[15:12:07] [228/324] LCDA
[15:12:07] [229/324] MTVT
[15:12:08] [230/324] PYCP
[15:12:09] [231/324] PNSC
[15:12:10] [232/324] PPCC
[15:12:11] [233/324] TGRT
[15:12:11] [234/324] JYOT
[15:12:12] [235/324] SRCZ
[15:12:13] [236/324] SJTE
[15:12:14] [237/324] DESC
[15:12:15] [238/324] JHVN
[15:12:15] [239/324] IPSG
[15:12:16] [240/324] IPCM
[15:12:18] [241/324] PDRS
[15:12:19] [242/324] ANCV
[15:12:20] [243/324] CMVV
[15:12:20] [244/324] SHYP
[15:12:21] [245/324] DNCS
[15:12:22] [246/324] GAJK
[15:12:24] [247/324] AKTN
[15:12:25] [248/324] KAYA
[15:12:26] [249/324] SBRC
[15:12:27] [250/324] CHTP
[15:12:28] [251/324] SHRT
[15:12:29] [252/324] BCKU
[15:12:29] [253/324] FCPS
[15:12:30] [254/324] ARDD
[15:12:31] [255/324] CPCM
[15:12:32] [256/324] CGSM
[15:12:32] [257/324] PSMP
[15:12:33] [258/324] SDAL
[15:12:34] [259/324] RTNB
[15:12:35] [260/324] LMCR
[15:12:35] [261/324] CIMA
[15:12:36] [262/324] RNAS
[15:12:38] [263/324] LITH
[15:12:38] [264/324] PBOX
[15:12:39] [265/324] FRTS
[15:12:40] [266/324] RKIC
[15:12:41] [267/324] PTAI
[15:12:42] [268/324] GCIC
[15:12:43] [269/324] FNAS
[15:12:44] [270/324] SCAR
[15:12:44] [271/324] MTCA
[15:12:45] [272/324] SCTS
[15:12:46] [273/324] SYCS
[15:12:47] [274/324] RDMS
[15:12:48] [275/324] KAMP
[15:12:49] [276/324] ERSD
[15:12:50] [277/324] MJMJ
[15:12:51] [278/324] SRCJ
[15:12:51] [279/324] SCXE
[15:12:52] [280/324] SVFR
[15:12:53] [281/324] BHCS
[15:12:54] [282/324] IMCC
[15:12:55] [283/324] PCBO
[15:12:56] [284/324] PRVN
[15:12:57] [285/324] AUPM
[15:12:58] [286/324] INBW
[15:12:59] [287/324] SVCW
[15:12:59] [288/324] RKCF
[15:13:00] [289/324] UVBH
[15:13:01] [290/324] DNCY
[15:13:02] [291/324] ABCN
[15:13:03] [292/324] PRUR
[15:13:04] [293/324] PFMR
[15:13:04] [294/324] RKCN
[15:13:05] [295/324] CFEA
[15:13:06] [296/324] SDBG
[15:13:07] [297/324] SNAR
[15:13:09] [298/324] YISI
[15:13:09] [299/324] JCFF
[15:13:10] [300/324] VTRK
[15:13:11] [301/324] PCLZ
[15:13:12] [302/324] DIMY
[15:13:13] [303/324] BBTS
[15:13:14] [304/324] GATH
[15:13:15] [305/324] GTMN
[15:13:16] [306/324] VTMH
[15:13:17] [307/324] CCKP
[15:13:17] [308/324] GPKA
[15:13:18] [309/324] MHCL
[15:13:19] [310/324] ATCL
[15:13:20] [311/324] SBCK
[15:13:20] [312/324] AMMR
[15:13:21] [313/324] MADC
[15:13:22] [314/324] TMMA
[15:13:23] [315/324] CACC
[15:13:24] [316/324] CHAL
[15:13:25] [317/324] DURG
[15:13:25] [318/324] GMKU
[15:13:26] [319/324] GECA
[15:13:27] [320/324] KYRR
[15:13:28] [321/324] KSDE
[15:13:29] [322/324] LMCI
[15:13:29] [323/324] NKCP
[15:13:30] [324/324] BGTC
[15:13:31] ✅ DONE | Shows=568 | Movies=58
[15:57:39] 🚀 BMS DAILY TRACKER STARTED
[15:57:39] [1/324] GCTA
[15:57:39] 🧠 New identity
[15:57:40] [2/324] TOPN
[15:57:41] [3/324] MCUS
[15:57:42] [4/324] SHRL
[15:57:43] [5/324] UPTP
[15:57:43] [6/324] TMMP
[15:57:44] [7/324] DNRP
[15:57:45] [8/324] SRLT
[15:57:46] [9/324] RCNS
[15:57:47] [10/324] DCBH
[15:57:48] [11/324] NAGJ
[15:57:49] [12/324] JVRC
[15:57:50] [13/324] KRJG
[15:57:51] [14/324] SRTJ
[15:57:51] [15/324] CMXM
[15:57:52] [16/324] STMI
[15:57:53] [17/324] SLST
[15:57:54] [18/324] DTCN
[15:57:55] [19/324] STYN
[15:57:56] [20/324] SZVR
[15:57:57] [21/324] SRKO
[15:57:58] [22/324] JTGT
[15:57:59] [23/324] SVFD
[15:58:00] [24/324] SISD
[15:58:00] [25/324] ABDD
[15:58:01] [26/324] DRCA
[15:58:03] [27/324] AVCS
[15:58:04] [28/324] MVKH
[15:58:05] [29/324] ACPR
[15:58:06] [30/324] STIP
[15:58:07] [31/324] MTRA
[15:58:07] [32/324] RMKH
[15:58:08] [33/324] NKRL
[15:58:09] [34/324] PCWN
[15:58:10] [35/324] BLMT
[15:58:11] [36/324] GDPG
[15:58:12] [37/324] SRMX
[15:58:12] [38/324] JACP
[15:58:13] [39/324] CPSH
[15:58:14] [40/324] MCCD
[15:58:15] [41/324] ECGH
[15:58:16] [42/324] MKCK
[15:58:17] [43/324] SRMM
[15:58:18] [44/324] SKYR
[15:58:19] [45/324] PCKC
[15:58:20] [46/324] JCMA
[15:58:21] [47/324] BSMP
[15:58:22] [48/324] VSPA
[15:58:22] [49/324] DJYA
[15:58:23] [50/324] DIMP
[15:58:24] [51/324] FXDR
[15:58:25] [52/324] SSRC
[15:58:27] [53/324] STHP
[15:58:28] [54/324] CPPD
[15:58:29] [55/324] FCLK
[15:58:30] [56/324] SCPP
[15:58:31] [57/324] DCMJ
[15:58:32] [58/324] RCCR
[15:58:33] [59/324] INMT
[15:58:34] [60/324] LXTK
[15:58:36] [61/324] SRYK
[15:58:36] [62/324] SGDK
[15:58:37] [63/324] PPKA
[15:58:38] [64/324] SPKA
[15:58:39] [65/324] CGHH
[15:58:40] [66/324] DCJN
[15:58:41] [67/324] SRKV
[15:58:42] [68/324] SAJC
[15:58:43] [69/324] SUSR
[15:58:44] [70/324] STYG
[15:58:45] [71/324] NTKP
[15:58:45] [72/324] AKTG
[15:58:47] [73/324] CGCM
[15:58:48] [74/324] TULC
[15:58:48] [75/324] NYYZ
[15:58:49] [76/324] NYBW
[15:58:50] [77/324] MACB
[15:58:51] [78/324] SLVT
[15:58:52] [79/324] SANA
[15:58:53] [80/324] ACMR
[15:58:54] [81/324] CPKN
[15:58:55] [82/324] DLGK
[15:58:56] [83/324] CWCK
[15:58:57] [84/324] FDDH
[15:58:57] [85/324] MMMD
[15:58:58] [86/324] CMEH
[15:58:59] [87/324] GGGV
[15:59:00] [88/324] SPJL
[15:59:01] [89/324] RCCD
[15:59:01] [90/324] STTZ
[15:59:02] [91/324] BTCF
[15:59:03] [92/324] TSTZ
[15:59:04] [93/324] IPMM
[15:59:05] [94/324] PMPW
[15:59:06] [95/324] PCMZ
[15:59:06] [96/324] ESEM
[15:59:07] [97/324] PIPO
[15:59:08] [98/324] MATK
[15:59:09] [99/324] PGHM
[15:59:10] [100/324] CTSR
[15:59:12] [101/324] CYKR
[15:59:13] [102/324] MSCM
[15:59:14] [103/324] RFNP
[15:59:14] [104/324] PDCP
[15:59:16] [105/324] NPSE
[15:59:17] [106/324] MKML
[15:59:18] [107/324] FTDP
[15:59:19] [108/324] MMXA
[15:59:20] [109/324] CEPO
[15:59:21] [110/324] CMVP
[15:59:22] [111/324] SGTH
[15:59:23] [112/324] SAYN
[15:59:24] [113/324] URVS
[15:59:24] [114/324] VJTN
[15:59:25] [115/324] BBYK
[15:59:26] [116/324] SHBO
[15:59:27] [117/324] VCMR
[15:59:28] [118/324] MACT
[15:59:29] [119/324] JMNP
[15:59:30] [120/324] VICS
[15:59:31] [121/324] VCDA
[15:59:31] [122/324] GCMM
[15:59:32] [123/324] INVS
[15:59:33] [124/324] SCGM
[15:59:34] [125/324] PCDA
[15:59:35] [126/324] KDCT
[15:59:36] [127/324] JACS
[15:59:37] [128/324] GMMC
[15:59:37] [129/324] AICM
[15:59:38] [130/324] TJCM
[15:59:39] [131/324] RMTI
[15:59:40] [132/324] SHAC
[15:59:41] [133/324] APJC
[15:59:43] [134/324] GCTG
[15:59:43] [135/324] SSMC
[15:59:44] [136/324] THRM
[15:59:45] [137/324] RBCT
[15:59:47] [138/324] DIKT
[15:59:48] [139/324] MIDL
[15:59:49] [140/324] VCSN
[15:59:49] [141/324] SKTG
[15:59:50] [142/324] SMWC
[15:59:51] [143/324] MNKH
[15:59:52] [144/324] PIAT
[15:59:52] [145/324] LTTP
[15:59:53] [146/324] PTPU
[15:59:54] [147/324] ACMG
[15:59:55] [148/324] SHMM
[15:59:55] [149/324] MCMN
[15:59:56] [150/324] GLDC
[15:59:57] [151/324] HOUT
[15:59:58] [152/324] SVRP
[15:59:59] [153/324] PVDN
[16:00:00] [154/324] SCPY
[16:00:00] [155/324] DTPY
[16:00:01] [156/324] GKCS
[16:00:02] [157/324] NCAM
[16:00:03] [158/324] BSRM
[16:00:04] [159/324] RCLC
[16:00:05] [160/324] SKKD
[16:00:06] [161/324] ACHU
[16:00:06] [162/324] RSCF
[16:00:07] [163/324] IMSH
[16:00:08] [164/324] MACX
[16:00:10] [165/324] HMMW
[16:00:11] [166/324] JTCP
[16:00:12] [167/324] SREN
[16:00:12] [168/324] PJRR
[16:00:13] [169/324] INAC
[16:00:14] [170/324] BMCA
[16:00:15] [171/324] SHCB
[16:00:16] [172/324] GABA
[16:00:16] [173/324] SBCT
[16:00:17] [174/324] GCMA
[16:00:18] [175/324] MYTK
[16:00:19] [176/324] INZS
[16:00:20] [177/324] RMIK
[16:00:21] [178/324] NYCH
[16:00:21] [179/324] RAVE
[16:00:22] [180/324] PSXM
[16:00:23] [181/324] MCGP
[16:00:24] [182/324] PDDK
[16:00:25] [183/324] SPCK
[16:00:26] [184/324] MCRL
[16:00:27] [185/324] MHKT
[16:00:29] [186/324] ANRR
[16:00:30] [187/324] SAPK
[16:00:31] [188/324] NCUK
[16:00:32] [189/324] JUGA
[16:00:32] [190/324] DBSC
[16:00:33] [191/324] LALK
[16:00:34] [192/324] GUCK
[16:00:35] [193/324] STSG
[16:00:36] [194/324] PPPZ
[16:00:38] [195/324] CNCY
[16:00:39] [196/324] MTAR
[16:00:39] [197/324] VNKD
[16:00:41] [198/324] KMAJ
[16:00:42] [199/324] ACXK
[16:00:43] [200/324] UTKC
[16:00:44] [201/324] PBLK
[16:00:44] [202/324] ACBX
[16:00:45] [203/324] PTGM
[16:00:46] [204/324] BTDA
[16:00:47] [205/324] PJMB
[16:00:47] [206/324] TPDA
[16:00:48] [207/324] AMOE
[16:00:49] [208/324] PRHT
[16:00:50] [209/324] PRTA
[16:00:51] [210/324] STAM
[16:00:52] [211/324] MSAA
[16:00:52] [212/324] SDLU
[16:00:53] [213/324] RCHH
[16:00:54] [214/324] KANT
[16:00:55] [215/324] FCRT
[16:00:56] [216/324] DNKM
[16:00:57] [217/324] RYCP
[16:00:57] [218/324] MYRP
[16:00:59] [219/324] PPAK
[16:01:00] [220/324] NVPK
[16:01:02] [221/324] PRMC
[16:01:04] [222/324] JBCS
[16:01:04] [223/324] GXCK
[16:01:05] [224/324] USKO
[16:01:06] [225/324] GTEM
[16:01:08] [226/324] SMBU
[16:01:08] [227/324] VETC
[16:01:09] [228/324] LCDA
[16:01:10] [229/324] MTVT
[16:01:10] [230/324] PYCP
[16:01:11] [231/324] PNSC
[16:01:12] [232/324] PPCC
[16:01:13] [233/324] TGRT
[16:01:14] [234/324] JYOT
[16:01:15] [235/324] SRCZ
[16:01:16] [236/324] SJTE
[16:01:16] [237/324] DESC
[16:01:18] [238/324] JHVN
[16:01:19] [239/324] IPSG
[16:01:20] [240/324] IPCM
[16:01:21] [241/324] PDRS
[16:01:22] [242/324] ANCV
[16:01:23] [243/324] CMVV
[16:01:24] [244/324] SHYP
[16:01:24] [245/324] DNCS
[16:01:25] [246/324] GAJK
[16:01:26] [247/324] AKTN
[16:01:28] [248/324] KAYA
[16:01:29] [249/324] SBRC
[16:01:29] [250/324] CHTP
[16:01:31] [251/324] SHRT
[16:01:32] [252/324] BCKU
[16:01:33] [253/324] FCPS
[16:01:34] [254/324] ARDD
[16:01:34] [255/324] CPCM
[16:01:35] [256/324] CGSM
[16:01:36] [257/324] PSMP
[16:01:37] [258/324] SDAL
[16:01:38] [259/324] RTNB
[16:01:39] [260/324] LMCR
[16:01:39] [261/324] CIMA
[16:01:40] [262/324] RNAS
[16:01:41] [263/324] LITH
[16:01:42] [264/324] PBOX
[16:01:43] [265/324] FRTS
[16:01:44] [266/324] RKIC
[16:01:45] [267/324] PTAI
[16:01:46] [268/324] GCIC
[16:01:48] [269/324] FNAS
[16:01:49] [270/324] SCAR
[16:01:50] [271/324] MTCA
[16:01:51] [272/324] SCTS
[16:01:52] [273/324] SYCS
[16:01:53] [274/324] RDMS
[16:01:53] [275/324] KAMP
[16:01:54] [276/324] ERSD
[16:01:55] [277/324] MJMJ
[16:01:56] [278/324] SRCJ
[16:01:57] [279/324] SCXE
[16:01:58] [280/324] SVFR
[16:01:59] [281/324] BHCS
[16:01:59] [282/324] IMCC
[16:02:00] [283/324] PCBO
[16:02:01] [284/324] PRVN
[16:02:03] [285/324] AUPM
[16:02:03] [286/324] INBW
[16:02:04] [287/324] SVCW
[16:02:05] [288/324] RKCF
[16:02:06] [289/324] UVBH
[16:02:07] [290/324] DNCY
[16:02:07] [291/324] ABCN
[16:02:08] [292/324] PRUR
[16:02:09] [293/324] PFMR
[16:02:10] [294/324] RKCN
[16:02:11] [295/324] CFEA
[16:02:11] [296/324] SDBG
[16:02:12] [297/324] SNAR
[16:02:13] [298/324] YISI
[16:02:14] [299/324] JCFF
[16:02:15] [300/324] VTRK
[16:02:16] [301/324] PCLZ
[16:02:16] [302/324] DIMY
[16:02:17] [303/324] BBTS
[16:02:18] [304/324] GATH
[16:02:19] [305/324] GTMN
[16:02:20] [306/324] VTMH
[16:02:21] [307/324] CCKP
[16:02:22] [308/324] GPKA
[16:02:23] [309/324] MHCL
[16:02:23] [310/324] ATCL
[16:02:24] [311/324] SBCK
[16:02:25] [312/324] AMMR
[16:02:26] [313/324] MADC
[16:02:27] [314/324] TMMA
[16:02:27] [315/324] CACC
[16:02:29] [316/324] CHAL
[16:02:30] [317/324] DURG
[16:02:30] [318/324] GMKU
[16:02:31] [319/324] GECA
[16:02:32] [320/324] KYRR
[16:02:34] [321/324] KSDE
[16:02:35] [322/324] LMCI
[16:02:36] [323/324] NKCP
[16:02:37] [324/324] BGTC
[16:02:37] ✅ DONE | Shows=709 | Movies=60
[18:19:42] 🚀 BMS DAILY TRACKER STARTED
[18:19:42] [1/324] GCTA
[18:19:42] 🧠 New identity
[18:19:43] [2/324] TOPN
[18:19:44] [3/324] MCUS
[18:19:45] [4/324] SHRL
[18:19:46] [5/324] UPTP
[18:19:47] [6/324] TMMP
[18:19:47] [7/324] DNRP
[18:19:48] [8/324] SRLT
[18:19:49] [9/324] RCNS
[18:19:50] [10/324] DCBH
[18:19:51] [11/324] NAGJ
[18:19:52] [12/324] JVRC
[18:19:53] [13/324] KRJG
[18:19:54] [14/324] SRTJ
[18:19:55] [15/324] CMXM
[18:19:56] [16/324] STMI
[18:19:57] [17/324] SLST
[18:19:57] [18/324] DTCN
[18:19:58] [19/324] STYN
[18:19:59] [20/324] SZVR
[18:20:00] [21/324] SRKO
[18:20:01] [22/324] JTGT
[18:20:02] [23/324] SVFD
[18:20:03] [24/324] SISD
[18:20:04] [25/324] ABDD
[18:20:05] [26/324] DRCA
[18:20:05] [27/324] AVCS
[18:20:06] [28/324] MVKH
[18:20:07] [29/324] ACPR
[18:20:08] [30/324] STIP
[18:20:09] [31/324] MTRA
[18:20:10] [32/324] RMKH
[18:20:10] [33/324] NKRL
[18:20:12] [34/324] PCWN
[18:20:13] [35/324] BLMT
[18:20:14] [36/324] GDPG
[18:20:15] [37/324] SRMX
[18:20:16] [38/324] JACP
[18:20:16] [39/324] CPSH
[18:20:17] [40/324] MCCD
[18:20:18] [41/324] ECGH
[18:20:18] [42/324] MKCK
[18:20:19] [43/324] SRMM
[18:20:20] [44/324] SKYR
[18:20:21] [45/324] PCKC
[18:20:22] [46/324] JCMA
[18:20:23] [47/324] BSMP
[18:20:24] [48/324] VSPA
[18:20:25] [49/324] DJYA
[18:20:26] [50/324] DIMP
[18:20:27] [51/324] FXDR
[18:20:28] [52/324] SSRC
[18:20:29] [53/324] STHP
[18:20:30] [54/324] CPPD
[18:20:31] [55/324] FCLK
[18:20:32] [56/324] SCPP
[18:20:33] [57/324] DCMJ
[18:20:34] [58/324] RCCR
[18:20:35] [59/324] INMT
[18:20:36] [60/324] LXTK
[18:20:37] [61/324] SRYK
[18:20:37] [62/324] SGDK
[18:20:38] [63/324] PPKA
[18:20:39] [64/324] SPKA
[18:20:40] [65/324] CGHH
[18:20:41] [66/324] DCJN
[18:20:42] [67/324] SRKV
[18:20:43] [68/324] SAJC
[18:20:44] [69/324] SUSR
[18:20:45] [70/324] STYG
[18:20:45] [71/324] NTKP
[18:20:46] [72/324] AKTG
[18:20:47] [73/324] CGCM
[18:20:48] [74/324] TULC
[18:20:49] [75/324] NYYZ
[18:20:50] [76/324] NYBW
[18:20:50] [77/324] MACB
[18:20:51] [78/324] SLVT
[18:20:52] [79/324] SANA
[18:20:53] [80/324] ACMR
[18:20:54] [81/324] CPKN
[18:20:55] [82/324] DLGK
[18:20:56] [83/324] CWCK
[18:20:56] [84/324] FDDH
[18:20:57] [85/324] MMMD
[18:20:58] [86/324] CMEH
[18:20:59] [87/324] GGGV
[18:21:00] [88/324] SPJL
[18:21:01] [89/324] RCCD
[18:21:01] [90/324] STTZ
[18:21:02] [91/324] BTCF
[18:21:03] [92/324] TSTZ
[18:21:05] [93/324] IPMM
[18:21:06] [94/324] PMPW
[18:21:07] [95/324] PCMZ
[18:21:08] [96/324] ESEM
[18:21:09] [97/324] PIPO
[18:21:10] [98/324] MATK
[18:21:11] [99/324] PGHM
[18:21:11] [100/324] CTSR
[18:21:12] [101/324] CYKR
[18:21:13] [102/324] MSCM
[18:21:13] [103/324] RFNP
[18:21:14] [104/324] PDCP
[18:21:15] [105/324] NPSE
[18:21:16] [106/324] MKML
[18:21:17] [107/324] FTDP
[18:21:17] [108/324] MMXA
[18:21:18] [109/324] CEPO
[18:21:19] [110/324] CMVP
[18:21:20] [111/324] SGTH
[18:21:22] [112/324] SAYN
[18:21:23] [113/324] URVS
[18:21:24] [114/324] VJTN
[18:21:24] [115/324] BBYK
[18:21:25] [116/324] SHBO
[18:21:27] [117/324] VCMR
[18:21:28] [118/324] MACT
[18:21:29] [119/324] JMNP
[18:21:30] [120/324] VICS
[18:21:31] [121/324] VCDA
[18:21:32] [122/324] GCMM
[18:21:33] [123/324] INVS
[18:21:34] [124/324] SCGM
[18:21:35] [125/324] PCDA
[18:21:36] [126/324] KDCT
[18:21:37] [127/324] JACS
[18:21:38] [128/324] GMMC
[18:21:39] [129/324] AICM
[18:21:39] [130/324] TJCM
[18:21:42] [131/324] RMTI
[18:21:43] [132/324] SHAC
[18:21:44] [133/324] APJC
[18:21:45] [134/324] GCTG
[18:21:46] [135/324] SSMC
[18:21:47] [136/324] THRM
[18:21:47] [137/324] RBCT
[18:21:48] [138/324] DIKT
[18:21:49] [139/324] MIDL
[18:21:50] [140/324] VCSN
[18:21:51] [141/324] SKTG
[18:21:51] [142/324] SMWC
[18:21:53] [143/324] MNKH
[18:21:54] [144/324] PIAT
[18:21:54] [145/324] LTTP
[18:21:55] [146/324] PTPU
[18:21:56] [147/324] ACMG
[18:21:57] [148/324] SHMM
[18:21:58] [149/324] MCMN
[18:21:59] [150/324] GLDC
[18:22:00] [151/324] HOUT
[18:22:01] [152/324] SVRP
[18:22:01] [153/324] PVDN
[18:22:02] [154/324] SCPY
[18:22:03] [155/324] DTPY
[18:22:04] [156/324] GKCS
[18:22:05] [157/324] NCAM
[18:22:06] [158/324] BSRM
[18:22:06] [159/324] RCLC
[18:22:08] [160/324] SKKD
[18:22:09] [161/324] ACHU
[18:22:10] [162/324] RSCF
[18:22:11] [163/324] IMSH
[18:22:11] [164/324] MACX
[18:22:12] [165/324] HMMW
[18:22:13] [166/324] JTCP
[18:22:15] [167/324] SREN
[18:22:16] [168/324] PJRR
[18:22:16] [169/324] INAC
[18:22:17] [170/324] BMCA
[18:22:18] [171/324] SHCB
[18:22:19] [172/324] GABA
[18:22:20] [173/324] SBCT
[18:22:21] [174/324] GCMA
[18:22:23] [175/324] MYTK
[18:22:24] [176/324] INZS
[18:22:25] [177/324] RMIK
[18:22:25] [178/324] NYCH
[18:22:26] [179/324] RAVE
[18:22:27] [180/324] PSXM
[18:22:28] [181/324] MCGP
[18:22:29] [182/324] PDDK
[18:22:30] [183/324] SPCK
[18:22:31] [184/324] MCRL
[18:22:32] [185/324] MHKT
[18:22:33] [186/324] ANRR
[18:22:34] [187/324] SAPK
[18:22:35] [188/324] NCUK
[18:22:36] [189/324] JUGA
[18:22:37] [190/324] DBSC
[18:22:38] [191/324] LALK
[18:22:38] [192/324] GUCK
[18:22:39] [193/324] STSG
[18:22:40] [194/324] PPPZ
[18:22:41] [195/324] CNCY
[18:22:42] [196/324] MTAR
[18:22:43] [197/324] VNKD
[18:22:44] [198/324] KMAJ
[18:22:45] [199/324] ACXK
[18:22:46] [200/324] UTKC
[18:22:47] [201/324] PBLK
[18:22:47] [202/324] ACBX
[18:22:48] [203/324] PTGM
[18:22:49] [204/324] BTDA
[18:22:50] [205/324] PJMB
[18:22:51] [206/324] TPDA
[18:22:51] [207/324] AMOE
[18:22:52] [208/324] PRHT
[18:22:53] [209/324] PRTA
[18:22:54] [210/324] STAM
[18:22:55] [211/324] MSAA
[18:22:55] [212/324] SDLU
[18:22:56] [213/324] RCHH
[18:22:57] [214/324] KANT
[18:22:58] [215/324] FCRT
[18:22:59] [216/324] DNKM
[18:22:59] [217/324] RYCP
[18:23:01] [218/324] MYRP
[18:23:02] [219/324] PPAK
[18:23:03] [220/324] NVPK
[18:23:03] [221/324] PRMC
[18:23:05] [222/324] JBCS
[18:23:06] [223/324] GXCK
[18:23:07] [224/324] USKO
[18:23:07] [225/324] GTEM
[18:23:08] [226/324] SMBU
[18:23:09] [227/324] VETC
[18:23:10] [228/324] LCDA
[18:23:11] [229/324] MTVT
[18:23:12] [230/324] PYCP
[18:23:13] [231/324] PNSC
[18:23:14] [232/324] PPCC
[18:23:15] [233/324] TGRT
[18:23:16] [234/324] JYOT
[18:23:18] [235/324] SRCZ
[18:23:18] [236/324] SJTE
[18:23:19] [237/324] DESC
[18:23:20] [238/324] JHVN
[18:23:21] [239/324] IPSG
[18:23:22] [240/324] IPCM
[18:23:22] [241/324] PDRS
[18:23:23] [242/324] ANCV
[18:23:24] [243/324] CMVV
[18:23:25] [244/324] SHYP
[18:23:26] [245/324] DNCS
[18:23:27] [246/324] GAJK
[18:23:28] [247/324] AKTN
[18:23:28] [248/324] KAYA
[18:23:29] [249/324] SBRC
[18:23:30] [250/324] CHTP
[18:23:31] [251/324] SHRT
[18:23:32] [252/324] BCKU
[18:23:32] [253/324] FCPS
[18:23:33] [254/324] ARDD
[18:23:34] [255/324] CPCM
[18:23:35] [256/324] CGSM
[18:23:35] [257/324] PSMP
[18:23:36] [258/324] SDAL
[18:23:37] [259/324] RTNB
[18:23:39] [260/324] LMCR
[18:23:40] [261/324] CIMA
[18:23:40] [262/324] RNAS
[18:23:41] [263/324] LITH
[18:23:42] [264/324] PBOX
[18:23:43] [265/324] FRTS
[18:23:44] [266/324] RKIC
[18:23:45] [267/324] PTAI
[18:23:46] [268/324] GCIC
[18:23:46] [269/324] FNAS
[18:23:47] [270/324] SCAR
[18:23:49] [271/324] MTCA
[18:23:50] [272/324] SCTS
[18:23:51] [273/324] SYCS
[18:23:51] [274/324] RDMS
[18:23:52] [275/324] KAMP
[18:23:53] [276/324] ERSD
[18:23:54] [277/324] MJMJ
[18:23:55] [278/324] SRCJ
[18:23:56] [279/324] SCXE
[18:23:56] [280/324] SVFR
[18:23:57] [281/324] BHCS
[18:23:58] [282/324] IMCC
[18:23:59] [283/324] PCBO
[18:24:00] [284/324] PRVN
[18:24:01] [285/324] AUPM
[18:24:02] [286/324] INBW
[18:24:03] [287/324] SVCW
[18:24:04] [288/324] RKCF
[18:24:05] [289/324] UVBH
[18:24:06] [290/324] DNCY
[18:24:07] [291/324] ABCN
[18:24:08] [292/324] PRUR
[18:24:09] [293/324] PFMR
[18:24:11] [294/324] RKCN
[18:24:12] [295/324] CFEA
[18:24:13] [296/324] SDBG
[18:24:14] [297/324] SNAR
[18:24:15] [298/324] YISI
[18:24:16] [299/324] JCFF
[18:24:16] [300/324] VTRK
[18:24:17] [301/324] PCLZ
[18:24:18] [302/324] DIMY
[18:24:19] [303/324] BBTS
[18:24:20] [304/324] GATH
[18:24:21] [305/324] GTMN
[18:24:22] [306/324] VTMH
[18:24:23] [307/324] CCKP
[18:24:24] [308/324] GPKA
[18:24:24] [309/324] MHCL
[18:24:25] [310/324] ATCL
[18:24:27] [311/324] SBCK
[18:24:28] [312/324] AMMR
[18:24:29] [313/324] MADC
[18:24:30] [314/324] TMMA
[18:24:30] [315/324] CACC
[18:24:31] [316/324] CHAL
[18:24:32] [317/324] DURG
[18:24:33] [318/324] GMKU
[18:24:34] [319/324] GECA
[18:24:35] [320/324] KYRR
[18:24:36] [321/324] KSDE
[18:24:37] [322/324] LMCI
[18:24:38] [323/324] NKCP
[18:24:39] [324/324] BGTC
[18:24:40] ✅ DONE | Shows=999 | Movies=62
