[15:08:55] 🚀 BMS DAILY TRACKER STARTED
[15:08:55] [1/459] MCCZ
[15:08:55] 🧠 New identity
[15:08:56] [2/459] FRPU
[15:08:57] [3/459] SKSI
[15:08:58] [4/459] SSCK
[15:08:59] [5/459] SRDC
[15:08:59] [6/459] RSCZ
[15:09:00] [7/459] PRVT
[15:09:01] [8/459] GAGJ
[15:09:02] [9/459] SMHG
[15:09:03] [10/459] JTST
[15:09:04] [11/459] MYTH
[15:09:05] [12/459] JPCC
[15:09:06] [13/459] ACDC
[15:09:07] [14/459] SVFP
[15:09:08] [15/459] SFCM
[15:09:09] [16/459] RUPK
[15:09:09] [17/459] NTCR
[15:09:10] [18/459] RTCH
[15:09:11] [19/459] SCMH
[15:09:11] [20/459] SVYM
[15:09:12] [21/459] SPYM
[15:09:14] [22/459] SMMF
[15:09:15] [23/459] CLLB
[15:09:16] [24/459] FMCB
[15:09:17] [25/459] BBTC
[15:09:18] [26/459] NTHS
[15:09:19] [27/459] PKKJ
[15:09:20] [28/459] MTJA
[15:09:20] [29/459] PMSJ
[15:09:21] [30/459] JMJU
[15:09:22] [31/459] SRAD
[15:09:23] [32/459] MJMC
[15:09:24] [33/459] DFRM
[15:09:25] [34/459] PMRS
[15:09:25] [35/459] RKPP
[15:09:26] [36/459] BMBK
[15:09:27] [37/459] NEWS
[15:09:28] [38/459] SALB
[15:09:29] [39/459] SCPW
[15:09:30] [40/459] RAYL
[15:09:30] [41/459] CMGJ
[15:09:31] [42/459] JRCR
[15:09:32] [43/459] SRTB
[15:09:33] [44/459] ETPB
[15:09:34] [45/459] MXBN
[15:09:35] [46/459] TOPE
[15:09:36] [47/459] SNLJ
[15:09:36] [48/459] CDDP
[15:09:37] [49/459] APCX
[15:09:38] [50/459] TALP
[15:09:39] [51/459] RRMP
[15:09:40] [52/459] MAHB
[15:09:40] [53/459] MTKR
[15:09:41] [54/459] KSKL
[15:09:42] [55/459] RJLT
[15:09:44] [56/459] ATAS
[15:09:44] [57/459] AMHR
[15:09:45] [58/459] RSRM
[15:09:47] [59/459] GCAT
[15:09:48] [60/459] SMML
[15:09:48] [61/459] ACCD
[15:09:49] [62/459] VYDA
[15:09:50] [63/459] MSKT
[15:09:51] [64/459] AVDM
[15:09:52] [65/459] ASMH
[15:09:53] [66/459] VTMB
[15:09:53] [67/459] WVMB
[15:09:54] [68/459] PPMN
[15:09:55] [69/459] MTMD
[15:09:56] [70/459] SMMO
[15:09:58] [71/459] DLPB
[15:09:58] [72/459] AKMD
[15:10:00] [73/459] SHRR
[15:10:01] [74/459] ASCO
[15:10:02] [75/459] CZVX
[15:10:03] [76/459] GCBB
[15:10:04] [77/459] ATBM
[15:10:05] [78/459] TCGM
[15:10:05] [79/459] UMSE
[15:10:06] [80/459] NKCL
[15:10:07] [81/459] BTLR
[15:10:08] [82/459] GOCL
[15:10:09] [83/459] MIRN
[15:10:09] [84/459] THEC
[15:10:10] [85/459] SPPB
[15:10:11] [86/459] PMMM
[15:10:12] [87/459] GGMC
[15:10:13] [88/459] AVSR
[15:10:13] [89/459] RDMH
[15:10:14] [90/459] JSRS
[15:10:15] [91/459] VKGP
[15:10:16] [92/459] ACRT
[15:10:17] [93/459] GCBA
[15:10:18] [94/459] GTCP
[15:10:19] [95/459] AKFC
[15:10:20] [96/459] INCS
[15:10:21] [97/459] SMCK
[15:10:22] [98/459] BRUN
[15:10:23] [99/459] RPPC
[15:10:23] [100/459] PAYD
[15:10:24] [101/459] SVVT
[15:10:25] [102/459] RNCC
[15:10:25] [103/459] PCRC
[15:10:26] [104/459] PMRM
[15:10:27] [105/459] CCRP
[15:10:28] [106/459] INCR
[15:10:29] [107/459] ZTMP
[15:10:30] [108/459] MCNR
[15:10:31] [109/459] INRP
[15:10:32] [110/459] STRC
[15:10:33] [111/459] RATI
[15:10:34] [112/459] PBTR
[15:10:35] [113/459] CMHP
[15:10:36] [114/459] ZECJ
[15:10:36] [115/459] CCCB
[15:10:37] [116/459] BWCB
[15:10:39] [117/459] CCAT
[15:10:39] [118/459] KGCM
[15:10:40] [119/459] INPT
[15:10:41] [120/459] FNCO
[15:10:42] [121/459] SRMJ
[15:10:43] [122/459] PFSC
[15:10:43] [123/459] PBMC
[15:10:45] [124/459] KARP
[15:10:45] [125/459] KOVI
[15:10:46] [126/459] ACXL
[15:10:47] [127/459] GKCC
[15:10:48] [128/459] ASCC
[15:10:49] [129/459] SETC
[15:10:50] [130/459] KACC
[15:10:51] [131/459] KAVE
[15:10:52] [132/459] CNTC
[15:10:53] [133/459] MEEN
[15:10:53] [134/459] BMRV
[15:10:54] [135/459] SVAM
[15:10:55] [136/459] VTBP
[15:10:57] [137/459] VCKN
[15:10:58] [138/459] SGTK
[15:10:58] [139/459] RCGS
[15:10:59] [140/459] RCCB
[15:11:00] [141/459] RKSR
[15:11:01] [142/459] RKCU
[15:11:02] [143/459] GIBH
[15:11:03] [144/459] CXBS
[15:11:04] [145/459] GGCB
[15:11:05] [146/459] SCPB
[15:11:05] [147/459] AKTB
[15:11:06] [148/459] SRBU
[15:11:07] [149/459] CSSA
[15:11:08] [150/459] MYAN
[15:11:08] [151/459] EXCA
[15:11:09] [152/459] CKSA
[15:11:10] [153/459] JTNM
[15:11:11] [154/459] CXKT
[15:11:11] [155/459] NCLM
[15:11:12] [156/459] JAAD
[15:11:13] [157/459] RDCR
[15:11:14] [158/459] MEER
[15:11:15] [159/459] SIBT
[15:11:16] [160/459] PVVB
[15:11:18] [161/459] FNPN
[15:11:19] [162/459] CRPX
[15:11:20] [163/459] STET
[15:11:21] [164/459] METE
[15:11:22] [165/459] BJML
[15:11:23] [166/459] MAVT
[15:11:23] [167/459] MSRM
[15:11:24] [168/459] TJMP
[15:11:25] [169/459] MHCK
[15:11:26] [170/459] SVGP
[15:11:27] [171/459] KRRC
[15:11:28] [172/459] IMCH
[15:11:29] [173/459] CMCS
[15:11:30] [174/459] SGND
[15:11:31] [175/459] RNAT
[15:11:31] [176/459] PRTN
[15:11:32] [177/459] MPTN
[15:11:33] [178/459] ARCC
[15:11:34] [179/459] NTTE
[15:11:35] [180/459] ABND
[15:11:36] [181/459] KCSN
[15:11:36] [182/459] KCSA
[15:11:37] [183/459] DCKT
[15:11:38] [184/459] MBBR
[15:11:39] [185/459] RAMU
[15:11:39] [186/459] RACW
[15:11:40] [187/459] MCHP
[15:11:41] [188/459] TMHM
[15:11:41] [189/459] STXH
[15:11:42] [190/459] AGSG
[15:11:44] [191/459] SIRA
[15:11:45] [192/459] RCAN
[15:11:45] [193/459] CWTB
[15:11:46] [194/459] VTYM
[15:11:47] [195/459] RRPP
[15:11:48] [196/459] ASMR
[15:11:49] [197/459] RONO
[15:11:50] [198/459] MEMR
[15:11:51] [199/459] CTMR
[15:11:51] [200/459] PMTT
[15:11:52] [201/459] PSLX
[15:11:53] [202/459] IPPL
[15:11:54] [203/459] MMSG
[15:11:55] [204/459] INEL
[15:11:55] [205/459] COAC
[15:11:57] [206/459] WVLK
[15:11:57] [207/459] PPXL
[15:11:58] [208/459] PSML
[15:11:59] [209/459] FNLK
[15:12:00] [210/459] ILUM
[15:12:01] [211/459] ILCM
[15:12:01] [212/459] MSNL
[15:12:02] [213/459] VINB
[15:12:03] [214/459] SALW
[15:12:04] [215/459] PRTB
[15:12:05] [216/459] NCIL
[15:12:06] [217/459] PSUL
[15:12:07] [218/459] SCLK
[15:12:07] [219/459] ADDC
[15:12:08] [220/459] OACL
[15:12:09] [221/459] OOCF
[15:12:10] [222/459] GPMF
[15:12:11] [223/459] SSDG
[15:12:11] [224/459] SKRS
[15:12:12] [225/459] NTTP
[15:12:13] [226/459] SLTP
[15:12:14] [227/459] JTLC
[15:12:15] [228/459] POON
[15:12:16] [229/459] CCPC
[15:12:17] [230/459] DCKC
[15:12:18] [231/459] CPRT
[15:12:18] [232/459] EYHZ
[15:12:19] [233/459] ARBL
[15:12:21] [234/459] SBTB
[15:12:21] [235/459] MMCK
[15:12:22] [236/459] PLMR
[15:12:23] [237/459] BIJH
[15:12:24] [238/459] SDRT
[15:12:24] [239/459] PRDC
[15:12:25] [240/459] OMJA
[15:12:26] [241/459] VKCR
[15:12:27] [242/459] ATRT
[15:12:28] [243/459] WVRP
[15:12:28] [244/459] MVRP
[15:12:29] [245/459] FCAX
[15:12:30] [246/459] CTLC
[15:12:31] [247/459] JCHB
[15:12:31] [248/459] SELP
[15:12:32] [249/459] VCPG
[15:12:33] [250/459] ASCX
[15:12:34] [251/459] EOCS
[15:12:35] [252/459] RCPH
[15:12:36] [253/459] RJTM
[15:12:36] [254/459] SGMD
[15:12:37] [255/459] SVJT
[15:12:39] [256/459] SPPO
[15:12:39] [257/459] MNRL
[15:12:40] [258/459] KNOX
[15:12:41] [259/459] GIER
[15:12:42] [260/459] PJMS
[15:12:43] [261/459] UNSP
[15:12:44] [262/459] JETP
[15:12:44] [263/459] VTWA
[15:12:45] [264/459] SCJI
[15:12:47] [265/459] CBZZ
[15:12:47] [266/459] SDCJ
[15:12:48] [267/459] RRCC
[15:12:49] [268/459] VNKG
[15:12:50] [269/459] LKTO
[15:12:50] [270/459] PJRM
[15:12:51] [271/459] NVRM
[15:12:53] [272/459] SJCS
[15:12:54] [273/459] VIGK
[15:12:55] [274/459] ANST
[15:12:56] [275/459] JTTS
[15:12:56] [276/459] NTST
[15:12:57] [277/459] PREB
[15:12:58] [278/459] TSCZ
[15:12:59] [279/459] CDCM
[15:13:00] [280/459] ELYE
[15:13:01] [281/459] INBS
[15:13:01] [282/459] SMGC
[15:13:03] [283/459] UTMP
[15:13:04] [284/459] INTA
[15:13:05] [285/459] OMPT
[15:13:06] [286/459] SCIR
[15:13:07] [287/459] GCKJ
[15:13:07] [288/459] INOG
[15:13:08] [289/459] SMGB
[15:13:09] [290/459] MCSG
[15:13:10] [291/459] STKG
[15:13:10] [292/459] TTKG
[15:13:11] [293/459] SRTR
[15:13:12] [294/459] ETTR
[15:13:13] [295/459] GGGZ
[15:13:14] [296/459] IPGM
[15:13:15] [297/459] FCDH
[15:13:16] [298/459] DESB
[15:13:17] [299/459] VNTP
[15:13:17] [300/459] ANNT
[15:13:19] [301/459] SLTI
[15:13:20] [302/459] MAJU
[15:13:21] [303/459] JCXP
[15:13:22] [304/459] HARK
[15:13:23] [305/459] JPCJ
[15:13:24] [306/459] RXBD
[15:13:24] [307/459] PTKJ
[15:13:26] [308/459] CMTU
[15:13:27] [309/459] SWOR
[15:13:27] [310/459] JMEX
[15:13:28] [311/459] DTPT
[15:13:29] [312/459] VGMM
[15:13:30] [313/459] VCSG
[15:13:31] [314/459] CVCG
[15:13:31] [315/459] TNTT
[15:13:32] [316/459] SHRM
[15:13:33] [317/459] CGKD
[15:13:34] [318/459] EKCM
[15:13:35] [319/459] SDCX
[15:13:35] [320/459] SBTE
[15:13:37] [321/459] STKJ
[15:13:38] [322/459] TPCE
[15:13:39] [323/459] JTNP
[15:13:39] [324/459] LPCH
[15:13:40] [325/459] CPUO
[15:13:41] [326/459] APSU
[15:13:42] [327/459] RTHC
[15:13:43] [328/459] PTBU
[15:13:44] [329/459] CUCC
[15:13:46] [330/459] CPSA
[15:13:46] [331/459] SUAY
[15:13:47] [332/459] AYAA
[15:13:49] [333/459] MUCH
[15:13:49] [334/459] PCIN
[15:13:50] [335/459] JRRM
[15:13:52] [336/459] KATS
[15:13:53] [337/459] MHFF
[15:13:54] [338/459] ESYM
[15:13:55] [339/459] STYV
[15:13:55] [340/459] SDKG
[15:13:56] [341/459] SMTI
[15:13:57] [342/459] NYCS
[15:13:58] [343/459] MTBG
[15:13:59] [344/459] RHCA
[15:14:00] [345/459] PCKH
[15:14:01] [346/459] ARCR
[15:14:01] [347/459] NCMB
[15:14:02] [348/459] SHYC
[15:14:03] [349/459] LACK
[15:14:04] [350/459] MTCM
[15:14:05] [351/459] RRBN
[15:14:05] [352/459] MYDC
[15:14:06] [353/459] STCS
[15:14:07] [354/459] CONN
[15:14:08] [355/459] SIPS
[15:14:09] [356/459] SMMX
[15:14:10] [357/459] SCBY
[15:14:10] [358/459] SUAP
[15:14:11] [359/459] RSMK
[15:14:12] [360/459] STKP
[15:14:12] [361/459] CIPC
[15:14:13] [362/459] KKCI
[15:14:14] [363/459] CTNK
[15:14:15] [364/459] MMTZ
[15:14:16] [365/459] DCCO
[15:14:17] [366/459] VNMN
[15:14:18] [367/459] RLCN
[15:14:19] [368/459] CMMS
[15:14:19] [369/459] AYOU
[15:14:21] [370/459] SSCN
[15:14:21] [371/459] SMXN
[15:14:22] [372/459] ASSK
[15:14:24] [373/459] VCKM
[15:14:25] [374/459] PCPH
[15:14:25] [375/459] PADM
[15:14:26] [376/459] IESA
[15:14:27] [377/459] VCSP
[15:14:28] [378/459] AEST
[15:14:29] [379/459] VTNR
[15:14:30] [380/459] GTTA
[15:14:31] [381/459] CMMM
[15:14:31] [382/459] AHKT
[15:14:32] [383/459] SIJI
[15:14:33] [384/459] VCEI
[15:14:34] [385/459] SAKR
[15:14:35] [386/459] VSMT
[15:14:36] [387/459] SSCT
[15:14:36] [388/459] USTR
[15:14:37] [389/459] MTKT
[15:14:39] [390/459] TGMP
[15:14:40] [391/459] SIVC
[15:14:41] [392/459] KICT
[15:14:42] [393/459] DAMD
[15:14:43] [394/459] CNPT
[15:14:43] [395/459] RVTT
[15:14:44] [396/459] SNCM
[15:14:45] [397/459] GHTE
[15:14:46] [398/459] PPAM
[15:14:47] [399/459] PVAA
[15:14:48] [400/459] CPAO
[15:14:48] [401/459] HAMD
[15:14:49] [402/459] RCCA
[15:14:50] [403/459] MPCH
[15:14:51] [404/459] ARED
[15:14:52] [405/459] RRCV
[15:14:52] [406/459] MTRB
[15:14:53] [407/459] CKUA
[15:14:54] [408/459] ABMP
[15:14:55] [409/459] RCWA
[15:14:56] [410/459] CGAR
[15:14:57] [411/459] METH
[15:14:58] [412/459] WAGA
[15:14:58] [413/459] MCMA
[15:14:59] [414/459] CSMP
[15:15:00] [415/459] RCNK
[15:15:01] [416/459] PSTM
[15:15:01] [417/459] CSEP
[15:15:02] [418/459] AMGD
[15:15:03] [419/459] CSTE
[15:15:04] [420/459] CONS
[15:15:05] [421/459] APPX
[15:15:06] [422/459] MABC
[15:15:06] [423/459] CXST
[15:15:07] [424/459] MATN
[15:15:08] [425/459] MACZ
[15:15:09] [426/459] MASA
[15:15:10] [427/459] MBSX
[15:15:11] [428/459] CSST
[15:15:11] [429/459] APCL
[15:15:12] [430/459] CGOS
[15:15:14] [431/459] CPEC
[15:15:15] [432/459] MCCP
[15:15:16] [433/459] BSSO
[15:15:17] [434/459] SJKA
[15:15:17] [435/459] CGBO
[15:15:18] [436/459] MVSK
[15:15:19] [437/459] HVCA
[15:15:20] [438/459] NAMD
[15:15:21] [439/459] DEVI
[15:15:22] [440/459] SCSV
[15:15:24] [441/459] PSMA
[15:15:25] [442/459] CLDJ
[15:15:25] [443/459] NMAD
[15:15:27] [444/459] CGMO
[15:15:28] [445/459] MCNA
[15:15:29] [446/459] OCBN
[15:15:30] [447/459] CPEM
[15:15:31] [448/459] CPSM
[15:15:32] [449/459] RCAD
[15:15:32] [450/459] CPMU
[15:15:33] [451/459] DICD
[15:15:34] [452/459] CHOE
[15:15:35] [453/459] PDJM
[15:15:37] [454/459] SSTU
[15:15:37] [455/459] VNRN
[15:15:39] [456/459] PVLG
[15:15:39] [457/459] SWBL
[15:15:40] [458/459] SCAB
[15:15:41] [459/459] RDDA
[15:15:42] ✅ DONE | Shows=931 | Movies=61
[15:57:42] 🚀 BMS DAILY TRACKER STARTED
[15:57:42] [1/459] MCCZ
[15:57:42] 🧠 New identity
[15:57:43] [2/459] FRPU
[15:57:44] [3/459] SKSI
[15:57:44] [4/459] SSCK
[15:57:45] [5/459] SRDC
[15:57:46] [6/459] RSCZ
[15:57:48] [7/459] PRVT
[15:57:49] [8/459] GAGJ
[15:57:49] [9/459] SMHG
[15:57:50] [10/459] JTST
[15:57:51] [11/459] MYTH
[15:57:52] [12/459] JPCC
[15:57:53] [13/459] ACDC
[15:57:54] [14/459] SVFP
[15:57:55] [15/459] SFCM
[15:57:56] [16/459] RUPK
[15:57:57] [17/459] NTCR
[15:57:57] [18/459] RTCH
[15:57:58] [19/459] SCMH
[15:57:59] [20/459] SVYM
[15:58:00] [21/459] SPYM
[15:58:01] [22/459] SMMF
[15:58:02] [23/459] CLLB
[15:58:03] [24/459] FMCB
[15:58:04] [25/459] BBTC
[15:58:05] [26/459] NTHS
[15:58:06] [27/459] PKKJ
[15:58:07] [28/459] MTJA
[15:58:08] [29/459] PMSJ
[15:58:09] [30/459] JMJU
[15:58:09] [31/459] SRAD
[15:58:10] [32/459] MJMC
[15:58:11] [33/459] DFRM
[15:58:12] [34/459] PMRS
[15:58:13] [35/459] RKPP
[15:58:14] [36/459] BMBK
[15:58:15] [37/459] NEWS
[15:58:16] [38/459] SALB
[15:58:17] [39/459] SCPW
[15:58:18] [40/459] RAYL
[15:58:19] [41/459] CMGJ
[15:58:20] [42/459] JRCR
[15:58:21] [43/459] SRTB
[15:58:22] [44/459] ETPB
[15:58:22] [45/459] MXBN
[15:58:23] [46/459] TOPE
[15:58:24] [47/459] SNLJ
[15:58:25] [48/459] CDDP
[15:58:26] [49/459] APCX
[15:58:27] [50/459] TALP
[15:58:27] [51/459] RRMP
[15:58:29] [52/459] MAHB
[15:58:30] [53/459] MTKR
[15:58:31] [54/459] KSKL
[15:58:32] [55/459] RJLT
[15:58:33] [56/459] ATAS
[15:58:33] [57/459] AMHR
[15:58:34] [58/459] RSRM
[15:58:35] [59/459] GCAT
[15:58:36] [60/459] SMML
[15:58:36] [61/459] ACCD
[15:58:37] [62/459] VYDA
[15:58:38] [63/459] MSKT
[15:58:39] [64/459] AVDM
[15:58:40] [65/459] ASMH
[15:58:40] [66/459] VTMB
[15:58:41] [67/459] WVMB
[15:58:42] [68/459] PPMN
[15:58:44] [69/459] MTMD
[15:58:45] [70/459] SMMO
[15:58:46] [71/459] DLPB
[15:58:46] [72/459] AKMD
[15:58:47] [73/459] SHRR
[15:58:48] [74/459] ASCO
[15:58:49] [75/459] CZVX
[15:58:50] [76/459] GCBB
[15:58:50] [77/459] ATBM
[15:58:51] [78/459] TCGM
[15:58:52] [79/459] UMSE
[15:58:53] [80/459] NKCL
[15:58:54] [81/459] BTLR
[15:58:55] [82/459] GOCL
[15:58:56] [83/459] MIRN
[15:58:57] [84/459] THEC
[15:58:58] [85/459] SPPB
[15:58:59] [86/459] PMMM
[15:58:59] [87/459] GGMC
[15:59:00] [88/459] AVSR
[15:59:01] [89/459] RDMH
[15:59:02] [90/459] JSRS
[15:59:03] [91/459] VKGP
[15:59:04] [92/459] ACRT
[15:59:06] [93/459] GCBA
[15:59:06] [94/459] GTCP
[15:59:07] [95/459] AKFC
[15:59:08] [96/459] INCS
[15:59:09] [97/459] SMCK
[15:59:09] [98/459] BRUN
[15:59:10] [99/459] RPPC
[15:59:11] [100/459] PAYD
[15:59:12] [101/459] SVVT
[15:59:12] [102/459] RNCC
[15:59:13] [103/459] PCRC
[15:59:14] [104/459] PMRM
[15:59:15] [105/459] CCRP
[15:59:16] [106/459] INCR
[15:59:17] [107/459] ZTMP
[15:59:18] [108/459] MCNR
[15:59:19] [109/459] INRP
[15:59:20] [110/459] STRC
[15:59:21] [111/459] RATI
[15:59:21] [112/459] PBTR
[15:59:22] [113/459] CMHP
[15:59:23] [114/459] ZECJ
[15:59:24] [115/459] CCCB
[15:59:25] [116/459] BWCB
[15:59:26] [117/459] CCAT
[15:59:27] [118/459] KGCM
[15:59:27] [119/459] INPT
[15:59:29] [120/459] FNCO
[15:59:29] [121/459] SRMJ
[15:59:30] [122/459] PFSC
[15:59:32] [123/459] PBMC
[15:59:32] [124/459] KARP
[15:59:33] [125/459] KOVI
[15:59:34] [126/459] ACXL
[15:59:35] [127/459] GKCC
[15:59:35] [128/459] ASCC
[15:59:36] [129/459] SETC
[15:59:37] [130/459] KACC
[15:59:38] [131/459] KAVE
[15:59:39] [132/459] CNTC
[15:59:40] [133/459] MEEN
[15:59:40] [134/459] BMRV
[15:59:41] [135/459] SVAM
[15:59:42] [136/459] VTBP
[15:59:42] [137/459] VCKN
[15:59:43] [138/459] SGTK
[15:59:45] [139/459] RCGS
[15:59:46] [140/459] RCCB
[15:59:47] [141/459] RKSR
[15:59:48] [142/459] RKCU
[15:59:49] [143/459] GIBH
[15:59:51] [144/459] CXBS
[15:59:51] [145/459] GGCB
[15:59:52] [146/459] SCPB
[15:59:53] [147/459] AKTB
[15:59:55] [148/459] SRBU
[15:59:55] [149/459] CSSA
[15:59:56] [150/459] MYAN
[15:59:57] [151/459] EXCA
[15:59:58] [152/459] CKSA
[15:59:59] [153/459] JTNM
[16:00:00] [154/459] CXKT
[16:00:00] [155/459] NCLM
[16:00:01] [156/459] JAAD
[16:00:02] [157/459] RDCR
[16:00:03] [158/459] MEER
[16:00:04] [159/459] SIBT
[16:00:05] [160/459] PVVB
[16:00:06] [161/459] FNPN
[16:00:07] [162/459] CRPX
[16:00:08] [163/459] STET
[16:00:09] [164/459] METE
[16:00:10] [165/459] BJML
[16:00:11] [166/459] MAVT
[16:00:14] [167/459] MSRM
[16:00:14] [168/459] TJMP
[16:00:16] [169/459] MHCK
[16:00:17] [170/459] SVGP
[16:00:18] [171/459] KRRC
[16:00:19] [172/459] IMCH
[16:00:20] [173/459] CMCS
[16:00:21] [174/459] SGND
[16:00:22] [175/459] RNAT
[16:00:22] [176/459] PRTN
[16:00:23] [177/459] MPTN
[16:00:24] [178/459] ARCC
[16:00:25] [179/459] NTTE
[16:00:27] [180/459] ABND
[16:00:28] [181/459] KCSN
[16:00:28] [182/459] KCSA
[16:00:29] [183/459] DCKT
[16:00:31] [184/459] MBBR
[16:00:32] [185/459] RAMU
[16:00:33] [186/459] RACW
[16:00:34] [187/459] MCHP
[16:00:35] [188/459] TMHM
[16:00:35] [189/459] STXH
[16:00:36] [190/459] AGSG
[16:00:38] [191/459] SIRA
[16:00:40] [192/459] RCAN
[16:00:40] [193/459] CWTB
[16:00:41] [194/459] VTYM
[16:00:42] [195/459] RRPP
[16:00:42] [196/459] ASMR
[16:00:43] [197/459] RONO
[16:00:44] [198/459] MEMR
[16:00:45] [199/459] CTMR
[16:00:46] [200/459] PMTT
[16:00:47] [201/459] PSLX
[16:00:47] [202/459] IPPL
[16:00:48] [203/459] MMSG
[16:00:49] [204/459] INEL
[16:00:49] [205/459] COAC
[16:00:50] [206/459] WVLK
[16:00:51] [207/459] PPXL
[16:00:52] [208/459] PSML
[16:00:53] [209/459] FNLK
[16:00:54] [210/459] ILUM
[16:00:55] [211/459] ILCM
[16:00:55] [212/459] MSNL
[16:00:56] [213/459] VINB
[16:00:57] [214/459] SALW
[16:00:57] [215/459] PRTB
[16:00:58] [216/459] NCIL
[16:00:59] [217/459] PSUL
[16:01:01] [218/459] SCLK
[16:01:02] [219/459] ADDC
[16:01:03] [220/459] OACL
[16:01:03] [221/459] OOCF
[16:01:04] [222/459] GPMF
[16:01:05] [223/459] SSDG
[16:01:06] [224/459] SKRS
[16:01:07] [225/459] NTTP
[16:01:08] [226/459] SLTP
[16:01:09] [227/459] JTLC
[16:01:09] [228/459] POON
[16:01:10] [229/459] CCPC
[16:01:11] [230/459] DCKC
[16:01:12] [231/459] CPRT
[16:01:12] [232/459] EYHZ
[16:01:13] [233/459] ARBL
[16:01:14] [234/459] SBTB
[16:01:15] [235/459] MMCK
[16:01:16] [236/459] PLMR
[16:01:17] [237/459] BIJH
[16:01:18] [238/459] SDRT
[16:01:19] [239/459] PRDC
[16:01:20] [240/459] OMJA
[16:01:21] [241/459] VKCR
[16:01:21] [242/459] ATRT
[16:01:22] [243/459] WVRP
[16:01:23] [244/459] MVRP
[16:01:24] [245/459] FCAX
[16:01:25] [246/459] CTLC
[16:01:26] [247/459] JCHB
[16:01:26] [248/459] SELP
[16:01:27] [249/459] VCPG
[16:01:28] [250/459] ASCX
[16:01:29] [251/459] EOCS
[16:01:30] [252/459] RCPH
[16:01:31] [253/459] RJTM
[16:01:32] [254/459] SGMD
[16:01:33] [255/459] SVJT
[16:01:33] [256/459] SPPO
[16:01:34] [257/459] MNRL
[16:01:35] [258/459] KNOX
[16:01:36] [259/459] GIER
[16:01:37] [260/459] PJMS
[16:01:38] [261/459] UNSP
[16:01:39] [262/459] JETP
[16:01:39] [263/459] VTWA
[16:01:40] [264/459] SCJI
[16:01:41] [265/459] CBZZ
[16:01:42] [266/459] SDCJ
[16:01:43] [267/459] RRCC
[16:01:44] [268/459] VNKG
[16:01:45] [269/459] LKTO
[16:01:46] [270/459] PJRM
[16:01:47] [271/459] NVRM
[16:01:48] [272/459] SJCS
[16:01:49] [273/459] VIGK
[16:01:51] [274/459] ANST
[16:01:52] [275/459] JTTS
[16:01:54] [276/459] NTST
[16:01:56] [277/459] PREB
[16:01:58] [278/459] TSCZ
[16:01:59] [279/459] CDCM
[16:02:00] [280/459] ELYE
[16:02:01] [281/459] INBS
[16:02:03] [282/459] SMGC
[16:02:05] [283/459] UTMP
[16:02:06] [284/459] INTA
[16:02:07] [285/459] OMPT
[16:02:09] [286/459] SCIR
[16:02:10] [287/459] GCKJ
[16:02:11] [288/459] INOG
[16:02:12] [289/459] SMGB
[16:02:14] [290/459] MCSG
[16:02:15] [291/459] STKG
[16:02:17] [292/459] TTKG
[16:02:18] [293/459] SRTR
[16:02:19] [294/459] ETTR
[16:02:20] [295/459] GGGZ
[16:02:22] [296/459] IPGM
[16:02:24] [297/459] FCDH
[16:02:25] [298/459] DESB
[16:02:27] [299/459] VNTP
[16:02:29] [300/459] ANNT
[16:02:32] [301/459] SLTI
[16:02:34] [302/459] MAJU
[16:02:35] [303/459] JCXP
[16:02:37] [304/459] HARK
[16:02:38] [305/459] JPCJ
[16:02:39] [306/459] RXBD
[16:02:40] [307/459] PTKJ
[16:02:41] [308/459] CMTU
[16:02:42] [309/459] SWOR
[16:02:43] [310/459] JMEX
[16:02:44] [311/459] DTPT
[16:02:46] [312/459] VGMM
[16:02:46] [313/459] VCSG
[16:02:47] [314/459] CVCG
[16:02:48] [315/459] TNTT
[16:02:49] [316/459] SHRM
[16:02:50] [317/459] CGKD
[16:02:51] [318/459] EKCM
[16:02:51] [319/459] SDCX
[16:02:52] [320/459] SBTE
[16:02:54] [321/459] STKJ
[16:02:55] [322/459] TPCE
[16:02:55] [323/459] JTNP
[16:02:56] [324/459] LPCH
[16:02:57] [325/459] CPUO
[16:02:58] [326/459] APSU
[16:02:58] [327/459] RTHC
[16:02:59] [328/459] PTBU
[16:03:00] [329/459] CUCC
[16:03:01] [330/459] CPSA
[16:03:02] [331/459] SUAY
[16:03:03] [332/459] AYAA
[16:03:04] [333/459] MUCH
[16:03:05] [334/459] PCIN
[16:03:06] [335/459] JRRM
[16:03:07] [336/459] KATS
[16:03:08] [337/459] MHFF
[16:03:09] [338/459] ESYM
[16:03:10] [339/459] STYV
[16:03:11] [340/459] SDKG
[16:03:12] [341/459] SMTI
[16:03:12] [342/459] NYCS
[16:03:14] [343/459] MTBG
[16:03:15] [344/459] RHCA
[16:03:16] [345/459] PCKH
[16:03:16] [346/459] ARCR
[16:03:17] [347/459] NCMB
[16:03:18] [348/459] SHYC
[16:03:19] [349/459] LACK
[16:03:20] [350/459] MTCM
[16:03:21] [351/459] RRBN
[16:03:21] [352/459] MYDC
[16:03:22] [353/459] STCS
[16:03:23] [354/459] CONN
[16:03:24] [355/459] SIPS
[16:03:25] [356/459] SMMX
[16:03:26] [357/459] SCBY
[16:03:26] [358/459] SUAP
[16:03:27] [359/459] RSMK
[16:03:28] [360/459] STKP
[16:03:29] [361/459] CIPC
[16:03:29] [362/459] KKCI
[16:03:30] [363/459] CTNK
[16:03:31] [364/459] MMTZ
[16:03:32] [365/459] DCCO
[16:03:33] [366/459] VNMN
[16:03:34] [367/459] RLCN
[16:03:35] [368/459] CMMS
[16:03:36] [369/459] AYOU
[16:03:37] [370/459] SSCN
[16:03:37] [371/459] SMXN
[16:03:38] [372/459] ASSK
[16:03:40] [373/459] VCKM
[16:03:41] [374/459] PCPH
[16:03:42] [375/459] PADM
[16:03:43] [376/459] IESA
[16:03:45] [377/459] VCSP
[16:03:45] [378/459] AEST
[16:03:46] [379/459] VTNR
[16:03:47] [380/459] GTTA
[16:03:48] [381/459] CMMM
[16:03:49] [382/459] AHKT
[16:03:50] [383/459] SIJI
[16:03:50] [384/459] VCEI
[16:03:51] [385/459] SAKR
[16:03:52] [386/459] VSMT
[16:03:53] [387/459] SSCT
[16:03:53] [388/459] USTR
[16:03:54] [389/459] MTKT
[16:03:55] [390/459] TGMP
[16:03:56] [391/459] SIVC
[16:03:57] [392/459] KICT
[16:03:57] [393/459] DAMD
[16:03:59] [394/459] CNPT
[16:04:01] [395/459] RVTT
[16:04:02] [396/459] SNCM
[16:04:02] [397/459] GHTE
[16:04:03] [398/459] PPAM
[16:04:04] [399/459] PVAA
[16:04:05] [400/459] CPAO
[16:04:06] [401/459] HAMD
[16:04:07] [402/459] RCCA
[16:04:09] [403/459] MPCH
[16:04:11] [404/459] ARED
[16:04:12] [405/459] RRCV
[16:04:13] [406/459] MTRB
[16:04:13] [407/459] CKUA
[16:04:14] [408/459] ABMP
[16:04:15] [409/459] RCWA
[16:04:16] [410/459] CGAR
[16:04:16] [411/459] METH
[16:04:17] [412/459] WAGA
[16:04:18] [413/459] MCMA
[16:04:19] [414/459] CSMP
[16:04:20] [415/459] RCNK
[16:04:21] [416/459] PSTM
[16:04:22] [417/459] CSEP
[16:04:22] [418/459] AMGD
[16:04:23] [419/459] CSTE
[16:04:24] [420/459] CONS
[16:04:26] [421/459] APPX
[16:04:27] [422/459] MABC
[16:04:28] [423/459] CXST
[16:04:29] [424/459] MATN
[16:04:30] [425/459] MACZ
[16:04:31] [426/459] MASA
[16:04:31] [427/459] MBSX
[16:04:32] [428/459] CSST
[16:04:33] [429/459] APCL
[16:04:34] [430/459] CGOS
[16:04:34] [431/459] CPEC
[16:04:35] [432/459] MCCP
[16:04:36] [433/459] BSSO
[16:04:37] [434/459] SJKA
[16:04:38] [435/459] CGBO
[16:04:39] [436/459] MVSK
[16:04:39] [437/459] HVCA
[16:04:40] [438/459] NAMD
[16:04:41] [439/459] DEVI
[16:04:42] [440/459] SCSV
[16:04:42] [441/459] PSMA
[16:04:43] [442/459] CLDJ
[16:04:44] [443/459] NMAD
[16:04:45] [444/459] CGMO
[16:04:46] [445/459] MCNA
[16:04:47] [446/459] OCBN
[16:04:47] [447/459] CPEM
[16:04:48] [448/459] CPSM
[16:04:49] [449/459] RCAD
[16:04:50] [450/459] CPMU
[16:04:51] [451/459] DICD
[16:04:51] [452/459] CHOE
[16:04:52] [453/459] PDJM
[16:04:53] [454/459] SSTU
[16:04:54] [455/459] VNRN
[16:04:55] [456/459] PVLG
[16:04:56] [457/459] SWBL
[16:04:57] [458/459] SCAB
[16:04:58] [459/459] RDDA
[16:04:59] ✅ DONE | Shows=1130 | Movies=64
