[14:23:31] 🚀 BMS DAILY TRACKER STARTED
[14:23:31] [1/445] TGMR
[14:23:31] 🧠 New identity
[14:23:32] [2/445] CXKR
[14:23:33] [3/445] SROP
[14:23:34] [4/445] GTSV
[14:23:34] [5/445] SNTY
[14:23:36] [6/445] SMYY
[14:23:37] [7/445] CNCS
[14:23:38] [8/445] CSTM
[14:23:39] [9/445] NUCD
[14:23:40] [10/445] SHCZ
[14:23:41] [11/445] NJCT
[14:23:42] [12/445] COPC
[14:23:42] [13/445] STVV
[14:23:43] [14/445] SKRN
[14:23:45] [15/445] APPZ
[14:23:46] [16/445] YMGN
[14:23:47] [17/445] SVTU
[14:23:48] [18/445] GTAD
[14:23:49] [19/445] PSUS
[14:23:50] [20/445] SMCD
[14:23:51] [21/445] CMCM
[14:23:52] [22/445] SYCT
[14:23:53] [23/445] STLY
[14:23:53] [24/445] CMHU
[14:23:54] [25/445] CMSA
[14:23:55] [26/445] CLCU
[14:23:56] [27/445] PPNT
[14:23:57] [28/445] JTAB
[14:23:58] [29/445] BUUC
[14:23:59] [30/445] BSVK
[14:23:59] [31/445] VVVQ
[14:24:00] [32/445] TKMU
[14:24:01] [33/445] ESYL
[14:24:02] [34/445] ACHP
[14:24:03] [35/445] BTKD
[14:24:04] [36/445] DESA
[14:24:04] [37/445] GBCT
[14:24:05] [38/445] BLLD
[14:24:06] [39/445] SKNT
[14:24:07] [40/445] SSTE
[14:24:08] [41/445] VJMR
[14:24:09] [42/445] NTPU
[14:24:10] [43/445] RDKN
[14:24:10] [44/445] ADGC
[14:24:11] [45/445] VRBP
[14:24:13] [46/445] NMNA
[14:24:14] [47/445] CMMX
[14:24:14] [48/445] PTKO
[14:24:15] [49/445] RBML
[14:24:16] [50/445] SAIC
[14:24:17] [51/445] SVTJ
[14:24:18] [52/445] MRTE
[14:24:19] [53/445] RBTP
[14:24:20] [54/445] NLPS
[14:24:21] [55/445] GTNA
[14:24:21] [56/445] DGGC
[14:24:22] [57/445] SMCR
[14:24:23] [58/445] SCGD
[14:24:24] [59/445] SRRJ
[14:24:24] [60/445] CNRY
[14:24:25] [61/445] KTDI
[14:24:26] [62/445] SNJL
[14:24:27] [63/445] RKMD
[14:24:28] [64/445] SMDC
[14:24:29] [65/445] TADG
[14:24:30] [66/445] MCGS
[14:24:30] [67/445] PETK
[14:24:31] [68/445] CHAG
[14:24:32] [69/445] KSTL
[14:24:33] [70/445] AADS
[14:24:34] [71/445] NTHZ
[14:24:34] [72/445] HCKI
[14:24:35] [73/445] SSEF
[14:24:36] [74/445] MCGX
[14:24:37] [75/445] ERRA
[14:24:38] [76/445] SDTW
[14:24:39] [77/445] RMPK
[14:24:40] [78/445] PTHK
[14:24:40] [79/445] PXCS
[14:24:41] [80/445] SVLU
[14:24:42] [81/445] STAH
[14:24:43] [82/445] JRGF
[14:24:44] [83/445] CDOK
[14:24:44] [84/445] CMSG
[14:24:45] [85/445] APTD
[14:24:46] [86/445] KMPG
[14:24:47] [87/445] MUTJ
[14:24:48] [88/445] VCCI
[14:24:48] [89/445] URBE
[14:24:49] [90/445] TCTS
[14:24:51] [91/445] STSN
[14:24:53] [92/445] AKCH
[14:24:54] [93/445] APSC
[14:24:55] [94/445] VLTB
[14:24:55] [95/445] SANU
[14:24:56] [96/445] AXAM
[14:24:57] [97/445] MGMG
[14:24:58] [98/445] HTBY
[14:24:59] [99/445] MMZS
[14:25:00] [100/445] SUDR
[14:25:00] [101/445] CCAD
[14:25:01] [102/445] SKKC
[14:25:02] [103/445] RMCD
[14:25:03] [104/445] SBCQ
[14:25:04] [105/445] DCCT
[14:25:04] [106/445] VTKP
[14:25:05] [107/445] MLAM
[14:25:06] [108/445] SAVT
[14:25:07] [109/445] GEPL
[14:25:08] [110/445] AMCD
[14:25:09] [111/445] CCXR
[14:25:10] [112/445] GRNG
[14:25:10] [113/445] EBCA
[14:25:11] [114/445] CNVG
[14:25:12] [115/445] MWSS
[14:25:13] [116/445] VBOR
[14:25:13] [117/445] NEEB
[14:25:14] [118/445] SUTH
[14:25:15] [119/445] ANDB
[14:25:16] [120/445] MMXS
[14:25:17] [121/445] CNPD
[14:25:18] [122/445] SDCE
[14:25:19] [123/445] DHCB
[14:25:20] [124/445] ODEN
[14:25:20] [125/445] TNTC
[14:25:21] [126/445] VBKM
[14:25:23] [127/445] RZYM
[14:25:23] [128/445] JEMC
[14:25:24] [129/445] CMAU
[14:25:25] [130/445] SIVP
[14:25:26] [131/445] ATAG
[14:25:27] [132/445] CHTM
[14:25:28] [133/445] AAEE
[14:25:28] [134/445] IWPM
[14:25:29] [135/445] KCMW
[14:25:30] [136/445] MCTD
[14:25:31] [137/445] SPWR
[14:25:32] [138/445] SDPO
[14:25:33] [139/445] PCSK
[14:25:34] [140/445] ACHV
[14:25:35] [141/445] SVLA
[14:25:35] [142/445] PICT
[14:25:36] [143/445] BXDR
[14:25:37] [144/445] SPWA
[14:25:38] [145/445] MCKO
[14:25:39] [146/445] RTHK
[14:25:40] [147/445] CCMF
[14:25:40] [148/445] MRGB
[14:25:41] [149/445] CPLC
[14:25:42] [150/445] RACD
[14:25:43] [151/445] ATKT
[14:25:44] [152/445] SARN
[14:25:45] [153/445] KKUI
[14:25:46] [154/445] RGCM
[14:25:47] [155/445] BRVP
[14:25:49] [156/445] HRSR
[14:25:50] [157/445] GKGM
[14:25:50] [158/445] TTCD
[14:25:52] [159/445] PTTI
[14:25:53] [160/445] MPTT
[14:25:53] [161/445] CVTT
[14:25:54] [162/445] PCXD
[14:25:55] [163/445] GCDC
[14:25:57] [164/445] CCCF
[14:25:58] [165/445] MRAD
[14:25:59] [166/445] CPLK
[14:25:59] [167/445] SATB
[14:26:00] [168/445] SNVG
[14:26:01] [169/445] JMBA
[14:26:02] [170/445] TEJA
[14:26:04] [171/445] STYO
[14:26:05] [172/445] JTBP
[14:26:06] [173/445] KRGD
[14:26:07] [174/445] SLJJ
[14:26:07] [175/445] SPTJ
[14:26:08] [176/445] SWJG
[14:26:09] [177/445] LKRT
[14:26:10] [178/445] KCKA
[14:26:11] [179/445] SNCR
[14:26:11] [180/445] SMKL
[14:26:12] [181/445] GCFA
[14:26:14] [182/445] DDCK
[14:26:15] [183/445] NCHJ
[14:26:15] [184/445] RDMA
[14:26:16] [185/445] SVSV
[14:26:17] [186/445] SCJG
[14:26:18] [187/445] VKLP
[14:26:19] [188/445] NWCC
[14:26:19] [189/445] VKNS
[14:26:20] [190/445] SDDP
[14:26:21] [191/445] ACSI
[14:26:21] [192/445] SATG
[14:26:22] [193/445] SCMW
[14:26:23] [194/445] LKTK
[14:26:24] [195/445] VCKV
[14:26:24] [196/445] KKPE
[14:26:25] [197/445] KIGH
[14:26:26] [198/445] SRPM
[14:26:27] [199/445] SCAH
[14:26:28] [200/445] MUTA
[14:26:29] [201/445] SEPU
[14:26:30] [202/445] INOA
[14:26:31] [203/445] BASK
[14:26:31] [204/445] NECB
[14:26:32] [205/445] GTTG
[14:26:33] [206/445] ASSA
[14:26:34] [207/445] ANCL
[14:26:34] [208/445] GCTI
[14:26:35] [209/445] RCTS
[14:26:36] [210/445] ACNL
[14:26:37] [211/445] MYCT
[14:26:38] [212/445] NMHT
[14:26:38] [213/445] MDIT
[14:26:40] [214/445] LATG
[14:26:41] [215/445] SMTY
[14:26:42] [216/445] CVCT
[14:26:43] [217/445] RAMB
[14:26:44] [218/445] TGMS
[14:26:45] [219/445] BHEL
[14:26:45] [220/445] SHCT
[14:26:46] [221/445] SVCT
[14:26:47] [222/445] MRIY
[14:26:48] [223/445] SARO
[14:26:50] [224/445] STCT
[14:26:50] [225/445] JKKC
[14:26:51] [226/445] PLTT
[14:26:52] [227/445] SRNT
[14:26:53] [228/445] YAST
[14:26:54] [229/445] PERL
[14:26:55] [230/445] CICM
[14:26:55] [231/445] MMTR
[14:26:56] [232/445] ABTK
[14:26:57] [233/445] ATYY
[14:26:58] [234/445] ASTK
[14:26:59] [235/445] VVCK
[14:27:00] [236/445] ATKY
[14:27:01] [237/445] GWEK
[14:27:02] [238/445] SVFH
[14:27:03] [239/445] SLTA
[14:27:04] [240/445] AASH
[14:27:05] [241/445] ACXB
[14:27:06] [242/445] SMTX
[14:27:07] [243/445] AZDH
[14:27:08] [244/445] CMMH
[14:27:09] [245/445] SCSZ
[14:27:10] [246/445] SCKP
[14:27:11] [247/445] NXTM
[14:27:12] [248/445] NWCS
[14:27:13] [249/445] CXMH
[14:27:14] [250/445] PCMA
[14:27:14] [251/445] SGCM
[14:27:15] [252/445] SDTU
[14:27:17] [253/445] MMVI
[14:27:18] [254/445] JKCM
[14:27:19] [255/445] VCMM
[14:27:20] [256/445] SYEE
[14:27:21] [257/445] VASD
[14:27:22] [258/445] BDRB
[14:27:23] [259/445] LASM
[14:27:24] [260/445] DCRL
[14:27:25] [261/445] DVPM
[14:27:26] [262/445] SBMJ
[14:27:28] [263/445] CBMU
[14:27:30] [264/445] IUBS
[14:27:31] [265/445] INAP
[14:27:32] [266/445] SRRC
[14:27:34] [267/445] SAGR
[14:27:34] [268/445] CPMJ
[14:27:35] [269/445] ATJL
[14:27:36] [270/445] NNTD
[14:27:37] [271/445] JHCJ
[14:27:38] [272/445] CMMP
[14:27:40] [273/445] RSDR
[14:27:40] [274/445] AMTI
[14:27:41] [275/445] NYSG
[14:27:42] [276/445] AVSG
[14:27:43] [277/445] SYTP
[14:27:43] [278/445] LARC
[14:27:44] [279/445] RJTP
[14:27:45] [280/445] LAKC
[14:27:46] [281/445] MCXE
[14:27:47] [282/445] CCZC
[14:27:48] [283/445] AVCH
[14:27:48] [284/445] CMBE
[14:27:49] [285/445] MRRC
[14:27:50] [286/445] PCPY
[14:27:52] [287/445] SRMH
[14:27:53] [288/445] SVGS
[14:27:53] [289/445] PCSE
[14:27:55] [290/445] SVFT
[14:27:56] [291/445] TNZP
[14:27:57] [292/445] ICTP
[14:27:58] [293/445] ACTZ
[14:27:59] [294/445] GTUR
[14:28:00] [295/445] MAFC
[14:28:01] [296/445] MINL
[14:28:01] [297/445] MRCL
[14:28:02] [298/445] RCRP
[14:28:04] [299/445] RFFG
[14:28:05] [300/445] RMAS
[14:28:05] [301/445] INVR
[14:28:06] [302/445] RMAR
[14:28:07] [303/445] CNIS
[14:28:08] [304/445] RHRJ
[14:28:10] [305/445] INXR
[14:28:11] [306/445] VALT
[14:28:12] [307/445] LCSH
[14:28:12] [308/445] CMVS
[14:28:13] [309/445] CNMS
[14:28:15] [310/445] ROOG
[14:28:16] [311/445] ISRM
[14:28:17] [312/445] RCRM
[14:28:17] [313/445] ACJA
[14:28:18] [314/445] RCVS
[14:28:19] [315/445] CPUS
[14:28:20] [316/445] TGCS
[14:28:21] [317/445] RKCJ
[14:28:21] [318/445] MKSB
[14:28:22] [319/445] TCSJ
[14:28:23] [320/445] RMGP
[14:28:24] [321/445] CLLP
[14:28:24] [322/445] RCMV
[14:28:25] [323/445] CCKS
[14:28:26] [324/445] RSRP
[14:28:27] [325/445] APLP
[14:28:28] [326/445] CNVS
[14:28:29] [327/445] RMVY
[14:28:30] [328/445] PGBD
[14:28:31] [329/445] KLMS
[14:28:32] [330/445] RUST
[14:28:33] [331/445] MASM
[14:28:34] [332/445] BACS
[14:28:35] [333/445] BWST
[14:28:36] [334/445] RRFH
[14:28:37] [335/445] SJTM
[14:28:38] [336/445] BEMR
[14:28:39] [337/445] MCGR
[14:28:39] [338/445] SDSK
[14:28:40] [339/445] VBOL
[14:28:41] [340/445] RMGM
[14:28:42] [341/445] NOPL
[14:28:43] [342/445] MKJK
[14:28:44] [343/445] CVRN
[14:28:45] [344/445] MMEN
[14:28:46] [345/445] AMNG
[14:28:46] [346/445] INTM
[14:28:47] [347/445] SLCZ
[14:28:48] [348/445] AMJN
[14:28:49] [349/445] ACJN
[14:28:50] [350/445] AMKN
[14:28:51] [351/445] BTCN
[14:28:52] [352/445] AMBT
[14:28:53] [353/445] PACN
[14:28:54] [354/445] LCNS
[14:28:55] [355/445] PPKC
[14:28:57] [356/445] JYYN
[14:28:57] [357/445] JTNR
[14:28:58] [358/445] GTEE
[14:28:59] [359/445] SRNM
[14:29:00] [360/445] SDTC
[14:29:01] [361/445] VPCA
[14:29:02] [362/445] VLRA
[14:29:03] [363/445] SHKR
[14:29:04] [364/445] SBKD
[14:29:04] [365/445] SAAD
[14:29:05] [366/445] JTGN
[14:29:06] [367/445] SLAM
[14:29:07] [368/445] VTPM
[14:29:08] [369/445] ANPT
[14:29:08] [370/445] PUNB
[14:29:09] [371/445] CPKT
[14:29:10] [372/445] CNWE
[14:29:11] [373/445] ECPP
[14:29:12] [374/445] CPAR
[14:29:13] [375/445] ESBW
[14:29:14] [376/445] PKPU
[14:29:14] [377/445] CPRP
[14:29:15] [378/445] RAHU
[14:29:16] [379/445] RHMN
[14:29:17] [380/445] FMJP
[14:29:18] [381/445] CTMP
[14:29:20] [382/445] INPN
[14:29:21] [383/445] STTG
[14:29:22] [384/445] CTRD
[14:29:23] [385/445] PUVB
[14:29:23] [386/445] ESVP
[14:29:24] [387/445] CPFT
[14:29:25] [388/445] LCPC
[14:29:26] [389/445] VBCT
[14:29:27] [390/445] FSCW
[14:29:27] [391/445] VCMP
[14:29:28] [392/445] ASHC
[14:29:29] [393/445] VLCX
[14:29:30] [394/445] SHEV
[14:29:31] [395/445] APCO
[14:29:32] [396/445] SILC
[14:29:32] [397/445] SNMR
[14:29:33] [398/445] KYBO
[14:29:34] [399/445] SATK
[14:29:35] [400/445] SSCS
[14:29:36] [401/445] CLSB
[14:29:36] [402/445] KMJR
[14:29:37] [403/445] FSCK
[14:29:38] [404/445] NNKA
[14:29:39] [405/445] CLMK
[14:29:40] [406/445] DMPZ
[14:29:41] [407/445] INQM
[14:29:43] [408/445] CAML
[14:29:44] [409/445] INRK
[14:29:44] [410/445] IMKN
[14:29:46] [411/445] SVNR
[14:29:47] [412/445] INSL
[14:29:48] [413/445] MSMA
[14:29:48] [414/445] MCKK
[14:29:49] [415/445] FCHP
[14:29:50] [416/445] SFCR
[14:29:51] [417/445] NACK
[14:29:51] [418/445] PVAK
[14:29:52] [419/445] INER
[14:29:53] [420/445] RDBK
[14:29:54] [421/445] SVFN
[14:29:55] [422/445] IFRM
[14:29:55] [423/445] ATCK
[14:29:57] [424/445] ASKO
[14:29:57] [425/445] STKT
[14:29:59] [426/445] SVFB
[14:30:00] [427/445] INKS
[14:30:01] [428/445] PCRA
[14:30:02] [429/445] ATJA
[14:30:03] [430/445] IMJN
[14:30:04] [431/445] INHD
[14:30:05] [432/445] BARA
[14:30:06] [433/445] MCSL
[14:30:07] [434/445] RTOY
[14:30:07] [435/445] MENO
[14:30:08] [436/445] PUDM
[14:30:09] [437/445] PRCN
[14:30:11] [438/445] JMJR
[14:30:12] [439/445] SSGK
[14:30:13] [440/445] SSRL
[14:30:14] [441/445] JYKL
[14:30:15] [442/445] ACNB
[14:30:16] [443/445] SONP
[14:30:17] [444/445] EMCI
[14:30:18] [445/445] MRJH
[14:30:18] ✅ DONE | Shows=730 | Movies=57
[15:08:48] 🚀 BMS DAILY TRACKER STARTED
[15:08:48] [1/445] TGMR
[15:08:48] 🧠 New identity
[15:08:49] [2/445] CXKR
[15:08:50] [3/445] SROP
[15:08:52] [4/445] GTSV
[15:08:53] [5/445] SNTY
[15:08:53] [6/445] SMYY
[15:08:54] [7/445] CNCS
[15:08:55] [8/445] CSTM
[15:08:56] [9/445] NUCD
[15:08:57] [10/445] SHCZ
[15:08:58] [11/445] NJCT
[15:09:00] [12/445] COPC
[15:09:01] [13/445] STVV
[15:09:01] [14/445] SKRN
[15:09:02] [15/445] APPZ
[15:09:03] [16/445] YMGN
[15:09:03] [17/445] SVTU
[15:09:04] [18/445] GTAD
[15:09:05] [19/445] PSUS
[15:09:06] [20/445] SMCD
[15:09:07] [21/445] CMCM
[15:09:08] [22/445] SYCT
[15:09:08] [23/445] STLY
[15:09:09] [24/445] CMHU
[15:09:11] [25/445] CMSA
[15:09:12] [26/445] CLCU
[15:09:13] [27/445] PPNT
[15:09:14] [28/445] JTAB
[15:09:15] [29/445] BUUC
[15:09:16] [30/445] BSVK
[15:09:18] [31/445] VVVQ
[15:09:19] [32/445] TKMU
[15:09:20] [33/445] ESYL
[15:09:21] [34/445] ACHP
[15:09:22] [35/445] BTKD
[15:09:23] [36/445] DESA
[15:09:24] [37/445] GBCT
[15:09:25] [38/445] BLLD
[15:09:26] [39/445] SKNT
[15:09:27] [40/445] SSTE
[15:09:28] [41/445] VJMR
[15:09:29] [42/445] NTPU
[15:09:29] [43/445] RDKN
[15:09:30] [44/445] ADGC
[15:09:32] [45/445] VRBP
[15:09:33] [46/445] NMNA
[15:09:34] [47/445] CMMX
[15:09:35] [48/445] PTKO
[15:09:36] [49/445] RBML
[15:09:37] [50/445] SAIC
[15:09:38] [51/445] SVTJ
[15:09:39] [52/445] MRTE
[15:09:40] [53/445] RBTP
[15:09:41] [54/445] NLPS
[15:09:42] [55/445] GTNA
[15:09:43] [56/445] DGGC
[15:09:43] [57/445] SMCR
[15:09:45] [58/445] SCGD
[15:09:46] [59/445] SRRJ
[15:09:46] [60/445] CNRY
[15:09:47] [61/445] KTDI
[15:09:48] [62/445] SNJL
[15:09:49] [63/445] RKMD
[15:09:49] [64/445] SMDC
[15:09:50] [65/445] TADG
[15:09:51] [66/445] MCGS
[15:09:52] [67/445] PETK
[15:09:53] [68/445] CHAG
[15:09:54] [69/445] KSTL
[15:09:54] [70/445] AADS
[15:09:55] [71/445] NTHZ
[15:09:56] [72/445] HCKI
[15:09:57] [73/445] SSEF
[15:09:58] [74/445] MCGX
[15:09:59] [75/445] ERRA
[15:10:00] [76/445] SDTW
[15:10:00] [77/445] RMPK
[15:10:01] [78/445] PTHK
[15:10:02] [79/445] PXCS
[15:10:03] [80/445] SVLU
[15:10:04] [81/445] STAH
[15:10:04] [82/445] JRGF
[15:10:05] [83/445] CDOK
[15:10:06] [84/445] CMSG
[15:10:07] [85/445] APTD
[15:10:08] [86/445] KMPG
[15:10:09] [87/445] MUTJ
[15:10:10] [88/445] VCCI
[15:10:10] [89/445] URBE
[15:10:11] [90/445] TCTS
[15:10:12] [91/445] STSN
[15:10:13] [92/445] AKCH
[15:10:14] [93/445] APSC
[15:10:14] [94/445] VLTB
[15:10:15] [95/445] SANU
[15:10:16] [96/445] AXAM
[15:10:17] [97/445] MGMG
[15:10:18] [98/445] HTBY
[15:10:18] [99/445] MMZS
[15:10:20] [100/445] SUDR
[15:10:21] [101/445] CCAD
[15:10:21] [102/445] SKKC
[15:10:22] [103/445] RMCD
[15:10:23] [104/445] SBCQ
[15:10:24] [105/445] DCCT
[15:10:26] [106/445] VTKP
[15:10:26] [107/445] MLAM
[15:10:27] [108/445] SAVT
[15:10:28] [109/445] GEPL
[15:10:28] [110/445] AMCD
[15:10:29] [111/445] CCXR
[15:10:30] [112/445] GRNG
[15:10:32] [113/445] EBCA
[15:10:33] [114/445] CNVG
[15:10:34] [115/445] MWSS
[15:10:35] [116/445] VBOR
[15:10:36] [117/445] NEEB
[15:10:37] [118/445] SUTH
[15:10:37] [119/445] ANDB
[15:10:38] [120/445] MMXS
[15:10:39] [121/445] CNPD
[15:10:40] [122/445] SDCE
[15:10:40] [123/445] DHCB
[15:10:41] [124/445] ODEN
[15:10:42] [125/445] TNTC
[15:10:44] [126/445] VBKM
[15:10:44] [127/445] RZYM
[15:10:45] [128/445] JEMC
[15:10:46] [129/445] CMAU
[15:10:47] [130/445] SIVP
[15:10:48] [131/445] ATAG
[15:10:49] [132/445] CHTM
[15:10:50] [133/445] AAEE
[15:10:51] [134/445] IWPM
[15:10:52] [135/445] KCMW
[15:10:53] [136/445] MCTD
[15:10:53] [137/445] SPWR
[15:10:54] [138/445] SDPO
[15:10:55] [139/445] PCSK
[15:10:56] [140/445] ACHV
[15:10:57] [141/445] SVLA
[15:10:58] [142/445] PICT
[15:10:59] [143/445] BXDR
[15:11:00] [144/445] SPWA
[15:11:01] [145/445] MCKO
[15:11:02] [146/445] RTHK
[15:11:03] [147/445] CCMF
[15:11:03] [148/445] MRGB
[15:11:04] [149/445] CPLC
[15:11:05] [150/445] RACD
[15:11:06] [151/445] ATKT
[15:11:07] [152/445] SARN
[15:11:08] [153/445] KKUI
[15:11:09] [154/445] RGCM
[15:11:10] [155/445] BRVP
[15:11:10] [156/445] HRSR
[15:11:11] [157/445] GKGM
[15:11:12] [158/445] TTCD
[15:11:14] [159/445] PTTI
[15:11:15] [160/445] MPTT
[15:11:15] [161/445] CVTT
[15:11:16] [162/445] PCXD
[15:11:17] [163/445] GCDC
[15:11:18] [164/445] CCCF
[15:11:19] [165/445] MRAD
[15:11:19] [166/445] CPLK
[15:11:20] [167/445] SATB
[15:11:21] [168/445] SNVG
[15:11:22] [169/445] JMBA
[15:11:23] [170/445] TEJA
[15:11:24] [171/445] STYO
[15:11:25] [172/445] JTBP
[15:11:25] [173/445] KRGD
[15:11:26] [174/445] SLJJ
[15:11:27] [175/445] SPTJ
[15:11:28] [176/445] SWJG
[15:11:29] [177/445] LKRT
[15:11:30] [178/445] KCKA
[15:11:32] [179/445] SNCR
[15:11:32] [180/445] SMKL
[15:11:33] [181/445] GCFA
[15:11:34] [182/445] DDCK
[15:11:35] [183/445] NCHJ
[15:11:35] [184/445] RDMA
[15:11:36] [185/445] SVSV
[15:11:37] [186/445] SCJG
[15:11:38] [187/445] VKLP
[15:11:39] [188/445] NWCC
[15:11:40] [189/445] VKNS
[15:11:41] [190/445] SDDP
[15:11:42] [191/445] ACSI
[15:11:42] [192/445] SATG
[15:11:43] [193/445] SCMW
[15:11:44] [194/445] LKTK
[15:11:45] [195/445] VCKV
[15:11:45] [196/445] KKPE
[15:11:46] [197/445] KIGH
[15:11:47] [198/445] SRPM
[15:11:48] [199/445] SCAH
[15:11:49] [200/445] MUTA
[15:11:50] [201/445] SEPU
[15:11:51] [202/445] INOA
[15:11:52] [203/445] BASK
[15:11:52] [204/445] NECB
[15:11:53] [205/445] GTTG
[15:11:54] [206/445] ASSA
[15:11:54] [207/445] ANCL
[15:11:55] [208/445] GCTI
[15:11:56] [209/445] RCTS
[15:11:57] [210/445] ACNL
[15:11:58] [211/445] MYCT
[15:11:58] [212/445] NMHT
[15:11:59] [213/445] MDIT
[15:12:00] [214/445] LATG
[15:12:01] [215/445] SMTY
[15:12:02] [216/445] CVCT
[15:12:03] [217/445] RAMB
[15:12:03] [218/445] TGMS
[15:12:04] [219/445] BHEL
[15:12:05] [220/445] SHCT
[15:12:05] [221/445] SVCT
[15:12:06] [222/445] MRIY
[15:12:07] [223/445] SARO
[15:12:08] [224/445] STCT
[15:12:09] [225/445] JKKC
[15:12:10] [226/445] PLTT
[15:12:11] [227/445] SRNT
[15:12:11] [228/445] YAST
[15:12:12] [229/445] PERL
[15:12:13] [230/445] CICM
[15:12:14] [231/445] MMTR
[15:12:14] [232/445] ABTK
[15:12:15] [233/445] ATYY
[15:12:16] [234/445] ASTK
[15:12:17] [235/445] VVCK
[15:12:18] [236/445] ATKY
[15:12:19] [237/445] GWEK
[15:12:19] [238/445] SVFH
[15:12:20] [239/445] SLTA
[15:12:21] [240/445] AASH
[15:12:22] [241/445] ACXB
[15:12:23] [242/445] SMTX
[15:12:24] [243/445] AZDH
[15:12:25] [244/445] CMMH
[15:12:25] [245/445] SCSZ
[15:12:26] [246/445] SCKP
[15:12:27] [247/445] NXTM
[15:12:28] [248/445] NWCS
[15:12:29] [249/445] CXMH
[15:12:30] [250/445] PCMA
[15:12:31] [251/445] SGCM
[15:12:32] [252/445] SDTU
[15:12:33] [253/445] MMVI
[15:12:34] [254/445] JKCM
[15:12:34] [255/445] VCMM
[15:12:35] [256/445] SYEE
[15:12:36] [257/445] VASD
[15:12:37] [258/445] BDRB
[15:12:38] [259/445] LASM
[15:12:39] [260/445] DCRL
[15:12:40] [261/445] DVPM
[15:12:40] [262/445] SBMJ
[15:12:41] [263/445] CBMU
[15:12:43] [264/445] IUBS
[15:12:43] [265/445] INAP
[15:12:44] [266/445] SRRC
[15:12:45] [267/445] SAGR
[15:12:46] [268/445] CPMJ
[15:12:47] [269/445] ATJL
[15:12:47] [270/445] NNTD
[15:12:49] [271/445] JHCJ
[15:12:50] [272/445] CMMP
[15:12:51] [273/445] RSDR
[15:12:51] [274/445] AMTI
[15:12:52] [275/445] NYSG
[15:12:53] [276/445] AVSG
[15:12:54] [277/445] SYTP
[15:12:54] [278/445] LARC
[15:12:56] [279/445] RJTP
[15:12:57] [280/445] LAKC
[15:12:58] [281/445] MCXE
[15:12:59] [282/445] CCZC
[15:12:59] [283/445] AVCH
[15:13:00] [284/445] CMBE
[15:13:01] [285/445] MRRC
[15:13:02] [286/445] PCPY
[15:13:03] [287/445] SRMH
[15:13:05] [288/445] SVGS
[15:13:05] [289/445] PCSE
[15:13:06] [290/445] SVFT
[15:13:07] [291/445] TNZP
[15:13:08] [292/445] ICTP
[15:13:09] [293/445] ACTZ
[15:13:10] [294/445] GTUR
[15:13:11] [295/445] MAFC
[15:13:11] [296/445] MINL
[15:13:12] [297/445] MRCL
[15:13:13] [298/445] RCRP
[15:13:14] [299/445] RFFG
[15:13:14] [300/445] RMAS
[15:13:15] [301/445] INVR
[15:13:16] [302/445] RMAR
[15:13:18] [303/445] CNIS
[15:13:19] [304/445] RHRJ
[15:13:19] [305/445] INXR
[15:13:20] [306/445] VALT
[15:13:21] [307/445] LCSH
[15:13:22] [308/445] CMVS
[15:13:22] [309/445] CNMS
[15:13:23] [310/445] ROOG
[15:13:24] [311/445] ISRM
[15:13:25] [312/445] RCRM
[15:13:25] [313/445] ACJA
[15:13:26] [314/445] RCVS
[15:13:27] [315/445] CPUS
[15:13:28] [316/445] TGCS
[15:13:29] [317/445] RKCJ
[15:13:30] [318/445] MKSB
[15:13:31] [319/445] TCSJ
[15:13:31] [320/445] RMGP
[15:13:32] [321/445] CLLP
[15:13:33] [322/445] RCMV
[15:13:34] [323/445] CCKS
[15:13:36] [324/445] RSRP
[15:13:36] [325/445] APLP
[15:13:37] [326/445] CNVS
[15:13:39] [327/445] RMVY
[15:13:39] [328/445] PGBD
[15:13:40] [329/445] KLMS
[15:13:41] [330/445] RUST
[15:13:42] [331/445] MASM
[15:13:43] [332/445] BACS
[15:13:43] [333/445] BWST
[15:13:44] [334/445] RRFH
[15:13:45] [335/445] SJTM
[15:13:46] [336/445] BEMR
[15:13:47] [337/445] MCGR
[15:13:47] [338/445] SDSK
[15:13:48] [339/445] VBOL
[15:13:49] [340/445] RMGM
[15:13:49] [341/445] NOPL
[15:13:50] [342/445] MKJK
[15:13:51] [343/445] CVRN
[15:13:52] [344/445] MMEN
[15:13:53] [345/445] AMNG
[15:13:54] [346/445] INTM
[15:13:55] [347/445] SLCZ
[15:13:55] [348/445] AMJN
[15:13:56] [349/445] ACJN
[15:13:57] [350/445] AMKN
[15:13:58] [351/445] BTCN
[15:13:58] [352/445] AMBT
[15:13:59] [353/445] PACN
[15:14:00] [354/445] LCNS
[15:14:01] [355/445] PPKC
[15:14:02] [356/445] JYYN
[15:14:03] [357/445] JTNR
[15:14:03] [358/445] GTEE
[15:14:04] [359/445] SRNM
[15:14:05] [360/445] SDTC
[15:14:06] [361/445] VPCA
[15:14:07] [362/445] VLRA
[15:14:09] [363/445] SHKR
[15:14:10] [364/445] SBKD
[15:14:11] [365/445] SAAD
[15:14:12] [366/445] JTGN
[15:14:12] [367/445] SLAM
[15:14:13] [368/445] VTPM
[15:14:14] [369/445] ANPT
[15:14:14] [370/445] PUNB
[15:14:15] [371/445] CPKT
[15:14:16] [372/445] CNWE
[15:14:17] [373/445] ECPP
[15:14:18] [374/445] CPAR
[15:14:19] [375/445] ESBW
[15:14:20] [376/445] PKPU
[15:14:21] [377/445] CPRP
[15:14:22] [378/445] RAHU
[15:14:22] [379/445] RHMN
[15:14:23] [380/445] FMJP
[15:14:24] [381/445] CTMP
[15:14:25] [382/445] INPN
[15:14:26] [383/445] STTG
[15:14:27] [384/445] CTRD
[15:14:28] [385/445] PUVB
[15:14:29] [386/445] ESVP
[15:14:30] [387/445] CPFT
[15:14:31] [388/445] LCPC
[15:14:32] [389/445] VBCT
[15:14:32] [390/445] FSCW
[15:14:33] [391/445] VCMP
[15:14:34] [392/445] ASHC
[15:14:35] [393/445] VLCX
[15:14:36] [394/445] SHEV
[15:14:37] [395/445] APCO
[15:14:38] [396/445] SILC
[15:14:39] [397/445] SNMR
[15:14:39] [398/445] KYBO
[15:14:40] [399/445] SATK
[15:14:41] [400/445] SSCS
[15:14:42] [401/445] CLSB
[15:14:42] [402/445] KMJR
[15:14:43] [403/445] FSCK
[15:14:44] [404/445] NNKA
[15:14:45] [405/445] CLMK
[15:14:45] [406/445] DMPZ
[15:14:46] [407/445] INQM
[15:14:47] [408/445] CAML
[15:14:48] [409/445] INRK
[15:14:48] [410/445] IMKN
[15:14:49] [411/445] SVNR
[15:14:50] [412/445] INSL
[15:14:52] [413/445] MSMA
[15:14:52] [414/445] MCKK
[15:14:53] [415/445] FCHP
[15:14:54] [416/445] SFCR
[15:14:55] [417/445] NACK
[15:14:56] [418/445] PVAK
[15:14:57] [419/445] INER
[15:14:57] [420/445] RDBK
[15:14:58] [421/445] SVFN
[15:14:59] [422/445] IFRM
[15:15:00] [423/445] ATCK
[15:15:01] [424/445] ASKO
[15:15:01] [425/445] STKT
[15:15:02] [426/445] SVFB
[15:15:03] [427/445] INKS
[15:15:04] [428/445] PCRA
[15:15:05] [429/445] ATJA
[15:15:06] [430/445] IMJN
[15:15:06] [431/445] INHD
[15:15:07] [432/445] BARA
[15:15:09] [433/445] MCSL
[15:15:10] [434/445] RTOY
[15:15:11] [435/445] MENO
[15:15:12] [436/445] PUDM
[15:15:13] [437/445] PRCN
[15:15:14] [438/445] JMJR
[15:15:14] [439/445] SSGK
[15:15:15] [440/445] SSRL
[15:15:16] [441/445] JYKL
[15:15:17] [442/445] ACNB
[15:15:18] [443/445] SONP
[15:15:18] [444/445] EMCI
[15:15:19] [445/445] MRJH
[15:15:20] ✅ DONE | Shows=1022 | Movies=62
