[20:21:50] 🚀 SCRIPT STARTED
[20:21:50] [1/445] TGMR
[20:21:50] 🧠 New identity created
[20:21:51] [2/445] CXKR
[20:21:52] [3/445] SROP
[20:21:52] [4/445] GTSV
[20:21:53] [5/445] SNTY
[20:21:54] [6/445] SMYY
[20:21:55] [7/445] CNCS
[20:21:56] [8/445] CSTM
[20:21:57] [9/445] NUCD
[20:21:57] [10/445] SHCZ
[20:21:58] [11/445] NJCT
[20:21:59] [12/445] COPC
[20:22:00] [13/445] STVV
[20:22:01] [14/445] SKRN
[20:22:02] [15/445] APPZ
[20:22:02] [16/445] YMGN
[20:22:03] [17/445] SVTU
[20:22:04] [18/445] GTAD
[20:22:05] [19/445] PSUS
[20:22:06] [20/445] SMCD
[20:22:07] [21/445] CMCM
[20:22:08] [22/445] SYCT
[20:22:09] [23/445] STLY
[20:22:10] [24/445] CMHU
[20:22:11] [25/445] CMSA
[20:22:11] [26/445] CLCU
[20:22:12] [27/445] PPNT
[20:22:13] [28/445] JTAB
[20:22:14] [29/445] BUUC
[20:22:15] [30/445] BSVK
[20:22:16] [31/445] VVVQ
[20:22:17] [32/445] TKMU
[20:22:17] [33/445] ESYL
[20:22:18] [34/445] ACHP
[20:22:19] [35/445] BTKD
[20:22:20] [36/445] DESA
[20:22:21] [37/445] GBCT
[20:22:21] [38/445] BLLD
[20:22:22] [39/445] SKNT
[20:22:23] [40/445] SSTE
[20:22:24] [41/445] VJMR
[20:22:25] [42/445] NTPU
[20:22:26] [43/445] RDKN
[20:22:27] [44/445] ADGC
[20:22:28] [45/445] VRBP
[20:22:29] [46/445] NMNA
[20:22:30] [47/445] CMMX
[20:22:31] [48/445] PTKO
[20:22:31] [49/445] RBML
[20:22:32] [50/445] SAIC
[20:22:33] [51/445] SVTJ
[20:22:35] [52/445] MRTE
[20:22:36] [53/445] RBTP
[20:22:37] [54/445] NLPS
[20:22:38] [55/445] GTNA
[20:22:38] [56/445] DGGC
[20:22:39] [57/445] SMCR
[20:22:40] [58/445] SCGD
[20:22:41] [59/445] SRRJ
[20:22:43] [60/445] CNRY
[20:22:44] [61/445] KTDI
[20:22:45] [62/445] SNJL
[20:22:46] [63/445] RKMD
[20:22:47] [64/445] SMDC
[20:22:48] [65/445] TADG
[20:22:48] [66/445] MCGS
[20:22:49] [67/445] PETK
[20:22:50] [68/445] CHAG
[20:22:51] [69/445] KSTL
[20:22:52] [70/445] AADS
[20:22:53] [71/445] NTHZ
[20:22:54] [72/445] HCKI
[20:22:55] [73/445] SSEF
[20:22:56] [74/445] MCGX
[20:22:57] [75/445] ERRA
[20:22:58] [76/445] SDTW
[20:22:59] [77/445] RMPK
[20:23:00] [78/445] PTHK
[20:23:00] [79/445] PXCS
[20:23:02] [80/445] SVLU
[20:23:03] [81/445] STAH
[20:23:04] [82/445] JRGF
[20:23:05] [83/445] CDOK
[20:23:06] [84/445] CMSG
[20:23:07] [85/445] APTD
[20:23:07] [86/445] KMPG
[20:23:08] [87/445] MUTJ
[20:23:09] [88/445] VCCI
[20:23:10] [89/445] URBE
[20:23:11] [90/445] TCTS
[20:23:12] [91/445] STSN
[20:23:13] [92/445] AKCH
[20:23:14] [93/445] APSC
[20:23:15] [94/445] VLTB
[20:23:15] [95/445] SANU
[20:23:16] [96/445] AXAM
[20:23:17] [97/445] MGMG
[20:23:18] [98/445] HTBY
[20:23:19] [99/445] MMZS
[20:23:20] [100/445] SUDR
[20:23:20] [101/445] CCAD
[20:23:21] [102/445] SKKC
[20:23:22] [103/445] RMCD
[20:23:23] [104/445] SBCQ
[20:23:25] [105/445] DCCT
[20:23:25] [106/445] VTKP
[20:23:26] [107/445] MLAM
[20:23:28] [108/445] SAVT
[20:23:28] [109/445] GEPL
[20:23:29] [110/445] AMCD
[20:23:30] [111/445] CCXR
[20:23:31] [112/445] GRNG
[20:23:31] [113/445] EBCA
[20:23:32] [114/445] CNVG
[20:23:33] [115/445] MWSS
[20:23:34] [116/445] VBOR
[20:23:35] [117/445] NEEB
[20:23:36] [118/445] SUTH
[20:23:37] [119/445] ANDB
[20:23:38] [120/445] MMXS
[20:23:38] [121/445] CNPD
[20:23:39] [122/445] SDCE
[20:23:40] [123/445] DHCB
[20:23:41] [124/445] ODEN
[20:23:42] [125/445] TNTC
[20:23:43] [126/445] VBKM
[20:23:44] [127/445] RZYM
[20:23:44] [128/445] JEMC
[20:23:45] [129/445] CMAU
[20:23:46] [130/445] SIVP
[20:23:46] [131/445] ATAG
[20:23:47] [132/445] CHTM
[20:23:48] [133/445] AAEE
[20:23:49] [134/445] IWPM
[20:23:50] [135/445] KCMW
[20:23:51] [136/445] MCTD
[20:23:51] [137/445] SPWR
[20:23:52] [138/445] SDPO
[20:23:53] [139/445] PCSK
[20:23:54] [140/445] ACHV
[20:23:55] [141/445] SVLA
[20:23:56] [142/445] PICT
[20:23:57] [143/445] BXDR
[20:23:58] [144/445] SPWA
[20:23:58] [145/445] MCKO
[20:23:59] [146/445] RTHK
[20:24:00] [147/445] CCMF
[20:24:01] [148/445] MRGB
[20:24:02] [149/445] CPLC
[20:24:02] [150/445] RACD
[20:24:03] [151/445] ATKT
[20:24:04] [152/445] SARN
[20:24:05] [153/445] KKUI
[20:24:05] [154/445] RGCM
[20:24:06] [155/445] BRVP
[20:24:08] [156/445] HRSR
[20:24:09] [157/445] GKGM
[20:24:09] [158/445] TTCD
[20:24:10] [159/445] PTTI
[20:24:11] [160/445] MPTT
[20:24:12] [161/445] CVTT
[20:24:13] [162/445] PCXD
[20:24:13] [163/445] GCDC
[20:24:14] [164/445] CCCF
[20:24:15] [165/445] MRAD
[20:24:16] [166/445] CPLK
[20:24:17] [167/445] SATB
[20:24:17] [168/445] SNVG
[20:24:18] [169/445] JMBA
[20:24:19] [170/445] TEJA
[20:24:20] [171/445] STYO
[20:24:21] [172/445] JTBP
[20:24:22] [173/445] KRGD
[20:24:23] [174/445] SLJJ
[20:24:24] [175/445] SPTJ
[20:24:24] [176/445] SWJG
[20:24:25] [177/445] LKRT
[20:24:27] [178/445] KCKA
[20:24:27] [179/445] SNCR
[20:24:28] [180/445] SMKL
[20:24:29] [181/445] GCFA
[20:24:30] [182/445] DDCK
[20:24:31] [183/445] NCHJ
[20:24:32] [184/445] RDMA
[20:24:32] [185/445] SVSV
[20:24:34] [186/445] SCJG
[20:24:35] [187/445] VKLP
[20:24:38] [188/445] NWCC
[20:24:39] [189/445] VKNS
[20:24:40] [190/445] SDDP
[20:24:41] [191/445] ACSI
[20:24:42] [192/445] SATG
[20:24:43] [193/445] SCMW
[20:24:44] [194/445] LKTK
[20:24:45] [195/445] VCKV
[20:24:46] [196/445] KKPE
[20:24:46] [197/445] KIGH
[20:24:47] [198/445] SRPM
[20:24:48] [199/445] SCAH
[20:24:49] [200/445] MUTA
[20:24:50] [201/445] SEPU
[20:24:51] [202/445] INOA
[20:24:52] [203/445] BASK
[20:24:52] [204/445] NECB
[20:24:53] [205/445] GTTG
[20:24:54] [206/445] ASSA
[20:24:55] [207/445] ANCL
[20:24:56] [208/445] GCTI
[20:24:56] [209/445] RCTS
[20:24:57] [210/445] ACNL
[20:24:58] [211/445] MYCT
[20:24:59] [212/445] NMHT
[20:25:00] [213/445] MDIT
[20:25:02] [214/445] LATG
[20:25:03] [215/445] SMTY
[20:25:04] [216/445] CVCT
[20:25:05] [217/445] RAMB
[20:25:06] [218/445] TGMS
[20:25:07] [219/445] BHEL
[20:25:08] [220/445] SHCT
[20:25:09] [221/445] SVCT
[20:25:10] [222/445] MRIY
[20:25:11] [223/445] SARO
[20:25:12] [224/445] STCT
[20:25:12] [225/445] JKKC
[20:25:13] [226/445] PLTT
[20:25:14] [227/445] SRNT
[20:25:14] [228/445] YAST
[20:25:15] [229/445] PERL
[20:25:16] [230/445] CICM
[20:25:17] [231/445] MMTR
[20:25:18] [232/445] ABTK
[20:25:19] [233/445] ATYY
[20:25:19] [234/445] ASTK
[20:25:20] [235/445] VVCK
[20:25:21] [236/445] ATKY
[20:25:22] [237/445] GWEK
[20:25:23] [238/445] SVFH
[20:25:24] [239/445] SLTA
[20:25:25] [240/445] AASH
[20:25:25] [241/445] ACXB
[20:25:27] [242/445] SMTX
[20:25:28] [243/445] AZDH
[20:25:28] [244/445] CMMH
[20:25:29] [245/445] SCSZ
[20:25:30] [246/445] SCKP
[20:25:31] [247/445] NXTM
[20:25:33] [248/445] NWCS
[20:25:33] [249/445] CXMH
[20:25:34] [250/445] PCMA
[20:25:35] [251/445] SGCM
[20:25:36] [252/445] SDTU
[20:25:37] [253/445] MMVI
[20:25:38] [254/445] JKCM
[20:25:39] [255/445] VCMM
[20:25:40] [256/445] SYEE
[20:25:41] [257/445] VASD
[20:25:42] [258/445] BDRB
[20:25:42] [259/445] LASM
[20:25:43] [260/445] DCRL
[20:25:45] [261/445] DVPM
[20:25:46] [262/445] SBMJ
[20:25:47] [263/445] CBMU
[20:25:48] [264/445] IUBS
[20:25:49] [265/445] INAP
[20:25:50] [266/445] SRRC
[20:25:51] [267/445] SAGR
[20:25:52] [268/445] CPMJ
[20:25:53] [269/445] ATJL
[20:25:54] [270/445] NNTD
[20:25:54] [271/445] JHCJ
[20:25:55] [272/445] CMMP
[20:25:56] [273/445] RSDR
[20:25:57] [274/445] AMTI
[20:25:58] [275/445] NYSG
[20:25:59] [276/445] AVSG
[20:26:00] [277/445] SYTP
[20:26:00] [278/445] LARC
[20:26:01] [279/445] RJTP
[20:26:02] [280/445] LAKC
[20:26:03] [281/445] MCXE
[20:26:04] [282/445] CCZC
[20:26:05] [283/445] AVCH
[20:26:06] [284/445] CMBE
[20:26:07] [285/445] MRRC
[20:26:08] [286/445] PCPY
[20:26:08] [287/445] SRMH
[20:26:09] [288/445] SVGS
[20:26:10] [289/445] PCSE
[20:26:11] [290/445] SVFT
[20:26:12] [291/445] TNZP
[20:26:12] [292/445] ICTP
[20:26:13] [293/445] ACTZ
[20:26:15] [294/445] GTUR
[20:26:15] [295/445] MAFC
[20:26:17] [296/445] MINL
[20:26:18] [297/445] MRCL
[20:26:18] [298/445] RCRP
[20:26:20] [299/445] RFFG
[20:26:21] [300/445] RMAS
[20:26:22] [301/445] INVR
[20:26:22] [302/445] RMAR
[20:26:23] [303/445] CNIS
[20:26:24] [304/445] RHRJ
[20:26:25] [305/445] INXR
[20:26:26] [306/445] VALT
[20:26:27] [307/445] LCSH
[20:26:28] [308/445] CMVS
[20:26:29] [309/445] CNMS
[20:26:29] [310/445] ROOG
[20:26:30] [311/445] ISRM
[20:26:31] [312/445] RCRM
[20:26:32] [313/445] ACJA
[20:26:32] [314/445] RCVS
[20:26:33] [315/445] CPUS
[20:26:34] [316/445] TGCS
[20:26:35] [317/445] RKCJ
[20:26:36] [318/445] MKSB
[20:26:37] [319/445] TCSJ
[20:26:38] [320/445] RMGP
[20:26:38] [321/445] CLLP
[20:26:39] [322/445] RCMV
[20:26:40] [323/445] CCKS
[20:26:42] [324/445] RSRP
[20:26:42] [325/445] APLP
[20:26:44] [326/445] CNVS
[20:26:45] [327/445] RMVY
[20:26:45] [328/445] PGBD
[20:26:46] [329/445] KLMS
[20:26:47] [330/445] RUST
[20:26:48] [331/445] MASM
[20:26:49] [332/445] BACS
[20:26:50] [333/445] BWST
[20:26:51] [334/445] RRFH
[20:26:52] [335/445] SJTM
[20:26:53] [336/445] BEMR
[20:26:53] [337/445] MCGR
[20:26:55] [338/445] SDSK
[20:26:56] [339/445] VBOL
[20:26:56] [340/445] RMGM
[20:26:57] [341/445] NOPL
[20:26:58] [342/445] MKJK
[20:26:59] [343/445] CVRN
[20:27:00] [344/445] MMEN
[20:27:01] [345/445] AMNG
[20:27:02] [346/445] INTM
[20:27:02] [347/445] SLCZ
[20:27:03] [348/445] AMJN
[20:27:04] [349/445] ACJN
[20:27:05] [350/445] AMKN
[20:27:06] [351/445] BTCN
[20:27:07] [352/445] AMBT
[20:27:08] [353/445] PACN
[20:27:09] [354/445] LCNS
[20:27:10] [355/445] PPKC
[20:27:11] [356/445] JYYN
[20:27:12] [357/445] JTNR
[20:27:13] [358/445] GTEE
[20:27:14] [359/445] SRNM
[20:27:15] [360/445] SDTC
[20:27:16] [361/445] VPCA
[20:27:17] [362/445] VLRA
[20:27:18] [363/445] SHKR
[20:27:18] [364/445] SBKD
[20:27:19] [365/445] SAAD
[20:27:20] [366/445] JTGN
[20:27:21] [367/445] SLAM
[20:27:23] [368/445] VTPM
[20:27:23] [369/445] ANPT
[20:27:25] [370/445] PUNB
[20:27:25] [371/445] CPKT
[20:27:26] [372/445] CNWE
[20:27:27] [373/445] ECPP
[20:27:28] [374/445] CPAR
[20:27:29] [375/445] ESBW
[20:27:29] [376/445] PKPU
[20:27:30] [377/445] CPRP
[20:27:31] [378/445] RAHU
[20:27:32] [379/445] RHMN
[20:27:33] [380/445] FMJP
[20:27:34] [381/445] CTMP
[20:27:35] [382/445] INPN
[20:27:36] [383/445] STTG
[20:27:37] [384/445] CTRD
[20:27:37] [385/445] PUVB
[20:27:38] [386/445] ESVP
[20:27:39] [387/445] CPFT
[20:27:40] [388/445] LCPC
[20:27:40] [389/445] VBCT
[20:27:41] [390/445] FSCW
[20:27:42] [391/445] VCMP
[20:27:43] [392/445] ASHC
[20:27:44] [393/445] VLCX
[20:27:44] [394/445] SHEV
[20:27:45] [395/445] APCO
[20:27:46] [396/445] SILC
[20:27:48] [397/445] SNMR
[20:27:48] [398/445] KYBO
[20:27:49] [399/445] SATK
[20:27:50] [400/445] SSCS
[20:27:51] [401/445] CLSB
[20:27:52] [402/445] KMJR
[20:27:53] [403/445] FSCK
[20:27:54] [404/445] NNKA
[20:27:55] [405/445] CLMK
[20:27:56] [406/445] DMPZ
[20:27:57] [407/445] INQM
[20:27:58] [408/445] CAML
[20:27:59] [409/445] INRK
[20:28:00] [410/445] IMKN
[20:28:01] [411/445] SVNR
[20:28:02] [412/445] INSL
[20:28:03] [413/445] MSMA
[20:28:04] [414/445] MCKK
[20:28:05] [415/445] FCHP
[20:28:06] [416/445] SFCR
[20:28:07] [417/445] NACK
[20:28:08] [418/445] PVAK
[20:28:09] [419/445] INER
[20:28:09] [420/445] RDBK
[20:28:10] [421/445] SVFN
[20:28:11] [422/445] IFRM
[20:28:12] [423/445] ATCK
[20:28:13] [424/445] ASKO
[20:28:14] [425/445] STKT
[20:28:15] [426/445] SVFB
[20:28:16] [427/445] INKS
[20:28:16] [428/445] PCRA
[20:28:17] [429/445] ATJA
[20:28:18] [430/445] IMJN
[20:28:19] [431/445] INHD
[20:28:20] [432/445] BARA
[20:28:21] [433/445] MCSL
[20:28:21] [434/445] RTOY
[20:28:22] [435/445] MENO
[20:28:23] [436/445] PUDM
[20:28:24] [437/445] PRCN
[20:28:26] [438/445] JMJR
[20:28:27] [439/445] SSGK
[20:28:27] [440/445] SSRL
[20:28:29] [441/445] JYKL
[20:28:30] [442/445] ACNB
[20:28:31] [443/445] SONP
[20:28:32] [444/445] EMCI
[20:28:32] [445/445] MRJH
[20:28:33] 🧹 Deduping shows
[20:28:33] ✅ DONE | Shows=2872 | Movies=75
