[20:21:49] 🚀 SCRIPT STARTED
[20:21:49] [1/459] NECA
[20:21:49] 🧠 New identity created
[20:21:50] [2/459] BJLC
[20:21:51] [3/459] BASU
[20:21:52] [4/459] RUPI
[20:21:53] [5/459] LCBK
[20:21:54] [6/459] PMAC
[20:21:55] [7/459] AMLC
[20:21:56] [8/459] LICL
[20:21:57] [9/459] UDMM
[20:21:57] [10/459] STBZ
[20:21:58] [11/459] UUBT
[20:21:59] [12/459] SJKC
[20:22:00] [13/459] TUAL
[20:22:01] [14/459] MRSE
[20:22:02] [15/459] RMRK
[20:22:03] [16/459] TTKP
[20:22:03] [17/459] KTKO
[20:22:04] [18/459] SDBK
[20:22:05] [19/459] MCPR
[20:22:06] [20/459] CHTI
[20:22:07] [21/459] GCCP
[20:22:08] [22/459] SRMY
[20:22:09] [23/459] NYST
[20:22:10] [24/459] NYAG
[20:22:11] [25/459] SBMT
[20:22:12] [26/459] INGA
[20:22:13] [27/459] WSIC
[20:22:14] [28/459] SCSS
[20:22:15] [29/459] COPG
[20:22:16] [30/459] RCGR
[20:22:17] [31/459] TCZA
[20:22:18] [32/459] CNLP
[20:22:19] [33/459] CLKN
[20:22:19] [34/459] LHDF
[20:22:20] [35/459] ELKC
[20:22:21] [36/459] VCEM
[20:22:22] [37/459] SSZA
[20:22:23] [38/459] KRMT
[20:22:23] [39/459] LCMV
[20:22:24] [40/459] AYCZ
[20:22:25] [41/459] CUMS
[20:22:26] [42/459] BOCK
[20:22:26] [43/459] PNMR
[20:22:27] [44/459] PJCP
[20:22:28] [45/459] JDDD
[20:22:29] [46/459] STMS
[20:22:30] [47/459] FLMB
[20:22:31] [48/459] PKCM
[20:22:32] [49/459] SPPR
[20:22:33] [50/459] EYLH
[20:22:34] [51/459] RJCC
[20:22:35] [52/459] MMPS
[20:22:36] [53/459] SHMX
[20:22:37] [54/459] CCNL
[20:22:38] [55/459] RCNV
[20:22:39] [56/459] MAAG
[20:22:39] [57/459] LXCM
[20:22:40] [58/459] RCNI
[20:22:42] [59/459] SNNI
[20:22:42] [60/459] LALC
[20:22:43] [61/459] SOCN
[20:22:45] [62/459] JHTP
[20:22:45] [63/459] PITP
[20:22:46] [64/459] CCKW
[20:22:47] [65/459] MCMC
[20:22:48] [66/459] DEES
[20:22:49] [67/459] SABT
[20:22:50] [68/459] VSPP
[20:22:51] [69/459] ABCT
[20:22:51] [70/459] JVTB
[20:22:52] [71/459] VCBD
[20:22:53] [72/459] RMGG
[20:22:54] [73/459] RNMH
[20:22:55] [74/459] SPGL
[20:22:56] [75/459] JTTR
[20:22:57] [76/459] SICS
[20:22:57] [77/459] SRMI
[20:22:58] [78/459] SSIJ
[20:22:59] [79/459] KFMT
[20:23:00] [80/459] VBIT
[20:23:01] [81/459] JKCT
[20:23:01] [82/459] GCGP
[20:23:02] [83/459] GDCS
[20:23:03] [84/459] TRBA
[20:23:04] [85/459] QUST
[20:23:05] [86/459] VSHM
[20:23:06] [87/459] SDCP
[20:23:07] [88/459] SNVS
[20:23:07] [89/459] NYTO
[20:23:08] [90/459] URWC
[20:23:09] [91/459] GTWH
[20:23:10] [92/459] PFCM
[20:23:11] [93/459] KRTA
[20:23:12] [94/459] AXMC
[20:23:13] [95/459] EVMC
[20:23:13] [96/459] HGSM
[20:23:15] [97/459] ACVM
[20:23:15] [98/459] PSKL
[20:23:16] [99/459] RDMP
[20:23:17] [100/459] RHGH
[20:23:18] [101/459] OMCM
[20:23:19] [102/459] DCCP
[20:23:20] [103/459] MCPB
[20:23:21] [104/459] ALCI
[20:23:22] [105/459] BLMX
[20:23:23] [106/459] BTMV
[20:23:24] [107/459] FVPN
[20:23:25] [108/459] CMAR
[20:23:25] [109/459] CEIM
[20:23:26] [110/459] CMVA
[20:23:27] [111/459] CPIV
[20:23:28] [112/459] CNPE
[20:23:29] [113/459] COLV
[20:23:30] [114/459] DNNV
[20:23:31] [115/459] HCAD
[20:23:32] [116/459] TAKA
[20:23:32] [117/459] INVD
[20:23:33] [118/459] IRMM
[20:23:34] [119/459] INSE
[20:23:35] [120/459] MRSW
[20:23:36] [121/459] MCVD
[20:23:37] [122/459] MCSO
[20:23:38] [123/459] PEVM
[20:23:38] [124/459] PVNL
[20:23:39] [125/459] PTCV
[20:23:40] [126/459] PRTC
[20:23:41] [127/459] RCVA
[20:23:42] [128/459] MTBN
[20:23:42] [129/459] LUCP
[20:23:44] [130/459] FMPT
[20:23:45] [131/459] JLSL
[20:23:46] [132/459] SBHA
[20:23:47] [133/459] SHRC
[20:23:47] [134/459] AVPS
[20:23:48] [135/459] STPM
[20:23:49] [136/459] ATRD
[20:23:50] [137/459] VTED
[20:23:51] [138/459] ACAI
[20:23:52] [139/459] SMAE
[20:23:53] [140/459] VMAT
[20:23:54] [141/459] LKCT
[20:23:55] [142/459] JTVK
[20:23:55] [143/459] PRTY
[20:23:56] [144/459] GETT
[20:23:57] [145/459] ESAP
[20:23:58] [146/459] NCPM
[20:23:59] [147/459] PCPA
[20:24:00] [148/459] MMOM
[20:24:01] [149/459] PHUP
[20:24:01] [150/459] CCPI
[20:24:02] [151/459] CNTD
[20:24:03] [152/459] NLJR
[20:24:04] [153/459] SRNG
[20:24:05] [154/459] MHAL
[20:24:06] [155/459] PNSM
[20:24:08] [156/459] DRMY
[20:24:09] [157/459] CCMU
[20:24:10] [158/459] SCMY
[20:24:10] [159/459] PVSY
[20:24:11] [160/459] SDLM
[20:24:12] [161/459] ICCM
[20:24:13] [162/459] PYSU
[20:24:14] [163/459] GATM
[20:24:15] [164/459] WOTM
[20:24:16] [165/459] RKTS
[20:24:17] [166/459] PMTY
[20:24:18] [167/459] LYMS
[20:24:19] [168/459] TGCA
[20:24:20] [169/459] DSTA
[20:24:21] [170/459] CNGE
[20:24:21] [171/459] VSTG
[20:24:22] [172/459] GTCK
[20:24:23] [173/459] TGNT
[20:24:24] [174/459] ASLC
[20:24:25] [175/459] SSST
[20:24:26] [176/459] KBTT
[20:24:27] [177/459] HKCP
[20:24:27] [178/459] SWLC
[20:24:28] [179/459] RTND
[20:24:29] [180/459] PKKT
[20:24:30] [181/459] HSTK
[20:24:31] [182/459] SPTT
[20:24:32] [183/459] IMPM
[20:24:33] [184/459] SCMV
[20:24:34] [185/459] SPCT
[20:24:36] [186/459] JBCA
[20:24:36] [187/459] ATTR
[20:24:37] [188/459] SPMT
[20:24:38] [189/459] LCTM
[20:24:39] [190/459] SCVL
[20:24:40] [191/459] SCVT
[20:24:41] [192/459] KRIC
[20:24:42] [193/459] CTMG
[20:24:42] [194/459] ACNC
[20:24:43] [195/459] DMCK
[20:24:44] [196/459] KMTV
[20:24:45] [197/459] PFCJ
[20:24:46] [198/459] VNMD
[20:24:47] [199/459] VPCZ
[20:24:48] [200/459] SRYR
[20:24:48] [201/459] SYTR
[20:24:49] [202/459] GATR
[20:24:50] [203/459] URTR
[20:24:52] [204/459] MKSM
[20:24:53] [205/459] VSMH
[20:24:54] [206/459] SKRJ
[20:24:55] [207/459] SSJR
[20:24:56] [208/459] SVSM
[20:24:57] [209/459] RUCM
[20:24:58] [210/459] PRKN
[20:24:58] [211/459] RROH
[20:24:59] [212/459] SCTN
[20:25:01] [213/459] RTDM
[20:25:01] [214/459] ASRM
[20:25:02] [215/459] SKMD
[20:25:03] [216/459] SUTD
[20:25:04] [217/459] SADM
[20:25:04] [218/459] WCNR
[20:25:05] [219/459] CNED
[20:25:06] [220/459] MPDB
[20:25:07] [221/459] KTBH
[20:25:07] [222/459] IDRM
[20:25:08] [223/459] PJJT
[20:25:09] [224/459] PFCV
[20:25:09] [225/459] AACT
[20:25:11] [226/459] AAAD
[20:25:12] [227/459] ANES
[20:25:12] [228/459] MNCA
[20:25:13] [229/459] RMGU
[20:25:14] [230/459] DLCN
[20:25:15] [231/459] LJWT
[20:25:16] [232/459] MCBG
[20:25:17] [233/459] MYBG
[20:25:17] [234/459] GCCA
[20:25:18] [235/459] GCGA
[20:25:19] [236/459] ECGN
[20:25:20] [237/459] PRAB
[20:25:21] [238/459] PNMP
[20:25:21] [239/459] GCPT
[20:25:22] [240/459] ROYN
[20:25:24] [241/459] VATM
[20:25:26] [242/459] KSNT
[20:25:26] [243/459] ACTC
[20:25:28] [244/459] PLTD
[20:25:29] [245/459] SKMK
[20:25:30] [246/459] CMTT
[20:25:31] [247/459] SMXP
[20:25:32] [248/459] SCMX
[20:25:34] [249/459] ACXN
[20:25:34] [250/459] ASWT
[20:25:35] [251/459] VVVL
[20:25:36] [252/459] NAGO
[20:25:37] [253/459] SNCN
[20:25:38] [254/459] MCKP
[20:25:39] [255/459] SAMO
[20:25:40] [256/459] JBTV
[20:25:40] [257/459] DCVV
[20:25:41] [258/459] KMSV
[20:25:42] [259/459] KDCN
[20:25:43] [260/459] CNCP
[20:25:44] [261/459] HAMC
[20:25:45] [262/459] CCVZ
[20:25:46] [263/459] NCCK
[20:25:47] [264/459] MCHR
[20:25:48] [265/459] SCHT
[20:25:49] [266/459] ESSH
[20:25:50] [267/459] CUJC
[20:25:51] [268/459] PECP
[20:25:51] [269/459] PMMI
[20:25:52] [270/459] PCCH
[20:25:53] [271/459] PRPM
[20:25:54] [272/459] PVKL
[20:25:55] [273/459] CBSM
[20:25:56] [274/459] PVCZ
[20:25:57] [275/459] PCVV
[20:25:57] [276/459] CTMJ
[20:25:58] [277/459] RCPS
[20:25:59] [278/459] PCIT
[20:26:00] [279/459] FNCH
[20:26:01] [280/459] INZD
[20:26:02] [281/459] INPC
[20:26:02] [282/459] LCZP
[20:26:04] [283/459] SMCB
[20:26:05] [284/459] PTSB
[20:26:05] [285/459] TPSI
[20:26:06] [286/459] KHMJ
[20:26:07] [287/459] RCCJ
[20:26:08] [288/459] NCJA
[20:26:09] [289/459] NCJN
[20:26:10] [290/459] BTDP
[20:26:10] [291/459] PADY
[20:26:11] [292/459] NYBH
[20:26:13] [293/459] MTBR
[20:26:14] [294/459] KRBC
[20:26:15] [295/459] DKTI
[20:26:16] [296/459] ANAN
[20:26:16] [297/459] INBP
[20:26:17] [298/459] PATB
[20:26:18] [299/459] RGNT
[20:26:18] [300/459] CGPM
[20:26:19] [301/459] INTN
[20:26:20] [302/459] MCMP
[20:26:21] [303/459] ASRG
[20:26:22] [304/459] CXJD
[20:26:23] [305/459] SPCP
[20:26:23] [306/459] CSTP
[20:26:25] [307/459] PKVC
[20:26:26] [308/459] ESCP
[20:26:27] [309/459] CAEP
[20:26:27] [310/459] CCSP
[20:26:28] [311/459] KTPC
[20:26:29] [312/459] DACA
[20:26:30] [313/459] NVKY
[20:26:31] [314/459] PTIN
[20:26:32] [315/459] SCIN
[20:26:34] [316/459] MCTY
[20:26:35] [317/459] PCMX
[20:26:35] [318/459] INIC
[20:26:36] [319/459] MMZM
[20:26:37] [320/459] SSLP
[20:26:38] [321/459] DTDT
[20:26:39] [322/459] FFCX
[20:26:40] [323/459] RCMM
[20:26:40] [324/459] KYID
[20:26:41] [325/459] CSCI
[20:26:42] [326/459] FCMC
[20:26:43] [327/459] MMXI
[20:26:44] [328/459] ASTC
[20:26:44] [329/459] CMRA
[20:26:46] [330/459] DICI
[20:26:46] [331/459] KDIN
[20:26:47] [332/459] PRFI
[20:26:48] [333/459] SVFC
[20:26:49] [334/459] UCPL
[20:26:50] [335/459] COOC
[20:26:50] [336/459] SCAL
[20:26:51] [337/459] SVFF
[20:26:52] [338/459] VCMG
[20:26:54] [339/459] UUCT
[20:26:54] [340/459] GCSE
[20:26:55] [341/459] SUSC
[20:26:57] [342/459] MISC
[20:26:57] [343/459] RMBL
[20:26:58] [344/459] CMXN
[20:26:59] [345/459] PVBK
[20:27:00] [346/459] HHCG
[20:27:01] [347/459] SCAG
[20:27:02] [348/459] CNPR
[20:27:02] [349/459] CSER
[20:27:03] [350/459] HLWD
[20:27:04] [351/459] BOLY
[20:27:05] [352/459] SSPG
[20:27:06] [353/459] MUPX
[20:27:07] [354/459] HAMR
[20:27:08] [355/459] SDNC
[20:27:09] [356/459] RTEN
[20:27:10] [357/459] SDTD
[20:27:10] [358/459] KAWS
[20:27:11] [359/459] CMZX
[20:27:13] [360/459] DCDD
[20:27:13] [361/459] ALSN
[20:27:14] [362/459] IMXS
[20:27:15] [363/459] PVFF
[20:27:16] [364/459] PVOO
[20:27:17] [365/459] CFBS
[20:27:17] [366/459] PVER
[20:27:18] [367/459] PPNX
[20:27:19] [368/459] CNRM
[20:27:20] [369/459] PVWW
[20:27:20] [370/459] INMB
[20:27:21] [371/459] CPJR
[20:27:22] [372/459] INRZ
[20:27:23] [373/459] PMSR
[20:27:24] [374/459] GPGM
[20:27:24] [375/459] PGWB
[20:27:25] [376/459] PMBR
[20:27:27] [377/459] GPAM
[20:27:28] [378/459] INBC
[20:27:29] [379/459] PZVK
[20:27:29] [380/459] CPEB
[20:27:30] [381/459] FMLB
[20:27:31] [382/459] INBG
[20:27:32] [383/459] GPBR
[20:27:33] [384/459] PAAS
[20:27:33] [385/459] VTBR
[20:27:34] [386/459] GPMY
[20:27:35] [387/459] GYBU
[20:27:36] [388/459] INBJ
[20:27:37] [389/459] LKTH
[20:27:37] [390/459] NSBR
[20:27:38] [391/459] PDRD
[20:27:39] [392/459] VRBL
[20:27:40] [393/459] VTGB
[20:27:40] [394/459] VTSK
[20:27:41] [395/459] BKDV
[20:27:42] [396/459] SVTB
[20:27:43] [397/459] MLDT
[20:27:44] [398/459] NRBL
[20:27:45] [399/459] SLTR
[20:27:45] [400/459] VNKA
[20:27:47] [401/459] TDCA
[20:27:48] [402/459] INBM
[20:27:49] [403/459] SSNR
[20:27:50] [404/459] BHAC
[20:27:51] [405/459] SDSD
[20:27:51] [406/459] SAMP
[20:27:52] [407/459] RATK
[20:27:53] [408/459] KCBI
[20:27:54] [409/459] URBL
[20:27:55] [410/459] MKBG
[20:27:56] [411/459] ASTB
[20:27:57] [412/459] VBWT
[20:27:57] [413/459] GPSM
[20:27:58] [414/459] ROON
[20:27:59] [415/459] CHTH
[20:28:00] [416/459] SSPA
[20:28:00] [417/459] ANBL
[20:28:01] [418/459] VTBE
[20:28:03] [419/459] SVKT
[20:28:04] [420/459] SVYK
[20:28:05] [421/459] PTBK
[20:28:05] [422/459] RKTB
[20:28:06] [423/459] BALT
[20:28:07] [424/459] STSV
[20:28:08] [425/459] VCCB
[20:28:10] [426/459] SLTB
[20:28:10] [427/459] SBCR
[20:28:11] [428/459] VDCS
[20:28:12] [429/459] MDKI
[20:28:13] [430/459] SMRN
[20:28:14] [431/459] PTBC
[20:28:15] [432/459] RADI
[20:28:16] [433/459] ADCR
[20:28:17] [434/459] SDCS
[20:28:18] [435/459] SRPJ
[20:28:20] [436/459] ARTS
[20:28:20] [437/459] SRHK
[20:28:21] [438/459] SPAY
[20:28:22] [439/459] GPTB
[20:28:23] [440/459] SNNN
[20:28:24] [441/459] BALJ
[20:28:24] [442/459] TRIG
[20:28:25] [443/459] GTYT
[20:28:26] [444/459] ATGN
[20:28:27] [445/459] ANTE
[20:28:28] [446/459] BDCG
[20:28:31] [447/459] VECI
[20:28:32] [448/459] SCPR
[20:28:32] [449/459] RTEA
[20:28:33] [450/459] JSAI
[20:28:34] [451/459] VJTP
[20:28:35] [452/459] GNDS
[20:28:36] [453/459] PAXA
[20:28:37] [454/459] CGGM
[20:28:38] [455/459] ACKZ
[20:28:39] [456/459] EMCC
[20:28:40] [457/459] KLSK
[20:28:41] [458/459] AVCK
[20:28:42] [459/459] JTCK
[20:28:43] 🧹 Deduping shows
[20:28:43] ✅ DONE | Shows=3601 | Movies=77
[20:32:38] 🚀 SCRIPT STARTED
[20:32:38] [1/459] NECA
[20:32:38] 🧠 New identity created
[20:32:40] [2/459] BJLC
[20:32:40] [3/459] BASU
[20:32:41] [4/459] RUPI
[20:32:42] [5/459] LCBK
[20:32:43] [6/459] PMAC
[20:32:44] [7/459] AMLC
[20:32:45] [8/459] LICL
[20:32:46] [9/459] UDMM
[20:32:47] [10/459] STBZ
[20:32:47] [11/459] UUBT
[20:32:48] [12/459] SJKC
[20:32:49] [13/459] TUAL
[20:32:50] [14/459] MRSE
[20:32:51] [15/459] RMRK
[20:32:52] [16/459] TTKP
[20:32:53] [17/459] KTKO
[20:32:54] [18/459] SDBK
[20:32:55] [19/459] MCPR
[20:32:56] [20/459] CHTI
[20:32:56] [21/459] GCCP
[20:32:58] [22/459] SRMY
[20:32:59] [23/459] NYST
[20:33:00] [24/459] NYAG
[20:33:00] [25/459] SBMT
[20:33:02] [26/459] INGA
[20:33:03] [27/459] WSIC
[20:33:04] [28/459] SCSS
[20:33:05] [29/459] COPG
[20:33:06] [30/459] RCGR
[20:33:06] [31/459] TCZA
[20:33:07] [32/459] CNLP
[20:33:08] [33/459] CLKN
[20:33:09] [34/459] LHDF
[20:33:10] [35/459] ELKC
[20:33:11] [36/459] VCEM
[20:33:12] [37/459] SSZA
[20:33:13] [38/459] KRMT
[20:33:14] [39/459] LCMV
[20:33:15] [40/459] AYCZ
[20:33:16] [41/459] CUMS
[20:33:17] [42/459] BOCK
[20:33:18] [43/459] PNMR
[20:33:18] [44/459] PJCP
[20:33:19] [45/459] JDDD
[20:33:20] [46/459] STMS
[20:33:21] [47/459] FLMB
[20:33:22] [48/459] PKCM
[20:33:23] [49/459] SPPR
[20:33:24] [50/459] EYLH
[20:33:24] [51/459] RJCC
[20:33:25] [52/459] MMPS
[20:33:26] [53/459] SHMX
[20:33:27] [54/459] CCNL
[20:33:28] [55/459] RCNV
[20:33:29] [56/459] MAAG
[20:33:30] [57/459] LXCM
[20:33:31] [58/459] RCNI
[20:33:32] [59/459] SNNI
[20:33:32] [60/459] LALC
[20:33:33] [61/459] SOCN
[20:33:35] [62/459] JHTP
[20:33:35] [63/459] PITP
[20:33:36] [64/459] CCKW
[20:33:37] [65/459] MCMC
[20:33:38] [66/459] DEES
[20:33:39] [67/459] SABT
[20:33:40] [68/459] VSPP
[20:33:41] [69/459] ABCT
[20:33:41] [70/459] JVTB
[20:33:42] [71/459] VCBD
[20:33:43] [72/459] RMGG
[20:33:44] [73/459] RNMH
[20:33:45] [74/459] SPGL
[20:33:46] [75/459] JTTR
[20:33:47] [76/459] SICS
[20:33:47] [77/459] SRMI
[20:33:48] [78/459] SSIJ
[20:33:49] [79/459] KFMT
[20:33:50] [80/459] VBIT
[20:33:51] [81/459] JKCT
[20:33:51] [82/459] GCGP
[20:33:52] [83/459] GDCS
[20:33:54] [84/459] TRBA
[20:33:55] [85/459] QUST
[20:33:55] [86/459] VSHM
[20:33:56] [87/459] SDCP
[20:33:57] [88/459] SNVS
[20:33:58] [89/459] NYTO
[20:33:59] [90/459] URWC
[20:33:59] [91/459] GTWH
[20:34:00] [92/459] PFCM
[20:34:01] [93/459] KRTA
[20:34:02] [94/459] AXMC
[20:34:03] [95/459] EVMC
[20:34:04] [96/459] HGSM
[20:34:05] [97/459] ACVM
[20:34:06] [98/459] PSKL
[20:34:07] [99/459] RDMP
[20:34:07] [100/459] RHGH
[20:34:08] [101/459] OMCM
[20:34:09] [102/459] DCCP
[20:34:10] [103/459] MCPB
[20:34:11] [104/459] ALCI
[20:34:12] [105/459] BLMX
[20:34:13] [106/459] BTMV
[20:34:14] [107/459] FVPN
[20:34:15] [108/459] CMAR
[20:34:16] [109/459] CEIM
[20:34:17] [110/459] CMVA
[20:34:18] [111/459] CPIV
[20:34:19] [112/459] CNPE
[20:34:20] [113/459] COLV
[20:34:21] [114/459] DNNV
[20:34:22] [115/459] HCAD
[20:34:23] [116/459] TAKA
[20:34:24] [117/459] INVD
[20:34:25] [118/459] IRMM
[20:34:26] [119/459] INSE
[20:34:27] [120/459] MRSW
[20:34:28] [121/459] MCVD
[20:34:28] [122/459] MCSO
[20:34:29] [123/459] PEVM
[20:34:31] [124/459] PVNL
[20:34:32] [125/459] PTCV
[20:34:33] [126/459] PRTC
[20:34:34] [127/459] RCVA
[20:34:35] [128/459] MTBN
[20:34:36] [129/459] LUCP
[20:34:37] [130/459] FMPT
[20:34:38] [131/459] JLSL
[20:34:39] [132/459] SBHA
[20:34:39] [133/459] SHRC
[20:34:40] [134/459] AVPS
[20:34:41] [135/459] STPM
[20:34:42] [136/459] ATRD
[20:34:43] [137/459] VTED
[20:34:43] [138/459] ACAI
[20:34:45] [139/459] SMAE
[20:34:46] [140/459] VMAT
[20:34:46] [141/459] LKCT
[20:34:47] [142/459] JTVK
[20:34:48] [143/459] PRTY
[20:34:49] [144/459] GETT
[20:34:50] [145/459] ESAP
[20:34:51] [146/459] NCPM
[20:34:51] [147/459] PCPA
[20:34:52] [148/459] MMOM
[20:34:53] [149/459] PHUP
[20:34:54] [150/459] CCPI
[20:34:55] [151/459] CNTD
[20:34:56] [152/459] NLJR
[20:34:56] [153/459] SRNG
[20:34:57] [154/459] MHAL
[20:34:58] [155/459] PNSM
[20:34:59] [156/459] DRMY
[20:35:00] [157/459] CCMU
[20:35:01] [158/459] SCMY
[20:35:02] [159/459] PVSY
[20:35:03] [160/459] SDLM
[20:35:04] [161/459] ICCM
[20:35:05] [162/459] PYSU
[20:35:06] [163/459] GATM
[20:35:07] [164/459] WOTM
[20:35:07] [165/459] RKTS
[20:35:08] [166/459] PMTY
[20:35:09] [167/459] LYMS
[20:35:10] [168/459] TGCA
[20:35:11] [169/459] DSTA
[20:35:12] [170/459] CNGE
[20:35:13] [171/459] VSTG
[20:35:14] [172/459] GTCK
[20:35:15] [173/459] TGNT
[20:35:16] [174/459] ASLC
[20:35:16] [175/459] SSST
[20:35:18] [176/459] KBTT
[20:35:19] [177/459] HKCP
[20:35:20] [178/459] SWLC
[20:35:21] [179/459] RTND
[20:35:22] [180/459] PKKT
[20:35:22] [181/459] HSTK
[20:35:23] [182/459] SPTT
[20:35:24] [183/459] IMPM
[20:35:25] [184/459] SCMV
[20:35:26] [185/459] SPCT
[20:35:27] [186/459] JBCA
[20:35:28] [187/459] ATTR
[20:35:29] [188/459] SPMT
[20:35:30] [189/459] LCTM
[20:35:31] [190/459] SCVL
[20:35:32] [191/459] SCVT
[20:35:33] [192/459] KRIC
[20:35:33] [193/459] CTMG
[20:35:34] [194/459] ACNC
[20:35:35] [195/459] DMCK
[20:35:36] [196/459] KMTV
[20:35:37] [197/459] PFCJ
[20:35:37] [198/459] VNMD
[20:35:38] [199/459] VPCZ
[20:35:39] [200/459] SRYR
[20:35:40] [201/459] SYTR
[20:35:40] [202/459] GATR
[20:35:41] [203/459] URTR
[20:35:42] [204/459] MKSM
[20:35:43] [205/459] VSMH
[20:35:44] [206/459] SKRJ
[20:35:45] [207/459] SSJR
[20:35:46] [208/459] SVSM
[20:35:47] [209/459] RUCM
[20:35:48] [210/459] PRKN
[20:35:49] [211/459] RROH
[20:35:50] [212/459] SCTN
[20:35:51] [213/459] RTDM
[20:35:52] [214/459] ASRM
[20:35:53] [215/459] SKMD
[20:35:53] [216/459] SUTD
[20:35:54] [217/459] SADM
[20:35:55] [218/459] WCNR
[20:35:56] [219/459] CNED
[20:35:57] [220/459] MPDB
[20:35:58] [221/459] KTBH
[20:35:59] [222/459] IDRM
[20:36:00] [223/459] PJJT
[20:36:01] [224/459] PFCV
[20:36:02] [225/459] AACT
[20:36:03] [226/459] AAAD
[20:36:03] [227/459] ANES
[20:36:04] [228/459] MNCA
[20:36:05] [229/459] RMGU
[20:36:06] [230/459] DLCN
[20:36:07] [231/459] LJWT
[20:36:07] [232/459] MCBG
[20:36:08] [233/459] MYBG
[20:36:09] [234/459] GCCA
[20:36:10] [235/459] GCGA
[20:36:10] [236/459] ECGN
[20:36:11] [237/459] PRAB
[20:36:12] [238/459] PNMP
[20:36:14] [239/459] GCPT
[20:36:15] [240/459] ROYN
[20:36:16] [241/459] VATM
[20:36:16] [242/459] KSNT
[20:36:17] [243/459] ACTC
[20:36:18] [244/459] PLTD
[20:36:19] [245/459] SKMK
[20:36:20] [246/459] CMTT
[20:36:20] [247/459] SMXP
[20:36:21] [248/459] SCMX
[20:36:22] [249/459] ACXN
[20:36:23] [250/459] ASWT
[20:36:24] [251/459] VVVL
[20:36:25] [252/459] NAGO
[20:36:26] [253/459] SNCN
[20:36:27] [254/459] MCKP
[20:36:28] [255/459] SAMO
[20:36:29] [256/459] JBTV
[20:36:30] [257/459] DCVV
[20:36:31] [258/459] KMSV
[20:36:32] [259/459] KDCN
[20:36:33] [260/459] CNCP
[20:36:34] [261/459] HAMC
[20:36:35] [262/459] CCVZ
[20:36:36] [263/459] NCCK
[20:36:38] [264/459] MCHR
[20:36:39] [265/459] SCHT
[20:36:39] [266/459] ESSH
[20:36:40] [267/459] CUJC
[20:36:41] [268/459] PECP
[20:36:42] [269/459] PMMI
[20:36:43] [270/459] PCCH
[20:36:44] [271/459] PRPM
[20:36:45] [272/459] PVKL
[20:36:46] [273/459] CBSM
[20:36:47] [274/459] PVCZ
[20:36:47] [275/459] PCVV
[20:36:48] [276/459] CTMJ
[20:36:49] [277/459] RCPS
[20:36:50] [278/459] PCIT
[20:36:51] [279/459] FNCH
[20:36:52] [280/459] INZD
[20:36:53] [281/459] INPC
[20:36:53] [282/459] LCZP
[20:36:54] [283/459] SMCB
[20:36:55] [284/459] PTSB
[20:36:56] [285/459] TPSI
[20:36:57] [286/459] KHMJ
[20:36:58] [287/459] RCCJ
[20:36:59] [288/459] NCJA
[20:36:59] [289/459] NCJN
[20:37:00] [290/459] BTDP
[20:37:01] [291/459] PADY
[20:37:02] [292/459] NYBH
[20:37:02] [293/459] MTBR
[20:37:03] [294/459] KRBC
[20:37:05] [295/459] DKTI
[20:37:06] [296/459] ANAN
[20:37:07] [297/459] INBP
[20:37:08] [298/459] PATB
[20:37:09] [299/459] RGNT
[20:37:10] [300/459] CGPM
[20:37:10] [301/459] INTN
[20:37:11] [302/459] MCMP
[20:37:12] [303/459] ASRG
[20:37:13] [304/459] CXJD
[20:37:14] [305/459] SPCP
[20:37:15] [306/459] CSTP
[20:37:16] [307/459] PKVC
[20:37:16] [308/459] ESCP
[20:37:17] [309/459] CAEP
[20:37:18] [310/459] CCSP
[20:37:19] [311/459] KTPC
[20:37:20] [312/459] DACA
[20:37:21] [313/459] NVKY
[20:37:22] [314/459] PTIN
[20:37:23] [315/459] SCIN
[20:37:24] [316/459] MCTY
[20:37:25] [317/459] PCMX
[20:37:26] [318/459] INIC
[20:37:27] [319/459] MMZM
[20:37:28] [320/459] SSLP
[20:37:28] [321/459] DTDT
[20:37:29] [322/459] FFCX
[20:37:30] [323/459] RCMM
[20:37:31] [324/459] KYID
[20:37:32] [325/459] CSCI
[20:37:33] [326/459] FCMC
[20:37:34] [327/459] MMXI
[20:37:34] [328/459] ASTC
[20:37:35] [329/459] CMRA
[20:37:36] [330/459] DICI
[20:37:37] [331/459] KDIN
[20:37:38] [332/459] PRFI
[20:37:39] [333/459] SVFC
[20:37:40] [334/459] UCPL
[20:37:41] [335/459] COOC
[20:37:42] [336/459] SCAL
[20:37:43] [337/459] SVFF
[20:37:43] [338/459] VCMG
[20:37:44] [339/459] UUCT
[20:37:46] [340/459] GCSE
[20:37:47] [341/459] SUSC
[20:37:47] [342/459] MISC
[20:37:49] [343/459] RMBL
[20:37:50] [344/459] CMXN
[20:37:50] [345/459] PVBK
[20:37:52] [346/459] HHCG
[20:37:53] [347/459] SCAG
[20:37:54] [348/459] CNPR
[20:37:54] [349/459] CSER
[20:37:56] [350/459] HLWD
[20:37:57] [351/459] BOLY
[20:37:58] [352/459] SSPG
[20:37:59] [353/459] MUPX
[20:38:00] [354/459] HAMR
[20:38:00] [355/459] SDNC
[20:38:01] [356/459] RTEN
[20:38:02] [357/459] SDTD
[20:38:03] [358/459] KAWS
[20:38:04] [359/459] CMZX
[20:38:05] [360/459] DCDD
[20:38:05] [361/459] ALSN
[20:38:06] [362/459] IMXS
[20:38:07] [363/459] PVFF
[20:38:08] [364/459] PVOO
[20:38:09] [365/459] CFBS
[20:38:10] [366/459] PVER
[20:38:11] [367/459] PPNX
[20:38:12] [368/459] CNRM
[20:38:12] [369/459] PVWW
[20:38:13] [370/459] INMB
[20:38:14] [371/459] CPJR
[20:38:16] [372/459] INRZ
[20:38:17] [373/459] PMSR
[20:38:17] [374/459] GPGM
[20:38:18] [375/459] PGWB
[20:38:19] [376/459] PMBR
[20:38:20] [377/459] GPAM
[20:38:21] [378/459] INBC
[20:38:22] [379/459] PZVK
[20:38:23] [380/459] CPEB
[20:38:24] [381/459] FMLB
[20:38:24] [382/459] INBG
[20:38:26] [383/459] GPBR
[20:38:27] [384/459] PAAS
[20:38:28] [385/459] VTBR
[20:38:29] [386/459] GPMY
[20:38:30] [387/459] GYBU
[20:38:30] [388/459] INBJ
[20:38:31] [389/459] LKTH
[20:38:32] [390/459] NSBR
[20:38:33] [391/459] PDRD
[20:38:34] [392/459] VRBL
[20:38:35] [393/459] VTGB
[20:38:36] [394/459] VTSK
[20:38:37] [395/459] BKDV
[20:38:38] [396/459] SVTB
[20:38:39] [397/459] MLDT
[20:38:40] [398/459] NRBL
[20:38:41] [399/459] SLTR
[20:38:42] [400/459] VNKA
[20:38:43] [401/459] TDCA
[20:38:44] [402/459] INBM
[20:38:44] [403/459] SSNR
[20:38:45] [404/459] BHAC
[20:38:46] [405/459] SDSD
[20:38:47] [406/459] SAMP
[20:38:48] [407/459] RATK
[20:38:49] [408/459] KCBI
[20:38:50] [409/459] URBL
[20:38:51] [410/459] MKBG
[20:38:52] [411/459] ASTB
[20:38:53] [412/459] VBWT
[20:38:54] [413/459] GPSM
[20:38:54] [414/459] ROON
[20:38:55] [415/459] CHTH
[20:38:56] [416/459] SSPA
[20:38:57] [417/459] ANBL
[20:38:58] [418/459] VTBE
[20:38:59] [419/459] SVKT
[20:38:59] [420/459] SVYK
[20:39:00] [421/459] PTBK
[20:39:01] [422/459] RKTB
[20:39:02] [423/459] BALT
[20:39:03] [424/459] STSV
[20:39:04] [425/459] VCCB
[20:39:05] [426/459] SLTB
[20:39:06] [427/459] SBCR
[20:39:06] [428/459] VDCS
[20:39:07] [429/459] MDKI
[20:39:08] [430/459] SMRN
[20:39:09] [431/459] PTBC
[20:39:09] [432/459] RADI
[20:39:10] [433/459] ADCR
[20:39:11] [434/459] SDCS
[20:39:13] [435/459] SRPJ
[20:39:13] [436/459] ARTS
[20:39:14] [437/459] SRHK
[20:39:15] [438/459] SPAY
[20:39:16] [439/459] GPTB
[20:39:17] [440/459] SNNN
[20:39:18] [441/459] BALJ
[20:39:19] [442/459] TRIG
[20:39:19] [443/459] GTYT
[20:39:20] [444/459] ATGN
[20:39:21] [445/459] ANTE
[20:39:22] [446/459] BDCG
[20:39:23] [447/459] VECI
[20:39:24] [448/459] SCPR
[20:39:24] [449/459] RTEA
[20:39:25] [450/459] JSAI
[20:39:26] [451/459] VJTP
[20:39:27] [452/459] GNDS
[20:39:28] [453/459] PAXA
[20:39:29] [454/459] CGGM
[20:39:30] [455/459] ACKZ
[20:39:31] [456/459] EMCC
[20:39:31] [457/459] KLSK
[20:39:32] [458/459] AVCK
[20:39:33] [459/459] JTCK
[20:39:34] 🧹 Deduping shows
[20:39:34] ✅ DONE | Shows=3601 | Movies=77
[20:42:31] 🚀 SCRIPT STARTED
[20:42:31] [1/459] NECA
[20:42:31] 🧠 New identity created
[20:42:32] [2/459] BJLC
[20:42:33] [3/459] BASU
[20:42:34] [4/459] RUPI
[20:42:35] [5/459] LCBK
[20:42:36] [6/459] PMAC
[20:42:36] [7/459] AMLC
[20:42:37] [8/459] LICL
[20:42:38] [9/459] UDMM
[20:42:41] [10/459] STBZ
[20:42:42] [11/459] UUBT
[20:42:43] [12/459] SJKC
[20:42:44] [13/459] TUAL
[20:42:45] [14/459] MRSE
[20:42:46] [15/459] RMRK
[20:42:47] [16/459] TTKP
[20:42:47] [17/459] KTKO
[20:42:48] [18/459] SDBK
[20:42:49] [19/459] MCPR
[20:42:50] [20/459] CHTI
[20:42:51] [21/459] GCCP
[20:42:52] [22/459] SRMY
[20:42:53] [23/459] NYST
[20:42:54] [24/459] NYAG
[20:42:55] [25/459] SBMT
[20:42:55] [26/459] INGA
[20:42:56] [27/459] WSIC
[20:42:57] [28/459] SCSS
[20:42:58] [29/459] COPG
[20:42:59] [30/459] RCGR
[20:43:00] [31/459] TCZA
[20:43:01] [32/459] CNLP
[20:43:02] [33/459] CLKN
[20:43:02] [34/459] LHDF
[20:43:04] [35/459] ELKC
[20:43:05] [36/459] VCEM
[20:43:06] [37/459] SSZA
[20:43:07] [38/459] KRMT
[20:43:08] [39/459] LCMV
[20:43:09] [40/459] AYCZ
[20:43:10] [41/459] CUMS
[20:43:11] [42/459] BOCK
[20:43:12] [43/459] PNMR
[20:43:13] [44/459] PJCP
[20:43:14] [45/459] JDDD
[20:43:15] [46/459] STMS
[20:43:16] [47/459] FLMB
[20:43:17] [48/459] PKCM
[20:43:18] [49/459] SPPR
[20:43:18] [50/459] EYLH
[20:43:19] [51/459] RJCC
[20:43:20] [52/459] MMPS
[20:43:21] [53/459] SHMX
[20:43:22] [54/459] CCNL
[20:43:23] [55/459] RCNV
[20:43:24] [56/459] MAAG
[20:43:25] [57/459] LXCM
[20:43:25] [58/459] RCNI
[20:43:26] [59/459] SNNI
[20:43:27] [60/459] LALC
[20:43:29] [61/459] SOCN
[20:43:30] [62/459] JHTP
[20:43:31] [63/459] PITP
[20:43:32] [64/459] CCKW
[20:43:33] [65/459] MCMC
[20:43:34] [66/459] DEES
[20:43:35] [67/459] SABT
[20:43:36] [68/459] VSPP
[20:43:36] [69/459] ABCT
[20:43:38] [70/459] JVTB
[20:43:38] [71/459] VCBD
[20:43:39] [72/459] RMGG
[20:43:40] [73/459] RNMH
[20:43:41] [74/459] SPGL
[20:43:42] [75/459] JTTR
[20:43:43] [76/459] SICS
[20:43:44] [77/459] SRMI
[20:43:45] [78/459] SSIJ
[20:43:46] [79/459] KFMT
[20:43:47] [80/459] VBIT
[20:43:48] [81/459] JKCT
[20:43:49] [82/459] GCGP
[20:43:49] [83/459] GDCS
[20:43:50] [84/459] TRBA
[20:43:51] [85/459] QUST
[20:43:52] [86/459] VSHM
[20:43:53] [87/459] SDCP
[20:43:54] [88/459] SNVS
[20:43:55] [89/459] NYTO
[20:43:56] [90/459] URWC
[20:43:57] [91/459] GTWH
[20:43:58] [92/459] PFCM
[20:43:59] [93/459] KRTA
[20:44:00] [94/459] AXMC
[20:44:01] [95/459] EVMC
[20:44:01] [96/459] HGSM
[20:44:02] [97/459] ACVM
[20:44:03] [98/459] PSKL
[20:44:04] [99/459] RDMP
[20:44:05] [100/459] RHGH
[20:44:07] [101/459] OMCM
[20:44:07] [102/459] DCCP
[20:44:08] [103/459] MCPB
[20:44:09] [104/459] ALCI
[20:44:10] [105/459] BLMX
[20:44:11] [106/459] BTMV
[20:44:12] [107/459] FVPN
[20:44:13] [108/459] CMAR
[20:44:13] [109/459] CEIM
[20:44:15] [110/459] CMVA
[20:44:15] [111/459] CPIV
[20:44:16] [112/459] CNPE
[20:44:17] [113/459] COLV
[20:44:18] [114/459] DNNV
[20:44:19] [115/459] HCAD
[20:44:20] [116/459] TAKA
[20:44:21] [117/459] INVD
[20:44:22] [118/459] IRMM
[20:44:23] [119/459] INSE
[20:44:24] [120/459] MRSW
[20:44:25] [121/459] MCVD
[20:44:26] [122/459] MCSO
[20:44:26] [123/459] PEVM
[20:44:27] [124/459] PVNL
[20:44:28] [125/459] PTCV
[20:44:29] [126/459] PRTC
[20:44:30] [127/459] RCVA
[20:44:31] [128/459] MTBN
[20:44:32] [129/459] LUCP
[20:44:33] [130/459] FMPT
[20:44:33] [131/459] JLSL
[20:44:34] [132/459] SBHA
[20:44:35] [133/459] SHRC
[20:44:36] [134/459] AVPS
[20:44:37] [135/459] STPM
[20:44:38] [136/459] ATRD
[20:44:38] [137/459] VTED
[20:44:39] [138/459] ACAI
[20:44:40] [139/459] SMAE
[20:44:41] [140/459] VMAT
[20:44:42] [141/459] LKCT
[20:44:43] [142/459] JTVK
[20:44:43] [143/459] PRTY
[20:44:44] [144/459] GETT
[20:44:45] [145/459] ESAP
[20:44:46] [146/459] NCPM
[20:44:47] [147/459] PCPA
[20:44:48] [148/459] MMOM
[20:44:49] [149/459] PHUP
[20:44:50] [150/459] CCPI
[20:44:51] [151/459] CNTD
[20:44:53] [152/459] NLJR
[20:44:55] [153/459] SRNG
[20:44:56] [154/459] MHAL
[20:44:56] [155/459] PNSM
[20:44:57] [156/459] DRMY
[20:44:58] [157/459] CCMU
[20:44:59] [158/459] SCMY
[20:45:00] [159/459] PVSY
[20:45:01] [160/459] SDLM
[20:45:02] [161/459] ICCM
[20:45:03] [162/459] PYSU
[20:45:04] [163/459] GATM
[20:45:04] [164/459] WOTM
[20:45:05] [165/459] RKTS
[20:45:06] [166/459] PMTY
[20:45:07] [167/459] LYMS
[20:45:08] [168/459] TGCA
[20:45:09] [169/459] DSTA
[20:45:10] [170/459] CNGE
[20:45:11] [171/459] VSTG
[20:45:12] [172/459] GTCK
[20:45:12] [173/459] TGNT
[20:45:13] [174/459] ASLC
[20:45:14] [175/459] SSST
[20:45:16] [176/459] KBTT
[20:45:17] [177/459] HKCP
[20:45:18] [178/459] SWLC
[20:45:19] [179/459] RTND
[20:45:20] [180/459] PKKT
[20:45:21] [181/459] HSTK
[20:45:22] [182/459] SPTT
[20:45:24] [183/459] IMPM
[20:45:25] [184/459] SCMV
[20:45:26] [185/459] SPCT
[20:45:26] [186/459] JBCA
[20:45:27] [187/459] ATTR
[20:45:28] [188/459] SPMT
[20:45:29] [189/459] LCTM
[20:45:30] [190/459] SCVL
[20:45:31] [191/459] SCVT
[20:45:32] [192/459] KRIC
[20:45:34] [193/459] CTMG
[20:45:34] [194/459] ACNC
[20:45:35] [195/459] DMCK
[20:45:36] [196/459] KMTV
[20:45:37] [197/459] PFCJ
[20:45:38] [198/459] VNMD
[20:45:39] [199/459] VPCZ
[20:45:40] [200/459] SRYR
[20:45:41] [201/459] SYTR
[20:45:41] [202/459] GATR
[20:45:42] [203/459] URTR
[20:45:43] [204/459] MKSM
[20:45:45] [205/459] VSMH
[20:45:45] [206/459] SKRJ
[20:45:46] [207/459] SSJR
[20:45:48] [208/459] SVSM
[20:45:48] [209/459] RUCM
[20:45:49] [210/459] PRKN
[20:45:50] [211/459] RROH
[20:45:51] [212/459] SCTN
[20:45:52] [213/459] RTDM
[20:45:52] [214/459] ASRM
[20:45:53] [215/459] SKMD
[20:45:55] [216/459] SUTD
[20:45:56] [217/459] SADM
[20:45:57] [218/459] WCNR
[20:45:57] [219/459] CNED
[20:45:59] [220/459] MPDB
[20:46:00] [221/459] KTBH
[20:46:00] [222/459] IDRM
[20:46:02] [223/459] PJJT
[20:46:02] [224/459] PFCV
[20:46:03] [225/459] AACT
[20:46:04] [226/459] AAAD
[20:46:05] [227/459] ANES
[20:46:06] [228/459] MNCA
[20:46:06] [229/459] RMGU
[20:46:07] [230/459] DLCN
[20:46:08] [231/459] LJWT
[20:46:09] [232/459] MCBG
[20:46:09] [233/459] MYBG
[20:46:10] [234/459] GCCA
[20:46:11] [235/459] GCGA
[20:46:12] [236/459] ECGN
[20:46:13] [237/459] PRAB
[20:46:14] [238/459] PNMP
[20:46:15] [239/459] GCPT
[20:46:15] [240/459] ROYN
[20:46:16] [241/459] VATM
[20:46:17] [242/459] KSNT
[20:46:19] [243/459] ACTC
[20:46:19] [244/459] PLTD
[20:46:20] [245/459] SKMK
[20:46:21] [246/459] CMTT
[20:46:23] [247/459] SMXP
[20:46:24] [248/459] SCMX
[20:46:24] [249/459] ACXN
[20:46:25] [250/459] ASWT
[20:46:26] [251/459] VVVL
[20:46:28] [252/459] NAGO
[20:46:29] [253/459] SNCN
[20:46:29] [254/459] MCKP
[20:46:30] [255/459] SAMO
[20:46:31] [256/459] JBTV
[20:46:32] [257/459] DCVV
[20:46:33] [258/459] KMSV
[20:46:34] [259/459] KDCN
[20:46:34] [260/459] CNCP
[20:46:35] [261/459] HAMC
[20:46:37] [262/459] CCVZ
[20:46:38] [263/459] NCCK
[20:46:38] [264/459] MCHR
[20:46:39] [265/459] SCHT
[20:46:40] [266/459] ESSH
[20:46:41] [267/459] CUJC
[20:46:42] [268/459] PECP
[20:46:43] [269/459] PMMI
[20:46:44] [270/459] PCCH
[20:46:45] [271/459] PRPM
[20:46:46] [272/459] PVKL
[20:46:47] [273/459] CBSM
[20:46:48] [274/459] PVCZ
[20:46:49] [275/459] PCVV
[20:46:50] [276/459] CTMJ
[20:46:51] [277/459] RCPS
[20:46:52] [278/459] PCIT
[20:46:53] [279/459] FNCH
[20:46:54] [280/459] INZD
[20:46:55] [281/459] INPC
[20:46:56] [282/459] LCZP
[20:46:57] [283/459] SMCB
[20:46:58] [284/459] PTSB
[20:46:59] [285/459] TPSI
[20:47:00] [286/459] KHMJ
[20:47:01] [287/459] RCCJ
[20:47:02] [288/459] NCJA
[20:47:03] [289/459] NCJN
[20:47:04] [290/459] BTDP
[20:47:06] [291/459] PADY
[20:47:07] [292/459] NYBH
[20:47:07] [293/459] MTBR
[20:47:08] [294/459] KRBC
[20:47:09] [295/459] DKTI
[20:47:10] [296/459] ANAN
[20:47:11] [297/459] INBP
[20:47:12] [298/459] PATB
[20:47:13] [299/459] RGNT
[20:47:14] [300/459] CGPM
[20:47:14] [301/459] INTN
[20:47:15] [302/459] MCMP
[20:47:16] [303/459] ASRG
[20:47:17] [304/459] CXJD
[20:47:18] [305/459] SPCP
[20:47:19] [306/459] CSTP
[20:47:20] [307/459] PKVC
[20:47:20] [308/459] ESCP
[20:47:21] [309/459] CAEP
[20:47:22] [310/459] CCSP
[20:47:23] [311/459] KTPC
[20:47:24] [312/459] DACA
[20:47:25] [313/459] NVKY
[20:47:26] [314/459] PTIN
[20:47:27] [315/459] SCIN
[20:47:27] [316/459] MCTY
[20:47:28] [317/459] PCMX
[20:47:29] [318/459] INIC
[20:47:30] [319/459] MMZM
[20:47:31] [320/459] SSLP
[20:47:32] [321/459] DTDT
[20:47:33] [322/459] FFCX
[20:47:35] [323/459] RCMM
[20:47:35] [324/459] KYID
[20:47:36] [325/459] CSCI
[20:47:37] [326/459] FCMC
[20:47:39] [327/459] MMXI
[20:47:40] [328/459] ASTC
[20:47:40] [329/459] CMRA
[20:47:44] [330/459] DICI
[20:47:45] [331/459] KDIN
[20:47:45] [332/459] PRFI
[20:47:46] [333/459] SVFC
[20:47:47] [334/459] UCPL
[20:47:48] [335/459] COOC
[20:47:49] [336/459] SCAL
[20:47:50] [337/459] SVFF
[20:47:50] [338/459] VCMG
[20:47:51] [339/459] UUCT
[20:47:52] [340/459] GCSE
[20:47:53] [341/459] SUSC
[20:47:54] [342/459] MISC
[20:47:56] [343/459] RMBL
[20:47:57] [344/459] CMXN
[20:47:57] [345/459] PVBK
[20:47:58] [346/459] HHCG
[20:47:59] [347/459] SCAG
[20:48:00] [348/459] CNPR
[20:48:00] [349/459] CSER
[20:48:01] [350/459] HLWD
[20:48:02] [351/459] BOLY
[20:48:03] [352/459] SSPG
[20:48:04] [353/459] MUPX
[20:48:04] [354/459] HAMR
[20:48:06] [355/459] SDNC
[20:48:07] [356/459] RTEN
[20:48:08] [357/459] SDTD
[20:48:09] [358/459] KAWS
[20:48:09] [359/459] CMZX
[20:48:11] [360/459] DCDD
[20:48:11] [361/459] ALSN
[20:48:12] [362/459] IMXS
[20:48:13] [363/459] PVFF
[20:48:14] [364/459] PVOO
[20:48:14] [365/459] CFBS
[20:48:15] [366/459] PVER
[20:48:16] [367/459] PPNX
[20:48:17] [368/459] CNRM
[20:48:18] [369/459] PVWW
[20:48:19] [370/459] INMB
[20:48:20] [371/459] CPJR
[20:48:21] [372/459] INRZ
[20:48:22] [373/459] PMSR
[20:48:23] [374/459] GPGM
[20:48:24] [375/459] PGWB
[20:48:25] [376/459] PMBR
[20:48:26] [377/459] GPAM
[20:48:27] [378/459] INBC
[20:48:28] [379/459] PZVK
[20:48:28] [380/459] CPEB
[20:48:29] [381/459] FMLB
[20:48:30] [382/459] INBG
[20:48:31] [383/459] GPBR
[20:48:32] [384/459] PAAS
[20:48:32] [385/459] VTBR
[20:48:33] [386/459] GPMY
[20:48:34] [387/459] GYBU
[20:48:35] [388/459] INBJ
[20:48:36] [389/459] LKTH
[20:48:37] [390/459] NSBR
[20:48:38] [391/459] PDRD
[20:48:39] [392/459] VRBL
[20:48:39] [393/459] VTGB
[20:48:40] [394/459] VTSK
[20:48:41] [395/459] BKDV
[20:48:42] [396/459] SVTB
[20:48:43] [397/459] MLDT
[20:48:44] [398/459] NRBL
[20:48:45] [399/459] SLTR
[20:48:46] [400/459] VNKA
[20:48:47] [401/459] TDCA
[20:48:48] [402/459] INBM
[20:48:49] [403/459] SSNR
[20:48:50] [404/459] BHAC
[20:48:51] [405/459] SDSD
[20:48:52] [406/459] SAMP
[20:48:53] [407/459] RATK
[20:48:54] [408/459] KCBI
[20:48:55] [409/459] URBL
[20:48:55] [410/459] MKBG
[20:48:56] [411/459] ASTB
[20:48:57] [412/459] VBWT
[20:48:58] [413/459] GPSM
[20:48:59] [414/459] ROON
[20:49:00] [415/459] CHTH
[20:49:01] [416/459] SSPA
[20:49:02] [417/459] ANBL
[20:49:03] [418/459] VTBE
[20:49:04] [419/459] SVKT
[20:49:05] [420/459] SVYK
[20:49:05] [421/459] PTBK
[20:49:06] [422/459] RKTB
[20:49:07] [423/459] BALT
[20:49:09] [424/459] STSV
[20:49:09] [425/459] VCCB
[20:49:10] [426/459] SLTB
[20:49:11] [427/459] SBCR
[20:49:12] [428/459] VDCS
[20:49:12] [429/459] MDKI
[20:49:13] [430/459] SMRN
[20:49:14] [431/459] PTBC
[20:49:15] [432/459] RADI
[20:49:16] [433/459] ADCR
[20:49:17] [434/459] SDCS
[20:49:18] [435/459] SRPJ
[20:49:19] [436/459] ARTS
[20:49:19] [437/459] SRHK
[20:49:20] [438/459] SPAY
[20:49:21] [439/459] GPTB
[20:49:22] [440/459] SNNN
[20:49:23] [441/459] BALJ
[20:49:24] [442/459] TRIG
[20:49:25] [443/459] GTYT
[20:49:26] [444/459] ATGN
[20:49:27] [445/459] ANTE
[20:49:28] [446/459] BDCG
[20:49:29] [447/459] VECI
[20:49:30] [448/459] SCPR
[20:49:30] [449/459] RTEA
[20:49:31] [450/459] JSAI
[20:49:32] [451/459] VJTP
[20:49:33] [452/459] GNDS
[20:49:34] [453/459] PAXA
[20:49:35] [454/459] CGGM
[20:49:36] [455/459] ACKZ
[20:49:37] [456/459] EMCC
[20:49:38] [457/459] KLSK
[20:49:38] [458/459] AVCK
[20:49:39] [459/459] JTCK
[20:49:40] 🧹 Deduping shows
[20:49:40] ✅ DONE | Shows=3601 | Movies=77
[22:48:21] 🚀 SCRIPT STARTED
[22:48:21] [1/459] NECA
[22:48:21] 🧠 New identity created
[22:48:22] [2/459] BJLC
[22:48:23] [3/459] BASU
[22:48:24] [4/459] RUPI
[22:48:25] [5/459] LCBK
[22:48:26] [6/459] PMAC
[22:48:27] [7/459] AMLC
[22:48:28] [8/459] LICL
[22:48:29] [9/459] UDMM
[22:48:30] [10/459] STBZ
[22:48:31] [11/459] UUBT
[22:48:32] [12/459] SJKC
[22:48:33] [13/459] TUAL
[22:48:34] [14/459] MRSE
[22:48:35] [15/459] RMRK
[22:48:35] [16/459] TTKP
[22:48:37] [17/459] KTKO
[22:48:38] [18/459] SDBK
[22:48:39] [19/459] MCPR
[22:48:39] [20/459] CHTI
[22:48:40] [21/459] GCCP
[22:48:41] [22/459] SRMY
[22:48:42] [23/459] NYST
[22:48:43] [24/459] NYAG
[22:48:44] [25/459] SBMT
[22:48:45] [26/459] INGA
[22:48:46] [27/459] WSIC
[22:48:47] [28/459] SCSS
[22:48:48] [29/459] COPG
[22:48:48] [30/459] RCGR
[22:48:49] [31/459] TCZA
[22:48:50] [32/459] CNLP
[22:48:51] [33/459] CLKN
[22:48:52] [34/459] LHDF
[22:48:53] [35/459] ELKC
[22:48:54] [36/459] VCEM
[22:48:55] [37/459] SSZA
[22:48:56] [38/459] KRMT
[22:48:56] [39/459] LCMV
[22:48:57] [40/459] AYCZ
[22:48:58] [41/459] CUMS
[22:48:59] [42/459] BOCK
[22:49:00] [43/459] PNMR
[22:49:01] [44/459] PJCP
[22:49:01] [45/459] JDDD
[22:49:02] [46/459] STMS
[22:49:03] [47/459] FLMB
[22:49:04] [48/459] PKCM
[22:49:04] [49/459] SPPR
[22:49:05] [50/459] EYLH
[22:49:06] [51/459] RJCC
[22:49:07] [52/459] MMPS
[22:49:08] [53/459] SHMX
[22:49:09] [54/459] CCNL
[22:49:10] [55/459] RCNV
[22:49:11] [56/459] MAAG
[22:49:12] [57/459] LXCM
[22:49:13] [58/459] RCNI
[22:49:14] [59/459] SNNI
[22:49:15] [60/459] LALC
[22:49:16] [61/459] SOCN
[22:49:17] [62/459] JHTP
[22:49:18] [63/459] PITP
[22:49:18] [64/459] CCKW
[22:49:19] [65/459] MCMC
[22:49:20] [66/459] DEES
[22:49:22] [67/459] SABT
[22:49:23] [68/459] VSPP
[22:49:24] [69/459] ABCT
[22:49:25] [70/459] JVTB
[22:49:26] [71/459] VCBD
[22:49:27] [72/459] RMGG
[22:49:28] [73/459] RNMH
[22:49:30] [74/459] SPGL
[22:49:31] [75/459] JTTR
[22:49:32] [76/459] SICS
[22:49:33] [77/459] SRMI
[22:49:34] [78/459] SSIJ
[22:49:35] [79/459] KFMT
[22:49:36] [80/459] VBIT
[22:49:36] [81/459] JKCT
[22:49:37] [82/459] GCGP
[22:49:38] [83/459] GDCS
[22:49:39] [84/459] TRBA
[22:49:40] [85/459] QUST
[22:49:41] [86/459] VSHM
[22:49:43] [87/459] SDCP
[22:49:44] [88/459] SNVS
[22:49:44] [89/459] NYTO
[22:49:46] [90/459] URWC
[22:49:47] [91/459] GTWH
[22:49:48] [92/459] PFCM
[22:49:49] [93/459] KRTA
[22:49:49] [94/459] AXMC
[22:49:50] [95/459] EVMC
[22:49:51] [96/459] HGSM
[22:49:52] [97/459] ACVM
[22:49:53] [98/459] PSKL
[22:49:55] [99/459] RDMP
[22:49:55] [100/459] RHGH
[22:49:56] [101/459] OMCM
[22:49:57] [102/459] DCCP
[22:49:58] [103/459] MCPB
[22:49:58] [104/459] ALCI
[22:49:59] [105/459] BLMX
[22:50:00] [106/459] BTMV
[22:50:01] [107/459] FVPN
[22:50:02] [108/459] CMAR
[22:50:03] [109/459] CEIM
[22:50:04] [110/459] CMVA
[22:50:05] [111/459] CPIV
[22:50:06] [112/459] CNPE
[22:50:07] [113/459] COLV
[22:50:07] [114/459] DNNV
[22:50:08] [115/459] HCAD
[22:50:09] [116/459] TAKA
[22:50:10] [117/459] INVD
[22:50:11] [118/459] IRMM
[22:50:12] [119/459] INSE
[22:50:12] [120/459] MRSW
[22:50:13] [121/459] MCVD
[22:50:14] [122/459] MCSO
[22:50:15] [123/459] PEVM
[22:50:16] [124/459] PVNL
[22:50:17] [125/459] PTCV
[22:50:18] [126/459] PRTC
[22:50:18] [127/459] RCVA
[22:50:19] [128/459] MTBN
[22:50:20] [129/459] LUCP
[22:50:21] [130/459] FMPT
[22:50:22] [131/459] JLSL
[22:50:23] [132/459] SBHA
[22:50:24] [133/459] SHRC
[22:50:25] [134/459] AVPS
[22:50:26] [135/459] STPM
[22:50:27] [136/459] ATRD
[22:50:27] [137/459] VTED
[22:50:28] [138/459] ACAI
[22:50:29] [139/459] SMAE
[22:50:30] [140/459] VMAT
[22:50:32] [141/459] LKCT
[22:50:32] [142/459] JTVK
[22:50:33] [143/459] PRTY
[22:50:34] [144/459] GETT
[22:50:35] [145/459] ESAP
[22:50:36] [146/459] NCPM
[22:50:37] [147/459] PCPA
[22:50:38] [148/459] MMOM
[22:50:39] [149/459] PHUP
[22:50:40] [150/459] CCPI
[22:50:41] [151/459] CNTD
[22:50:42] [152/459] NLJR
[22:50:42] [153/459] SRNG
[22:50:43] [154/459] MHAL
[22:50:44] [155/459] PNSM
[22:50:46] [156/459] DRMY
[22:50:46] [157/459] CCMU
[22:50:47] [158/459] SCMY
[22:50:49] [159/459] PVSY
[22:50:49] [160/459] SDLM
[22:50:50] [161/459] ICCM
[22:50:51] [162/459] PYSU
[22:50:52] [163/459] GATM
[22:50:53] [164/459] WOTM
[22:50:54] [165/459] RKTS
[22:50:54] [166/459] PMTY
[22:50:55] [167/459] LYMS
[22:50:56] [168/459] TGCA
[22:50:57] [169/459] DSTA
[22:50:58] [170/459] CNGE
[22:50:59] [171/459] VSTG
[22:51:00] [172/459] GTCK
[22:51:01] [173/459] TGNT
[22:51:01] [174/459] ASLC
[22:51:02] [175/459] SSST
[22:51:03] [176/459] KBTT
[22:51:04] [177/459] HKCP
[22:51:06] [178/459] SWLC
[22:51:07] [179/459] RTND
[22:51:08] [180/459] PKKT
[22:51:09] [181/459] HSTK
[22:51:10] [182/459] SPTT
[22:51:11] [183/459] IMPM
[22:51:12] [184/459] SCMV
[22:51:13] [185/459] SPCT
[22:51:15] [186/459] JBCA
[22:51:16] [187/459] ATTR
[22:51:16] [188/459] SPMT
[22:51:17] [189/459] LCTM
[22:51:18] [190/459] SCVL
[22:51:20] [191/459] SCVT
[22:51:21] [192/459] KRIC
[22:51:21] [193/459] CTMG
[22:51:22] [194/459] ACNC
[22:51:23] [195/459] DMCK
[22:51:24] [196/459] KMTV
[22:51:25] [197/459] PFCJ
[22:51:26] [198/459] VNMD
[22:51:27] [199/459] VPCZ
[22:51:28] [200/459] SRYR
[22:51:29] [201/459] SYTR
[22:51:30] [202/459] GATR
[22:51:31] [203/459] URTR
[22:51:32] [204/459] MKSM
[22:51:32] [205/459] VSMH
[22:51:33] [206/459] SKRJ
[22:51:35] [207/459] SSJR
[22:51:36] [208/459] SVSM
[22:51:36] [209/459] RUCM
[22:51:37] [210/459] PRKN
[22:51:38] [211/459] RROH
[22:51:39] [212/459] SCTN
[22:51:40] [213/459] RTDM
[22:51:41] [214/459] ASRM
[22:51:42] [215/459] SKMD
[22:51:43] [216/459] SUTD
[22:51:43] [217/459] SADM
[22:51:44] [218/459] WCNR
[22:51:45] [219/459] CNED
[22:51:46] [220/459] MPDB
[22:51:47] [221/459] KTBH
[22:51:48] [222/459] IDRM
[22:51:49] [223/459] PJJT
[22:51:49] [224/459] PFCV
[22:51:51] [225/459] AACT
[22:51:52] [226/459] AAAD
[22:51:53] [227/459] ANES
[22:51:54] [228/459] MNCA
[22:51:54] [229/459] RMGU
[22:51:55] [230/459] DLCN
[22:51:56] [231/459] LJWT
[22:51:57] [232/459] MCBG
[22:51:58] [233/459] MYBG
[22:51:59] [234/459] GCCA
[22:51:59] [235/459] GCGA
[22:52:00] [236/459] ECGN
[22:52:01] [237/459] PRAB
[22:52:02] [238/459] PNMP
[22:52:03] [239/459] GCPT
[22:52:04] [240/459] ROYN
[22:52:05] [241/459] VATM
[22:52:06] [242/459] KSNT
[22:52:07] [243/459] ACTC
[22:52:07] [244/459] PLTD
[22:52:08] [245/459] SKMK
[22:52:09] [246/459] CMTT
[22:52:11] [247/459] SMXP
[22:52:12] [248/459] SCMX
[22:52:13] [249/459] ACXN
[22:52:13] [250/459] ASWT
[22:52:14] [251/459] VVVL
[22:52:15] [252/459] NAGO
[22:52:17] [253/459] SNCN
[22:52:18] [254/459] MCKP
[22:52:18] [255/459] SAMO
[22:52:19] [256/459] JBTV
[22:52:20] [257/459] DCVV
[22:52:21] [258/459] KMSV
[22:52:22] [259/459] KDCN
[22:52:23] [260/459] CNCP
[22:52:24] [261/459] HAMC
[22:52:25] [262/459] CCVZ
[22:52:26] [263/459] NCCK
[22:52:27] [264/459] MCHR
[22:52:28] [265/459] SCHT
[22:52:28] [266/459] ESSH
[22:52:30] [267/459] CUJC
[22:52:31] [268/459] PECP
[22:52:32] [269/459] PMMI
[22:52:32] [270/459] PCCH
[22:52:33] [271/459] PRPM
[22:52:34] [272/459] PVKL
[22:52:35] [273/459] CBSM
[22:52:36] [274/459] PVCZ
[22:52:37] [275/459] PCVV
[22:52:38] [276/459] CTMJ
[22:52:39] [277/459] RCPS
[22:52:40] [278/459] PCIT
[22:52:41] [279/459] FNCH
[22:52:42] [280/459] INZD
[22:52:42] [281/459] INPC
[22:52:43] [282/459] LCZP
[22:52:44] [283/459] SMCB
[22:52:45] [284/459] PTSB
[22:52:46] [285/459] TPSI
[22:52:47] [286/459] KHMJ
[22:52:48] [287/459] RCCJ
[22:52:49] [288/459] NCJA
[22:52:51] [289/459] NCJN
[22:52:52] [290/459] BTDP
[22:52:52] [291/459] PADY
[22:52:53] [292/459] NYBH
[22:52:55] [293/459] MTBR
[22:52:56] [294/459] KRBC
[22:52:57] [295/459] DKTI
[22:52:57] [296/459] ANAN
[22:52:58] [297/459] INBP
[22:52:59] [298/459] PATB
[22:53:00] [299/459] RGNT
[22:53:01] [300/459] CGPM
[22:53:02] [301/459] INTN
[22:53:03] [302/459] MCMP
[22:53:03] [303/459] ASRG
[22:53:04] [304/459] CXJD
[22:53:05] [305/459] SPCP
[22:53:06] [306/459] CSTP
[22:53:06] [307/459] PKVC
[22:53:08] [308/459] ESCP
[22:53:09] [309/459] CAEP
[22:53:10] [310/459] CCSP
[22:53:11] [311/459] KTPC
[22:53:12] [312/459] DACA
[22:53:13] [313/459] NVKY
[22:53:14] [314/459] PTIN
[22:53:14] [315/459] SCIN
[22:53:15] [316/459] MCTY
[22:53:16] [317/459] PCMX
[22:53:17] [318/459] INIC
[22:53:18] [319/459] MMZM
[22:53:18] [320/459] SSLP
[22:53:19] [321/459] DTDT
[22:53:20] [322/459] FFCX
[22:53:21] [323/459] RCMM
[22:53:21] [324/459] KYID
[22:53:22] [325/459] CSCI
[22:53:23] [326/459] FCMC
[22:53:25] [327/459] MMXI
[22:53:26] [328/459] ASTC
[22:53:26] [329/459] CMRA
[22:53:28] [330/459] DICI
[22:53:28] [331/459] KDIN
[22:53:29] [332/459] PRFI
[22:53:30] [333/459] SVFC
[22:53:31] [334/459] UCPL
[22:53:32] [335/459] COOC
[22:53:33] [336/459] SCAL
[22:53:34] [337/459] SVFF
[22:53:35] [338/459] VCMG
[22:53:36] [339/459] UUCT
[22:53:37] [340/459] GCSE
[22:53:37] [341/459] SUSC
[22:53:38] [342/459] MISC
[22:53:39] [343/459] RMBL
[22:53:40] [344/459] CMXN
[22:53:41] [345/459] PVBK
[22:53:42] [346/459] HHCG
[22:53:43] [347/459] SCAG
[22:53:43] [348/459] CNPR
[22:53:44] [349/459] CSER
[22:53:45] [350/459] HLWD
[22:53:46] [351/459] BOLY
[22:53:47] [352/459] SSPG
[22:53:48] [353/459] MUPX
[22:53:49] [354/459] HAMR
[22:53:50] [355/459] SDNC
[22:53:50] [356/459] RTEN
[22:53:51] [357/459] SDTD
[22:53:52] [358/459] KAWS
[22:53:53] [359/459] CMZX
[22:53:54] [360/459] DCDD
[22:53:54] [361/459] ALSN
[22:53:55] [362/459] IMXS
[22:53:56] [363/459] PVFF
[22:53:57] [364/459] PVOO
[22:53:58] [365/459] CFBS
[22:53:58] [366/459] PVER
[22:53:59] [367/459] PPNX
[22:54:00] [368/459] CNRM
[22:54:01] [369/459] PVWW
[22:54:01] [370/459] INMB
[22:54:02] [371/459] CPJR
[22:54:03] [372/459] INRZ
[22:54:05] [373/459] PMSR
[22:54:06] [374/459] GPGM
[22:54:06] [375/459] PGWB
[22:54:07] [376/459] PMBR
[22:54:08] [377/459] GPAM
[22:54:09] [378/459] INBC
[22:54:10] [379/459] PZVK
[22:54:11] [380/459] CPEB
[22:54:12] [381/459] FMLB
[22:54:12] [382/459] INBG
[22:54:13] [383/459] GPBR
[22:54:14] [384/459] PAAS
[22:54:15] [385/459] VTBR
[22:54:16] [386/459] GPMY
[22:54:17] [387/459] GYBU
[22:54:17] [388/459] INBJ
[22:54:19] [389/459] LKTH
[22:54:20] [390/459] NSBR
[22:54:20] [391/459] PDRD
[22:54:21] [392/459] VRBL
[22:54:22] [393/459] VTGB
[22:54:23] [394/459] VTSK
[22:54:24] [395/459] BKDV
[22:54:25] [396/459] SVTB
[22:54:25] [397/459] MLDT
[22:54:26] [398/459] NRBL
[22:54:27] [399/459] SLTR
[22:54:28] [400/459] VNKA
[22:54:29] [401/459] TDCA
[22:54:30] [402/459] INBM
[22:54:31] [403/459] SSNR
[22:54:31] [404/459] BHAC
[22:54:32] [405/459] SDSD
[22:54:33] [406/459] SAMP
[22:54:34] [407/459] RATK
[22:54:35] [408/459] KCBI
[22:54:36] [409/459] URBL
[22:54:36] [410/459] MKBG
[22:54:37] [411/459] ASTB
[22:54:38] [412/459] VBWT
[22:54:39] [413/459] GPSM
[22:54:39] [414/459] ROON
[22:54:40] [415/459] CHTH
[22:54:41] [416/459] SSPA
[22:54:42] [417/459] ANBL
[22:54:43] [418/459] VTBE
[22:54:43] [419/459] SVKT
[22:54:44] [420/459] SVYK
[22:54:45] [421/459] PTBK
[22:54:46] [422/459] RKTB
[22:54:47] [423/459] BALT
[22:54:48] [424/459] STSV
[22:54:49] [425/459] VCCB
[22:54:50] [426/459] SLTB
[22:54:50] [427/459] SBCR
[22:54:51] [428/459] VDCS
[22:54:53] [429/459] MDKI
[22:54:54] [430/459] SMRN
[22:54:55] [431/459] PTBC
[22:54:56] [432/459] RADI
[22:54:57] [433/459] ADCR
[22:54:58] [434/459] SDCS
[22:54:59] [435/459] SRPJ
[22:55:00] [436/459] ARTS
[22:55:00] [437/459] SRHK
[22:55:01] [438/459] SPAY
[22:55:02] [439/459] GPTB
[22:55:03] [440/459] SNNN
[22:55:04] [441/459] BALJ
[22:55:05] [442/459] TRIG
[22:55:06] [443/459] GTYT
[22:55:07] [444/459] ATGN
[22:55:08] [445/459] ANTE
[22:55:08] [446/459] BDCG
[22:55:09] [447/459] VECI
[22:55:10] [448/459] SCPR
[22:55:11] [449/459] RTEA
[22:55:12] [450/459] JSAI
[22:55:13] [451/459] VJTP
[22:55:14] [452/459] GNDS
[22:55:15] [453/459] PAXA
[22:55:16] [454/459] CGGM
[22:55:17] [455/459] ACKZ
[22:55:18] [456/459] EMCC
[22:55:19] [457/459] KLSK
[22:55:20] [458/459] AVCK
[22:55:21] [459/459] JTCK
[22:55:22] 🧹 Deduping shows
[22:55:22] ✅ DONE | Shows=3638 | Movies=77
