[20:21:49] 🚀 SCRIPT STARTED
[20:21:49] [1/459] MCCZ
[20:21:49] 🧠 New identity created
[20:21:50] [2/459] FRPU
[20:21:51] [3/459] SKSI
[20:21:52] [4/459] SSCK
[20:21:53] [5/459] SRDC
[20:21:54] [6/459] RSCZ
[20:21:55] [7/459] PRVT
[20:21:56] [8/459] GAGJ
[20:21:57] [9/459] SMHG
[20:21:57] [10/459] JTST
[20:21:58] [11/459] MYTH
[20:21:59] [12/459] JPCC
[20:22:00] [13/459] ACDC
[20:22:00] [14/459] SVFP
[20:22:01] [15/459] SFCM
[20:22:02] [16/459] RUPK
[20:22:03] [17/459] NTCR
[20:22:04] [18/459] RTCH
[20:22:05] [19/459] SCMH
[20:22:06] [20/459] SVYM
[20:22:06] [21/459] SPYM
[20:22:07] [22/459] SMMF
[20:22:09] [23/459] CLLB
[20:22:10] [24/459] FMCB
[20:22:12] [25/459] BBTC
[20:22:13] [26/459] NTHS
[20:22:14] [27/459] PKKJ
[20:22:14] [28/459] MTJA
[20:22:15] [29/459] PMSJ
[20:22:16] [30/459] JMJU
[20:22:17] [31/459] SRAD
[20:22:18] [32/459] MJMC
[20:22:18] [33/459] DFRM
[20:22:19] [34/459] PMRS
[20:22:20] [35/459] RKPP
[20:22:21] [36/459] BMBK
[20:22:22] [37/459] NEWS
[20:22:23] [38/459] SALB
[20:22:23] [39/459] SCPW
[20:22:24] [40/459] RAYL
[20:22:25] [41/459] CMGJ
[20:22:26] [42/459] JRCR
[20:22:27] [43/459] SRTB
[20:22:28] [44/459] ETPB
[20:22:28] [45/459] MXBN
[20:22:29] [46/459] TOPE
[20:22:30] [47/459] SNLJ
[20:22:31] [48/459] CDDP
[20:22:32] [49/459] APCX
[20:22:33] [50/459] TALP
[20:22:34] [51/459] RRMP
[20:22:35] [52/459] MAHB
[20:22:35] [53/459] MTKR
[20:22:36] [54/459] KSKL
[20:22:37] [55/459] RJLT
[20:22:38] [56/459] ATAS
[20:22:38] [57/459] AMHR
[20:22:39] [58/459] RSRM
[20:22:41] [59/459] GCAT
[20:22:42] [60/459] SMML
[20:22:42] [61/459] ACCD
[20:22:43] [62/459] VYDA
[20:22:44] [63/459] MSKT
[20:22:45] [64/459] AVDM
[20:22:46] [65/459] ASMH
[20:22:47] [66/459] VTMB
[20:22:48] [67/459] WVMB
[20:22:49] [68/459] PPMN
[20:22:50] [69/459] MTMD
[20:22:51] [70/459] SMMO
[20:22:52] [71/459] DLPB
[20:22:53] [72/459] AKMD
[20:22:54] [73/459] SHRR
[20:22:54] [74/459] ASCO
[20:22:55] [75/459] CZVX
[20:22:56] [76/459] GCBB
[20:22:57] [77/459] ATBM
[20:22:58] [78/459] TCGM
[20:23:00] [79/459] UMSE
[20:23:00] [80/459] NKCL
[20:23:01] [81/459] BTLR
[20:23:02] [82/459] GOCL
[20:23:03] [83/459] MIRN
[20:23:04] [84/459] THEC
[20:23:05] [85/459] SPPB
[20:23:06] [86/459] PMMM
[20:23:07] [87/459] GGMC
[20:23:07] [88/459] AVSR
[20:23:08] [89/459] RDMH
[20:23:10] [90/459] JSRS
[20:23:11] [91/459] VKGP
[20:23:11] [92/459] ACRT
[20:23:12] [93/459] GCBA
[20:23:13] [94/459] GTCP
[20:23:14] [95/459] AKFC
[20:23:15] [96/459] INCS
[20:23:15] [97/459] SMCK
[20:23:16] [98/459] BRUN
[20:23:17] [99/459] RPPC
[20:23:18] [100/459] PAYD
[20:23:18] [101/459] SVVT
[20:23:19] [102/459] RNCC
[20:23:20] [103/459] PCRC
[20:23:21] [104/459] PMRM
[20:23:23] [105/459] CCRP
[20:23:23] [106/459] INCR
[20:23:24] [107/459] ZTMP
[20:23:25] [108/459] MCNR
[20:23:26] [109/459] INRP
[20:23:27] [110/459] STRC
[20:23:27] [111/459] RATI
[20:23:28] [112/459] PBTR
[20:23:29] [113/459] CMHP
[20:23:30] [114/459] ZECJ
[20:23:31] [115/459] CCCB
[20:23:31] [116/459] BWCB
[20:23:32] [117/459] CCAT
[20:23:33] [118/459] KGCM
[20:23:34] [119/459] INPT
[20:23:35] [120/459] FNCO
[20:23:36] [121/459] SRMJ
[20:23:37] [122/459] PFSC
[20:23:37] [123/459] PBMC
[20:23:38] [124/459] KARP
[20:23:39] [125/459] KOVI
[20:23:40] [126/459] ACXL
[20:23:41] [127/459] GKCC
[20:23:41] [128/459] ASCC
[20:23:42] [129/459] SETC
[20:23:43] [130/459] KACC
[20:23:44] [131/459] KAVE
[20:23:45] [132/459] CNTC
[20:23:45] [133/459] MEEN
[20:23:46] [134/459] BMRV
[20:23:47] [135/459] SVAM
[20:23:48] [136/459] VTBP
[20:23:49] [137/459] VCKN
[20:23:50] [138/459] SGTK
[20:23:50] [139/459] RCGS
[20:23:51] [140/459] RCCB
[20:23:52] [141/459] RKSR
[20:23:53] [142/459] RKCU
[20:23:53] [143/459] GIBH
[20:23:54] [144/459] CXBS
[20:23:55] [145/459] GGCB
[20:23:56] [146/459] SCPB
[20:23:57] [147/459] AKTB
[20:23:58] [148/459] SRBU
[20:23:59] [149/459] CSSA
[20:23:59] [150/459] MYAN
[20:24:00] [151/459] EXCA
[20:24:01] [152/459] CKSA
[20:24:03] [153/459] JTNM
[20:24:04] [154/459] CXKT
[20:24:04] [155/459] NCLM
[20:24:05] [156/459] JAAD
[20:24:06] [157/459] RDCR
[20:24:06] [158/459] MEER
[20:24:07] [159/459] SIBT
[20:24:08] [160/459] PVVB
[20:24:09] [161/459] FNPN
[20:24:11] [162/459] CRPX
[20:24:12] [163/459] STET
[20:24:13] [164/459] METE
[20:24:13] [165/459] BJML
[20:24:14] [166/459] MAVT
[20:24:15] [167/459] MSRM
[20:24:16] [168/459] TJMP
[20:24:17] [169/459] MHCK
[20:24:18] [170/459] SVGP
[20:24:18] [171/459] KRRC
[20:24:19] [172/459] IMCH
[20:24:20] [173/459] CMCS
[20:24:21] [174/459] SGND
[20:24:22] [175/459] RNAT
[20:24:23] [176/459] PRTN
[20:24:23] [177/459] MPTN
[20:24:24] [178/459] ARCC
[20:24:25] [179/459] NTTE
[20:24:26] [180/459] ABND
[20:24:27] [181/459] KCSN
[20:24:27] [182/459] KCSA
[20:24:28] [183/459] DCKT
[20:24:29] [184/459] MBBR
[20:24:30] [185/459] RAMU
[20:24:31] [186/459] RACW
[20:24:32] [187/459] MCHP
[20:24:32] [188/459] TMHM
[20:24:33] [189/459] STXH
[20:24:34] [190/459] AGSG
[20:24:35] [191/459] SIRA
[20:24:36] [192/459] RCAN
[20:24:36] [193/459] CWTB
[20:24:37] [194/459] VTYM
[20:24:38] [195/459] RRPP
[20:24:38] [196/459] ASMR
[20:24:40] [197/459] RONO
[20:24:40] [198/459] MEMR
[20:24:41] [199/459] CTMR
[20:24:42] [200/459] PMTT
[20:24:43] [201/459] PSLX
[20:24:44] [202/459] IPPL
[20:24:45] [203/459] MMSG
[20:24:46] [204/459] INEL
[20:24:47] [205/459] COAC
[20:24:48] [206/459] WVLK
[20:24:49] [207/459] PPXL
[20:24:50] [208/459] PSML
[20:24:51] [209/459] FNLK
[20:24:52] [210/459] ILUM
[20:24:53] [211/459] ILCM
[20:24:54] [212/459] MSNL
[20:24:55] [213/459] VINB
[20:24:56] [214/459] SALW
[20:24:57] [215/459] PRTB
[20:24:57] [216/459] NCIL
[20:24:58] [217/459] PSUL
[20:24:59] [218/459] SCLK
[20:25:00] [219/459] ADDC
[20:25:01] [220/459] OACL
[20:25:02] [221/459] OOCF
[20:25:03] [222/459] GPMF
[20:25:04] [223/459] SSDG
[20:25:04] [224/459] SKRS
[20:25:05] [225/459] NTTP
[20:25:06] [226/459] SLTP
[20:25:08] [227/459] JTLC
[20:25:09] [228/459] POON
[20:25:10] [229/459] CCPC
[20:25:11] [230/459] DCKC
[20:25:12] [231/459] CPRT
[20:25:13] [232/459] EYHZ
[20:25:13] [233/459] ARBL
[20:25:14] [234/459] SBTB
[20:25:15] [235/459] MMCK
[20:25:16] [236/459] PLMR
[20:25:16] [237/459] BIJH
[20:25:17] [238/459] SDRT
[20:25:18] [239/459] PRDC
[20:25:19] [240/459] OMJA
[20:25:20] [241/459] VKCR
[20:25:21] [242/459] ATRT
[20:25:22] [243/459] WVRP
[20:25:23] [244/459] MVRP
[20:25:24] [245/459] FCAX
[20:25:25] [246/459] CTLC
[20:25:26] [247/459] JCHB
[20:25:27] [248/459] SELP
[20:25:27] [249/459] VCPG
[20:25:28] [250/459] ASCX
[20:25:29] [251/459] EOCS
[20:25:30] [252/459] RCPH
[20:25:31] [253/459] RJTM
[20:25:32] [254/459] SGMD
[20:25:32] [255/459] SVJT
[20:25:33] [256/459] SPPO
[20:25:34] [257/459] MNRL
[20:25:35] [258/459] KNOX
[20:25:35] [259/459] GIER
[20:25:36] [260/459] PJMS
[20:25:37] [261/459] UNSP
[20:25:38] [262/459] JETP
[20:25:39] [263/459] VTWA
[20:25:39] [264/459] SCJI
[20:25:40] [265/459] CBZZ
[20:25:41] [266/459] SDCJ
[20:25:42] [267/459] RRCC
[20:25:42] [268/459] VNKG
[20:25:43] [269/459] LKTO
[20:25:44] [270/459] PJRM
[20:25:45] [271/459] NVRM
[20:25:46] [272/459] SJCS
[20:25:47] [273/459] VIGK
[20:25:48] [274/459] ANST
[20:25:49] [275/459] JTTS
[20:25:49] [276/459] NTST
[20:25:50] [277/459] PREB
[20:25:51] [278/459] TSCZ
[20:25:52] [279/459] CDCM
[20:25:52] [280/459] ELYE
[20:25:53] [281/459] INBS
[20:25:54] [282/459] SMGC
[20:25:55] [283/459] UTMP
[20:25:56] [284/459] INTA
[20:25:57] [285/459] OMPT
[20:25:58] [286/459] SCIR
[20:25:59] [287/459] GCKJ
[20:26:00] [288/459] INOG
[20:26:01] [289/459] SMGB
[20:26:03] [290/459] MCSG
[20:26:03] [291/459] STKG
[20:26:04] [292/459] TTKG
[20:26:05] [293/459] SRTR
[20:26:06] [294/459] ETTR
[20:26:07] [295/459] GGGZ
[20:26:08] [296/459] IPGM
[20:26:08] [297/459] FCDH
[20:26:09] [298/459] DESB
[20:26:10] [299/459] VNTP
[20:26:11] [300/459] ANNT
[20:26:12] [301/459] SLTI
[20:26:13] [302/459] MAJU
[20:26:14] [303/459] JCXP
[20:26:15] [304/459] HARK
[20:26:16] [305/459] JPCJ
[20:26:17] [306/459] RXBD
[20:26:18] [307/459] PTKJ
[20:26:19] [308/459] CMTU
[20:26:20] [309/459] SWOR
[20:26:21] [310/459] JMEX
[20:26:22] [311/459] DTPT
[20:26:23] [312/459] VGMM
[20:26:24] [313/459] VCSG
[20:26:25] [314/459] CVCG
[20:26:26] [315/459] TNTT
[20:26:27] [316/459] SHRM
[20:26:28] [317/459] CGKD
[20:26:29] [318/459] EKCM
[20:26:29] [319/459] SDCX
[20:26:30] [320/459] SBTE
[20:26:31] [321/459] STKJ
[20:26:32] [322/459] TPCE
[20:26:33] [323/459] JTNP
[20:26:33] [324/459] LPCH
[20:26:34] [325/459] CPUO
[20:26:35] [326/459] APSU
[20:26:36] [327/459] RTHC
[20:26:38] [328/459] PTBU
[20:26:38] [329/459] CUCC
[20:26:39] [330/459] CPSA
[20:26:40] [331/459] SUAY
[20:26:41] [332/459] AYAA
[20:26:42] [333/459] MUCH
[20:26:42] [334/459] PCIN
[20:26:43] [335/459] JRRM
[20:26:44] [336/459] KATS
[20:26:45] [337/459] MHFF
[20:26:46] [338/459] ESYM
[20:26:47] [339/459] STYV
[20:26:48] [340/459] SDKG
[20:26:48] [341/459] SMTI
[20:26:49] [342/459] NYCS
[20:26:50] [343/459] MTBG
[20:26:51] [344/459] RHCA
[20:26:51] [345/459] PCKH
[20:26:52] [346/459] ARCR
[20:26:53] [347/459] NCMB
[20:26:54] [348/459] SHYC
[20:26:55] [349/459] LACK
[20:26:56] [350/459] MTCM
[20:26:57] [351/459] RRBN
[20:26:58] [352/459] MYDC
[20:26:59] [353/459] STCS
[20:27:00] [354/459] CONN
[20:27:00] [355/459] SIPS
[20:27:01] [356/459] SMMX
[20:27:02] [357/459] SCBY
[20:27:03] [358/459] SUAP
[20:27:04] [359/459] RSMK
[20:27:05] [360/459] STKP
[20:27:05] [361/459] CIPC
[20:27:06] [362/459] KKCI
[20:27:07] [363/459] CTNK
[20:27:08] [364/459] MMTZ
[20:27:09] [365/459] DCCO
[20:27:10] [366/459] VNMN
[20:27:11] [367/459] RLCN
[20:27:12] [368/459] CMMS
[20:27:13] [369/459] AYOU
[20:27:14] [370/459] SSCN
[20:27:14] [371/459] SMXN
[20:27:16] [372/459] ASSK
[20:27:17] [373/459] VCKM
[20:27:18] [374/459] PCPH
[20:27:18] [375/459] PADM
[20:27:19] [376/459] IESA
[20:27:21] [377/459] VCSP
[20:27:21] [378/459] AEST
[20:27:22] [379/459] VTNR
[20:27:23] [380/459] GTTA
[20:27:24] [381/459] CMMM
[20:27:25] [382/459] AHKT
[20:27:26] [383/459] SIJI
[20:27:27] [384/459] VCEI
[20:27:28] [385/459] SAKR
[20:27:29] [386/459] VSMT
[20:27:30] [387/459] SSCT
[20:27:31] [388/459] USTR
[20:27:32] [389/459] MTKT
[20:27:33] [390/459] TGMP
[20:27:33] [391/459] SIVC
[20:27:34] [392/459] KICT
[20:27:35] [393/459] DAMD
[20:27:36] [394/459] CNPT
[20:27:37] [395/459] RVTT
[20:27:38] [396/459] SNCM
[20:27:38] [397/459] GHTE
[20:27:40] [398/459] PPAM
[20:27:41] [399/459] PVAA
[20:27:42] [400/459] CPAO
[20:27:42] [401/459] HAMD
[20:27:43] [402/459] RCCA
[20:27:44] [403/459] MPCH
[20:27:45] [404/459] ARED
[20:27:47] [405/459] RRCV
[20:27:47] [406/459] MTRB
[20:27:48] [407/459] CKUA
[20:27:49] [408/459] ABMP
[20:27:50] [409/459] RCWA
[20:27:51] [410/459] CGAR
[20:27:52] [411/459] METH
[20:27:52] [412/459] WAGA
[20:27:53] [413/459] MCMA
[20:27:54] [414/459] CSMP
[20:27:55] [415/459] RCNK
[20:27:56] [416/459] PSTM
[20:27:57] [417/459] CSEP
[20:27:58] [418/459] AMGD
[20:27:59] [419/459] CSTE
[20:28:00] [420/459] CONS
[20:28:01] [421/459] APPX
[20:28:02] [422/459] MABC
[20:28:03] [423/459] CXST
[20:28:04] [424/459] MATN
[20:28:05] [425/459] MACZ
[20:28:06] [426/459] MASA
[20:28:06] [427/459] MBSX
[20:28:07] [428/459] CSST
[20:28:08] [429/459] APCL
[20:28:09] [430/459] CGOS
[20:28:10] [431/459] CPEC
[20:28:11] [432/459] MCCP
[20:28:12] [433/459] BSSO
[20:28:12] [434/459] SJKA
[20:28:13] [435/459] CGBO
[20:28:14] [436/459] MVSK
[20:28:15] [437/459] HVCA
[20:28:16] [438/459] NAMD
[20:28:17] [439/459] DEVI
[20:28:18] [440/459] SCSV
[20:28:19] [441/459] PSMA
[20:28:20] [442/459] CLDJ
[20:28:21] [443/459] NMAD
[20:28:22] [444/459] CGMO
[20:28:23] [445/459] MCNA
[20:28:24] [446/459] OCBN
[20:28:25] [447/459] CPEM
[20:28:25] [448/459] CPSM
[20:28:26] [449/459] RCAD
[20:28:27] [450/459] CPMU
[20:28:28] [451/459] DICD
[20:28:29] [452/459] CHOE
[20:28:30] [453/459] PDJM
[20:28:31] [454/459] SSTU
[20:28:31] [455/459] VNRN
[20:28:32] [456/459] PVLG
[20:28:33] [457/459] SWBL
[20:28:35] [458/459] SCAB
[20:28:35] [459/459] RDDA
[20:28:36] 🧹 Deduping shows
[20:28:36] ✅ DONE | Shows=3278 | Movies=74
[20:32:38] 🚀 SCRIPT STARTED
[20:32:38] [1/459] MCCZ
[20:32:38] 🧠 New identity created
[20:32:39] [2/459] FRPU
[20:32:40] [3/459] SKSI
[20:32:41] [4/459] SSCK
[20:32:43] [5/459] SRDC
[20:32:44] [6/459] RSCZ
[20:32:45] [7/459] PRVT
[20:32:46] [8/459] GAGJ
[20:32:47] [9/459] SMHG
[20:32:48] [10/459] JTST
[20:32:48] [11/459] MYTH
[20:32:49] [12/459] JPCC
[20:32:50] [13/459] ACDC
[20:32:51] [14/459] SVFP
[20:32:53] [15/459] SFCM
[20:32:54] [16/459] RUPK
[20:32:55] [17/459] NTCR
[20:32:56] [18/459] RTCH
[20:32:57] [19/459] SCMH
[20:32:58] [20/459] SVYM
[20:32:59] [21/459] SPYM
[20:33:00] [22/459] SMMF
[20:33:00] [23/459] CLLB
[20:33:01] [24/459] FMCB
[20:33:02] [25/459] BBTC
[20:33:03] [26/459] NTHS
[20:33:04] [27/459] PKKJ
[20:33:05] [28/459] MTJA
[20:33:05] [29/459] PMSJ
[20:33:06] [30/459] JMJU
[20:33:07] [31/459] SRAD
[20:33:07] [32/459] MJMC
[20:33:09] [33/459] DFRM
[20:33:10] [34/459] PMRS
[20:33:10] [35/459] RKPP
[20:33:11] [36/459] BMBK
[20:33:12] [37/459] NEWS
[20:33:13] [38/459] SALB
[20:33:14] [39/459] SCPW
[20:33:15] [40/459] RAYL
[20:33:15] [41/459] CMGJ
[20:33:16] [42/459] JRCR
[20:33:18] [43/459] SRTB
[20:33:20] [44/459] ETPB
[20:33:21] [45/459] MXBN
[20:33:22] [46/459] TOPE
[20:33:22] [47/459] SNLJ
[20:33:23] [48/459] CDDP
[20:33:24] [49/459] APCX
[20:33:25] [50/459] TALP
[20:33:26] [51/459] RRMP
[20:33:27] [52/459] MAHB
[20:33:28] [53/459] MTKR
[20:33:28] [54/459] KSKL
[20:33:29] [55/459] RJLT
[20:33:30] [56/459] ATAS
[20:33:31] [57/459] AMHR
[20:33:32] [58/459] RSRM
[20:33:32] [59/459] GCAT
[20:33:33] [60/459] SMML
[20:33:34] [61/459] ACCD
[20:33:35] [62/459] VYDA
[20:33:36] [63/459] MSKT
[20:33:38] [64/459] AVDM
[20:33:39] [65/459] ASMH
[20:33:40] [66/459] VTMB
[20:33:41] [67/459] WVMB
[20:33:42] [68/459] PPMN
[20:33:43] [69/459] MTMD
[20:33:44] [70/459] SMMO
[20:33:45] [71/459] DLPB
[20:33:46] [72/459] AKMD
[20:33:47] [73/459] SHRR
[20:33:48] [74/459] ASCO
[20:33:49] [75/459] CZVX
[20:33:49] [76/459] GCBB
[20:33:50] [77/459] ATBM
[20:33:51] [78/459] TCGM
[20:33:52] [79/459] UMSE
[20:33:53] [80/459] NKCL
[20:33:53] [81/459] BTLR
[20:33:54] [82/459] GOCL
[20:33:55] [83/459] MIRN
[20:33:56] [84/459] THEC
[20:33:57] [85/459] SPPB
[20:33:58] [86/459] PMMM
[20:33:59] [87/459] GGMC
[20:34:00] [88/459] AVSR
[20:34:01] [89/459] RDMH
[20:34:01] [90/459] JSRS
[20:34:02] [91/459] VKGP
[20:34:03] [92/459] ACRT
[20:34:04] [93/459] GCBA
[20:34:05] [94/459] GTCP
[20:34:05] [95/459] AKFC
[20:34:06] [96/459] INCS
[20:34:07] [97/459] SMCK
[20:34:08] [98/459] BRUN
[20:34:09] [99/459] RPPC
[20:34:10] [100/459] PAYD
[20:34:10] [101/459] SVVT
[20:34:11] [102/459] RNCC
[20:34:12] [103/459] PCRC
[20:34:12] [104/459] PMRM
[20:34:13] [105/459] CCRP
[20:34:15] [106/459] INCR
[20:34:16] [107/459] ZTMP
[20:34:17] [108/459] MCNR
[20:34:18] [109/459] INRP
[20:34:20] [110/459] STRC
[20:34:20] [111/459] RATI
[20:34:21] [112/459] PBTR
[20:34:22] [113/459] CMHP
[20:34:23] [114/459] ZECJ
[20:34:24] [115/459] CCCB
[20:34:25] [116/459] BWCB
[20:34:26] [117/459] CCAT
[20:34:27] [118/459] KGCM
[20:34:27] [119/459] INPT
[20:34:29] [120/459] FNCO
[20:34:31] [121/459] SRMJ
[20:34:32] [122/459] PFSC
[20:34:32] [123/459] PBMC
[20:34:33] [124/459] KARP
[20:34:34] [125/459] KOVI
[20:34:35] [126/459] ACXL
[20:34:36] [127/459] GKCC
[20:34:37] [128/459] ASCC
[20:34:38] [129/459] SETC
[20:34:38] [130/459] KACC
[20:34:39] [131/459] KAVE
[20:34:41] [132/459] CNTC
[20:34:42] [133/459] MEEN
[20:34:43] [134/459] BMRV
[20:34:44] [135/459] SVAM
[20:34:44] [136/459] VTBP
[20:34:45] [137/459] VCKN
[20:34:46] [138/459] SGTK
[20:34:47] [139/459] RCGS
[20:34:48] [140/459] RCCB
[20:34:49] [141/459] RKSR
[20:34:49] [142/459] RKCU
[20:34:50] [143/459] GIBH
[20:34:51] [144/459] CXBS
[20:34:52] [145/459] GGCB
[20:34:54] [146/459] SCPB
[20:34:57] [147/459] AKTB
[20:34:58] [148/459] SRBU
[20:34:59] [149/459] CSSA
[20:34:59] [150/459] MYAN
[20:35:00] [151/459] EXCA
[20:35:01] [152/459] CKSA
[20:35:03] [153/459] JTNM
[20:35:04] [154/459] CXKT
[20:35:05] [155/459] NCLM
[20:35:05] [156/459] JAAD
[20:35:06] [157/459] RDCR
[20:35:07] [158/459] MEER
[20:35:08] [159/459] SIBT
[20:35:09] [160/459] PVVB
[20:35:10] [161/459] FNPN
[20:35:11] [162/459] CRPX
[20:35:12] [163/459] STET
[20:35:13] [164/459] METE
[20:35:14] [165/459] BJML
[20:35:14] [166/459] MAVT
[20:35:15] [167/459] MSRM
[20:35:16] [168/459] TJMP
[20:35:18] [169/459] MHCK
[20:35:19] [170/459] SVGP
[20:35:20] [171/459] KRRC
[20:35:21] [172/459] IMCH
[20:35:22] [173/459] CMCS
[20:35:23] [174/459] SGND
[20:35:24] [175/459] RNAT
[20:35:25] [176/459] PRTN
[20:35:25] [177/459] MPTN
[20:35:26] [178/459] ARCC
[20:35:27] [179/459] NTTE
[20:35:28] [180/459] ABND
[20:35:29] [181/459] KCSN
[20:35:30] [182/459] KCSA
[20:35:31] [183/459] DCKT
[20:35:32] [184/459] MBBR
[20:35:33] [185/459] RAMU
[20:35:34] [186/459] RACW
[20:35:36] [187/459] MCHP
[20:35:36] [188/459] TMHM
[20:35:37] [189/459] STXH
[20:35:38] [190/459] AGSG
[20:35:40] [191/459] SIRA
[20:35:41] [192/459] RCAN
[20:35:42] [193/459] CWTB
[20:35:43] [194/459] VTYM
[20:35:44] [195/459] RRPP
[20:35:46] [196/459] ASMR
[20:35:47] [197/459] RONO
[20:35:49] [198/459] MEMR
[20:35:49] [199/459] CTMR
[20:35:50] [200/459] PMTT
[20:35:51] [201/459] PSLX
[20:35:52] [202/459] IPPL
[20:35:54] [203/459] MMSG
[20:35:55] [204/459] INEL
[20:35:55] [205/459] COAC
[20:35:57] [206/459] WVLK
[20:35:58] [207/459] PPXL
[20:35:59] [208/459] PSML
[20:36:00] [209/459] FNLK
[20:36:01] [210/459] ILUM
[20:36:02] [211/459] ILCM
[20:36:03] [212/459] MSNL
[20:36:04] [213/459] VINB
[20:36:05] [214/459] SALW
[20:36:06] [215/459] PRTB
[20:36:06] [216/459] NCIL
[20:36:07] [217/459] PSUL
[20:36:08] [218/459] SCLK
[20:36:09] [219/459] ADDC
[20:36:10] [220/459] OACL
[20:36:11] [221/459] OOCF
[20:36:13] [222/459] GPMF
[20:36:13] [223/459] SSDG
[20:36:15] [224/459] SKRS
[20:36:16] [225/459] NTTP
[20:36:17] [226/459] SLTP
[20:36:17] [227/459] JTLC
[20:36:18] [228/459] POON
[20:36:19] [229/459] CCPC
[20:36:20] [230/459] DCKC
[20:36:21] [231/459] CPRT
[20:36:22] [232/459] EYHZ
[20:36:22] [233/459] ARBL
[20:36:23] [234/459] SBTB
[20:36:24] [235/459] MMCK
[20:36:25] [236/459] PLMR
[20:36:26] [237/459] BIJH
[20:36:27] [238/459] SDRT
[20:36:28] [239/459] PRDC
[20:36:29] [240/459] OMJA
[20:36:30] [241/459] VKCR
[20:36:31] [242/459] ATRT
[20:36:32] [243/459] WVRP
[20:36:33] [244/459] MVRP
[20:36:35] [245/459] FCAX
[20:36:37] [246/459] CTLC
[20:36:37] [247/459] JCHB
[20:36:38] [248/459] SELP
[20:36:39] [249/459] VCPG
[20:36:40] [250/459] ASCX
[20:36:41] [251/459] EOCS
[20:36:41] [252/459] RCPH
[20:36:42] [253/459] RJTM
[20:36:43] [254/459] SGMD
[20:36:44] [255/459] SVJT
[20:36:44] [256/459] SPPO
[20:36:45] [257/459] MNRL
[20:36:47] [258/459] KNOX
[20:36:48] [259/459] GIER
[20:36:49] [260/459] PJMS
[20:36:51] [261/459] UNSP
[20:36:52] [262/459] JETP
[20:36:53] [263/459] VTWA
[20:36:53] [264/459] SCJI
[20:36:55] [265/459] CBZZ
[20:36:55] [266/459] SDCJ
[20:36:57] [267/459] RRCC
[20:36:59] [268/459] VNKG
[20:37:00] [269/459] LKTO
[20:37:01] [270/459] PJRM
[20:37:01] [271/459] NVRM
[20:37:02] [272/459] SJCS
[20:37:03] [273/459] VIGK
[20:37:04] [274/459] ANST
[20:37:05] [275/459] JTTS
[20:37:06] [276/459] NTST
[20:37:08] [277/459] PREB
[20:37:09] [278/459] TSCZ
[20:37:09] [279/459] CDCM
[20:37:10] [280/459] ELYE
[20:37:11] [281/459] INBS
[20:37:12] [282/459] SMGC
[20:37:13] [283/459] UTMP
[20:37:14] [284/459] INTA
[20:37:15] [285/459] OMPT
[20:37:16] [286/459] SCIR
[20:37:18] [287/459] GCKJ
[20:37:18] [288/459] INOG
[20:37:19] [289/459] SMGB
[20:37:20] [290/459] MCSG
[20:37:22] [291/459] STKG
[20:37:23] [292/459] TTKG
[20:37:24] [293/459] SRTR
[20:37:24] [294/459] ETTR
[20:37:25] [295/459] GGGZ
[20:37:26] [296/459] IPGM
[20:37:27] [297/459] FCDH
[20:37:28] [298/459] DESB
[20:37:29] [299/459] VNTP
[20:37:29] [300/459] ANNT
[20:37:31] [301/459] SLTI
[20:37:32] [302/459] MAJU
[20:37:33] [303/459] JCXP
[20:37:34] [304/459] HARK
[20:37:35] [305/459] JPCJ
[20:37:35] [306/459] RXBD
[20:37:36] [307/459] PTKJ
[20:37:37] [308/459] CMTU
[20:37:38] [309/459] SWOR
[20:37:39] [310/459] JMEX
[20:37:39] [311/459] DTPT
[20:37:40] [312/459] VGMM
[20:37:41] [313/459] VCSG
[20:37:42] [314/459] CVCG
[20:37:43] [315/459] TNTT
[20:37:43] [316/459] SHRM
[20:37:44] [317/459] CGKD
[20:37:45] [318/459] EKCM
[20:37:47] [319/459] SDCX
[20:37:47] [320/459] SBTE
[20:37:48] [321/459] STKJ
[20:37:49] [322/459] TPCE
[20:37:50] [323/459] JTNP
[20:37:51] [324/459] LPCH
[20:37:52] [325/459] CPUO
[20:37:53] [326/459] APSU
[20:37:54] [327/459] RTHC
[20:37:54] [328/459] PTBU
[20:37:56] [329/459] CUCC
[20:37:57] [330/459] CPSA
[20:37:58] [331/459] SUAY
[20:37:59] [332/459] AYAA
[20:38:00] [333/459] MUCH
[20:38:01] [334/459] PCIN
[20:38:02] [335/459] JRRM
[20:38:02] [336/459] KATS
[20:38:03] [337/459] MHFF
[20:38:05] [338/459] ESYM
[20:38:06] [339/459] STYV
[20:38:07] [340/459] SDKG
[20:38:09] [341/459] SMTI
[20:38:11] [342/459] NYCS
[20:38:11] [343/459] MTBG
[20:38:13] [344/459] RHCA
[20:38:13] [345/459] PCKH
[20:38:14] [346/459] ARCR
[20:38:16] [347/459] NCMB
[20:38:17] [348/459] SHYC
[20:38:18] [349/459] LACK
[20:38:19] [350/459] MTCM
[20:38:21] [351/459] RRBN
[20:38:21] [352/459] MYDC
[20:38:22] [353/459] STCS
[20:38:23] [354/459] CONN
[20:38:24] [355/459] SIPS
[20:38:25] [356/459] SMMX
[20:38:26] [357/459] SCBY
[20:38:27] [358/459] SUAP
[20:38:28] [359/459] RSMK
[20:38:29] [360/459] STKP
[20:38:30] [361/459] CIPC
[20:38:31] [362/459] KKCI
[20:38:32] [363/459] CTNK
[20:38:33] [364/459] MMTZ
[20:38:34] [365/459] DCCO
[20:38:34] [366/459] VNMN
[20:38:35] [367/459] RLCN
[20:38:36] [368/459] CMMS
[20:38:37] [369/459] AYOU
[20:38:38] [370/459] SSCN
[20:38:39] [371/459] SMXN
[20:38:40] [372/459] ASSK
[20:38:41] [373/459] VCKM
[20:38:42] [374/459] PCPH
[20:38:43] [375/459] PADM
[20:38:45] [376/459] IESA
[20:38:45] [377/459] VCSP
[20:38:46] [378/459] AEST
[20:38:47] [379/459] VTNR
[20:38:48] [380/459] GTTA
[20:38:49] [381/459] CMMM
[20:38:50] [382/459] AHKT
[20:38:51] [383/459] SIJI
[20:38:51] [384/459] VCEI
[20:38:53] [385/459] SAKR
[20:38:54] [386/459] VSMT
[20:38:54] [387/459] SSCT
[20:38:55] [388/459] USTR
[20:38:56] [389/459] MTKT
[20:38:56] [390/459] TGMP
[20:38:57] [391/459] SIVC
[20:38:58] [392/459] KICT
[20:38:59] [393/459] DAMD
[20:38:59] [394/459] CNPT
[20:39:00] [395/459] RVTT
[20:39:02] [396/459] SNCM
[20:39:03] [397/459] GHTE
[20:39:04] [398/459] PPAM
[20:39:05] [399/459] PVAA
[20:39:06] [400/459] CPAO
[20:39:06] [401/459] HAMD
[20:39:07] [402/459] RCCA
[20:39:08] [403/459] MPCH
[20:39:09] [404/459] ARED
[20:39:10] [405/459] RRCV
[20:39:10] [406/459] MTRB
[20:39:11] [407/459] CKUA
[20:39:12] [408/459] ABMP
[20:39:13] [409/459] RCWA
[20:39:14] [410/459] CGAR
[20:39:14] [411/459] METH
[20:39:16] [412/459] WAGA
[20:39:17] [413/459] MCMA
[20:39:18] [414/459] CSMP
[20:39:19] [415/459] RCNK
[20:39:19] [416/459] PSTM
[20:39:21] [417/459] CSEP
[20:39:22] [418/459] AMGD
[20:39:23] [419/459] CSTE
[20:39:24] [420/459] CONS
[20:39:24] [421/459] APPX
[20:39:25] [422/459] MABC
[20:39:26] [423/459] CXST
[20:39:27] [424/459] MATN
[20:39:28] [425/459] MACZ
[20:39:29] [426/459] MASA
[20:39:30] [427/459] MBSX
[20:39:30] [428/459] CSST
[20:39:31] [429/459] APCL
[20:39:32] [430/459] CGOS
[20:39:33] [431/459] CPEC
[20:39:33] [432/459] MCCP
[20:39:35] [433/459] BSSO
[20:39:36] [434/459] SJKA
[20:39:37] [435/459] CGBO
[20:39:37] [436/459] MVSK
[20:39:39] [437/459] HVCA
[20:39:40] [438/459] NAMD
[20:39:41] [439/459] DEVI
[20:39:42] [440/459] SCSV
[20:39:42] [441/459] PSMA
[20:39:43] [442/459] CLDJ
[20:39:44] [443/459] NMAD
[20:39:45] [444/459] CGMO
[20:39:46] [445/459] MCNA
[20:39:47] [446/459] OCBN
[20:39:48] [447/459] CPEM
[20:39:49] [448/459] CPSM
[20:39:50] [449/459] RCAD
[20:39:50] [450/459] CPMU
[20:39:51] [451/459] DICD
[20:39:52] [452/459] CHOE
[20:39:53] [453/459] PDJM
[20:39:54] [454/459] SSTU
[20:39:55] [455/459] VNRN
[20:39:55] [456/459] PVLG
[20:39:56] [457/459] SWBL
[20:39:57] [458/459] SCAB
[20:39:58] [459/459] RDDA
[20:39:59] 🧹 Deduping shows
[20:39:59] ✅ DONE | Shows=3278 | Movies=74
[20:42:28] 🚀 SCRIPT STARTED
[20:42:28] [1/459] MCCZ
[20:42:28] 🧠 New identity created
[20:42:29] [2/459] FRPU
[20:42:30] [3/459] SKSI
[20:42:31] [4/459] SSCK
[20:42:31] [5/459] SRDC
[20:42:32] [6/459] RSCZ
[20:42:33] [7/459] PRVT
[20:42:34] [8/459] GAGJ
[20:42:35] [9/459] SMHG
[20:42:36] [10/459] JTST
[20:42:37] [11/459] MYTH
[20:42:38] [12/459] JPCC
[20:42:39] [13/459] ACDC
[20:42:40] [14/459] SVFP
[20:42:41] [15/459] SFCM
[20:42:42] [16/459] RUPK
[20:42:43] [17/459] NTCR
[20:42:44] [18/459] RTCH
[20:42:45] [19/459] SCMH
[20:42:45] [20/459] SVYM
[20:42:46] [21/459] SPYM
[20:42:47] [22/459] SMMF
[20:42:48] [23/459] CLLB
[20:42:49] [24/459] FMCB
[20:42:50] [25/459] BBTC
[20:42:51] [26/459] NTHS
[20:42:52] [27/459] PKKJ
[20:42:52] [28/459] MTJA
[20:42:53] [29/459] PMSJ
[20:42:54] [30/459] JMJU
[20:42:55] [31/459] SRAD
[20:42:55] [32/459] MJMC
[20:42:56] [33/459] DFRM
[20:42:57] [34/459] PMRS
[20:42:58] [35/459] RKPP
[20:42:59] [36/459] BMBK
[20:43:00] [37/459] NEWS
[20:43:01] [38/459] SALB
[20:43:02] [39/459] SCPW
[20:43:03] [40/459] RAYL
[20:43:03] [41/459] CMGJ
[20:43:04] [42/459] JRCR
[20:43:05] [43/459] SRTB
[20:43:07] [44/459] ETPB
[20:43:08] [45/459] MXBN
[20:43:08] [46/459] TOPE
[20:43:09] [47/459] SNLJ
[20:43:10] [48/459] CDDP
[20:43:11] [49/459] APCX
[20:43:12] [50/459] TALP
[20:43:13] [51/459] RRMP
[20:43:14] [52/459] MAHB
[20:43:15] [53/459] MTKR
[20:43:16] [54/459] KSKL
[20:43:17] [55/459] RJLT
[20:43:17] [56/459] ATAS
[20:43:18] [57/459] AMHR
[20:43:19] [58/459] RSRM
[20:43:20] [59/459] GCAT
[20:43:21] [60/459] SMML
[20:43:22] [61/459] ACCD
[20:43:24] [62/459] VYDA
[20:43:25] [63/459] MSKT
[20:43:26] [64/459] AVDM
[20:43:26] [65/459] ASMH
[20:43:27] [66/459] VTMB
[20:43:29] [67/459] WVMB
[20:43:29] [68/459] PPMN
[20:43:30] [69/459] MTMD
[20:43:31] [70/459] SMMO
[20:43:32] [71/459] DLPB
[20:43:33] [72/459] AKMD
[20:43:34] [73/459] SHRR
[20:43:35] [74/459] ASCO
[20:43:36] [75/459] CZVX
[20:43:37] [76/459] GCBB
[20:43:37] [77/459] ATBM
[20:43:38] [78/459] TCGM
[20:43:40] [79/459] UMSE
[20:43:41] [80/459] NKCL
[20:43:42] [81/459] BTLR
[20:43:42] [82/459] GOCL
[20:43:43] [83/459] MIRN
[20:43:46] [84/459] THEC
[20:43:46] [85/459] SPPB
[20:43:47] [86/459] PMMM
[20:43:48] [87/459] GGMC
[20:43:49] [88/459] AVSR
[20:43:49] [89/459] RDMH
[20:43:50] [90/459] JSRS
[20:43:51] [91/459] VKGP
[20:43:52] [92/459] ACRT
[20:43:53] [93/459] GCBA
[20:43:54] [94/459] GTCP
[20:43:55] [95/459] AKFC
[20:43:56] [96/459] INCS
[20:43:57] [97/459] SMCK
[20:43:58] [98/459] BRUN
[20:43:59] [99/459] RPPC
[20:44:00] [100/459] PAYD
[20:44:01] [101/459] SVVT
[20:44:02] [102/459] RNCC
[20:44:03] [103/459] PCRC
[20:44:03] [104/459] PMRM
[20:44:05] [105/459] CCRP
[20:44:06] [106/459] INCR
[20:44:07] [107/459] ZTMP
[20:44:08] [108/459] MCNR
[20:44:09] [109/459] INRP
[20:44:10] [110/459] STRC
[20:44:10] [111/459] RATI
[20:44:11] [112/459] PBTR
[20:44:12] [113/459] CMHP
[20:44:13] [114/459] ZECJ
[20:44:14] [115/459] CCCB
[20:44:14] [116/459] BWCB
[20:44:15] [117/459] CCAT
[20:44:16] [118/459] KGCM
[20:44:17] [119/459] INPT
[20:44:18] [120/459] FNCO
[20:44:18] [121/459] SRMJ
[20:44:19] [122/459] PFSC
[20:44:20] [123/459] PBMC
[20:44:21] [124/459] KARP
[20:44:21] [125/459] KOVI
[20:44:22] [126/459] ACXL
[20:44:23] [127/459] GKCC
[20:44:24] [128/459] ASCC
[20:44:25] [129/459] SETC
[20:44:26] [130/459] KACC
[20:44:27] [131/459] KAVE
[20:44:28] [132/459] CNTC
[20:44:28] [133/459] MEEN
[20:44:29] [134/459] BMRV
[20:44:30] [135/459] SVAM
[20:44:31] [136/459] VTBP
[20:44:31] [137/459] VCKN
[20:44:32] [138/459] SGTK
[20:44:33] [139/459] RCGS
[20:44:34] [140/459] RCCB
[20:44:35] [141/459] RKSR
[20:44:36] [142/459] RKCU
[20:44:37] [143/459] GIBH
[20:44:38] [144/459] CXBS
[20:44:39] [145/459] GGCB
[20:44:40] [146/459] SCPB
[20:44:41] [147/459] AKTB
[20:44:42] [148/459] SRBU
[20:44:43] [149/459] CSSA
[20:44:44] [150/459] MYAN
[20:44:44] [151/459] EXCA
[20:44:45] [152/459] CKSA
[20:44:46] [153/459] JTNM
[20:44:47] [154/459] CXKT
[20:44:48] [155/459] NCLM
[20:44:48] [156/459] JAAD
[20:44:49] [157/459] RDCR
[20:44:50] [158/459] MEER
[20:44:51] [159/459] SIBT
[20:44:52] [160/459] PVVB
[20:44:53] [161/459] FNPN
[20:44:54] [162/459] CRPX
[20:44:55] [163/459] STET
[20:44:55] [164/459] METE
[20:44:56] [165/459] BJML
[20:44:57] [166/459] MAVT
[20:44:58] [167/459] MSRM
[20:44:59] [168/459] TJMP
[20:45:00] [169/459] MHCK
[20:45:00] [170/459] SVGP
[20:45:01] [171/459] KRRC
[20:45:02] [172/459] IMCH
[20:45:03] [173/459] CMCS
[20:45:04] [174/459] SGND
[20:45:05] [175/459] RNAT
[20:45:06] [176/459] PRTN
[20:45:07] [177/459] MPTN
[20:45:08] [178/459] ARCC
[20:45:08] [179/459] NTTE
[20:45:09] [180/459] ABND
[20:45:10] [181/459] KCSN
[20:45:11] [182/459] KCSA
[20:45:12] [183/459] DCKT
[20:45:13] [184/459] MBBR
[20:45:14] [185/459] RAMU
[20:45:15] [186/459] RACW
[20:45:15] [187/459] MCHP
[20:45:16] [188/459] TMHM
[20:45:17] [189/459] STXH
[20:45:18] [190/459] AGSG
[20:45:19] [191/459] SIRA
[20:45:19] [192/459] RCAN
[20:45:21] [193/459] CWTB
[20:45:22] [194/459] VTYM
[20:45:22] [195/459] RRPP
[20:45:23] [196/459] ASMR
[20:45:24] [197/459] RONO
[20:45:25] [198/459] MEMR
[20:45:26] [199/459] CTMR
[20:45:26] [200/459] PMTT
[20:45:27] [201/459] PSLX
[20:45:28] [202/459] IPPL
[20:45:30] [203/459] MMSG
[20:45:31] [204/459] INEL
[20:45:32] [205/459] COAC
[20:45:33] [206/459] WVLK
[20:45:34] [207/459] PPXL
[20:45:35] [208/459] PSML
[20:45:36] [209/459] FNLK
[20:45:37] [210/459] ILUM
[20:45:38] [211/459] ILCM
[20:45:39] [212/459] MSNL
[20:45:40] [213/459] VINB
[20:45:40] [214/459] SALW
[20:45:41] [215/459] PRTB
[20:45:42] [216/459] NCIL
[20:45:43] [217/459] PSUL
[20:45:44] [218/459] SCLK
[20:45:44] [219/459] ADDC
[20:45:45] [220/459] OACL
[20:45:47] [221/459] OOCF
[20:45:48] [222/459] GPMF
[20:45:49] [223/459] SSDG
[20:45:49] [224/459] SKRS
[20:45:50] [225/459] NTTP
[20:45:51] [226/459] SLTP
[20:45:52] [227/459] JTLC
[20:45:53] [228/459] POON
[20:45:54] [229/459] CCPC
[20:45:55] [230/459] DCKC
[20:45:56] [231/459] CPRT
[20:45:57] [232/459] EYHZ
[20:45:58] [233/459] ARBL
[20:45:58] [234/459] SBTB
[20:45:59] [235/459] MMCK
[20:46:00] [236/459] PLMR
[20:46:01] [237/459] BIJH
[20:46:01] [238/459] SDRT
[20:46:02] [239/459] PRDC
[20:46:03] [240/459] OMJA
[20:46:04] [241/459] VKCR
[20:46:05] [242/459] ATRT
[20:46:06] [243/459] WVRP
[20:46:07] [244/459] MVRP
[20:46:07] [245/459] FCAX
[20:46:08] [246/459] CTLC
[20:46:09] [247/459] JCHB
[20:46:10] [248/459] SELP
[20:46:10] [249/459] VCPG
[20:46:11] [250/459] ASCX
[20:46:12] [251/459] EOCS
[20:46:13] [252/459] RCPH
[20:46:14] [253/459] RJTM
[20:46:14] [254/459] SGMD
[20:46:15] [255/459] SVJT
[20:46:16] [256/459] SPPO
[20:46:18] [257/459] MNRL
[20:46:18] [258/459] KNOX
[20:46:19] [259/459] GIER
[20:46:20] [260/459] PJMS
[20:46:22] [261/459] UNSP
[20:46:23] [262/459] JETP
[20:46:23] [263/459] VTWA
[20:46:24] [264/459] SCJI
[20:46:25] [265/459] CBZZ
[20:46:26] [266/459] SDCJ
[20:46:27] [267/459] RRCC
[20:46:27] [268/459] VNKG
[20:46:28] [269/459] LKTO
[20:46:30] [270/459] PJRM
[20:46:31] [271/459] NVRM
[20:46:31] [272/459] SJCS
[20:46:32] [273/459] VIGK
[20:46:33] [274/459] ANST
[20:46:34] [275/459] JTTS
[20:46:35] [276/459] NTST
[20:46:36] [277/459] PREB
[20:46:37] [278/459] TSCZ
[20:46:38] [279/459] CDCM
[20:46:38] [280/459] ELYE
[20:46:40] [281/459] INBS
[20:46:41] [282/459] SMGC
[20:46:42] [283/459] UTMP
[20:46:43] [284/459] INTA
[20:46:43] [285/459] OMPT
[20:46:44] [286/459] SCIR
[20:46:45] [287/459] GCKJ
[20:46:46] [288/459] INOG
[20:46:47] [289/459] SMGB
[20:46:48] [290/459] MCSG
[20:46:49] [291/459] STKG
[20:46:50] [292/459] TTKG
[20:46:50] [293/459] SRTR
[20:46:51] [294/459] ETTR
[20:46:52] [295/459] GGGZ
[20:46:53] [296/459] IPGM
[20:46:54] [297/459] FCDH
[20:46:55] [298/459] DESB
[20:46:56] [299/459] VNTP
[20:46:57] [300/459] ANNT
[20:46:58] [301/459] SLTI
[20:46:59] [302/459] MAJU
[20:47:00] [303/459] JCXP
[20:47:00] [304/459] HARK
[20:47:02] [305/459] JPCJ
[20:47:03] [306/459] RXBD
[20:47:03] [307/459] PTKJ
[20:47:04] [308/459] CMTU
[20:47:05] [309/459] SWOR
[20:47:06] [310/459] JMEX
[20:47:07] [311/459] DTPT
[20:47:08] [312/459] VGMM
[20:47:09] [313/459] VCSG
[20:47:10] [314/459] CVCG
[20:47:11] [315/459] TNTT
[20:47:12] [316/459] SHRM
[20:47:12] [317/459] CGKD
[20:47:13] [318/459] EKCM
[20:47:14] [319/459] SDCX
[20:47:15] [320/459] SBTE
[20:47:16] [321/459] STKJ
[20:47:16] [322/459] TPCE
[20:47:18] [323/459] JTNP
[20:47:18] [324/459] LPCH
[20:47:19] [325/459] CPUO
[20:47:20] [326/459] APSU
[20:47:21] [327/459] RTHC
[20:47:22] [328/459] PTBU
[20:47:23] [329/459] CUCC
[20:47:24] [330/459] CPSA
[20:47:25] [331/459] SUAY
[20:47:25] [332/459] AYAA
[20:47:27] [333/459] MUCH
[20:47:28] [334/459] PCIN
[20:47:29] [335/459] JRRM
[20:47:29] [336/459] KATS
[20:47:30] [337/459] MHFF
[20:47:31] [338/459] ESYM
[20:47:32] [339/459] STYV
[20:47:33] [340/459] SDKG
[20:47:34] [341/459] SMTI
[20:47:35] [342/459] NYCS
[20:47:36] [343/459] MTBG
[20:47:38] [344/459] RHCA
[20:47:39] [345/459] PCKH
[20:47:39] [346/459] ARCR
[20:47:40] [347/459] NCMB
[20:47:42] [348/459] SHYC
[20:47:43] [349/459] LACK
[20:47:44] [350/459] MTCM
[20:47:46] [351/459] RRBN
[20:47:47] [352/459] MYDC
[20:47:48] [353/459] STCS
[20:47:49] [354/459] CONN
[20:47:50] [355/459] SIPS
[20:47:51] [356/459] SMMX
[20:47:52] [357/459] SCBY
[20:47:53] [358/459] SUAP
[20:47:53] [359/459] RSMK
[20:47:54] [360/459] STKP
[20:47:55] [361/459] CIPC
[20:47:56] [362/459] KKCI
[20:47:57] [363/459] CTNK
[20:47:58] [364/459] MMTZ
[20:47:58] [365/459] DCCO
[20:47:59] [366/459] VNMN
[20:48:00] [367/459] RLCN
[20:48:01] [368/459] CMMS
[20:48:02] [369/459] AYOU
[20:48:03] [370/459] SSCN
[20:48:04] [371/459] SMXN
[20:48:05] [372/459] ASSK
[20:48:06] [373/459] VCKM
[20:48:07] [374/459] PCPH
[20:48:08] [375/459] PADM
[20:48:09] [376/459] IESA
[20:48:10] [377/459] VCSP
[20:48:10] [378/459] AEST
[20:48:12] [379/459] VTNR
[20:48:13] [380/459] GTTA
[20:48:13] [381/459] CMMM
[20:48:14] [382/459] AHKT
[20:48:15] [383/459] SIJI
[20:48:16] [384/459] VCEI
[20:48:17] [385/459] SAKR
[20:48:18] [386/459] VSMT
[20:48:19] [387/459] SSCT
[20:48:20] [388/459] USTR
[20:48:21] [389/459] MTKT
[20:48:21] [390/459] TGMP
[20:48:22] [391/459] SIVC
[20:48:23] [392/459] KICT
[20:48:24] [393/459] DAMD
[20:48:25] [394/459] CNPT
[20:48:26] [395/459] RVTT
[20:48:27] [396/459] SNCM
[20:48:28] [397/459] GHTE
[20:48:29] [398/459] PPAM
[20:48:29] [399/459] PVAA
[20:48:30] [400/459] CPAO
[20:48:31] [401/459] HAMD
[20:48:32] [402/459] RCCA
[20:48:32] [403/459] MPCH
[20:48:33] [404/459] ARED
[20:48:34] [405/459] RRCV
[20:48:35] [406/459] MTRB
[20:48:36] [407/459] CKUA
[20:48:37] [408/459] ABMP
[20:48:38] [409/459] RCWA
[20:48:39] [410/459] CGAR
[20:48:40] [411/459] METH
[20:48:40] [412/459] WAGA
[20:48:41] [413/459] MCMA
[20:48:42] [414/459] CSMP
[20:48:43] [415/459] RCNK
[20:48:44] [416/459] PSTM
[20:48:44] [417/459] CSEP
[20:48:45] [418/459] AMGD
[20:48:46] [419/459] CSTE
[20:48:47] [420/459] CONS
[20:48:48] [421/459] APPX
[20:48:48] [422/459] MABC
[20:48:49] [423/459] CXST
[20:48:50] [424/459] MATN
[20:48:51] [425/459] MACZ
[20:48:52] [426/459] MASA
[20:48:53] [427/459] MBSX
[20:48:54] [428/459] CSST
[20:48:54] [429/459] APCL
[20:48:55] [430/459] CGOS
[20:48:56] [431/459] CPEC
[20:48:57] [432/459] MCCP
[20:48:58] [433/459] BSSO
[20:48:58] [434/459] SJKA
[20:48:59] [435/459] CGBO
[20:49:01] [436/459] MVSK
[20:49:02] [437/459] HVCA
[20:49:02] [438/459] NAMD
[20:49:04] [439/459] DEVI
[20:49:05] [440/459] SCSV
[20:49:06] [441/459] PSMA
[20:49:07] [442/459] CLDJ
[20:49:07] [443/459] NMAD
[20:49:08] [444/459] CGMO
[20:49:09] [445/459] MCNA
[20:49:10] [446/459] OCBN
[20:49:11] [447/459] CPEM
[20:49:12] [448/459] CPSM
[20:49:12] [449/459] RCAD
[20:49:13] [450/459] CPMU
[20:49:14] [451/459] DICD
[20:49:15] [452/459] CHOE
[20:49:16] [453/459] PDJM
[20:49:17] [454/459] SSTU
[20:49:18] [455/459] VNRN
[20:49:19] [456/459] PVLG
[20:49:20] [457/459] SWBL
[20:49:21] [458/459] SCAB
[20:49:22] [459/459] RDDA
[20:49:23] 🧹 Deduping shows
[20:49:23] ✅ DONE | Shows=3278 | Movies=74
