[20:21:52] 🚀 SCRIPT STARTED
[20:21:52] [1/324] GCTA
[20:21:52] 🧠 New identity created
[20:21:53] [2/324] TOPN
[20:21:54] [3/324] MCUS
[20:21:54] [4/324] SHRL
[20:21:55] [5/324] UPTP
[20:21:56] [6/324] TMMP
[20:21:57] [7/324] DNRP
[20:21:58] [8/324] SRLT
[20:21:59] [9/324] RCNS
[20:22:00] [10/324] DCBH
[20:22:01] [11/324] NAGJ
[20:22:02] [12/324] JVRC
[20:22:03] [13/324] KRJG
[20:22:03] [14/324] SRTJ
[20:22:05] [15/324] CMXM
[20:22:07] [16/324] STMI
[20:22:08] [17/324] SLST
[20:22:09] [18/324] DTCN
[20:22:10] [19/324] STYN
[20:22:11] [20/324] SZVR
[20:22:12] [21/324] SRKO
[20:22:14] [22/324] JTGT
[20:22:16] [23/324] SVFD
[20:22:16] [24/324] SISD
[20:22:18] [25/324] ABDD
[20:22:19] [26/324] DRCA
[20:22:20] [27/324] AVCS
[20:22:21] [28/324] MVKH
[20:22:21] [29/324] ACPR
[20:22:22] [30/324] STIP
[20:22:23] [31/324] MTRA
[20:22:25] [32/324] RMKH
[20:22:26] [33/324] NKRL
[20:22:27] [34/324] PCWN
[20:22:27] [35/324] BLMT
[20:22:28] [36/324] GDPG
[20:22:29] [37/324] SRMX
[20:22:30] [38/324] JACP
[20:22:31] [39/324] CPSH
[20:22:32] [40/324] MCCD
[20:22:32] [41/324] ECGH
[20:22:33] [42/324] MKCK
[20:22:34] [43/324] SRMM
[20:22:36] [44/324] SKYR
[20:22:37] [45/324] PCKC
[20:22:37] [46/324] JCMA
[20:22:38] [47/324] BSMP
[20:22:39] [48/324] VSPA
[20:22:40] [49/324] DJYA
[20:22:40] [50/324] DIMP
[20:22:41] [51/324] FXDR
[20:22:42] [52/324] SSRC
[20:22:43] [53/324] STHP
[20:22:44] [54/324] CPPD
[20:22:45] [55/324] FCLK
[20:22:46] [56/324] SCPP
[20:22:46] [57/324] DCMJ
[20:22:47] [58/324] RCCR
[20:22:48] [59/324] INMT
[20:22:49] [60/324] LXTK
[20:22:50] [61/324] SRYK
[20:22:51] [62/324] SGDK
[20:22:52] [63/324] PPKA
[20:22:52] [64/324] SPKA
[20:22:53] [65/324] CGHH
[20:22:54] [66/324] DCJN
[20:22:56] [67/324] SRKV
[20:22:56] [68/324] SAJC
[20:22:58] [69/324] SUSR
[20:23:00] [70/324] STYG
[20:23:01] [71/324] NTKP
[20:23:01] [72/324] AKTG
[20:23:02] [73/324] CGCM
[20:23:04] [74/324] TULC
[20:23:04] [75/324] NYYZ
[20:23:05] [76/324] NYBW
[20:23:06] [77/324] MACB
[20:23:07] [78/324] SLVT
[20:23:08] [79/324] SANA
[20:23:09] [80/324] ACMR
[20:23:10] [81/324] CPKN
[20:23:11] [82/324] DLGK
[20:23:12] [83/324] CWCK
[20:23:13] [84/324] FDDH
[20:23:13] [85/324] MMMD
[20:23:14] [86/324] CMEH
[20:23:15] [87/324] GGGV
[20:23:16] [88/324] SPJL
[20:23:17] [89/324] RCCD
[20:23:18] [90/324] STTZ
[20:23:19] [91/324] BTCF
[20:23:20] [92/324] TSTZ
[20:23:20] [93/324] IPMM
[20:23:21] [94/324] PMPW
[20:23:22] [95/324] PCMZ
[20:23:24] [96/324] ESEM
[20:23:25] [97/324] PIPO
[20:23:26] [98/324] MATK
[20:23:27] [99/324] PGHM
[20:23:27] [100/324] CTSR
[20:23:28] [101/324] CYKR
[20:23:29] [102/324] MSCM
[20:23:30] [103/324] RFNP
[20:23:31] [104/324] PDCP
[20:23:32] [105/324] NPSE
[20:23:33] [106/324] MKML
[20:23:34] [107/324] FTDP
[20:23:35] [108/324] MMXA
[20:23:36] [109/324] CEPO
[20:23:37] [110/324] CMVP
[20:23:38] [111/324] SGTH
[20:23:39] [112/324] SAYN
[20:23:40] [113/324] URVS
[20:23:41] [114/324] VJTN
[20:23:41] [115/324] BBYK
[20:23:43] [116/324] SHBO
[20:23:44] [117/324] VCMR
[20:23:45] [118/324] MACT
[20:23:46] [119/324] JMNP
[20:23:46] [120/324] VICS
[20:23:48] [121/324] VCDA
[20:23:49] [122/324] GCMM
[20:23:51] [123/324] INVS
[20:23:51] [124/324] SCGM
[20:23:53] [125/324] PCDA
[20:23:54] [126/324] KDCT
[20:23:55] [127/324] JACS
[20:23:56] [128/324] GMMC
[20:23:57] [129/324] AICM
[20:23:57] [130/324] TJCM
[20:23:58] [131/324] RMTI
[20:23:59] [132/324] SHAC
[20:24:00] [133/324] APJC
[20:24:01] [134/324] GCTG
[20:24:02] [135/324] SSMC
[20:24:04] [136/324] THRM
[20:24:05] [137/324] RBCT
[20:24:06] [138/324] DIKT
[20:24:07] [139/324] MIDL
[20:24:08] [140/324] VCSN
[20:24:09] [141/324] SKTG
[20:24:11] [142/324] SMWC
[20:24:12] [143/324] MNKH
[20:24:13] [144/324] PIAT
[20:24:14] [145/324] LTTP
[20:24:15] [146/324] PTPU
[20:24:16] [147/324] ACMG
[20:24:17] [148/324] SHMM
[20:24:18] [149/324] MCMN
[20:24:18] [150/324] GLDC
[20:24:19] [151/324] HOUT
[20:24:21] [152/324] SVRP
[20:24:23] [153/324] PVDN
[20:24:24] [154/324] SCPY
[20:24:26] [155/324] DTPY
[20:24:26] [156/324] GKCS
[20:24:27] [157/324] NCAM
[20:24:28] [158/324] BSRM
[20:24:29] [159/324] RCLC
[20:24:30] [160/324] SKKD
[20:24:31] [161/324] ACHU
[20:24:32] [162/324] RSCF
[20:24:33] [163/324] IMSH
[20:24:33] [164/324] MACX
[20:24:34] [165/324] HMMW
[20:24:35] [166/324] JTCP
[20:24:36] [167/324] SREN
[20:24:37] [168/324] PJRR
[20:24:38] [169/324] INAC
[20:24:39] [170/324] BMCA
[20:24:39] [171/324] SHCB
[20:24:40] [172/324] GABA
[20:24:41] [173/324] SBCT
[20:24:43] [174/324] GCMA
[20:24:44] [175/324] MYTK
[20:24:45] [176/324] INZS
[20:24:45] [177/324] RMIK
[20:24:46] [178/324] NYCH
[20:24:47] [179/324] RAVE
[20:24:49] [180/324] PSXM
[20:24:50] [181/324] MCGP
[20:24:50] [182/324] PDDK
[20:24:51] [183/324] SPCK
[20:24:52] [184/324] MCRL
[20:24:53] [185/324] MHKT
[20:24:54] [186/324] ANRR
[20:24:54] [187/324] SAPK
[20:24:55] [188/324] NCUK
[20:24:56] [189/324] JUGA
[20:24:57] [190/324] DBSC
[20:24:57] [191/324] LALK
[20:24:59] [192/324] GUCK
[20:25:00] [193/324] STSG
[20:25:01] [194/324] PPPZ
[20:25:02] [195/324] CNCY
[20:25:02] [196/324] MTAR
[20:25:03] [197/324] VNKD
[20:25:04] [198/324] KMAJ
[20:25:05] [199/324] ACXK
[20:25:06] [200/324] UTKC
[20:25:08] [201/324] PBLK
[20:25:09] [202/324] ACBX
[20:25:11] [203/324] PTGM
[20:25:11] [204/324] BTDA
[20:25:12] [205/324] PJMB
[20:25:13] [206/324] TPDA
[20:25:14] [207/324] AMOE
[20:25:15] [208/324] PRHT
[20:25:15] [209/324] PRTA
[20:25:17] [210/324] STAM
[20:25:18] [211/324] MSAA
[20:25:19] [212/324] SDLU
[20:25:19] [213/324] RCHH
[20:25:20] [214/324] KANT
[20:25:22] [215/324] FCRT
[20:25:23] [216/324] DNKM
[20:25:23] [217/324] RYCP
[20:25:24] [218/324] MYRP
[20:25:25] [219/324] PPAK
[20:25:26] [220/324] NVPK
[20:25:27] [221/324] PRMC
[20:25:28] [222/324] JBCS
[20:25:29] [223/324] GXCK
[20:25:30] [224/324] USKO
[20:25:31] [225/324] GTEM
[20:25:31] [226/324] SMBU
[20:25:32] [227/324] VETC
[20:25:33] [228/324] LCDA
[20:25:34] [229/324] MTVT
[20:25:35] [230/324] PYCP
[20:25:35] [231/324] PNSC
[20:25:36] [232/324] PPCC
[20:25:37] [233/324] TGRT
[20:25:38] [234/324] JYOT
[20:25:39] [235/324] SRCZ
[20:25:40] [236/324] SJTE
[20:25:40] [237/324] DESC
[20:25:41] [238/324] JHVN
[20:25:42] [239/324] IPSG
[20:25:43] [240/324] IPCM
[20:25:44] [241/324] PDRS
[20:25:45] [242/324] ANCV
[20:25:46] [243/324] CMVV
[20:25:47] [244/324] SHYP
[20:25:47] [245/324] DNCS
[20:25:48] [246/324] GAJK
[20:25:49] [247/324] AKTN
[20:25:50] [248/324] KAYA
[20:25:51] [249/324] SBRC
[20:25:52] [250/324] CHTP
[20:25:52] [251/324] SHRT
[20:25:53] [252/324] BCKU
[20:25:54] [253/324] FCPS
[20:25:55] [254/324] ARDD
[20:25:57] [255/324] CPCM
[20:25:58] [256/324] CGSM
[20:25:58] [257/324] PSMP
[20:25:59] [258/324] SDAL
[20:26:00] [259/324] RTNB
[20:26:01] [260/324] LMCR
[20:26:03] [261/324] CIMA
[20:26:04] [262/324] RNAS
[20:26:05] [263/324] LITH
[20:26:05] [264/324] PBOX
[20:26:06] [265/324] FRTS
[20:26:07] [266/324] RKIC
[20:26:08] [267/324] PTAI
[20:26:10] [268/324] GCIC
[20:26:10] [269/324] FNAS
[20:26:11] [270/324] SCAR
[20:26:12] [271/324] MTCA
[20:26:13] [272/324] SCTS
[20:26:14] [273/324] SYCS
[20:26:15] [274/324] RDMS
[20:26:16] [275/324] KAMP
[20:26:17] [276/324] ERSD
[20:26:18] [277/324] MJMJ
[20:26:18] [278/324] SRCJ
[20:26:20] [279/324] SCXE
[20:26:21] [280/324] SVFR
[20:26:22] [281/324] BHCS
[20:26:22] [282/324] IMCC
[20:26:23] [283/324] PCBO
[20:26:25] [284/324] PRVN
[20:26:26] [285/324] AUPM
[20:26:26] [286/324] INBW
[20:26:27] [287/324] SVCW
[20:26:28] [288/324] RKCF
[20:26:29] [289/324] UVBH
[20:26:30] [290/324] DNCY
[20:26:31] [291/324] ABCN
[20:26:31] [292/324] PRUR
[20:26:32] [293/324] PFMR
[20:26:33] [294/324] RKCN
[20:26:34] [295/324] CFEA
[20:26:35] [296/324] SDBG
[20:26:36] [297/324] SNAR
[20:26:37] [298/324] YISI
[20:26:38] [299/324] JCFF
[20:26:39] [300/324] VTRK
[20:26:40] [301/324] PCLZ
[20:26:41] [302/324] DIMY
[20:26:41] [303/324] BBTS
[20:26:42] [304/324] GATH
[20:26:43] [305/324] GTMN
[20:26:44] [306/324] VTMH
[20:26:44] [307/324] CCKP
[20:26:45] [308/324] GPKA
[20:26:47] [309/324] MHCL
[20:26:48] [310/324] ATCL
[20:26:50] [311/324] SBCK
[20:26:50] [312/324] AMMR
[20:26:51] [313/324] MADC
[20:26:52] [314/324] TMMA
[20:26:53] [315/324] CACC
[20:26:54] [316/324] CHAL
[20:26:55] [317/324] DURG
[20:26:56] [318/324] GMKU
[20:26:56] [319/324] GECA
[20:26:58] [320/324] KYRR
[20:26:59] [321/324] KSDE
[20:27:00] [322/324] LMCI
[20:27:01] [323/324] NKCP
[20:27:01] [324/324] BGTC
[20:27:03] 🧹 Deduping shows
[20:27:03] ✅ DONE | Shows=2000 | Movies=63
