[12:44:00] 🚀 SCRIPT STARTED
[12:44:00] [1/459] FNDB
[12:44:00] 🧠 New identity created
[12:44:01] [2/459] AMBH
[12:44:03] [3/459] PRHN
[12:44:03] [4/459] ACPM
[12:44:05] [5/459] PVFS
[12:44:06] [6/459] AACN
[12:44:07] [7/459] ACAS
[12:44:07] [8/459] CTNR
[12:44:08] [9/459] MMAH
[12:44:09] [10/459] CPMH
[12:44:10] [11/459] IGMH
[12:44:11] [12/459] ABCS
[12:44:12] [13/459] CMMA
[12:44:12] [14/459] GPRH
[12:44:13] [15/459] PNNG
[12:44:15] [16/459] AMCA
[12:44:16] [17/459] ISTN
[12:44:17] [18/459] PIIC
[12:44:18] [19/459] AHMH
[12:44:19] [20/459] ASHN
[12:44:20] [21/459] INHY
[12:44:20] [22/459] SRMO
[12:44:21] [23/459] PIMH
[12:44:22] [24/459] PVTS
[12:44:23] [25/459] MMCA
[12:44:24] [26/459] AKYJ
[12:44:25] [27/459] BRKH
[12:44:26] [28/459] MAHM
[12:44:26] [29/459] CPHY
[12:44:27] [30/459] PVTP
[12:44:28] [31/459] SMMR
[12:44:29] [32/459] PVHM
[12:44:30] [33/459] SNDY
[12:44:31] [34/459] GOKU
[12:44:32] [35/459] ACEV
[12:44:33] [36/459] PVUM
[12:44:34] [37/459] VSWA
[12:44:35] [38/459] IPRS
[12:44:36] [39/459] ASGN
[12:44:36] [40/459] BKMV
[12:44:37] [41/459] PVYH
[12:44:38] [42/459] INKM
[12:44:39] [43/459] ARJU
[12:44:40] [44/459] JJPP
[12:44:41] [45/459] SSRM
[12:44:41] [46/459] HMHD
[12:44:42] [47/459] SNKH
[12:44:43] [48/459] ACHI
[12:44:43] [49/459] MRAA
[12:44:44] [50/459] INMH
[12:44:45] [51/459] ARMH
[12:44:46] [52/459] DVRR
[12:44:47] [53/459] SUDA
[12:44:48] [54/459] MCSS
[12:44:49] [55/459] VRKC
[12:44:50] [56/459] PRCX
[12:44:51] [57/459] ASJY
[12:44:52] [58/459] MTHY
[12:44:53] [59/459] SRCM
[12:44:54] [60/459] TVHY
[12:44:54] [61/459] STHD
[12:44:55] [62/459] CPCL
[12:44:56] [63/459] PSMJ
[12:44:57] [64/459] MRGT
[12:44:58] [65/459] ARYH
[12:44:59] [66/459] VTRB
[12:45:00] [67/459] SCHC
[12:45:00] [68/459] MRRG
[12:45:01] [69/459] SPCB
[12:45:02] [70/459] AMCM
[12:45:03] [71/459] IVNM
[12:45:04] [72/459] TRHY
[12:45:05] [73/459] PTTH
[12:45:06] [74/459] RKMH
[12:45:07] [75/459] PRCS
[12:45:07] [76/459] VAJA
[12:45:08] [77/459] BJNG
[12:45:09] [78/459] SCVM
[12:45:10] [79/459] GNHB
[12:45:11] [80/459] TLUR
[12:45:11] [81/459] UKCC
[12:45:12] [82/459] SRKR
[12:45:13] [83/459] RMKN
[12:45:14] [84/459] SLRT
[12:45:15] [85/459] LKMT
[12:45:16] [86/459] SSRJ
[12:45:16] [87/459] SPHT
[12:45:17] [88/459] ANTT
[12:45:18] [89/459] SRCH
[12:45:19] [90/459] SRCA
[12:45:20] [91/459] ARTH
[12:45:20] [92/459] MCBH
[12:45:21] [93/459] SNIB
[12:45:22] [94/459] SART
[12:45:23] [95/459] SKTA
[12:45:24] [96/459] YAKT
[12:45:24] [97/459] MLCK
[12:45:26] [98/459] ANTS
[12:45:27] [99/459] DGCA
[12:45:27] [100/459] SGMP
[12:45:29] [101/459] ASWN
[12:45:30] [102/459] KFVU
[12:45:31] [103/459] POOR
[12:45:32] [104/459] GKDN
[12:45:32] [105/459] EOSE
[12:45:33] [106/459] GTTT
[12:45:34] [107/459] ARRO
[12:45:35] [108/459] CMMK
[12:45:36] [109/459] MSCN
[12:45:37] [110/459] GDKH
[12:45:38] [111/459] DLMT
[12:45:39] [112/459] PVMF
[12:45:40] [113/459] CPCK
[12:45:41] [114/459] VMHE
[12:45:43] [115/459] PVLC
[12:45:43] [116/459] PCVB
[12:45:44] [117/459] SNYK
[12:45:45] [118/459] KTEK
[12:45:46] [119/459] PCNM
[12:45:46] [120/459] NTTR
[12:45:47] [121/459] CPSK
[12:45:48] [122/459] JMMA
[12:45:49] [123/459] GCFK
[12:45:49] [124/459] MYCA
[12:45:50] [125/459] KSNP
[12:45:51] [126/459] PMCE
[12:45:52] [127/459] SCKI
[12:45:53] [128/459] FSMA
[12:45:53] [129/459] CETA
[12:45:54] [130/459] MCIK
[12:45:55] [131/459] MYCR
[12:45:56] [132/459] EVMP
[12:45:57] [133/459] SSGT
[12:45:58] [134/459] KCTK
[12:45:59] [135/459] ZTKC
[12:46:00] [136/459] MMTA
[12:46:01] [137/459] MAJT
[12:46:02] [138/459] ACPK
[12:46:03] [139/459] JMAX
[12:46:04] [140/459] SETK
[12:46:05] [141/459] CAIS
[12:46:07] [142/459] AGCD
[12:46:08] [143/459] URCL
[12:46:08] [144/459] VTDS
[12:46:09] [145/459] JCNM
[12:46:10] [146/459] KCAM
[12:46:11] [147/459] ADCU
[12:46:12] [148/459] GXYN
[12:46:13] [149/459] SMJG
[12:46:13] [150/459] EYCJ
[12:46:14] [151/459] CCEJ
[12:46:15] [152/459] MARS
[12:46:16] [153/459] CPVJ
[12:46:17] [154/459] INVP
[12:46:17] [155/459] CPOV
[12:46:18] [156/459] VIJK
[12:46:19] [157/459] LAIM
[12:46:20] [158/459] STHV
[12:46:21] [159/459] SVLJ
[12:46:21] [160/459] ATVJ
[12:46:22] [161/459] JTSC
[12:46:23] [162/459] RMTV
[12:46:24] [163/459] MGGG
[12:46:25] [164/459] SWTH
[12:46:26] [165/459] INVJ
[12:46:26] [166/459] PRSV
[12:46:27] [167/459] JATV
[12:46:28] [168/459] RCVD
[12:46:29] [169/459] BDMA
[12:46:30] [170/459] BLJI
[12:46:30] [171/459] SWOT
[12:46:31] [172/459] SWRN
[12:46:32] [173/459] TVRA
[12:46:33] [174/459] VCSV
[12:46:34] [175/459] NVRN
[12:46:35] [176/459] SIKC
[12:46:36] [177/459] VAKR
[12:46:38] [178/459] SYLN
[12:46:38] [179/459] KLJL
[12:46:39] [180/459] LKMY
[12:46:40] [181/459] VSLY
[12:46:42] [182/459] CIKO
[12:46:42] [183/459] GPBG
[12:46:43] [184/459] CECM
[12:46:44] [185/459] SLKB
[12:46:45] [186/459] MTBO
[12:46:45] [187/459] SSHB
[12:46:46] [188/459] VPCS
[12:46:47] [189/459] RCSR
[12:46:48] [190/459] RJRM
[12:46:49] [191/459] KPPB
[12:46:50] [192/459] SEDC
[12:46:51] [193/459] SCAI
[12:46:52] [194/459] RMTR
[12:46:52] [195/459] ASST
[12:46:53] [196/459] GCAK
[12:46:54] [197/459] ANNK
[12:46:55] [198/459] KDDF
[12:46:55] [199/459] NRDP
[12:46:56] [200/459] PLAK
[12:46:57] [201/459] GCMC
[12:46:58] [202/459] ALPY
[12:46:58] [203/459] SICE
[12:46:59] [204/459] SISR
[12:47:01] [205/459] SRPZ
[12:47:01] [206/459] SRSW
[12:47:02] [207/459] SUYA
[12:47:03] [208/459] AMMT
[12:47:04] [209/459] BHCU
[12:47:05] [210/459] KLPA
[12:47:06] [211/459] NVKH
[12:47:07] [212/459] JMRC
[12:47:08] [213/459] KTTT
[12:47:08] [214/459] MAGH
[12:47:09] [215/459] MMMX
[12:47:10] [216/459] SALJ
[12:47:11] [217/459] GTJA
[12:47:12] [218/459] MAHT
[12:47:14] [219/459] SSNN
[12:47:15] [220/459] ARRP
[12:47:16] [221/459] ATNS
[12:47:17] [222/459] SKDT
[12:47:18] [223/459] ACAT
[12:47:19] [224/459] APRC
[12:47:20] [225/459] SWAG
[12:47:21] [226/459] SDPT
[12:47:22] [227/459] STPS
[12:47:23] [228/459] WWCZ
[12:47:24] [229/459] LLCH
[12:47:25] [230/459] MZHA
[12:47:26] [231/459] CRJG
[12:47:27] [232/459] JGTK
[12:47:28] [233/459] KCSR
[12:47:29] [234/459] CHTL
[12:47:30] [235/459] EDSR
[12:47:31] [236/459] CSWO
[12:47:32] [237/459] CPVM
[12:47:33] [238/459] MXBY
[12:47:34] [239/459] FMMA
[12:47:34] [240/459] POVI
[12:47:35] [241/459] MTHB
[12:47:36] [242/459] INRC
[12:47:36] [243/459] PIPP
[12:47:37] [244/459] BMXC
[12:47:38] [245/459] PCMM
[12:47:39] [246/459] PMKM
[12:47:40] [247/459] GATY
[12:47:40] [248/459] IMCM
[12:47:42] [249/459] POPE
[12:47:42] [250/459] MTCR
[12:47:43] [251/459] PVAE
[12:47:44] [252/459] PVMI
[12:47:45] [253/459] CPNM
[12:47:46] [254/459] FMRL
[12:47:46] [255/459] MCIW
[12:47:47] [256/459] MXBO
[12:47:49] [257/459] FMKY
[12:47:50] [258/459] FMDA
[12:47:50] [259/459] THAB
[12:47:51] [260/459] PRCW
[12:47:52] [261/459] PITI
[12:47:53] [262/459] MCFF
[12:47:54] [263/459] PDDV
[12:47:55] [264/459] MCRM
[12:47:57] [265/459] KKMB
[12:47:57] [266/459] INKO
[12:47:58] [267/459] PLXP
[12:47:59] [268/459] MMHA
[12:48:00] [269/459] FMVS
[12:48:01] [270/459] POLM
[12:48:02] [271/459] STER
[12:48:03] [272/459] PVWJ
[12:48:04] [273/459] IMJW
[12:48:05] [274/459] FNAN
[12:48:06] [275/459] CAGL
[12:48:06] [276/459] IPBG
[12:48:07] [277/459] SMFV
[12:48:08] [278/459] MMMR
[12:48:09] [279/459] MMWM
[12:48:10] [280/459] FNCM
[12:48:11] [281/459] MDVA
[12:48:12] [282/459] MMET
[12:48:13] [283/459] MIDO
[12:48:14] [284/459] INNP
[12:48:15] [285/459] MIFU
[12:48:16] [286/459] MMSZ
[12:48:17] [287/459] BMXA
[12:48:18] [288/459] MCAA
[12:48:19] [289/459] SCVP
[12:48:20] [290/459] PLUS
[12:48:21] [291/459] MUCK
[12:48:21] [292/459] MTMA
[12:48:22] [293/459] HPVR
[12:48:23] [294/459] PMPK
[12:48:24] [295/459] MAJB
[12:48:25] [296/459] CTRR
[12:48:25] [297/459] MCTG
[12:48:26] [298/459] MACE
[12:48:27] [299/459] AAAS
[12:48:28] [300/459] CPVV
[12:48:28] [301/459] RCHG
[12:48:29] [302/459] MCNE
[12:48:31] [303/459] EMNC
[12:48:32] [304/459] MCAN
[12:48:32] [305/459] TCDM
[12:48:33] [306/459] IRGT
[12:48:34] [307/459] GCMG
[12:48:35] [308/459] MXSN
[12:48:36] [309/459] MXCK
[12:48:37] [310/459] MCRC
[12:48:38] [311/459] RSMI
[12:48:38] [312/459] WAML
[12:48:39] [313/459] MTSC
[12:48:40] [314/459] FMDR
[12:48:42] [315/459] LEPV
[12:48:43] [316/459] MTGD
[12:48:44] [317/459] IMOB
[12:48:44] [318/459] CLMM
[12:48:45] [319/459] PZCD
[12:48:46] [320/459] GOCS
[12:48:47] [321/459] KCMA
[12:48:48] [322/459] CCMP
[12:48:49] [323/459] MTSU
[12:48:50] [324/459] SNGL
[12:48:51] [325/459] MMMC
[12:48:52] [326/459] MMAA
[12:48:53] [327/459] GCDM
[12:48:54] [328/459] KTMV
[12:48:54] [329/459] AETE
[12:48:55] [330/459] OMCS
[12:48:56] [331/459] GDCD
[12:48:57] [332/459] NYMD
[12:48:58] [333/459] RNCV
[12:48:59] [334/459] KKMT
[12:49:00] [335/459] GDTH
[12:49:01] [336/459] KMMV
[12:49:02] [337/459] NHCG
[12:49:02] [338/459] PJDW
[12:49:03] [339/459] MMCV
[12:49:04] [340/459] FQSA
[12:49:05] [341/459] KURL
[12:49:06] [342/459] NNNX
[12:49:06] [343/459] AMAU
[12:49:07] [344/459] VVVM
[12:49:08] [345/459] VECU
[12:49:08] [346/459] WCVR
[12:49:09] [347/459] MTGG
[12:49:10] [348/459] SGTG
[12:49:11] [349/459] MNTG
[12:49:12] [350/459] JDDG
[12:49:13] [351/459] MBTK
[12:49:15] [352/459] SGCD
[12:49:15] [353/459] MCTC
[12:49:16] [354/459] JTPC
[12:49:17] [355/459] SDKT
[12:49:19] [356/459] KRCC
[12:49:19] [357/459] RMMD
[12:49:20] [358/459] AAME
[12:49:21] [359/459] TMWC
[12:49:22] [360/459] NRWY
[12:49:23] [361/459] CITD
[12:49:23] [362/459] VERD
[12:49:24] [363/459] MKSK
[12:49:26] [364/459] STSM
[12:49:26] [365/459] MJDG
[12:49:27] [366/459] RKPM
[12:49:28] [367/459] SSCE
[12:49:29] [368/459] VMAE
[12:49:30] [369/459] SBRU
[12:49:30] [370/459] AMBC
[12:49:31] [371/459] AMLU
[12:49:32] [372/459] INVZ
[12:49:33] [373/459] LGTV
[12:49:33] [374/459] SVAD
[12:49:34] [375/459] SMSA
[12:49:35] [376/459] SPCZ
[12:49:36] [377/459] GTCX
[12:49:37] [378/459] SCSL
[12:49:38] [379/459] SAHU
[12:49:39] [380/459] NCDA
[12:49:39] [381/459] SCCG
[12:49:40] [382/459] VKTL
[12:49:41] [383/459] PUUJ
[12:49:42] [384/459] STEJ
[12:49:43] [385/459] RJAL
[12:49:44] [386/459] ACJC
[12:49:44] [387/459] VTHC
[12:49:45] [388/459] ARVB
[12:49:46] [389/459] AUBB
[12:49:46] [390/459] GDBR
[12:49:47] [391/459] PVND
[12:49:48] [392/459] BGRJ
[12:49:49] [393/459] RJMM
[12:49:50] [394/459] MCSA
[12:49:50] [395/459] BODA
[12:49:52] [396/459] JAGG
[12:49:53] [397/459] SCGA
[12:49:54] [398/459] LRCM
[12:49:55] [399/459] CPCN
[12:49:56] [400/459] SSTF
[12:49:57] [401/459] SRXP
[12:49:57] [402/459] CNFX
[12:49:58] [403/459] ANDI
[12:49:59] [404/459] SYEW
[12:50:00] [405/459] RCRE
[12:50:01] [406/459] SCRW
[12:50:01] [407/459] MBKR
[12:50:02] [408/459] ASNT
[12:50:03] [409/459] JTMT
[12:50:04] [410/459] SHAY
[12:50:05] [411/459] VRTH
[12:50:05] [412/459] SPTI
[12:50:06] [413/459] DPTD
[12:50:06] [414/459] TGSN
[12:50:07] [415/459] RCWV
[12:50:08] [416/459] OCUR
[12:50:09] [417/459] KSTC
[12:50:11] [418/459] SANI
[12:50:11] [419/459] MLCA
[12:50:12] [420/459] EGCA
[12:50:13] [421/459] SYSN
[12:50:14] [422/459] PKTA
[12:50:15] [423/459] PRCC
[12:50:16] [424/459] KSTR
[12:50:17] [425/459] SNTP
[12:50:18] [426/459] RCHA
[12:50:19] [427/459] SEEA
[12:50:20] [428/459] ALAT
[12:50:21] [429/459] AATV
[12:50:22] [430/459] RJTE
[12:50:22] [431/459] AAPP
[12:50:23] [432/459] PMMH
[12:50:24] [433/459] INRJ
[12:50:25] [434/459] SARB
[12:50:26] [435/459] PCJL
[12:50:26] [436/459] PFJJ
[12:50:27] [437/459] GRDC
[12:50:28] [438/459] BCBA
[12:50:29] [439/459] VIXL
[12:50:30] [440/459] CSTL
[12:50:31] [441/459] MTDK
[12:50:31] [442/459] TDAC
[12:50:32] [443/459] GTDN
[12:50:33] [444/459] TTDE
[12:50:34] [445/459] ASTS
[12:50:35] [446/459] CPNS
[12:50:36] [447/459] PVVW
[12:50:36] [448/459] USEB
[12:50:38] [449/459] DTYN
[12:50:39] [450/459] PVLE
[12:50:40] [451/459] CIPS
[12:50:40] [452/459] PAEG
[12:50:41] [453/459] PTCW
[12:50:42] [454/459] G3SR
[12:50:43] [455/459] PGND
[12:50:44] [456/459] INVM
[12:50:45] [457/459] SPIA
[12:50:45] [458/459] PCSN
[12:50:46] [459/459] PPGV
[12:50:47] 🧹 Deduping shows
[12:50:47] ✅ DONE | Shows=4766 | Movies=77
