[12:44:07] 🚀 SCRIPT STARTED
[12:44:07] [1/459] MCCZ
[12:44:07] 🧠 New identity created
[12:44:08] [2/459] FRPU
[12:44:09] [3/459] SKSI
[12:44:11] [4/459] SSCK
[12:44:11] [5/459] SRDC
[12:44:12] [6/459] RSCZ
[12:44:13] [7/459] PRVT
[12:44:14] [8/459] GAGJ
[12:44:14] [9/459] SMHG
[12:44:15] [10/459] JTST
[12:44:16] [11/459] MYTH
[12:44:17] [12/459] JPCC
[12:44:17] [13/459] ACDC
[12:44:18] [14/459] SVFP
[12:44:19] [15/459] SFCM
[12:44:20] [16/459] RUPK
[12:44:21] [17/459] NTCR
[12:44:22] [18/459] RTCH
[12:44:22] [19/459] SCMH
[12:44:23] [20/459] SVYM
[12:44:24] [21/459] SPYM
[12:44:25] [22/459] SMMF
[12:44:26] [23/459] CLLB
[12:44:27] [24/459] FMCB
[12:44:28] [25/459] BBTC
[12:44:29] [26/459] NTHS
[12:44:29] [27/459] PKKJ
[12:44:30] [28/459] MTJA
[12:44:31] [29/459] PMSJ
[12:44:32] [30/459] JMJU
[12:44:33] [31/459] SRAD
[12:44:34] [32/459] MJMC
[12:44:36] [33/459] DFRM
[12:44:36] [34/459] PMRS
[12:44:37] [35/459] RKPP
[12:44:39] [36/459] BMBK
[12:44:40] [37/459] NEWS
[12:44:41] [38/459] SALB
[12:44:41] [39/459] SCPW
[12:44:42] [40/459] RAYL
[12:44:43] [41/459] CMGJ
[12:44:44] [42/459] JRCR
[12:44:45] [43/459] SRTB
[12:44:45] [44/459] ETPB
[12:44:46] [45/459] MXBN
[12:44:47] [46/459] TOPE
[12:44:48] [47/459] SNLJ
[12:44:49] [48/459] CDDP
[12:44:50] [49/459] APCX
[12:44:51] [50/459] TALP
[12:44:52] [51/459] RRMP
[12:44:53] [52/459] MAHB
[12:44:54] [53/459] MTKR
[12:44:55] [54/459] KSKL
[12:44:56] [55/459] RJLT
[12:44:56] [56/459] ATAS
[12:44:58] [57/459] AMHR
[12:45:00] [58/459] RSRM
[12:45:00] [59/459] GCAT
[12:45:01] [60/459] SMML
[12:45:02] [61/459] ACCD
[12:45:03] [62/459] VYDA
[12:45:03] [63/459] MSKT
[12:45:04] [64/459] AVDM
[12:45:05] [65/459] ASMH
[12:45:06] [66/459] VTMB
[12:45:07] [67/459] WVMB
[12:45:08] [68/459] PPMN
[12:45:08] [69/459] MTMD
[12:45:09] [70/459] SMMO
[12:45:10] [71/459] DLPB
[12:45:11] [72/459] AKMD
[12:45:12] [73/459] SHRR
[12:45:12] [74/459] ASCO
[12:45:13] [75/459] CZVX
[12:45:14] [76/459] GCBB
[12:45:15] [77/459] ATBM
[12:45:16] [78/459] TCGM
[12:45:17] [79/459] UMSE
[12:45:17] [80/459] NKCL
[12:45:18] [81/459] BTLR
[12:45:19] [82/459] GOCL
[12:45:20] [83/459] MIRN
[12:45:21] [84/459] THEC
[12:45:22] [85/459] SPPB
[12:45:23] [86/459] PMMM
[12:45:24] [87/459] GGMC
[12:45:25] [88/459] AVSR
[12:45:25] [89/459] RDMH
[12:45:26] [90/459] JSRS
[12:45:27] [91/459] VKGP
[12:45:28] [92/459] ACRT
[12:45:29] [93/459] GCBA
[12:45:30] [94/459] GTCP
[12:45:31] [95/459] AKFC
[12:45:32] [96/459] INCS
[12:45:33] [97/459] SMCK
[12:45:34] [98/459] BRUN
[12:45:34] [99/459] RPPC
[12:45:35] [100/459] PAYD
[12:45:36] [101/459] SVVT
[12:45:37] [102/459] RNCC
[12:45:38] [103/459] PCRC
[12:45:38] [104/459] PMRM
[12:45:40] [105/459] CCRP
[12:45:41] [106/459] INCR
[12:45:42] [107/459] ZTMP
[12:45:42] [108/459] MCNR
[12:45:43] [109/459] INRP
[12:45:44] [110/459] STRC
[12:45:45] [111/459] RATI
[12:45:46] [112/459] PBTR
[12:45:47] [113/459] CMHP
[12:45:47] [114/459] ZECJ
[12:45:49] [115/459] CCCB
[12:45:50] [116/459] BWCB
[12:45:50] [117/459] CCAT
[12:45:52] [118/459] KGCM
[12:45:53] [119/459] INPT
[12:45:54] [120/459] FNCO
[12:45:54] [121/459] SRMJ
[12:45:55] [122/459] PFSC
[12:45:57] [123/459] PBMC
[12:45:58] [124/459] KARP
[12:45:59] [125/459] KOVI
[12:46:00] [126/459] ACXL
[12:46:00] [127/459] GKCC
[12:46:01] [128/459] ASCC
[12:46:02] [129/459] SETC
[12:46:03] [130/459] KACC
[12:46:04] [131/459] KAVE
[12:46:05] [132/459] CNTC
[12:46:05] [133/459] MEEN
[12:46:06] [134/459] BMRV
[12:46:07] [135/459] SVAM
[12:46:08] [136/459] VTBP
[12:46:09] [137/459] VCKN
[12:46:09] [138/459] SGTK
[12:46:10] [139/459] RCGS
[12:46:11] [140/459] RCCB
[12:46:12] [141/459] RKSR
[12:46:13] [142/459] RKCU
[12:46:14] [143/459] GIBH
[12:46:15] [144/459] CXBS
[12:46:16] [145/459] GGCB
[12:46:18] [146/459] SCPB
[12:46:19] [147/459] AKTB
[12:46:19] [148/459] SRBU
[12:46:20] [149/459] CSSA
[12:46:21] [150/459] MYAN
[12:46:22] [151/459] EXCA
[12:46:23] [152/459] CKSA
[12:46:23] [153/459] JTNM
[12:46:24] [154/459] CXKT
[12:46:25] [155/459] NCLM
[12:46:26] [156/459] JAAD
[12:46:27] [157/459] RDCR
[12:46:28] [158/459] MEER
[12:46:29] [159/459] SIBT
[12:46:30] [160/459] PVVB
[12:46:31] [161/459] FNPN
[12:46:31] [162/459] CRPX
[12:46:32] [163/459] STET
[12:46:33] [164/459] METE
[12:46:34] [165/459] BJML
[12:46:35] [166/459] MAVT
[12:46:35] [167/459] MSRM
[12:46:36] [168/459] TJMP
[12:46:37] [169/459] MHCK
[12:46:38] [170/459] SVGP
[12:46:39] [171/459] KRRC
[12:46:40] [172/459] IMCH
[12:46:41] [173/459] CMCS
[12:46:42] [174/459] SGND
[12:46:42] [175/459] RNAT
[12:46:44] [176/459] PRTN
[12:46:45] [177/459] MPTN
[12:46:45] [178/459] ARCC
[12:46:46] [179/459] NTTE
[12:46:47] [180/459] ABND
[12:46:48] [181/459] KCSN
[12:46:49] [182/459] KCSA
[12:46:50] [183/459] DCKT
[12:46:50] [184/459] MBBR
[12:46:52] [185/459] RAMU
[12:46:53] [186/459] RACW
[12:46:54] [187/459] MCHP
[12:46:55] [188/459] TMHM
[12:46:56] [189/459] STXH
[12:46:57] [190/459] AGSG
[12:46:57] [191/459] SIRA
[12:46:58] [192/459] RCAN
[12:46:59] [193/459] CWTB
[12:47:00] [194/459] VTYM
[12:47:01] [195/459] RRPP
[12:47:01] [196/459] ASMR
[12:47:02] [197/459] RONO
[12:47:03] [198/459] MEMR
[12:47:03] [199/459] CTMR
[12:47:04] [200/459] PMTT
[12:47:06] [201/459] PSLX
[12:47:07] [202/459] IPPL
[12:47:08] [203/459] MMSG
[12:47:09] [204/459] INEL
[12:47:10] [205/459] COAC
[12:47:12] [206/459] WVLK
[12:47:12] [207/459] PPXL
[12:47:14] [208/459] PSML
[12:47:15] [209/459] FNLK
[12:47:15] [210/459] ILUM
[12:47:16] [211/459] ILCM
[12:47:17] [212/459] MSNL
[12:47:18] [213/459] VINB
[12:47:19] [214/459] SALW
[12:47:20] [215/459] PRTB
[12:47:20] [216/459] NCIL
[12:47:21] [217/459] PSUL
[12:47:22] [218/459] SCLK
[12:47:23] [219/459] ADDC
[12:47:23] [220/459] OACL
[12:47:24] [221/459] OOCF
[12:47:25] [222/459] GPMF
[12:47:26] [223/459] SSDG
[12:47:27] [224/459] SKRS
[12:47:28] [225/459] NTTP
[12:47:29] [226/459] SLTP
[12:47:29] [227/459] JTLC
[12:47:30] [228/459] POON
[12:47:31] [229/459] CCPC
[12:47:33] [230/459] DCKC
[12:47:33] [231/459] CPRT
[12:47:34] [232/459] EYHZ
[12:47:35] [233/459] ARBL
[12:47:36] [234/459] SBTB
[12:47:37] [235/459] MMCK
[12:47:38] [236/459] PLMR
[12:47:38] [237/459] BIJH
[12:47:39] [238/459] SDRT
[12:47:40] [239/459] PRDC
[12:47:41] [240/459] OMJA
[12:47:42] [241/459] VKCR
[12:47:43] [242/459] ATRT
[12:47:43] [243/459] WVRP
[12:47:45] [244/459] MVRP
[12:47:45] [245/459] FCAX
[12:47:46] [246/459] CTLC
[12:47:47] [247/459] JCHB
[12:47:49] [248/459] SELP
[12:47:50] [249/459] VCPG
[12:47:51] [250/459] ASCX
[12:47:52] [251/459] EOCS
[12:47:53] [252/459] RCPH
[12:47:54] [253/459] RJTM
[12:47:55] [254/459] SGMD
[12:47:56] [255/459] SVJT
[12:47:57] [256/459] SPPO
[12:47:58] [257/459] MNRL
[12:47:59] [258/459] KNOX
[12:47:59] [259/459] GIER
[12:48:00] [260/459] PJMS
[12:48:01] [261/459] UNSP
[12:48:02] [262/459] JETP
[12:48:02] [263/459] VTWA
[12:48:03] [264/459] SCJI
[12:48:04] [265/459] CBZZ
[12:48:05] [266/459] SDCJ
[12:48:06] [267/459] RRCC
[12:48:07] [268/459] VNKG
[12:48:08] [269/459] LKTO
[12:48:09] [270/459] PJRM
[12:48:10] [271/459] NVRM
[12:48:10] [272/459] SJCS
[12:48:11] [273/459] VIGK
[12:48:12] [274/459] ANST
[12:48:13] [275/459] JTTS
[12:48:13] [276/459] NTST
[12:48:14] [277/459] PREB
[12:48:15] [278/459] TSCZ
[12:48:16] [279/459] CDCM
[12:48:17] [280/459] ELYE
[12:48:18] [281/459] INBS
[12:48:19] [282/459] SMGC
[12:48:19] [283/459] UTMP
[12:48:20] [284/459] INTA
[12:48:22] [285/459] OMPT
[12:48:22] [286/459] SCIR
[12:48:23] [287/459] GCKJ
[12:48:25] [288/459] INOG
[12:48:26] [289/459] SMGB
[12:48:27] [290/459] MCSG
[12:48:28] [291/459] STKG
[12:48:28] [292/459] TTKG
[12:48:29] [293/459] SRTR
[12:48:31] [294/459] ETTR
[12:48:32] [295/459] GGGZ
[12:48:33] [296/459] IPGM
[12:48:34] [297/459] FCDH
[12:48:35] [298/459] DESB
[12:48:35] [299/459] VNTP
[12:48:36] [300/459] ANNT
[12:48:37] [301/459] SLTI
[12:48:38] [302/459] MAJU
[12:48:39] [303/459] JCXP
[12:48:40] [304/459] HARK
[12:48:41] [305/459] JPCJ
[12:48:41] [306/459] RXBD
[12:48:43] [307/459] PTKJ
[12:48:44] [308/459] CMTU
[12:48:44] [309/459] SWOR
[12:48:45] [310/459] JMEX
[12:48:47] [311/459] DTPT
[12:48:48] [312/459] VGMM
[12:48:49] [313/459] VCSG
[12:48:49] [314/459] CVCG
[12:48:50] [315/459] TNTT
[12:48:51] [316/459] SHRM
[12:48:52] [317/459] CGKD
[12:48:53] [318/459] EKCM
[12:48:53] [319/459] SDCX
[12:48:54] [320/459] SBTE
[12:48:55] [321/459] STKJ
[12:48:56] [322/459] TPCE
[12:48:57] [323/459] JTNP
[12:48:58] [324/459] LPCH
[12:48:58] [325/459] CPUO
[12:48:59] [326/459] APSU
[12:49:00] [327/459] RTHC
[12:49:01] [328/459] PTBU
[12:49:02] [329/459] CUCC
[12:49:03] [330/459] CPSA
[12:49:04] [331/459] SUAY
[12:49:05] [332/459] AYAA
[12:49:05] [333/459] MUCH
[12:49:06] [334/459] PCIN
[12:49:07] [335/459] JRRM
[12:49:08] [336/459] KATS
[12:49:09] [337/459] MHFF
[12:49:10] [338/459] ESYM
[12:49:10] [339/459] STYV
[12:49:11] [340/459] SDKG
[12:49:12] [341/459] SMTI
[12:49:13] [342/459] NYCS
[12:49:14] [343/459] MTBG
[12:49:15] [344/459] RHCA
[12:49:15] [345/459] PCKH
[12:49:16] [346/459] ARCR
[12:49:17] [347/459] NCMB
[12:49:18] [348/459] SHYC
[12:49:18] [349/459] LACK
[12:49:19] [350/459] MTCM
[12:49:20] [351/459] RRBN
[12:49:21] [352/459] MYDC
[12:49:21] [353/459] STCS
[12:49:22] [354/459] CONN
[12:49:23] [355/459] SIPS
[12:49:24] [356/459] SMMX
[12:49:26] [357/459] SCBY
[12:49:26] [358/459] SUAP
[12:49:27] [359/459] RSMK
[12:49:28] [360/459] STKP
[12:49:29] [361/459] CIPC
[12:49:30] [362/459] KKCI
[12:49:30] [363/459] CTNK
[12:49:31] [364/459] MMTZ
[12:49:32] [365/459] DCCO
[12:49:33] [366/459] VNMN
[12:49:35] [367/459] RLCN
[12:49:35] [368/459] CMMS
[12:49:37] [369/459] AYOU
[12:49:38] [370/459] SSCN
[12:49:38] [371/459] SMXN
[12:49:39] [372/459] ASSK
[12:49:40] [373/459] VCKM
[12:49:41] [374/459] PCPH
[12:49:42] [375/459] PADM
[12:49:43] [376/459] IESA
[12:49:43] [377/459] VCSP
[12:49:44] [378/459] AEST
[12:49:45] [379/459] VTNR
[12:49:46] [380/459] GTTA
[12:49:46] [381/459] CMMM
[12:49:47] [382/459] AHKT
[12:49:48] [383/459] SIJI
[12:49:49] [384/459] VCEI
[12:49:50] [385/459] SAKR
[12:49:51] [386/459] VSMT
[12:49:52] [387/459] SSCT
[12:49:52] [388/459] USTR
[12:49:53] [389/459] MTKT
[12:49:54] [390/459] TGMP
[12:49:55] [391/459] SIVC
[12:49:55] [392/459] KICT
[12:49:56] [393/459] DAMD
[12:49:57] [394/459] CNPT
[12:49:58] [395/459] RVTT
[12:49:59] [396/459] SNCM
[12:49:59] [397/459] GHTE
[12:50:00] [398/459] PPAM
[12:50:01] [399/459] PVAA
[12:50:02] [400/459] CPAO
[12:50:03] [401/459] HAMD
[12:50:04] [402/459] RCCA
[12:50:05] [403/459] MPCH
[12:50:06] [404/459] ARED
[12:50:07] [405/459] RRCV
[12:50:08] [406/459] MTRB
[12:50:08] [407/459] CKUA
[12:50:09] [408/459] ABMP
[12:50:10] [409/459] RCWA
[12:50:11] [410/459] CGAR
[12:50:11] [411/459] METH
[12:50:12] [412/459] WAGA
[12:50:13] [413/459] MCMA
[12:50:14] [414/459] CSMP
[12:50:15] [415/459] RCNK
[12:50:15] [416/459] PSTM
[12:50:16] [417/459] CSEP
[12:50:17] [418/459] AMGD
[12:50:17] [419/459] CSTE
[12:50:18] [420/459] CONS
[12:50:19] [421/459] APPX
[12:50:20] [422/459] MABC
[12:50:20] [423/459] CXST
[12:50:21] [424/459] MATN
[12:50:22] [425/459] MACZ
[12:50:23] [426/459] MASA
[12:50:24] [427/459] MBSX
[12:50:25] [428/459] CSST
[12:50:25] [429/459] APCL
[12:50:26] [430/459] CGOS
[12:50:27] [431/459] CPEC
[12:50:28] [432/459] MCCP
[12:50:29] [433/459] BSSO
[12:50:30] [434/459] SJKA
[12:50:31] [435/459] CGBO
[12:50:32] [436/459] MVSK
[12:50:33] [437/459] HVCA
[12:50:34] [438/459] NAMD
[12:50:35] [439/459] DEVI
[12:50:35] [440/459] SCSV
[12:50:36] [441/459] PSMA
[12:50:37] [442/459] CLDJ
[12:50:38] [443/459] NMAD
[12:50:38] [444/459] CGMO
[12:50:39] [445/459] MCNA
[12:50:40] [446/459] OCBN
[12:50:41] [447/459] CPEM
[12:50:42] [448/459] CPSM
[12:50:43] [449/459] RCAD
[12:50:44] [450/459] CPMU
[12:50:45] [451/459] DICD
[12:50:47] [452/459] CHOE
[12:50:48] [453/459] PDJM
[12:50:49] [454/459] SSTU
[12:50:50] [455/459] VNRN
[12:50:50] [456/459] PVLG
[12:50:51] [457/459] SWBL
[12:50:52] [458/459] SCAB
[12:50:53] [459/459] RDDA
[12:50:54] 🧹 Deduping shows
[12:50:55] ✅ DONE | Shows=3439 | Movies=80
