[12:44:01] 🚀 SCRIPT STARTED
[12:44:01] [1/296] CDCA
[12:44:01] 🧠 New identity created
[12:44:02] [2/296] MNSR
[12:44:03] [3/296] CSSL
[12:44:04] [4/296] BGGM
[12:44:05] [5/296] MANT
[12:44:06] [6/296] SOOY
[12:44:07] [7/296] VPPK
[12:44:07] [8/296] MYHJ
[12:44:08] [9/296] KSCK
[12:44:09] [10/296] KATK
[12:44:10] [11/296] RTRT
[12:44:11] [12/296] SSTT
[12:44:12] [13/296] SSTV
[12:44:13] [14/296] LACM
[12:44:14] [15/296] SGMG
[12:44:15] [16/296] KACX
[12:44:16] [17/296] GVCP
[12:44:18] [18/296] CSNC
[12:44:18] [19/296] SXCB
[12:44:19] [20/296] BAHS
[12:44:20] [21/296] PCBI
[12:44:22] [22/296] PSSM
[12:44:23] [23/296] RCOK
[12:44:23] [24/296] SCPF
[12:44:24] [25/296] SSAS
[12:44:25] [26/296] EVMM
[12:44:26] [27/296] SYCB
[12:44:27] [28/296] GCKI
[12:44:28] [29/296] IAET
[12:44:29] [30/296] DDTD
[12:44:30] [31/296] GMDH
[12:44:30] [32/296] STLE
[12:44:31] [33/296] JTRA
[12:44:32] [34/296] RPPA
[12:44:33] [35/296] ARUT
[12:44:33] [36/296] JTVM
[12:44:35] [37/296] SWRH
[12:44:36] [38/296] DCPC
[12:44:36] [39/296] RAPR
[12:44:37] [40/296] GCRT
[12:44:38] [41/296] ATUN
[12:44:39] [42/296] LTRM
[12:44:41] [43/296] TASR
[12:44:42] [44/296] RLLC
[12:44:42] [45/296] MABI
[12:44:43] [46/296] SVHB
[12:44:44] [47/296] NVTB
[12:44:45] [48/296] KCKG
[12:44:46] [49/296] SSRN
[12:44:47] [50/296] VDDC
[12:44:48] [51/296] GKTK
[12:44:48] [52/296] YFSN
[12:44:49] [53/296] GCSG
[12:44:50] [54/296] ESSM
[12:44:51] [55/296] KRIH
[12:44:52] [56/296] GCDS
[12:44:53] [57/296] CCSH
[12:44:54] [58/296] ACSK
[12:44:54] [59/296] APRK
[12:44:55] [60/296] ADKM
[12:44:56] [61/296] SRDM
[12:44:57] [62/296] RMOG
[12:44:58] [63/296] SJMY
[12:44:58] [64/296] PGGC
[12:44:59] [65/296] INGM
[12:45:00] [66/296] LSCB
[12:45:01] [67/296] STAD
[12:45:02] [68/296] MCCR
[12:45:02] [69/296] ABCC
[12:45:03] [70/296] RKCC
[12:45:04] [71/296] RTCR
[12:45:05] [72/296] GGBC
[12:45:06] [73/296] GCSD
[12:45:07] [74/296] LPTY
[12:45:08] [75/296] MCFD
[12:45:09] [76/296] HENN
[12:45:10] [77/296] SMKU
[12:45:11] [78/296] TNZC
[12:45:11] [79/296] DRCD
[12:45:12] [80/296] DLCD
[12:45:13] [81/296] RCDA
[12:45:14] [82/296] COSM
[12:45:16] [83/296] MCMJ
[12:45:17] [84/296] CSTR
[12:45:17] [85/296] CVDK
[12:45:18] [86/296] INRR
[12:45:19] [87/296] RJRT
[12:45:20] [88/296] IRMR
[12:45:21] [89/296] SRCF
[12:45:22] [90/296] GRCR
[12:45:23] [91/296] SURC
[12:45:24] [92/296] NMNH
[12:45:25] [93/296] SVBL
[12:45:25] [94/296] KACI
[12:45:26] [95/296] TDGO
[12:45:27] [96/296] KTBR
[12:45:28] [97/296] PMAD
[12:45:29] [98/296] CCPN
[12:45:30] [99/296] SBTK
[12:45:32] [100/296] LMDK
[12:45:33] [101/296] PGDA
[12:45:34] [102/296] SRML
[12:45:34] [103/296] EVCK
[12:45:35] [104/296] RTTK
[12:45:36] [105/296] SRTU
[12:45:37] [106/296] VRSA
[12:45:38] [107/296] VARS
[12:45:39] [108/296] DSCZ
[12:45:40] [109/296] GAGA
[12:45:41] [110/296] SARV
[12:45:42] [111/296] SEEG
[12:45:43] [112/296] GLCA
[12:45:44] [113/296] APAS
[12:45:44] [114/296] VCIA
[12:45:45] [115/296] SJTA
[12:45:46] [116/296] SABM
[12:45:47] [117/296] PPAG
[12:45:48] [118/296] RVCA
[12:45:48] [119/296] CCIA
[12:45:49] [120/296] HTAG
[12:45:50] [121/296] SMBI
[12:45:51] [122/296] MCJR
[12:45:52] [123/296] CCJR
[12:45:52] [124/296] SINF
[12:45:53] [125/296] CPLX
[12:45:54] [126/296] KKTJ
[12:45:56] [127/296] GDBW
[12:45:56] [128/296] CSUB
[12:45:57] [129/296] DABA
[12:45:58] [130/296] TITR
[12:45:59] [131/296] NYCR
[12:46:00] [132/296] RTRY
[12:46:00] [133/296] JTJL
[12:46:02] [134/296] SJCP
[12:46:03] [135/296] KCCA
[12:46:04] [136/296] MLPG
[12:46:04] [137/296] VRCK
[12:46:05] [138/296] SRIN
[12:46:06] [139/296] CXMK
[12:46:07] [140/296] SKAD
[12:46:08] [141/296] AVTR
[12:46:09] [142/296] PTAJ
[12:46:09] [143/296] SCNK
[12:46:10] [144/296] STTI
[12:46:11] [145/296] KACR
[12:46:12] [146/296] SSDX
[12:46:13] [147/296] VRTJ
[12:46:14] [148/296] RAJD
[12:46:15] [149/296] SCIP
[12:46:16] [150/296] RJSL
[12:46:17] [151/296] ARRS
[12:46:18] [152/296] ASMS
[12:46:19] [153/296] RDTS
[12:46:20] [154/296] DVMY
[12:46:21] [155/296] RASA
[12:46:21] [156/296] INOM
[12:46:22] [157/296] SPRS
[12:46:23] [158/296] SGCS
[12:46:24] [159/296] SALM
[12:46:25] [160/296] PKHC
[12:46:25] [161/296] RCSV
[12:46:26] [162/296] CPKC
[12:46:27] [163/296] AACD
[12:46:29] [164/296] GGCV
[12:46:30] [165/296] SMKD
[12:46:31] [166/296] NBCH
[12:46:32] [167/296] AMCB
[12:46:33] [168/296] OPCN
[12:46:33] [169/296] DCIN
[12:46:34] [170/296] INGW
[12:46:35] [171/296] PKKW
[12:46:36] [172/296] FNGW
[12:46:37] [173/296] GCGD
[12:46:37] [174/296] MSTW
[12:46:38] [175/296] KCCG
[12:46:39] [176/296] MRSS
[12:46:40] [177/296] CLCF
[12:46:41] [178/296] EETS
[12:46:42] [179/296] AATR
[12:46:42] [180/296] CMMN
[12:46:43] [181/296] SCCJ
[12:46:44] [182/296] CDTK
[12:46:45] [183/296] AICP
[12:46:46] [184/296] FNBP
[12:46:47] [185/296] CBPB
[12:46:48] [186/296] CPAS
[12:46:49] [187/296] MAPM
[12:46:50] [188/296] PASD
[12:46:51] [189/296] JCMN
[12:46:52] [190/296] MALB
[12:46:53] [191/296] SACG
[12:46:54] [192/296] DDRX
[12:46:54] [193/296] DDXB
[12:46:55] [194/296] RAMC
[12:46:56] [195/296] SANC
[12:46:57] [196/296] BCBP
[12:46:58] [197/296] ALPC
[12:46:59] [198/296] RBAC
[12:47:00] [199/296] RAJL
[12:47:01] [200/296] MPDX
[12:47:02] [201/296] MUSC
[12:47:03] [202/296] VKMK
[12:47:04] [203/296] SKCG
[12:47:05] [204/296] ANCN
[12:47:05] [205/296] MMCJ
[12:47:06] [206/296] DCAK
[12:47:07] [207/296] SCKG
[12:47:08] [208/296] LMCK
[12:47:09] [209/296] CKKX
[12:47:10] [210/296] ANKU
[12:47:10] [211/296] CSMD
[12:47:12] [212/296] MKMP
[12:47:13] [213/296] SVBG
[12:47:14] [214/296] ROOP
[12:47:14] [215/296] GDMT
[12:47:15] [216/296] FPPF
[12:47:16] [217/296] SFUU
[12:47:17] [218/296] ANCB
[12:47:18] [219/296] SMMC
[12:47:19] [220/296] UGKT
[12:47:19] [221/296] JVRM
[12:47:20] [222/296] BATG
[12:47:21] [223/296] RATE
[12:47:23] [224/296] SKME
[12:47:23] [225/296] LMTP
[12:47:24] [226/296] TCBD
[12:47:25] [227/296] ESBD
[12:47:26] [228/296] GDCU
[12:47:27] [229/296] SNKT
[12:47:28] [230/296] SRNK
[12:47:29] [231/296] SMED
[12:47:30] [232/296] CSQS
[12:47:31] [233/296] ALCS
[12:47:32] [234/296] KCKN
[12:47:32] [235/296] VCCL
[12:47:33] [236/296] MCDA
[12:47:34] [237/296] SHMI
[12:47:35] [238/296] SKHA
[12:47:35] [239/296] SVFK
[12:47:36] [240/296] INVB
[12:47:37] [241/296] MELD
[12:47:38] [242/296] JTYS
[12:47:39] [243/296] INCM
[12:47:40] [244/296] MCDV
[12:47:40] [245/296] KSGK
[12:47:41] [246/296] ICMG
[12:47:42] [247/296] CSCV
[12:47:43] [248/296] STMD
[12:47:44] [249/296] STTR
[12:47:44] [250/296] INVC
[12:47:45] [251/296] JTBL
[12:47:46] [252/296] SRVV
[12:47:47] [253/296] MAVC
[12:47:48] [254/296] SRPP
[12:47:49] [255/296] JGDM
[12:47:49] [256/296] MBSJ
[12:47:50] [257/296] SSLL
[12:47:51] [258/296] SLKP
[12:47:52] [259/296] NSRV
[12:47:53] [260/296] UTDV
[12:47:54] [261/296] KICM
[12:47:55] [262/296] KCMD
[12:47:55] [263/296] TTPP
[12:47:56] [264/296] KMPV
[12:47:57] [265/296] SKTV
[12:47:58] [266/296] STCV
[12:47:59] [267/296] SRDA
[12:48:00] [268/296] JTSX
[12:48:01] [269/296] STBV
[12:48:02] [270/296] APVZ
[12:48:03] [271/296] GSTV
[12:48:04] [272/296] NMVS
[12:48:04] [273/296] SKRT
[12:48:05] [274/296] RMDV
[12:48:06] [275/296] RATG
[12:48:07] [276/296] SJYV
[12:48:08] [277/296] NDGP
[12:48:09] [278/296] SNDG
[12:48:09] [279/296] INSR
[12:48:10] [280/296] INSO
[12:48:11] [281/296] CCSI
[12:48:12] [282/296] RASM
[12:48:13] [283/296] NEWC
[12:48:14] [284/296] VSHL
[12:48:14] [285/296] BISW
[12:48:16] [286/296] GCNG
[12:48:17] [287/296] CWSC
[12:48:18] [288/296] SKAN
[12:48:18] [289/296] SEHP
[12:48:19] [290/296] CCOA
[12:48:20] [291/296] MCAJ
[12:48:21] [292/296] ACDE
[12:48:21] [293/296] AACM
[12:48:22] [294/296] JJCK
[12:48:23] [295/296] RCMO
[12:48:24] [296/296] GDAW
[12:48:25] 🧹 Deduping shows
[12:48:25] ✅ DONE | Shows=1657 | Movies=52
