[00:39:45] 🚀 BMS DAILY TRACKER STARTED
[00:39:45] [1/445] TGMR
[00:39:45] 🧠 New identity
[00:39:47] [2/445] CXKR
[00:39:48] [3/445] SROP
[00:39:49] [4/445] GTSV
[00:39:50] [5/445] SNTY
[00:39:51] [6/445] SMYY
[00:39:52] [7/445] CNCS
[00:39:53] [8/445] CSTM
[00:39:54] [9/445] NUCD
[00:39:55] [10/445] SHCZ
[00:39:56] [11/445] NJCT
[00:39:57] [12/445] COPC
[00:39:58] [13/445] STVV
[00:39:58] [14/445] SKRN
[00:39:59] [15/445] APPZ
[00:40:00] [16/445] YMGN
[00:40:01] [17/445] SVTU
[00:40:02] [18/445] GTAD
[00:40:03] [19/445] PSUS
[00:40:04] [20/445] SMCD
[00:40:06] [21/445] CMCM
[00:40:07] [22/445] SYCT
[00:40:07] [23/445] STLY
[00:40:08] [24/445] CMHU
[00:40:09] [25/445] CMSA
[00:40:10] [26/445] CLCU
[00:40:11] [27/445] PPNT
[00:40:12] [28/445] JTAB
[00:40:13] [29/445] BUUC
[00:40:14] [30/445] BSVK
[00:40:14] [31/445] VVVQ
[00:40:15] [32/445] TKMU
[00:40:16] [33/445] ESYL
[00:40:17] [34/445] ACHP
[00:40:18] [35/445] BTKD
[00:40:19] [36/445] DESA
[00:40:20] [37/445] GBCT
[00:40:21] [38/445] BLLD
[00:40:22] [39/445] SKNT
[00:40:23] [40/445] SSTE
[00:40:25] [41/445] VJMR
[00:40:25] [42/445] NTPU
[00:40:26] [43/445] RDKN
[00:40:27] [44/445] ADGC
[00:40:28] [45/445] VRBP
[00:40:29] [46/445] NMNA
[00:40:30] [47/445] CMMX
[00:40:31] [48/445] PTKO
[00:40:32] [49/445] RBML
[00:40:33] [50/445] SAIC
[00:40:34] [51/445] SVTJ
[00:40:35] [52/445] MRTE
[00:40:36] [53/445] RBTP
[00:40:37] [54/445] NLPS
[00:40:38] [55/445] GTNA
[00:40:39] [56/445] DGGC
[00:40:40] [57/445] SMCR
[00:40:40] [58/445] SCGD
[00:40:41] [59/445] SRRJ
[00:40:42] [60/445] CNRY
[00:40:43] [61/445] KTDI
[00:40:44] [62/445] SNJL
[00:40:45] [63/445] RKMD
[00:40:46] [64/445] SMDC
[00:40:47] [65/445] TADG
[00:40:48] [66/445] MCGS
[00:40:49] [67/445] PETK
[00:40:49] [68/445] CHAG
[00:40:50] [69/445] KSTL
[00:40:51] [70/445] AADS
[00:40:52] [71/445] NTHZ
[00:40:53] [72/445] HCKI
[00:40:54] [73/445] SSEF
[00:40:55] [74/445] MCGX
[00:40:56] [75/445] ERRA
[00:40:57] [76/445] SDTW
[00:40:58] [77/445] RMPK
[00:40:59] [78/445] PTHK
[00:41:00] [79/445] PXCS
[00:41:01] [80/445] SVLU
[00:41:02] [81/445] STAH
[00:41:03] [82/445] JRGF
[00:41:04] [83/445] CDOK
[00:41:04] [84/445] CMSG
[00:41:05] [85/445] APTD
[00:41:06] [86/445] KMPG
[00:41:08] [87/445] MUTJ
[00:41:08] [88/445] VCCI
[00:41:09] [89/445] URBE
[00:41:10] [90/445] TCTS
[00:41:11] [91/445] STSN
[00:41:12] [92/445] AKCH
[00:41:13] [93/445] APSC
[00:41:14] [94/445] VLTB
[00:41:14] [95/445] SANU
[00:41:15] [96/445] AXAM
[00:41:17] [97/445] MGMG
[00:41:18] [98/445] HTBY
[00:41:19] [99/445] MMZS
[00:41:20] [100/445] SUDR
[00:41:22] [101/445] CCAD
[00:41:23] [102/445] SKKC
[00:41:23] [103/445] RMCD
[00:41:24] [104/445] SBCQ
[00:41:25] [105/445] DCCT
[00:41:26] [106/445] VTKP
[00:41:28] [107/445] MLAM
[00:41:29] [108/445] SAVT
[00:41:30] [109/445] GEPL
[00:41:31] [110/445] AMCD
[00:41:31] [111/445] CCXR
[00:41:32] [112/445] GRNG
[00:41:33] [113/445] EBCA
[00:41:34] [114/445] CNVG
[00:41:35] [115/445] MWSS
[00:41:36] [116/445] VBOR
[00:41:37] [117/445] NEEB
[00:41:38] [118/445] SUTH
[00:41:39] [119/445] ANDB
[00:41:40] [120/445] MMXS
[00:41:41] [121/445] CNPD
[00:41:42] [122/445] SDCE
[00:41:42] [123/445] DHCB
[00:41:43] [124/445] ODEN
[00:41:44] [125/445] TNTC
[00:41:46] [126/445] VBKM
[00:41:47] [127/445] RZYM
[00:41:48] [128/445] JEMC
[00:41:49] [129/445] CMAU
[00:41:50] [130/445] SIVP
[00:41:51] [131/445] ATAG
[00:41:51] [132/445] CHTM
[00:41:52] [133/445] AAEE
[00:41:53] [134/445] IWPM
[00:41:54] [135/445] KCMW
[00:41:55] [136/445] MCTD
[00:41:56] [137/445] SPWR
[00:41:56] [138/445] SDPO
[00:41:57] [139/445] PCSK
[00:41:58] [140/445] ACHV
[00:41:59] [141/445] SVLA
[00:42:00] [142/445] PICT
[00:42:01] [143/445] BXDR
[00:42:02] [144/445] SPWA
[00:42:03] [145/445] MCKO
[00:42:04] [146/445] RTHK
[00:42:05] [147/445] CCMF
[00:42:06] [148/445] MRGB
[00:42:06] [149/445] CPLC
[00:42:07] [150/445] RACD
[00:42:08] [151/445] ATKT
[00:42:09] [152/445] SARN
[00:42:10] [153/445] KKUI
[00:42:11] [154/445] RGCM
[00:42:12] [155/445] BRVP
[00:42:13] [156/445] HRSR
[00:42:13] [157/445] GKGM
[00:42:14] [158/445] TTCD
[00:42:15] [159/445] PTTI
[00:42:16] [160/445] MPTT
[00:42:17] [161/445] CVTT
[00:42:17] [162/445] PCXD
[00:42:18] [163/445] GCDC
[00:42:19] [164/445] CCCF
[00:42:20] [165/445] MRAD
[00:42:21] [166/445] CPLK
[00:42:22] [167/445] SATB
[00:42:23] [168/445] SNVG
[00:42:24] [169/445] JMBA
[00:42:25] [170/445] TEJA
[00:42:26] [171/445] STYO
[00:42:27] [172/445] JTBP
[00:42:28] [173/445] KRGD
[00:42:29] [174/445] SLJJ
[00:42:30] [175/445] SPTJ
[00:42:31] [176/445] SWJG
[00:42:32] [177/445] LKRT
[00:42:32] [178/445] KCKA
[00:42:34] [179/445] SNCR
[00:42:35] [180/445] SMKL
[00:42:36] [181/445] GCFA
[00:42:37] [182/445] DDCK
[00:42:38] [183/445] NCHJ
[00:42:39] [184/445] RDMA
[00:42:39] [185/445] SVSV
[00:42:40] [186/445] SCJG
[00:42:41] [187/445] VKLP
[00:42:42] [188/445] NWCC
[00:42:42] [189/445] VKNS
[00:42:43] [190/445] SDDP
[00:42:44] [191/445] ACSI
[00:42:46] [192/445] SATG
[00:42:47] [193/445] SCMW
[00:42:47] [194/445] LKTK
[00:42:49] [195/445] VCKV
[00:42:50] [196/445] KKPE
[00:42:51] [197/445] KIGH
[00:42:52] [198/445] SRPM
[00:42:53] [199/445] SCAH
[00:42:54] [200/445] MUTA
[00:42:54] [201/445] SEPU
[00:42:55] [202/445] INOA
[00:42:56] [203/445] BASK
[00:42:57] [204/445] NECB
[00:42:58] [205/445] GTTG
[00:42:58] [206/445] ASSA
[00:42:59] [207/445] ANCL
[00:43:00] [208/445] GCTI
[00:43:01] [209/445] RCTS
[00:43:03] [210/445] ACNL
[00:43:04] [211/445] MYCT
[00:43:04] [212/445] NMHT
[00:43:05] [213/445] MDIT
[00:43:06] [214/445] LATG
[00:43:07] [215/445] SMTY
[00:43:08] [216/445] CVCT
[00:43:09] [217/445] RAMB
[00:43:09] [218/445] TGMS
[00:43:11] [219/445] BHEL
[00:43:12] [220/445] SHCT
[00:43:14] [221/445] SVCT
[00:43:15] [222/445] MRIY
[00:43:16] [223/445] SARO
[00:43:17] [224/445] STCT
[00:43:18] [225/445] JKKC
[00:43:19] [226/445] PLTT
[00:43:20] [227/445] SRNT
[00:43:21] [228/445] YAST
[00:43:22] [229/445] PERL
[00:43:23] [230/445] CICM
[00:43:25] [231/445] MMTR
[00:43:26] [232/445] ABTK
[00:43:27] [233/445] ATYY
[00:43:28] [234/445] ASTK
[00:43:28] [235/445] VVCK
[00:43:29] [236/445] ATKY
[00:43:30] [237/445] GWEK
[00:43:31] [238/445] SVFH
[00:43:32] [239/445] SLTA
[00:43:33] [240/445] AASH
[00:43:34] [241/445] ACXB
[00:43:35] [242/445] SMTX
[00:43:37] [243/445] AZDH
[00:43:38] [244/445] CMMH
[00:43:38] [245/445] SCSZ
[00:43:39] [246/445] SCKP
[00:43:40] [247/445] NXTM
[00:43:41] [248/445] NWCS
[00:43:42] [249/445] CXMH
[00:43:43] [250/445] PCMA
[00:43:44] [251/445] SGCM
[00:43:44] [252/445] SDTU
[00:43:45] [253/445] MMVI
[00:43:46] [254/445] JKCM
[00:43:47] [255/445] VCMM
[00:43:48] [256/445] SYEE
[00:43:49] [257/445] VASD
[00:43:50] [258/445] BDRB
[00:43:51] [259/445] LASM
[00:43:52] [260/445] DCRL
[00:43:53] [261/445] DVPM
[00:43:54] [262/445] SBMJ
[00:43:55] [263/445] CBMU
[00:43:56] [264/445] IUBS
[00:43:57] [265/445] INAP
[00:43:58] [266/445] SRRC
[00:43:59] [267/445] SAGR
[00:43:59] [268/445] CPMJ
[00:44:00] [269/445] ATJL
[00:44:01] [270/445] NNTD
[00:44:02] [271/445] JHCJ
[00:44:03] [272/445] CMMP
[00:44:04] [273/445] RSDR
[00:44:06] [274/445] AMTI
[00:44:06] [275/445] NYSG
[00:44:07] [276/445] AVSG
[00:44:08] [277/445] SYTP
[00:44:10] [278/445] LARC
[00:44:11] [279/445] RJTP
[00:44:11] [280/445] LAKC
[00:44:12] [281/445] MCXE
[00:44:13] [282/445] CCZC
[00:44:14] [283/445] AVCH
[00:44:15] [284/445] CMBE
[00:44:16] [285/445] MRRC
[00:44:16] [286/445] PCPY
[00:44:17] [287/445] SRMH
[00:44:18] [288/445] SVGS
[00:44:19] [289/445] PCSE
[00:44:20] [290/445] SVFT
[00:44:20] [291/445] TNZP
[00:44:21] [292/445] ICTP
[00:44:22] [293/445] ACTZ
[00:44:23] [294/445] GTUR
[00:44:24] [295/445] MAFC
[00:44:24] [296/445] MINL
[00:44:26] [297/445] MRCL
[00:44:27] [298/445] RCRP
[00:44:28] [299/445] RFFG
[00:44:29] [300/445] RMAS
[00:44:30] [301/445] INVR
[00:44:31] [302/445] RMAR
[00:44:31] [303/445] CNIS
[00:44:32] [304/445] RHRJ
[00:44:33] [305/445] INXR
[00:44:34] [306/445] VALT
[00:44:35] [307/445] LCSH
[00:44:35] [308/445] CMVS
[00:44:36] [309/445] CNMS
[00:44:37] [310/445] ROOG
[00:44:38] [311/445] ISRM
[00:44:39] [312/445] RCRM
[00:44:40] [313/445] ACJA
[00:44:41] [314/445] RCVS
[00:44:42] [315/445] CPUS
[00:44:42] [316/445] TGCS
[00:44:43] [317/445] RKCJ
[00:44:44] [318/445] MKSB
[00:44:45] [319/445] TCSJ
[00:44:46] [320/445] RMGP
[00:44:47] [321/445] CLLP
[00:44:48] [322/445] RCMV
[00:44:48] [323/445] CCKS
[00:44:49] [324/445] RSRP
[00:44:50] [325/445] APLP
[00:44:51] [326/445] CNVS
[00:44:52] [327/445] RMVY
[00:44:53] [328/445] PGBD
[00:44:54] [329/445] KLMS
[00:44:55] [330/445] RUST
[00:44:56] [331/445] MASM
[00:44:57] [332/445] BACS
[00:44:58] [333/445] BWST
[00:44:59] [334/445] RRFH
[00:44:59] [335/445] SJTM
[00:45:01] [336/445] BEMR
[00:45:02] [337/445] MCGR
[00:45:03] [338/445] SDSK
[00:45:04] [339/445] VBOL
[00:45:05] [340/445] RMGM
[00:45:05] [341/445] NOPL
[00:45:07] [342/445] MKJK
[00:45:08] [343/445] CVRN
[00:45:09] [344/445] MMEN
[00:45:10] [345/445] AMNG
[00:45:11] [346/445] INTM
[00:45:12] [347/445] SLCZ
[00:45:12] [348/445] AMJN
[00:45:13] [349/445] ACJN
[00:45:14] [350/445] AMKN
[00:45:15] [351/445] BTCN
[00:45:16] [352/445] AMBT
[00:45:17] [353/445] PACN
[00:45:18] [354/445] LCNS
[00:45:19] [355/445] PPKC
[00:45:19] [356/445] JYYN
[00:45:20] [357/445] JTNR
[00:45:21] [358/445] GTEE
[00:45:22] [359/445] SRNM
[00:45:23] [360/445] SDTC
[00:45:24] [361/445] VPCA
[00:45:25] [362/445] VLRA
[00:45:26] [363/445] SHKR
[00:45:26] [364/445] SBKD
[00:45:27] [365/445] SAAD
[00:45:28] [366/445] JTGN
[00:45:29] [367/445] SLAM
[00:45:30] [368/445] VTPM
[00:45:32] [369/445] ANPT
[00:45:33] [370/445] PUNB
[00:45:34] [371/445] CPKT
[00:45:35] [372/445] CNWE
[00:45:36] [373/445] ECPP
[00:45:37] [374/445] CPAR
[00:45:38] [375/445] ESBW
[00:45:39] [376/445] PKPU
[00:45:40] [377/445] CPRP
[00:45:41] [378/445] RAHU
[00:45:42] [379/445] RHMN
[00:45:43] [380/445] FMJP
[00:45:44] [381/445] CTMP
[00:45:45] [382/445] INPN
[00:45:46] [383/445] STTG
[00:45:47] [384/445] CTRD
[00:45:48] [385/445] PUVB
[00:45:50] [386/445] ESVP
[00:45:51] [387/445] CPFT
[00:45:53] [388/445] LCPC
[00:45:54] [389/445] VBCT
[00:45:54] [390/445] FSCW
[00:45:55] [391/445] VCMP
[00:45:56] [392/445] ASHC
[00:45:57] [393/445] VLCX
[00:45:59] [394/445] SHEV
[00:45:59] [395/445] APCO
[00:46:00] [396/445] SILC
[00:46:01] [397/445] SNMR
[00:46:02] [398/445] KYBO
[00:46:03] [399/445] SATK
[00:46:04] [400/445] SSCS
[00:46:04] [401/445] CLSB
[00:46:05] [402/445] KMJR
[00:46:07] [403/445] FSCK
[00:46:08] [404/445] NNKA
[00:46:09] [405/445] CLMK
[00:46:10] [406/445] DMPZ
[00:46:10] [407/445] INQM
[00:46:11] [408/445] CAML
[00:46:12] [409/445] INRK
[00:46:13] [410/445] IMKN
[00:46:14] [411/445] SVNR
[00:46:15] [412/445] INSL
[00:46:16] [413/445] MSMA
[00:46:17] [414/445] MCKK
[00:46:17] [415/445] FCHP
[00:46:18] [416/445] SFCR
[00:46:19] [417/445] NACK
[00:46:20] [418/445] PVAK
[00:46:21] [419/445] INER
[00:46:22] [420/445] RDBK
[00:46:23] [421/445] SVFN
[00:46:24] [422/445] IFRM
[00:46:25] [423/445] ATCK
[00:46:26] [424/445] ASKO
[00:46:28] [425/445] STKT
[00:46:29] [426/445] SVFB
[00:46:29] [427/445] INKS
[00:46:30] [428/445] PCRA
[00:46:31] [429/445] ATJA
[00:46:33] [430/445] IMJN
[00:46:34] [431/445] INHD
[00:46:34] [432/445] BARA
[00:46:35] [433/445] MCSL
[00:46:37] [434/445] RTOY
[00:46:38] [435/445] MENO
[00:46:39] [436/445] PUDM
[00:46:40] [437/445] PRCN
[00:46:41] [438/445] JMJR
[00:46:41] [439/445] SSGK
[00:46:42] [440/445] SSRL
[00:46:43] [441/445] JYKL
[00:46:44] [442/445] ACNB
[00:46:45] [443/445] SONP
[00:46:45] [444/445] EMCI
[00:46:46] [445/445] MRJH
[00:46:47] ✅ DONE | Shows=0 | Movies=0
[01:44:24] 🚀 BMS DAILY TRACKER STARTED
[01:44:24] [1/445] TGMR
[01:44:24] 🧠 New identity
[01:44:25] [2/445] CXKR
[01:44:26] [3/445] SROP
[01:44:27] [4/445] GTSV
[01:44:29] [5/445] SNTY
[01:44:30] [6/445] SMYY
[01:44:30] [7/445] CNCS
[01:44:31] [8/445] CSTM
[01:44:32] [9/445] NUCD
[01:44:33] [10/445] SHCZ
[01:44:34] [11/445] NJCT
[01:44:35] [12/445] COPC
[01:44:36] [13/445] STVV
[01:44:37] [14/445] SKRN
[01:44:37] [15/445] APPZ
[01:44:38] [16/445] YMGN
[01:44:39] [17/445] SVTU
[01:44:40] [18/445] GTAD
[01:44:41] [19/445] PSUS
[01:44:42] [20/445] SMCD
[01:44:43] [21/445] CMCM
[01:44:44] [22/445] SYCT
[01:44:45] [23/445] STLY
[01:44:45] [24/445] CMHU
[01:44:46] [25/445] CMSA
[01:44:47] [26/445] CLCU
[01:44:48] [27/445] PPNT
[01:44:49] [28/445] JTAB
[01:44:50] [29/445] BUUC
[01:44:51] [30/445] BSVK
[01:44:52] [31/445] VVVQ
[01:44:53] [32/445] TKMU
[01:44:53] [33/445] ESYL
[01:44:55] [34/445] ACHP
[01:44:56] [35/445] BTKD
[01:44:56] [36/445] DESA
[01:44:57] [37/445] GBCT
[01:44:58] [38/445] BLLD
[01:44:59] [39/445] SKNT
[01:45:00] [40/445] SSTE
[01:45:01] [41/445] VJMR
[01:45:02] [42/445] NTPU
[01:45:02] [43/445] RDKN
[01:45:03] [44/445] ADGC
[01:45:04] [45/445] VRBP
[01:45:05] [46/445] NMNA
[01:45:06] [47/445] CMMX
[01:45:07] [48/445] PTKO
[01:45:08] [49/445] RBML
[01:45:09] [50/445] SAIC
[01:45:09] [51/445] SVTJ
[01:45:11] [52/445] MRTE
[01:45:12] [53/445] RBTP
[01:45:13] [54/445] NLPS
[01:45:14] [55/445] GTNA
[01:45:14] [56/445] DGGC
[01:45:16] [57/445] SMCR
[01:45:17] [58/445] SCGD
[01:45:17] [59/445] SRRJ
[01:45:18] [60/445] CNRY
[01:45:19] [61/445] KTDI
[01:45:20] [62/445] SNJL
[01:45:21] [63/445] RKMD
[01:45:22] [64/445] SMDC
[01:45:23] [65/445] TADG
[01:45:23] [66/445] MCGS
[01:45:24] [67/445] PETK
[01:45:25] [68/445] CHAG
[01:45:26] [69/445] KSTL
[01:45:27] [70/445] AADS
[01:45:28] [71/445] NTHZ
[01:45:29] [72/445] HCKI
[01:45:29] [73/445] SSEF
[01:45:30] [74/445] MCGX
[01:45:31] [75/445] ERRA
[01:45:32] [76/445] SDTW
[01:45:33] [77/445] RMPK
[01:45:34] [78/445] PTHK
[01:45:34] [79/445] PXCS
[01:45:35] [80/445] SVLU
[01:45:36] [81/445] STAH
[01:45:37] [82/445] JRGF
[01:45:38] [83/445] CDOK
[01:45:39] [84/445] CMSG
[01:45:40] [85/445] APTD
[01:45:41] [86/445] KMPG
[01:45:42] [87/445] MUTJ
[01:45:43] [88/445] VCCI
[01:45:44] [89/445] URBE
[01:45:45] [90/445] TCTS
[01:45:45] [91/445] STSN
[01:45:46] [92/445] AKCH
[01:45:47] [93/445] APSC
[01:45:48] [94/445] VLTB
[01:45:49] [95/445] SANU
[01:45:50] [96/445] AXAM
[01:45:51] [97/445] MGMG
[01:45:52] [98/445] HTBY
[01:45:53] [99/445] MMZS
[01:45:53] [100/445] SUDR
[01:45:54] [101/445] CCAD
[01:45:55] [102/445] SKKC
[01:45:56] [103/445] RMCD
[01:45:57] [104/445] SBCQ
[01:45:57] [105/445] DCCT
[01:45:58] [106/445] VTKP
[01:45:59] [107/445] MLAM
[01:46:00] [108/445] SAVT
[01:46:01] [109/445] GEPL
[01:46:02] [110/445] AMCD
[01:46:03] [111/445] CCXR
[01:46:03] [112/445] GRNG
[01:46:04] [113/445] EBCA
[01:46:05] [114/445] CNVG
[01:46:06] [115/445] MWSS
[01:46:07] [116/445] VBOR
[01:46:08] [117/445] NEEB
[01:46:09] [118/445] SUTH
[01:46:10] [119/445] ANDB
[01:46:11] [120/445] MMXS
[01:46:11] [121/445] CNPD
[01:46:12] [122/445] SDCE
[01:46:13] [123/445] DHCB
[01:46:14] [124/445] ODEN
[01:46:15] [125/445] TNTC
[01:46:15] [126/445] VBKM
[01:46:16] [127/445] RZYM
[01:46:17] [128/445] JEMC
[01:46:18] [129/445] CMAU
[01:46:19] [130/445] SIVP
[01:46:20] [131/445] ATAG
[01:46:21] [132/445] CHTM
[01:46:22] [133/445] AAEE
[01:46:24] [134/445] IWPM
[01:46:24] [135/445] KCMW
[01:46:26] [136/445] MCTD
[01:46:26] [137/445] SPWR
[01:46:27] [138/445] SDPO
[01:46:28] [139/445] PCSK
[01:46:29] [140/445] ACHV
[01:46:30] [141/445] SVLA
[01:46:30] [142/445] PICT
[01:46:31] [143/445] BXDR
[01:46:32] [144/445] SPWA
[01:46:33] [145/445] MCKO
[01:46:34] [146/445] RTHK
[01:46:35] [147/445] CCMF
[01:46:36] [148/445] MRGB
[01:46:36] [149/445] CPLC
[01:46:37] [150/445] RACD
[01:46:38] [151/445] ATKT
[01:46:39] [152/445] SARN
[01:46:39] [153/445] KKUI
[01:46:40] [154/445] RGCM
[01:46:41] [155/445] BRVP
[01:46:42] [156/445] HRSR
[01:46:43] [157/445] GKGM
[01:46:44] [158/445] TTCD
[01:46:45] [159/445] PTTI
[01:46:46] [160/445] MPTT
[01:46:46] [161/445] CVTT
[01:46:47] [162/445] PCXD
[01:46:48] [163/445] GCDC
[01:46:49] [164/445] CCCF
[01:46:50] [165/445] MRAD
[01:46:51] [166/445] CPLK
[01:46:52] [167/445] SATB
[01:46:52] [168/445] SNVG
[01:46:54] [169/445] JMBA
[01:46:55] [170/445] TEJA
[01:46:56] [171/445] STYO
[01:46:56] [172/445] JTBP
[01:46:57] [173/445] KRGD
[01:46:58] [174/445] SLJJ
[01:46:59] [175/445] SPTJ
[01:47:00] [176/445] SWJG
[01:47:01] [177/445] LKRT
[01:47:02] [178/445] KCKA
[01:47:02] [179/445] SNCR
[01:47:03] [180/445] SMKL
[01:47:05] [181/445] GCFA
[01:47:05] [182/445] DDCK
[01:47:06] [183/445] NCHJ
[01:47:07] [184/445] RDMA
[01:47:08] [185/445] SVSV
[01:47:09] [186/445] SCJG
[01:47:10] [187/445] VKLP
[01:47:11] [188/445] NWCC
[01:47:11] [189/445] VKNS
[01:47:12] [190/445] SDDP
[01:47:13] [191/445] ACSI
[01:47:14] [192/445] SATG
[01:47:14] [193/445] SCMW
[01:47:15] [194/445] LKTK
[01:47:16] [195/445] VCKV
[01:47:17] [196/445] KKPE
[01:47:18] [197/445] KIGH
[01:47:19] [198/445] SRPM
[01:47:20] [199/445] SCAH
[01:47:20] [200/445] MUTA
[01:47:21] [201/445] SEPU
[01:47:22] [202/445] INOA
[01:47:23] [203/445] BASK
[01:47:24] [204/445] NECB
[01:47:25] [205/445] GTTG
[01:47:26] [206/445] ASSA
[01:47:26] [207/445] ANCL
[01:47:27] [208/445] GCTI
[01:47:28] [209/445] RCTS
[01:47:29] [210/445] ACNL
[01:47:29] [211/445] MYCT
[01:47:30] [212/445] NMHT
[01:47:31] [213/445] MDIT
[01:47:32] [214/445] LATG
[01:47:33] [215/445] SMTY
[01:47:33] [216/445] CVCT
[01:47:34] [217/445] RAMB
[01:47:36] [218/445] TGMS
[01:47:37] [219/445] BHEL
[01:47:38] [220/445] SHCT
[01:47:39] [221/445] SVCT
[01:47:40] [222/445] MRIY
[01:47:41] [223/445] SARO
[01:47:42] [224/445] STCT
[01:47:43] [225/445] JKKC
[01:47:44] [226/445] PLTT
[01:47:45] [227/445] SRNT
[01:47:46] [228/445] YAST
[01:47:47] [229/445] PERL
[01:47:47] [230/445] CICM
[01:47:48] [231/445] MMTR
[01:47:49] [232/445] ABTK
[01:47:50] [233/445] ATYY
[01:47:50] [234/445] ASTK
[01:47:51] [235/445] VVCK
[01:47:52] [236/445] ATKY
[01:47:53] [237/445] GWEK
[01:47:53] [238/445] SVFH
[01:47:54] [239/445] SLTA
[01:47:55] [240/445] AASH
[01:47:56] [241/445] ACXB
[01:47:57] [242/445] SMTX
[01:47:58] [243/445] AZDH
[01:47:59] [244/445] CMMH
[01:48:00] [245/445] SCSZ
[01:48:01] [246/445] SCKP
[01:48:01] [247/445] NXTM
[01:48:03] [248/445] NWCS
[01:48:04] [249/445] CXMH
[01:48:04] [250/445] PCMA
[01:48:05] [251/445] SGCM
[01:48:06] [252/445] SDTU
[01:48:07] [253/445] MMVI
[01:48:07] [254/445] JKCM
[01:48:08] [255/445] VCMM
[01:48:09] [256/445] SYEE
[01:48:10] [257/445] VASD
[01:48:11] [258/445] BDRB
[01:48:12] [259/445] LASM
[01:48:13] [260/445] DCRL
[01:48:13] [261/445] DVPM
[01:48:14] [262/445] SBMJ
[01:48:15] [263/445] CBMU
[01:48:16] [264/445] IUBS
[01:48:16] [265/445] INAP
[01:48:18] [266/445] SRRC
[01:48:19] [267/445] SAGR
[01:48:20] [268/445] CPMJ
[01:48:21] [269/445] ATJL
[01:48:22] [270/445] NNTD
[01:48:23] [271/445] JHCJ
[01:48:23] [272/445] CMMP
[01:48:24] [273/445] RSDR
[01:48:25] [274/445] AMTI
[01:48:26] [275/445] NYSG
[01:48:27] [276/445] AVSG
[01:48:27] [277/445] SYTP
[01:48:28] [278/445] LARC
[01:48:29] [279/445] RJTP
[01:48:30] [280/445] LAKC
[01:48:30] [281/445] MCXE
[01:48:31] [282/445] CCZC
[01:48:32] [283/445] AVCH
[01:48:33] [284/445] CMBE
[01:48:34] [285/445] MRRC
[01:48:36] [286/445] PCPY
[01:48:37] [287/445] SRMH
[01:48:37] [288/445] SVGS
[01:48:38] [289/445] PCSE
[01:48:39] [290/445] SVFT
[01:48:40] [291/445] TNZP
[01:48:41] [292/445] ICTP
[01:48:42] [293/445] ACTZ
[01:48:42] [294/445] GTUR
[01:48:43] [295/445] MAFC
[01:48:44] [296/445] MINL
[01:48:45] [297/445] MRCL
[01:48:46] [298/445] RCRP
[01:48:47] [299/445] RFFG
[01:48:48] [300/445] RMAS
[01:48:49] [301/445] INVR
[01:48:50] [302/445] RMAR
[01:48:51] [303/445] CNIS
[01:48:51] [304/445] RHRJ
[01:48:52] [305/445] INXR
[01:48:53] [306/445] VALT
[01:48:54] [307/445] LCSH
[01:48:55] [308/445] CMVS
[01:48:56] [309/445] CNMS
[01:48:57] [310/445] ROOG
[01:48:57] [311/445] ISRM
[01:48:58] [312/445] RCRM
[01:48:59] [313/445] ACJA
[01:49:00] [314/445] RCVS
[01:49:00] [315/445] CPUS
[01:49:01] [316/445] TGCS
[01:49:02] [317/445] RKCJ
[01:49:03] [318/445] MKSB
[01:49:04] [319/445] TCSJ
[01:49:05] [320/445] RMGP
[01:49:05] [321/445] CLLP
[01:49:06] [322/445] RCMV
[01:49:07] [323/445] CCKS
[01:49:08] [324/445] RSRP
[01:49:08] [325/445] APLP
[01:49:09] [326/445] CNVS
[01:49:10] [327/445] RMVY
[01:49:11] [328/445] PGBD
[01:49:12] [329/445] KLMS
[01:49:13] [330/445] RUST
[01:49:13] [331/445] MASM
[01:49:14] [332/445] BACS
[01:49:15] [333/445] BWST
[01:49:16] [334/445] RRFH
[01:49:17] [335/445] SJTM
[01:49:17] [336/445] BEMR
[01:49:18] [337/445] MCGR
[01:49:19] [338/445] SDSK
[01:49:20] [339/445] VBOL
[01:49:21] [340/445] RMGM
[01:49:22] [341/445] NOPL
[01:49:23] [342/445] MKJK
[01:49:23] [343/445] CVRN
[01:49:24] [344/445] MMEN
[01:49:25] [345/445] AMNG
[01:49:26] [346/445] INTM
[01:49:28] [347/445] SLCZ
[01:49:29] [348/445] AMJN
[01:49:30] [349/445] ACJN
[01:49:31] [350/445] AMKN
[01:49:33] [351/445] BTCN
[01:49:34] [352/445] AMBT
[01:49:35] [353/445] PACN
[01:49:36] [354/445] LCNS
[01:49:36] [355/445] PPKC
[01:49:37] [356/445] JYYN
[01:49:38] [357/445] JTNR
[01:49:39] [358/445] GTEE
[01:49:39] [359/445] SRNM
[01:49:40] [360/445] SDTC
[01:49:41] [361/445] VPCA
[01:49:42] [362/445] VLRA
[01:49:43] [363/445] SHKR
[01:49:44] [364/445] SBKD
[01:49:44] [365/445] SAAD
[01:49:45] [366/445] JTGN
[01:49:46] [367/445] SLAM
[01:49:47] [368/445] VTPM
[01:49:48] [369/445] ANPT
[01:49:50] [370/445] PUNB
[01:49:51] [371/445] CPKT
[01:49:51] [372/445] CNWE
[01:49:52] [373/445] ECPP
[01:49:54] [374/445] CPAR
[01:49:55] [375/445] ESBW
[01:49:55] [376/445] PKPU
[01:49:56] [377/445] CPRP
[01:49:57] [378/445] RAHU
[01:49:58] [379/445] RHMN
[01:49:59] [380/445] FMJP
[01:49:59] [381/445] CTMP
[01:50:00] [382/445] INPN
[01:50:01] [383/445] STTG
[01:50:02] [384/445] CTRD
[01:50:03] [385/445] PUVB
[01:50:05] [386/445] ESVP
[01:50:06] [387/445] CPFT
[01:50:07] [388/445] LCPC
[01:50:07] [389/445] VBCT
[01:50:08] [390/445] FSCW
[01:50:09] [391/445] VCMP
[01:50:10] [392/445] ASHC
[01:50:12] [393/445] VLCX
[01:50:12] [394/445] SHEV
[01:50:13] [395/445] APCO
[01:50:14] [396/445] SILC
[01:50:15] [397/445] SNMR
[01:50:16] [398/445] KYBO
[01:50:16] [399/445] SATK
[01:50:17] [400/445] SSCS
[01:50:18] [401/445] CLSB
[01:50:19] [402/445] KMJR
[01:50:20] [403/445] FSCK
[01:50:20] [404/445] NNKA
[01:50:21] [405/445] CLMK
[01:50:22] [406/445] DMPZ
[01:50:23] [407/445] INQM
[01:50:23] [408/445] CAML
[01:50:24] [409/445] INRK
[01:50:25] [410/445] IMKN
[01:50:26] [411/445] SVNR
[01:50:26] [412/445] INSL
[01:50:27] [413/445] MSMA
[01:50:28] [414/445] MCKK
[01:50:29] [415/445] FCHP
[01:50:30] [416/445] SFCR
[01:50:30] [417/445] NACK
[01:50:31] [418/445] PVAK
[01:50:32] [419/445] INER
[01:50:33] [420/445] RDBK
[01:50:34] [421/445] SVFN
[01:50:35] [422/445] IFRM
[01:50:35] [423/445] ATCK
[01:50:36] [424/445] ASKO
[01:50:37] [425/445] STKT
[01:50:38] [426/445] SVFB
[01:50:39] [427/445] INKS
[01:50:40] [428/445] PCRA
[01:50:41] [429/445] ATJA
[01:50:41] [430/445] IMJN
[01:50:42] [431/445] INHD
[01:50:43] [432/445] BARA
[01:50:44] [433/445] MCSL
[01:50:45] [434/445] RTOY
[01:50:46] [435/445] MENO
[01:50:47] [436/445] PUDM
[01:50:48] [437/445] PRCN
[01:50:49] [438/445] JMJR
[01:50:50] [439/445] SSGK
[01:50:51] [440/445] SSRL
[01:50:52] [441/445] JYKL
[01:50:53] [442/445] ACNB
[01:50:54] [443/445] SONP
[01:50:55] [444/445] EMCI
[01:50:56] [445/445] MRJH
[01:50:56] ✅ DONE | Shows=0 | Movies=0
[02:40:59] 🚀 BMS DAILY TRACKER STARTED
[02:40:59] [1/445] TGMR
[02:40:59] 🧠 New identity
[02:41:00] [2/445] CXKR
[02:41:01] [3/445] SROP
[02:41:02] [4/445] GTSV
[02:41:03] [5/445] SNTY
[02:41:04] [6/445] SMYY
[02:41:05] [7/445] CNCS
[02:41:05] [8/445] CSTM
[02:41:06] [9/445] NUCD
[02:41:07] [10/445] SHCZ
[02:41:08] [11/445] NJCT
[02:41:09] [12/445] COPC
[02:41:10] [13/445] STVV
[02:41:10] [14/445] SKRN
[02:41:12] [15/445] APPZ
[02:41:14] [16/445] YMGN
[02:41:15] [17/445] SVTU
[02:41:16] [18/445] GTAD
[02:41:17] [19/445] PSUS
[02:41:18] [20/445] SMCD
[02:41:19] [21/445] CMCM
[02:41:20] [22/445] SYCT
[02:41:21] [23/445] STLY
[02:41:22] [24/445] CMHU
[02:41:23] [25/445] CMSA
[02:41:24] [26/445] CLCU
[02:41:25] [27/445] PPNT
[02:41:26] [28/445] JTAB
[02:41:27] [29/445] BUUC
[02:41:28] [30/445] BSVK
[02:41:29] [31/445] VVVQ
[02:41:30] [32/445] TKMU
[02:41:31] [33/445] ESYL
[02:41:32] [34/445] ACHP
[02:41:33] [35/445] BTKD
[02:41:34] [36/445] DESA
[02:41:35] [37/445] GBCT
[02:41:35] [38/445] BLLD
[02:41:36] [39/445] SKNT
[02:41:37] [40/445] SSTE
[02:41:38] [41/445] VJMR
[02:41:39] [42/445] NTPU
[02:41:40] [43/445] RDKN
[02:41:41] [44/445] ADGC
[02:41:42] [45/445] VRBP
[02:41:43] [46/445] NMNA
[02:41:43] [47/445] CMMX
[02:41:44] [48/445] PTKO
[02:41:45] [49/445] RBML
[02:41:46] [50/445] SAIC
[02:41:47] [51/445] SVTJ
[02:41:48] [52/445] MRTE
[02:41:49] [53/445] RBTP
[02:41:49] [54/445] NLPS
[02:41:50] [55/445] GTNA
[02:41:51] [56/445] DGGC
[02:41:52] [57/445] SMCR
[02:41:53] [58/445] SCGD
[02:41:54] [59/445] SRRJ
[02:41:54] [60/445] CNRY
[02:41:55] [61/445] KTDI
[02:41:56] [62/445] SNJL
[02:41:57] [63/445] RKMD
[02:41:58] [64/445] SMDC
[02:41:58] [65/445] TADG
[02:42:00] [66/445] MCGS
[02:42:01] [67/445] PETK
[02:42:02] [68/445] CHAG
[02:42:02] [69/445] KSTL
[02:42:03] [70/445] AADS
[02:42:04] [71/445] NTHZ
[02:42:05] [72/445] HCKI
[02:42:05] [73/445] SSEF
[02:42:06] [74/445] MCGX
[02:42:07] [75/445] ERRA
[02:42:08] [76/445] SDTW
[02:42:10] [77/445] RMPK
[02:42:11] [78/445] PTHK
[02:42:11] [79/445] PXCS
[02:42:12] [80/445] SVLU
[02:42:13] [81/445] STAH
[02:42:14] [82/445] JRGF
[02:42:15] [83/445] CDOK
[02:42:16] [84/445] CMSG
[02:42:16] [85/445] APTD
[02:42:17] [86/445] KMPG
[02:42:18] [87/445] MUTJ
[02:42:19] [88/445] VCCI
[02:42:20] [89/445] URBE
[02:42:20] [90/445] TCTS
[02:42:21] [91/445] STSN
[02:42:22] [92/445] AKCH
[02:42:23] [93/445] APSC
[02:42:23] [94/445] VLTB
[02:42:24] [95/445] SANU
[02:42:25] [96/445] AXAM
[02:42:27] [97/445] MGMG
[02:42:28] [98/445] HTBY
[02:42:28] [99/445] MMZS
[02:42:29] [100/445] SUDR
[02:42:30] [101/445] CCAD
[02:42:31] [102/445] SKKC
[02:42:32] [103/445] RMCD
[02:42:32] [104/445] SBCQ
[02:42:34] [105/445] DCCT
[02:42:35] [106/445] VTKP
[02:42:36] [107/445] MLAM
[02:42:36] [108/445] SAVT
[02:42:37] [109/445] GEPL
[02:42:39] [110/445] AMCD
[02:42:39] [111/445] CCXR
[02:42:40] [112/445] GRNG
[02:42:41] [113/445] EBCA
[02:42:42] [114/445] CNVG
[02:42:43] [115/445] MWSS
[02:42:44] [116/445] VBOR
[02:42:44] [117/445] NEEB
[02:42:45] [118/445] SUTH
[02:42:46] [119/445] ANDB
[02:42:47] [120/445] MMXS
[02:42:48] [121/445] CNPD
[02:42:49] [122/445] SDCE
[02:42:49] [123/445] DHCB
[02:42:50] [124/445] ODEN
[02:42:51] [125/445] TNTC
[02:42:52] [126/445] VBKM
[02:42:53] [127/445] RZYM
[02:42:54] [128/445] JEMC
[02:42:55] [129/445] CMAU
[02:42:55] [130/445] SIVP
[02:42:56] [131/445] ATAG
[02:42:57] [132/445] CHTM
[02:42:58] [133/445] AAEE
[02:42:58] [134/445] IWPM
[02:42:59] [135/445] KCMW
[02:43:00] [136/445] MCTD
[02:43:01] [137/445] SPWR
[02:43:02] [138/445] SDPO
[02:43:03] [139/445] PCSK
[02:43:04] [140/445] ACHV
[02:43:05] [141/445] SVLA
[02:43:06] [142/445] PICT
[02:43:07] [143/445] BXDR
[02:43:08] [144/445] SPWA
[02:43:08] [145/445] MCKO
[02:43:09] [146/445] RTHK
[02:43:10] [147/445] CCMF
[02:43:11] [148/445] MRGB
[02:43:12] [149/445] CPLC
[02:43:13] [150/445] RACD
[02:43:13] [151/445] ATKT
[02:43:14] [152/445] SARN
[02:43:15] [153/445] KKUI
[02:43:16] [154/445] RGCM
[02:43:17] [155/445] BRVP
[02:43:19] [156/445] HRSR
[02:43:20] [157/445] GKGM
[02:43:21] [158/445] TTCD
[02:43:22] [159/445] PTTI
[02:43:22] [160/445] MPTT
[02:43:24] [161/445] CVTT
[02:43:25] [162/445] PCXD
[02:43:26] [163/445] GCDC
[02:43:26] [164/445] CCCF
[02:43:27] [165/445] MRAD
[02:43:28] [166/445] CPLK
[02:43:28] [167/445] SATB
[02:43:29] [168/445] SNVG
[02:43:30] [169/445] JMBA
[02:43:31] [170/445] TEJA
[02:43:32] [171/445] STYO
[02:43:33] [172/445] JTBP
[02:43:33] [173/445] KRGD
[02:43:35] [174/445] SLJJ
[02:43:36] [175/445] SPTJ
[02:43:37] [176/445] SWJG
[02:43:38] [177/445] LKRT
[02:43:39] [178/445] KCKA
[02:43:39] [179/445] SNCR
[02:43:40] [180/445] SMKL
[02:43:41] [181/445] GCFA
[02:43:42] [182/445] DDCK
[02:43:43] [183/445] NCHJ
[02:43:44] [184/445] RDMA
[02:43:44] [185/445] SVSV
[02:43:46] [186/445] SCJG
[02:43:46] [187/445] VKLP
[02:43:48] [188/445] NWCC
[02:43:49] [189/445] VKNS
[02:43:50] [190/445] SDDP
[02:43:51] [191/445] ACSI
[02:43:52] [192/445] SATG
[02:43:53] [193/445] SCMW
[02:43:53] [194/445] LKTK
[02:43:54] [195/445] VCKV
[02:43:55] [196/445] KKPE
[02:43:56] [197/445] KIGH
[02:43:57] [198/445] SRPM
[02:43:58] [199/445] SCAH
[02:43:59] [200/445] MUTA
[02:44:00] [201/445] SEPU
[02:44:00] [202/445] INOA
[02:44:01] [203/445] BASK
[02:44:02] [204/445] NECB
[02:44:03] [205/445] GTTG
[02:44:03] [206/445] ASSA
[02:44:04] [207/445] ANCL
[02:44:05] [208/445] GCTI
[02:44:06] [209/445] RCTS
[02:44:07] [210/445] ACNL
[02:44:07] [211/445] MYCT
[02:44:08] [212/445] NMHT
[02:44:09] [213/445] MDIT
[02:44:10] [214/445] LATG
[02:44:11] [215/445] SMTY
[02:44:11] [216/445] CVCT
[02:44:12] [217/445] RAMB
[02:44:13] [218/445] TGMS
[02:44:14] [219/445] BHEL
[02:44:15] [220/445] SHCT
[02:44:16] [221/445] SVCT
[02:44:16] [222/445] MRIY
[02:44:17] [223/445] SARO
[02:44:18] [224/445] STCT
[02:44:19] [225/445] JKKC
[02:44:20] [226/445] PLTT
[02:44:20] [227/445] SRNT
[02:44:21] [228/445] YAST
[02:44:22] [229/445] PERL
[02:44:23] [230/445] CICM
[02:44:24] [231/445] MMTR
[02:44:25] [232/445] ABTK
[02:44:26] [233/445] ATYY
[02:44:27] [234/445] ASTK
[02:44:27] [235/445] VVCK
[02:44:28] [236/445] ATKY
[02:44:29] [237/445] GWEK
[02:44:30] [238/445] SVFH
[02:44:30] [239/445] SLTA
[02:44:31] [240/445] AASH
[02:44:32] [241/445] ACXB
[02:44:33] [242/445] SMTX
[02:44:34] [243/445] AZDH
[02:44:34] [244/445] CMMH
[02:44:35] [245/445] SCSZ
[02:44:36] [246/445] SCKP
[02:44:37] [247/445] NXTM
[02:44:38] [248/445] NWCS
[02:44:38] [249/445] CXMH
[02:44:39] [250/445] PCMA
[02:44:40] [251/445] SGCM
[02:44:41] [252/445] SDTU
[02:44:42] [253/445] MMVI
[02:44:43] [254/445] JKCM
[02:44:43] [255/445] VCMM
[02:44:44] [256/445] SYEE
[02:44:45] [257/445] VASD
[02:44:46] [258/445] BDRB
[02:44:46] [259/445] LASM
[02:44:47] [260/445] DCRL
[02:44:48] [261/445] DVPM
[02:44:49] [262/445] SBMJ
[02:44:50] [263/445] CBMU
[02:44:51] [264/445] IUBS
[02:44:51] [265/445] INAP
[02:44:52] [266/445] SRRC
[02:44:53] [267/445] SAGR
[02:44:54] [268/445] CPMJ
[02:44:55] [269/445] ATJL
[02:44:55] [270/445] NNTD
[02:44:57] [271/445] JHCJ
[02:44:58] [272/445] CMMP
[02:44:58] [273/445] RSDR
[02:45:00] [274/445] AMTI
[02:45:01] [275/445] NYSG
[02:45:01] [276/445] AVSG
[02:45:02] [277/445] SYTP
[02:45:03] [278/445] LARC
[02:45:04] [279/445] RJTP
[02:45:05] [280/445] LAKC
[02:45:05] [281/445] MCXE
[02:45:07] [282/445] CCZC
[02:45:08] [283/445] AVCH
[02:45:09] [284/445] CMBE
[02:45:10] [285/445] MRRC
[02:45:11] [286/445] PCPY
[02:45:12] [287/445] SRMH
[02:45:13] [288/445] SVGS
[02:45:14] [289/445] PCSE
[02:45:15] [290/445] SVFT
[02:45:15] [291/445] TNZP
[02:45:16] [292/445] ICTP
[02:45:17] [293/445] ACTZ
[02:45:18] [294/445] GTUR
[02:45:19] [295/445] MAFC
[02:45:19] [296/445] MINL
[02:45:20] [297/445] MRCL
[02:45:21] [298/445] RCRP
[02:45:22] [299/445] RFFG
[02:45:23] [300/445] RMAS
[02:45:24] [301/445] INVR
[02:45:25] [302/445] RMAR
[02:45:25] [303/445] CNIS
[02:45:26] [304/445] RHRJ
[02:45:27] [305/445] INXR
[02:45:28] [306/445] VALT
[02:45:29] [307/445] LCSH
[02:45:30] [308/445] CMVS
[02:45:31] [309/445] CNMS
[02:45:32] [310/445] ROOG
[02:45:33] [311/445] ISRM
[02:45:34] [312/445] RCRM
[02:45:35] [313/445] ACJA
[02:45:36] [314/445] RCVS
[02:45:37] [315/445] CPUS
[02:45:37] [316/445] TGCS
[02:45:39] [317/445] RKCJ
[02:45:40] [318/445] MKSB
[02:45:41] [319/445] TCSJ
[02:45:42] [320/445] RMGP
[02:45:43] [321/445] CLLP
[02:45:44] [322/445] RCMV
[02:45:45] [323/445] CCKS
[02:45:46] [324/445] RSRP
[02:45:47] [325/445] APLP
[02:45:48] [326/445] CNVS
[02:45:49] [327/445] RMVY
[02:45:49] [328/445] PGBD
[02:45:50] [329/445] KLMS
[02:45:51] [330/445] RUST
[02:45:52] [331/445] MASM
[02:45:53] [332/445] BACS
[02:45:54] [333/445] BWST
[02:45:55] [334/445] RRFH
[02:45:55] [335/445] SJTM
[02:45:56] [336/445] BEMR
[02:45:57] [337/445] MCGR
[02:45:58] [338/445] SDSK
[02:46:00] [339/445] VBOL
[02:46:00] [340/445] RMGM
[02:46:01] [341/445] NOPL
[02:46:02] [342/445] MKJK
[02:46:03] [343/445] CVRN
[02:46:04] [344/445] MMEN
[02:46:04] [345/445] AMNG
[02:46:05] [346/445] INTM
[02:46:06] [347/445] SLCZ
[02:46:08] [348/445] AMJN
[02:46:08] [349/445] ACJN
[02:46:09] [350/445] AMKN
[02:46:10] [351/445] BTCN
[02:46:11] [352/445] AMBT
[02:46:12] [353/445] PACN
[02:46:13] [354/445] LCNS
[02:46:13] [355/445] PPKC
[02:46:14] [356/445] JYYN
[02:46:15] [357/445] JTNR
[02:46:16] [358/445] GTEE
[02:46:16] [359/445] SRNM
[02:46:17] [360/445] SDTC
[02:46:18] [361/445] VPCA
[02:46:19] [362/445] VLRA
[02:46:20] [363/445] SHKR
[02:46:20] [364/445] SBKD
[02:46:21] [365/445] SAAD
[02:46:22] [366/445] JTGN
[02:46:23] [367/445] SLAM
[02:46:24] [368/445] VTPM
[02:46:25] [369/445] ANPT
[02:46:26] [370/445] PUNB
[02:46:27] [371/445] CPKT
[02:46:27] [372/445] CNWE
[02:46:28] [373/445] ECPP
[02:46:30] [374/445] CPAR
[02:46:30] [375/445] ESBW
[02:46:31] [376/445] PKPU
[02:46:32] [377/445] CPRP
[02:46:33] [378/445] RAHU
[02:46:33] [379/445] RHMN
[02:46:35] [380/445] FMJP
[02:46:36] [381/445] CTMP
[02:46:37] [382/445] INPN
[02:46:38] [383/445] STTG
[02:46:38] [384/445] CTRD
[02:46:39] [385/445] PUVB
[02:46:40] [386/445] ESVP
[02:46:41] [387/445] CPFT
[02:46:42] [388/445] LCPC
[02:46:43] [389/445] VBCT
[02:46:44] [390/445] FSCW
[02:46:44] [391/445] VCMP
[02:46:45] [392/445] ASHC
[02:46:47] [393/445] VLCX
[02:46:47] [394/445] SHEV
[02:46:48] [395/445] APCO
[02:46:49] [396/445] SILC
[02:46:50] [397/445] SNMR
[02:46:50] [398/445] KYBO
[02:46:51] [399/445] SATK
[02:46:53] [400/445] SSCS
[02:46:54] [401/445] CLSB
[02:46:54] [402/445] KMJR
[02:46:55] [403/445] FSCK
[02:46:56] [404/445] NNKA
[02:46:58] [405/445] CLMK
[02:46:59] [406/445] DMPZ
[02:47:00] [407/445] INQM
[02:47:01] [408/445] CAML
[02:47:01] [409/445] INRK
[02:47:02] [410/445] IMKN
[02:47:04] [411/445] SVNR
[02:47:05] [412/445] INSL
[02:47:05] [413/445] MSMA
[02:47:06] [414/445] MCKK
[02:47:07] [415/445] FCHP
[02:47:08] [416/445] SFCR
[02:47:09] [417/445] NACK
[02:47:10] [418/445] PVAK
[02:47:10] [419/445] INER
[02:47:11] [420/445] RDBK
[02:47:12] [421/445] SVFN
[02:47:13] [422/445] IFRM
[02:47:14] [423/445] ATCK
[02:47:14] [424/445] ASKO
[02:47:15] [425/445] STKT
[02:47:16] [426/445] SVFB
[02:47:17] [427/445] INKS
[02:47:18] [428/445] PCRA
[02:47:18] [429/445] ATJA
[02:47:19] [430/445] IMJN
[02:47:20] [431/445] INHD
[02:47:20] [432/445] BARA
[02:47:22] [433/445] MCSL
[02:47:23] [434/445] RTOY
[02:47:24] [435/445] MENO
[02:47:25] [436/445] PUDM
[02:47:26] [437/445] PRCN
[02:47:27] [438/445] JMJR
[02:47:28] [439/445] SSGK
[02:47:29] [440/445] SSRL
[02:47:30] [441/445] JYKL
[02:47:30] [442/445] ACNB
[02:47:31] [443/445] SONP
[02:47:32] [444/445] EMCI
[02:47:33] [445/445] MRJH
[02:47:34] ✅ DONE | Shows=0 | Movies=0
[03:42:25] 🚀 BMS DAILY TRACKER STARTED
[03:42:25] [1/445] TGMR
[03:42:25] 🧠 New identity
[03:42:26] [2/445] CXKR
[03:42:26] [3/445] SROP
[03:42:27] [4/445] GTSV
[03:42:28] [5/445] SNTY
[03:42:29] [6/445] SMYY
[03:42:30] [7/445] CNCS
[03:42:31] [8/445] CSTM
[03:42:32] [9/445] NUCD
[03:42:32] [10/445] SHCZ
[03:42:33] [11/445] NJCT
[03:42:34] [12/445] COPC
[03:42:35] [13/445] STVV
[03:42:36] [14/445] SKRN
[03:42:36] [15/445] APPZ
[03:42:37] [16/445] YMGN
[03:42:38] [17/445] SVTU
[03:42:39] [18/445] GTAD
[03:42:40] [19/445] PSUS
[03:42:41] [20/445] SMCD
[03:42:42] [21/445] CMCM
[03:42:43] [22/445] SYCT
[03:42:44] [23/445] STLY
[03:42:44] [24/445] CMHU
[03:42:45] [25/445] CMSA
[03:42:46] [26/445] CLCU
[03:42:47] [27/445] PPNT
[03:42:48] [28/445] JTAB
[03:42:49] [29/445] BUUC
[03:42:50] [30/445] BSVK
[03:42:52] [31/445] VVVQ
[03:42:53] [32/445] TKMU
[03:42:53] [33/445] ESYL
[03:42:54] [34/445] ACHP
[03:42:55] [35/445] BTKD
[03:42:56] [36/445] DESA
[03:42:57] [37/445] GBCT
[03:42:58] [38/445] BLLD
[03:42:58] [39/445] SKNT
[03:42:59] [40/445] SSTE
[03:43:00] [41/445] VJMR
[03:43:01] [42/445] NTPU
[03:43:01] [43/445] RDKN
[03:43:02] [44/445] ADGC
[03:43:03] [45/445] VRBP
[03:43:04] [46/445] NMNA
[03:43:05] [47/445] CMMX
[03:43:06] [48/445] PTKO
[03:43:07] [49/445] RBML
[03:43:08] [50/445] SAIC
[03:43:10] [51/445] SVTJ
[03:43:11] [52/445] MRTE
[03:43:11] [53/445] RBTP
[03:43:12] [54/445] NLPS
[03:43:13] [55/445] GTNA
[03:43:15] [56/445] DGGC
[03:43:16] [57/445] SMCR
[03:43:17] [58/445] SCGD
[03:43:18] [59/445] SRRJ
[03:43:19] [60/445] CNRY
[03:43:20] [61/445] KTDI
[03:43:21] [62/445] SNJL
[03:43:22] [63/445] RKMD
[03:43:23] [64/445] SMDC
[03:43:24] [65/445] TADG
[03:43:25] [66/445] MCGS
[03:43:26] [67/445] PETK
[03:43:26] [68/445] CHAG
[03:43:28] [69/445] KSTL
[03:43:29] [70/445] AADS
[03:43:30] [71/445] NTHZ
[03:43:31] [72/445] HCKI
[03:43:31] [73/445] SSEF
[03:43:32] [74/445] MCGX
[03:43:33] [75/445] ERRA
[03:43:34] [76/445] SDTW
[03:43:35] [77/445] RMPK
[03:43:35] [78/445] PTHK
[03:43:36] [79/445] PXCS
[03:43:37] [80/445] SVLU
[03:43:38] [81/445] STAH
[03:43:39] [82/445] JRGF
[03:43:39] [83/445] CDOK
[03:43:40] [84/445] CMSG
[03:43:41] [85/445] APTD
[03:43:42] [86/445] KMPG
[03:43:43] [87/445] MUTJ
[03:43:43] [88/445] VCCI
[03:43:44] [89/445] URBE
[03:43:45] [90/445] TCTS
[03:43:46] [91/445] STSN
[03:43:47] [92/445] AKCH
[03:43:48] [93/445] APSC
[03:43:49] [94/445] VLTB
[03:43:50] [95/445] SANU
[03:43:51] [96/445] AXAM
[03:43:52] [97/445] MGMG
[03:43:53] [98/445] HTBY
[03:43:53] [99/445] MMZS
[03:43:54] [100/445] SUDR
[03:43:55] [101/445] CCAD
[03:43:55] [102/445] SKKC
[03:43:56] [103/445] RMCD
[03:43:57] [104/445] SBCQ
[03:43:58] [105/445] DCCT
[03:43:59] [106/445] VTKP
[03:44:00] [107/445] MLAM
[03:44:01] [108/445] SAVT
[03:44:02] [109/445] GEPL
[03:44:03] [110/445] AMCD
[03:44:04] [111/445] CCXR
[03:44:05] [112/445] GRNG
[03:44:06] [113/445] EBCA
[03:44:07] [114/445] CNVG
[03:44:09] [115/445] MWSS
[03:44:10] [116/445] VBOR
[03:44:10] [117/445] NEEB
[03:44:11] [118/445] SUTH
[03:44:13] [119/445] ANDB
[03:44:14] [120/445] MMXS
[03:44:14] [121/445] CNPD
[03:44:15] [122/445] SDCE
[03:44:16] [123/445] DHCB
[03:44:17] [124/445] ODEN
[03:44:19] [125/445] TNTC
[03:44:20] [126/445] VBKM
[03:44:21] [127/445] RZYM
[03:44:22] [128/445] JEMC
[03:44:23] [129/445] CMAU
[03:44:24] [130/445] SIVP
[03:44:24] [131/445] ATAG
[03:44:25] [132/445] CHTM
[03:44:26] [133/445] AAEE
[03:44:27] [134/445] IWPM
[03:44:28] [135/445] KCMW
[03:44:29] [136/445] MCTD
[03:44:30] [137/445] SPWR
[03:44:31] [138/445] SDPO
[03:44:32] [139/445] PCSK
[03:44:33] [140/445] ACHV
[03:44:34] [141/445] SVLA
[03:44:35] [142/445] PICT
[03:44:36] [143/445] BXDR
[03:44:37] [144/445] SPWA
[03:44:38] [145/445] MCKO
[03:44:40] [146/445] RTHK
[03:44:41] [147/445] CCMF
[03:44:41] [148/445] MRGB
[03:44:42] [149/445] CPLC
[03:44:43] [150/445] RACD
[03:44:44] [151/445] ATKT
[03:44:45] [152/445] SARN
[03:44:45] [153/445] KKUI
[03:44:47] [154/445] RGCM
[03:44:48] [155/445] BRVP
[03:44:49] [156/445] HRSR
[03:44:50] [157/445] GKGM
[03:44:51] [158/445] TTCD
[03:44:51] [159/445] PTTI
[03:44:52] [160/445] MPTT
[03:44:53] [161/445] CVTT
[03:44:54] [162/445] PCXD
[03:44:55] [163/445] GCDC
[03:44:56] [164/445] CCCF
[03:44:57] [165/445] MRAD
[03:44:58] [166/445] CPLK
[03:44:59] [167/445] SATB
[03:45:01] [168/445] SNVG
[03:45:01] [169/445] JMBA
[03:45:03] [170/445] TEJA
[03:45:04] [171/445] STYO
[03:45:05] [172/445] JTBP
[03:45:06] [173/445] KRGD
[03:45:07] [174/445] SLJJ
[03:45:08] [175/445] SPTJ
[03:45:09] [176/445] SWJG
[03:45:10] [177/445] LKRT
[03:45:11] [178/445] KCKA
[03:45:11] [179/445] SNCR
[03:45:12] [180/445] SMKL
[03:45:13] [181/445] GCFA
[03:45:14] [182/445] DDCK
[03:45:15] [183/445] NCHJ
[03:45:15] [184/445] RDMA
[03:45:16] [185/445] SVSV
[03:45:17] [186/445] SCJG
[03:45:18] [187/445] VKLP
[03:45:19] [188/445] NWCC
[03:45:20] [189/445] VKNS
[03:45:21] [190/445] SDDP
[03:45:21] [191/445] ACSI
[03:45:22] [192/445] SATG
[03:45:23] [193/445] SCMW
[03:45:24] [194/445] LKTK
[03:45:25] [195/445] VCKV
[03:45:26] [196/445] KKPE
[03:45:27] [197/445] KIGH
[03:45:27] [198/445] SRPM
[03:45:28] [199/445] SCAH
[03:45:29] [200/445] MUTA
[03:45:30] [201/445] SEPU
[03:45:30] [202/445] INOA
[03:45:31] [203/445] BASK
[03:45:32] [204/445] NECB
[03:45:33] [205/445] GTTG
[03:45:34] [206/445] ASSA
[03:45:34] [207/445] ANCL
[03:45:35] [208/445] GCTI
[03:45:36] [209/445] RCTS
[03:45:37] [210/445] ACNL
[03:45:38] [211/445] MYCT
[03:45:38] [212/445] NMHT
[03:45:39] [213/445] MDIT
[03:45:40] [214/445] LATG
[03:45:41] [215/445] SMTY
[03:45:41] [216/445] CVCT
[03:45:42] [217/445] RAMB
[03:45:43] [218/445] TGMS
[03:45:44] [219/445] BHEL
[03:45:45] [220/445] SHCT
[03:45:46] [221/445] SVCT
[03:45:46] [222/445] MRIY
[03:45:48] [223/445] SARO
[03:45:48] [224/445] STCT
[03:45:49] [225/445] JKKC
[03:45:50] [226/445] PLTT
[03:45:51] [227/445] SRNT
[03:45:52] [228/445] YAST
[03:45:53] [229/445] PERL
[03:45:54] [230/445] CICM
[03:45:54] [231/445] MMTR
[03:45:55] [232/445] ABTK
[03:45:56] [233/445] ATYY
[03:45:57] [234/445] ASTK
[03:45:58] [235/445] VVCK
[03:46:00] [236/445] ATKY
[03:46:00] [237/445] GWEK
[03:46:01] [238/445] SVFH
[03:46:02] [239/445] SLTA
[03:46:03] [240/445] AASH
[03:46:03] [241/445] ACXB
[03:46:04] [242/445] SMTX
[03:46:05] [243/445] AZDH
[03:46:06] [244/445] CMMH
[03:46:07] [245/445] SCSZ
[03:46:08] [246/445] SCKP
[03:46:09] [247/445] NXTM
[03:46:10] [248/445] NWCS
[03:46:10] [249/445] CXMH
[03:46:11] [250/445] PCMA
[03:46:13] [251/445] SGCM
[03:46:13] [252/445] SDTU
[03:46:14] [253/445] MMVI
[03:46:15] [254/445] JKCM
[03:46:16] [255/445] VCMM
[03:46:17] [256/445] SYEE
[03:46:18] [257/445] VASD
[03:46:19] [258/445] BDRB
[03:46:20] [259/445] LASM
[03:46:21] [260/445] DCRL
[03:46:21] [261/445] DVPM
[03:46:22] [262/445] SBMJ
[03:46:23] [263/445] CBMU
[03:46:25] [264/445] IUBS
[03:46:25] [265/445] INAP
[03:46:26] [266/445] SRRC
[03:46:27] [267/445] SAGR
[03:46:28] [268/445] CPMJ
[03:46:29] [269/445] ATJL
[03:46:29] [270/445] NNTD
[03:46:30] [271/445] JHCJ
[03:46:31] [272/445] CMMP
[03:46:32] [273/445] RSDR
[03:46:32] [274/445] AMTI
[03:46:33] [275/445] NYSG
[03:46:34] [276/445] AVSG
[03:46:35] [277/445] SYTP
[03:46:35] [278/445] LARC
[03:46:36] [279/445] RJTP
[03:46:37] [280/445] LAKC
[03:46:38] [281/445] MCXE
[03:46:39] [282/445] CCZC
[03:46:39] [283/445] AVCH
[03:46:40] [284/445] CMBE
[03:46:41] [285/445] MRRC
[03:46:42] [286/445] PCPY
[03:46:43] [287/445] SRMH
[03:46:44] [288/445] SVGS
[03:46:45] [289/445] PCSE
[03:46:46] [290/445] SVFT
[03:46:47] [291/445] TNZP
[03:46:48] [292/445] ICTP
[03:46:48] [293/445] ACTZ
[03:46:49] [294/445] GTUR
[03:46:50] [295/445] MAFC
[03:46:51] [296/445] MINL
[03:46:52] [297/445] MRCL
[03:46:52] [298/445] RCRP
[03:46:53] [299/445] RFFG
[03:46:55] [300/445] RMAS
[03:46:56] [301/445] INVR
[03:46:57] [302/445] RMAR
[03:46:58] [303/445] CNIS
[03:46:59] [304/445] RHRJ
[03:47:00] [305/445] INXR
[03:47:01] [306/445] VALT
[03:47:02] [307/445] LCSH
[03:47:02] [308/445] CMVS
[03:47:03] [309/445] CNMS
[03:47:04] [310/445] ROOG
[03:47:05] [311/445] ISRM
[03:47:06] [312/445] RCRM
[03:47:07] [313/445] ACJA
[03:47:08] [314/445] RCVS
[03:47:09] [315/445] CPUS
[03:47:09] [316/445] TGCS
[03:47:11] [317/445] RKCJ
[03:47:12] [318/445] MKSB
[03:47:13] [319/445] TCSJ
[03:47:14] [320/445] RMGP
[03:47:15] [321/445] CLLP
[03:47:16] [322/445] RCMV
[03:47:17] [323/445] CCKS
[03:47:18] [324/445] RSRP
[03:47:19] [325/445] APLP
[03:47:19] [326/445] CNVS
[03:47:20] [327/445] RMVY
[03:47:21] [328/445] PGBD
[03:47:23] [329/445] KLMS
[03:47:24] [330/445] RUST
[03:47:24] [331/445] MASM
[03:47:25] [332/445] BACS
[03:47:26] [333/445] BWST
[03:47:26] [334/445] RRFH
[03:47:27] [335/445] SJTM
[03:47:28] [336/445] BEMR
[03:47:29] [337/445] MCGR
[03:47:30] [338/445] SDSK
[03:47:31] [339/445] VBOL
[03:47:31] [340/445] RMGM
[03:47:33] [341/445] NOPL
[03:47:34] [342/445] MKJK
[03:47:36] [343/445] CVRN
[03:47:36] [344/445] MMEN
[03:47:37] [345/445] AMNG
[03:47:39] [346/445] INTM
[03:47:40] [347/445] SLCZ
[03:47:40] [348/445] AMJN
[03:47:41] [349/445] ACJN
[03:47:42] [350/445] AMKN
[03:47:43] [351/445] BTCN
[03:47:44] [352/445] AMBT
[03:47:45] [353/445] PACN
[03:47:46] [354/445] LCNS
[03:47:46] [355/445] PPKC
[03:47:47] [356/445] JYYN
[03:47:48] [357/445] JTNR
[03:47:49] [358/445] GTEE
[03:47:50] [359/445] SRNM
[03:47:50] [360/445] SDTC
[03:47:51] [361/445] VPCA
[03:47:52] [362/445] VLRA
[03:47:53] [363/445] SHKR
[03:47:54] [364/445] SBKD
[03:47:54] [365/445] SAAD
[03:47:55] [366/445] JTGN
[03:47:56] [367/445] SLAM
[03:47:57] [368/445] VTPM
[03:47:58] [369/445] ANPT
[03:47:59] [370/445] PUNB
[03:48:00] [371/445] CPKT
[03:48:01] [372/445] CNWE
[03:48:02] [373/445] ECPP
[03:48:03] [374/445] CPAR
[03:48:04] [375/445] ESBW
[03:48:04] [376/445] PKPU
[03:48:05] [377/445] CPRP
[03:48:06] [378/445] RAHU
[03:48:07] [379/445] RHMN
[03:48:08] [380/445] FMJP
[03:48:08] [381/445] CTMP
[03:48:09] [382/445] INPN
[03:48:10] [383/445] STTG
[03:48:11] [384/445] CTRD
[03:48:12] [385/445] PUVB
[03:48:12] [386/445] ESVP
[03:48:13] [387/445] CPFT
[03:48:14] [388/445] LCPC
[03:48:14] [389/445] VBCT
[03:48:16] [390/445] FSCW
[03:48:16] [391/445] VCMP
[03:48:17] [392/445] ASHC
[03:48:18] [393/445] VLCX
[03:48:19] [394/445] SHEV
[03:48:19] [395/445] APCO
[03:48:20] [396/445] SILC
[03:48:21] [397/445] SNMR
[03:48:22] [398/445] KYBO
[03:48:22] [399/445] SATK
[03:48:24] [400/445] SSCS
[03:48:25] [401/445] CLSB
[03:48:26] [402/445] KMJR
[03:48:27] [403/445] FSCK
[03:48:28] [404/445] NNKA
[03:48:28] [405/445] CLMK
[03:48:29] [406/445] DMPZ
[03:48:30] [407/445] INQM
[03:48:31] [408/445] CAML
[03:48:32] [409/445] INRK
[03:48:32] [410/445] IMKN
[03:48:33] [411/445] SVNR
[03:48:35] [412/445] INSL
[03:48:35] [413/445] MSMA
[03:48:36] [414/445] MCKK
[03:48:37] [415/445] FCHP
[03:48:38] [416/445] SFCR
[03:48:39] [417/445] NACK
[03:48:41] [418/445] PVAK
[03:48:42] [419/445] INER
[03:48:43] [420/445] RDBK
[03:48:44] [421/445] SVFN
[03:48:45] [422/445] IFRM
[03:48:46] [423/445] ATCK
[03:48:47] [424/445] ASKO
[03:48:48] [425/445] STKT
[03:48:49] [426/445] SVFB
[03:48:49] [427/445] INKS
[03:48:50] [428/445] PCRA
[03:48:52] [429/445] ATJA
[03:48:53] [430/445] IMJN
[03:48:54] [431/445] INHD
[03:48:54] [432/445] BARA
[03:48:55] [433/445] MCSL
[03:48:56] [434/445] RTOY
[03:48:57] [435/445] MENO
[03:48:58] [436/445] PUDM
[03:48:59] [437/445] PRCN
[03:48:59] [438/445] JMJR
[03:49:00] [439/445] SSGK
[03:49:01] [440/445] SSRL
[03:49:02] [441/445] JYKL
[03:49:03] [442/445] ACNB
[03:49:04] [443/445] SONP
[03:49:05] [444/445] EMCI
[03:49:05] [445/445] MRJH
[03:49:07] ✅ DONE | Shows=5 | Movies=2
