[00:39:44] 🚀 BMS DAILY TRACKER STARTED
[00:39:44] [1/459] MCCZ
[00:39:44] 🧠 New identity
[00:39:45] [2/459] FRPU
[00:39:46] [3/459] SKSI
[00:39:47] [4/459] SSCK
[00:39:47] [5/459] SRDC
[00:39:48] [6/459] RSCZ
[00:39:49] [7/459] PRVT
[00:39:50] [8/459] GAGJ
[00:39:51] [9/459] SMHG
[00:39:52] [10/459] JTST
[00:39:53] [11/459] MYTH
[00:39:54] [12/459] JPCC
[00:39:55] [13/459] ACDC
[00:39:55] [14/459] SVFP
[00:39:56] [15/459] SFCM
[00:39:57] [16/459] RUPK
[00:39:58] [17/459] NTCR
[00:39:59] [18/459] RTCH
[00:39:59] [19/459] SCMH
[00:40:00] [20/459] SVYM
[00:40:01] [21/459] SPYM
[00:40:02] [22/459] SMMF
[00:40:03] [23/459] CLLB
[00:40:04] [24/459] FMCB
[00:40:04] [25/459] BBTC
[00:40:05] [26/459] NTHS
[00:40:06] [27/459] PKKJ
[00:40:07] [28/459] MTJA
[00:40:08] [29/459] PMSJ
[00:40:08] [30/459] JMJU
[00:40:09] [31/459] SRAD
[00:40:10] [32/459] MJMC
[00:40:11] [33/459] DFRM
[00:40:12] [34/459] PMRS
[00:40:13] [35/459] RKPP
[00:40:15] [36/459] BMBK
[00:40:16] [37/459] NEWS
[00:40:16] [38/459] SALB
[00:40:17] [39/459] SCPW
[00:40:18] [40/459] RAYL
[00:40:19] [41/459] CMGJ
[00:40:20] [42/459] JRCR
[00:40:21] [43/459] SRTB
[00:40:22] [44/459] ETPB
[00:40:24] [45/459] MXBN
[00:40:25] [46/459] TOPE
[00:40:25] [47/459] SNLJ
[00:40:26] [48/459] CDDP
[00:40:27] [49/459] APCX
[00:40:28] [50/459] TALP
[00:40:29] [51/459] RRMP
[00:40:30] [52/459] MAHB
[00:40:31] [53/459] MTKR
[00:40:32] [54/459] KSKL
[00:40:33] [55/459] RJLT
[00:40:34] [56/459] ATAS
[00:40:34] [57/459] AMHR
[00:40:36] [58/459] RSRM
[00:40:37] [59/459] GCAT
[00:40:38] [60/459] SMML
[00:40:38] [61/459] ACCD
[00:40:39] [62/459] VYDA
[00:40:40] [63/459] MSKT
[00:40:41] [64/459] AVDM
[00:40:42] [65/459] ASMH
[00:40:42] [66/459] VTMB
[00:40:43] [67/459] WVMB
[00:40:44] [68/459] PPMN
[00:40:44] [69/459] MTMD
[00:40:45] [70/459] SMMO
[00:40:46] [71/459] DLPB
[00:40:47] [72/459] AKMD
[00:40:48] [73/459] SHRR
[00:40:49] [74/459] ASCO
[00:40:50] [75/459] CZVX
[00:40:51] [76/459] GCBB
[00:40:52] [77/459] ATBM
[00:40:53] [78/459] TCGM
[00:40:54] [79/459] UMSE
[00:40:54] [80/459] NKCL
[00:40:55] [81/459] BTLR
[00:40:56] [82/459] GOCL
[00:40:57] [83/459] MIRN
[00:40:58] [84/459] THEC
[00:40:58] [85/459] SPPB
[00:40:59] [86/459] PMMM
[00:41:00] [87/459] GGMC
[00:41:01] [88/459] AVSR
[00:41:02] [89/459] RDMH
[00:41:03] [90/459] JSRS
[00:41:04] [91/459] VKGP
[00:41:05] [92/459] ACRT
[00:41:06] [93/459] GCBA
[00:41:07] [94/459] GTCP
[00:41:08] [95/459] AKFC
[00:41:08] [96/459] INCS
[00:41:09] [97/459] SMCK
[00:41:10] [98/459] BRUN
[00:41:11] [99/459] RPPC
[00:41:12] [100/459] PAYD
[00:41:12] [101/459] SVVT
[00:41:14] [102/459] RNCC
[00:41:15] [103/459] PCRC
[00:41:16] [104/459] PMRM
[00:41:17] [105/459] CCRP
[00:41:18] [106/459] INCR
[00:41:19] [107/459] ZTMP
[00:41:20] [108/459] MCNR
[00:41:21] [109/459] INRP
[00:41:21] [110/459] STRC
[00:41:22] [111/459] RATI
[00:41:23] [112/459] PBTR
[00:41:24] [113/459] CMHP
[00:41:25] [114/459] ZECJ
[00:41:26] [115/459] CCCB
[00:41:27] [116/459] BWCB
[00:41:27] [117/459] CCAT
[00:41:28] [118/459] KGCM
[00:41:29] [119/459] INPT
[00:41:30] [120/459] FNCO
[00:41:31] [121/459] SRMJ
[00:41:32] [122/459] PFSC
[00:41:33] [123/459] PBMC
[00:41:34] [124/459] KARP
[00:41:34] [125/459] KOVI
[00:41:35] [126/459] ACXL
[00:41:36] [127/459] GKCC
[00:41:37] [128/459] ASCC
[00:41:37] [129/459] SETC
[00:41:38] [130/459] KACC
[00:41:40] [131/459] KAVE
[00:41:41] [132/459] CNTC
[00:41:42] [133/459] MEEN
[00:41:42] [134/459] BMRV
[00:41:43] [135/459] SVAM
[00:41:44] [136/459] VTBP
[00:41:46] [137/459] VCKN
[00:41:47] [138/459] SGTK
[00:41:48] [139/459] RCGS
[00:41:50] [140/459] RCCB
[00:41:51] [141/459] RKSR
[00:41:51] [142/459] RKCU
[00:41:52] [143/459] GIBH
[00:41:53] [144/459] CXBS
[00:41:53] [145/459] GGCB
[00:41:54] [146/459] SCPB
[00:41:55] [147/459] AKTB
[00:41:57] [148/459] SRBU
[00:41:57] [149/459] CSSA
[00:41:58] [150/459] MYAN
[00:41:59] [151/459] EXCA
[00:42:00] [152/459] CKSA
[00:42:00] [153/459] JTNM
[00:42:01] [154/459] CXKT
[00:42:02] [155/459] NCLM
[00:42:03] [156/459] JAAD
[00:42:04] [157/459] RDCR
[00:42:05] [158/459] MEER
[00:42:06] [159/459] SIBT
[00:42:06] [160/459] PVVB
[00:42:07] [161/459] FNPN
[00:42:09] [162/459] CRPX
[00:42:09] [163/459] STET
[00:42:10] [164/459] METE
[00:42:11] [165/459] BJML
[00:42:12] [166/459] MAVT
[00:42:13] [167/459] MSRM
[00:42:14] [168/459] TJMP
[00:42:15] [169/459] MHCK
[00:42:15] [170/459] SVGP
[00:42:16] [171/459] KRRC
[00:42:17] [172/459] IMCH
[00:42:18] [173/459] CMCS
[00:42:19] [174/459] SGND
[00:42:20] [175/459] RNAT
[00:42:20] [176/459] PRTN
[00:42:21] [177/459] MPTN
[00:42:22] [178/459] ARCC
[00:42:23] [179/459] NTTE
[00:42:23] [180/459] ABND
[00:42:24] [181/459] KCSN
[00:42:25] [182/459] KCSA
[00:42:26] [183/459] DCKT
[00:42:27] [184/459] MBBR
[00:42:28] [185/459] RAMU
[00:42:28] [186/459] RACW
[00:42:29] [187/459] MCHP
[00:42:30] [188/459] TMHM
[00:42:31] [189/459] STXH
[00:42:32] [190/459] AGSG
[00:42:33] [191/459] SIRA
[00:42:34] [192/459] RCAN
[00:42:34] [193/459] CWTB
[00:42:35] [194/459] VTYM
[00:42:36] [195/459] RRPP
[00:42:37] [196/459] ASMR
[00:42:38] [197/459] RONO
[00:42:39] [198/459] MEMR
[00:42:40] [199/459] CTMR
[00:42:41] [200/459] PMTT
[00:42:41] [201/459] PSLX
[00:42:43] [202/459] IPPL
[00:42:44] [203/459] MMSG
[00:42:45] [204/459] INEL
[00:42:46] [205/459] COAC
[00:42:47] [206/459] WVLK
[00:42:48] [207/459] PPXL
[00:42:48] [208/459] PSML
[00:42:49] [209/459] FNLK
[00:42:50] [210/459] ILUM
[00:42:51] [211/459] ILCM
[00:42:52] [212/459] MSNL
[00:42:53] [213/459] VINB
[00:42:54] [214/459] SALW
[00:42:56] [215/459] PRTB
[00:42:57] [216/459] NCIL
[00:42:58] [217/459] PSUL
[00:42:58] [218/459] SCLK
[00:43:00] [219/459] ADDC
[00:43:01] [220/459] OACL
[00:43:02] [221/459] OOCF
[00:43:02] [222/459] GPMF
[00:43:03] [223/459] SSDG
[00:43:04] [224/459] SKRS
[00:43:05] [225/459] NTTP
[00:43:05] [226/459] SLTP
[00:43:06] [227/459] JTLC
[00:43:07] [228/459] POON
[00:43:08] [229/459] CCPC
[00:43:08] [230/459] DCKC
[00:43:09] [231/459] CPRT
[00:43:10] [232/459] EYHZ
[00:43:11] [233/459] ARBL
[00:43:11] [234/459] SBTB
[00:43:12] [235/459] MMCK
[00:43:13] [236/459] PLMR
[00:43:14] [237/459] BIJH
[00:43:15] [238/459] SDRT
[00:43:16] [239/459] PRDC
[00:43:17] [240/459] OMJA
[00:43:18] [241/459] VKCR
[00:43:19] [242/459] ATRT
[00:43:20] [243/459] WVRP
[00:43:21] [244/459] MVRP
[00:43:21] [245/459] FCAX
[00:43:22] [246/459] CTLC
[00:43:23] [247/459] JCHB
[00:43:24] [248/459] SELP
[00:43:25] [249/459] VCPG
[00:43:26] [250/459] ASCX
[00:43:27] [251/459] EOCS
[00:43:28] [252/459] RCPH
[00:43:30] [253/459] RJTM
[00:43:31] [254/459] SGMD
[00:43:32] [255/459] SVJT
[00:43:32] [256/459] SPPO
[00:43:33] [257/459] MNRL
[00:43:34] [258/459] KNOX
[00:43:35] [259/459] GIER
[00:43:35] [260/459] PJMS
[00:43:36] [261/459] UNSP
[00:43:37] [262/459] JETP
[00:43:38] [263/459] VTWA
[00:43:39] [264/459] SCJI
[00:43:40] [265/459] CBZZ
[00:43:41] [266/459] SDCJ
[00:43:42] [267/459] RRCC
[00:43:42] [268/459] VNKG
[00:43:43] [269/459] LKTO
[00:43:44] [270/459] PJRM
[00:43:45] [271/459] NVRM
[00:43:46] [272/459] SJCS
[00:43:46] [273/459] VIGK
[00:43:47] [274/459] ANST
[00:43:48] [275/459] JTTS
[00:43:49] [276/459] NTST
[00:43:49] [277/459] PREB
[00:43:50] [278/459] TSCZ
[00:43:51] [279/459] CDCM
[00:43:52] [280/459] ELYE
[00:43:53] [281/459] INBS
[00:43:53] [282/459] SMGC
[00:43:54] [283/459] UTMP
[00:43:55] [284/459] INTA
[00:43:56] [285/459] OMPT
[00:43:57] [286/459] SCIR
[00:43:57] [287/459] GCKJ
[00:43:58] [288/459] INOG
[00:43:59] [289/459] SMGB
[00:44:00] [290/459] MCSG
[00:44:00] [291/459] STKG
[00:44:01] [292/459] TTKG
[00:44:02] [293/459] SRTR
[00:44:04] [294/459] ETTR
[00:44:04] [295/459] GGGZ
[00:44:05] [296/459] IPGM
[00:44:07] [297/459] FCDH
[00:44:08] [298/459] DESB
[00:44:09] [299/459] VNTP
[00:44:10] [300/459] ANNT
[00:44:11] [301/459] SLTI
[00:44:12] [302/459] MAJU
[00:44:13] [303/459] JCXP
[00:44:14] [304/459] HARK
[00:44:15] [305/459] JPCJ
[00:44:16] [306/459] RXBD
[00:44:17] [307/459] PTKJ
[00:44:18] [308/459] CMTU
[00:44:18] [309/459] SWOR
[00:44:19] [310/459] JMEX
[00:44:20] [311/459] DTPT
[00:44:21] [312/459] VGMM
[00:44:22] [313/459] VCSG
[00:44:23] [314/459] CVCG
[00:44:24] [315/459] TNTT
[00:44:25] [316/459] SHRM
[00:44:25] [317/459] CGKD
[00:44:26] [318/459] EKCM
[00:44:27] [319/459] SDCX
[00:44:27] [320/459] SBTE
[00:44:29] [321/459] STKJ
[00:44:30] [322/459] TPCE
[00:44:31] [323/459] JTNP
[00:44:32] [324/459] LPCH
[00:44:32] [325/459] CPUO
[00:44:33] [326/459] APSU
[00:44:34] [327/459] RTHC
[00:44:35] [328/459] PTBU
[00:44:35] [329/459] CUCC
[00:44:36] [330/459] CPSA
[00:44:37] [331/459] SUAY
[00:44:38] [332/459] AYAA
[00:44:39] [333/459] MUCH
[00:44:40] [334/459] PCIN
[00:44:41] [335/459] JRRM
[00:44:42] [336/459] KATS
[00:44:42] [337/459] MHFF
[00:44:43] [338/459] ESYM
[00:44:44] [339/459] STYV
[00:44:45] [340/459] SDKG
[00:44:46] [341/459] SMTI
[00:44:46] [342/459] NYCS
[00:44:48] [343/459] MTBG
[00:44:49] [344/459] RHCA
[00:44:49] [345/459] PCKH
[00:44:50] [346/459] ARCR
[00:44:51] [347/459] NCMB
[00:44:52] [348/459] SHYC
[00:44:53] [349/459] LACK
[00:44:54] [350/459] MTCM
[00:44:55] [351/459] RRBN
[00:44:56] [352/459] MYDC
[00:44:57] [353/459] STCS
[00:44:57] [354/459] CONN
[00:44:58] [355/459] SIPS
[00:45:00] [356/459] SMMX
[00:45:01] [357/459] SCBY
[00:45:02] [358/459] SUAP
[00:45:02] [359/459] RSMK
[00:45:03] [360/459] STKP
[00:45:04] [361/459] CIPC
[00:45:05] [362/459] KKCI
[00:45:05] [363/459] CTNK
[00:45:07] [364/459] MMTZ
[00:45:08] [365/459] DCCO
[00:45:09] [366/459] VNMN
[00:45:09] [367/459] RLCN
[00:45:11] [368/459] CMMS
[00:45:11] [369/459] AYOU
[00:45:12] [370/459] SSCN
[00:45:13] [371/459] SMXN
[00:45:14] [372/459] ASSK
[00:45:15] [373/459] VCKM
[00:45:16] [374/459] PCPH
[00:45:16] [375/459] PADM
[00:45:18] [376/459] IESA
[00:45:19] [377/459] VCSP
[00:45:20] [378/459] AEST
[00:45:21] [379/459] VTNR
[00:45:22] [380/459] GTTA
[00:45:23] [381/459] CMMM
[00:45:24] [382/459] AHKT
[00:45:24] [383/459] SIJI
[00:45:25] [384/459] VCEI
[00:45:26] [385/459] SAKR
[00:45:27] [386/459] VSMT
[00:45:28] [387/459] SSCT
[00:45:28] [388/459] USTR
[00:45:29] [389/459] MTKT
[00:45:30] [390/459] TGMP
[00:45:31] [391/459] SIVC
[00:45:32] [392/459] KICT
[00:45:33] [393/459] DAMD
[00:45:34] [394/459] CNPT
[00:45:35] [395/459] RVTT
[00:45:36] [396/459] SNCM
[00:45:37] [397/459] GHTE
[00:45:38] [398/459] PPAM
[00:45:39] [399/459] PVAA
[00:45:40] [400/459] CPAO
[00:45:40] [401/459] HAMD
[00:45:41] [402/459] RCCA
[00:45:42] [403/459] MPCH
[00:45:43] [404/459] ARED
[00:45:43] [405/459] RRCV
[00:45:45] [406/459] MTRB
[00:45:46] [407/459] CKUA
[00:45:47] [408/459] ABMP
[00:45:48] [409/459] RCWA
[00:45:49] [410/459] CGAR
[00:45:50] [411/459] METH
[00:45:51] [412/459] WAGA
[00:45:52] [413/459] MCMA
[00:45:52] [414/459] CSMP
[00:45:53] [415/459] RCNK
[00:45:54] [416/459] PSTM
[00:45:55] [417/459] CSEP
[00:45:57] [418/459] AMGD
[00:45:57] [419/459] CSTE
[00:45:58] [420/459] CONS
[00:46:00] [421/459] APPX
[00:46:00] [422/459] MABC
[00:46:02] [423/459] CXST
[00:46:03] [424/459] MATN
[00:46:03] [425/459] MACZ
[00:46:05] [426/459] MASA
[00:46:06] [427/459] MBSX
[00:46:07] [428/459] CSST
[00:46:08] [429/459] APCL
[00:46:09] [430/459] CGOS
[00:46:09] [431/459] CPEC
[00:46:11] [432/459] MCCP
[00:46:12] [433/459] BSSO
[00:46:12] [434/459] SJKA
[00:46:13] [435/459] CGBO
[00:46:14] [436/459] MVSK
[00:46:15] [437/459] HVCA
[00:46:16] [438/459] NAMD
[00:46:16] [439/459] DEVI
[00:46:17] [440/459] SCSV
[00:46:18] [441/459] PSMA
[00:46:19] [442/459] CLDJ
[00:46:20] [443/459] NMAD
[00:46:21] [444/459] CGMO
[00:46:22] [445/459] MCNA
[00:46:23] [446/459] OCBN
[00:46:24] [447/459] CPEM
[00:46:24] [448/459] CPSM
[00:46:26] [449/459] RCAD
[00:46:27] [450/459] CPMU
[00:46:27] [451/459] DICD
[00:46:28] [452/459] CHOE
[00:46:29] [453/459] PDJM
[00:46:30] [454/459] SSTU
[00:46:30] [455/459] VNRN
[00:46:31] [456/459] PVLG
[00:46:32] [457/459] SWBL
[00:46:33] [458/459] SCAB
[00:46:33] [459/459] RDDA
[00:46:34] ✅ DONE | Shows=0 | Movies=0
