[00:42:11] 🚀 BMS DAILY TRACKER STARTED
[00:42:11] [1/459] MCCZ
[00:42:11] 🧠 New identity
[00:42:12] [2/459] FRPU
[00:42:13] [3/459] SKSI
[00:42:14] [4/459] SSCK
[00:42:16] [5/459] SRDC
[00:42:17] [6/459] RSCZ
[00:42:18] [7/459] PRVT
[00:42:19] [8/459] GAGJ
[00:42:20] [9/459] SMHG
[00:42:21] [10/459] JTST
[00:42:22] [11/459] MYTH
[00:42:23] [12/459] JPCC
[00:42:24] [13/459] ACDC
[00:42:25] [14/459] SVFP
[00:42:25] [15/459] SFCM
[00:42:26] [16/459] RUPK
[00:42:27] [17/459] NTCR
[00:42:28] [18/459] RTCH
[00:42:29] [19/459] SCMH
[00:42:30] [20/459] SVYM
[00:42:31] [21/459] SPYM
[00:42:31] [22/459] SMMF
[00:42:32] [23/459] CLLB
[00:42:33] [24/459] FMCB
[00:42:34] [25/459] BBTC
[00:42:36] [26/459] NTHS
[00:42:37] [27/459] PKKJ
[00:42:37] [28/459] MTJA
[00:42:38] [29/459] PMSJ
[00:42:39] [30/459] JMJU
[00:42:40] [31/459] SRAD
[00:42:41] [32/459] MJMC
[00:42:42] [33/459] DFRM
[00:42:43] [34/459] PMRS
[00:42:44] [35/459] RKPP
[00:42:45] [36/459] BMBK
[00:42:46] [37/459] NEWS
[00:42:47] [38/459] SALB
[00:42:47] [39/459] SCPW
[00:42:48] [40/459] RAYL
[00:42:50] [41/459] CMGJ
[00:42:51] [42/459] JRCR
[00:42:52] [43/459] SRTB
[00:42:53] [44/459] ETPB
[00:42:54] [45/459] MXBN
[00:42:54] [46/459] TOPE
[00:42:55] [47/459] SNLJ
[00:42:56] [48/459] CDDP
[00:42:57] [49/459] APCX
[00:42:58] [50/459] TALP
[00:42:59] [51/459] RRMP
[00:43:00] [52/459] MAHB
[00:43:01] [53/459] MTKR
[00:43:02] [54/459] KSKL
[00:43:03] [55/459] RJLT
[00:43:04] [56/459] ATAS
[00:43:05] [57/459] AMHR
[00:43:06] [58/459] RSRM
[00:43:07] [59/459] GCAT
[00:43:08] [60/459] SMML
[00:43:08] [61/459] ACCD
[00:43:09] [62/459] VYDA
[00:43:10] [63/459] MSKT
[00:43:11] [64/459] AVDM
[00:43:12] [65/459] ASMH
[00:43:12] [66/459] VTMB
[00:43:13] [67/459] WVMB
[00:43:14] [68/459] PPMN
[00:43:15] [69/459] MTMD
[00:43:16] [70/459] SMMO
[00:43:18] [71/459] DLPB
[00:43:20] [72/459] AKMD
[00:43:20] [73/459] SHRR
[00:43:21] [74/459] ASCO
[00:43:22] [75/459] CZVX
[00:43:23] [76/459] GCBB
[00:43:24] [77/459] ATBM
[00:43:25] [78/459] TCGM
[00:43:26] [79/459] UMSE
[00:43:27] [80/459] NKCL
[00:43:28] [81/459] BTLR
[00:43:29] [82/459] GOCL
[00:43:30] [83/459] MIRN
[00:43:30] [84/459] THEC
[00:43:31] [85/459] SPPB
[00:43:32] [86/459] PMMM
[00:43:33] [87/459] GGMC
[00:43:34] [88/459] AVSR
[00:43:35] [89/459] RDMH
[00:43:36] [90/459] JSRS
[00:43:36] [91/459] VKGP
[00:43:37] [92/459] ACRT
[00:43:38] [93/459] GCBA
[00:43:39] [94/459] GTCP
[00:43:40] [95/459] AKFC
[00:43:41] [96/459] INCS
[00:43:42] [97/459] SMCK
[00:43:43] [98/459] BRUN
[00:43:44] [99/459] RPPC
[00:43:45] [100/459] PAYD
[00:43:45] [101/459] SVVT
[00:43:46] [102/459] RNCC
[00:43:47] [103/459] PCRC
[00:43:48] [104/459] PMRM
[00:43:49] [105/459] CCRP
[00:43:51] [106/459] INCR
[00:43:51] [107/459] ZTMP
[00:43:52] [108/459] MCNR
[00:43:53] [109/459] INRP
[00:43:54] [110/459] STRC
[00:43:55] [111/459] RATI
[00:43:55] [112/459] PBTR
[00:43:56] [113/459] CMHP
[00:43:57] [114/459] ZECJ
[00:43:58] [115/459] CCCB
[00:43:59] [116/459] BWCB
[00:43:59] [117/459] CCAT
[00:44:00] [118/459] KGCM
[00:44:01] [119/459] INPT
[00:44:02] [120/459] FNCO
[00:44:03] [121/459] SRMJ
[00:44:04] [122/459] PFSC
[00:44:05] [123/459] PBMC
[00:44:06] [124/459] KARP
[00:44:06] [125/459] KOVI
[00:44:07] [126/459] ACXL
[00:44:08] [127/459] GKCC
[00:44:09] [128/459] ASCC
[00:44:09] [129/459] SETC
[00:44:10] [130/459] KACC
[00:44:11] [131/459] KAVE
[00:44:12] [132/459] CNTC
[00:44:13] [133/459] MEEN
[00:44:13] [134/459] BMRV
[00:44:14] [135/459] SVAM
[00:44:15] [136/459] VTBP
[00:44:16] [137/459] VCKN
[00:44:17] [138/459] SGTK
[00:44:19] [139/459] RCGS
[00:44:19] [140/459] RCCB
[00:44:20] [141/459] RKSR
[00:44:21] [142/459] RKCU
[00:44:23] [143/459] GIBH
[00:44:24] [144/459] CXBS
[00:44:24] [145/459] GGCB
[00:44:25] [146/459] SCPB
[00:44:26] [147/459] AKTB
[00:44:27] [148/459] SRBU
[00:44:28] [149/459] CSSA
[00:44:29] [150/459] MYAN
[00:44:30] [151/459] EXCA
[00:44:30] [152/459] CKSA
[00:44:31] [153/459] JTNM
[00:44:32] [154/459] CXKT
[00:44:33] [155/459] NCLM
[00:44:34] [156/459] JAAD
[00:44:35] [157/459] RDCR
[00:44:36] [158/459] MEER
[00:44:36] [159/459] SIBT
[00:44:37] [160/459] PVVB
[00:44:38] [161/459] FNPN
[00:44:39] [162/459] CRPX
[00:44:40] [163/459] STET
[00:44:41] [164/459] METE
[00:44:42] [165/459] BJML
[00:44:42] [166/459] MAVT
[00:44:43] [167/459] MSRM
[00:44:44] [168/459] TJMP
[00:44:46] [169/459] MHCK
[00:44:46] [170/459] SVGP
[00:44:47] [171/459] KRRC
[00:44:48] [172/459] IMCH
[00:44:49] [173/459] CMCS
[00:44:49] [174/459] SGND
[00:44:50] [175/459] RNAT
[00:44:51] [176/459] PRTN
[00:44:52] [177/459] MPTN
[00:44:53] [178/459] ARCC
[00:44:54] [179/459] NTTE
[00:44:55] [180/459] ABND
[00:44:56] [181/459] KCSN
[00:44:56] [182/459] KCSA
[00:44:57] [183/459] DCKT
[00:44:58] [184/459] MBBR
[00:44:59] [185/459] RAMU
[00:45:00] [186/459] RACW
[00:45:01] [187/459] MCHP
[00:45:03] [188/459] TMHM
[00:45:04] [189/459] STXH
[00:45:05] [190/459] AGSG
[00:45:07] [191/459] SIRA
[00:45:08] [192/459] RCAN
[00:45:08] [193/459] CWTB
[00:45:09] [194/459] VTYM
[00:45:10] [195/459] RRPP
[00:45:11] [196/459] ASMR
[00:45:13] [197/459] RONO
[00:45:14] [198/459] MEMR
[00:45:15] [199/459] CTMR
[00:45:16] [200/459] PMTT
[00:45:17] [201/459] PSLX
[00:45:17] [202/459] IPPL
[00:45:18] [203/459] MMSG
[00:45:19] [204/459] INEL
[00:45:20] [205/459] COAC
[00:45:22] [206/459] WVLK
[00:45:23] [207/459] PPXL
[00:45:23] [208/459] PSML
[00:45:24] [209/459] FNLK
[00:45:25] [210/459] ILUM
[00:45:26] [211/459] ILCM
[00:45:27] [212/459] MSNL
[00:45:27] [213/459] VINB
[00:45:28] [214/459] SALW
[00:45:29] [215/459] PRTB
[00:45:30] [216/459] NCIL
[00:45:31] [217/459] PSUL
[00:45:31] [218/459] SCLK
[00:45:32] [219/459] ADDC
[00:45:33] [220/459] OACL
[00:45:34] [221/459] OOCF
[00:45:35] [222/459] GPMF
[00:45:36] [223/459] SSDG
[00:45:36] [224/459] SKRS
[00:45:37] [225/459] NTTP
[00:45:38] [226/459] SLTP
[00:45:39] [227/459] JTLC
[00:45:40] [228/459] POON
[00:45:40] [229/459] CCPC
[00:45:41] [230/459] DCKC
[00:45:43] [231/459] CPRT
[00:45:44] [232/459] EYHZ
[00:45:45] [233/459] ARBL
[00:45:46] [234/459] SBTB
[00:45:46] [235/459] MMCK
[00:45:47] [236/459] PLMR
[00:45:48] [237/459] BIJH
[00:45:49] [238/459] SDRT
[00:45:50] [239/459] PRDC
[00:45:51] [240/459] OMJA
[00:45:52] [241/459] VKCR
[00:45:53] [242/459] ATRT
[00:45:54] [243/459] WVRP
[00:45:54] [244/459] MVRP
[00:45:56] [245/459] FCAX
[00:45:57] [246/459] CTLC
[00:45:58] [247/459] JCHB
[00:45:59] [248/459] SELP
[00:46:00] [249/459] VCPG
[00:46:01] [250/459] ASCX
[00:46:02] [251/459] EOCS
[00:46:04] [252/459] RCPH
[00:46:05] [253/459] RJTM
[00:46:06] [254/459] SGMD
[00:46:07] [255/459] SVJT
[00:46:08] [256/459] SPPO
[00:46:09] [257/459] MNRL
[00:46:10] [258/459] KNOX
[00:46:11] [259/459] GIER
[00:46:11] [260/459] PJMS
[00:46:13] [261/459] UNSP
[00:46:14] [262/459] JETP
[00:46:15] [263/459] VTWA
[00:46:16] [264/459] SCJI
[00:46:16] [265/459] CBZZ
[00:46:18] [266/459] SDCJ
[00:46:20] [267/459] RRCC
[00:46:21] [268/459] VNKG
[00:46:22] [269/459] LKTO
[00:46:22] [270/459] PJRM
[00:46:24] [271/459] NVRM
[00:46:25] [272/459] SJCS
[00:46:26] [273/459] VIGK
[00:46:27] [274/459] ANST
[00:46:28] [275/459] JTTS
[00:46:29] [276/459] NTST
[00:46:31] [277/459] PREB
[00:46:31] [278/459] TSCZ
[00:46:32] [279/459] CDCM
[00:46:33] [280/459] ELYE
[00:46:34] [281/459] INBS
[00:46:35] [282/459] SMGC
[00:46:36] [283/459] UTMP
[00:46:37] [284/459] INTA
[00:46:38] [285/459] OMPT
[00:46:38] [286/459] SCIR
[00:46:39] [287/459] GCKJ
[00:46:40] [288/459] INOG
[00:46:41] [289/459] SMGB
[00:46:42] [290/459] MCSG
[00:46:43] [291/459] STKG
[00:46:44] [292/459] TTKG
[00:46:44] [293/459] SRTR
[00:46:45] [294/459] ETTR
[00:46:46] [295/459] GGGZ
[00:46:47] [296/459] IPGM
[00:46:48] [297/459] FCDH
[00:46:49] [298/459] DESB
[00:46:49] [299/459] VNTP
[00:46:50] [300/459] ANNT
[00:46:51] [301/459] SLTI
[00:46:52] [302/459] MAJU
[00:46:53] [303/459] JCXP
[00:46:54] [304/459] HARK
[00:46:55] [305/459] JPCJ
[00:46:56] [306/459] RXBD
[00:46:57] [307/459] PTKJ
[00:46:57] [308/459] CMTU
[00:46:58] [309/459] SWOR
[00:46:59] [310/459] JMEX
[00:47:01] [311/459] DTPT
[00:47:02] [312/459] VGMM
[00:47:03] [313/459] VCSG
[00:47:03] [314/459] CVCG
[00:47:04] [315/459] TNTT
[00:47:05] [316/459] SHRM
[00:47:06] [317/459] CGKD
[00:47:07] [318/459] EKCM
[00:47:07] [319/459] SDCX
[00:47:08] [320/459] SBTE
[00:47:09] [321/459] STKJ
[00:47:10] [322/459] TPCE
[00:47:11] [323/459] JTNP
[00:47:12] [324/459] LPCH
[00:47:14] [325/459] CPUO
[00:47:15] [326/459] APSU
[00:47:15] [327/459] RTHC
[00:47:16] [328/459] PTBU
[00:47:17] [329/459] CUCC
[00:47:18] [330/459] CPSA
[00:47:19] [331/459] SUAY
[00:47:20] [332/459] AYAA
[00:47:20] [333/459] MUCH
[00:47:21] [334/459] PCIN
[00:47:22] [335/459] JRRM
[00:47:22] [336/459] KATS
[00:47:23] [337/459] MHFF
[00:47:24] [338/459] ESYM
[00:47:26] [339/459] STYV
[00:47:27] [340/459] SDKG
[00:47:27] [341/459] SMTI
[00:47:28] [342/459] NYCS
[00:47:29] [343/459] MTBG
[00:47:30] [344/459] RHCA
[00:47:31] [345/459] PCKH
[00:47:31] [346/459] ARCR
[00:47:32] [347/459] NCMB
[00:47:33] [348/459] SHYC
[00:47:34] [349/459] LACK
[00:47:35] [350/459] MTCM
[00:47:35] [351/459] RRBN
[00:47:36] [352/459] MYDC
[00:47:38] [353/459] STCS
[00:47:39] [354/459] CONN
[00:47:40] [355/459] SIPS
[00:47:40] [356/459] SMMX
[00:47:41] [357/459] SCBY
[00:47:42] [358/459] SUAP
[00:47:44] [359/459] RSMK
[00:47:45] [360/459] STKP
[00:47:47] [361/459] CIPC
[00:47:48] [362/459] KKCI
[00:47:49] [363/459] CTNK
[00:47:51] [364/459] MMTZ
[00:47:52] [365/459] DCCO
[00:47:53] [366/459] VNMN
[00:47:53] [367/459] RLCN
[00:47:54] [368/459] CMMS
[00:47:55] [369/459] AYOU
[00:47:56] [370/459] SSCN
[00:47:57] [371/459] SMXN
[00:47:57] [372/459] ASSK
[00:47:58] [373/459] VCKM
[00:47:59] [374/459] PCPH
[00:48:00] [375/459] PADM
[00:48:00] [376/459] IESA
[00:48:01] [377/459] VCSP
[00:48:02] [378/459] AEST
[00:48:03] [379/459] VTNR
[00:48:04] [380/459] GTTA
[00:48:05] [381/459] CMMM
[00:48:06] [382/459] AHKT
[00:48:08] [383/459] SIJI
[00:48:08] [384/459] VCEI
[00:48:09] [385/459] SAKR
[00:48:10] [386/459] VSMT
[00:48:11] [387/459] SSCT
[00:48:12] [388/459] USTR
[00:48:13] [389/459] MTKT
[00:48:13] [390/459] TGMP
[00:48:14] [391/459] SIVC
[00:48:15] [392/459] KICT
[00:48:16] [393/459] DAMD
[00:48:17] [394/459] CNPT
[00:48:18] [395/459] RVTT
[00:48:18] [396/459] SNCM
[00:48:20] [397/459] GHTE
[00:48:21] [398/459] PPAM
[00:48:22] [399/459] PVAA
[00:48:23] [400/459] CPAO
[00:48:25] [401/459] HAMD
[00:48:26] [402/459] RCCA
[00:48:27] [403/459] MPCH
[00:48:28] [404/459] ARED
[00:48:29] [405/459] RRCV
[00:48:30] [406/459] MTRB
[00:48:31] [407/459] CKUA
[00:48:32] [408/459] ABMP
[00:48:33] [409/459] RCWA
[00:48:34] [410/459] CGAR
[00:48:35] [411/459] METH
[00:48:35] [412/459] WAGA
[00:48:36] [413/459] MCMA
[00:48:37] [414/459] CSMP
[00:48:38] [415/459] RCNK
[00:48:39] [416/459] PSTM
[00:48:40] [417/459] CSEP
[00:48:42] [418/459] AMGD
[00:48:42] [419/459] CSTE
[00:48:43] [420/459] CONS
[00:48:44] [421/459] APPX
[00:48:46] [422/459] MABC
[00:48:46] [423/459] CXST
[00:48:48] [424/459] MATN
[00:48:49] [425/459] MACZ
[00:48:50] [426/459] MASA
[00:48:51] [427/459] MBSX
[00:48:51] [428/459] CSST
[00:48:52] [429/459] APCL
[00:48:53] [430/459] CGOS
[00:48:54] [431/459] CPEC
[00:48:55] [432/459] MCCP
[00:48:56] [433/459] BSSO
[00:48:56] [434/459] SJKA
[00:48:57] [435/459] CGBO
[00:48:58] [436/459] MVSK
[00:48:59] [437/459] HVCA
[00:49:00] [438/459] NAMD
[00:49:01] [439/459] DEVI
[00:49:01] [440/459] SCSV
[00:49:02] [441/459] PSMA
[00:49:04] [442/459] CLDJ
[00:49:05] [443/459] NMAD
[00:49:06] [444/459] CGMO
[00:49:07] [445/459] MCNA
[00:49:07] [446/459] OCBN
[00:49:08] [447/459] CPEM
[00:49:09] [448/459] CPSM
[00:49:10] [449/459] RCAD
[00:49:11] [450/459] CPMU
[00:49:11] [451/459] DICD
[00:49:12] [452/459] CHOE
[00:49:13] [453/459] PDJM
[00:49:15] [454/459] SSTU
[00:49:15] [455/459] VNRN
[00:49:16] [456/459] PVLG
[00:49:17] [457/459] SWBL
[00:49:19] [458/459] SCAB
[00:49:19] [459/459] RDDA
[00:49:20] ✅ DONE | Shows=0 | Movies=0
