[00:42:20] 🚀 BMS DAILY TRACKER STARTED
[00:42:20] [1/296] CDCA
[00:42:20] 🧠 New identity
[00:42:21] [2/296] MNSR
[00:42:21] [3/296] CSSL
[00:42:22] [4/296] BGGM
[00:42:23] [5/296] MANT
[00:42:24] [6/296] SOOY
[00:42:25] [7/296] VPPK
[00:42:26] [8/296] MYHJ
[00:42:27] [9/296] KSCK
[00:42:27] [10/296] KATK
[00:42:28] [11/296] RTRT
[00:42:29] [12/296] SSTT
[00:42:30] [13/296] SSTV
[00:42:31] [14/296] LACM
[00:42:32] [15/296] SGMG
[00:42:33] [16/296] KACX
[00:42:34] [17/296] GVCP
[00:42:35] [18/296] CSNC
[00:42:37] [19/296] SXCB
[00:42:37] [20/296] BAHS
[00:42:38] [21/296] PCBI
[00:42:39] [22/296] PSSM
[00:42:40] [23/296] RCOK
[00:42:41] [24/296] SCPF
[00:42:42] [25/296] SSAS
[00:42:42] [26/296] EVMM
[00:42:43] [27/296] SYCB
[00:42:44] [28/296] GCKI
[00:42:45] [29/296] IAET
[00:42:45] [30/296] DDTD
[00:42:46] [31/296] GMDH
[00:42:47] [32/296] STLE
[00:42:48] [33/296] JTRA
[00:42:49] [34/296] RPPA
[00:42:50] [35/296] ARUT
[00:42:51] [36/296] JTVM
[00:42:52] [37/296] SWRH
[00:42:53] [38/296] DCPC
[00:42:54] [39/296] RAPR
[00:42:55] [40/296] GCRT
[00:42:55] [41/296] ATUN
[00:42:56] [42/296] LTRM
[00:42:58] [43/296] TASR
[00:42:59] [44/296] RLLC
[00:42:59] [45/296] MABI
[00:43:01] [46/296] SVHB
[00:43:02] [47/296] NVTB
[00:43:03] [48/296] KCKG
[00:43:04] [49/296] SSRN
[00:43:05] [50/296] VDDC
[00:43:06] [51/296] GKTK
[00:43:07] [52/296] YFSN
[00:43:08] [53/296] GCSG
[00:43:09] [54/296] ESSM
[00:43:09] [55/296] KRIH
[00:43:10] [56/296] GCDS
[00:43:11] [57/296] CCSH
[00:43:12] [58/296] ACSK
[00:43:13] [59/296] APRK
[00:43:14] [60/296] ADKM
[00:43:14] [61/296] SRDM
[00:43:15] [62/296] RMOG
[00:43:16] [63/296] SJMY
[00:43:18] [64/296] PGGC
[00:43:18] [65/296] INGM
[00:43:19] [66/296] LSCB
[00:43:20] [67/296] STAD
[00:43:21] [68/296] MCCR
[00:43:22] [69/296] ABCC
[00:43:23] [70/296] RKCC
[00:43:24] [71/296] RTCR
[00:43:24] [72/296] GGBC
[00:43:25] [73/296] GCSD
[00:43:26] [74/296] LPTY
[00:43:27] [75/296] MCFD
[00:43:28] [76/296] HENN
[00:43:29] [77/296] SMKU
[00:43:30] [78/296] TNZC
[00:43:31] [79/296] DRCD
[00:43:32] [80/296] DLCD
[00:43:33] [81/296] RCDA
[00:43:33] [82/296] COSM
[00:43:35] [83/296] MCMJ
[00:43:36] [84/296] CSTR
[00:43:37] [85/296] CVDK
[00:43:38] [86/296] INRR
[00:43:39] [87/296] RJRT
[00:43:40] [88/296] IRMR
[00:43:40] [89/296] SRCF
[00:43:41] [90/296] GRCR
[00:43:42] [91/296] SURC
[00:43:43] [92/296] NMNH
[00:43:44] [93/296] SVBL
[00:43:45] [94/296] KACI
[00:43:46] [95/296] TDGO
[00:43:47] [96/296] KTBR
[00:43:47] [97/296] PMAD
[00:43:48] [98/296] CCPN
[00:43:49] [99/296] SBTK
[00:43:51] [100/296] LMDK
[00:43:51] [101/296] PGDA
[00:43:52] [102/296] SRML
[00:43:53] [103/296] EVCK
[00:43:55] [104/296] RTTK
[00:43:55] [105/296] SRTU
[00:43:56] [106/296] VRSA
[00:43:57] [107/296] VARS
[00:43:58] [108/296] DSCZ
[00:43:59] [109/296] GAGA
[00:44:00] [110/296] SARV
[00:44:01] [111/296] SEEG
[00:44:02] [112/296] GLCA
[00:44:03] [113/296] APAS
[00:44:03] [114/296] VCIA
[00:44:04] [115/296] SJTA
[00:44:05] [116/296] SABM
[00:44:06] [117/296] PPAG
[00:44:07] [118/296] RVCA
[00:44:08] [119/296] CCIA
[00:44:09] [120/296] HTAG
[00:44:10] [121/296] SMBI
[00:44:12] [122/296] MCJR
[00:44:12] [123/296] CCJR
[00:44:13] [124/296] SINF
[00:44:14] [125/296] CPLX
[00:44:16] [126/296] KKTJ
[00:44:16] [127/296] GDBW
[00:44:18] [128/296] CSUB
[00:44:19] [129/296] DABA
[00:44:19] [130/296] TITR
[00:44:20] [131/296] NYCR
[00:44:21] [132/296] RTRY
[00:44:21] [133/296] JTJL
[00:44:22] [134/296] SJCP
[00:44:23] [135/296] KCCA
[00:44:24] [136/296] MLPG
[00:44:25] [137/296] VRCK
[00:44:26] [138/296] SRIN
[00:44:27] [139/296] CXMK
[00:44:27] [140/296] SKAD
[00:44:28] [141/296] AVTR
[00:44:30] [142/296] PTAJ
[00:44:31] [143/296] SCNK
[00:44:32] [144/296] STTI
[00:44:33] [145/296] KACR
[00:44:33] [146/296] SSDX
[00:44:34] [147/296] VRTJ
[00:44:35] [148/296] RAJD
[00:44:36] [149/296] SCIP
[00:44:37] [150/296] RJSL
[00:44:38] [151/296] ARRS
[00:44:38] [152/296] ASMS
[00:44:39] [153/296] RDTS
[00:44:40] [154/296] DVMY
[00:44:41] [155/296] RASA
[00:44:42] [156/296] INOM
[00:44:43] [157/296] SPRS
[00:44:45] [158/296] SGCS
[00:44:46] [159/296] SALM
[00:44:47] [160/296] PKHC
[00:44:47] [161/296] RCSV
[00:44:48] [162/296] CPKC
[00:44:50] [163/296] AACD
[00:44:51] [164/296] GGCV
[00:44:51] [165/296] SMKD
[00:44:52] [166/296] NBCH
[00:44:53] [167/296] AMCB
[00:44:54] [168/296] OPCN
[00:44:55] [169/296] DCIN
[00:44:56] [170/296] INGW
[00:44:57] [171/296] PKKW
[00:44:59] [172/296] FNGW
[00:44:59] [173/296] GCGD
[00:45:00] [174/296] MSTW
[00:45:01] [175/296] KCCG
[00:45:02] [176/296] MRSS
[00:45:03] [177/296] CLCF
[00:45:04] [178/296] EETS
[00:45:04] [179/296] AATR
[00:45:05] [180/296] CMMN
[00:45:06] [181/296] SCCJ
[00:45:07] [182/296] CDTK
[00:45:08] [183/296] AICP
[00:45:10] [184/296] FNBP
[00:45:11] [185/296] CBPB
[00:45:11] [186/296] CPAS
[00:45:12] [187/296] MAPM
[00:45:13] [188/296] PASD
[00:45:14] [189/296] JCMN
[00:45:15] [190/296] MALB
[00:45:15] [191/296] SACG
[00:45:16] [192/296] DDRX
[00:45:17] [193/296] DDXB
[00:45:18] [194/296] RAMC
[00:45:19] [195/296] SANC
[00:45:20] [196/296] BCBP
[00:45:21] [197/296] ALPC
[00:45:21] [198/296] RBAC
[00:45:22] [199/296] RAJL
[00:45:23] [200/296] MPDX
[00:45:24] [201/296] MUSC
[00:45:25] [202/296] VKMK
[00:45:25] [203/296] SKCG
[00:45:26] [204/296] ANCN
[00:45:28] [205/296] MMCJ
[00:45:29] [206/296] DCAK
[00:45:30] [207/296] SCKG
[00:45:30] [208/296] LMCK
[00:45:32] [209/296] CKKX
[00:45:33] [210/296] ANKU
[00:45:33] [211/296] CSMD
[00:45:34] [212/296] MKMP
[00:45:35] [213/296] SVBG
[00:45:36] [214/296] ROOP
[00:45:36] [215/296] GDMT
[00:45:37] [216/296] FPPF
[00:45:38] [217/296] SFUU
[00:45:39] [218/296] ANCB
[00:45:40] [219/296] SMMC
[00:45:40] [220/296] UGKT
[00:45:41] [221/296] JVRM
[00:45:42] [222/296] BATG
[00:45:43] [223/296] RATE
[00:45:44] [224/296] SKME
[00:45:46] [225/296] LMTP
[00:45:47] [226/296] TCBD
[00:45:47] [227/296] ESBD
[00:45:48] [228/296] GDCU
[00:45:49] [229/296] SNKT
[00:45:50] [230/296] SRNK
[00:45:51] [231/296] SMED
[00:45:51] [232/296] CSQS
[00:45:52] [233/296] ALCS
[00:45:54] [234/296] KCKN
[00:45:55] [235/296] VCCL
[00:45:56] [236/296] MCDA
[00:45:57] [237/296] SHMI
[00:45:58] [238/296] SKHA
[00:45:58] [239/296] SVFK
[00:45:59] [240/296] INVB
[00:46:01] [241/296] MELD
[00:46:03] [242/296] JTYS
[00:46:03] [243/296] INCM
[00:46:04] [244/296] MCDV
[00:46:05] [245/296] KSGK
[00:46:06] [246/296] ICMG
[00:46:07] [247/296] CSCV
[00:46:08] [248/296] STMD
[00:46:09] [249/296] STTR
[00:46:09] [250/296] INVC
[00:46:10] [251/296] JTBL
[00:46:11] [252/296] SRVV
[00:46:12] [253/296] MAVC
[00:46:13] [254/296] SRPP
[00:46:14] [255/296] JGDM
[00:46:16] [256/296] MBSJ
[00:46:17] [257/296] SSLL
[00:46:18] [258/296] SLKP
[00:46:19] [259/296] NSRV
[00:46:19] [260/296] UTDV
[00:46:20] [261/296] KICM
[00:46:21] [262/296] KCMD
[00:46:22] [263/296] TTPP
[00:46:23] [264/296] KMPV
[00:46:23] [265/296] SKTV
[00:46:24] [266/296] STCV
[00:46:25] [267/296] SRDA
[00:46:27] [268/296] JTSX
[00:46:28] [269/296] STBV
[00:46:28] [270/296] APVZ
[00:46:29] [271/296] GSTV
[00:46:30] [272/296] NMVS
[00:46:31] [273/296] SKRT
[00:46:32] [274/296] RMDV
[00:46:33] [275/296] RATG
[00:46:33] [276/296] SJYV
[00:46:34] [277/296] NDGP
[00:46:35] [278/296] SNDG
[00:46:36] [279/296] INSR
[00:46:37] [280/296] INSO
[00:46:37] [281/296] CCSI
[00:46:38] [282/296] RASM
[00:46:39] [283/296] NEWC
[00:46:40] [284/296] VSHL
[00:46:41] [285/296] BISW
[00:46:42] [286/296] GCNG
[00:46:43] [287/296] CWSC
[00:46:44] [288/296] SKAN
[00:46:44] [289/296] SEHP
[00:46:46] [290/296] CCOA
[00:46:47] [291/296] MCAJ
[00:46:48] [292/296] ACDE
[00:46:49] [293/296] AACM
[00:46:50] [294/296] JJCK
[00:46:51] [295/296] RCMO
[00:46:52] [296/296] GDAW
[00:46:53] ✅ DONE | Shows=0 | Movies=0
