[00:42:11] 🚀 BMS DAILY TRACKER STARTED
[00:42:11] [1/459] FNDB
[00:42:11] 🧠 New identity
[00:42:12] [2/459] AMBH
[00:42:13] [3/459] PRHN
[00:42:14] [4/459] ACPM
[00:42:14] [5/459] PVFS
[00:42:15] [6/459] AACN
[00:42:16] [7/459] ACAS
[00:42:17] [8/459] CTNR
[00:42:18] [9/459] MMAH
[00:42:19] [10/459] CPMH
[00:42:20] [11/459] IGMH
[00:42:21] [12/459] ABCS
[00:42:21] [13/459] CMMA
[00:42:22] [14/459] GPRH
[00:42:23] [15/459] PNNG
[00:42:24] [16/459] AMCA
[00:42:25] [17/459] ISTN
[00:42:26] [18/459] PIIC
[00:42:27] [19/459] AHMH
[00:42:27] [20/459] ASHN
[00:42:28] [21/459] INHY
[00:42:29] [22/459] SRMO
[00:42:30] [23/459] PIMH
[00:42:31] [24/459] PVTS
[00:42:32] [25/459] MMCA
[00:42:33] [26/459] AKYJ
[00:42:34] [27/459] BRKH
[00:42:35] [28/459] MAHM
[00:42:36] [29/459] CPHY
[00:42:37] [30/459] PVTP
[00:42:38] [31/459] SMMR
[00:42:39] [32/459] PVHM
[00:42:39] [33/459] SNDY
[00:42:40] [34/459] GOKU
[00:42:41] [35/459] ACEV
[00:42:42] [36/459] PVUM
[00:42:42] [37/459] VSWA
[00:42:43] [38/459] IPRS
[00:42:44] [39/459] ASGN
[00:42:45] [40/459] BKMV
[00:42:46] [41/459] PVYH
[00:42:47] [42/459] INKM
[00:42:48] [43/459] ARJU
[00:42:49] [44/459] JJPP
[00:42:49] [45/459] SSRM
[00:42:50] [46/459] HMHD
[00:42:51] [47/459] SNKH
[00:42:52] [48/459] ACHI
[00:42:53] [49/459] MRAA
[00:42:54] [50/459] INMH
[00:42:55] [51/459] ARMH
[00:42:56] [52/459] DVRR
[00:42:57] [53/459] SUDA
[00:42:57] [54/459] MCSS
[00:42:58] [55/459] VRKC
[00:42:59] [56/459] PRCX
[00:43:00] [57/459] ASJY
[00:43:01] [58/459] MTHY
[00:43:01] [59/459] SRCM
[00:43:02] [60/459] TVHY
[00:43:03] [61/459] STHD
[00:43:04] [62/459] CPCL
[00:43:05] [63/459] PSMJ
[00:43:06] [64/459] MRGT
[00:43:07] [65/459] ARYH
[00:43:07] [66/459] VTRB
[00:43:08] [67/459] SCHC
[00:43:09] [68/459] MRRG
[00:43:11] [69/459] SPCB
[00:43:12] [70/459] AMCM
[00:43:12] [71/459] IVNM
[00:43:13] [72/459] TRHY
[00:43:14] [73/459] PTTH
[00:43:15] [74/459] RKMH
[00:43:16] [75/459] PRCS
[00:43:16] [76/459] VAJA
[00:43:17] [77/459] BJNG
[00:43:18] [78/459] SCVM
[00:43:20] [79/459] GNHB
[00:43:21] [80/459] TLUR
[00:43:22] [81/459] UKCC
[00:43:22] [82/459] SRKR
[00:43:23] [83/459] RMKN
[00:43:24] [84/459] SLRT
[00:43:25] [85/459] LKMT
[00:43:26] [86/459] SSRJ
[00:43:27] [87/459] SPHT
[00:43:28] [88/459] ANTT
[00:43:29] [89/459] SRCH
[00:43:30] [90/459] SRCA
[00:43:30] [91/459] ARTH
[00:43:31] [92/459] MCBH
[00:43:32] [93/459] SNIB
[00:43:33] [94/459] SART
[00:43:33] [95/459] SKTA
[00:43:34] [96/459] YAKT
[00:43:35] [97/459] MLCK
[00:43:36] [98/459] ANTS
[00:43:37] [99/459] DGCA
[00:43:38] [100/459] SGMP
[00:43:39] [101/459] ASWN
[00:43:40] [102/459] KFVU
[00:43:41] [103/459] POOR
[00:43:41] [104/459] GKDN
[00:43:42] [105/459] EOSE
[00:43:43] [106/459] GTTT
[00:43:44] [107/459] ARRO
[00:43:45] [108/459] CMMK
[00:43:46] [109/459] MSCN
[00:43:46] [110/459] GDKH
[00:43:48] [111/459] DLMT
[00:43:49] [112/459] PVMF
[00:43:50] [113/459] CPCK
[00:43:50] [114/459] VMHE
[00:43:51] [115/459] PVLC
[00:43:52] [116/459] PCVB
[00:43:53] [117/459] SNYK
[00:43:54] [118/459] KTEK
[00:43:55] [119/459] PCNM
[00:43:55] [120/459] NTTR
[00:43:56] [121/459] CPSK
[00:43:57] [122/459] JMMA
[00:43:59] [123/459] GCFK
[00:43:59] [124/459] MYCA
[00:44:00] [125/459] KSNP
[00:44:01] [126/459] PMCE
[00:44:02] [127/459] SCKI
[00:44:03] [128/459] FSMA
[00:44:04] [129/459] CETA
[00:44:05] [130/459] MCIK
[00:44:06] [131/459] MYCR
[00:44:06] [132/459] EVMP
[00:44:07] [133/459] SSGT
[00:44:08] [134/459] KCTK
[00:44:09] [135/459] ZTKC
[00:44:10] [136/459] MMTA
[00:44:11] [137/459] MAJT
[00:44:12] [138/459] ACPK
[00:44:13] [139/459] JMAX
[00:44:14] [140/459] SETK
[00:44:15] [141/459] CAIS
[00:44:16] [142/459] AGCD
[00:44:17] [143/459] URCL
[00:44:18] [144/459] VTDS
[00:44:19] [145/459] JCNM
[00:44:20] [146/459] KCAM
[00:44:21] [147/459] ADCU
[00:44:21] [148/459] GXYN
[00:44:22] [149/459] SMJG
[00:44:23] [150/459] EYCJ
[00:44:24] [151/459] CCEJ
[00:44:25] [152/459] MARS
[00:44:26] [153/459] CPVJ
[00:44:27] [154/459] INVP
[00:44:28] [155/459] CPOV
[00:44:29] [156/459] VIJK
[00:44:30] [157/459] LAIM
[00:44:30] [158/459] STHV
[00:44:31] [159/459] SVLJ
[00:44:33] [160/459] ATVJ
[00:44:33] [161/459] JTSC
[00:44:34] [162/459] RMTV
[00:44:35] [163/459] MGGG
[00:44:36] [164/459] SWTH
[00:44:37] [165/459] INVJ
[00:44:38] [166/459] PRSV
[00:44:39] [167/459] JATV
[00:44:40] [168/459] RCVD
[00:44:41] [169/459] BDMA
[00:44:43] [170/459] BLJI
[00:44:43] [171/459] SWOT
[00:44:44] [172/459] SWRN
[00:44:45] [173/459] TVRA
[00:44:46] [174/459] VCSV
[00:44:47] [175/459] NVRN
[00:44:48] [176/459] SIKC
[00:44:48] [177/459] VAKR
[00:44:49] [178/459] SYLN
[00:44:50] [179/459] KLJL
[00:44:51] [180/459] LKMY
[00:44:52] [181/459] VSLY
[00:44:53] [182/459] CIKO
[00:44:54] [183/459] GPBG
[00:44:55] [184/459] CECM
[00:44:55] [185/459] SLKB
[00:44:57] [186/459] MTBO
[00:44:58] [187/459] SSHB
[00:44:58] [188/459] VPCS
[00:44:59] [189/459] RCSR
[00:45:00] [190/459] RJRM
[00:45:01] [191/459] KPPB
[00:45:01] [192/459] SEDC
[00:45:02] [193/459] SCAI
[00:45:03] [194/459] RMTR
[00:45:04] [195/459] ASST
[00:45:04] [196/459] GCAK
[00:45:05] [197/459] ANNK
[00:45:06] [198/459] KDDF
[00:45:07] [199/459] NRDP
[00:45:08] [200/459] PLAK
[00:45:09] [201/459] GCMC
[00:45:09] [202/459] ALPY
[00:45:10] [203/459] SICE
[00:45:11] [204/459] SISR
[00:45:12] [205/459] SRPZ
[00:45:13] [206/459] SRSW
[00:45:14] [207/459] SUYA
[00:45:15] [208/459] AMMT
[00:45:15] [209/459] BHCU
[00:45:16] [210/459] KLPA
[00:45:17] [211/459] NVKH
[00:45:18] [212/459] JMRC
[00:45:19] [213/459] KTTT
[00:45:19] [214/459] MAGH
[00:45:20] [215/459] MMMX
[00:45:21] [216/459] SALJ
[00:45:22] [217/459] GTJA
[00:45:23] [218/459] MAHT
[00:45:25] [219/459] SSNN
[00:45:26] [220/459] ARRP
[00:45:27] [221/459] ATNS
[00:45:28] [222/459] SKDT
[00:45:29] [223/459] ACAT
[00:45:30] [224/459] APRC
[00:45:32] [225/459] SWAG
[00:45:33] [226/459] SDPT
[00:45:34] [227/459] STPS
[00:45:35] [228/459] WWCZ
[00:45:35] [229/459] LLCH
[00:45:36] [230/459] MZHA
[00:45:37] [231/459] CRJG
[00:45:38] [232/459] JGTK
[00:45:39] [233/459] KCSR
[00:45:40] [234/459] CHTL
[00:45:41] [235/459] EDSR
[00:45:42] [236/459] CSWO
[00:45:43] [237/459] CPVM
[00:45:44] [238/459] MXBY
[00:45:45] [239/459] FMMA
[00:45:46] [240/459] POVI
[00:45:48] [241/459] MTHB
[00:45:48] [242/459] INRC
[00:45:49] [243/459] PIPP
[00:45:50] [244/459] BMXC
[00:45:51] [245/459] PCMM
[00:45:52] [246/459] PMKM
[00:45:53] [247/459] GATY
[00:45:53] [248/459] IMCM
[00:45:54] [249/459] POPE
[00:45:55] [250/459] MTCR
[00:45:56] [251/459] PVAE
[00:45:57] [252/459] PVMI
[00:45:57] [253/459] CPNM
[00:45:58] [254/459] FMRL
[00:45:59] [255/459] MCIW
[00:46:00] [256/459] MXBO
[00:46:01] [257/459] FMKY
[00:46:02] [258/459] FMDA
[00:46:02] [259/459] THAB
[00:46:03] [260/459] PRCW
[00:46:04] [261/459] PITI
[00:46:05] [262/459] MCFF
[00:46:06] [263/459] PDDV
[00:46:07] [264/459] MCRM
[00:46:08] [265/459] KKMB
[00:46:09] [266/459] INKO
[00:46:10] [267/459] PLXP
[00:46:11] [268/459] MMHA
[00:46:11] [269/459] FMVS
[00:46:12] [270/459] POLM
[00:46:13] [271/459] STER
[00:46:14] [272/459] PVWJ
[00:46:15] [273/459] IMJW
[00:46:16] [274/459] FNAN
[00:46:17] [275/459] CAGL
[00:46:18] [276/459] IPBG
[00:46:18] [277/459] SMFV
[00:46:19] [278/459] MMMR
[00:46:20] [279/459] MMWM
[00:46:21] [280/459] FNCM
[00:46:21] [281/459] MDVA
[00:46:22] [282/459] MMET
[00:46:24] [283/459] MIDO
[00:46:25] [284/459] INNP
[00:46:26] [285/459] MIFU
[00:46:27] [286/459] MMSZ
[00:46:27] [287/459] BMXA
[00:46:28] [288/459] MCAA
[00:46:29] [289/459] SCVP
[00:46:30] [290/459] PLUS
[00:46:31] [291/459] MUCK
[00:46:32] [292/459] MTMA
[00:46:33] [293/459] HPVR
[00:46:34] [294/459] PMPK
[00:46:35] [295/459] MAJB
[00:46:36] [296/459] CTRR
[00:46:37] [297/459] MCTG
[00:46:37] [298/459] MACE
[00:46:38] [299/459] AAAS
[00:46:39] [300/459] CPVV
[00:46:40] [301/459] RCHG
[00:46:41] [302/459] MCNE
[00:46:41] [303/459] EMNC
[00:46:42] [304/459] MCAN
[00:46:43] [305/459] TCDM
[00:46:44] [306/459] IRGT
[00:46:45] [307/459] GCMG
[00:46:45] [308/459] MXSN
[00:46:46] [309/459] MXCK
[00:46:47] [310/459] MCRC
[00:46:48] [311/459] RSMI
[00:46:49] [312/459] WAML
[00:46:50] [313/459] MTSC
[00:46:51] [314/459] FMDR
[00:46:52] [315/459] LEPV
[00:46:52] [316/459] MTGD
[00:46:53] [317/459] IMOB
[00:46:54] [318/459] CLMM
[00:46:56] [319/459] PZCD
[00:46:57] [320/459] GOCS
[00:46:57] [321/459] KCMA
[00:46:58] [322/459] CCMP
[00:46:59] [323/459] MTSU
[00:47:00] [324/459] SNGL
[00:47:01] [325/459] MMMC
[00:47:02] [326/459] MMAA
[00:47:03] [327/459] GCDM
[00:47:03] [328/459] KTMV
[00:47:04] [329/459] AETE
[00:47:05] [330/459] OMCS
[00:47:06] [331/459] GDCD
[00:47:07] [332/459] NYMD
[00:47:08] [333/459] RNCV
[00:47:09] [334/459] KKMT
[00:47:10] [335/459] GDTH
[00:47:11] [336/459] KMMV
[00:47:12] [337/459] NHCG
[00:47:13] [338/459] PJDW
[00:47:14] [339/459] MMCV
[00:47:15] [340/459] FQSA
[00:47:16] [341/459] KURL
[00:47:17] [342/459] NNNX
[00:47:18] [343/459] AMAU
[00:47:19] [344/459] VVVM
[00:47:20] [345/459] VECU
[00:47:21] [346/459] WCVR
[00:47:21] [347/459] MTGG
[00:47:22] [348/459] SGTG
[00:47:23] [349/459] MNTG
[00:47:24] [350/459] JDDG
[00:47:24] [351/459] MBTK
[00:47:25] [352/459] SGCD
[00:47:27] [353/459] MCTC
[00:47:27] [354/459] JTPC
[00:47:28] [355/459] SDKT
[00:47:30] [356/459] KRCC
[00:47:31] [357/459] RMMD
[00:47:31] [358/459] AAME
[00:47:32] [359/459] TMWC
[00:47:33] [360/459] NRWY
[00:47:34] [361/459] CITD
[00:47:35] [362/459] VERD
[00:47:36] [363/459] MKSK
[00:47:37] [364/459] STSM
[00:47:37] [365/459] MJDG
[00:47:38] [366/459] RKPM
[00:47:39] [367/459] SSCE
[00:47:40] [368/459] VMAE
[00:47:41] [369/459] SBRU
[00:47:42] [370/459] AMBC
[00:47:42] [371/459] AMLU
[00:47:43] [372/459] INVZ
[00:47:44] [373/459] LGTV
[00:47:45] [374/459] SVAD
[00:47:45] [375/459] SMSA
[00:47:46] [376/459] SPCZ
[00:47:48] [377/459] GTCX
[00:47:48] [378/459] SCSL
[00:47:49] [379/459] SAHU
[00:47:51] [380/459] NCDA
[00:47:52] [381/459] SCCG
[00:47:53] [382/459] VKTL
[00:47:54] [383/459] PUUJ
[00:47:54] [384/459] STEJ
[00:47:55] [385/459] RJAL
[00:47:56] [386/459] ACJC
[00:47:57] [387/459] VTHC
[00:47:57] [388/459] ARVB
[00:47:58] [389/459] AUBB
[00:47:59] [390/459] GDBR
[00:48:01] [391/459] PVND
[00:48:01] [392/459] BGRJ
[00:48:02] [393/459] RJMM
[00:48:04] [394/459] MCSA
[00:48:05] [395/459] BODA
[00:48:06] [396/459] JAGG
[00:48:06] [397/459] SCGA
[00:48:07] [398/459] LRCM
[00:48:08] [399/459] CPCN
[00:48:09] [400/459] SSTF
[00:48:11] [401/459] SRXP
[00:48:12] [402/459] CNFX
[00:48:13] [403/459] ANDI
[00:48:14] [404/459] SYEW
[00:48:15] [405/459] RCRE
[00:48:15] [406/459] SCRW
[00:48:16] [407/459] MBKR
[00:48:17] [408/459] ASNT
[00:48:18] [409/459] JTMT
[00:48:18] [410/459] SHAY
[00:48:19] [411/459] VRTH
[00:48:20] [412/459] SPTI
[00:48:21] [413/459] DPTD
[00:48:22] [414/459] TGSN
[00:48:23] [415/459] RCWV
[00:48:24] [416/459] OCUR
[00:48:25] [417/459] KSTC
[00:48:25] [418/459] SANI
[00:48:26] [419/459] MLCA
[00:48:27] [420/459] EGCA
[00:48:28] [421/459] SYSN
[00:48:28] [422/459] PKTA
[00:48:29] [423/459] PRCC
[00:48:30] [424/459] KSTR
[00:48:31] [425/459] SNTP
[00:48:32] [426/459] RCHA
[00:48:33] [427/459] SEEA
[00:48:34] [428/459] ALAT
[00:48:35] [429/459] AATV
[00:48:36] [430/459] RJTE
[00:48:36] [431/459] AAPP
[00:48:37] [432/459] PMMH
[00:48:38] [433/459] INRJ
[00:48:39] [434/459] SARB
[00:48:40] [435/459] PCJL
[00:48:41] [436/459] PFJJ
[00:48:42] [437/459] GRDC
[00:48:42] [438/459] BCBA
[00:48:44] [439/459] VIXL
[00:48:45] [440/459] CSTL
[00:48:46] [441/459] MTDK
[00:48:46] [442/459] TDAC
[00:48:47] [443/459] GTDN
[00:48:48] [444/459] TTDE
[00:48:49] [445/459] ASTS
[00:48:50] [446/459] CPNS
[00:48:51] [447/459] PVVW
[00:48:52] [448/459] USEB
[00:48:53] [449/459] DTYN
[00:48:54] [450/459] PVLE
[00:48:54] [451/459] CIPS
[00:48:56] [452/459] PAEG
[00:48:57] [453/459] PTCW
[00:48:57] [454/459] G3SR
[00:48:58] [455/459] PGND
[00:48:59] [456/459] INVM
[00:49:00] [457/459] SPIA
[00:49:01] [458/459] PCSN
[00:49:02] [459/459] PPGV
[00:49:02] ✅ DONE | Shows=1 | Movies=1
[01:44:12] 🚀 BMS DAILY TRACKER STARTED
[01:44:12] [1/459] FNDB
[01:44:12] 🧠 New identity
[01:44:13] [2/459] AMBH
[01:44:14] [3/459] PRHN
[01:44:15] [4/459] ACPM
[01:44:16] [5/459] PVFS
[01:44:17] [6/459] AACN
[01:44:18] [7/459] ACAS
[01:44:19] [8/459] CTNR
[01:44:19] [9/459] MMAH
[01:44:20] [10/459] CPMH
[01:44:21] [11/459] IGMH
[01:44:22] [12/459] ABCS
[01:44:23] [13/459] CMMA
[01:44:24] [14/459] GPRH
[01:44:25] [15/459] PNNG
[01:44:25] [16/459] AMCA
[01:44:26] [17/459] ISTN
[01:44:27] [18/459] PIIC
[01:44:28] [19/459] AHMH
[01:44:29] [20/459] ASHN
[01:44:29] [21/459] INHY
[01:44:30] [22/459] SRMO
[01:44:31] [23/459] PIMH
[01:44:32] [24/459] PVTS
[01:44:33] [25/459] MMCA
[01:44:34] [26/459] AKYJ
[01:44:35] [27/459] BRKH
[01:44:36] [28/459] MAHM
[01:44:37] [29/459] CPHY
[01:44:38] [30/459] PVTP
[01:44:39] [31/459] SMMR
[01:44:40] [32/459] PVHM
[01:44:41] [33/459] SNDY
[01:44:42] [34/459] GOKU
[01:44:42] [35/459] ACEV
[01:44:43] [36/459] PVUM
[01:44:44] [37/459] VSWA
[01:44:45] [38/459] IPRS
[01:44:46] [39/459] ASGN
[01:44:47] [40/459] BKMV
[01:44:48] [41/459] PVYH
[01:44:49] [42/459] INKM
[01:44:49] [43/459] ARJU
[01:44:50] [44/459] JJPP
[01:44:51] [45/459] SSRM
[01:44:52] [46/459] HMHD
[01:44:53] [47/459] SNKH
[01:44:54] [48/459] ACHI
[01:44:55] [49/459] MRAA
[01:44:56] [50/459] INMH
[01:44:57] [51/459] ARMH
[01:44:59] [52/459] DVRR
[01:44:59] [53/459] SUDA
[01:45:00] [54/459] MCSS
[01:45:01] [55/459] VRKC
[01:45:02] [56/459] PRCX
[01:45:03] [57/459] ASJY
[01:45:03] [58/459] MTHY
[01:45:04] [59/459] SRCM
[01:45:05] [60/459] TVHY
[01:45:06] [61/459] STHD
[01:45:07] [62/459] CPCL
[01:45:08] [63/459] PSMJ
[01:45:09] [64/459] MRGT
[01:45:09] [65/459] ARYH
[01:45:10] [66/459] VTRB
[01:45:11] [67/459] SCHC
[01:45:13] [68/459] MRRG
[01:45:14] [69/459] SPCB
[01:45:14] [70/459] AMCM
[01:45:15] [71/459] IVNM
[01:45:16] [72/459] TRHY
[01:45:17] [73/459] PTTH
[01:45:18] [74/459] RKMH
[01:45:18] [75/459] PRCS
[01:45:20] [76/459] VAJA
[01:45:21] [77/459] BJNG
[01:45:22] [78/459] SCVM
[01:45:23] [79/459] GNHB
[01:45:23] [80/459] TLUR
[01:45:24] [81/459] UKCC
[01:45:25] [82/459] SRKR
[01:45:26] [83/459] RMKN
[01:45:27] [84/459] SLRT
[01:45:28] [85/459] LKMT
[01:45:29] [86/459] SSRJ
[01:45:30] [87/459] SPHT
[01:45:30] [88/459] ANTT
[01:45:31] [89/459] SRCH
[01:45:32] [90/459] SRCA
[01:45:33] [91/459] ARTH
[01:45:34] [92/459] MCBH
[01:45:35] [93/459] SNIB
[01:45:36] [94/459] SART
[01:45:36] [95/459] SKTA
[01:45:38] [96/459] YAKT
[01:45:39] [97/459] MLCK
[01:45:40] [98/459] ANTS
[01:45:40] [99/459] DGCA
[01:45:41] [100/459] SGMP
[01:45:42] [101/459] ASWN
[01:45:43] [102/459] KFVU
[01:45:44] [103/459] POOR
[01:45:45] [104/459] GKDN
[01:45:46] [105/459] EOSE
[01:45:47] [106/459] GTTT
[01:45:48] [107/459] ARRO
[01:45:48] [108/459] CMMK
[01:45:49] [109/459] MSCN
[01:45:50] [110/459] GDKH
[01:45:51] [111/459] DLMT
[01:45:52] [112/459] PVMF
[01:45:53] [113/459] CPCK
[01:45:54] [114/459] VMHE
[01:45:55] [115/459] PVLC
[01:45:55] [116/459] PCVB
[01:45:56] [117/459] SNYK
[01:45:57] [118/459] KTEK
[01:45:58] [119/459] PCNM
[01:45:59] [120/459] NTTR
[01:46:00] [121/459] CPSK
[01:46:01] [122/459] JMMA
[01:46:02] [123/459] GCFK
[01:46:03] [124/459] MYCA
[01:46:04] [125/459] KSNP
[01:46:05] [126/459] PMCE
[01:46:06] [127/459] SCKI
[01:46:07] [128/459] FSMA
[01:46:08] [129/459] CETA
[01:46:09] [130/459] MCIK
[01:46:10] [131/459] MYCR
[01:46:11] [132/459] EVMP
[01:46:11] [133/459] SSGT
[01:46:12] [134/459] KCTK
[01:46:13] [135/459] ZTKC
[01:46:14] [136/459] MMTA
[01:46:15] [137/459] MAJT
[01:46:16] [138/459] ACPK
[01:46:16] [139/459] JMAX
[01:46:17] [140/459] SETK
[01:46:18] [141/459] CAIS
[01:46:19] [142/459] AGCD
[01:46:21] [143/459] URCL
[01:46:22] [144/459] VTDS
[01:46:22] [145/459] JCNM
[01:46:23] [146/459] KCAM
[01:46:24] [147/459] ADCU
[01:46:25] [148/459] GXYN
[01:46:26] [149/459] SMJG
[01:46:27] [150/459] EYCJ
[01:46:28] [151/459] CCEJ
[01:46:29] [152/459] MARS
[01:46:29] [153/459] CPVJ
[01:46:30] [154/459] INVP
[01:46:31] [155/459] CPOV
[01:46:32] [156/459] VIJK
[01:46:33] [157/459] LAIM
[01:46:34] [158/459] STHV
[01:46:34] [159/459] SVLJ
[01:46:35] [160/459] ATVJ
[01:46:36] [161/459] JTSC
[01:46:37] [162/459] RMTV
[01:46:38] [163/459] MGGG
[01:46:38] [164/459] SWTH
[01:46:39] [165/459] INVJ
[01:46:40] [166/459] PRSV
[01:46:40] [167/459] JATV
[01:46:41] [168/459] RCVD
[01:46:42] [169/459] BDMA
[01:46:43] [170/459] BLJI
[01:46:44] [171/459] SWOT
[01:46:44] [172/459] SWRN
[01:46:45] [173/459] TVRA
[01:46:46] [174/459] VCSV
[01:46:47] [175/459] NVRN
[01:46:48] [176/459] SIKC
[01:46:49] [177/459] VAKR
[01:46:49] [178/459] SYLN
[01:46:50] [179/459] KLJL
[01:46:51] [180/459] LKMY
[01:46:52] [181/459] VSLY
[01:46:52] [182/459] CIKO
[01:46:53] [183/459] GPBG
[01:46:54] [184/459] CECM
[01:46:55] [185/459] SLKB
[01:46:57] [186/459] MTBO
[01:46:58] [187/459] SSHB
[01:46:59] [188/459] VPCS
[01:46:59] [189/459] RCSR
[01:47:00] [190/459] RJRM
[01:47:01] [191/459] KPPB
[01:47:02] [192/459] SEDC
[01:47:03] [193/459] SCAI
[01:47:04] [194/459] RMTR
[01:47:04] [195/459] ASST
[01:47:05] [196/459] GCAK
[01:47:06] [197/459] ANNK
[01:47:07] [198/459] KDDF
[01:47:08] [199/459] NRDP
[01:47:09] [200/459] PLAK
[01:47:10] [201/459] GCMC
[01:47:11] [202/459] ALPY
[01:47:12] [203/459] SICE
[01:47:13] [204/459] SISR
[01:47:14] [205/459] SRPZ
[01:47:15] [206/459] SRSW
[01:47:15] [207/459] SUYA
[01:47:16] [208/459] AMMT
[01:47:18] [209/459] BHCU
[01:47:19] [210/459] KLPA
[01:47:20] [211/459] NVKH
[01:47:20] [212/459] JMRC
[01:47:21] [213/459] KTTT
[01:47:22] [214/459] MAGH
[01:47:23] [215/459] MMMX
[01:47:24] [216/459] SALJ
[01:47:24] [217/459] GTJA
[01:47:25] [218/459] MAHT
[01:47:27] [219/459] SSNN
[01:47:28] [220/459] ARRP
[01:47:28] [221/459] ATNS
[01:47:29] [222/459] SKDT
[01:47:30] [223/459] ACAT
[01:47:31] [224/459] APRC
[01:47:32] [225/459] SWAG
[01:47:34] [226/459] SDPT
[01:47:35] [227/459] STPS
[01:47:35] [228/459] WWCZ
[01:47:36] [229/459] LLCH
[01:47:37] [230/459] MZHA
[01:47:38] [231/459] CRJG
[01:47:38] [232/459] JGTK
[01:47:39] [233/459] KCSR
[01:47:40] [234/459] CHTL
[01:47:41] [235/459] EDSR
[01:47:41] [236/459] CSWO
[01:47:42] [237/459] CPVM
[01:47:43] [238/459] MXBY
[01:47:43] [239/459] FMMA
[01:47:44] [240/459] POVI
[01:47:45] [241/459] MTHB
[01:47:46] [242/459] INRC
[01:47:47] [243/459] PIPP
[01:47:49] [244/459] BMXC
[01:47:50] [245/459] PCMM
[01:47:50] [246/459] PMKM
[01:47:51] [247/459] GATY
[01:47:52] [248/459] IMCM
[01:47:53] [249/459] POPE
[01:47:54] [250/459] MTCR
[01:47:55] [251/459] PVAE
[01:47:55] [252/459] PVMI
[01:47:56] [253/459] CPNM
[01:47:57] [254/459] FMRL
[01:47:58] [255/459] MCIW
[01:47:59] [256/459] MXBO
[01:48:00] [257/459] FMKY
[01:48:01] [258/459] FMDA
[01:48:02] [259/459] THAB
[01:48:03] [260/459] PRCW
[01:48:04] [261/459] PITI
[01:48:04] [262/459] MCFF
[01:48:05] [263/459] PDDV
[01:48:06] [264/459] MCRM
[01:48:07] [265/459] KKMB
[01:48:08] [266/459] INKO
[01:48:09] [267/459] PLXP
[01:48:10] [268/459] MMHA
[01:48:11] [269/459] FMVS
[01:48:12] [270/459] POLM
[01:48:13] [271/459] STER
[01:48:14] [272/459] PVWJ
[01:48:15] [273/459] IMJW
[01:48:17] [274/459] FNAN
[01:48:18] [275/459] CAGL
[01:48:18] [276/459] IPBG
[01:48:19] [277/459] SMFV
[01:48:21] [278/459] MMMR
[01:48:22] [279/459] MMWM
[01:48:23] [280/459] FNCM
[01:48:24] [281/459] MDVA
[01:48:25] [282/459] MMET
[01:48:26] [283/459] MIDO
[01:48:28] [284/459] INNP
[01:48:28] [285/459] MIFU
[01:48:29] [286/459] MMSZ
[01:48:30] [287/459] BMXA
[01:48:31] [288/459] MCAA
[01:48:32] [289/459] SCVP
[01:48:33] [290/459] PLUS
[01:48:34] [291/459] MUCK
[01:48:35] [292/459] MTMA
[01:48:35] [293/459] HPVR
[01:48:36] [294/459] PMPK
[01:48:37] [295/459] MAJB
[01:48:38] [296/459] CTRR
[01:48:39] [297/459] MCTG
[01:48:40] [298/459] MACE
[01:48:40] [299/459] AAAS
[01:48:42] [300/459] CPVV
[01:48:43] [301/459] RCHG
[01:48:44] [302/459] MCNE
[01:48:45] [303/459] EMNC
[01:48:45] [304/459] MCAN
[01:48:46] [305/459] TCDM
[01:48:47] [306/459] IRGT
[01:48:48] [307/459] GCMG
[01:48:49] [308/459] MXSN
[01:48:50] [309/459] MXCK
[01:48:50] [310/459] MCRC
[01:48:52] [311/459] RSMI
[01:48:53] [312/459] WAML
[01:48:54] [313/459] MTSC
[01:48:55] [314/459] FMDR
[01:48:56] [315/459] LEPV
[01:48:56] [316/459] MTGD
[01:48:57] [317/459] IMOB
[01:48:59] [318/459] CLMM
[01:49:00] [319/459] PZCD
[01:49:00] [320/459] GOCS
[01:49:01] [321/459] KCMA
[01:49:02] [322/459] CCMP
[01:49:03] [323/459] MTSU
[01:49:04] [324/459] SNGL
[01:49:04] [325/459] MMMC
[01:49:05] [326/459] MMAA
[01:49:06] [327/459] GCDM
[01:49:07] [328/459] KTMV
[01:49:08] [329/459] AETE
[01:49:09] [330/459] OMCS
[01:49:10] [331/459] GDCD
[01:49:10] [332/459] NYMD
[01:49:11] [333/459] RNCV
[01:49:12] [334/459] KKMT
[01:49:13] [335/459] GDTH
[01:49:14] [336/459] KMMV
[01:49:15] [337/459] NHCG
[01:49:16] [338/459] PJDW
[01:49:17] [339/459] MMCV
[01:49:18] [340/459] FQSA
[01:49:19] [341/459] KURL
[01:49:20] [342/459] NNNX
[01:49:20] [343/459] AMAU
[01:49:21] [344/459] VVVM
[01:49:22] [345/459] VECU
[01:49:23] [346/459] WCVR
[01:49:24] [347/459] MTGG
[01:49:24] [348/459] SGTG
[01:49:25] [349/459] MNTG
[01:49:27] [350/459] JDDG
[01:49:28] [351/459] MBTK
[01:49:29] [352/459] SGCD
[01:49:29] [353/459] MCTC
[01:49:30] [354/459] JTPC
[01:49:31] [355/459] SDKT
[01:49:32] [356/459] KRCC
[01:49:33] [357/459] RMMD
[01:49:33] [358/459] AAME
[01:49:35] [359/459] TMWC
[01:49:36] [360/459] NRWY
[01:49:37] [361/459] CITD
[01:49:37] [362/459] VERD
[01:49:39] [363/459] MKSK
[01:49:40] [364/459] STSM
[01:49:41] [365/459] MJDG
[01:49:41] [366/459] RKPM
[01:49:43] [367/459] SSCE
[01:49:44] [368/459] VMAE
[01:49:45] [369/459] SBRU
[01:49:47] [370/459] AMBC
[01:49:47] [371/459] AMLU
[01:49:48] [372/459] INVZ
[01:49:49] [373/459] LGTV
[01:49:50] [374/459] SVAD
[01:49:51] [375/459] SMSA
[01:49:51] [376/459] SPCZ
[01:49:52] [377/459] GTCX
[01:49:53] [378/459] SCSL
[01:49:54] [379/459] SAHU
[01:49:55] [380/459] NCDA
[01:49:55] [381/459] SCCG
[01:49:56] [382/459] VKTL
[01:49:57] [383/459] PUUJ
[01:49:58] [384/459] STEJ
[01:49:59] [385/459] RJAL
[01:49:59] [386/459] ACJC
[01:50:01] [387/459] VTHC
[01:50:02] [388/459] ARVB
[01:50:02] [389/459] AUBB
[01:50:03] [390/459] GDBR
[01:50:04] [391/459] PVND
[01:50:05] [392/459] BGRJ
[01:50:06] [393/459] RJMM
[01:50:07] [394/459] MCSA
[01:50:08] [395/459] BODA
[01:50:09] [396/459] JAGG
[01:50:09] [397/459] SCGA
[01:50:10] [398/459] LRCM
[01:50:11] [399/459] CPCN
[01:50:12] [400/459] SSTF
[01:50:13] [401/459] SRXP
[01:50:14] [402/459] CNFX
[01:50:15] [403/459] ANDI
[01:50:16] [404/459] SYEW
[01:50:17] [405/459] RCRE
[01:50:18] [406/459] SCRW
[01:50:19] [407/459] MBKR
[01:50:19] [408/459] ASNT
[01:50:20] [409/459] JTMT
[01:50:21] [410/459] SHAY
[01:50:22] [411/459] VRTH
[01:50:23] [412/459] SPTI
[01:50:24] [413/459] DPTD
[01:50:25] [414/459] TGSN
[01:50:26] [415/459] RCWV
[01:50:26] [416/459] OCUR
[01:50:27] [417/459] KSTC
[01:50:28] [418/459] SANI
[01:50:28] [419/459] MLCA
[01:50:29] [420/459] EGCA
[01:50:30] [421/459] SYSN
[01:50:31] [422/459] PKTA
[01:50:32] [423/459] PRCC
[01:50:32] [424/459] KSTR
[01:50:33] [425/459] SNTP
[01:50:34] [426/459] RCHA
[01:50:35] [427/459] SEEA
[01:50:36] [428/459] ALAT
[01:50:37] [429/459] AATV
[01:50:37] [430/459] RJTE
[01:50:38] [431/459] AAPP
[01:50:39] [432/459] PMMH
[01:50:40] [433/459] INRJ
[01:50:41] [434/459] SARB
[01:50:42] [435/459] PCJL
[01:50:42] [436/459] PFJJ
[01:50:43] [437/459] GRDC
[01:50:44] [438/459] BCBA
[01:50:45] [439/459] VIXL
[01:50:46] [440/459] CSTL
[01:50:47] [441/459] MTDK
[01:50:48] [442/459] TDAC
[01:50:48] [443/459] GTDN
[01:50:49] [444/459] TTDE
[01:50:50] [445/459] ASTS
[01:50:51] [446/459] CPNS
[01:50:52] [447/459] PVVW
[01:50:53] [448/459] USEB
[01:50:54] [449/459] DTYN
[01:50:55] [450/459] PVLE
[01:50:56] [451/459] CIPS
[01:50:57] [452/459] PAEG
[01:50:58] [453/459] PTCW
[01:50:59] [454/459] G3SR
[01:51:00] [455/459] PGND
[01:51:00] [456/459] INVM
[01:51:01] [457/459] SPIA
[01:51:02] [458/459] PCSN
[01:51:03] [459/459] PPGV
[01:51:04] ✅ DONE | Shows=1 | Movies=1
[02:41:58] 🚀 BMS DAILY TRACKER STARTED
[02:41:58] [1/459] FNDB
[02:41:58] 🧠 New identity
[02:41:59] [2/459] AMBH
[02:42:01] [3/459] PRHN
[02:42:02] [4/459] ACPM
[02:42:02] [5/459] PVFS
[02:42:03] [6/459] AACN
[02:42:04] [7/459] ACAS
[02:42:06] [8/459] CTNR
[02:42:07] [9/459] MMAH
[02:42:07] [10/459] CPMH
[02:42:08] [11/459] IGMH
[02:42:09] [12/459] ABCS
[02:42:10] [13/459] CMMA
[02:42:11] [14/459] GPRH
[02:42:12] [15/459] PNNG
[02:42:13] [16/459] AMCA
[02:42:14] [17/459] ISTN
[02:42:16] [18/459] PIIC
[02:42:17] [19/459] AHMH
[02:42:17] [20/459] ASHN
[02:42:19] [21/459] INHY
[02:42:19] [22/459] SRMO
[02:42:21] [23/459] PIMH
[02:42:22] [24/459] PVTS
[02:42:23] [25/459] MMCA
[02:42:23] [26/459] AKYJ
[02:42:24] [27/459] BRKH
[02:42:25] [28/459] MAHM
[02:42:26] [29/459] CPHY
[02:42:27] [30/459] PVTP
[02:42:28] [31/459] SMMR
[02:42:29] [32/459] PVHM
[02:42:30] [33/459] SNDY
[02:42:31] [34/459] GOKU
[02:42:33] [35/459] ACEV
[02:42:34] [36/459] PVUM
[02:42:34] [37/459] VSWA
[02:42:36] [38/459] IPRS
[02:42:37] [39/459] ASGN
[02:42:38] [40/459] BKMV
[02:42:40] [41/459] PVYH
[02:42:41] [42/459] INKM
[02:42:42] [43/459] ARJU
[02:42:42] [44/459] JJPP
[02:42:43] [45/459] SSRM
[02:42:44] [46/459] HMHD
[02:42:45] [47/459] SNKH
[02:42:46] [48/459] ACHI
[02:42:47] [49/459] MRAA
[02:42:48] [50/459] INMH
[02:42:49] [51/459] ARMH
[02:42:50] [52/459] DVRR
[02:42:51] [53/459] SUDA
[02:42:52] [54/459] MCSS
[02:42:53] [55/459] VRKC
[02:42:53] [56/459] PRCX
[02:42:55] [57/459] ASJY
[02:42:55] [58/459] MTHY
[02:42:56] [59/459] SRCM
[02:42:57] [60/459] TVHY
[02:42:58] [61/459] STHD
[02:42:59] [62/459] CPCL
[02:43:00] [63/459] PSMJ
[02:43:00] [64/459] MRGT
[02:43:01] [65/459] ARYH
[02:43:02] [66/459] VTRB
[02:43:03] [67/459] SCHC
[02:43:04] [68/459] MRRG
[02:43:05] [69/459] SPCB
[02:43:05] [70/459] AMCM
[02:43:06] [71/459] IVNM
[02:43:08] [72/459] TRHY
[02:43:09] [73/459] PTTH
[02:43:10] [74/459] RKMH
[02:43:11] [75/459] PRCS
[02:43:12] [76/459] VAJA
[02:43:13] [77/459] BJNG
[02:43:14] [78/459] SCVM
[02:43:16] [79/459] GNHB
[02:43:17] [80/459] TLUR
[02:43:17] [81/459] UKCC
[02:43:19] [82/459] SRKR
[02:43:20] [83/459] RMKN
[02:43:22] [84/459] SLRT
[02:43:23] [85/459] LKMT
[02:43:24] [86/459] SSRJ
[02:43:25] [87/459] SPHT
[02:43:26] [88/459] ANTT
[02:43:27] [89/459] SRCH
[02:43:28] [90/459] SRCA
[02:43:30] [91/459] ARTH
[02:43:31] [92/459] MCBH
[02:43:31] [93/459] SNIB
[02:43:32] [94/459] SART
[02:43:33] [95/459] SKTA
[02:43:34] [96/459] YAKT
[02:43:34] [97/459] MLCK
[02:43:35] [98/459] ANTS
[02:43:36] [99/459] DGCA
[02:43:37] [100/459] SGMP
[02:43:38] [101/459] ASWN
[02:43:39] [102/459] KFVU
[02:43:40] [103/459] POOR
[02:43:40] [104/459] GKDN
[02:43:41] [105/459] EOSE
[02:43:42] [106/459] GTTT
[02:43:43] [107/459] ARRO
[02:43:43] [108/459] CMMK
[02:43:44] [109/459] MSCN
[02:43:45] [110/459] GDKH
[02:43:46] [111/459] DLMT
[02:43:46] [112/459] PVMF
[02:43:47] [113/459] CPCK
[02:43:48] [114/459] VMHE
[02:43:49] [115/459] PVLC
[02:43:50] [116/459] PCVB
[02:43:51] [117/459] SNYK
[02:43:52] [118/459] KTEK
[02:43:52] [119/459] PCNM
[02:43:53] [120/459] NTTR
[02:43:55] [121/459] CPSK
[02:43:55] [122/459] JMMA
[02:43:56] [123/459] GCFK
[02:43:57] [124/459] MYCA
[02:43:58] [125/459] KSNP
[02:43:59] [126/459] PMCE
[02:44:00] [127/459] SCKI
[02:44:01] [128/459] FSMA
[02:44:02] [129/459] CETA
[02:44:03] [130/459] MCIK
[02:44:04] [131/459] MYCR
[02:44:05] [132/459] EVMP
[02:44:06] [133/459] SSGT
[02:44:06] [134/459] KCTK
[02:44:07] [135/459] ZTKC
[02:44:08] [136/459] MMTA
[02:44:09] [137/459] MAJT
[02:44:10] [138/459] ACPK
[02:44:11] [139/459] JMAX
[02:44:11] [140/459] SETK
[02:44:12] [141/459] CAIS
[02:44:13] [142/459] AGCD
[02:44:14] [143/459] URCL
[02:44:15] [144/459] VTDS
[02:44:16] [145/459] JCNM
[02:44:17] [146/459] KCAM
[02:44:17] [147/459] ADCU
[02:44:18] [148/459] GXYN
[02:44:19] [149/459] SMJG
[02:44:20] [150/459] EYCJ
[02:44:20] [151/459] CCEJ
[02:44:21] [152/459] MARS
[02:44:22] [153/459] CPVJ
[02:44:23] [154/459] INVP
[02:44:24] [155/459] CPOV
[02:44:25] [156/459] VIJK
[02:44:26] [157/459] LAIM
[02:44:26] [158/459] STHV
[02:44:27] [159/459] SVLJ
[02:44:28] [160/459] ATVJ
[02:44:29] [161/459] JTSC
[02:44:30] [162/459] RMTV
[02:44:31] [163/459] MGGG
[02:44:32] [164/459] SWTH
[02:44:34] [165/459] INVJ
[02:44:34] [166/459] PRSV
[02:44:35] [167/459] JATV
[02:44:36] [168/459] RCVD
[02:44:38] [169/459] BDMA
[02:44:39] [170/459] BLJI
[02:44:40] [171/459] SWOT
[02:44:41] [172/459] SWRN
[02:44:42] [173/459] TVRA
[02:44:43] [174/459] VCSV
[02:44:43] [175/459] NVRN
[02:44:45] [176/459] SIKC
[02:44:46] [177/459] VAKR
[02:44:47] [178/459] SYLN
[02:44:48] [179/459] KLJL
[02:44:49] [180/459] LKMY
[02:44:49] [181/459] VSLY
[02:44:50] [182/459] CIKO
[02:44:51] [183/459] GPBG
[02:44:52] [184/459] CECM
[02:44:53] [185/459] SLKB
[02:44:54] [186/459] MTBO
[02:44:55] [187/459] SSHB
[02:44:56] [188/459] VPCS
[02:44:56] [189/459] RCSR
[02:44:57] [190/459] RJRM
[02:44:58] [191/459] KPPB
[02:44:59] [192/459] SEDC
[02:45:00] [193/459] SCAI
[02:45:01] [194/459] RMTR
[02:45:02] [195/459] ASST
[02:45:03] [196/459] GCAK
[02:45:04] [197/459] ANNK
[02:45:04] [198/459] KDDF
[02:45:05] [199/459] NRDP
[02:45:06] [200/459] PLAK
[02:45:07] [201/459] GCMC
[02:45:07] [202/459] ALPY
[02:45:08] [203/459] SICE
[02:45:09] [204/459] SISR
[02:45:10] [205/459] SRPZ
[02:45:11] [206/459] SRSW
[02:45:12] [207/459] SUYA
[02:45:12] [208/459] AMMT
[02:45:13] [209/459] BHCU
[02:45:14] [210/459] KLPA
[02:45:15] [211/459] NVKH
[02:45:15] [212/459] JMRC
[02:45:16] [213/459] KTTT
[02:45:17] [214/459] MAGH
[02:45:18] [215/459] MMMX
[02:45:19] [216/459] SALJ
[02:45:20] [217/459] GTJA
[02:45:22] [218/459] MAHT
[02:45:23] [219/459] SSNN
[02:45:24] [220/459] ARRP
[02:45:25] [221/459] ATNS
[02:45:26] [222/459] SKDT
[02:45:26] [223/459] ACAT
[02:45:27] [224/459] APRC
[02:45:28] [225/459] SWAG
[02:45:29] [226/459] SDPT
[02:45:30] [227/459] STPS
[02:45:30] [228/459] WWCZ
[02:45:31] [229/459] LLCH
[02:45:33] [230/459] MZHA
[02:45:34] [231/459] CRJG
[02:45:35] [232/459] JGTK
[02:45:35] [233/459] KCSR
[02:45:36] [234/459] CHTL
[02:45:37] [235/459] EDSR
[02:45:38] [236/459] CSWO
[02:45:39] [237/459] CPVM
[02:45:40] [238/459] MXBY
[02:45:40] [239/459] FMMA
[02:45:41] [240/459] POVI
[02:45:42] [241/459] MTHB
[02:45:43] [242/459] INRC
[02:45:44] [243/459] PIPP
[02:45:45] [244/459] BMXC
[02:45:46] [245/459] PCMM
[02:45:47] [246/459] PMKM
[02:45:47] [247/459] GATY
[02:45:48] [248/459] IMCM
[02:45:49] [249/459] POPE
[02:45:50] [250/459] MTCR
[02:45:51] [251/459] PVAE
[02:45:52] [252/459] PVMI
[02:45:53] [253/459] CPNM
[02:45:53] [254/459] FMRL
[02:45:54] [255/459] MCIW
[02:45:55] [256/459] MXBO
[02:45:56] [257/459] FMKY
[02:45:57] [258/459] FMDA
[02:45:57] [259/459] THAB
[02:45:58] [260/459] PRCW
[02:46:00] [261/459] PITI
[02:46:01] [262/459] MCFF
[02:46:02] [263/459] PDDV
[02:46:02] [264/459] MCRM
[02:46:03] [265/459] KKMB
[02:46:04] [266/459] INKO
[02:46:05] [267/459] PLXP
[02:46:06] [268/459] MMHA
[02:46:08] [269/459] FMVS
[02:46:08] [270/459] POLM
[02:46:09] [271/459] STER
[02:46:10] [272/459] PVWJ
[02:46:11] [273/459] IMJW
[02:46:12] [274/459] FNAN
[02:46:13] [275/459] CAGL
[02:46:14] [276/459] IPBG
[02:46:15] [277/459] SMFV
[02:46:16] [278/459] MMMR
[02:46:17] [279/459] MMWM
[02:46:18] [280/459] FNCM
[02:46:18] [281/459] MDVA
[02:46:19] [282/459] MMET
[02:46:20] [283/459] MIDO
[02:46:22] [284/459] INNP
[02:46:23] [285/459] MIFU
[02:46:23] [286/459] MMSZ
[02:46:24] [287/459] BMXA
[02:46:25] [288/459] MCAA
[02:46:26] [289/459] SCVP
[02:46:27] [290/459] PLUS
[02:46:28] [291/459] MUCK
[02:46:29] [292/459] MTMA
[02:46:30] [293/459] HPVR
[02:46:30] [294/459] PMPK
[02:46:31] [295/459] MAJB
[02:46:32] [296/459] CTRR
[02:46:34] [297/459] MCTG
[02:46:34] [298/459] MACE
[02:46:35] [299/459] AAAS
[02:46:36] [300/459] CPVV
[02:46:38] [301/459] RCHG
[02:46:39] [302/459] MCNE
[02:46:39] [303/459] EMNC
[02:46:40] [304/459] MCAN
[02:46:41] [305/459] TCDM
[02:46:42] [306/459] IRGT
[02:46:43] [307/459] GCMG
[02:46:44] [308/459] MXSN
[02:46:44] [309/459] MXCK
[02:46:45] [310/459] MCRC
[02:46:46] [311/459] RSMI
[02:46:47] [312/459] WAML
[02:46:48] [313/459] MTSC
[02:46:50] [314/459] FMDR
[02:46:50] [315/459] LEPV
[02:46:51] [316/459] MTGD
[02:46:53] [317/459] IMOB
[02:46:54] [318/459] CLMM
[02:46:55] [319/459] PZCD
[02:46:55] [320/459] GOCS
[02:46:56] [321/459] KCMA
[02:46:57] [322/459] CCMP
[02:46:57] [323/459] MTSU
[02:46:58] [324/459] SNGL
[02:47:00] [325/459] MMMC
[02:47:01] [326/459] MMAA
[02:47:01] [327/459] GCDM
[02:47:02] [328/459] KTMV
[02:47:03] [329/459] AETE
[02:47:04] [330/459] OMCS
[02:47:05] [331/459] GDCD
[02:47:06] [332/459] NYMD
[02:47:07] [333/459] RNCV
[02:47:08] [334/459] KKMT
[02:47:09] [335/459] GDTH
[02:47:09] [336/459] KMMV
[02:47:10] [337/459] NHCG
[02:47:11] [338/459] PJDW
[02:47:12] [339/459] MMCV
[02:47:13] [340/459] FQSA
[02:47:14] [341/459] KURL
[02:47:15] [342/459] NNNX
[02:47:16] [343/459] AMAU
[02:47:17] [344/459] VVVM
[02:47:18] [345/459] VECU
[02:47:19] [346/459] WCVR
[02:47:20] [347/459] MTGG
[02:47:21] [348/459] SGTG
[02:47:22] [349/459] MNTG
[02:47:22] [350/459] JDDG
[02:47:23] [351/459] MBTK
[02:47:24] [352/459] SGCD
[02:47:25] [353/459] MCTC
[02:47:26] [354/459] JTPC
[02:47:26] [355/459] SDKT
[02:47:27] [356/459] KRCC
[02:47:28] [357/459] RMMD
[02:47:29] [358/459] AAME
[02:47:29] [359/459] TMWC
[02:47:30] [360/459] NRWY
[02:47:31] [361/459] CITD
[02:47:32] [362/459] VERD
[02:47:34] [363/459] MKSK
[02:47:35] [364/459] STSM
[02:47:36] [365/459] MJDG
[02:47:36] [366/459] RKPM
[02:47:37] [367/459] SSCE
[02:47:38] [368/459] VMAE
[02:47:40] [369/459] SBRU
[02:47:40] [370/459] AMBC
[02:47:41] [371/459] AMLU
[02:47:42] [372/459] INVZ
[02:47:43] [373/459] LGTV
[02:47:44] [374/459] SVAD
[02:47:45] [375/459] SMSA
[02:47:47] [376/459] SPCZ
[02:47:47] [377/459] GTCX
[02:47:48] [378/459] SCSL
[02:47:49] [379/459] SAHU
[02:47:50] [380/459] NCDA
[02:47:52] [381/459] SCCG
[02:47:53] [382/459] VKTL
[02:47:54] [383/459] PUUJ
[02:47:56] [384/459] STEJ
[02:47:57] [385/459] RJAL
[02:47:57] [386/459] ACJC
[02:47:58] [387/459] VTHC
[02:47:59] [388/459] ARVB
[02:48:01] [389/459] AUBB
[02:48:02] [390/459] GDBR
[02:48:02] [391/459] PVND
[02:48:03] [392/459] BGRJ
[02:48:04] [393/459] RJMM
[02:48:05] [394/459] MCSA
[02:48:06] [395/459] BODA
[02:48:07] [396/459] JAGG
[02:48:08] [397/459] SCGA
[02:48:08] [398/459] LRCM
[02:48:09] [399/459] CPCN
[02:48:10] [400/459] SSTF
[02:48:11] [401/459] SRXP
[02:48:12] [402/459] CNFX
[02:48:13] [403/459] ANDI
[02:48:14] [404/459] SYEW
[02:48:15] [405/459] RCRE
[02:48:16] [406/459] SCRW
[02:48:17] [407/459] MBKR
[02:48:17] [408/459] ASNT
[02:48:18] [409/459] JTMT
[02:48:19] [410/459] SHAY
[02:48:20] [411/459] VRTH
[02:48:20] [412/459] SPTI
[02:48:21] [413/459] DPTD
[02:48:22] [414/459] TGSN
[02:48:23] [415/459] RCWV
[02:48:23] [416/459] OCUR
[02:48:24] [417/459] KSTC
[02:48:25] [418/459] SANI
[02:48:26] [419/459] MLCA
[02:48:27] [420/459] EGCA
[02:48:27] [421/459] SYSN
[02:48:28] [422/459] PKTA
[02:48:29] [423/459] PRCC
[02:48:30] [424/459] KSTR
[02:48:31] [425/459] SNTP
[02:48:32] [426/459] RCHA
[02:48:32] [427/459] SEEA
[02:48:33] [428/459] ALAT
[02:48:34] [429/459] AATV
[02:48:34] [430/459] RJTE
[02:48:35] [431/459] AAPP
[02:48:36] [432/459] PMMH
[02:48:37] [433/459] INRJ
[02:48:38] [434/459] SARB
[02:48:38] [435/459] PCJL
[02:48:39] [436/459] PFJJ
[02:48:40] [437/459] GRDC
[02:48:41] [438/459] BCBA
[02:48:42] [439/459] VIXL
[02:48:44] [440/459] CSTL
[02:48:45] [441/459] MTDK
[02:48:46] [442/459] TDAC
[02:48:47] [443/459] GTDN
[02:48:48] [444/459] TTDE
[02:48:50] [445/459] ASTS
[02:48:51] [446/459] CPNS
[02:48:52] [447/459] PVVW
[02:48:52] [448/459] USEB
[02:48:53] [449/459] DTYN
[02:48:54] [450/459] PVLE
[02:48:55] [451/459] CIPS
[02:48:56] [452/459] PAEG
[02:48:57] [453/459] PTCW
[02:48:58] [454/459] G3SR
[02:48:58] [455/459] PGND
[02:48:59] [456/459] INVM
[02:49:00] [457/459] SPIA
[02:49:01] [458/459] PCSN
[02:49:03] [459/459] PPGV
[02:49:04] ✅ DONE | Shows=1 | Movies=1
