[00:42:10] 🚀 BMS DAILY TRACKER STARTED
[00:42:10] [1/459] NECA
[00:42:10] 🧠 New identity
[00:42:11] [2/459] BJLC
[00:42:12] [3/459] BASU
[00:42:13] [4/459] RUPI
[00:42:14] [5/459] LCBK
[00:42:15] [6/459] PMAC
[00:42:15] [7/459] AMLC
[00:42:16] [8/459] LICL
[00:42:17] [9/459] UDMM
[00:42:18] [10/459] STBZ
[00:42:19] [11/459] UUBT
[00:42:20] [12/459] SJKC
[00:42:21] [13/459] TUAL
[00:42:22] [14/459] MRSE
[00:42:23] [15/459] RMRK
[00:42:24] [16/459] TTKP
[00:42:25] [17/459] KTKO
[00:42:26] [18/459] SDBK
[00:42:27] [19/459] MCPR
[00:42:27] [20/459] CHTI
[00:42:28] [21/459] GCCP
[00:42:29] [22/459] SRMY
[00:42:30] [23/459] NYST
[00:42:30] [24/459] NYAG
[00:42:31] [25/459] SBMT
[00:42:32] [26/459] INGA
[00:42:33] [27/459] WSIC
[00:42:34] [28/459] SCSS
[00:42:35] [29/459] COPG
[00:42:37] [30/459] RCGR
[00:42:37] [31/459] TCZA
[00:42:38] [32/459] CNLP
[00:42:40] [33/459] CLKN
[00:42:41] [34/459] LHDF
[00:42:42] [35/459] ELKC
[00:42:43] [36/459] VCEM
[00:42:44] [37/459] SSZA
[00:42:44] [38/459] KRMT
[00:42:46] [39/459] LCMV
[00:42:47] [40/459] AYCZ
[00:42:48] [41/459] CUMS
[00:42:48] [42/459] BOCK
[00:42:49] [43/459] PNMR
[00:42:50] [44/459] PJCP
[00:42:51] [45/459] JDDD
[00:42:51] [46/459] STMS
[00:42:52] [47/459] FLMB
[00:42:53] [48/459] PKCM
[00:42:54] [49/459] SPPR
[00:42:55] [50/459] EYLH
[00:42:56] [51/459] RJCC
[00:42:56] [52/459] MMPS
[00:42:57] [53/459] SHMX
[00:42:58] [54/459] CCNL
[00:42:59] [55/459] RCNV
[00:43:00] [56/459] MAAG
[00:43:00] [57/459] LXCM
[00:43:01] [58/459] RCNI
[00:43:02] [59/459] SNNI
[00:43:03] [60/459] LALC
[00:43:04] [61/459] SOCN
[00:43:04] [62/459] JHTP
[00:43:05] [63/459] PITP
[00:43:06] [64/459] CCKW
[00:43:07] [65/459] MCMC
[00:43:08] [66/459] DEES
[00:43:09] [67/459] SABT
[00:43:09] [68/459] VSPP
[00:43:10] [69/459] ABCT
[00:43:11] [70/459] JVTB
[00:43:12] [71/459] VCBD
[00:43:13] [72/459] RMGG
[00:43:14] [73/459] RNMH
[00:43:15] [74/459] SPGL
[00:43:15] [75/459] JTTR
[00:43:16] [76/459] SICS
[00:43:17] [77/459] SRMI
[00:43:18] [78/459] SSIJ
[00:43:19] [79/459] KFMT
[00:43:20] [80/459] VBIT
[00:43:21] [81/459] JKCT
[00:43:22] [82/459] GCGP
[00:43:23] [83/459] GDCS
[00:43:23] [84/459] TRBA
[00:43:24] [85/459] QUST
[00:43:25] [86/459] VSHM
[00:43:26] [87/459] SDCP
[00:43:27] [88/459] SNVS
[00:43:28] [89/459] NYTO
[00:43:29] [90/459] URWC
[00:43:30] [91/459] GTWH
[00:43:31] [92/459] PFCM
[00:43:32] [93/459] KRTA
[00:43:33] [94/459] AXMC
[00:43:34] [95/459] EVMC
[00:43:35] [96/459] HGSM
[00:43:36] [97/459] ACVM
[00:43:36] [98/459] PSKL
[00:43:37] [99/459] RDMP
[00:43:38] [100/459] RHGH
[00:43:40] [101/459] OMCM
[00:43:41] [102/459] DCCP
[00:43:42] [103/459] MCPB
[00:43:43] [104/459] ALCI
[00:43:43] [105/459] BLMX
[00:43:44] [106/459] BTMV
[00:43:45] [107/459] FVPN
[00:43:46] [108/459] CMAR
[00:43:47] [109/459] CEIM
[00:43:47] [110/459] CMVA
[00:43:48] [111/459] CPIV
[00:43:49] [112/459] CNPE
[00:43:50] [113/459] COLV
[00:43:51] [114/459] DNNV
[00:43:52] [115/459] HCAD
[00:43:52] [116/459] TAKA
[00:43:53] [117/459] INVD
[00:43:54] [118/459] IRMM
[00:43:55] [119/459] INSE
[00:43:57] [120/459] MRSW
[00:43:57] [121/459] MCVD
[00:43:58] [122/459] MCSO
[00:43:59] [123/459] PEVM
[00:44:00] [124/459] PVNL
[00:44:01] [125/459] PTCV
[00:44:02] [126/459] PRTC
[00:44:03] [127/459] RCVA
[00:44:03] [128/459] MTBN
[00:44:04] [129/459] LUCP
[00:44:05] [130/459] FMPT
[00:44:06] [131/459] JLSL
[00:44:07] [132/459] SBHA
[00:44:08] [133/459] SHRC
[00:44:09] [134/459] AVPS
[00:44:10] [135/459] STPM
[00:44:11] [136/459] ATRD
[00:44:12] [137/459] VTED
[00:44:12] [138/459] ACAI
[00:44:13] [139/459] SMAE
[00:44:14] [140/459] VMAT
[00:44:15] [141/459] LKCT
[00:44:16] [142/459] JTVK
[00:44:16] [143/459] PRTY
[00:44:18] [144/459] GETT
[00:44:19] [145/459] ESAP
[00:44:20] [146/459] NCPM
[00:44:21] [147/459] PCPA
[00:44:22] [148/459] MMOM
[00:44:23] [149/459] PHUP
[00:44:24] [150/459] CCPI
[00:44:25] [151/459] CNTD
[00:44:26] [152/459] NLJR
[00:44:26] [153/459] SRNG
[00:44:27] [154/459] MHAL
[00:44:28] [155/459] PNSM
[00:44:29] [156/459] DRMY
[00:44:30] [157/459] CCMU
[00:44:31] [158/459] SCMY
[00:44:32] [159/459] PVSY
[00:44:33] [160/459] SDLM
[00:44:34] [161/459] ICCM
[00:44:35] [162/459] PYSU
[00:44:36] [163/459] GATM
[00:44:37] [164/459] WOTM
[00:44:38] [165/459] RKTS
[00:44:38] [166/459] PMTY
[00:44:39] [167/459] LYMS
[00:44:40] [168/459] TGCA
[00:44:41] [169/459] DSTA
[00:44:41] [170/459] CNGE
[00:44:42] [171/459] VSTG
[00:44:43] [172/459] GTCK
[00:44:44] [173/459] TGNT
[00:44:45] [174/459] ASLC
[00:44:45] [175/459] SSST
[00:44:46] [176/459] KBTT
[00:44:48] [177/459] HKCP
[00:44:49] [178/459] SWLC
[00:44:50] [179/459] RTND
[00:44:51] [180/459] PKKT
[00:44:52] [181/459] HSTK
[00:44:53] [182/459] SPTT
[00:44:54] [183/459] IMPM
[00:44:55] [184/459] SCMV
[00:44:55] [185/459] SPCT
[00:44:56] [186/459] JBCA
[00:44:57] [187/459] ATTR
[00:44:58] [188/459] SPMT
[00:44:59] [189/459] LCTM
[00:45:00] [190/459] SCVL
[00:45:01] [191/459] SCVT
[00:45:02] [192/459] KRIC
[00:45:03] [193/459] CTMG
[00:45:03] [194/459] ACNC
[00:45:05] [195/459] DMCK
[00:45:06] [196/459] KMTV
[00:45:07] [197/459] PFCJ
[00:45:08] [198/459] VNMD
[00:45:09] [199/459] VPCZ
[00:45:10] [200/459] SRYR
[00:45:12] [201/459] SYTR
[00:45:12] [202/459] GATR
[00:45:13] [203/459] URTR
[00:45:14] [204/459] MKSM
[00:45:15] [205/459] VSMH
[00:45:15] [206/459] SKRJ
[00:45:16] [207/459] SSJR
[00:45:17] [208/459] SVSM
[00:45:18] [209/459] RUCM
[00:45:18] [210/459] PRKN
[00:45:19] [211/459] RROH
[00:45:20] [212/459] SCTN
[00:45:21] [213/459] RTDM
[00:45:22] [214/459] ASRM
[00:45:23] [215/459] SKMD
[00:45:23] [216/459] SUTD
[00:45:24] [217/459] SADM
[00:45:25] [218/459] WCNR
[00:45:26] [219/459] CNED
[00:45:27] [220/459] MPDB
[00:45:28] [221/459] KTBH
[00:45:28] [222/459] IDRM
[00:45:29] [223/459] PJJT
[00:45:30] [224/459] PFCV
[00:45:31] [225/459] AACT
[00:45:32] [226/459] AAAD
[00:45:32] [227/459] ANES
[00:45:33] [228/459] MNCA
[00:45:34] [229/459] RMGU
[00:45:35] [230/459] DLCN
[00:45:36] [231/459] LJWT
[00:45:36] [232/459] MCBG
[00:45:38] [233/459] MYBG
[00:45:39] [234/459] GCCA
[00:45:39] [235/459] GCGA
[00:45:40] [236/459] ECGN
[00:45:41] [237/459] PRAB
[00:45:42] [238/459] PNMP
[00:45:43] [239/459] GCPT
[00:45:43] [240/459] ROYN
[00:45:44] [241/459] VATM
[00:45:45] [242/459] KSNT
[00:45:46] [243/459] ACTC
[00:45:47] [244/459] PLTD
[00:45:47] [245/459] SKMK
[00:45:48] [246/459] CMTT
[00:45:50] [247/459] SMXP
[00:45:50] [248/459] SCMX
[00:45:52] [249/459] ACXN
[00:45:53] [250/459] ASWT
[00:45:55] [251/459] VVVL
[00:45:55] [252/459] NAGO
[00:45:56] [253/459] SNCN
[00:45:57] [254/459] MCKP
[00:45:58] [255/459] SAMO
[00:45:59] [256/459] JBTV
[00:46:00] [257/459] DCVV
[00:46:01] [258/459] KMSV
[00:46:02] [259/459] KDCN
[00:46:03] [260/459] CNCP
[00:46:03] [261/459] HAMC
[00:46:04] [262/459] CCVZ
[00:46:05] [263/459] NCCK
[00:46:06] [264/459] MCHR
[00:46:07] [265/459] SCHT
[00:46:07] [266/459] ESSH
[00:46:08] [267/459] CUJC
[00:46:10] [268/459] PECP
[00:46:10] [269/459] PMMI
[00:46:12] [270/459] PCCH
[00:46:13] [271/459] PRPM
[00:46:14] [272/459] PVKL
[00:46:14] [273/459] CBSM
[00:46:15] [274/459] PVCZ
[00:46:17] [275/459] PCVV
[00:46:18] [276/459] CTMJ
[00:46:18] [277/459] RCPS
[00:46:19] [278/459] PCIT
[00:46:20] [279/459] FNCH
[00:46:21] [280/459] INZD
[00:46:22] [281/459] INPC
[00:46:23] [282/459] LCZP
[00:46:24] [283/459] SMCB
[00:46:25] [284/459] PTSB
[00:46:25] [285/459] TPSI
[00:46:26] [286/459] KHMJ
[00:46:27] [287/459] RCCJ
[00:46:28] [288/459] NCJA
[00:46:29] [289/459] NCJN
[00:46:31] [290/459] BTDP
[00:46:32] [291/459] PADY
[00:46:32] [292/459] NYBH
[00:46:33] [293/459] MTBR
[00:46:35] [294/459] KRBC
[00:46:36] [295/459] DKTI
[00:46:37] [296/459] ANAN
[00:46:38] [297/459] INBP
[00:46:38] [298/459] PATB
[00:46:39] [299/459] RGNT
[00:46:40] [300/459] CGPM
[00:46:41] [301/459] INTN
[00:46:42] [302/459] MCMP
[00:46:42] [303/459] ASRG
[00:46:43] [304/459] CXJD
[00:46:44] [305/459] SPCP
[00:46:45] [306/459] CSTP
[00:46:46] [307/459] PKVC
[00:46:47] [308/459] ESCP
[00:46:48] [309/459] CAEP
[00:46:49] [310/459] CCSP
[00:46:50] [311/459] KTPC
[00:46:51] [312/459] DACA
[00:46:51] [313/459] NVKY
[00:46:52] [314/459] PTIN
[00:46:53] [315/459] SCIN
[00:46:54] [316/459] MCTY
[00:46:55] [317/459] PCMX
[00:46:56] [318/459] INIC
[00:46:57] [319/459] MMZM
[00:46:57] [320/459] SSLP
[00:46:58] [321/459] DTDT
[00:46:59] [322/459] FFCX
[00:47:00] [323/459] RCMM
[00:47:01] [324/459] KYID
[00:47:02] [325/459] CSCI
[00:47:03] [326/459] FCMC
[00:47:04] [327/459] MMXI
[00:47:05] [328/459] ASTC
[00:47:06] [329/459] CMRA
[00:47:06] [330/459] DICI
[00:47:07] [331/459] KDIN
[00:47:08] [332/459] PRFI
[00:47:09] [333/459] SVFC
[00:47:09] [334/459] UCPL
[00:47:11] [335/459] COOC
[00:47:12] [336/459] SCAL
[00:47:12] [337/459] SVFF
[00:47:13] [338/459] VCMG
[00:47:14] [339/459] UUCT
[00:47:15] [340/459] GCSE
[00:47:16] [341/459] SUSC
[00:47:17] [342/459] MISC
[00:47:18] [343/459] RMBL
[00:47:20] [344/459] CMXN
[00:47:21] [345/459] PVBK
[00:47:21] [346/459] HHCG
[00:47:22] [347/459] SCAG
[00:47:23] [348/459] CNPR
[00:47:24] [349/459] CSER
[00:47:24] [350/459] HLWD
[00:47:25] [351/459] BOLY
[00:47:26] [352/459] SSPG
[00:47:27] [353/459] MUPX
[00:47:28] [354/459] HAMR
[00:47:29] [355/459] SDNC
[00:47:30] [356/459] RTEN
[00:47:31] [357/459] SDTD
[00:47:32] [358/459] KAWS
[00:47:32] [359/459] CMZX
[00:47:33] [360/459] DCDD
[00:47:34] [361/459] ALSN
[00:47:35] [362/459] IMXS
[00:47:36] [363/459] PVFF
[00:47:38] [364/459] PVOO
[00:47:38] [365/459] CFBS
[00:47:39] [366/459] PVER
[00:47:40] [367/459] PPNX
[00:47:41] [368/459] CNRM
[00:47:41] [369/459] PVWW
[00:47:42] [370/459] INMB
[00:47:43] [371/459] CPJR
[00:47:45] [372/459] INRZ
[00:47:45] [373/459] PMSR
[00:47:46] [374/459] GPGM
[00:47:47] [375/459] PGWB
[00:47:48] [376/459] PMBR
[00:47:49] [377/459] GPAM
[00:47:51] [378/459] INBC
[00:47:52] [379/459] PZVK
[00:47:53] [380/459] CPEB
[00:47:54] [381/459] FMLB
[00:47:54] [382/459] INBG
[00:47:55] [383/459] GPBR
[00:47:56] [384/459] PAAS
[00:47:57] [385/459] VTBR
[00:47:58] [386/459] GPMY
[00:47:58] [387/459] GYBU
[00:47:59] [388/459] INBJ
[00:48:01] [389/459] LKTH
[00:48:02] [390/459] NSBR
[00:48:03] [391/459] PDRD
[00:48:03] [392/459] VRBL
[00:48:04] [393/459] VTGB
[00:48:05] [394/459] VTSK
[00:48:06] [395/459] BKDV
[00:48:07] [396/459] SVTB
[00:48:08] [397/459] MLDT
[00:48:09] [398/459] NRBL
[00:48:10] [399/459] SLTR
[00:48:11] [400/459] VNKA
[00:48:12] [401/459] TDCA
[00:48:13] [402/459] INBM
[00:48:13] [403/459] SSNR
[00:48:14] [404/459] BHAC
[00:48:15] [405/459] SDSD
[00:48:15] [406/459] SAMP
[00:48:16] [407/459] RATK
[00:48:17] [408/459] KCBI
[00:48:18] [409/459] URBL
[00:48:19] [410/459] MKBG
[00:48:20] [411/459] ASTB
[00:48:21] [412/459] VBWT
[00:48:22] [413/459] GPSM
[00:48:23] [414/459] ROON
[00:48:24] [415/459] CHTH
[00:48:25] [416/459] SSPA
[00:48:26] [417/459] ANBL
[00:48:26] [418/459] VTBE
[00:48:27] [419/459] SVKT
[00:48:28] [420/459] SVYK
[00:48:29] [421/459] PTBK
[00:48:30] [422/459] RKTB
[00:48:31] [423/459] BALT
[00:48:32] [424/459] STSV
[00:48:33] [425/459] VCCB
[00:48:34] [426/459] SLTB
[00:48:35] [427/459] SBCR
[00:48:36] [428/459] VDCS
[00:48:37] [429/459] MDKI
[00:48:38] [430/459] SMRN
[00:48:40] [431/459] PTBC
[00:48:40] [432/459] RADI
[00:48:41] [433/459] ADCR
[00:48:42] [434/459] SDCS
[00:48:43] [435/459] SRPJ
[00:48:44] [436/459] ARTS
[00:48:45] [437/459] SRHK
[00:48:46] [438/459] SPAY
[00:48:47] [439/459] GPTB
[00:48:47] [440/459] SNNN
[00:48:48] [441/459] BALJ
[00:48:49] [442/459] TRIG
[00:48:50] [443/459] GTYT
[00:48:51] [444/459] ATGN
[00:48:52] [445/459] ANTE
[00:48:53] [446/459] BDCG
[00:48:54] [447/459] VECI
[00:48:55] [448/459] SCPR
[00:48:56] [449/459] RTEA
[00:48:56] [450/459] JSAI
[00:48:57] [451/459] VJTP
[00:48:58] [452/459] GNDS
[00:48:59] [453/459] PAXA
[00:49:00] [454/459] CGGM
[00:49:01] [455/459] ACKZ
[00:49:02] [456/459] EMCC
[00:49:03] [457/459] KLSK
[00:49:04] [458/459] AVCK
[00:49:05] [459/459] JTCK
[00:49:05] ✅ DONE | Shows=0 | Movies=0
